
          -------------------------------------------------------
          Amber 18 PMEMD                              2018
          -------------------------------------------------------

| PMEMD implementation of SANDER, Release 18

| Run on 05/02/2018 at 11:58:26

|   Executable path: pmemd.cuda
| Working directory: /oasis/tscc/scratch/davids4/SAMPLing-cut9/11499562.tscc-mgr.local
|          Hostname: tscc-gpu-9-1.sdsc.edu

  [-O]verwriting output

File Assignments:
|   MDIN: equil.000.in                                                          
|  MDOUT: equil.000.out                                                         
| INPCRD: minimize.rst7                                                         
|   PARM: solvate.prmtop                                                        
| RESTRT: equil.000.rst7                                                        
|   REFC: solvate.rst7                                                          
|  MDVEL: mdvel                                                                 
|   MDEN: equil.000.mden                                                        
|  MDCRD: equil.000.nc                                                          
| MDINFO: equil.000.mdinfo                                                      
|  MDFRC: mdfrc                                                                 


 Here is the input file:

PBC MD Simulation                                                              
 &cntrl                                                                        
  imin =          0,                                                           
  ntx =           1,                                                           
  irest =         0,                                                           
  maxcyc =        0,                                                           
  ncyc =          0,                                                           
  dt =            0.002,                                                       
  nstlim =        500000,                                                      
  ntpr =          500,                                                         
  ntwe =          500,                                                         
  ntwr =          250,                                                         
  ntwx =          250,                                                         
  ntxo =          1,                                                           
  ioutfm =        1,                                                           
  ntf =           2,                                                           
  ntc =           2,                                                           
  cut =           9.0,                                                         
  igb =           0,                                                           
  tempi =         298.15,                                                      
  temp0 =         298.15,                                                      
  ntt =           3,                                                           
  gamma_ln =      1.0,                                                         
  ig =            -1,                                                          
  ntp =           1,                                                           
  barostat =      2,                                                           
  ntr =           1,                                                           
  restraint_wt =  50.0,                                                        
  restraintmask = '@DUM',                                                      
  nmropt =        1,                                                           
  pencut =        -1,                                                          
  ntwprt =        206,                                                         
 /                                                                             
 &wt type = 'END', /                                                           
DISANG = disang.rest                                                           
LISTOUT = POUT                                                                 
                                                                               


Note: ig = -1. Setting random seed to   537467 based on wallclock time in 
      microseconds.
| irandom = 1, using AMBER's internal random number generator (default).
 
|--------------------- INFORMATION ----------------------
| GPU (CUDA) Version of PMEMD in use: NVIDIA GPU IN USE.
|                    Version 18.0.0
| 
|                      03/25/2018
| 
| Implementation by:
|                    Ross C. Walker     (SDSC)
|                    Scott Le Grand     (nVIDIA)
| 
| Version 18 performance extensions by:
|                    David Cerutti     (Rutgers)
| 
| Precision model in use:
|      [SPFP] - Single Precision Forces, 64-bit Fixed Point
|               Accumulation. (Default)
| 
|--------------------------------------------------------
 
|----------------- CITATION INFORMATION -----------------
|
|    When publishing work that utilized the CUDA version
|    of AMBER, please cite the following in addition to
|    the regular AMBER citations:
|
|  - Romelia Salomon-Ferrer; Andreas W. Goetz; Duncan
|    Poole; Scott Le Grand; Ross C. Walker "Routine
|    microsecond molecular dynamics simulations with
|    AMBER - Part II: Particle Mesh Ewald", J. Chem.
|    Theory Comput., 2013, 9 (9), pp3878-3888,
|    DOI: 10.1021/ct400314y.
|
|  - Andreas W. Goetz; Mark J. Williamson; Dong Xu;
|    Duncan Poole; Scott Le Grand; Ross C. Walker
|    "Routine microsecond molecular dynamics simulations
|    with AMBER - Part I: Generalized Born", J. Chem.
|    Theory Comput., 2012, 8 (5), pp1542-1555.
|
|  - Scott Le Grand; Andreas W. Goetz; Ross C. Walker
|    "SPFP: Speed without compromise - a mixed precision
|    model for GPU accelerated molecular dynamics
|    simulations.", Comp. Phys. Comm., 2013, 184
|    pp374-380, DOI: 10.1016/j.cpc.2012.09.022
|
|--------------------------------------------------------
 
|------------------- GPU DEVICE INFO --------------------
|
|            CUDA_VISIBLE_DEVICES: 4
|   CUDA Capable Devices Detected:      1
|           CUDA Device ID in use:      0
|                CUDA Device Name: GeForce GTX TITAN X
|     CUDA Device Global Mem Size:  12207 MB
| CUDA Device Num Multiprocessors:     24
|           CUDA Device Core Freq:   1.08 GHz
|
|--------------------------------------------------------
 
 
| Conditional Compilation Defines Used:
| PUBFFT
| BINTRAJ
| CUDA
| EMIL

| Largest sphere to fit in unit cell has radius =    22.541

| New format PARM file being parsed.
| Version =    1.000 Date = 04/23/18 Time = 20:12:57

| Note: 1-4 EEL scale factors are being read from the topology file.

| Note: 1-4 VDW scale factors are being read from the topology file.
| Duplicated    0 dihedrals

| Duplicated    0 dihedrals

--------------------------------------------------------------------------------
   1.  RESOURCE   USE: 
--------------------------------------------------------------------------------

 getting new box info from bottom of inpcrd
 NATOM  =    9223 NTYPES =      11 NBONH =    9067 MBONA  =     155
 NTHETH =     153 MTHETA =     232 NPHIH =     345 MPHIA  =     366
 NHPARM =       0 NPARM  =       0 NNB   =   13221 NRES   =    3022
 NBONA  =     155 NTHETA =     232 NPHIA =     366 NUMBND =      13
 NUMANG =      22 NPTRA  =      15 NATYP =      13 NPHB   =       0
 IFBOX  =       1 NMXRS  =     184 IFCAP =       0 NEXTRA =       0
 NCOPY  =       0

| Coordinate Index Table dimensions:     9    9   12
| Direct force subcell size =     5.1070    5.0092    5.0851

     BOX TYPE: RECTILINEAR

--------------------------------------------------------------------------------
   2.  CONTROL  DATA  FOR  THE  RUN
--------------------------------------------------------------------------------

default_name                                                                    

General flags:
     imin    =       0, nmropt  =       1

Nature and format of input:
     ntx     =       1, irest   =       0, ntrx    =       1

Nature and format of output:
     ntxo    =       1, ntpr    =     500, ntrx    =       1, ntwr    =     250
     iwrap   =       0, ntwx    =     250, ntwv    =       0, ntwe    =     500
     ioutfm  =       1, ntwprt  =     206, idecomp =       0, rbornstat=      0

Potential function:
     ntf     =       2, ntb     =       2, igb     =       0, nsnb    =      25
     ipol    =       0, gbsa    =       0, iesp    =       0
     dielc   =   1.00000, cut     =   9.00000, intdiel =   1.00000

Frozen or restrained atoms:
     ibelly  =       0, ntr     =       1
     restraint_wt =  50.00000

Molecular dynamics:
     nstlim  =    500000, nscm    =         0, nrespa  =         1
     t       =   0.00000, dt      =   0.00200, vlimit  =  -1.00000

Langevin dynamics temperature regulation:
     ig      =  537467
     temp0   = 298.15000, tempi   = 298.15000, gamma_ln=   1.00000

Pressure regulation:
     ntp     =       1
     pres0   =   1.00000, comp    =  44.60000, taup    =   1.00000
     Monte-Carlo Barostat:
     mcbarint  =     100

SHAKE:
     ntc     =       2, jfastw  =       0
     tol     =   0.00001

NMR refinement options:
     iscale  =       0, noeskp  =       1, ipnlty  =       1, mxsub   =       1
     scalm   = 100.00000, pencut  =  -1.00000, tausw   =   0.10000

| Intermolecular bonds treatment:
|     no_intermolecular_bonds =       1

| Energy averages sample interval:
|     ene_avg_sampling =     500

Ewald parameters:
     verbose =       0, ew_type =       0, nbflag  =       1, use_pme =       1
     vdwmeth =       1, eedmeth =       1, netfrc  =       1
     Box X =   45.963   Box Y =   45.083   Box Z =   61.021
     Alpha =   90.000   Beta  =   90.000   Gamma =   90.000
     NFFT1 =   48       NFFT2 =   48       NFFT3 =   64
     Cutoff=    9.000   Tol   =0.100E-04
     Ewald Coefficient =  0.30768
     Interpolation order =    4

    LOADING THE CONSTRAINED ATOMS AS GROUPS


   5.  REFERENCE ATOM COORDINATES

  default_name                                                                    
     Mask @DUM; matches     3 atoms
| MONTE CARLO BAROSTAT IMPORTANT NOTE:
|   The Monte-Carlo barostat does not require the virial to adjust the system volume.
|   Since it is an expensive calculation, it is skipped for efficiency. A side-effect
|   is that the reported pressure is always 0 because it is not calculated.

--------------------------------------------------------------------------------
   3.  ATOMIC COORDINATES AND VELOCITIES
--------------------------------------------------------------------------------

default_name                                                                    
 begin time read from input coords =     0.000 ps



           Begin reading energy term weight changes/NMR restraints
 WEIGHT CHANGES:
                         ** No weight changes given **

 RESTRAINTS:
 Requested file redirections:
  DISANG    = disang.rest
  LISTOUT   = POUT
 Restraints will be read from file: disang.rest
Here are comments from the DISANG input file:

                       Number of restraints read =     9

                  Done reading weight changes/NMR restraints


 
 Number of triangulated 3-point waters found:     3000

     Sum of charges from parm topology file =   0.00000002
     Forcing neutrality...

| Dynamic Memory, Types Used:
| Reals              528921
| Integers           284277

| Nonbonded Pairs Initial Allocation:     2102844

| GPU memory information (estimate):
| KB of GPU memory in use:         0
| KB of CPU memory in use:         0

--------------------------------------------------------------------------------
   4.  RESULTS
--------------------------------------------------------------------------------


 NSTEP =        0   TIME(PS) =       0.000  TEMP(K) =   440.69  PRESS =     0.0
 Etot   =    -30760.8911  EKtot   =      8145.1430  EPtot      =    -38906.0342
 BOND   =        12.8809  ANGLE   =        53.6297  DIHED      =       108.4490
 1-4 NB =        67.2525  1-4 EEL =        59.4183  VDWAALS    =      6201.8362
 EELEC  =    -45410.6140  EHBOND  =         0.0000  RESTRAINT  =         1.1131
 EAMBER (non-restraint)  =    -38907.1473
 EKCMT  =         0.0000  VIRIAL  =         0.0000  VOLUME     =    126442.6554
                                                    Density    =         0.7479
 ------------------------------------------------------------------------------

 NMR restraints: Bond =    0.346   Angle =     0.702   Torsion =     0.037
===============================================================================

 NSTEP =      500   TIME(PS) =       1.000  TEMP(K) =   264.56  PRESS =     0.0
 Etot   =    -25795.7296  EKtot   =      4889.7832  EPtot      =    -30685.5128
 BOND   =        49.6551  ANGLE   =       102.8999  DIHED      =       132.9604
 1-4 NB =        77.7386  1-4 EEL =        61.6356  VDWAALS    =      4596.3389
 EELEC  =    -35710.8245  EHBOND  =         0.0000  RESTRAINT  =         4.0831
 EAMBER (non-restraint)  =    -30689.5959
 EKCMT  =         0.0000  VIRIAL  =         0.0000  VOLUME     =    125034.2477
                                                    Density    =         0.7563
 ------------------------------------------------------------------------------

 NMR restraints: Bond =    0.235   Angle =     0.657   Torsion =     0.781
===============================================================================

 NSTEP =     1000   TIME(PS) =       2.000  TEMP(K) =   283.93  PRESS =     0.0
 Etot   =    -24988.7502  EKtot   =      5247.8428  EPtot      =    -30236.5929
 BOND   =        47.7998  ANGLE   =       111.1856  DIHED      =       132.3516
 1-4 NB =        78.6956  1-4 EEL =        60.6674  VDWAALS    =      4742.2544
 EELEC  =    -35413.6992  EHBOND  =         0.0000  RESTRAINT  =         4.1520
 EAMBER (non-restraint)  =    -30240.7449
 EKCMT  =         0.0000  VIRIAL  =         0.0000  VOLUME     =    121848.1456
                                                    Density    =         0.7761
 ------------------------------------------------------------------------------

 NMR restraints: Bond =    0.664   Angle =     0.416   Torsion =     1.122
===============================================================================

 NSTEP =     1500   TIME(PS) =       3.000  TEMP(K) =   292.74  PRESS =     0.0
 Etot   =    -24790.5256  EKtot   =      5410.6191  EPtot      =    -30201.1447
 BOND   =        56.1930  ANGLE   =       118.9891  DIHED      =       134.8852
 1-4 NB =        72.6970  1-4 EEL =        59.4621  VDWAALS    =      4580.1652
 EELEC  =    -35227.0258  EHBOND  =         0.0000  RESTRAINT  =         3.4895
 EAMBER (non-restraint)  =    -30204.6343
 EKCMT  =         0.0000  VIRIAL  =         0.0000  VOLUME     =    119354.3672
                                                    Density    =         0.7923
 ------------------------------------------------------------------------------

 NMR restraints: Bond =    1.222   Angle =     0.559   Torsion =     0.421
===============================================================================

 NSTEP =     2000   TIME(PS) =       4.000  TEMP(K) =   294.27  PRESS =     0.0
 Etot   =    -24612.2422  EKtot   =      5439.0093  EPtot      =    -30051.2515
 BOND   =        52.5817  ANGLE   =       115.4897  DIHED      =       130.1617
 1-4 NB =        75.6212  1-4 EEL =        58.8708  VDWAALS    =      3959.7472
 EELEC  =    -34448.6204  EHBOND  =         0.0000  RESTRAINT  =         4.8967
 EAMBER (non-restraint)  =    -30056.1482
 EKCMT  =         0.0000  VIRIAL  =         0.0000  VOLUME     =    119354.3672
                                                    Density    =         0.7923
 ------------------------------------------------------------------------------

 NMR restraints: Bond =    0.376   Angle =     0.202   Torsion =     1.249
===============================================================================

 NSTEP =     2500   TIME(PS) =       5.000  TEMP(K) =   302.82  PRESS =     0.0
 Etot   =    -24528.5250  EKtot   =      5596.9331  EPtot      =    -30125.4581
 BOND   =        46.2135  ANGLE   =       105.5114  DIHED      =       131.7443
 1-4 NB =        76.1243  1-4 EEL =        64.8487  VDWAALS    =      4154.5851
 EELEC  =    -34709.1285  EHBOND  =         0.0000  RESTRAINT  =         4.6430
 EAMBER (non-restraint)  =    -30130.1012
 EKCMT  =         0.0000  VIRIAL  =         0.0000  VOLUME     =    118905.6021
                                                    Density    =         0.7953
 ------------------------------------------------------------------------------

 NMR restraints: Bond =    0.967   Angle =     0.371   Torsion =     0.742
===============================================================================

 NSTEP =     3000   TIME(PS) =       6.000  TEMP(K) =   296.49  PRESS =     0.0
 Etot   =    -24604.4512  EKtot   =      5480.0376  EPtot      =    -30084.4888
 BOND   =        48.3443  ANGLE   =        94.0998  DIHED      =       135.7253
 1-4 NB =        76.5415  1-4 EEL =        64.6322  VDWAALS    =      4121.4094
 EELEC  =    -34628.7754  EHBOND  =         0.0000  RESTRAINT  =         3.5342
 EAMBER (non-restraint)  =    -30088.0230
 EKCMT  =         0.0000  VIRIAL  =         0.0000  VOLUME     =    117827.2446
                                                    Density    =         0.8026
 ------------------------------------------------------------------------------

 NMR restraints: Bond =    0.646   Angle =     0.955   Torsion =     0.363
===============================================================================

 NSTEP =     3500   TIME(PS) =       7.000  TEMP(K) =   295.99  PRESS =     0.0
 Etot   =    -24853.5040  EKtot   =      5470.8110  EPtot      =    -30324.3150
 BOND   =        53.7190  ANGLE   =       106.0427  DIHED      =       131.8490
 1-4 NB =        75.8478  1-4 EEL =        58.2771  VDWAALS    =      4419.7031
 EELEC  =    -35173.2725  EHBOND  =         0.0000  RESTRAINT  =         3.5187
 EAMBER (non-restraint)  =    -30327.8338
 EKCMT  =         0.0000  VIRIAL  =         0.0000  VOLUME     =    116003.1284
                                                    Density    =         0.8152
 ------------------------------------------------------------------------------

 NMR restraints: Bond =    0.017   Angle =     0.502   Torsion =     0.744
===============================================================================

 NSTEP =     4000   TIME(PS) =       8.000  TEMP(K) =   295.93  PRESS =     0.0
 Etot   =    -24908.1256  EKtot   =      5469.5522  EPtot      =    -30377.6779
 BOND   =        39.3347  ANGLE   =        98.7787  DIHED      =       125.0495
 1-4 NB =        74.0709  1-4 EEL =        61.9046  VDWAALS    =      4613.1631
 EELEC  =    -35394.9139  EHBOND  =         0.0000  RESTRAINT  =         4.9345
 EAMBER (non-restraint)  =    -30382.6123
 EKCMT  =         0.0000  VIRIAL  =         0.0000  VOLUME     =    114779.8094
                                                    Density    =         0.8239
 ------------------------------------------------------------------------------

 NMR restraints: Bond =    0.081   Angle =     2.507   Torsion =     0.259
===============================================================================

 NSTEP =     4500   TIME(PS) =       9.000  TEMP(K) =   293.02  PRESS =     0.0
 Etot   =    -24853.1819  EKtot   =      5415.8887  EPtot      =    -30269.0706
 BOND   =        56.3040  ANGLE   =       120.9855  DIHED      =       131.2639
 1-4 NB =        72.8685  1-4 EEL =        62.2536  VDWAALS    =      4255.6101
 EELEC  =    -34975.2711  EHBOND  =         0.0000  RESTRAINT  =         6.9150
 EAMBER (non-restraint)  =    -30275.9855
 EKCMT  =         0.0000  VIRIAL  =         0.0000  VOLUME     =    113770.7252
                                                    Density    =         0.8312
 ------------------------------------------------------------------------------

 NMR restraints: Bond =    0.511   Angle =     3.141   Torsion =     1.146
===============================================================================

 NSTEP =     5000   TIME(PS) =      10.000  TEMP(K) =   290.17  PRESS =     0.0
 Etot   =    -24869.4704  EKtot   =      5363.2568  EPtot      =    -30232.7273
 BOND   =        55.9138  ANGLE   =       119.1416  DIHED      =       127.0262
 1-4 NB =        73.7609  1-4 EEL =        61.5602  VDWAALS    =      4295.7324
 EELEC  =    -34972.5293  EHBOND  =         0.0000  RESTRAINT  =         6.6669
 EAMBER (non-restraint)  =    -30239.3942
 EKCMT  =         0.0000  VIRIAL  =         0.0000  VOLUME     =    113460.9317
                                                    Density    =         0.8335
 ------------------------------------------------------------------------------

 NMR restraints: Bond =    0.793   Angle =     2.179   Torsion =     1.097
===============================================================================

 NSTEP =     5500   TIME(PS) =      11.000  TEMP(K) =   293.02  PRESS =     0.0
 Etot   =    -24974.9134  EKtot   =      5415.8193  EPtot      =    -30390.7327
 BOND   =        47.8468  ANGLE   =       122.1340  DIHED      =       136.9441
 1-4 NB =        72.0655  1-4 EEL =        55.5965  VDWAALS    =      4137.2963
 EELEC  =    -34970.7213  EHBOND  =         0.0000  RESTRAINT  =         8.1053
 EAMBER (non-restraint)  =    -30398.8380
 EKCMT  =         0.0000  VIRIAL  =         0.0000  VOLUME     =    111637.4123
                                                    Density    =         0.8471
 ------------------------------------------------------------------------------

 NMR restraints: Bond =    0.255   Angle =     2.249   Torsion =     0.768
===============================================================================

 NSTEP =     6000   TIME(PS) =      12.000  TEMP(K) =   298.77  PRESS =     0.0
 Etot   =    -24862.5597  EKtot   =      5522.1768  EPtot      =    -30384.7365
 BOND   =        53.7379  ANGLE   =       108.1142  DIHED      =       133.5704
 1-4 NB =        74.8514  1-4 EEL =        60.1024  VDWAALS    =      4063.3394
 EELEC  =    -34883.5491  EHBOND  =         0.0000  RESTRAINT  =         5.0969
 EAMBER (non-restraint)  =    -30389.8334
 EKCMT  =         0.0000  VIRIAL  =         0.0000  VOLUME     =    109609.5465
                                                    Density    =         0.8628
 ------------------------------------------------------------------------------

 NMR restraints: Bond =    0.025   Angle =     3.679   Torsion =     0.106
===============================================================================

 NSTEP =     6500   TIME(PS) =      13.000  TEMP(K) =   304.59  PRESS =     0.0
 Etot   =    -24812.0690  EKtot   =      5629.7500  EPtot      =    -30441.8190
 BOND   =        50.7739  ANGLE   =       106.5711  DIHED      =       131.3088
 1-4 NB =        76.7678  1-4 EEL =        62.5882  VDWAALS    =      4442.3651
 EELEC  =    -35317.8175  EHBOND  =         0.0000  RESTRAINT  =         5.6235
 EAMBER (non-restraint)  =    -30447.4425
 EKCMT  =         0.0000  VIRIAL  =         0.0000  VOLUME     =    108739.8925
                                                    Density    =         0.8697
 ------------------------------------------------------------------------------

 NMR restraints: Bond =    0.155   Angle =     2.090   Torsion =     1.157
===============================================================================

 NSTEP =     7000   TIME(PS) =      14.000  TEMP(K) =   301.86  PRESS =     0.0
 Etot   =    -24916.0541  EKtot   =      5579.2212  EPtot      =    -30495.2753
 BOND   =        55.5111  ANGLE   =        98.2198  DIHED      =       131.8412
 1-4 NB =        71.8437  1-4 EEL =        61.0034  VDWAALS    =      4120.1433
 EELEC  =    -35041.8799  EHBOND  =         0.0000  RESTRAINT  =         8.0421
 EAMBER (non-restraint)  =    -30503.3174
 EKCMT  =         0.0000  VIRIAL  =         0.0000  VOLUME     =    107312.7015
                                                    Density    =         0.8812
 ------------------------------------------------------------------------------

 NMR restraints: Bond =    0.007   Angle =     2.357   Torsion =     1.592
===============================================================================

 NSTEP =     7500   TIME(PS) =      15.000  TEMP(K) =   299.50  PRESS =     0.0
 Etot   =    -25016.9064  EKtot   =      5535.6069  EPtot      =    -30552.5133
 BOND   =        57.2762  ANGLE   =       114.8259  DIHED      =       132.5320
 1-4 NB =        77.1602  1-4 EEL =        58.9120  VDWAALS    =      4260.9192
 EELEC  =    -35262.0573  EHBOND  =         0.0000  RESTRAINT  =         7.9185
 EAMBER (non-restraint)  =    -30560.4318
 EKCMT  =         0.0000  VIRIAL  =         0.0000  VOLUME     =    106367.0896
                                                    Density    =         0.8891
 ------------------------------------------------------------------------------

 NMR restraints: Bond =    0.076   Angle =     0.976   Torsion =     0.275
===============================================================================

 NSTEP =     8000   TIME(PS) =      16.000  TEMP(K) =   301.31  PRESS =     0.0
 Etot   =    -25001.6683  EKtot   =      5569.1436  EPtot      =    -30570.8118
 BOND   =        48.5443  ANGLE   =       106.8747  DIHED      =       135.2579
 1-4 NB =        76.9867  1-4 EEL =        63.3192  VDWAALS    =      4173.3191
 EELEC  =    -35181.2771  EHBOND  =         0.0000  RESTRAINT  =         6.1633
 EAMBER (non-restraint)  =    -30576.9751
 EKCMT  =         0.0000  VIRIAL  =         0.0000  VOLUME     =    104354.1795
                                                    Density    =         0.9062
 ------------------------------------------------------------------------------

 NMR restraints: Bond =    0.507   Angle =     1.993   Torsion =     0.292
===============================================================================
