
          -------------------------------------------------------
          Amber 18 PMEMD                              2018
          -------------------------------------------------------

| PMEMD implementation of SANDER, Release 18

| Run on 05/02/2018 at 11:20:18

|   Executable path: pmemd.cuda
| Working directory: /oasis/tscc/scratch/davids4/SAMPLing-cut9/11499450.tscc-mgr.local
|          Hostname: tscc-gpu-8-7.sdsc.edu

  [-O]verwriting output

File Assignments:
|   MDIN: equil.000.in                                                          
|  MDOUT: equil.000.out                                                         
| INPCRD: minimize.rst7                                                         
|   PARM: solvate.prmtop                                                        
| RESTRT: equil.000.rst7                                                        
|   REFC: solvate.rst7                                                          
|  MDVEL: mdvel                                                                 
|   MDEN: equil.000.mden                                                        
|  MDCRD: equil.000.nc                                                          
| MDINFO: equil.000.mdinfo                                                      
|  MDFRC: mdfrc                                                                 


 Here is the input file:

PBC MD Simulation                                                              
 &cntrl                                                                        
  imin =          0,                                                           
  ntx =           1,                                                           
  irest =         0,                                                           
  maxcyc =        0,                                                           
  ncyc =          0,                                                           
  dt =            0.002,                                                       
  nstlim =        500000,                                                      
  ntpr =          500,                                                         
  ntwe =          500,                                                         
  ntwr =          250,                                                         
  ntwx =          250,                                                         
  ntxo =          1,                                                           
  ioutfm =        1,                                                           
  ntf =           2,                                                           
  ntc =           2,                                                           
  cut =           9.0,                                                         
  igb =           0,                                                           
  tempi =         298.15,                                                      
  temp0 =         298.15,                                                      
  ntt =           3,                                                           
  gamma_ln =      1.0,                                                         
  ig =            -1,                                                          
  ntp =           1,                                                           
  barostat =      2,                                                           
  ntr =           1,                                                           
  restraint_wt =  50.0,                                                        
  restraintmask = '@DUM',                                                      
  nmropt =        1,                                                           
  pencut =        -1,                                                          
  ntwprt =        204,                                                         
 /                                                                             
 &wt type = 'END', /                                                           
DISANG = disang.rest                                                           
LISTOUT = POUT                                                                 
                                                                               


Note: ig = -1. Setting random seed to   728340 based on wallclock time in 
      microseconds.
| irandom = 1, using AMBER's internal random number generator (default).
 
|--------------------- INFORMATION ----------------------
| GPU (CUDA) Version of PMEMD in use: NVIDIA GPU IN USE.
|                    Version 18.0.0
| 
|                      03/25/2018
| 
| Implementation by:
|                    Ross C. Walker     (SDSC)
|                    Scott Le Grand     (nVIDIA)
| 
| Version 18 performance extensions by:
|                    David Cerutti     (Rutgers)
| 
| Precision model in use:
|      [SPFP] - Single Precision Forces, 64-bit Fixed Point
|               Accumulation. (Default)
| 
|--------------------------------------------------------
 
|----------------- CITATION INFORMATION -----------------
|
|    When publishing work that utilized the CUDA version
|    of AMBER, please cite the following in addition to
|    the regular AMBER citations:
|
|  - Romelia Salomon-Ferrer; Andreas W. Goetz; Duncan
|    Poole; Scott Le Grand; Ross C. Walker "Routine
|    microsecond molecular dynamics simulations with
|    AMBER - Part II: Particle Mesh Ewald", J. Chem.
|    Theory Comput., 2013, 9 (9), pp3878-3888,
|    DOI: 10.1021/ct400314y.
|
|  - Andreas W. Goetz; Mark J. Williamson; Dong Xu;
|    Duncan Poole; Scott Le Grand; Ross C. Walker
|    "Routine microsecond molecular dynamics simulations
|    with AMBER - Part I: Generalized Born", J. Chem.
|    Theory Comput., 2012, 8 (5), pp1542-1555.
|
|  - Scott Le Grand; Andreas W. Goetz; Ross C. Walker
|    "SPFP: Speed without compromise - a mixed precision
|    model for GPU accelerated molecular dynamics
|    simulations.", Comp. Phys. Comm., 2013, 184
|    pp374-380, DOI: 10.1016/j.cpc.2012.09.022
|
|--------------------------------------------------------
 
|------------------- GPU DEVICE INFO --------------------
|
|            CUDA_VISIBLE_DEVICES: 4
|   CUDA Capable Devices Detected:      1
|           CUDA Device ID in use:      0
|                CUDA Device Name: GeForce GTX TITAN X
|     CUDA Device Global Mem Size:  12207 MB
| CUDA Device Num Multiprocessors:     24
|           CUDA Device Core Freq:   1.08 GHz
|
|--------------------------------------------------------
 
 
| Conditional Compilation Defines Used:
| PUBFFT
| BINTRAJ
| CUDA
| EMIL

| Largest sphere to fit in unit cell has radius =    21.059

| New format PARM file being parsed.
| Version =    1.000 Date = 04/23/18 Time = 20:25:02

| Note: 1-4 EEL scale factors are being read from the topology file.

| Note: 1-4 VDW scale factors are being read from the topology file.
| Duplicated    0 dihedrals

| Duplicated    0 dihedrals

--------------------------------------------------------------------------------
   1.  RESOURCE   USE: 
--------------------------------------------------------------------------------

 getting new box info from bottom of inpcrd
 NATOM  =    9221 NTYPES =      11 NBONH =    9065 MBONA  =     155
 NTHETH =     148 MTHETA =     231 NPHIH =     343 MPHIA  =     362
 NHPARM =       0 NPARM  =       0 NNB   =   13205 NRES   =    3022
 NBONA  =     155 NTHETA =     231 NPHIA =     362 NUMBND =      16
 NUMANG =      28 NPTRA  =      15 NATYP =      14 NPHB   =       0
 IFBOX  =       1 NMXRS  =     184 IFCAP =       0 NEXTRA =       0
 NCOPY  =       0

| Coordinate Index Table dimensions:     8    8   14
| Direct force subcell size =     5.4385    5.2647    5.0387

     BOX TYPE: RECTILINEAR

--------------------------------------------------------------------------------
   2.  CONTROL  DATA  FOR  THE  RUN
--------------------------------------------------------------------------------

default_name                                                                    

General flags:
     imin    =       0, nmropt  =       1

Nature and format of input:
     ntx     =       1, irest   =       0, ntrx    =       1

Nature and format of output:
     ntxo    =       1, ntpr    =     500, ntrx    =       1, ntwr    =     250
     iwrap   =       0, ntwx    =     250, ntwv    =       0, ntwe    =     500
     ioutfm  =       1, ntwprt  =     204, idecomp =       0, rbornstat=      0

Potential function:
     ntf     =       2, ntb     =       2, igb     =       0, nsnb    =      25
     ipol    =       0, gbsa    =       0, iesp    =       0
     dielc   =   1.00000, cut     =   9.00000, intdiel =   1.00000

Frozen or restrained atoms:
     ibelly  =       0, ntr     =       1
     restraint_wt =  50.00000

Molecular dynamics:
     nstlim  =    500000, nscm    =         0, nrespa  =         1
     t       =   0.00000, dt      =   0.00200, vlimit  =  -1.00000

Langevin dynamics temperature regulation:
     ig      =  728340
     temp0   = 298.15000, tempi   = 298.15000, gamma_ln=   1.00000

Pressure regulation:
     ntp     =       1
     pres0   =   1.00000, comp    =  44.60000, taup    =   1.00000
     Monte-Carlo Barostat:
     mcbarint  =     100

SHAKE:
     ntc     =       2, jfastw  =       0
     tol     =   0.00001

NMR refinement options:
     iscale  =       0, noeskp  =       1, ipnlty  =       1, mxsub   =       1
     scalm   = 100.00000, pencut  =  -1.00000, tausw   =   0.10000

| Intermolecular bonds treatment:
|     no_intermolecular_bonds =       1

| Energy averages sample interval:
|     ene_avg_sampling =     500

Ewald parameters:
     verbose =       0, ew_type =       0, nbflag  =       1, use_pme =       1
     vdwmeth =       1, eedmeth =       1, netfrc  =       1
     Box X =   43.508   Box Y =   42.118   Box Z =   70.541
     Alpha =   90.000   Beta  =   90.000   Gamma =   90.000
     NFFT1 =   48       NFFT2 =   48       NFFT3 =   72
     Cutoff=    9.000   Tol   =0.100E-04
     Ewald Coefficient =  0.30768
     Interpolation order =    4

    LOADING THE CONSTRAINED ATOMS AS GROUPS


   5.  REFERENCE ATOM COORDINATES

  default_name                                                                    
     Mask @DUM; matches     3 atoms
| MONTE CARLO BAROSTAT IMPORTANT NOTE:
|   The Monte-Carlo barostat does not require the virial to adjust the system volume.
|   Since it is an expensive calculation, it is skipped for efficiency. A side-effect
|   is that the reported pressure is always 0 because it is not calculated.

--------------------------------------------------------------------------------
   3.  ATOMIC COORDINATES AND VELOCITIES
--------------------------------------------------------------------------------

default_name                                                                    
 begin time read from input coords =     0.000 ps



           Begin reading energy term weight changes/NMR restraints
 WEIGHT CHANGES:
                         ** No weight changes given **

 RESTRAINTS:
 Requested file redirections:
  DISANG    = disang.rest
  LISTOUT   = POUT
 Restraints will be read from file: disang.rest
Here are comments from the DISANG input file:

                       Number of restraints read =     9

                  Done reading weight changes/NMR restraints


 
 Number of triangulated 3-point waters found:     3000

     Sum of charges from parm topology file =   0.00000002
     Forcing neutrality...

| Dynamic Memory, Types Used:
| Reals              528869
| Integers           283979

| Nonbonded Pairs Initial Allocation:     2102388

| GPU memory information (estimate):
| KB of GPU memory in use:         0
| KB of CPU memory in use:         0

--------------------------------------------------------------------------------
   4.  RESULTS
--------------------------------------------------------------------------------


 NSTEP =        0   TIME(PS) =       0.000  TEMP(K) =   446.44  PRESS =     0.0
 Etot   =    -30470.9565  EKtot   =      8249.7282  EPtot      =    -38720.6846
 BOND   =        11.0831  ANGLE   =        53.8656  DIHED      =       111.6586
 1-4 NB =        69.6629  1-4 EEL =        63.3739  VDWAALS    =      6140.4861
 EELEC  =    -45171.1228  EHBOND  =         0.0000  RESTRAINT  =         0.3081
 EAMBER (non-restraint)  =    -38720.9927
 EKCMT  =         0.0000  VIRIAL  =         0.0000  VOLUME     =    129264.7011
                                                    Density    =         0.7316
 ------------------------------------------------------------------------------

 NMR restraints: Bond =    0.248   Angle =     0.044   Torsion =     0.009
===============================================================================

 NSTEP =      500   TIME(PS) =       1.000  TEMP(K) =   268.52  PRESS =     0.0
 Etot   =    -25672.8793  EKtot   =      4961.9536  EPtot      =    -30634.8329
 BOND   =        54.2623  ANGLE   =        93.3139  DIHED      =       129.6575
 1-4 NB =        72.8043  1-4 EEL =        64.8914  VDWAALS    =      4574.0594
 EELEC  =    -35628.8622  EHBOND  =         0.0000  RESTRAINT  =         5.0405
 EAMBER (non-restraint)  =    -30639.8734
 EKCMT  =         0.0000  VIRIAL  =         0.0000  VOLUME     =    127884.2771
                                                    Density    =         0.7395
 ------------------------------------------------------------------------------

 NMR restraints: Bond =    0.412   Angle =     0.837   Torsion =     0.568
===============================================================================

 NSTEP =     1000   TIME(PS) =       2.000  TEMP(K) =   283.36  PRESS =     0.0
 Etot   =    -25001.2345  EKtot   =      5236.1792  EPtot      =    -30237.4137
 BOND   =        50.9872  ANGLE   =       107.6099  DIHED      =       144.9812
 1-4 NB =        74.1806  1-4 EEL =        59.7438  VDWAALS    =      4329.5253
 EELEC  =    -35010.8841  EHBOND  =         0.0000  RESTRAINT  =         6.4425
 EAMBER (non-restraint)  =    -30243.8561
 EKCMT  =         0.0000  VIRIAL  =         0.0000  VOLUME     =    126895.1226
                                                    Density    =         0.7452
 ------------------------------------------------------------------------------

 NMR restraints: Bond =    0.184   Angle =     1.180   Torsion =     1.852
===============================================================================

 NSTEP =     1500   TIME(PS) =       3.000  TEMP(K) =   292.03  PRESS =     0.0
 Etot   =    -24714.6942  EKtot   =      5396.4087  EPtot      =    -30111.1029
 BOND   =        56.8612  ANGLE   =       107.1182  DIHED      =       136.2373
 1-4 NB =        70.2752  1-4 EEL =        63.0088  VDWAALS    =      4389.4038
 EELEC  =    -34938.9868  EHBOND  =         0.0000  RESTRAINT  =         4.9795
 EAMBER (non-restraint)  =    -30116.0823
 EKCMT  =         0.0000  VIRIAL  =         0.0000  VOLUME     =    124073.7358
                                                    Density    =         0.7622
 ------------------------------------------------------------------------------

 NMR restraints: Bond =    0.472   Angle =     2.416   Torsion =     0.805
===============================================================================

 NSTEP =     2000   TIME(PS) =       4.000  TEMP(K) =   293.46  PRESS =     0.0
 Etot   =    -24561.4317  EKtot   =      5422.8652  EPtot      =    -29984.2969
 BOND   =        53.9160  ANGLE   =       108.6563  DIHED      =       131.8853
 1-4 NB =        74.8252  1-4 EEL =        65.3685  VDWAALS    =      4244.3292
 EELEC  =    -34667.1702  EHBOND  =         0.0000  RESTRAINT  =         3.8928
 EAMBER (non-restraint)  =    -29988.1897
 EKCMT  =         0.0000  VIRIAL  =         0.0000  VOLUME     =    122786.7573
                                                    Density    =         0.7702
 ------------------------------------------------------------------------------

 NMR restraints: Bond =    0.048   Angle =     0.741   Torsion =     1.047
===============================================================================

 NSTEP =     2500   TIME(PS) =       5.000  TEMP(K) =   293.53  PRESS =     0.0
 Etot   =    -24458.7294  EKtot   =      5424.1406  EPtot      =    -29882.8700
 BOND   =        42.5579  ANGLE   =       108.0147  DIHED      =       135.8056
 1-4 NB =        75.2252  1-4 EEL =        62.6612  VDWAALS    =      4165.6905
 EELEC  =    -34474.7144  EHBOND  =         0.0000  RESTRAINT  =         1.8893
 EAMBER (non-restraint)  =    -29884.7594
 EKCMT  =         0.0000  VIRIAL  =         0.0000  VOLUME     =    121842.7566
                                                    Density    =         0.7761
 ------------------------------------------------------------------------------

 NMR restraints: Bond =    0.079   Angle =     0.467   Torsion =     0.099
===============================================================================

 NSTEP =     3000   TIME(PS) =       6.000  TEMP(K) =   297.42  PRESS =     0.0
 Etot   =    -24321.6484  EKtot   =      5495.9873  EPtot      =    -29817.6357
 BOND   =        59.3024  ANGLE   =        96.6492  DIHED      =       131.3839
 1-4 NB =        79.9050  1-4 EEL =        63.3327  VDWAALS    =      4500.1215
 EELEC  =    -34753.8227  EHBOND  =         0.0000  RESTRAINT  =         5.4924
 EAMBER (non-restraint)  =    -29823.1281
 EKCMT  =         0.0000  VIRIAL  =         0.0000  VOLUME     =    118815.0364
                                                    Density    =         0.7959
 ------------------------------------------------------------------------------

 NMR restraints: Bond =    0.173   Angle =     0.520   Torsion =     0.492
===============================================================================

 NSTEP =     3500   TIME(PS) =       7.000  TEMP(K) =   297.61  PRESS =     0.0
 Etot   =    -24442.9049  EKtot   =      5499.5386  EPtot      =    -29942.4434
 BOND   =        55.5561  ANGLE   =       112.0965  DIHED      =       139.4242
 1-4 NB =        75.9496  1-4 EEL =        59.5845  VDWAALS    =      4348.5687
 EELEC  =    -34738.9630  EHBOND  =         0.0000  RESTRAINT  =         5.3399
 EAMBER (non-restraint)  =    -29947.7833
 EKCMT  =         0.0000  VIRIAL  =         0.0000  VOLUME     =    116572.8260
                                                    Density    =         0.8112
 ------------------------------------------------------------------------------

 NMR restraints: Bond =    0.582   Angle =     0.275   Torsion =     0.940
===============================================================================

 NSTEP =     4000   TIME(PS) =       8.000  TEMP(K) =   306.81  PRESS =     0.0
 Etot   =    -24457.7388  EKtot   =      5669.4966  EPtot      =    -30127.2354
 BOND   =        52.3464  ANGLE   =       116.7210  DIHED      =       147.7504
 1-4 NB =        77.2107  1-4 EEL =        60.7770  VDWAALS    =      4156.8787
 EELEC  =    -34742.5962  EHBOND  =         0.0000  RESTRAINT  =         3.6766
 EAMBER (non-restraint)  =    -30130.9120
 EKCMT  =         0.0000  VIRIAL  =         0.0000  VOLUME     =    115538.9519
                                                    Density    =         0.8185
 ------------------------------------------------------------------------------

 NMR restraints: Bond =    0.101   Angle =     0.694   Torsion =     1.652
===============================================================================

 NSTEP =     4500   TIME(PS) =       9.000  TEMP(K) =   300.09  PRESS =     0.0
 Etot   =    -24689.6847  EKtot   =      5545.2983  EPtot      =    -30234.9830
 BOND   =        57.5148  ANGLE   =       121.1474  DIHED      =       140.3604
 1-4 NB =        78.5294  1-4 EEL =        64.2822  VDWAALS    =      4430.4801
 EELEC  =    -35136.3502  EHBOND  =         0.0000  RESTRAINT  =         9.0530
 EAMBER (non-restraint)  =    -30244.0360
 EKCMT  =         0.0000  VIRIAL  =         0.0000  VOLUME     =    114382.8540
                                                    Density    =         0.8267
 ------------------------------------------------------------------------------

 NMR restraints: Bond =    1.322   Angle =     0.604   Torsion =     2.683
===============================================================================

 NSTEP =     5000   TIME(PS) =      10.000  TEMP(K) =   304.56  PRESS =     0.0
 Etot   =    -24791.2366  EKtot   =      5627.9883  EPtot      =    -30419.2249
 BOND   =        61.6825  ANGLE   =       112.3283  DIHED      =       141.3817
 1-4 NB =        71.2341  1-4 EEL =        61.4224  VDWAALS    =      4188.7200
 EELEC  =    -35061.9502  EHBOND  =         0.0000  RESTRAINT  =         5.9563
 EAMBER (non-restraint)  =    -30425.1812
 EKCMT  =         0.0000  VIRIAL  =         0.0000  VOLUME     =    112855.5810
                                                    Density    =         0.8379
 ------------------------------------------------------------------------------

 NMR restraints: Bond =    1.779   Angle =     0.551   Torsion =     0.330
===============================================================================

 NSTEP =     5500   TIME(PS) =      11.000  TEMP(K) =   299.62  PRESS =     0.0
 Etot   =    -24773.2360  EKtot   =      5536.6021  EPtot      =    -30309.8380
 BOND   =        61.3567  ANGLE   =       121.8695  DIHED      =       127.4264
 1-4 NB =        68.6686  1-4 EEL =        59.1888  VDWAALS    =      4265.2638
 EELEC  =    -35020.7166  EHBOND  =         0.0000  RESTRAINT  =         7.1048
 EAMBER (non-restraint)  =    -30316.9428
 EKCMT  =         0.0000  VIRIAL  =         0.0000  VOLUME     =    111437.3368
                                                    Density    =         0.8486
 ------------------------------------------------------------------------------

 NMR restraints: Bond =    0.127   Angle =     0.828   Torsion =     0.618
===============================================================================

 NSTEP =     6000   TIME(PS) =      12.000  TEMP(K) =   300.73  PRESS =     0.0
 Etot   =    -24826.6947  EKtot   =      5557.1260  EPtot      =    -30383.8207
 BOND   =        50.9568  ANGLE   =       111.7554  DIHED      =       137.6459
 1-4 NB =        78.2982  1-4 EEL =        58.9974  VDWAALS    =      4198.5463
 EELEC  =    -35027.6980  EHBOND  =         0.0000  RESTRAINT  =         7.6773
 EAMBER (non-restraint)  =    -30391.4980
 EKCMT  =         0.0000  VIRIAL  =         0.0000  VOLUME     =    109020.6332
                                                    Density    =         0.8674
 ------------------------------------------------------------------------------

 NMR restraints: Bond =    0.950   Angle =     1.619   Torsion =     1.239
===============================================================================
