
          -------------------------------------------------------
          Amber 18 PMEMD                              2018
          -------------------------------------------------------

| PMEMD implementation of SANDER, Release 18

| Run on 05/02/2018 at 10:11:23

|   Executable path: pmemd.cuda
| Working directory: /oasis/tscc/scratch/davids4/SAMPLing-cut9/11499186.tscc-mgr.local
|          Hostname: tscc-gpu-9-4.sdsc.edu

  [-O]verwriting output

File Assignments:
|   MDIN: equil.000.in                                                          
|  MDOUT: equil.000.out                                                         
| INPCRD: minimize.rst7                                                         
|   PARM: solvate.prmtop                                                        
| RESTRT: equil.000.rst7                                                        
|   REFC: solvate.rst7                                                          
|  MDVEL: mdvel                                                                 
|   MDEN: equil.000.mden                                                        
|  MDCRD: equil.000.nc                                                          
| MDINFO: equil.000.mdinfo                                                      
|  MDFRC: mdfrc                                                                 


 Here is the input file:

PBC MD Simulation                                                              
 &cntrl                                                                        
  imin =          0,                                                           
  ntx =           1,                                                           
  irest =         0,                                                           
  maxcyc =        0,                                                           
  ncyc =          0,                                                           
  dt =            0.002,                                                       
  nstlim =        500000,                                                      
  ntpr =          500,                                                         
  ntwe =          500,                                                         
  ntwr =          250,                                                         
  ntwx =          250,                                                         
  ntxo =          1,                                                           
  ioutfm =        1,                                                           
  ntf =           2,                                                           
  ntc =           2,                                                           
  cut =           9.0,                                                         
  igb =           0,                                                           
  tempi =         298.15,                                                      
  temp0 =         298.15,                                                      
  ntt =           3,                                                           
  gamma_ln =      1.0,                                                         
  ig =            -1,                                                          
  ntp =           1,                                                           
  barostat =      2,                                                           
  ntr =           1,                                                           
  restraint_wt =  50.0,                                                        
  restraintmask = '@DUM',                                                      
  nmropt =        1,                                                           
  pencut =        -1,                                                          
  ntwprt =        206,                                                         
 /                                                                             
 &wt type = 'END', /                                                           
DISANG = disang.rest                                                           
LISTOUT = POUT                                                                 
                                                                               


Note: ig = -1. Setting random seed to    13014 based on wallclock time in 
      microseconds.
| irandom = 1, using AMBER's internal random number generator (default).
 
|--------------------- INFORMATION ----------------------
| GPU (CUDA) Version of PMEMD in use: NVIDIA GPU IN USE.
|                    Version 18.0.0
| 
|                      03/25/2018
| 
| Implementation by:
|                    Ross C. Walker     (SDSC)
|                    Scott Le Grand     (nVIDIA)
| 
| Version 18 performance extensions by:
|                    David Cerutti     (Rutgers)
| 
| Precision model in use:
|      [SPFP] - Single Precision Forces, 64-bit Fixed Point
|               Accumulation. (Default)
| 
|--------------------------------------------------------
 
|----------------- CITATION INFORMATION -----------------
|
|    When publishing work that utilized the CUDA version
|    of AMBER, please cite the following in addition to
|    the regular AMBER citations:
|
|  - Romelia Salomon-Ferrer; Andreas W. Goetz; Duncan
|    Poole; Scott Le Grand; Ross C. Walker "Routine
|    microsecond molecular dynamics simulations with
|    AMBER - Part II: Particle Mesh Ewald", J. Chem.
|    Theory Comput., 2013, 9 (9), pp3878-3888,
|    DOI: 10.1021/ct400314y.
|
|  - Andreas W. Goetz; Mark J. Williamson; Dong Xu;
|    Duncan Poole; Scott Le Grand; Ross C. Walker
|    "Routine microsecond molecular dynamics simulations
|    with AMBER - Part I: Generalized Born", J. Chem.
|    Theory Comput., 2012, 8 (5), pp1542-1555.
|
|  - Scott Le Grand; Andreas W. Goetz; Ross C. Walker
|    "SPFP: Speed without compromise - a mixed precision
|    model for GPU accelerated molecular dynamics
|    simulations.", Comp. Phys. Comm., 2013, 184
|    pp374-380, DOI: 10.1016/j.cpc.2012.09.022
|
|--------------------------------------------------------
 
|------------------- GPU DEVICE INFO --------------------
|
|            CUDA_VISIBLE_DEVICES: 7
|   CUDA Capable Devices Detected:      1
|           CUDA Device ID in use:      0
|                CUDA Device Name: GeForce GTX TITAN X
|     CUDA Device Global Mem Size:  12207 MB
| CUDA Device Num Multiprocessors:     24
|           CUDA Device Core Freq:   1.08 GHz
|
|--------------------------------------------------------
 
 
| Conditional Compilation Defines Used:
| PUBFFT
| BINTRAJ
| CUDA
| EMIL

| Largest sphere to fit in unit cell has radius =    20.773

| New format PARM file being parsed.
| Version =    1.000 Date = 04/23/18 Time = 20:08:21

| Note: 1-4 EEL scale factors are being read from the topology file.

| Note: 1-4 VDW scale factors are being read from the topology file.
| Duplicated    0 dihedrals

| Duplicated    0 dihedrals

--------------------------------------------------------------------------------
   1.  RESOURCE   USE: 
--------------------------------------------------------------------------------

 getting new box info from bottom of inpcrd
 NATOM  =    9223 NTYPES =      11 NBONH =    9067 MBONA  =     155
 NTHETH =     153 MTHETA =     232 NPHIH =     345 MPHIA  =     366
 NHPARM =       0 NPARM  =       0 NNB   =   13221 NRES   =    3022
 NBONA  =     155 NTHETA =     232 NPHIA =     366 NUMBND =      13
 NUMANG =      22 NPTRA  =      15 NATYP =      13 NPHB   =       0
 IFBOX  =       1 NMXRS  =     184 IFCAP =       0 NEXTRA =       0
 NCOPY  =       0

| Coordinate Index Table dimensions:     8    8   13
| Direct force subcell size =     5.1932    5.4715    5.2520

     BOX TYPE: RECTILINEAR

--------------------------------------------------------------------------------
   2.  CONTROL  DATA  FOR  THE  RUN
--------------------------------------------------------------------------------

default_name                                                                    

General flags:
     imin    =       0, nmropt  =       1

Nature and format of input:
     ntx     =       1, irest   =       0, ntrx    =       1

Nature and format of output:
     ntxo    =       1, ntpr    =     500, ntrx    =       1, ntwr    =     250
     iwrap   =       0, ntwx    =     250, ntwv    =       0, ntwe    =     500
     ioutfm  =       1, ntwprt  =     206, idecomp =       0, rbornstat=      0

Potential function:
     ntf     =       2, ntb     =       2, igb     =       0, nsnb    =      25
     ipol    =       0, gbsa    =       0, iesp    =       0
     dielc   =   1.00000, cut     =   9.00000, intdiel =   1.00000

Frozen or restrained atoms:
     ibelly  =       0, ntr     =       1
     restraint_wt =  50.00000

Molecular dynamics:
     nstlim  =    500000, nscm    =         0, nrespa  =         1
     t       =   0.00000, dt      =   0.00200, vlimit  =  -1.00000

Langevin dynamics temperature regulation:
     ig      =   13014
     temp0   = 298.15000, tempi   = 298.15000, gamma_ln=   1.00000

Pressure regulation:
     ntp     =       1
     pres0   =   1.00000, comp    =  44.60000, taup    =   1.00000
     Monte-Carlo Barostat:
     mcbarint  =     100

SHAKE:
     ntc     =       2, jfastw  =       0
     tol     =   0.00001

NMR refinement options:
     iscale  =       0, noeskp  =       1, ipnlty  =       1, mxsub   =       1
     scalm   = 100.00000, pencut  =  -1.00000, tausw   =   0.10000

| Intermolecular bonds treatment:
|     no_intermolecular_bonds =       1

| Energy averages sample interval:
|     ene_avg_sampling =     500

Ewald parameters:
     verbose =       0, ew_type =       0, nbflag  =       1, use_pme =       1
     vdwmeth =       1, eedmeth =       1, netfrc  =       1
     Box X =   41.545   Box Y =   43.772   Box Z =   68.277
     Alpha =   90.000   Beta  =   90.000   Gamma =   90.000
     NFFT1 =   48       NFFT2 =   48       NFFT3 =   72
     Cutoff=    9.000   Tol   =0.100E-04
     Ewald Coefficient =  0.30768
     Interpolation order =    4

    LOADING THE CONSTRAINED ATOMS AS GROUPS


   5.  REFERENCE ATOM COORDINATES

  default_name                                                                    
     Mask @DUM; matches     3 atoms
| MONTE CARLO BAROSTAT IMPORTANT NOTE:
|   The Monte-Carlo barostat does not require the virial to adjust the system volume.
|   Since it is an expensive calculation, it is skipped for efficiency. A side-effect
|   is that the reported pressure is always 0 because it is not calculated.

--------------------------------------------------------------------------------
   3.  ATOMIC COORDINATES AND VELOCITIES
--------------------------------------------------------------------------------

default_name                                                                    
 begin time read from input coords =     0.000 ps



           Begin reading energy term weight changes/NMR restraints
 WEIGHT CHANGES:
                         ** No weight changes given **

 RESTRAINTS:
 Requested file redirections:
  DISANG    = disang.rest
  LISTOUT   = POUT
 Restraints will be read from file: disang.rest
Here are comments from the DISANG input file:

                       Number of restraints read =     9

                  Done reading weight changes/NMR restraints


 
 Number of triangulated 3-point waters found:     3000

     Sum of charges from parm topology file =   0.00000002
     Forcing neutrality...

| Dynamic Memory, Types Used:
| Reals              528929
| Integers           284277

| Nonbonded Pairs Initial Allocation:     2102844

| GPU memory information (estimate):
| KB of GPU memory in use:         0
| KB of CPU memory in use:         0

--------------------------------------------------------------------------------
   4.  RESULTS
--------------------------------------------------------------------------------


 NSTEP =        0   TIME(PS) =       0.000  TEMP(K) =   440.16  PRESS =     0.0
 Etot   =    -30822.3899  EKtot   =      8135.4457  EPtot      =    -38957.8356
 BOND   =        15.4122  ANGLE   =        57.1411  DIHED      =       105.2207
 1-4 NB =        66.9641  1-4 EEL =        59.9862  VDWAALS    =      5993.4308
 EELEC  =    -45257.9762  EHBOND  =         0.0000  RESTRAINT  =         1.9856
 EAMBER (non-restraint)  =    -38959.8212
 EKCMT  =         0.0000  VIRIAL  =         0.0000  VOLUME     =    124161.7853
                                                    Density    =         0.7617
 ------------------------------------------------------------------------------

 NMR restraints: Bond =    0.337   Angle =     1.534   Torsion =     0.061
===============================================================================

 NSTEP =      500   TIME(PS) =       1.000  TEMP(K) =   261.75  PRESS =     0.0
 Etot   =    -25916.2473  EKtot   =      4837.8203  EPtot      =    -30754.0676
 BOND   =        44.1286  ANGLE   =        90.6097  DIHED      =       124.7294
 1-4 NB =        75.5832  1-4 EEL =        58.7323  VDWAALS    =      4611.7622
 EELEC  =    -35765.6885  EHBOND  =         0.0000  RESTRAINT  =         6.0755
 EAMBER (non-restraint)  =    -30760.1431
 EKCMT  =         0.0000  VIRIAL  =         0.0000  VOLUME     =    124027.1715
                                                    Density    =         0.7625
 ------------------------------------------------------------------------------

 NMR restraints: Bond =    0.127   Angle =     1.168   Torsion =     0.457
===============================================================================

 NSTEP =     1000   TIME(PS) =       2.000  TEMP(K) =   285.12  PRESS =     0.0
 Etot   =    -25042.2161  EKtot   =      5269.8740  EPtot      =    -30312.0902
 BOND   =        47.1340  ANGLE   =        93.6205  DIHED      =       134.1754
 1-4 NB =        75.2805  1-4 EEL =        63.0165  VDWAALS    =      4478.0716
 EELEC  =    -35205.8029  EHBOND  =         0.0000  RESTRAINT  =         2.4143
 EAMBER (non-restraint)  =    -30314.5044
 EKCMT  =         0.0000  VIRIAL  =         0.0000  VOLUME     =    122301.2570
                                                    Density    =         0.7732
 ------------------------------------------------------------------------------

 NMR restraints: Bond =    0.072   Angle =     0.542   Torsion =     0.014
===============================================================================

 NSTEP =     1500   TIME(PS) =       3.000  TEMP(K) =   286.97  PRESS =     0.0
 Etot   =    -24794.5573  EKtot   =      5303.9995  EPtot      =    -30098.5568
 BOND   =        47.3624  ANGLE   =       112.2496  DIHED      =       132.7031
 1-4 NB =        76.8910  1-4 EEL =        61.6441  VDWAALS    =      4634.0478
 EELEC  =    -35169.7544  EHBOND  =         0.0000  RESTRAINT  =         6.2995
 EAMBER (non-restraint)  =    -30104.8563
 EKCMT  =         0.0000  VIRIAL  =         0.0000  VOLUME     =    118839.6924
                                                    Density    =         0.7958
 ------------------------------------------------------------------------------

 NMR restraints: Bond =    0.610   Angle =     2.023   Torsion =     0.157
===============================================================================

 NSTEP =     2000   TIME(PS) =       4.000  TEMP(K) =   294.66  PRESS =     0.0
 Etot   =    -24720.9183  EKtot   =      5446.1401  EPtot      =    -30167.0584
 BOND   =        54.5419  ANGLE   =       113.2745  DIHED      =       139.6311
 1-4 NB =        75.0307  1-4 EEL =        66.1007  VDWAALS    =      4030.3746
 EELEC  =    -34651.4955  EHBOND  =         0.0000  RESTRAINT  =         5.4835
 EAMBER (non-restraint)  =    -30172.5419
 EKCMT  =         0.0000  VIRIAL  =         0.0000  VOLUME     =    117504.7197
                                                    Density    =         0.8048
 ------------------------------------------------------------------------------

 NMR restraints: Bond =    0.392   Angle =     1.232   Torsion =     1.058
===============================================================================

 NSTEP =     2500   TIME(PS) =       5.000  TEMP(K) =   302.32  PRESS =     0.0
 Etot   =    -24657.6707  EKtot   =      5587.7119  EPtot      =    -30245.3826
 BOND   =        63.0380  ANGLE   =        97.5709  DIHED      =       132.6757
 1-4 NB =        75.4703  1-4 EEL =        61.2631  VDWAALS    =      4131.9254
 EELEC  =    -34811.5816  EHBOND  =         0.0000  RESTRAINT  =         4.2557
 EAMBER (non-restraint)  =    -30249.6384
 EKCMT  =         0.0000  VIRIAL  =         0.0000  VOLUME     =    115210.2332
                                                    Density    =         0.8208
 ------------------------------------------------------------------------------

 NMR restraints: Bond =    0.385   Angle =     1.898   Torsion =     0.240
===============================================================================

 NSTEP =     3000   TIME(PS) =       6.000  TEMP(K) =   299.66  PRESS =     0.0
 Etot   =    -24652.6731  EKtot   =      5538.5127  EPtot      =    -30191.1858
 BOND   =        60.9801  ANGLE   =       114.1996  DIHED      =       141.0734
 1-4 NB =        72.0059  1-4 EEL =        66.3794  VDWAALS    =      4001.0015
 EELEC  =    -34653.4950  EHBOND  =         0.0000  RESTRAINT  =         6.6693
 EAMBER (non-restraint)  =    -30197.8551
 EKCMT  =         0.0000  VIRIAL  =         0.0000  VOLUME     =    115153.8254
                                                    Density    =         0.8212
 ------------------------------------------------------------------------------

 NMR restraints: Bond =    0.015   Angle =     1.087   Torsion =     0.712
===============================================================================

 NSTEP =     3500   TIME(PS) =       7.000  TEMP(K) =   299.31  PRESS =     0.0
 Etot   =    -24705.6051  EKtot   =      5532.1348  EPtot      =    -30237.7398
 BOND   =        59.4874  ANGLE   =       107.4492  DIHED      =       135.7545
 1-4 NB =        76.3750  1-4 EEL =        56.9209  VDWAALS    =      4133.8913
 EELEC  =    -34813.1229  EHBOND  =         0.0000  RESTRAINT  =         5.5048
 EAMBER (non-restraint)  =    -30243.2446
 EKCMT  =         0.0000  VIRIAL  =         0.0000  VOLUME     =    114071.6109
                                                    Density    =         0.8290
 ------------------------------------------------------------------------------

 NMR restraints: Bond =    0.443   Angle =     1.824   Torsion =     1.180
===============================================================================

 NSTEP =     4000   TIME(PS) =       8.000  TEMP(K) =   298.46  PRESS =     0.0
 Etot   =    -24720.4835  EKtot   =      5516.3315  EPtot      =    -30236.8150
 BOND   =        52.0106  ANGLE   =       111.1043  DIHED      =       124.2489
 1-4 NB =        73.4833  1-4 EEL =        61.8633  VDWAALS    =      4460.7193
 EELEC  =    -35126.2401  EHBOND  =         0.0000  RESTRAINT  =         5.9953
 EAMBER (non-restraint)  =    -30242.8103
 EKCMT  =         0.0000  VIRIAL  =         0.0000  VOLUME     =    113081.0827
                                                    Density    =         0.8363
 ------------------------------------------------------------------------------

 NMR restraints: Bond =    0.071   Angle =     2.008   Torsion =     1.056
===============================================================================

 NSTEP =     4500   TIME(PS) =       9.000  TEMP(K) =   297.50  PRESS =     0.0
 Etot   =    -24768.9935  EKtot   =      5498.7363  EPtot      =    -30267.7298
 BOND   =        58.3203  ANGLE   =       106.0019  DIHED      =       125.1324
 1-4 NB =        78.2976  1-4 EEL =        63.9259  VDWAALS    =      4183.1515
 EELEC  =    -34887.0441  EHBOND  =         0.0000  RESTRAINT  =         4.4847
 EAMBER (non-restraint)  =    -30272.2145
 EKCMT  =         0.0000  VIRIAL  =         0.0000  VOLUME     =    111067.2232
                                                    Density    =         0.8514
 ------------------------------------------------------------------------------

 NMR restraints: Bond =    1.554   Angle =     2.020   Torsion =     0.419
===============================================================================

 NSTEP =     5000   TIME(PS) =      10.000  TEMP(K) =   294.31  PRESS =     0.0
 Etot   =    -24934.0371  EKtot   =      5439.7329  EPtot      =    -30373.7700
 BOND   =        59.5139  ANGLE   =       106.4577  DIHED      =       136.6728
 1-4 NB =        77.3362  1-4 EEL =        65.1626  VDWAALS    =      4108.5285
 EELEC  =    -34932.5125  EHBOND  =         0.0000  RESTRAINT  =         5.0707
 EAMBER (non-restraint)  =    -30378.8408
 EKCMT  =         0.0000  VIRIAL  =         0.0000  VOLUME     =    110174.6324
                                                    Density    =         0.8583
 ------------------------------------------------------------------------------

 NMR restraints: Bond =    0.157   Angle =     1.408   Torsion =     1.942
===============================================================================

 NSTEP =     5500   TIME(PS) =      11.000  TEMP(K) =   301.60  PRESS =     0.0
 Etot   =    -24848.4503  EKtot   =      5574.5249  EPtot      =    -30422.9752
 BOND   =        63.0027  ANGLE   =        97.1324  DIHED      =       117.2127
 1-4 NB =        76.4256  1-4 EEL =        65.8081  VDWAALS    =      4252.2634
 EELEC  =    -35100.6400  EHBOND  =         0.0000  RESTRAINT  =         5.8199
 EAMBER (non-restraint)  =    -30428.7951
 EKCMT  =         0.0000  VIRIAL  =         0.0000  VOLUME     =    108010.2010
                                                    Density    =         0.8755
 ------------------------------------------------------------------------------

 NMR restraints: Bond =    0.376   Angle =     2.165   Torsion =     1.285
===============================================================================

 NSTEP =     6000   TIME(PS) =      12.000  TEMP(K) =   301.08  PRESS =     0.0
 Etot   =    -24850.4579  EKtot   =      5564.7573  EPtot      =    -30415.2152
 BOND   =        53.7363  ANGLE   =       118.0571  DIHED      =       131.1285
 1-4 NB =        78.0891  1-4 EEL =        63.6203  VDWAALS    =      4330.8218
 EELEC  =    -35194.4850  EHBOND  =         0.0000  RESTRAINT  =         3.8167
 EAMBER (non-restraint)  =    -30419.0320
 EKCMT  =         0.0000  VIRIAL  =         0.0000  VOLUME     =    107202.6820
                                                    Density    =         0.8821
 ------------------------------------------------------------------------------

 NMR restraints: Bond =    0.537   Angle =     1.521   Torsion =     0.761
===============================================================================

 NSTEP =     6500   TIME(PS) =      13.000  TEMP(K) =   299.46  PRESS =     0.0
 Etot   =    -24885.2540  EKtot   =      5534.8452  EPtot      =    -30420.0992
 BOND   =        46.1748  ANGLE   =        94.8557  DIHED      =       126.8235
 1-4 NB =        84.8437  1-4 EEL =        64.5705  VDWAALS    =      4169.3998
 EELEC  =    -35011.8019  EHBOND  =         0.0000  RESTRAINT  =         5.0347
 EAMBER (non-restraint)  =    -30425.1339
 EKCMT  =         0.0000  VIRIAL  =         0.0000  VOLUME     =    106206.4713
                                                    Density    =         0.8904
 ------------------------------------------------------------------------------

 NMR restraints: Bond =    0.893   Angle =     0.614   Torsion =     0.103
===============================================================================

 NSTEP =     7000   TIME(PS) =      14.000  TEMP(K) =   300.42  PRESS =     0.0
 Etot   =    -24910.1543  EKtot   =      5552.5889  EPtot      =    -30462.7432
 BOND   =        53.8043  ANGLE   =        96.1171  DIHED      =       125.0216
 1-4 NB =        76.1797  1-4 EEL =        59.6525  VDWAALS    =      4177.2925
 EELEC  =    -35055.4152  EHBOND  =         0.0000  RESTRAINT  =         4.6042
 EAMBER (non-restraint)  =    -30467.3474
 EKCMT  =         0.0000  VIRIAL  =         0.0000  VOLUME     =    105369.3261
                                                    Density    =         0.8975
 ------------------------------------------------------------------------------

 NMR restraints: Bond =    0.923   Angle =     1.099   Torsion =     0.186
===============================================================================

 NSTEP =     7500   TIME(PS) =      15.000  TEMP(K) =   300.16  PRESS =     0.0
 Etot   =    -24979.7943  EKtot   =      5547.7964  EPtot      =    -30527.5907
 BOND   =        57.8925  ANGLE   =        97.4950  DIHED      =       132.9950
 1-4 NB =        72.8366  1-4 EEL =        62.2690  VDWAALS    =      4154.5620
 EELEC  =    -35109.7068  EHBOND  =         0.0000  RESTRAINT  =         4.0660
 EAMBER (non-restraint)  =    -30531.6567
 EKCMT  =         0.0000  VIRIAL  =         0.0000  VOLUME     =    104615.3632
                                                    Density    =         0.9040
 ------------------------------------------------------------------------------

 NMR restraints: Bond =    0.205   Angle =     0.785   Torsion =     0.342
===============================================================================

 NSTEP =     8000   TIME(PS) =      16.000  TEMP(K) =   300.93  PRESS =     0.0
 Etot   =    -25067.1545  EKtot   =      5562.1299  EPtot      =    -30629.2844
 BOND   =        52.4990  ANGLE   =       101.3442  DIHED      =       124.2809
 1-4 NB =        76.1139  1-4 EEL =        67.1683  VDWAALS    =      4100.6889
 EELEC  =    -35154.9234  EHBOND  =         0.0000  RESTRAINT  =         3.5437
 EAMBER (non-restraint)  =    -30632.8281
 EKCMT  =         0.0000  VIRIAL  =         0.0000  VOLUME     =    104166.3451
                                                    Density    =         0.9079
 ------------------------------------------------------------------------------

 NMR restraints: Bond =    0.018   Angle =     0.744   Torsion =     1.515
===============================================================================

 NSTEP =     8500   TIME(PS) =      17.000  TEMP(K) =   298.25  PRESS =     0.0
 Etot   =    -25019.0067  EKtot   =      5512.4478  EPtot      =    -30531.4545
 BOND   =        53.1133  ANGLE   =       104.5151  DIHED      =       137.4497
 1-4 NB =        79.2551  1-4 EEL =        65.7703  VDWAALS    =      4117.6938
 EELEC  =    -35096.5032  EHBOND  =         0.0000  RESTRAINT  =         7.2514
 EAMBER (non-restraint)  =    -30538.7059
 EKCMT  =         0.0000  VIRIAL  =         0.0000  VOLUME     =    102705.8638
                                                    Density    =         0.9208
 ------------------------------------------------------------------------------

 NMR restraints: Bond =    0.468   Angle =     1.834   Torsion =     0.465
===============================================================================

 NSTEP =     9000   TIME(PS) =      18.000  TEMP(K) =   300.23  PRESS =     0.0
 Etot   =    -25066.8560  EKtot   =      5549.1240  EPtot      =    -30615.9800
 BOND   =        48.7737  ANGLE   =       107.0823  DIHED      =       128.7827
 1-4 NB =        77.4618  1-4 EEL =        60.2341  VDWAALS    =      4312.8013
 EELEC  =    -35357.8690  EHBOND  =         0.0000  RESTRAINT  =         6.7530
 EAMBER (non-restraint)  =    -30622.7330
 EKCMT  =         0.0000  VIRIAL  =         0.0000  VOLUME     =    101175.0053
                                                    Density    =         0.9347
 ------------------------------------------------------------------------------

 NMR restraints: Bond =    0.168   Angle =     2.089   Torsion =     1.752
===============================================================================

 NSTEP =     9500   TIME(PS) =      19.000  TEMP(K) =   296.81  PRESS =     0.0
 Etot   =    -25108.2333  EKtot   =      5485.9595  EPtot      =    -30594.1928
 BOND   =        59.9995  ANGLE   =       106.6192  DIHED      =       131.5848
 1-4 NB =        75.9559  1-4 EEL =        62.4218  VDWAALS    =      4124.7024
 EELEC  =    -35163.9797  EHBOND  =         0.0000  RESTRAINT  =         8.5034
 EAMBER (non-restraint)  =    -30602.6962
 EKCMT  =         0.0000  VIRIAL  =         0.0000  VOLUME     =    100767.3938
                                                    Density    =         0.9385
 ------------------------------------------------------------------------------

 NMR restraints: Bond =    1.330   Angle =     1.583   Torsion =     2.801
===============================================================================

 NSTEP =    10000   TIME(PS) =      20.000  TEMP(K) =   298.98  PRESS =     0.0
 Etot   =    -25123.9046  EKtot   =      5525.9731  EPtot      =    -30649.8777
 BOND   =        56.9851  ANGLE   =       106.9155  DIHED      =       128.5878
 1-4 NB =        79.8615  1-4 EEL =        60.5347  VDWAALS    =      4274.0970
 EELEC  =    -35365.0959  EHBOND  =         0.0000  RESTRAINT  =         8.2366
 EAMBER (non-restraint)  =    -30658.1143
 EKCMT  =         0.0000  VIRIAL  =         0.0000  VOLUME     =    100129.2147
                                                    Density    =         0.9445
 ------------------------------------------------------------------------------

 NMR restraints: Bond =    1.024   Angle =     1.229   Torsion =     3.388
===============================================================================

 NSTEP =    10500   TIME(PS) =      21.000  TEMP(K) =   303.75  PRESS =     0.0
 Etot   =    -25031.6292  EKtot   =      5614.1631  EPtot      =    -30645.7923
 BOND   =        44.7443  ANGLE   =       103.3498  DIHED      =       141.6716
 1-4 NB =        82.2790  1-4 EEL =        61.2232  VDWAALS    =      4004.0052
 EELEC  =    -35090.9402  EHBOND  =         0.0000  RESTRAINT  =         7.8748
 EAMBER (non-restraint)  =    -30653.6671
 EKCMT  =         0.0000  VIRIAL  =         0.0000  VOLUME     =    100129.2147
                                                    Density    =         0.9445
 ------------------------------------------------------------------------------

 NMR restraints: Bond =    0.440   Angle =     2.389   Torsion =     1.028
===============================================================================

 NSTEP =    11000   TIME(PS) =      22.000  TEMP(K) =   303.41  PRESS =     0.0
 Etot   =    -25095.1389  EKtot   =      5607.8242  EPtot      =    -30702.9631
 BOND   =        52.6923  ANGLE   =       102.1484  DIHED      =       127.8425
 1-4 NB =        77.9822  1-4 EEL =        64.7765  VDWAALS    =      4239.0388
 EELEC  =    -35375.5719  EHBOND  =         0.0000  RESTRAINT  =         8.1281
 EAMBER (non-restraint)  =    -30711.0912
 EKCMT  =         0.0000  VIRIAL  =         0.0000  VOLUME     =     98667.5518
                                                    Density    =         0.9585
 ------------------------------------------------------------------------------

 NMR restraints: Bond =    0.130   Angle =     3.057   Torsion =     1.772
===============================================================================

 NSTEP =    11500   TIME(PS) =      23.000  TEMP(K) =   299.68  PRESS =     0.0
 Etot   =    -25388.2874  EKtot   =      5538.9751  EPtot      =    -30927.2625
 BOND   =        56.2719  ANGLE   =       121.0545  DIHED      =       131.3856
 1-4 NB =        73.1246  1-4 EEL =        61.6123  VDWAALS    =      4482.1814
 EELEC  =    -35862.0151  EHBOND  =         0.0000  RESTRAINT  =         9.1222
 EAMBER (non-restraint)  =    -30936.3848
 EKCMT  =         0.0000  VIRIAL  =         0.0000  VOLUME     =     96519.2416
                                                    Density    =         0.9798
 ------------------------------------------------------------------------------

 NMR restraints: Bond =    0.743   Angle =     2.405   Torsion =     3.183
===============================================================================

 NSTEP =    12000   TIME(PS) =      24.000  TEMP(K) =   301.22  PRESS =     0.0
 Etot   =    -25468.7251  EKtot   =      5567.4067  EPtot      =    -31036.1319
 BOND   =        48.4538  ANGLE   =       106.4228  DIHED      =       144.2341
 1-4 NB =        79.1412  1-4 EEL =        63.4844  VDWAALS    =      4243.5164
 EELEC  =    -35733.3177  EHBOND  =         0.0000  RESTRAINT  =        11.9331
 EAMBER (non-restraint)  =    -31048.0650
 EKCMT  =         0.0000  VIRIAL  =         0.0000  VOLUME     =     96267.0418
                                                    Density    =         0.9824
 ------------------------------------------------------------------------------

 NMR restraints: Bond =    0.500   Angle =     6.365   Torsion =     0.765
===============================================================================
