
          -------------------------------------------------------
          Amber 18 PMEMD                              2018
          -------------------------------------------------------

| PMEMD implementation of SANDER, Release 18

| Run on 05/02/2018 at 10:58:22

|   Executable path: pmemd.cuda
| Working directory: /oasis/tscc/scratch/davids4/SAMPLing-cut9/11499291.tscc-mgr.local
|          Hostname: tscc-gpu-9-1.sdsc.edu

  [-O]verwriting output

File Assignments:
|   MDIN: equil.000.in                                                          
|  MDOUT: equil.000.out                                                         
| INPCRD: minimize.rst7                                                         
|   PARM: solvate.prmtop                                                        
| RESTRT: equil.000.rst7                                                        
|   REFC: solvate.rst7                                                          
|  MDVEL: mdvel                                                                 
|   MDEN: equil.000.mden                                                        
|  MDCRD: equil.000.nc                                                          
| MDINFO: equil.000.mdinfo                                                      
|  MDFRC: mdfrc                                                                 


 Here is the input file:

PBC MD Simulation                                                              
 &cntrl                                                                        
  imin =          0,                                                           
  ntx =           1,                                                           
  irest =         0,                                                           
  maxcyc =        0,                                                           
  ncyc =          0,                                                           
  dt =            0.002,                                                       
  nstlim =        500000,                                                      
  ntpr =          500,                                                         
  ntwe =          500,                                                         
  ntwr =          250,                                                         
  ntwx =          250,                                                         
  ntxo =          1,                                                           
  ioutfm =        1,                                                           
  ntf =           2,                                                           
  ntc =           2,                                                           
  cut =           9.0,                                                         
  igb =           0,                                                           
  tempi =         298.15,                                                      
  temp0 =         298.15,                                                      
  ntt =           3,                                                           
  gamma_ln =      1.0,                                                         
  ig =            -1,                                                          
  ntp =           1,                                                           
  barostat =      2,                                                           
  ntr =           1,                                                           
  restraint_wt =  50.0,                                                        
  restraintmask = '@DUM',                                                      
  nmropt =        1,                                                           
  pencut =        -1,                                                          
  ntwprt =        206,                                                         
 /                                                                             
 &wt type = 'END', /                                                           
DISANG = disang.rest                                                           
LISTOUT = POUT                                                                 
                                                                               


Note: ig = -1. Setting random seed to    74580 based on wallclock time in 
      microseconds.
| irandom = 1, using AMBER's internal random number generator (default).
 
|--------------------- INFORMATION ----------------------
| GPU (CUDA) Version of PMEMD in use: NVIDIA GPU IN USE.
|                    Version 18.0.0
| 
|                      03/25/2018
| 
| Implementation by:
|                    Ross C. Walker     (SDSC)
|                    Scott Le Grand     (nVIDIA)
| 
| Version 18 performance extensions by:
|                    David Cerutti     (Rutgers)
| 
| Precision model in use:
|      [SPFP] - Single Precision Forces, 64-bit Fixed Point
|               Accumulation. (Default)
| 
|--------------------------------------------------------
 
|----------------- CITATION INFORMATION -----------------
|
|    When publishing work that utilized the CUDA version
|    of AMBER, please cite the following in addition to
|    the regular AMBER citations:
|
|  - Romelia Salomon-Ferrer; Andreas W. Goetz; Duncan
|    Poole; Scott Le Grand; Ross C. Walker "Routine
|    microsecond molecular dynamics simulations with
|    AMBER - Part II: Particle Mesh Ewald", J. Chem.
|    Theory Comput., 2013, 9 (9), pp3878-3888,
|    DOI: 10.1021/ct400314y.
|
|  - Andreas W. Goetz; Mark J. Williamson; Dong Xu;
|    Duncan Poole; Scott Le Grand; Ross C. Walker
|    "Routine microsecond molecular dynamics simulations
|    with AMBER - Part I: Generalized Born", J. Chem.
|    Theory Comput., 2012, 8 (5), pp1542-1555.
|
|  - Scott Le Grand; Andreas W. Goetz; Ross C. Walker
|    "SPFP: Speed without compromise - a mixed precision
|    model for GPU accelerated molecular dynamics
|    simulations.", Comp. Phys. Comm., 2013, 184
|    pp374-380, DOI: 10.1016/j.cpc.2012.09.022
|
|--------------------------------------------------------
 
|------------------- GPU DEVICE INFO --------------------
|
|            CUDA_VISIBLE_DEVICES: 4
|   CUDA Capable Devices Detected:      1
|           CUDA Device ID in use:      0
|                CUDA Device Name: GeForce GTX TITAN X
|     CUDA Device Global Mem Size:  12207 MB
| CUDA Device Num Multiprocessors:     24
|           CUDA Device Core Freq:   1.08 GHz
|
|--------------------------------------------------------
 
 
| Conditional Compilation Defines Used:
| PUBFFT
| BINTRAJ
| CUDA
| EMIL

| Largest sphere to fit in unit cell has radius =    21.886

| New format PARM file being parsed.
| Version =    1.000 Date = 04/23/18 Time = 20:20:26

| Note: 1-4 EEL scale factors are being read from the topology file.

| Note: 1-4 VDW scale factors are being read from the topology file.
| Duplicated    0 dihedrals

| Duplicated    0 dihedrals

--------------------------------------------------------------------------------
   1.  RESOURCE   USE: 
--------------------------------------------------------------------------------

 getting new box info from bottom of inpcrd
 NATOM  =    9223 NTYPES =      11 NBONH =    9067 MBONA  =     155
 NTHETH =     153 MTHETA =     232 NPHIH =     345 MPHIA  =     366
 NHPARM =       0 NPARM  =       0 NNB   =   13221 NRES   =    3022
 NBONA  =     155 NTHETA =     232 NPHIA =     366 NUMBND =      13
 NUMANG =      22 NPTRA  =      15 NATYP =      13 NPHB   =       0
 IFBOX  =       1 NMXRS  =     184 IFCAP =       0 NEXTRA =       0
 NCOPY  =       0

| Coordinate Index Table dimensions:     9    8   12
| Direct force subcell size =     5.1790    5.4715    5.1355

     BOX TYPE: RECTILINEAR

--------------------------------------------------------------------------------
   2.  CONTROL  DATA  FOR  THE  RUN
--------------------------------------------------------------------------------

default_name                                                                    

General flags:
     imin    =       0, nmropt  =       1

Nature and format of input:
     ntx     =       1, irest   =       0, ntrx    =       1

Nature and format of output:
     ntxo    =       1, ntpr    =     500, ntrx    =       1, ntwr    =     250
     iwrap   =       0, ntwx    =     250, ntwv    =       0, ntwe    =     500
     ioutfm  =       1, ntwprt  =     206, idecomp =       0, rbornstat=      0

Potential function:
     ntf     =       2, ntb     =       2, igb     =       0, nsnb    =      25
     ipol    =       0, gbsa    =       0, iesp    =       0
     dielc   =   1.00000, cut     =   9.00000, intdiel =   1.00000

Frozen or restrained atoms:
     ibelly  =       0, ntr     =       1
     restraint_wt =  50.00000

Molecular dynamics:
     nstlim  =    500000, nscm    =         0, nrespa  =         1
     t       =   0.00000, dt      =   0.00200, vlimit  =  -1.00000

Langevin dynamics temperature regulation:
     ig      =   74580
     temp0   = 298.15000, tempi   = 298.15000, gamma_ln=   1.00000

Pressure regulation:
     ntp     =       1
     pres0   =   1.00000, comp    =  44.60000, taup    =   1.00000
     Monte-Carlo Barostat:
     mcbarint  =     100

SHAKE:
     ntc     =       2, jfastw  =       0
     tol     =   0.00001

NMR refinement options:
     iscale  =       0, noeskp  =       1, ipnlty  =       1, mxsub   =       1
     scalm   = 100.00000, pencut  =  -1.00000, tausw   =   0.10000

| Intermolecular bonds treatment:
|     no_intermolecular_bonds =       1

| Energy averages sample interval:
|     ene_avg_sampling =     500

Ewald parameters:
     verbose =       0, ew_type =       0, nbflag  =       1, use_pme =       1
     vdwmeth =       1, eedmeth =       1, netfrc  =       1
     Box X =   46.611   Box Y =   43.772   Box Z =   61.626
     Alpha =   90.000   Beta  =   90.000   Gamma =   90.000
     NFFT1 =   48       NFFT2 =   48       NFFT3 =   64
     Cutoff=    9.000   Tol   =0.100E-04
     Ewald Coefficient =  0.30768
     Interpolation order =    4

    LOADING THE CONSTRAINED ATOMS AS GROUPS


   5.  REFERENCE ATOM COORDINATES

  default_name                                                                    
     Mask @DUM; matches     3 atoms
| MONTE CARLO BAROSTAT IMPORTANT NOTE:
|   The Monte-Carlo barostat does not require the virial to adjust the system volume.
|   Since it is an expensive calculation, it is skipped for efficiency. A side-effect
|   is that the reported pressure is always 0 because it is not calculated.

--------------------------------------------------------------------------------
   3.  ATOMIC COORDINATES AND VELOCITIES
--------------------------------------------------------------------------------

default_name                                                                    
 begin time read from input coords =     0.000 ps



           Begin reading energy term weight changes/NMR restraints
 WEIGHT CHANGES:
                         ** No weight changes given **

 RESTRAINTS:
 Requested file redirections:
  DISANG    = disang.rest
  LISTOUT   = POUT
 Restraints will be read from file: disang.rest
Here are comments from the DISANG input file:

                       Number of restraints read =     9

                  Done reading weight changes/NMR restraints


 
 Number of triangulated 3-point waters found:     3000

     Sum of charges from parm topology file =   0.00000002
     Forcing neutrality...

| Dynamic Memory, Types Used:
| Reals              528921
| Integers           284277

| Nonbonded Pairs Initial Allocation:     2102844

| GPU memory information (estimate):
| KB of GPU memory in use:         0
| KB of CPU memory in use:         0

--------------------------------------------------------------------------------
   4.  RESULTS
--------------------------------------------------------------------------------


 NSTEP =        0   TIME(PS) =       0.000  TEMP(K) =   447.60  PRESS =     0.0
 Etot   =    -30709.5675  EKtot   =      8272.9149  EPtot      =    -38982.4824
 BOND   =        13.3574  ANGLE   =        54.5928  DIHED      =       104.0865
 1-4 NB =        67.1638  1-4 EEL =        60.1790  VDWAALS    =      6202.5577
 EELEC  =    -45484.9945  EHBOND  =         0.0000  RESTRAINT  =         0.5751
 EAMBER (non-restraint)  =    -38983.0575
 EKCMT  =         0.0000  VIRIAL  =         0.0000  VOLUME     =    125732.0172
                                                    Density    =         0.7521
 ------------------------------------------------------------------------------

 NMR restraints: Bond =    0.128   Angle =     0.436   Torsion =     0.002
===============================================================================

 NSTEP =      500   TIME(PS) =       1.000  TEMP(K) =   263.77  PRESS =     0.0
 Etot   =    -25879.6571  EKtot   =      4875.1548  EPtot      =    -30754.8119
 BOND   =        52.6471  ANGLE   =       109.1250  DIHED      =       130.7961
 1-4 NB =        78.1500  1-4 EEL =        59.7924  VDWAALS    =      4782.5896
 EELEC  =    -35976.8248  EHBOND  =         0.0000  RESTRAINT  =         8.9127
 EAMBER (non-restraint)  =    -30763.7246
 EKCMT  =         0.0000  VIRIAL  =         0.0000  VOLUME     =    124702.3064
                                                    Density    =         0.7584
 ------------------------------------------------------------------------------

 NMR restraints: Bond =    1.272   Angle =     1.883   Torsion =     0.867
===============================================================================
| MC Barostat: Decreasing size of volume moves

 NSTEP =     1000   TIME(PS) =       2.000  TEMP(K) =   282.65  PRESS =     0.0
 Etot   =    -25056.2532  EKtot   =      5224.2290  EPtot      =    -30280.4822
 BOND   =        54.2554  ANGLE   =       121.5154  DIHED      =       140.0801
 1-4 NB =        72.2132  1-4 EEL =        59.7318  VDWAALS    =      4216.8466
 EELEC  =    -34950.6027  EHBOND  =         0.0000  RESTRAINT  =         5.4780
 EAMBER (non-restraint)  =    -30285.9603
 EKCMT  =         0.0000  VIRIAL  =         0.0000  VOLUME     =    124702.3064
                                                    Density    =         0.7584
 ------------------------------------------------------------------------------

 NMR restraints: Bond =    0.315   Angle =     1.183   Torsion =     0.331
===============================================================================

 NSTEP =     1500   TIME(PS) =       3.000  TEMP(K) =   292.13  PRESS =     0.0
 Etot   =    -24729.1745  EKtot   =      5399.3091  EPtot      =    -30128.4836
 BOND   =        57.3755  ANGLE   =       110.5793  DIHED      =       138.3586
 1-4 NB =        77.0150  1-4 EEL =        55.3772  VDWAALS    =      4344.8461
 EELEC  =    -34920.2221  EHBOND  =         0.0000  RESTRAINT  =         8.1869
 EAMBER (non-restraint)  =    -30136.6705
 EKCMT  =         0.0000  VIRIAL  =         0.0000  VOLUME     =    123357.9335
                                                    Density    =         0.7666
 ------------------------------------------------------------------------------

 NMR restraints: Bond =    0.060   Angle =     1.488   Torsion =     0.692
===============================================================================

 NSTEP =     2000   TIME(PS) =       4.000  TEMP(K) =   296.06  PRESS =     0.0
 Etot   =    -24583.1500  EKtot   =      5471.9702  EPtot      =    -30055.1202
 BOND   =        56.0679  ANGLE   =        94.7294  DIHED      =       136.6480
 1-4 NB =        78.4486  1-4 EEL =        60.3607  VDWAALS    =      4270.2857
 EELEC  =    -34756.7786  EHBOND  =         0.0000  RESTRAINT  =         5.1180
 EAMBER (non-restraint)  =    -30060.2382
 EKCMT  =         0.0000  VIRIAL  =         0.0000  VOLUME     =    122731.5959
                                                    Density    =         0.7705
 ------------------------------------------------------------------------------

 NMR restraints: Bond =    0.565   Angle =     1.293   Torsion =     2.210
===============================================================================

 NSTEP =     2500   TIME(PS) =       5.000  TEMP(K) =   295.48  PRESS =     0.0
 Etot   =    -24448.2801  EKtot   =      5461.3774  EPtot      =    -29909.6575
 BOND   =        51.6251  ANGLE   =       120.3616  DIHED      =       135.1971
 1-4 NB =        81.8703  1-4 EEL =        67.5556  VDWAALS    =      4287.4863
 EELEC  =    -34661.0447  EHBOND  =         0.0000  RESTRAINT  =         7.2911
 EAMBER (non-restraint)  =    -29916.9486
 EKCMT  =         0.0000  VIRIAL  =         0.0000  VOLUME     =    120592.4571
                                                    Density    =         0.7842
 ------------------------------------------------------------------------------

 NMR restraints: Bond =    1.450   Angle =     0.976   Torsion =     0.306
===============================================================================

 NSTEP =     3000   TIME(PS) =       6.000  TEMP(K) =   303.12  PRESS =     0.0
 Etot   =    -24488.3121  EKtot   =      5602.6147  EPtot      =    -30090.9269
 BOND   =        65.3135  ANGLE   =       113.1372  DIHED      =       135.6540
 1-4 NB =        78.9516  1-4 EEL =        63.1430  VDWAALS    =      4371.0492
 EELEC  =    -34922.0814  EHBOND  =         0.0000  RESTRAINT  =         3.9061
 EAMBER (non-restraint)  =    -30094.8330
 EKCMT  =         0.0000  VIRIAL  =         0.0000  VOLUME     =    119173.3663
                                                    Density    =         0.7935
 ------------------------------------------------------------------------------

 NMR restraints: Bond =    0.247   Angle =     1.009   Torsion =     1.516
===============================================================================

 NSTEP =     3500   TIME(PS) =       7.000  TEMP(K) =   296.23  PRESS =     0.0
 Etot   =    -24638.4798  EKtot   =      5475.1250  EPtot      =    -30113.6048
 BOND   =        56.2895  ANGLE   =       113.2609  DIHED      =       133.4491
 1-4 NB =        75.9747  1-4 EEL =        60.8034  VDWAALS    =      4391.6017
 EELEC  =    -34951.0026  EHBOND  =         0.0000  RESTRAINT  =         6.0186
 EAMBER (non-restraint)  =    -30119.6234
 EKCMT  =         0.0000  VIRIAL  =         0.0000  VOLUME     =    118563.5561
                                                    Density    =         0.7976
 ------------------------------------------------------------------------------

 NMR restraints: Bond =    0.658   Angle =     2.013   Torsion =     0.806
===============================================================================

 NSTEP =     4000   TIME(PS) =       8.000  TEMP(K) =   299.41  PRESS =     0.0
 Etot   =    -24789.3998  EKtot   =      5534.0205  EPtot      =    -30323.4203
 BOND   =        51.0132  ANGLE   =       106.3453  DIHED      =       149.0241
 1-4 NB =        77.4391  1-4 EEL =        64.7981  VDWAALS    =      4381.2042
 EELEC  =    -35156.4471  EHBOND  =         0.0000  RESTRAINT  =         3.2027
 EAMBER (non-restraint)  =    -30326.6230
 EKCMT  =         0.0000  VIRIAL  =         0.0000  VOLUME     =    116851.7606
                                                    Density    =         0.8093
 ------------------------------------------------------------------------------

 NMR restraints: Bond =    0.375   Angle =     0.226   Torsion =     0.812
===============================================================================

 NSTEP =     4500   TIME(PS) =       9.000  TEMP(K) =   296.46  PRESS =     0.0
 Etot   =    -24800.5532  EKtot   =      5479.5127  EPtot      =    -30280.0659
 BOND   =        57.5024  ANGLE   =       110.0604  DIHED      =       133.4045
 1-4 NB =        74.1756  1-4 EEL =        63.3495  VDWAALS    =      4291.1973
 EELEC  =    -35013.4366  EHBOND  =         0.0000  RESTRAINT  =         3.6810
 EAMBER (non-restraint)  =    -30283.7469
 EKCMT  =         0.0000  VIRIAL  =         0.0000  VOLUME     =    116221.1334
                                                    Density    =         0.8137
 ------------------------------------------------------------------------------

 NMR restraints: Bond =    0.735   Angle =     0.552   Torsion =     0.696
===============================================================================

 NSTEP =     5000   TIME(PS) =      10.000  TEMP(K) =   298.00  PRESS =     0.0
 Etot   =    -24905.9604  EKtot   =      5507.8608  EPtot      =    -30413.8212
 BOND   =        55.4500  ANGLE   =       100.9481  DIHED      =       136.4306
 1-4 NB =        74.3605  1-4 EEL =        62.6326  VDWAALS    =      4208.3020
 EELEC  =    -35055.3120  EHBOND  =         0.0000  RESTRAINT  =         3.3670
 EAMBER (non-restraint)  =    -30417.1882
 EKCMT  =         0.0000  VIRIAL  =         0.0000  VOLUME     =    115019.0284
                                                    Density    =         0.8222
 ------------------------------------------------------------------------------

 NMR restraints: Bond =    0.092   Angle =     0.199   Torsion =     1.277
===============================================================================

 NSTEP =     5500   TIME(PS) =      11.000  TEMP(K) =   296.04  PRESS =     0.0
 Etot   =    -24922.9433  EKtot   =      5471.7065  EPtot      =    -30394.6498
 BOND   =        57.2494  ANGLE   =       119.0452  DIHED      =       133.0289
 1-4 NB =        76.6840  1-4 EEL =        58.2757  VDWAALS    =      4347.2374
 EELEC  =    -35190.9332  EHBOND  =         0.0000  RESTRAINT  =         4.7628
 EAMBER (non-restraint)  =    -30399.4126
 EKCMT  =         0.0000  VIRIAL  =         0.0000  VOLUME     =    113787.1274
                                                    Density    =         0.8311
 ------------------------------------------------------------------------------

 NMR restraints: Bond =    0.011   Angle =     0.311   Torsion =     0.408
===============================================================================

 NSTEP =     6000   TIME(PS) =      12.000  TEMP(K) =   296.91  PRESS =     0.0
 Etot   =    -25001.1700  EKtot   =      5487.7441  EPtot      =    -30488.9141
 BOND   =        53.7915  ANGLE   =       122.3126  DIHED      =       135.7958
 1-4 NB =        77.5697  1-4 EEL =        64.3246  VDWAALS    =      4518.5910
 EELEC  =    -35465.7088  EHBOND  =         0.0000  RESTRAINT  =         4.4095
 EAMBER (non-restraint)  =    -30493.3236
 EKCMT  =         0.0000  VIRIAL  =         0.0000  VOLUME     =    111658.4101
                                                    Density    =         0.8469
 ------------------------------------------------------------------------------

 NMR restraints: Bond =    0.286   Angle =     1.562   Torsion =     0.782
===============================================================================

 NSTEP =     6500   TIME(PS) =      13.000  TEMP(K) =   292.76  PRESS =     0.0
 Etot   =    -25082.3987  EKtot   =      5411.0742  EPtot      =    -30493.4729
 BOND   =        54.9055  ANGLE   =       112.6453  DIHED      =       133.1344
 1-4 NB =        73.1244  1-4 EEL =        66.6448  VDWAALS    =      4121.9439
 EELEC  =    -35062.1682  EHBOND  =         0.0000  RESTRAINT  =         6.2970
 EAMBER (non-restraint)  =    -30499.7699
 EKCMT  =         0.0000  VIRIAL  =         0.0000  VOLUME     =    111205.0654
                                                    Density    =         0.8504
 ------------------------------------------------------------------------------

 NMR restraints: Bond =    0.282   Angle =     0.778   Torsion =     1.373
===============================================================================

 NSTEP =     7000   TIME(PS) =      14.000  TEMP(K) =   292.30  PRESS =     0.0
 Etot   =    -25018.0233  EKtot   =      5402.4639  EPtot      =    -30420.4871
 BOND   =        53.8908  ANGLE   =       121.4867  DIHED      =       130.6279
 1-4 NB =        77.8646  1-4 EEL =        58.5513  VDWAALS    =      4322.6746
 EELEC  =    -35189.9025  EHBOND  =         0.0000  RESTRAINT  =         4.3195
 EAMBER (non-restraint)  =    -30424.8066
 EKCMT  =         0.0000  VIRIAL  =         0.0000  VOLUME     =    110368.2840
                                                    Density    =         0.8568
 ------------------------------------------------------------------------------

 NMR restraints: Bond =    0.792   Angle =     0.507   Torsion =     0.860
===============================================================================

 NSTEP =     7500   TIME(PS) =      15.000  TEMP(K) =   295.63  PRESS =     0.0
 Etot   =    -24949.9303  EKtot   =      5464.0308  EPtot      =    -30413.9611
 BOND   =        60.5856  ANGLE   =       106.2447  DIHED      =       136.5648
 1-4 NB =        74.0062  1-4 EEL =        64.3617  VDWAALS    =      4279.4219
 EELEC  =    -35138.4764  EHBOND  =         0.0000  RESTRAINT  =         3.3304
 EAMBER (non-restraint)  =    -30417.2915
 EKCMT  =         0.0000  VIRIAL  =         0.0000  VOLUME     =    109018.4421
                                                    Density    =         0.8674
 ------------------------------------------------------------------------------

 NMR restraints: Bond =    0.499   Angle =     1.076   Torsion =     0.289
===============================================================================

 NSTEP =     8000   TIME(PS) =      16.000  TEMP(K) =   301.73  PRESS =     0.0
 Etot   =    -24858.4819  EKtot   =      5576.8345  EPtot      =    -30435.3163
 BOND   =        51.3578  ANGLE   =       112.0451  DIHED      =       131.7692
 1-4 NB =        78.5586  1-4 EEL =        64.4085  VDWAALS    =      4181.7207
 EELEC  =    -35059.1258  EHBOND  =         0.0000  RESTRAINT  =         3.9496
 EAMBER (non-restraint)  =    -30439.2660
 EKCMT  =         0.0000  VIRIAL  =         0.0000  VOLUME     =    108406.3622
                                                    Density    =         0.8723
 ------------------------------------------------------------------------------

 NMR restraints: Bond =    0.308   Angle =     1.120   Torsion =     1.450
===============================================================================

 NSTEP =     8500   TIME(PS) =      17.000  TEMP(K) =   299.96  PRESS =     0.0
 Etot   =    -24800.8157  EKtot   =      5544.1807  EPtot      =    -30344.9964
 BOND   =        54.3724  ANGLE   =       101.8042  DIHED      =       135.3296
 1-4 NB =        79.0123  1-4 EEL =        62.2219  VDWAALS    =      4101.0900
 EELEC  =    -34885.1941  EHBOND  =         0.0000  RESTRAINT  =         6.3674
 EAMBER (non-restraint)  =    -30351.3638
 EKCMT  =         0.0000  VIRIAL  =         0.0000  VOLUME     =    108171.5223
                                                    Density    =         0.8742
 ------------------------------------------------------------------------------

 NMR restraints: Bond =    0.843   Angle =     1.797   Torsion =     2.598
===============================================================================

 NSTEP =     9000   TIME(PS) =      18.000  TEMP(K) =   303.76  PRESS =     0.0
 Etot   =    -24783.7323  EKtot   =      5614.3633  EPtot      =    -30398.0956
 BOND   =        49.0748  ANGLE   =       122.4716  DIHED      =       133.9852
 1-4 NB =        76.4106  1-4 EEL =        66.1297  VDWAALS    =      4412.9188
 EELEC  =    -35267.2638  EHBOND  =         0.0000  RESTRAINT  =         8.1775
 EAMBER (non-restraint)  =    -30406.2730
 EKCMT  =         0.0000  VIRIAL  =         0.0000  VOLUME     =    106882.5251
                                                    Density    =         0.8848
 ------------------------------------------------------------------------------

 NMR restraints: Bond =    0.021   Angle =     0.856   Torsion =     1.291
===============================================================================

 NSTEP =     9500   TIME(PS) =      19.000  TEMP(K) =   305.18  PRESS =     0.0
 Etot   =    -24825.4201  EKtot   =      5640.6230  EPtot      =    -30466.0431
 BOND   =        54.4449  ANGLE   =       102.2665  DIHED      =       142.7593
 1-4 NB =        75.6533  1-4 EEL =        64.1136  VDWAALS    =      4522.9367
 EELEC  =    -35431.1000  EHBOND  =         0.0000  RESTRAINT  =         2.8826
 EAMBER (non-restraint)  =    -30468.9257
 EKCMT  =         0.0000  VIRIAL  =         0.0000  VOLUME     =    105929.5344
                                                    Density    =         0.8927
 ------------------------------------------------------------------------------

 NMR restraints: Bond =    0.063   Angle =     1.112   Torsion =     0.311
===============================================================================

 NSTEP =    10000   TIME(PS) =      20.000  TEMP(K) =   297.10  PRESS =     0.0
 Etot   =    -25034.5662  EKtot   =      5491.2476  EPtot      =    -30525.8138
 BOND   =        54.8212  ANGLE   =       112.6348  DIHED      =       140.9163
 1-4 NB =        72.7001  1-4 EEL =        59.5604  VDWAALS    =      4201.0754
 EELEC  =    -35171.5347  EHBOND  =         0.0000  RESTRAINT  =         4.0128
 EAMBER (non-restraint)  =    -30529.8266
 EKCMT  =         0.0000  VIRIAL  =         0.0000  VOLUME     =    105785.0135
                                                    Density    =         0.8940
 ------------------------------------------------------------------------------

 NMR restraints: Bond =    0.151   Angle =     0.390   Torsion =     2.067
===============================================================================

 NSTEP =    10500   TIME(PS) =      21.000  TEMP(K) =   300.66  PRESS =     0.0
 Etot   =    -25119.8053  EKtot   =      5557.0625  EPtot      =    -30676.8678
 BOND   =        50.0597  ANGLE   =       102.9747  DIHED      =       135.0712
 1-4 NB =        69.1233  1-4 EEL =        64.4843  VDWAALS    =      4378.7978
 EELEC  =    -35483.0833  EHBOND  =         0.0000  RESTRAINT  =         5.7045
 EAMBER (non-restraint)  =    -30682.5723
 EKCMT  =         0.0000  VIRIAL  =         0.0000  VOLUME     =    105497.9844
                                                    Density    =         0.8964
 ------------------------------------------------------------------------------

 NMR restraints: Bond =    0.200   Angle =     0.811   Torsion =     1.123
===============================================================================

 NSTEP =    11000   TIME(PS) =      22.000  TEMP(K) =   301.43  PRESS =     0.0
 Etot   =    -24985.7808  EKtot   =      5571.2148  EPtot      =    -30556.9957
 BOND   =        57.0775  ANGLE   =       105.9709  DIHED      =       132.1929
 1-4 NB =        77.1482  1-4 EEL =        64.7218  VDWAALS    =      4216.3881
 EELEC  =    -35216.1849  EHBOND  =         0.0000  RESTRAINT  =         5.6899
 EAMBER (non-restraint)  =    -30562.6856
 EKCMT  =         0.0000  VIRIAL  =         0.0000  VOLUME     =    104336.5632
                                                    Density    =         0.9064
 ------------------------------------------------------------------------------

 NMR restraints: Bond =    0.019   Angle =     1.472   Torsion =     0.682
===============================================================================

 NSTEP =    11500   TIME(PS) =      23.000  TEMP(K) =   300.00  PRESS =     0.0
 Etot   =    -25050.9107  EKtot   =      5544.9355  EPtot      =    -30595.8463
 BOND   =        57.8153  ANGLE   =       111.9849  DIHED      =       137.2647
 1-4 NB =        75.9487  1-4 EEL =        60.2562  VDWAALS    =      4161.8959
 EELEC  =    -35206.1328  EHBOND  =         0.0000  RESTRAINT  =         5.1209
 EAMBER (non-restraint)  =    -30600.9672
 EKCMT  =         0.0000  VIRIAL  =         0.0000  VOLUME     =    103335.7154
                                                    Density    =         0.9152
 ------------------------------------------------------------------------------

 NMR restraints: Bond =    0.095   Angle =     1.171   Torsion =     1.099
===============================================================================

 NSTEP =    12000   TIME(PS) =      24.000  TEMP(K) =   300.33  PRESS =     0.0
 Etot   =    -25215.7280  EKtot   =      5550.9570  EPtot      =    -30766.6850
 BOND   =        56.9026  ANGLE   =       108.2618  DIHED      =       140.0099
 1-4 NB =        74.8149  1-4 EEL =        66.3841  VDWAALS    =      4194.5833
 EELEC  =    -35411.4852  EHBOND  =         0.0000  RESTRAINT  =         3.8435
 EAMBER (non-restraint)  =    -30770.5285
 EKCMT  =         0.0000  VIRIAL  =         0.0000  VOLUME     =    101188.7455
                                                    Density    =         0.9346
 ------------------------------------------------------------------------------

 NMR restraints: Bond =    0.032   Angle =     0.898   Torsion =     0.122
===============================================================================

 NSTEP =    12500   TIME(PS) =      25.000  TEMP(K) =   299.26  PRESS =     0.0
 Etot   =    -25233.9636  EKtot   =      5531.1128  EPtot      =    -30765.0764
 BOND   =        57.2126  ANGLE   =        96.8231  DIHED      =       138.1651
 1-4 NB =        84.4631  1-4 EEL =        66.6043  VDWAALS    =      4408.4928
 EELEC  =    -35621.3210  EHBOND  =         0.0000  RESTRAINT  =         4.4836
 EAMBER (non-restraint)  =    -30769.5600
 EKCMT  =         0.0000  VIRIAL  =         0.0000  VOLUME     =     99885.0842
                                                    Density    =         0.9468
 ------------------------------------------------------------------------------

 NMR restraints: Bond =    0.044   Angle =     1.719   Torsion =     0.516
===============================================================================
