
          -------------------------------------------------------
          Amber 18 PMEMD                              2018
          -------------------------------------------------------

| PMEMD implementation of SANDER, Release 18

| Run on 05/02/2018 at 11:04:25

|   Executable path: pmemd.cuda
| Working directory: /oasis/tscc/scratch/davids4/SAMPLing-cut9/11499381.tscc-mgr.local
|          Hostname: tscc-gpu-5-10.sdsc.edu

  [-O]verwriting output

File Assignments:
|   MDIN: equil.000.in                                                          
|  MDOUT: equil.000.out                                                         
| INPCRD: minimize.rst7                                                         
|   PARM: solvate.prmtop                                                        
| RESTRT: equil.000.rst7                                                        
|   REFC: solvate.rst7                                                          
|  MDVEL: mdvel                                                                 
|   MDEN: equil.000.mden                                                        
|  MDCRD: equil.000.nc                                                          
| MDINFO: equil.000.mdinfo                                                      
|  MDFRC: mdfrc                                                                 


 Here is the input file:

PBC MD Simulation                                                              
 &cntrl                                                                        
  imin =          0,                                                           
  ntx =           1,                                                           
  irest =         0,                                                           
  maxcyc =        0,                                                           
  ncyc =          0,                                                           
  dt =            0.002,                                                       
  nstlim =        500000,                                                      
  ntpr =          500,                                                         
  ntwe =          500,                                                         
  ntwr =          250,                                                         
  ntwx =          250,                                                         
  ntxo =          1,                                                           
  ioutfm =        1,                                                           
  ntf =           2,                                                           
  ntc =           2,                                                           
  cut =           9.0,                                                         
  igb =           0,                                                           
  tempi =         298.15,                                                      
  temp0 =         298.15,                                                      
  ntt =           3,                                                           
  gamma_ln =      1.0,                                                         
  ig =            -1,                                                          
  ntp =           1,                                                           
  barostat =      2,                                                           
  ntr =           1,                                                           
  restraint_wt =  50.0,                                                        
  restraintmask = '@DUM',                                                      
  nmropt =        1,                                                           
  pencut =        -1,                                                          
  ntwprt =        204,                                                         
 /                                                                             
 &wt type = 'END', /                                                           
DISANG = disang.rest                                                           
LISTOUT = POUT                                                                 
                                                                               


Note: ig = -1. Setting random seed to   516156 based on wallclock time in 
      microseconds.
| irandom = 1, using AMBER's internal random number generator (default).
 
|--------------------- INFORMATION ----------------------
| GPU (CUDA) Version of PMEMD in use: NVIDIA GPU IN USE.
|                    Version 18.0.0
| 
|                      03/25/2018
| 
| Implementation by:
|                    Ross C. Walker     (SDSC)
|                    Scott Le Grand     (nVIDIA)
| 
| Version 18 performance extensions by:
|                    David Cerutti     (Rutgers)
| 
| Precision model in use:
|      [SPFP] - Single Precision Forces, 64-bit Fixed Point
|               Accumulation. (Default)
| 
|--------------------------------------------------------
 
|----------------- CITATION INFORMATION -----------------
|
|    When publishing work that utilized the CUDA version
|    of AMBER, please cite the following in addition to
|    the regular AMBER citations:
|
|  - Romelia Salomon-Ferrer; Andreas W. Goetz; Duncan
|    Poole; Scott Le Grand; Ross C. Walker "Routine
|    microsecond molecular dynamics simulations with
|    AMBER - Part II: Particle Mesh Ewald", J. Chem.
|    Theory Comput., 2013, 9 (9), pp3878-3888,
|    DOI: 10.1021/ct400314y.
|
|  - Andreas W. Goetz; Mark J. Williamson; Dong Xu;
|    Duncan Poole; Scott Le Grand; Ross C. Walker
|    "Routine microsecond molecular dynamics simulations
|    with AMBER - Part I: Generalized Born", J. Chem.
|    Theory Comput., 2012, 8 (5), pp1542-1555.
|
|  - Scott Le Grand; Andreas W. Goetz; Ross C. Walker
|    "SPFP: Speed without compromise - a mixed precision
|    model for GPU accelerated molecular dynamics
|    simulations.", Comp. Phys. Comm., 2013, 184
|    pp374-380, DOI: 10.1016/j.cpc.2012.09.022
|
|--------------------------------------------------------
 
|------------------- GPU DEVICE INFO --------------------
|
|            CUDA_VISIBLE_DEVICES: 5
|   CUDA Capable Devices Detected:      1
|           CUDA Device ID in use:      0
|                CUDA Device Name: GeForce GTX TITAN X
|     CUDA Device Global Mem Size:  12207 MB
| CUDA Device Num Multiprocessors:     24
|           CUDA Device Core Freq:   1.08 GHz
|
|--------------------------------------------------------
 
 
| Conditional Compilation Defines Used:
| PUBFFT
| BINTRAJ
| CUDA
| EMIL

| Largest sphere to fit in unit cell has radius =    20.946

| New format PARM file being parsed.
| Version =    1.000 Date = 04/23/18 Time = 20:06:48

| Note: 1-4 EEL scale factors are being read from the topology file.

| Note: 1-4 VDW scale factors are being read from the topology file.
| Duplicated    0 dihedrals

| Duplicated    0 dihedrals

--------------------------------------------------------------------------------
   1.  RESOURCE   USE: 
--------------------------------------------------------------------------------

 getting new box info from bottom of inpcrd
 NATOM  =    9221 NTYPES =      11 NBONH =    9065 MBONA  =     155
 NTHETH =     148 MTHETA =     231 NPHIH =     343 MPHIA  =     362
 NHPARM =       0 NPARM  =       0 NNB   =   13205 NRES   =    3022
 NBONA  =     155 NTHETA =     231 NPHIA =     362 NUMBND =      16
 NUMANG =      28 NPTRA  =      15 NATYP =      14 NPHB   =       0
 IFBOX  =       1 NMXRS  =     184 IFCAP =       0 NEXTRA =       0
 NCOPY  =       0

| Coordinate Index Table dimensions:     8    8   14
| Direct force subcell size =     5.4385    5.2364    5.0387

     BOX TYPE: RECTILINEAR

--------------------------------------------------------------------------------
   2.  CONTROL  DATA  FOR  THE  RUN
--------------------------------------------------------------------------------

default_name                                                                    

General flags:
     imin    =       0, nmropt  =       1

Nature and format of input:
     ntx     =       1, irest   =       0, ntrx    =       1

Nature and format of output:
     ntxo    =       1, ntpr    =     500, ntrx    =       1, ntwr    =     250
     iwrap   =       0, ntwx    =     250, ntwv    =       0, ntwe    =     500
     ioutfm  =       1, ntwprt  =     204, idecomp =       0, rbornstat=      0

Potential function:
     ntf     =       2, ntb     =       2, igb     =       0, nsnb    =      25
     ipol    =       0, gbsa    =       0, iesp    =       0
     dielc   =   1.00000, cut     =   9.00000, intdiel =   1.00000

Frozen or restrained atoms:
     ibelly  =       0, ntr     =       1
     restraint_wt =  50.00000

Molecular dynamics:
     nstlim  =    500000, nscm    =         0, nrespa  =         1
     t       =   0.00000, dt      =   0.00200, vlimit  =  -1.00000

Langevin dynamics temperature regulation:
     ig      =  516156
     temp0   = 298.15000, tempi   = 298.15000, gamma_ln=   1.00000

Pressure regulation:
     ntp     =       1
     pres0   =   1.00000, comp    =  44.60000, taup    =   1.00000
     Monte-Carlo Barostat:
     mcbarint  =     100

SHAKE:
     ntc     =       2, jfastw  =       0
     tol     =   0.00001

NMR refinement options:
     iscale  =       0, noeskp  =       1, ipnlty  =       1, mxsub   =       1
     scalm   = 100.00000, pencut  =  -1.00000, tausw   =   0.10000

| Intermolecular bonds treatment:
|     no_intermolecular_bonds =       1

| Energy averages sample interval:
|     ene_avg_sampling =     500

Ewald parameters:
     verbose =       0, ew_type =       0, nbflag  =       1, use_pme =       1
     vdwmeth =       1, eedmeth =       1, netfrc  =       1
     Box X =   43.508   Box Y =   41.891   Box Z =   70.541
     Alpha =   90.000   Beta  =   90.000   Gamma =   90.000
     NFFT1 =   48       NFFT2 =   48       NFFT3 =   72
     Cutoff=    9.000   Tol   =0.100E-04
     Ewald Coefficient =  0.30768
     Interpolation order =    4

    LOADING THE CONSTRAINED ATOMS AS GROUPS


   5.  REFERENCE ATOM COORDINATES

  default_name                                                                    
     Mask @DUM; matches     3 atoms
| MONTE CARLO BAROSTAT IMPORTANT NOTE:
|   The Monte-Carlo barostat does not require the virial to adjust the system volume.
|   Since it is an expensive calculation, it is skipped for efficiency. A side-effect
|   is that the reported pressure is always 0 because it is not calculated.

--------------------------------------------------------------------------------
   3.  ATOMIC COORDINATES AND VELOCITIES
--------------------------------------------------------------------------------

default_name                                                                    
 begin time read from input coords =     0.000 ps



           Begin reading energy term weight changes/NMR restraints
 WEIGHT CHANGES:
                         ** No weight changes given **

 RESTRAINTS:
 Requested file redirections:
  DISANG    = disang.rest
  LISTOUT   = POUT
 Restraints will be read from file: disang.rest
Here are comments from the DISANG input file:

                       Number of restraints read =     9

                  Done reading weight changes/NMR restraints


 
 Number of triangulated 3-point waters found:     3000

     Sum of charges from parm topology file =   0.00000002
     Forcing neutrality...

| Dynamic Memory, Types Used:
| Reals              528869
| Integers           283979

| Nonbonded Pairs Initial Allocation:     2102388

| GPU memory information (estimate):
| KB of GPU memory in use:         0
| KB of CPU memory in use:         0

--------------------------------------------------------------------------------
   4.  RESULTS
--------------------------------------------------------------------------------


 NSTEP =        0   TIME(PS) =       0.000  TEMP(K) =   438.79  PRESS =     0.0
 Etot   =    -30803.1927  EKtot   =      8108.4203  EPtot      =    -38911.6129
 BOND   =        17.4837  ANGLE   =        64.1456  DIHED      =       104.9811
 1-4 NB =        66.7354  1-4 EEL =        59.9351  VDWAALS    =      6303.1363
 EELEC  =    -45528.8024  EHBOND  =         0.0000  RESTRAINT  =         0.7722
 EAMBER (non-restraint)  =    -38912.3852
 EKCMT  =         0.0000  VIRIAL  =         0.0000  VOLUME     =    128569.1850
                                                    Density    =         0.7355
 ------------------------------------------------------------------------------

 NMR restraints: Bond =    0.255   Angle =     0.349   Torsion =     0.107
===============================================================================

 NSTEP =      500   TIME(PS) =       1.000  TEMP(K) =   263.66  PRESS =     0.0
 Etot   =    -25998.8257  EKtot   =      4872.2241  EPtot      =    -30871.0498
 BOND   =        47.3649  ANGLE   =       103.0711  DIHED      =       128.2536
 1-4 NB =        77.2079  1-4 EEL =        60.3747  VDWAALS    =      5056.1394
 EELEC  =    -36350.0780  EHBOND  =         0.0000  RESTRAINT  =         6.6165
 EAMBER (non-restraint)  =    -30877.6663
 EKCMT  =         0.0000  VIRIAL  =         0.0000  VOLUME     =    126546.8183
                                                    Density    =         0.7473
 ------------------------------------------------------------------------------

 NMR restraints: Bond =    0.353   Angle =     0.603   Torsion =     0.921
===============================================================================

 NSTEP =     1000   TIME(PS) =       2.000  TEMP(K) =   281.61  PRESS =     0.0
 Etot   =    -25157.9309  EKtot   =      5203.9253  EPtot      =    -30361.8562
 BOND   =        57.0210  ANGLE   =       111.1920  DIHED      =       136.2659
 1-4 NB =        73.6875  1-4 EEL =        59.9629  VDWAALS    =      4423.6946
 EELEC  =    -35229.4839  EHBOND  =         0.0000  RESTRAINT  =         5.8039
 EAMBER (non-restraint)  =    -30367.6601
 EKCMT  =         0.0000  VIRIAL  =         0.0000  VOLUME     =    125646.5935
                                                    Density    =         0.7526
 ------------------------------------------------------------------------------

 NMR restraints: Bond =    1.624   Angle =     1.405   Torsion =     1.012
===============================================================================

 NSTEP =     1500   TIME(PS) =       3.000  TEMP(K) =   294.18  PRESS =     0.0
 Etot   =    -24711.6760  EKtot   =      5436.0732  EPtot      =    -30147.7492
 BOND   =        53.4412  ANGLE   =       112.2660  DIHED      =       138.7553
 1-4 NB =        72.0225  1-4 EEL =        62.3288  VDWAALS    =      4326.8171
 EELEC  =    -34917.0241  EHBOND  =         0.0000  RESTRAINT  =         3.6440
 EAMBER (non-restraint)  =    -30151.3932
 EKCMT  =         0.0000  VIRIAL  =         0.0000  VOLUME     =    124197.4734
                                                    Density    =         0.7614
 ------------------------------------------------------------------------------

 NMR restraints: Bond =    0.051   Angle =     1.148   Torsion =     0.925
===============================================================================

 NSTEP =     2000   TIME(PS) =       4.000  TEMP(K) =   294.98  PRESS =     0.0
 Etot   =    -24570.1797  EKtot   =      5450.9136  EPtot      =    -30021.0933
 BOND   =        55.2321  ANGLE   =       103.1620  DIHED      =       135.3393
 1-4 NB =        78.2789  1-4 EEL =        56.9160  VDWAALS    =      4388.5567
 EELEC  =    -34843.0249  EHBOND  =         0.0000  RESTRAINT  =         4.4467
 EAMBER (non-restraint)  =    -30025.5400
 EKCMT  =         0.0000  VIRIAL  =         0.0000  VOLUME     =    123212.9173
                                                    Density    =         0.7675
 ------------------------------------------------------------------------------

 NMR restraints: Bond =    0.226   Angle =     1.275   Torsion =     2.303
===============================================================================

 NSTEP =     2500   TIME(PS) =       5.000  TEMP(K) =   299.09  PRESS =     0.0
 Etot   =    -24526.2327  EKtot   =      5526.8252  EPtot      =    -30053.0579
 BOND   =        51.6065  ANGLE   =       102.5006  DIHED      =       127.4420
 1-4 NB =        74.7314  1-4 EEL =        57.9693  VDWAALS    =      4113.8467
 EELEC  =    -34584.4832  EHBOND  =         0.0000  RESTRAINT  =         3.3286
 EAMBER (non-restraint)  =    -30056.3866
 EKCMT  =         0.0000  VIRIAL  =         0.0000  VOLUME     =    122951.2164
                                                    Density    =         0.7691
 ------------------------------------------------------------------------------

 NMR restraints: Bond =    0.072   Angle =     0.373   Torsion =     1.369
===============================================================================

 NSTEP =     3000   TIME(PS) =       6.000  TEMP(K) =   296.40  PRESS =     0.0
 Etot   =    -24677.5685  EKtot   =      5477.2339  EPtot      =    -30154.8024
 BOND   =        49.2611  ANGLE   =       105.7565  DIHED      =       139.5094
 1-4 NB =        76.6193  1-4 EEL =        65.0721  VDWAALS    =      4362.1503
 EELEC  =    -34956.4683  EHBOND  =         0.0000  RESTRAINT  =         3.2972
 EAMBER (non-restraint)  =    -30158.0995
 EKCMT  =         0.0000  VIRIAL  =         0.0000  VOLUME     =    120277.7951
                                                    Density    =         0.7862
 ------------------------------------------------------------------------------

 NMR restraints: Bond =    0.149   Angle =     1.061   Torsion =     0.308
===============================================================================

 NSTEP =     3500   TIME(PS) =       7.000  TEMP(K) =   291.09  PRESS =     0.0
 Etot   =    -24864.4281  EKtot   =      5379.0854  EPtot      =    -30243.5136
 BOND   =        53.2616  ANGLE   =       102.1323  DIHED      =       129.5414
 1-4 NB =        75.5797  1-4 EEL =        60.6686  VDWAALS    =      4056.5675
 EELEC  =    -34726.8943  EHBOND  =         0.0000  RESTRAINT  =         5.6296
 EAMBER (non-restraint)  =    -30249.1431
 EKCMT  =         0.0000  VIRIAL  =         0.0000  VOLUME     =    118131.5490
                                                    Density    =         0.8005
 ------------------------------------------------------------------------------

 NMR restraints: Bond =    0.266   Angle =     1.959   Torsion =     0.797
===============================================================================

 NSTEP =     4000   TIME(PS) =       8.000  TEMP(K) =   295.77  PRESS =     0.0
 Etot   =    -24830.2580  EKtot   =      5465.5166  EPtot      =    -30295.7746
 BOND   =        49.2739  ANGLE   =       108.4643  DIHED      =       129.7955
 1-4 NB =        75.8226  1-4 EEL =        65.3382  VDWAALS    =      4251.7913
 EELEC  =    -34981.5628  EHBOND  =         0.0000  RESTRAINT  =         5.3025
 EAMBER (non-restraint)  =    -30301.0770
 EKCMT  =         0.0000  VIRIAL  =         0.0000  VOLUME     =    116483.2145
                                                    Density    =         0.8118
 ------------------------------------------------------------------------------

 NMR restraints: Bond =    2.477   Angle =     1.137   Torsion =     0.891
===============================================================================

 NSTEP =     4500   TIME(PS) =       9.000  TEMP(K) =   296.20  PRESS =     0.0
 Etot   =    -24911.5961  EKtot   =      5473.4683  EPtot      =    -30385.0643
 BOND   =        54.8880  ANGLE   =       108.4250  DIHED      =       129.0566
 1-4 NB =        71.9515  1-4 EEL =        57.5379  VDWAALS    =      4236.1773
 EELEC  =    -35047.8866  EHBOND  =         0.0000  RESTRAINT  =         4.7859
 EAMBER (non-restraint)  =    -30389.8502
 EKCMT  =         0.0000  VIRIAL  =         0.0000  VOLUME     =    114056.1626
                                                    Density    =         0.8291
 ------------------------------------------------------------------------------

 NMR restraints: Bond =    0.515   Angle =     1.578   Torsion =     0.458
===============================================================================

 NSTEP =     5000   TIME(PS) =      10.000  TEMP(K) =   298.87  PRESS =     0.0
 Etot   =    -24992.9003  EKtot   =      5522.7739  EPtot      =    -30515.6742
 BOND   =        57.6854  ANGLE   =       105.0051  DIHED      =       130.0984
 1-4 NB =        77.2925  1-4 EEL =        59.2964  VDWAALS    =      4372.4012
 EELEC  =    -35321.3776  EHBOND  =         0.0000  RESTRAINT  =         3.9244
 EAMBER (non-restraint)  =    -30519.5986
 EKCMT  =         0.0000  VIRIAL  =         0.0000  VOLUME     =    112155.9098
                                                    Density    =         0.8432
 ------------------------------------------------------------------------------

 NMR restraints: Bond =    0.212   Angle =     0.999   Torsion =     0.271
===============================================================================

 NSTEP =     5500   TIME(PS) =      11.000  TEMP(K) =   296.17  PRESS =     0.0
 Etot   =    -25062.6365  EKtot   =      5472.8125  EPtot      =    -30535.4490
 BOND   =        59.9227  ANGLE   =       111.7289  DIHED      =       130.1824
 1-4 NB =        74.5865  1-4 EEL =        61.9501  VDWAALS    =      4259.3279
 EELEC  =    -35238.2676  EHBOND  =         0.0000  RESTRAINT  =         5.1201
 EAMBER (non-restraint)  =    -30540.5691
 EKCMT  =         0.0000  VIRIAL  =         0.0000  VOLUME     =    110778.1502
                                                    Density    =         0.8536
 ------------------------------------------------------------------------------

 NMR restraints: Bond =    0.734   Angle =     2.205   Torsion =     0.008
===============================================================================

 NSTEP =     6000   TIME(PS) =      12.000  TEMP(K) =   292.86  PRESS =     0.0
 Etot   =    -25105.9323  EKtot   =      5411.6943  EPtot      =    -30517.6266
 BOND   =        57.9505  ANGLE   =       109.9644  DIHED      =       129.0673
 1-4 NB =        77.7879  1-4 EEL =        60.1896  VDWAALS    =      4415.9514
 EELEC  =    -35374.6780  EHBOND  =         0.0000  RESTRAINT  =         6.1403
 EAMBER (non-restraint)  =    -30523.7670
 EKCMT  =         0.0000  VIRIAL  =         0.0000  VOLUME     =    110025.6047
                                                    Density    =         0.8595
 ------------------------------------------------------------------------------

 NMR restraints: Bond =    0.503   Angle =     1.150   Torsion =     0.451
===============================================================================

 NSTEP =     6500   TIME(PS) =      13.000  TEMP(K) =   297.53  PRESS =     0.0
 Etot   =    -24961.3136  EKtot   =      5498.0552  EPtot      =    -30459.3687
 BOND   =        54.0259  ANGLE   =       114.5853  DIHED      =       143.7418
 1-4 NB =        78.4074  1-4 EEL =        61.7001  VDWAALS    =      4520.6776
 EELEC  =    -35435.8025  EHBOND  =         0.0000  RESTRAINT  =         3.2957
 EAMBER (non-restraint)  =    -30462.6645
 EKCMT  =         0.0000  VIRIAL  =         0.0000  VOLUME     =    108978.8718
                                                    Density    =         0.8677
 ------------------------------------------------------------------------------

 NMR restraints: Bond =    0.140   Angle =     1.037   Torsion =     0.214
===============================================================================

 NSTEP =     7000   TIME(PS) =      14.000  TEMP(K) =   295.62  PRESS =     0.0
 Etot   =    -25008.3378  EKtot   =      5462.8062  EPtot      =    -30471.1439
 BOND   =        57.7193  ANGLE   =       102.6942  DIHED      =       126.6667
 1-4 NB =        77.4041  1-4 EEL =        63.4235  VDWAALS    =      4228.3238
 EELEC  =    -35132.7027  EHBOND  =         0.0000  RESTRAINT  =         5.3272
 EAMBER (non-restraint)  =    -30476.4712
 EKCMT  =         0.0000  VIRIAL  =         0.0000  VOLUME     =    108543.7801
                                                    Density    =         0.8712
 ------------------------------------------------------------------------------

 NMR restraints: Bond =    1.298   Angle =     1.831   Torsion =     0.154
===============================================================================
