
          -------------------------------------------------------
          Amber 18 PMEMD                              2018
          -------------------------------------------------------

| PMEMD implementation of SANDER, Release 18

| Run on 05/02/2018 at 10:34:35

|   Executable path: pmemd.cuda
| Working directory: /oasis/tscc/scratch/davids4/SAMPLing-cut9/11499257.tscc-mgr.local
|          Hostname: tscc-gpu-8-8.sdsc.edu

  [-O]verwriting output

File Assignments:
|   MDIN: equil.000.in                                                          
|  MDOUT: equil.000.out                                                         
| INPCRD: minimize.rst7                                                         
|   PARM: solvate.prmtop                                                        
| RESTRT: equil.000.rst7                                                        
|   REFC: solvate.rst7                                                          
|  MDVEL: mdvel                                                                 
|   MDEN: equil.000.mden                                                        
|  MDCRD: equil.000.nc                                                          
| MDINFO: equil.000.mdinfo                                                      
|  MDFRC: mdfrc                                                                 


 Here is the input file:

PBC MD Simulation                                                              
 &cntrl                                                                        
  imin =          0,                                                           
  ntx =           1,                                                           
  irest =         0,                                                           
  maxcyc =        0,                                                           
  ncyc =          0,                                                           
  dt =            0.002,                                                       
  nstlim =        500000,                                                      
  ntpr =          500,                                                         
  ntwe =          500,                                                         
  ntwr =          250,                                                         
  ntwx =          250,                                                         
  ntxo =          1,                                                           
  ioutfm =        1,                                                           
  ntf =           2,                                                           
  ntc =           2,                                                           
  cut =           9.0,                                                         
  igb =           0,                                                           
  tempi =         298.15,                                                      
  temp0 =         298.15,                                                      
  ntt =           3,                                                           
  gamma_ln =      1.0,                                                         
  ig =            -1,                                                          
  ntp =           1,                                                           
  barostat =      2,                                                           
  ntr =           1,                                                           
  restraint_wt =  50.0,                                                        
  restraintmask = '@DUM',                                                      
  nmropt =        1,                                                           
  pencut =        -1,                                                          
  ntwprt =        204,                                                         
 /                                                                             
 &wt type = 'END', /                                                           
DISANG = disang.rest                                                           
LISTOUT = POUT                                                                 
                                                                               


Note: ig = -1. Setting random seed to   318009 based on wallclock time in 
      microseconds.
| irandom = 1, using AMBER's internal random number generator (default).
 
|--------------------- INFORMATION ----------------------
| GPU (CUDA) Version of PMEMD in use: NVIDIA GPU IN USE.
|                    Version 18.0.0
| 
|                      03/25/2018
| 
| Implementation by:
|                    Ross C. Walker     (SDSC)
|                    Scott Le Grand     (nVIDIA)
| 
| Version 18 performance extensions by:
|                    David Cerutti     (Rutgers)
| 
| Precision model in use:
|      [SPFP] - Single Precision Forces, 64-bit Fixed Point
|               Accumulation. (Default)
| 
|--------------------------------------------------------
 
|----------------- CITATION INFORMATION -----------------
|
|    When publishing work that utilized the CUDA version
|    of AMBER, please cite the following in addition to
|    the regular AMBER citations:
|
|  - Romelia Salomon-Ferrer; Andreas W. Goetz; Duncan
|    Poole; Scott Le Grand; Ross C. Walker "Routine
|    microsecond molecular dynamics simulations with
|    AMBER - Part II: Particle Mesh Ewald", J. Chem.
|    Theory Comput., 2013, 9 (9), pp3878-3888,
|    DOI: 10.1021/ct400314y.
|
|  - Andreas W. Goetz; Mark J. Williamson; Dong Xu;
|    Duncan Poole; Scott Le Grand; Ross C. Walker
|    "Routine microsecond molecular dynamics simulations
|    with AMBER - Part I: Generalized Born", J. Chem.
|    Theory Comput., 2012, 8 (5), pp1542-1555.
|
|  - Scott Le Grand; Andreas W. Goetz; Ross C. Walker
|    "SPFP: Speed without compromise - a mixed precision
|    model for GPU accelerated molecular dynamics
|    simulations.", Comp. Phys. Comm., 2013, 184
|    pp374-380, DOI: 10.1016/j.cpc.2012.09.022
|
|--------------------------------------------------------
 
|------------------- GPU DEVICE INFO --------------------
|
|            CUDA_VISIBLE_DEVICES: 4
|   CUDA Capable Devices Detected:      1
|           CUDA Device ID in use:      0
|                CUDA Device Name: GeForce GTX TITAN X
|     CUDA Device Global Mem Size:  12207 MB
| CUDA Device Num Multiprocessors:     24
|           CUDA Device Core Freq:   1.08 GHz
|
|--------------------------------------------------------
 
 
| Conditional Compilation Defines Used:
| PUBFFT
| BINTRAJ
| CUDA
| EMIL

| Largest sphere to fit in unit cell has radius =    21.056

| New format PARM file being parsed.
| Version =    1.000 Date = 04/23/18 Time = 19:57:59

| Note: 1-4 EEL scale factors are being read from the topology file.

| Note: 1-4 VDW scale factors are being read from the topology file.
| Duplicated    0 dihedrals

| Duplicated    0 dihedrals

--------------------------------------------------------------------------------
   1.  RESOURCE   USE: 
--------------------------------------------------------------------------------

 getting new box info from bottom of inpcrd
 NATOM  =    9221 NTYPES =      11 NBONH =    9065 MBONA  =     155
 NTHETH =     148 MTHETA =     231 NPHIH =     343 MPHIA  =     362
 NHPARM =       0 NPARM  =       0 NNB   =   13205 NRES   =    3022
 NBONA  =     155 NTHETA =     231 NPHIA =     362 NUMBND =      16
 NUMANG =      28 NPTRA  =      15 NATYP =      14 NPHB   =       0
 IFBOX  =       1 NMXRS  =     184 IFCAP =       0 NEXTRA =       0
 NCOPY  =       0

| Coordinate Index Table dimensions:     8    8   14
| Direct force subcell size =     5.2641    5.3276    5.0501

     BOX TYPE: RECTILINEAR

--------------------------------------------------------------------------------
   2.  CONTROL  DATA  FOR  THE  RUN
--------------------------------------------------------------------------------

default_name                                                                    

General flags:
     imin    =       0, nmropt  =       1

Nature and format of input:
     ntx     =       1, irest   =       0, ntrx    =       1

Nature and format of output:
     ntxo    =       1, ntpr    =     500, ntrx    =       1, ntwr    =     250
     iwrap   =       0, ntwx    =     250, ntwv    =       0, ntwe    =     500
     ioutfm  =       1, ntwprt  =     204, idecomp =       0, rbornstat=      0

Potential function:
     ntf     =       2, ntb     =       2, igb     =       0, nsnb    =      25
     ipol    =       0, gbsa    =       0, iesp    =       0
     dielc   =   1.00000, cut     =   9.00000, intdiel =   1.00000

Frozen or restrained atoms:
     ibelly  =       0, ntr     =       1
     restraint_wt =  50.00000

Molecular dynamics:
     nstlim  =    500000, nscm    =         0, nrespa  =         1
     t       =   0.00000, dt      =   0.00200, vlimit  =  -1.00000

Langevin dynamics temperature regulation:
     ig      =  318009
     temp0   = 298.15000, tempi   = 298.15000, gamma_ln=   1.00000

Pressure regulation:
     ntp     =       1
     pres0   =   1.00000, comp    =  44.60000, taup    =   1.00000
     Monte-Carlo Barostat:
     mcbarint  =     100

SHAKE:
     ntc     =       2, jfastw  =       0
     tol     =   0.00001

NMR refinement options:
     iscale  =       0, noeskp  =       1, ipnlty  =       1, mxsub   =       1
     scalm   = 100.00000, pencut  =  -1.00000, tausw   =   0.10000

| Intermolecular bonds treatment:
|     no_intermolecular_bonds =       1

| Energy averages sample interval:
|     ene_avg_sampling =     500

Ewald parameters:
     verbose =       0, ew_type =       0, nbflag  =       1, use_pme =       1
     vdwmeth =       1, eedmeth =       1, netfrc  =       1
     Box X =   42.113   Box Y =   42.620   Box Z =   70.701
     Alpha =   90.000   Beta  =   90.000   Gamma =   90.000
     NFFT1 =   48       NFFT2 =   48       NFFT3 =   72
     Cutoff=    9.000   Tol   =0.100E-04
     Ewald Coefficient =  0.30768
     Interpolation order =    4

    LOADING THE CONSTRAINED ATOMS AS GROUPS


   5.  REFERENCE ATOM COORDINATES

  default_name                                                                    
     Mask @DUM; matches     3 atoms
| MONTE CARLO BAROSTAT IMPORTANT NOTE:
|   The Monte-Carlo barostat does not require the virial to adjust the system volume.
|   Since it is an expensive calculation, it is skipped for efficiency. A side-effect
|   is that the reported pressure is always 0 because it is not calculated.

--------------------------------------------------------------------------------
   3.  ATOMIC COORDINATES AND VELOCITIES
--------------------------------------------------------------------------------

default_name                                                                    
 begin time read from input coords =     0.000 ps



           Begin reading energy term weight changes/NMR restraints
 WEIGHT CHANGES:
                         ** No weight changes given **

 RESTRAINTS:
 Requested file redirections:
  DISANG    = disang.rest
  LISTOUT   = POUT
 Restraints will be read from file: disang.rest
Here are comments from the DISANG input file:

                       Number of restraints read =     9

                  Done reading weight changes/NMR restraints


 
 Number of triangulated 3-point waters found:     3000

     Sum of charges from parm topology file =   0.00000002
     Forcing neutrality...

| Dynamic Memory, Types Used:
| Reals              528869
| Integers           283979

| Nonbonded Pairs Initial Allocation:     2102388

| GPU memory information (estimate):
| KB of GPU memory in use:         0
| KB of CPU memory in use:         0

--------------------------------------------------------------------------------
   4.  RESULTS
--------------------------------------------------------------------------------


 NSTEP =        0   TIME(PS) =       0.000  TEMP(K) =   443.35  PRESS =     0.0
 Etot   =    -30715.7155  EKtot   =      8192.5648  EPtot      =    -38908.2802
 BOND   =        12.6584  ANGLE   =        53.5089  DIHED      =       115.1911
 1-4 NB =        66.8545  1-4 EEL =        62.6314  VDWAALS    =      6205.5160
 EELEC  =    -45425.2130  EHBOND  =         0.0000  RESTRAINT  =         0.5723
 EAMBER (non-restraint)  =    -38908.8526
 EKCMT  =         0.0000  VIRIAL  =         0.0000  VOLUME     =    126898.0982
                                                    Density    =         0.7452
 ------------------------------------------------------------------------------

 NMR restraints: Bond =    0.119   Angle =     0.400   Torsion =     0.043
===============================================================================

 NSTEP =      500   TIME(PS) =       1.000  TEMP(K) =   266.77  PRESS =     0.0
 Etot   =    -25736.5486  EKtot   =      4929.6846  EPtot      =    -30666.2332
 BOND   =        46.4175  ANGLE   =        91.8002  DIHED      =       131.1731
 1-4 NB =        75.8469  1-4 EEL =        58.1859  VDWAALS    =      4502.5914
 EELEC  =    -35576.6250  EHBOND  =         0.0000  RESTRAINT  =         4.3768
 EAMBER (non-restraint)  =    -30670.6100
 EKCMT  =         0.0000  VIRIAL  =         0.0000  VOLUME     =    125941.6907
                                                    Density    =         0.7509
 ------------------------------------------------------------------------------

 NMR restraints: Bond =    0.216   Angle =     0.805   Torsion =     0.365
===============================================================================

 NSTEP =     1000   TIME(PS) =       2.000  TEMP(K) =   281.68  PRESS =     0.0
 Etot   =    -24855.7894  EKtot   =      5205.2134  EPtot      =    -30061.0027
 BOND   =        39.8490  ANGLE   =       113.3030  DIHED      =       144.8156
 1-4 NB =        77.1273  1-4 EEL =        59.4637  VDWAALS    =      4350.0357
 EELEC  =    -34851.0883  EHBOND  =         0.0000  RESTRAINT  =         5.4913
 EAMBER (non-restraint)  =    -30066.4941
 EKCMT  =         0.0000  VIRIAL  =         0.0000  VOLUME     =    125210.1538
                                                    Density    =         0.7552
 ------------------------------------------------------------------------------

 NMR restraints: Bond =    0.602   Angle =     1.087   Torsion =     1.197
===============================================================================

 NSTEP =     1500   TIME(PS) =       3.000  TEMP(K) =   292.45  PRESS =     0.0
 Etot   =    -24633.0348  EKtot   =      5404.0732  EPtot      =    -30037.1080
 BOND   =        53.0725  ANGLE   =       103.0546  DIHED      =       138.8254
 1-4 NB =        75.8851  1-4 EEL =        60.5229  VDWAALS    =      4411.5359
 EELEC  =    -34884.0453  EHBOND  =         0.0000  RESTRAINT  =         4.0410
 EAMBER (non-restraint)  =    -30041.1490
 EKCMT  =         0.0000  VIRIAL  =         0.0000  VOLUME     =    122393.4060
                                                    Density    =         0.7726
 ------------------------------------------------------------------------------

 NMR restraints: Bond =    1.634   Angle =     0.743   Torsion =     0.297
===============================================================================

 NSTEP =     2000   TIME(PS) =       4.000  TEMP(K) =   294.27  PRESS =     0.0
 Etot   =    -24410.0321  EKtot   =      5437.6992  EPtot      =    -29847.7314
 BOND   =        60.6136  ANGLE   =       106.7322  DIHED      =       128.8277
 1-4 NB =        77.0187  1-4 EEL =        59.5509  VDWAALS    =      4494.9254
 EELEC  =    -34779.7498  EHBOND  =         0.0000  RESTRAINT  =         4.3500
 EAMBER (non-restraint)  =    -29852.0814
 EKCMT  =         0.0000  VIRIAL  =         0.0000  VOLUME     =    120927.6927
                                                    Density    =         0.7820
 ------------------------------------------------------------------------------

 NMR restraints: Bond =    0.279   Angle =     1.465   Torsion =     0.377
===============================================================================

 NSTEP =     2500   TIME(PS) =       5.000  TEMP(K) =   301.48  PRESS =     0.0
 Etot   =    -24213.6982  EKtot   =      5570.9292  EPtot      =    -29784.6274
 BOND   =        56.6674  ANGLE   =       102.4329  DIHED      =       142.4929
 1-4 NB =        75.8932  1-4 EEL =        57.9080  VDWAALS    =      4230.0599
 EELEC  =    -34458.2646  EHBOND  =         0.0000  RESTRAINT  =         8.1829
 EAMBER (non-restraint)  =    -29792.8103
 EKCMT  =         0.0000  VIRIAL  =         0.0000  VOLUME     =    118799.5872
                                                    Density    =         0.7960
 ------------------------------------------------------------------------------

 NMR restraints: Bond =    2.909   Angle =     0.150   Torsion =     1.092
===============================================================================

 NSTEP =     3000   TIME(PS) =       6.000  TEMP(K) =   303.64  PRESS =     0.0
 Etot   =    -24301.8720  EKtot   =      5610.9497  EPtot      =    -29912.8217
 BOND   =        57.5380  ANGLE   =       116.5493  DIHED      =       135.2056
 1-4 NB =        78.5119  1-4 EEL =        60.5971  VDWAALS    =      3964.0913
 EELEC  =    -34332.1323  EHBOND  =         0.0000  RESTRAINT  =         6.8174
 EAMBER (non-restraint)  =    -29919.6391
 EKCMT  =         0.0000  VIRIAL  =         0.0000  VOLUME     =    118593.3540
                                                    Density    =         0.7974
 ------------------------------------------------------------------------------

 NMR restraints: Bond =    1.765   Angle =     1.026   Torsion =     0.851
===============================================================================

 NSTEP =     3500   TIME(PS) =       7.000  TEMP(K) =   296.90  PRESS =     0.0
 Etot   =    -24385.0336  EKtot   =      5486.4688  EPtot      =    -29871.5023
 BOND   =        53.0382  ANGLE   =       121.5958  DIHED      =       147.4063
 1-4 NB =        76.0282  1-4 EEL =        56.4050  VDWAALS    =      4028.1036
 EELEC  =    -34358.7046  EHBOND  =         0.0000  RESTRAINT  =         4.6251
 EAMBER (non-restraint)  =    -29876.1274
 EKCMT  =         0.0000  VIRIAL  =         0.0000  VOLUME     =    117180.6389
                                                    Density    =         0.8070
 ------------------------------------------------------------------------------

 NMR restraints: Bond =    0.331   Angle =     1.019   Torsion =     0.203
===============================================================================

 NSTEP =     4000   TIME(PS) =       8.000  TEMP(K) =   303.32  PRESS =     0.0
 Etot   =    -24497.6040  EKtot   =      5604.9956  EPtot      =    -30102.5996
 BOND   =        55.5316  ANGLE   =       114.1685  DIHED      =       130.3949
 1-4 NB =        70.6463  1-4 EEL =        61.6012  VDWAALS    =      4358.0017
 EELEC  =    -34899.5078  EHBOND  =         0.0000  RESTRAINT  =         6.5640
 EAMBER (non-restraint)  =    -30109.1636
 EKCMT  =         0.0000  VIRIAL  =         0.0000  VOLUME     =    115098.7784
                                                    Density    =         0.8216
 ------------------------------------------------------------------------------

 NMR restraints: Bond =    0.335   Angle =     0.660   Torsion =     0.949
===============================================================================

 NSTEP =     4500   TIME(PS) =       9.000  TEMP(K) =   301.04  PRESS =     0.0
 Etot   =    -24752.5265  EKtot   =      5562.8379  EPtot      =    -30315.3644
 BOND   =        48.3677  ANGLE   =       121.7675  DIHED      =       139.5451
 1-4 NB =        77.1617  1-4 EEL =        57.0707  VDWAALS    =      4494.6507
 EELEC  =    -35261.4807  EHBOND  =         0.0000  RESTRAINT  =         7.5528
 EAMBER (non-restraint)  =    -30322.9172
 EKCMT  =         0.0000  VIRIAL  =         0.0000  VOLUME     =    111828.3667
                                                    Density    =         0.8456
 ------------------------------------------------------------------------------

 NMR restraints: Bond =    1.210   Angle =     1.074   Torsion =     0.263
===============================================================================

 NSTEP =     5000   TIME(PS) =      10.000  TEMP(K) =   298.15  PRESS =     0.0
 Etot   =    -24849.7221  EKtot   =      5509.4062  EPtot      =    -30359.1284
 BOND   =        59.4160  ANGLE   =        87.9126  DIHED      =       132.2750
 1-4 NB =        70.4276  1-4 EEL =        61.0109  VDWAALS    =      4165.4525
 EELEC  =    -34941.2071  EHBOND  =         0.0000  RESTRAINT  =         5.5839
 EAMBER (non-restraint)  =    -30364.7123
 EKCMT  =         0.0000  VIRIAL  =         0.0000  VOLUME     =    110978.8374
                                                    Density    =         0.8521
 ------------------------------------------------------------------------------

 NMR restraints: Bond =    1.396   Angle =     1.901   Torsion =     0.033
===============================================================================

 NSTEP =     5500   TIME(PS) =      11.000  TEMP(K) =   298.50  PRESS =     0.0
 Etot   =    -24778.0020  EKtot   =      5515.8638  EPtot      =    -30293.8658
 BOND   =        51.7276  ANGLE   =       106.4599  DIHED      =       130.3937
 1-4 NB =        75.8241  1-4 EEL =        56.2313  VDWAALS    =      4167.9427
 EELEC  =    -34888.2137  EHBOND  =         0.0000  RESTRAINT  =         5.7686
 EAMBER (non-restraint)  =    -30299.6344
 EKCMT  =         0.0000  VIRIAL  =         0.0000  VOLUME     =    109662.4308
                                                    Density    =         0.8623
 ------------------------------------------------------------------------------

 NMR restraints: Bond =    0.618   Angle =     0.752   Torsion =     1.301
===============================================================================

 NSTEP =     6000   TIME(PS) =      12.000  TEMP(K) =   300.78  PRESS =     0.0
 Etot   =    -24949.8760  EKtot   =      5558.0913  EPtot      =    -30507.9673
 BOND   =        58.6147  ANGLE   =       127.2504  DIHED      =       127.2557
 1-4 NB =        76.6814  1-4 EEL =        60.3235  VDWAALS    =      4248.6058
 EELEC  =    -35209.5733  EHBOND  =         0.0000  RESTRAINT  =         2.8745
 EAMBER (non-restraint)  =    -30510.8418
 EKCMT  =         0.0000  VIRIAL  =         0.0000  VOLUME     =    108263.2889
                                                    Density    =         0.8735
 ------------------------------------------------------------------------------

 NMR restraints: Bond =    0.345   Angle =     0.650   Torsion =     0.128
===============================================================================

 NSTEP =     6500   TIME(PS) =      13.000  TEMP(K) =   295.56  PRESS =     0.0
 Etot   =    -24906.9896  EKtot   =      5461.5928  EPtot      =    -30368.5824
 BOND   =        62.4290  ANGLE   =       118.1257  DIHED      =       130.2907
 1-4 NB =        74.3932  1-4 EEL =        57.8133  VDWAALS    =      4347.1650
 EELEC  =    -35166.1359  EHBOND  =         0.0000  RESTRAINT  =         7.3366
 EAMBER (non-restraint)  =    -30375.9189
 EKCMT  =         0.0000  VIRIAL  =         0.0000  VOLUME     =    107174.2075
                                                    Density    =         0.8823
 ------------------------------------------------------------------------------

 NMR restraints: Bond =    0.322   Angle =     0.765   Torsion =     1.411
===============================================================================

 NSTEP =     7000   TIME(PS) =      14.000  TEMP(K) =   296.35  PRESS =     0.0
 Etot   =    -25151.1220  EKtot   =      5476.1860  EPtot      =    -30627.3080
 BOND   =        48.8779  ANGLE   =       111.9935  DIHED      =       126.8438
 1-4 NB =        78.6987  1-4 EEL =        63.6738  VDWAALS    =      4203.0016
 EELEC  =    -35266.9304  EHBOND  =         0.0000  RESTRAINT  =         6.5331
 EAMBER (non-restraint)  =    -30633.8411
 EKCMT  =         0.0000  VIRIAL  =         0.0000  VOLUME     =    105765.9843
                                                    Density    =         0.8941
 ------------------------------------------------------------------------------

 NMR restraints: Bond =    0.477   Angle =     0.987   Torsion =     1.363
===============================================================================
