
          -------------------------------------------------------
          Amber 18 PMEMD                              2018
          -------------------------------------------------------

| PMEMD implementation of SANDER, Release 18

| Run on 05/02/2018 at 12:00:06

|   Executable path: pmemd.cuda
| Working directory: /oasis/tscc/scratch/davids4/SAMPLing-cut9/11499571.tscc-mgr.local
|          Hostname: tscc-gpu-7-9.sdsc.edu

  [-O]verwriting output

File Assignments:
|   MDIN: equil.000.in                                                          
|  MDOUT: equil.000.out                                                         
| INPCRD: minimize.rst7                                                         
|   PARM: solvate.prmtop                                                        
| RESTRT: equil.000.rst7                                                        
|   REFC: solvate.rst7                                                          
|  MDVEL: mdvel                                                                 
|   MDEN: equil.000.mden                                                        
|  MDCRD: equil.000.nc                                                          
| MDINFO: equil.000.mdinfo                                                      
|  MDFRC: mdfrc                                                                 


 Here is the input file:

PBC MD Simulation                                                              
 &cntrl                                                                        
  imin =          0,                                                           
  ntx =           1,                                                           
  irest =         0,                                                           
  maxcyc =        0,                                                           
  ncyc =          0,                                                           
  dt =            0.002,                                                       
  nstlim =        500000,                                                      
  ntpr =          500,                                                         
  ntwe =          500,                                                         
  ntwr =          250,                                                         
  ntwx =          250,                                                         
  ntxo =          1,                                                           
  ioutfm =        1,                                                           
  ntf =           2,                                                           
  ntc =           2,                                                           
  cut =           9.0,                                                         
  igb =           0,                                                           
  tempi =         298.15,                                                      
  temp0 =         298.15,                                                      
  ntt =           3,                                                           
  gamma_ln =      1.0,                                                         
  ig =            -1,                                                          
  ntp =           1,                                                           
  barostat =      2,                                                           
  ntr =           1,                                                           
  restraint_wt =  50.0,                                                        
  restraintmask = '@DUM',                                                      
  nmropt =        1,                                                           
  pencut =        -1,                                                          
  ntwprt =        206,                                                         
 /                                                                             
 &wt type = 'END', /                                                           
DISANG = disang.rest                                                           
LISTOUT = POUT                                                                 
                                                                               


Note: ig = -1. Setting random seed to   702464 based on wallclock time in 
      microseconds.
| irandom = 1, using AMBER's internal random number generator (default).
 
|--------------------- INFORMATION ----------------------
| GPU (CUDA) Version of PMEMD in use: NVIDIA GPU IN USE.
|                    Version 18.0.0
| 
|                      03/25/2018
| 
| Implementation by:
|                    Ross C. Walker     (SDSC)
|                    Scott Le Grand     (nVIDIA)
| 
| Version 18 performance extensions by:
|                    David Cerutti     (Rutgers)
| 
| Precision model in use:
|      [SPFP] - Single Precision Forces, 64-bit Fixed Point
|               Accumulation. (Default)
| 
|--------------------------------------------------------
 
|----------------- CITATION INFORMATION -----------------
|
|    When publishing work that utilized the CUDA version
|    of AMBER, please cite the following in addition to
|    the regular AMBER citations:
|
|  - Romelia Salomon-Ferrer; Andreas W. Goetz; Duncan
|    Poole; Scott Le Grand; Ross C. Walker "Routine
|    microsecond molecular dynamics simulations with
|    AMBER - Part II: Particle Mesh Ewald", J. Chem.
|    Theory Comput., 2013, 9 (9), pp3878-3888,
|    DOI: 10.1021/ct400314y.
|
|  - Andreas W. Goetz; Mark J. Williamson; Dong Xu;
|    Duncan Poole; Scott Le Grand; Ross C. Walker
|    "Routine microsecond molecular dynamics simulations
|    with AMBER - Part I: Generalized Born", J. Chem.
|    Theory Comput., 2012, 8 (5), pp1542-1555.
|
|  - Scott Le Grand; Andreas W. Goetz; Ross C. Walker
|    "SPFP: Speed without compromise - a mixed precision
|    model for GPU accelerated molecular dynamics
|    simulations.", Comp. Phys. Comm., 2013, 184
|    pp374-380, DOI: 10.1016/j.cpc.2012.09.022
|
|--------------------------------------------------------
 
|------------------- GPU DEVICE INFO --------------------
|
|            CUDA_VISIBLE_DEVICES: 4
|   CUDA Capable Devices Detected:      1
|           CUDA Device ID in use:      0
|                CUDA Device Name: GeForce GTX TITAN X
|     CUDA Device Global Mem Size:  12207 MB
| CUDA Device Num Multiprocessors:     24
|           CUDA Device Core Freq:   1.08 GHz
|
|--------------------------------------------------------
 
 
| Conditional Compilation Defines Used:
| PUBFFT
| BINTRAJ
| CUDA
| EMIL

| Largest sphere to fit in unit cell has radius =    22.541

| New format PARM file being parsed.
| Version =    1.000 Date = 04/23/18 Time = 20:13:15

| Note: 1-4 EEL scale factors are being read from the topology file.

| Note: 1-4 VDW scale factors are being read from the topology file.
| Duplicated    0 dihedrals

| Duplicated    0 dihedrals

--------------------------------------------------------------------------------
   1.  RESOURCE   USE: 
--------------------------------------------------------------------------------

 getting new box info from bottom of inpcrd
 NATOM  =    9223 NTYPES =      11 NBONH =    9067 MBONA  =     155
 NTHETH =     153 MTHETA =     232 NPHIH =     345 MPHIA  =     366
 NHPARM =       0 NPARM  =       0 NNB   =   13221 NRES   =    3022
 NBONA  =     155 NTHETA =     232 NPHIA =     366 NUMBND =      13
 NUMANG =      22 NPTRA  =      15 NATYP =      13 NPHB   =       0
 IFBOX  =       1 NMXRS  =     184 IFCAP =       0 NEXTRA =       0
 NCOPY  =       0

| Coordinate Index Table dimensions:     9    9   12
| Direct force subcell size =     5.1070    5.0092    5.0679

     BOX TYPE: RECTILINEAR

--------------------------------------------------------------------------------
   2.  CONTROL  DATA  FOR  THE  RUN
--------------------------------------------------------------------------------

default_name                                                                    

General flags:
     imin    =       0, nmropt  =       1

Nature and format of input:
     ntx     =       1, irest   =       0, ntrx    =       1

Nature and format of output:
     ntxo    =       1, ntpr    =     500, ntrx    =       1, ntwr    =     250
     iwrap   =       0, ntwx    =     250, ntwv    =       0, ntwe    =     500
     ioutfm  =       1, ntwprt  =     206, idecomp =       0, rbornstat=      0

Potential function:
     ntf     =       2, ntb     =       2, igb     =       0, nsnb    =      25
     ipol    =       0, gbsa    =       0, iesp    =       0
     dielc   =   1.00000, cut     =   9.00000, intdiel =   1.00000

Frozen or restrained atoms:
     ibelly  =       0, ntr     =       1
     restraint_wt =  50.00000

Molecular dynamics:
     nstlim  =    500000, nscm    =         0, nrespa  =         1
     t       =   0.00000, dt      =   0.00200, vlimit  =  -1.00000

Langevin dynamics temperature regulation:
     ig      =  702464
     temp0   = 298.15000, tempi   = 298.15000, gamma_ln=   1.00000

Pressure regulation:
     ntp     =       1
     pres0   =   1.00000, comp    =  44.60000, taup    =   1.00000
     Monte-Carlo Barostat:
     mcbarint  =     100

SHAKE:
     ntc     =       2, jfastw  =       0
     tol     =   0.00001

NMR refinement options:
     iscale  =       0, noeskp  =       1, ipnlty  =       1, mxsub   =       1
     scalm   = 100.00000, pencut  =  -1.00000, tausw   =   0.10000

| Intermolecular bonds treatment:
|     no_intermolecular_bonds =       1

| Energy averages sample interval:
|     ene_avg_sampling =     500

Ewald parameters:
     verbose =       0, ew_type =       0, nbflag  =       1, use_pme =       1
     vdwmeth =       1, eedmeth =       1, netfrc  =       1
     Box X =   45.963   Box Y =   45.083   Box Z =   60.815
     Alpha =   90.000   Beta  =   90.000   Gamma =   90.000
     NFFT1 =   48       NFFT2 =   48       NFFT3 =   64
     Cutoff=    9.000   Tol   =0.100E-04
     Ewald Coefficient =  0.30768
     Interpolation order =    4

    LOADING THE CONSTRAINED ATOMS AS GROUPS


   5.  REFERENCE ATOM COORDINATES

  default_name                                                                    
     Mask @DUM; matches     3 atoms
| MONTE CARLO BAROSTAT IMPORTANT NOTE:
|   The Monte-Carlo barostat does not require the virial to adjust the system volume.
|   Since it is an expensive calculation, it is skipped for efficiency. A side-effect
|   is that the reported pressure is always 0 because it is not calculated.

--------------------------------------------------------------------------------
   3.  ATOMIC COORDINATES AND VELOCITIES
--------------------------------------------------------------------------------

default_name                                                                    
 begin time read from input coords =     0.000 ps



           Begin reading energy term weight changes/NMR restraints
 WEIGHT CHANGES:
                         ** No weight changes given **

 RESTRAINTS:
 Requested file redirections:
  DISANG    = disang.rest
  LISTOUT   = POUT
 Restraints will be read from file: disang.rest
Here are comments from the DISANG input file:

                       Number of restraints read =     9

                  Done reading weight changes/NMR restraints


 
 Number of triangulated 3-point waters found:     3000

     Sum of charges from parm topology file =   0.00000002
     Forcing neutrality...

| Dynamic Memory, Types Used:
| Reals              528921
| Integers           284277

| Nonbonded Pairs Initial Allocation:     2102844

| GPU memory information (estimate):
| KB of GPU memory in use:         0
| KB of CPU memory in use:         0

--------------------------------------------------------------------------------
   4.  RESULTS
--------------------------------------------------------------------------------


 NSTEP =        0   TIME(PS) =       0.000  TEMP(K) =   440.71  PRESS =     0.0
 Etot   =    -30617.3997  EKtot   =      8145.5162  EPtot      =    -38762.9159
 BOND   =        15.8761  ANGLE   =        54.3564  DIHED      =       102.3396
 1-4 NB =        66.1208  1-4 EEL =        59.0175  VDWAALS    =      6133.7802
 EELEC  =    -45195.1183  EHBOND  =         0.0000  RESTRAINT  =         0.7116
 EAMBER (non-restraint)  =    -38763.6275
 EKCMT  =         0.0000  VIRIAL  =         0.0000  VOLUME     =    126014.5159
                                                    Density    =         0.7505
 ------------------------------------------------------------------------------

 NMR restraints: Bond =    0.322   Angle =     0.358   Torsion =     0.015
===============================================================================

 NSTEP =      500   TIME(PS) =       1.000  TEMP(K) =   271.18  PRESS =     0.0
 Etot   =    -25850.9999  EKtot   =      5012.1685  EPtot      =    -30863.1683
 BOND   =        46.5882  ANGLE   =        96.7812  DIHED      =       133.7742
 1-4 NB =        73.8662  1-4 EEL =        63.2736  VDWAALS    =      4738.6320
 EELEC  =    -36022.5011  EHBOND  =         0.0000  RESTRAINT  =         6.4174
 EAMBER (non-restraint)  =    -30869.5857
 EKCMT  =         0.0000  VIRIAL  =         0.0000  VOLUME     =    124473.7923
                                                    Density    =         0.7597
 ------------------------------------------------------------------------------

 NMR restraints: Bond =    0.620   Angle =     1.674   Torsion =     0.206
===============================================================================
| MC Barostat: Increasing size of volume moves

 NSTEP =     1000   TIME(PS) =       2.000  TEMP(K) =   280.32  PRESS =     0.0
 Etot   =    -25306.3500  EKtot   =      5181.1226  EPtot      =    -30487.4726
 BOND   =        49.0526  ANGLE   =       107.9878  DIHED      =       130.9676
 1-4 NB =        77.0792  1-4 EEL =        60.9420  VDWAALS    =      4844.4936
 EELEC  =    -35762.8281  EHBOND  =         0.0000  RESTRAINT  =         4.8326
 EAMBER (non-restraint)  =    -30492.3052
 EKCMT  =         0.0000  VIRIAL  =         0.0000  VOLUME     =    120894.5674
                                                    Density    =         0.7822
 ------------------------------------------------------------------------------

 NMR restraints: Bond =    2.004   Angle =     1.506   Torsion =     0.118
===============================================================================

 NSTEP =     1500   TIME(PS) =       3.000  TEMP(K) =   293.51  PRESS =     0.0
 Etot   =    -24771.1766  EKtot   =      5424.9634  EPtot      =    -30196.1400
 BOND   =        47.9890  ANGLE   =       108.6003  DIHED      =       134.5283
 1-4 NB =        76.6601  1-4 EEL =        66.6939  VDWAALS    =      4320.8736
 EELEC  =    -34954.8260  EHBOND  =         0.0000  RESTRAINT  =         3.3407
 EAMBER (non-restraint)  =    -30199.4807
 EKCMT  =         0.0000  VIRIAL  =         0.0000  VOLUME     =    119201.1099
                                                    Density    =         0.7933
 ------------------------------------------------------------------------------

 NMR restraints: Bond =    0.799   Angle =     0.487   Torsion =     0.648
===============================================================================
| MC Barostat: Increasing size of volume moves

 NSTEP =     2000   TIME(PS) =       4.000  TEMP(K) =   298.19  PRESS =     0.0
 Etot   =    -24656.9731  EKtot   =      5511.3740  EPtot      =    -30168.3471
 BOND   =        54.2544  ANGLE   =       115.3314  DIHED      =       140.1649
 1-4 NB =        76.6126  1-4 EEL =        61.6353  VDWAALS    =      4658.2665
 EELEC  =    -35279.7012  EHBOND  =         0.0000  RESTRAINT  =         5.0889
 EAMBER (non-restraint)  =    -30173.4360
 EKCMT  =         0.0000  VIRIAL  =         0.0000  VOLUME     =    114818.2535
                                                    Density    =         0.8236
 ------------------------------------------------------------------------------

 NMR restraints: Bond =    1.599   Angle =     0.397   Torsion =     0.610
===============================================================================

 NSTEP =     2500   TIME(PS) =       5.000  TEMP(K) =   296.98  PRESS =     0.0
 Etot   =    -24700.7743  EKtot   =      5489.0186  EPtot      =    -30189.7929
 BOND   =        48.0810  ANGLE   =       128.5180  DIHED      =       137.0702
 1-4 NB =        78.2854  1-4 EEL =        62.7905  VDWAALS    =      4527.7077
 EELEC  =    -35177.9143  EHBOND  =         0.0000  RESTRAINT  =         5.6685
 EAMBER (non-restraint)  =    -30195.4614
 EKCMT  =         0.0000  VIRIAL  =         0.0000  VOLUME     =    113879.2749
                                                    Density    =         0.8304
 ------------------------------------------------------------------------------

 NMR restraints: Bond =    0.983   Angle =     2.132   Torsion =     0.309
===============================================================================

 NSTEP =     3000   TIME(PS) =       6.000  TEMP(K) =   298.12  PRESS =     0.0
 Etot   =    -24732.2000  EKtot   =      5510.0854  EPtot      =    -30242.2854
 BOND   =        47.0648  ANGLE   =       102.0739  DIHED      =       134.4259
 1-4 NB =        77.1469  1-4 EEL =        64.1616  VDWAALS    =      4521.0486
 EELEC  =    -35193.5945  EHBOND  =         0.0000  RESTRAINT  =         5.3874
 EAMBER (non-restraint)  =    -30247.6728
 EKCMT  =         0.0000  VIRIAL  =         0.0000  VOLUME     =    111843.2780
                                                    Density    =         0.8455
 ------------------------------------------------------------------------------

 NMR restraints: Bond =    0.188   Angle =     2.048   Torsion =     0.473
===============================================================================

 NSTEP =     3500   TIME(PS) =       7.000  TEMP(K) =   300.85  PRESS =     0.0
 Etot   =    -24700.2868  EKtot   =      5560.5835  EPtot      =    -30260.8703
 BOND   =        54.2265  ANGLE   =        86.4162  DIHED      =       133.1375
 1-4 NB =        77.1170  1-4 EEL =        61.8218  VDWAALS    =      4165.9390
 EELEC  =    -34843.0998  EHBOND  =         0.0000  RESTRAINT  =         3.5715
 EAMBER (non-restraint)  =    -30264.4418
 EKCMT  =         0.0000  VIRIAL  =         0.0000  VOLUME     =    109908.7880
                                                    Density    =         0.8604
 ------------------------------------------------------------------------------

 NMR restraints: Bond =    0.060   Angle =     0.949   Torsion =     0.647
===============================================================================

 NSTEP =     4000   TIME(PS) =       8.000  TEMP(K) =   302.31  PRESS =     0.0
 Etot   =    -24836.4157  EKtot   =      5587.6328  EPtot      =    -30424.0485
 BOND   =        57.3742  ANGLE   =       118.5635  DIHED      =       131.5044
 1-4 NB =        72.9165  1-4 EEL =        57.1629  VDWAALS    =      4302.8137
 EELEC  =    -35169.1310  EHBOND  =         0.0000  RESTRAINT  =         4.7474
 EAMBER (non-restraint)  =    -30428.7959
 EKCMT  =         0.0000  VIRIAL  =         0.0000  VOLUME     =    107446.2710
                                                    Density    =         0.8801
 ------------------------------------------------------------------------------

 NMR restraints: Bond =    0.425   Angle =     0.770   Torsion =     0.732
===============================================================================

 NSTEP =     4500   TIME(PS) =       9.000  TEMP(K) =   304.36  PRESS =     0.0
 Etot   =    -24845.0586  EKtot   =      5625.5161  EPtot      =    -30470.5747
 BOND   =        41.4029  ANGLE   =        95.7306  DIHED      =       135.8046
 1-4 NB =        79.3482  1-4 EEL =        65.3411  VDWAALS    =      4219.6328
 EELEC  =    -35113.8334  EHBOND  =         0.0000  RESTRAINT  =         5.9985
 EAMBER (non-restraint)  =    -30476.5732
 EKCMT  =         0.0000  VIRIAL  =         0.0000  VOLUME     =    105830.1317
                                                    Density    =         0.8936
 ------------------------------------------------------------------------------

 NMR restraints: Bond =    0.111   Angle =     1.568   Torsion =     1.175
===============================================================================

 NSTEP =     5000   TIME(PS) =      10.000  TEMP(K) =   300.82  PRESS =     0.0
 Etot   =    -24961.3920  EKtot   =      5559.9858  EPtot      =    -30521.3778
 BOND   =        57.1695  ANGLE   =       103.5266  DIHED      =       130.5896
 1-4 NB =        73.1279  1-4 EEL =        68.2895  VDWAALS    =      4523.5414
 EELEC  =    -35480.4969  EHBOND  =         0.0000  RESTRAINT  =         2.8746
 EAMBER (non-restraint)  =    -30524.2524
 EKCMT  =         0.0000  VIRIAL  =         0.0000  VOLUME     =    104899.1835
                                                    Density    =         0.9015
 ------------------------------------------------------------------------------

 NMR restraints: Bond =    0.008   Angle =     0.415   Torsion =     0.795
===============================================================================
