
          -------------------------------------------------------
          Amber 18 PMEMD                              2018
          -------------------------------------------------------

| PMEMD implementation of SANDER, Release 18

| Run on 05/02/2018 at 11:34:16

|   Executable path: pmemd.cuda
| Working directory: /oasis/tscc/scratch/davids4/SAMPLing-cut9/11499484.tscc-mgr.local
|          Hostname: tscc-gpu-5-10.sdsc.edu

  [-O]verwriting output

File Assignments:
|   MDIN: equil.000.in                                                          
|  MDOUT: equil.000.out                                                         
| INPCRD: minimize.rst7                                                         
|   PARM: solvate.prmtop                                                        
| RESTRT: equil.000.rst7                                                        
|   REFC: solvate.rst7                                                          
|  MDVEL: mdvel                                                                 
|   MDEN: equil.000.mden                                                        
|  MDCRD: equil.000.nc                                                          
| MDINFO: equil.000.mdinfo                                                      
|  MDFRC: mdfrc                                                                 


 Here is the input file:

PBC MD Simulation                                                              
 &cntrl                                                                        
  imin =          0,                                                           
  ntx =           1,                                                           
  irest =         0,                                                           
  maxcyc =        0,                                                           
  ncyc =          0,                                                           
  dt =            0.002,                                                       
  nstlim =        500000,                                                      
  ntpr =          500,                                                         
  ntwe =          500,                                                         
  ntwr =          250,                                                         
  ntwx =          250,                                                         
  ntxo =          1,                                                           
  ioutfm =        1,                                                           
  ntf =           2,                                                           
  ntc =           2,                                                           
  cut =           9.0,                                                         
  igb =           0,                                                           
  tempi =         298.15,                                                      
  temp0 =         298.15,                                                      
  ntt =           3,                                                           
  gamma_ln =      1.0,                                                         
  ig =            -1,                                                          
  ntp =           1,                                                           
  barostat =      2,                                                           
  ntr =           1,                                                           
  restraint_wt =  50.0,                                                        
  restraintmask = '@DUM',                                                      
  nmropt =        1,                                                           
  pencut =        -1,                                                          
  ntwprt =        206,                                                         
 /                                                                             
 &wt type = 'END', /                                                           
DISANG = disang.rest                                                           
LISTOUT = POUT                                                                 
                                                                               


Note: ig = -1. Setting random seed to   388582 based on wallclock time in 
      microseconds.
| irandom = 1, using AMBER's internal random number generator (default).
 
|--------------------- INFORMATION ----------------------
| GPU (CUDA) Version of PMEMD in use: NVIDIA GPU IN USE.
|                    Version 18.0.0
| 
|                      03/25/2018
| 
| Implementation by:
|                    Ross C. Walker     (SDSC)
|                    Scott Le Grand     (nVIDIA)
| 
| Version 18 performance extensions by:
|                    David Cerutti     (Rutgers)
| 
| Precision model in use:
|      [SPFP] - Single Precision Forces, 64-bit Fixed Point
|               Accumulation. (Default)
| 
|--------------------------------------------------------
 
|----------------- CITATION INFORMATION -----------------
|
|    When publishing work that utilized the CUDA version
|    of AMBER, please cite the following in addition to
|    the regular AMBER citations:
|
|  - Romelia Salomon-Ferrer; Andreas W. Goetz; Duncan
|    Poole; Scott Le Grand; Ross C. Walker "Routine
|    microsecond molecular dynamics simulations with
|    AMBER - Part II: Particle Mesh Ewald", J. Chem.
|    Theory Comput., 2013, 9 (9), pp3878-3888,
|    DOI: 10.1021/ct400314y.
|
|  - Andreas W. Goetz; Mark J. Williamson; Dong Xu;
|    Duncan Poole; Scott Le Grand; Ross C. Walker
|    "Routine microsecond molecular dynamics simulations
|    with AMBER - Part I: Generalized Born", J. Chem.
|    Theory Comput., 2012, 8 (5), pp1542-1555.
|
|  - Scott Le Grand; Andreas W. Goetz; Ross C. Walker
|    "SPFP: Speed without compromise - a mixed precision
|    model for GPU accelerated molecular dynamics
|    simulations.", Comp. Phys. Comm., 2013, 184
|    pp374-380, DOI: 10.1016/j.cpc.2012.09.022
|
|--------------------------------------------------------
 
|------------------- GPU DEVICE INFO --------------------
|
|            CUDA_VISIBLE_DEVICES: 6
|   CUDA Capable Devices Detected:      1
|           CUDA Device ID in use:      0
|                CUDA Device Name: GeForce GTX TITAN X
|     CUDA Device Global Mem Size:  12207 MB
| CUDA Device Num Multiprocessors:     24
|           CUDA Device Core Freq:   1.08 GHz
|
|--------------------------------------------------------
 
 
| Conditional Compilation Defines Used:
| PUBFFT
| BINTRAJ
| CUDA
| EMIL

| Largest sphere to fit in unit cell has radius =    22.338

| New format PARM file being parsed.
| Version =    1.000 Date = 04/23/18 Time = 20:20:04

| Note: 1-4 EEL scale factors are being read from the topology file.

| Note: 1-4 VDW scale factors are being read from the topology file.
| Duplicated    0 dihedrals

| Duplicated    0 dihedrals

--------------------------------------------------------------------------------
   1.  RESOURCE   USE: 
--------------------------------------------------------------------------------

 getting new box info from bottom of inpcrd
 NATOM  =    9223 NTYPES =      11 NBONH =    9067 MBONA  =     155
 NTHETH =     153 MTHETA =     232 NPHIH =     345 MPHIA  =     366
 NHPARM =       0 NPARM  =       0 NNB   =   13221 NRES   =    3022
 NBONA  =     155 NTHETA =     232 NPHIA =     366 NUMBND =      13
 NUMANG =      22 NPTRA  =      15 NATYP =      13 NPHB   =       0
 IFBOX  =       1 NMXRS  =     184 IFCAP =       0 NEXTRA =       0
 NCOPY  =       0

| Coordinate Index Table dimensions:     8    9   12
| Direct force subcell size =     5.5844    5.1077    5.0591

     BOX TYPE: RECTILINEAR

--------------------------------------------------------------------------------
   2.  CONTROL  DATA  FOR  THE  RUN
--------------------------------------------------------------------------------

default_name                                                                    

General flags:
     imin    =       0, nmropt  =       1

Nature and format of input:
     ntx     =       1, irest   =       0, ntrx    =       1

Nature and format of output:
     ntxo    =       1, ntpr    =     500, ntrx    =       1, ntwr    =     250
     iwrap   =       0, ntwx    =     250, ntwv    =       0, ntwe    =     500
     ioutfm  =       1, ntwprt  =     206, idecomp =       0, rbornstat=      0

Potential function:
     ntf     =       2, ntb     =       2, igb     =       0, nsnb    =      25
     ipol    =       0, gbsa    =       0, iesp    =       0
     dielc   =   1.00000, cut     =   9.00000, intdiel =   1.00000

Frozen or restrained atoms:
     ibelly  =       0, ntr     =       1
     restraint_wt =  50.00000

Molecular dynamics:
     nstlim  =    500000, nscm    =         0, nrespa  =         1
     t       =   0.00000, dt      =   0.00200, vlimit  =  -1.00000

Langevin dynamics temperature regulation:
     ig      =  388582
     temp0   = 298.15000, tempi   = 298.15000, gamma_ln=   1.00000

Pressure regulation:
     ntp     =       1
     pres0   =   1.00000, comp    =  44.60000, taup    =   1.00000
     Monte-Carlo Barostat:
     mcbarint  =     100

SHAKE:
     ntc     =       2, jfastw  =       0
     tol     =   0.00001

NMR refinement options:
     iscale  =       0, noeskp  =       1, ipnlty  =       1, mxsub   =       1
     scalm   = 100.00000, pencut  =  -1.00000, tausw   =   0.10000

| Intermolecular bonds treatment:
|     no_intermolecular_bonds =       1

| Energy averages sample interval:
|     ene_avg_sampling =     500

Ewald parameters:
     verbose =       0, ew_type =       0, nbflag  =       1, use_pme =       1
     vdwmeth =       1, eedmeth =       1, netfrc  =       1
     Box X =   44.675   Box Y =   45.969   Box Z =   60.709
     Alpha =   90.000   Beta  =   90.000   Gamma =   90.000
     NFFT1 =   48       NFFT2 =   48       NFFT3 =   64
     Cutoff=    9.000   Tol   =0.100E-04
     Ewald Coefficient =  0.30768
     Interpolation order =    4

    LOADING THE CONSTRAINED ATOMS AS GROUPS


   5.  REFERENCE ATOM COORDINATES

  default_name                                                                    
     Mask @DUM; matches     3 atoms
| MONTE CARLO BAROSTAT IMPORTANT NOTE:
|   The Monte-Carlo barostat does not require the virial to adjust the system volume.
|   Since it is an expensive calculation, it is skipped for efficiency. A side-effect
|   is that the reported pressure is always 0 because it is not calculated.

--------------------------------------------------------------------------------
   3.  ATOMIC COORDINATES AND VELOCITIES
--------------------------------------------------------------------------------

default_name                                                                    
 begin time read from input coords =     0.000 ps



           Begin reading energy term weight changes/NMR restraints
 WEIGHT CHANGES:
                         ** No weight changes given **

 RESTRAINTS:
 Requested file redirections:
  DISANG    = disang.rest
  LISTOUT   = POUT
 Restraints will be read from file: disang.rest
Here are comments from the DISANG input file:

                       Number of restraints read =     9

                  Done reading weight changes/NMR restraints


 
 Number of triangulated 3-point waters found:     3000

     Sum of charges from parm topology file =   0.00000002
     Forcing neutrality...

| Dynamic Memory, Types Used:
| Reals              528921
| Integers           284277

| Nonbonded Pairs Initial Allocation:     2102844

| GPU memory information (estimate):
| KB of GPU memory in use:         0
| KB of CPU memory in use:         0

--------------------------------------------------------------------------------
   4.  RESULTS
--------------------------------------------------------------------------------


 NSTEP =        0   TIME(PS) =       0.000  TEMP(K) =   449.43  PRESS =     0.0
 Etot   =    -30622.8240  EKtot   =      8306.8260  EPtot      =    -38929.6500
 BOND   =        14.4144  ANGLE   =        53.8103  DIHED      =       113.0505
 1-4 NB =        68.1636  1-4 EEL =        61.6808  VDWAALS    =      6204.1450
 EELEC  =    -45449.7391  EHBOND  =         0.0000  RESTRAINT  =         4.8246
 EAMBER (non-restraint)  =    -38934.4745
 EKCMT  =         0.0000  VIRIAL  =         0.0000  VOLUME     =    124678.1347
                                                    Density    =         0.7585
 ------------------------------------------------------------------------------

 NMR restraints: Bond =    0.463   Angle =     4.250   Torsion =     0.016
===============================================================================

 NSTEP =      500   TIME(PS) =       1.000  TEMP(K) =   262.92  PRESS =     0.0
 Etot   =    -25763.2628  EKtot   =      4859.5435  EPtot      =    -30622.8063
 BOND   =        34.1122  ANGLE   =       109.2367  DIHED      =       134.8393
 1-4 NB =        81.3365  1-4 EEL =        67.5201  VDWAALS    =      4562.7431
 EELEC  =    -35618.0177  EHBOND  =         0.0000  RESTRAINT  =         5.4237
 EAMBER (non-restraint)  =    -30628.2299
 EKCMT  =         0.0000  VIRIAL  =         0.0000  VOLUME     =    123064.3052
                                                    Density    =         0.7684
 ------------------------------------------------------------------------------

 NMR restraints: Bond =    0.063   Angle =     1.500   Torsion =     0.100
===============================================================================

 NSTEP =     1000   TIME(PS) =       2.000  TEMP(K) =   279.94  PRESS =     0.0
 Etot   =    -24999.5265  EKtot   =      5174.1543  EPtot      =    -30173.6808
 BOND   =        52.0149  ANGLE   =       106.6666  DIHED      =       129.7340
 1-4 NB =        75.0653  1-4 EEL =        61.4258  VDWAALS    =      4311.6164
 EELEC  =    -34914.0525  EHBOND  =         0.0000  RESTRAINT  =         3.8488
 EAMBER (non-restraint)  =    -30177.5296
 EKCMT  =         0.0000  VIRIAL  =         0.0000  VOLUME     =    122228.3007
                                                    Density    =         0.7737
 ------------------------------------------------------------------------------

 NMR restraints: Bond =    0.293   Angle =     0.776   Torsion =     0.675
===============================================================================

 NSTEP =     1500   TIME(PS) =       3.000  TEMP(K) =   298.26  PRESS =     0.0
 Etot   =    -24603.1724  EKtot   =      5512.7529  EPtot      =    -30115.9253
 BOND   =        61.8326  ANGLE   =       102.6816  DIHED      =       134.7249
 1-4 NB =        74.1749  1-4 EEL =        60.6913  VDWAALS    =      4263.4695
 EELEC  =    -34818.6461  EHBOND  =         0.0000  RESTRAINT  =         5.1460
 EAMBER (non-restraint)  =    -30121.0713
 EKCMT  =         0.0000  VIRIAL  =         0.0000  VOLUME     =    121171.8230
                                                    Density    =         0.7804
 ------------------------------------------------------------------------------

 NMR restraints: Bond =    0.153   Angle =     1.370   Torsion =     1.860
===============================================================================

 NSTEP =     2000   TIME(PS) =       4.000  TEMP(K) =   296.89  PRESS =     0.0
 Etot   =    -24508.4725  EKtot   =      5487.3882  EPtot      =    -29995.8607
 BOND   =        54.5025  ANGLE   =       114.8140  DIHED      =       136.8691
 1-4 NB =        73.8861  1-4 EEL =        64.6307  VDWAALS    =      4120.9478
 EELEC  =    -34565.7273  EHBOND  =         0.0000  RESTRAINT  =         4.2163
 EAMBER (non-restraint)  =    -30000.0770
 EKCMT  =         0.0000  VIRIAL  =         0.0000  VOLUME     =    119946.4974
                                                    Density    =         0.7884
 ------------------------------------------------------------------------------

 NMR restraints: Bond =    0.037   Angle =     0.681   Torsion =     0.949
===============================================================================

 NSTEP =     2500   TIME(PS) =       5.000  TEMP(K) =   297.85  PRESS =     0.0
 Etot   =    -24585.9391  EKtot   =      5505.1479  EPtot      =    -30091.0870
 BOND   =        51.9783  ANGLE   =       122.1419  DIHED      =       131.8709
 1-4 NB =        76.3211  1-4 EEL =        59.2263  VDWAALS    =      4217.3204
 EELEC  =    -34752.4066  EHBOND  =         0.0000  RESTRAINT  =         2.4608
 EAMBER (non-restraint)  =    -30093.5479
 EKCMT  =         0.0000  VIRIAL  =         0.0000  VOLUME     =    118893.5820
                                                    Density    =         0.7954
 ------------------------------------------------------------------------------

 NMR restraints: Bond =    0.142   Angle =     1.077   Torsion =     0.108
===============================================================================

 NSTEP =     3000   TIME(PS) =       6.000  TEMP(K) =   299.38  PRESS =     0.0
 Etot   =    -24531.3910  EKtot   =      5533.4785  EPtot      =    -30064.8696
 BOND   =        57.4348  ANGLE   =       109.1103  DIHED      =       126.3534
 1-4 NB =        75.1829  1-4 EEL =        63.9721  VDWAALS    =      4200.4740
 EELEC  =    -34702.4044  EHBOND  =         0.0000  RESTRAINT  =         5.0072
 EAMBER (non-restraint)  =    -30069.8768
 EKCMT  =         0.0000  VIRIAL  =         0.0000  VOLUME     =    117855.4454
                                                    Density    =         0.8024
 ------------------------------------------------------------------------------

 NMR restraints: Bond =    0.264   Angle =     0.368   Torsion =     0.237
===============================================================================

 NSTEP =     3500   TIME(PS) =       7.000  TEMP(K) =   296.81  PRESS =     0.0
 Etot   =    -24625.4673  EKtot   =      5485.8418  EPtot      =    -30111.3091
 BOND   =        52.7168  ANGLE   =       114.2818  DIHED      =       130.7236
 1-4 NB =        75.2459  1-4 EEL =        63.1092  VDWAALS    =      4368.9971
 EELEC  =    -34920.0430  EHBOND  =         0.0000  RESTRAINT  =         3.6595
 EAMBER (non-restraint)  =    -30114.9686
 EKCMT  =         0.0000  VIRIAL  =         0.0000  VOLUME     =    116046.0982
                                                    Density    =         0.8149
 ------------------------------------------------------------------------------

 NMR restraints: Bond =    0.048   Angle =     1.281   Torsion =     0.592
===============================================================================

 NSTEP =     4000   TIME(PS) =       8.000  TEMP(K) =   298.09  PRESS =     0.0
 Etot   =    -24788.3882  EKtot   =      5509.4917  EPtot      =    -30297.8799
 BOND   =        51.4729  ANGLE   =        99.5404  DIHED      =       130.4559
 1-4 NB =        72.8657  1-4 EEL =        62.2295  VDWAALS    =      4603.9295
 EELEC  =    -35324.8772  EHBOND  =         0.0000  RESTRAINT  =         6.5034
 EAMBER (non-restraint)  =    -30304.3833
 EKCMT  =         0.0000  VIRIAL  =         0.0000  VOLUME     =    114881.9893
                                                    Density    =         0.8232
 ------------------------------------------------------------------------------

 NMR restraints: Bond =    3.112   Angle =     1.169   Torsion =     0.583
===============================================================================

 NSTEP =     4500   TIME(PS) =       9.000  TEMP(K) =   297.59  PRESS =     0.0
 Etot   =    -24808.8656  EKtot   =      5500.3770  EPtot      =    -30309.2425
 BOND   =        54.2327  ANGLE   =       109.5158  DIHED      =       125.7984
 1-4 NB =        73.5296  1-4 EEL =        58.2728  VDWAALS    =      4422.1525
 EELEC  =    -35160.0856  EHBOND  =         0.0000  RESTRAINT  =         7.3411
 EAMBER (non-restraint)  =    -30316.5837
 EKCMT  =         0.0000  VIRIAL  =         0.0000  VOLUME     =    112891.1597
                                                    Density    =         0.8377
 ------------------------------------------------------------------------------

 NMR restraints: Bond =    3.334   Angle =     1.684   Torsion =     0.439
===============================================================================

 NSTEP =     5000   TIME(PS) =      10.000  TEMP(K) =   301.24  PRESS =     0.0
 Etot   =    -24829.9728  EKtot   =      5567.8569  EPtot      =    -30397.8297
 BOND   =        56.0925  ANGLE   =       108.9503  DIHED      =       125.6591
 1-4 NB =        72.9411  1-4 EEL =        61.0602  VDWAALS    =      4227.3948
 EELEC  =    -35054.9487  EHBOND  =         0.0000  RESTRAINT  =         5.0211
 EAMBER (non-restraint)  =    -30402.8508
 EKCMT  =         0.0000  VIRIAL  =         0.0000  VOLUME     =    112660.8360
                                                    Density    =         0.8394
 ------------------------------------------------------------------------------

 NMR restraints: Bond =    0.171   Angle =     1.994   Torsion =     0.559
===============================================================================

 NSTEP =     5500   TIME(PS) =      11.000  TEMP(K) =   299.12  PRESS =     0.0
 Etot   =    -24799.5908  EKtot   =      5528.6333  EPtot      =    -30328.2241
 BOND   =        58.0713  ANGLE   =       103.7555  DIHED      =       131.6906
 1-4 NB =        75.3429  1-4 EEL =        59.0544  VDWAALS    =      4090.5969
 EELEC  =    -34852.3563  EHBOND  =         0.0000  RESTRAINT  =         5.6206
 EAMBER (non-restraint)  =    -30333.8447
 EKCMT  =         0.0000  VIRIAL  =         0.0000  VOLUME     =    110843.8798
                                                    Density    =         0.8532
 ------------------------------------------------------------------------------

 NMR restraints: Bond =    0.842   Angle =     1.852   Torsion =     1.746
===============================================================================

 NSTEP =     6000   TIME(PS) =      12.000  TEMP(K) =   300.97  PRESS =     0.0
 Etot   =    -24905.7202  EKtot   =      5562.8618  EPtot      =    -30468.5820
 BOND   =        57.0733  ANGLE   =       102.1141  DIHED      =       133.4153
 1-4 NB =        75.6660  1-4 EEL =        63.5025  VDWAALS    =      4281.9279
 EELEC  =    -35187.2821  EHBOND  =         0.0000  RESTRAINT  =         5.0010
 EAMBER (non-restraint)  =    -30473.5830
 EKCMT  =         0.0000  VIRIAL  =         0.0000  VOLUME     =    109508.9994
                                                    Density    =         0.8636
 ------------------------------------------------------------------------------

 NMR restraints: Bond =    0.272   Angle =     1.149   Torsion =     0.171
===============================================================================

 NSTEP =     6500   TIME(PS) =      13.000  TEMP(K) =   297.41  PRESS =     0.0
 Etot   =    -25117.6338  EKtot   =      5497.0815  EPtot      =    -30614.7153
 BOND   =        50.5540  ANGLE   =       106.5436  DIHED      =       126.5521
 1-4 NB =        78.6617  1-4 EEL =        60.9853  VDWAALS    =      4275.4248
 EELEC  =    -35317.0570  EHBOND  =         0.0000  RESTRAINT  =         3.6203
 EAMBER (non-restraint)  =    -30618.3356
 EKCMT  =         0.0000  VIRIAL  =         0.0000  VOLUME     =    108318.5128
                                                    Density    =         0.8731
 ------------------------------------------------------------------------------

 NMR restraints: Bond =    0.499   Angle =     0.993   Torsion =     0.651
===============================================================================

 NSTEP =     7000   TIME(PS) =      14.000  TEMP(K) =   295.25  PRESS =     0.0
 Etot   =    -25115.1936  EKtot   =      5457.1226  EPtot      =    -30572.3161
 BOND   =        53.1994  ANGLE   =       113.8569  DIHED      =       125.8481
 1-4 NB =        77.3232  1-4 EEL =        63.8259  VDWAALS    =      4236.3577
 EELEC  =    -35248.2372  EHBOND  =         0.0000  RESTRAINT  =         5.5098
 EAMBER (non-restraint)  =    -30577.8260
 EKCMT  =         0.0000  VIRIAL  =         0.0000  VOLUME     =    107168.4825
                                                    Density    =         0.8824
 ------------------------------------------------------------------------------

 NMR restraints: Bond =    0.596   Angle =     1.804   Torsion =     0.372
===============================================================================

 NSTEP =     7500   TIME(PS) =      15.000  TEMP(K) =   299.49  PRESS =     0.0
 Etot   =    -25115.4434  EKtot   =      5535.4058  EPtot      =    -30650.8492
 BOND   =        59.4654  ANGLE   =       115.8742  DIHED      =       131.0139
 1-4 NB =        73.6379  1-4 EEL =        61.9072  VDWAALS    =      4431.7666
 EELEC  =    -35527.9362  EHBOND  =         0.0000  RESTRAINT  =         3.4217
 EAMBER (non-restraint)  =    -30654.2709
 EKCMT  =         0.0000  VIRIAL  =         0.0000  VOLUME     =    106082.6246
                                                    Density    =         0.8915
 ------------------------------------------------------------------------------

 NMR restraints: Bond =    0.133   Angle =     0.747   Torsion =     0.692
===============================================================================

 NSTEP =     8000   TIME(PS) =      16.000  TEMP(K) =   301.55  PRESS =     0.0
 Etot   =    -25197.8873  EKtot   =      5573.4312  EPtot      =    -30771.3185
 BOND   =        55.3541  ANGLE   =       116.1254  DIHED      =       126.9422
 1-4 NB =        75.8428  1-4 EEL =        61.5236  VDWAALS    =      4188.9900
 EELEC  =    -35401.4887  EHBOND  =         0.0000  RESTRAINT  =         5.3922
 EAMBER (non-restraint)  =    -30776.7107
 EKCMT  =         0.0000  VIRIAL  =         0.0000  VOLUME     =    104545.2346
                                                    Density    =         0.9046
 ------------------------------------------------------------------------------

 NMR restraints: Bond =    0.099   Angle =     0.501   Torsion =     1.094
===============================================================================
