2018-04-30 07:52:00 PM Started logging...
2018-04-30 07:52:00 PM 2018-04-27_16:08:13_-0700-3c20478-0.0.3
2018-04-30 07:52:00 PM Writing minimize.in
2018-04-30 07:52:00 PM Running Minimization at ./
2018-04-30 07:52:00 PM Exec line: pmemd.cuda -O -p solvate.prmtop -ref solvate.rst7 -c solvate.rst7 -i minimize.in -o minimize.out -r minimize.rst7 -inf minimize.mdinfo
2018-04-30 07:52:10 PM Minimization completed...
2018-04-30 07:52:10 PM Writing equil.000.in
2018-04-30 07:52:10 PM Running MD at ./
2018-04-30 07:52:10 PM Exec line: pmemd.cuda -O -p solvate.prmtop -ref solvate.rst7 -c minimize.rst7 -i equil.000.in -o equil.000.out -r equil.000.rst7 -x equil.000.nc -inf equil.000.mdinfo -e equil.000.mden
2018-04-30 07:52:23 PM STDOUT/STDERR received from AMBER execution
2018-04-30 07:52:23 PM b'ERROR: Calculation halted.  Periodic box dimensions have changed too much from their initial values.'
2018-04-30 07:52:23 PM b'  Your system density has likely changed by a large amount, probably from'
2018-04-30 07:52:23 PM b'  starting the simulation from a structure a long way from equilibrium.'
2018-04-30 07:52:23 PM b''
2018-04-30 07:52:23 PM b'  [Although this error can also occur if the simulation has blown up for some reason]'
2018-04-30 07:52:23 PM b''
2018-04-30 07:52:23 PM b'  The GPU code does not automatically reorganize grid cells and thus you'
2018-04-30 07:52:23 PM b'  will need to restart the calculation from the previous restart file.'
2018-04-30 07:52:23 PM b'  This will generate new grid cells and allow the calculation to continue.'
2018-04-30 07:52:23 PM b'  It may be necessary to repeat this restarting multiple times if your system'
2018-04-30 07:52:23 PM b'  is a long way from an equilibrated density.'
2018-04-30 07:52:23 PM b''
2018-04-30 07:52:23 PM b'  Alternatively you can run with the CPU code until the density has converged'
2018-04-30 07:52:23 PM b'  and then switch back to the GPU code.'
2018-04-30 07:52:23 PM b''
2018-04-30 07:52:23 PM Simulation did not complete when executing the following ....
2018-04-30 07:52:23 PM pmemd.cuda -O -p solvate.prmtop -ref solvate.rst7 -c minimize.rst7 -i equil.000.in -o equil.000.out -r equil.000.rst7 -x equil.000.nc -inf equil.000.mdinfo -e equil.000.mden
2018-04-30 07:52:23 PM Writing equil.001.in
2018-04-30 07:52:23 PM Running MD at ./
2018-04-30 07:52:23 PM Exec line: pmemd.cuda -O -p solvate.prmtop -ref equil.001.inpcrd -c equil.000.rst7 -i equil.001.in -o equil.001.out -r equil.001.rst7 -x equil.001.nc -inf equil.001.mdinfo -e equil.001.mden
2018-04-30 07:52:26 PM Simulation did not complete when executing the following ....
2018-04-30 07:52:26 PM pmemd.cuda -O -p solvate.prmtop -ref equil.001.inpcrd -c equil.000.rst7 -i equil.001.in -o equil.001.out -r equil.001.rst7 -x equil.001.nc -inf equil.001.mdinfo -e equil.001.mden
2018-04-30 07:52:26 PM Writing equil.002.in
2018-04-30 07:52:26 PM Running MD at ./
2018-04-30 07:52:26 PM Exec line: pmemd.cuda -O -p solvate.prmtop -ref equil.002.inpcrd -c equil.001.rst7 -i equil.002.in -o equil.002.out -r equil.002.rst7 -x equil.002.nc -inf equil.002.mdinfo -e equil.002.mden
2018-04-30 07:52:29 PM Simulation did not complete when executing the following ....
2018-04-30 07:52:29 PM pmemd.cuda -O -p solvate.prmtop -ref equil.002.inpcrd -c equil.001.rst7 -i equil.002.in -o equil.002.out -r equil.002.rst7 -x equil.002.nc -inf equil.002.mdinfo -e equil.002.mden
2018-04-30 07:52:29 PM Writing equil.003.in
2018-04-30 07:52:29 PM Running MD at ./
2018-04-30 07:52:29 PM Exec line: pmemd.cuda -O -p solvate.prmtop -ref equil.003.inpcrd -c equil.002.rst7 -i equil.003.in -o equil.003.out -r equil.003.rst7 -x equil.003.nc -inf equil.003.mdinfo -e equil.003.mden
2018-04-30 07:52:32 PM Simulation did not complete when executing the following ....
2018-04-30 07:52:32 PM pmemd.cuda -O -p solvate.prmtop -ref equil.003.inpcrd -c equil.002.rst7 -i equil.003.in -o equil.003.out -r equil.003.rst7 -x equil.003.nc -inf equil.003.mdinfo -e equil.003.mden
2018-04-30 07:52:32 PM Writing equil.004.in
2018-04-30 07:52:32 PM Running MD at ./
2018-04-30 07:52:32 PM Exec line: pmemd.cuda -O -p solvate.prmtop -ref equil.004.inpcrd -c equil.003.rst7 -i equil.004.in -o equil.004.out -r equil.004.rst7 -x equil.004.nc -inf equil.004.mdinfo -e equil.004.mden
2018-04-30 07:52:35 PM Simulation did not complete when executing the following ....
2018-04-30 07:52:35 PM pmemd.cuda -O -p solvate.prmtop -ref equil.004.inpcrd -c equil.003.rst7 -i equil.004.in -o equil.004.out -r equil.004.rst7 -x equil.004.nc -inf equil.004.mdinfo -e equil.004.mden
2018-04-30 07:52:35 PM Writing equil.005.in
2018-04-30 07:52:35 PM Running MD at ./
2018-04-30 07:52:35 PM Exec line: pmemd.cuda -O -p solvate.prmtop -ref equil.005.inpcrd -c equil.004.rst7 -i equil.005.in -o equil.005.out -r equil.005.rst7 -x equil.005.nc -inf equil.005.mdinfo -e equil.005.mden
2018-04-30 07:52:38 PM Simulation did not complete when executing the following ....
2018-04-30 07:52:38 PM pmemd.cuda -O -p solvate.prmtop -ref equil.005.inpcrd -c equil.004.rst7 -i equil.005.in -o equil.005.out -r equil.005.rst7 -x equil.005.nc -inf equil.005.mdinfo -e equil.005.mden
2018-04-30 07:52:38 PM Writing equil.006.in
2018-04-30 07:52:38 PM Running MD at ./
2018-04-30 07:52:38 PM Exec line: pmemd.cuda -O -p solvate.prmtop -ref equil.006.inpcrd -c equil.005.rst7 -i equil.006.in -o equil.006.out -r equil.006.rst7 -x equil.006.nc -inf equil.006.mdinfo -e equil.006.mden
2018-04-30 07:52:41 PM Simulation did not complete when executing the following ....
2018-04-30 07:52:41 PM pmemd.cuda -O -p solvate.prmtop -ref equil.006.inpcrd -c equil.005.rst7 -i equil.006.in -o equil.006.out -r equil.006.rst7 -x equil.006.nc -inf equil.006.mdinfo -e equil.006.mden
2018-04-30 07:52:41 PM Writing equil.007.in
2018-04-30 07:52:41 PM Running MD at ./
2018-04-30 07:52:41 PM Exec line: pmemd.cuda -O -p solvate.prmtop -ref equil.007.inpcrd -c equil.006.rst7 -i equil.007.in -o equil.007.out -r equil.007.rst7 -x equil.007.nc -inf equil.007.mdinfo -e equil.007.mden
2018-04-30 07:52:44 PM Simulation did not complete when executing the following ....
2018-04-30 07:52:44 PM pmemd.cuda -O -p solvate.prmtop -ref equil.007.inpcrd -c equil.006.rst7 -i equil.007.in -o equil.007.out -r equil.007.rst7 -x equil.007.nc -inf equil.007.mdinfo -e equil.007.mden
2018-04-30 07:52:44 PM Writing equil.008.in
2018-04-30 07:52:44 PM Running MD at ./
2018-04-30 07:52:44 PM Exec line: pmemd.cuda -O -p solvate.prmtop -ref equil.008.inpcrd -c equil.007.rst7 -i equil.008.in -o equil.008.out -r equil.008.rst7 -x equil.008.nc -inf equil.008.mdinfo -e equil.008.mden
2018-04-30 07:52:46 PM Simulation did not complete when executing the following ....
2018-04-30 07:52:46 PM pmemd.cuda -O -p solvate.prmtop -ref equil.008.inpcrd -c equil.007.rst7 -i equil.008.in -o equil.008.out -r equil.008.rst7 -x equil.008.nc -inf equil.008.mdinfo -e equil.008.mden
2018-04-30 07:52:46 PM Writing equil.009.in
2018-04-30 07:52:46 PM Running MD at ./
2018-04-30 07:52:46 PM Exec line: pmemd.cuda -O -p solvate.prmtop -ref equil.009.inpcrd -c equil.008.rst7 -i equil.009.in -o equil.009.out -r equil.009.rst7 -x equil.009.nc -inf equil.009.mdinfo -e equil.009.mden
2018-04-30 07:52:50 PM Simulation did not complete when executing the following ....
2018-04-30 07:52:50 PM pmemd.cuda -O -p solvate.prmtop -ref equil.009.inpcrd -c equil.008.rst7 -i equil.009.in -o equil.009.out -r equil.009.rst7 -x equil.009.nc -inf equil.009.mdinfo -e equil.009.mden
2018-04-30 07:52:50 PM Writing prod.000.in
2018-04-30 07:52:50 PM Running MD at ./
2018-04-30 07:52:50 PM Exec line: pmemd.cuda -O -p solvate.prmtop -ref solvate.rst7 -c equil.rst7 -i prod.000.in -o prod.000.out -r prod.000.rst7 -x prod.000.nc -inf prod.000.mdinfo -e prod.000.mden
2018-04-30 07:52:53 PM Simulation did not complete when executing the following ....
2018-04-30 07:52:53 PM pmemd.cuda -O -p solvate.prmtop -ref solvate.rst7 -c equil.rst7 -i prod.000.in -o prod.000.out -r prod.000.rst7 -x prod.000.nc -inf prod.000.mdinfo -e prod.000.mden
2018-04-30 10:35:39 PM Started logging...
2018-04-30 10:35:39 PM 2018-04-30_14:45:29_-0700-dff30ec-0.0.3
2018-04-30 10:35:39 PM Completed output detected ... Skipping. Use: run(overwrite=True) to overwrite
2018-04-30 10:35:39 PM Writing equil.000.in
2018-04-30 10:35:39 PM Running MD at ./
2018-04-30 10:35:39 PM Exec line: pmemd.cuda -O -p solvate.prmtop -ref solvate.rst7 -c minimize.rst7 -i equil.000.in -o equil.000.out -r equil.000.rst7 -x equil.000.nc -inf equil.000.mdinfo -e equil.000.mden
2018-04-30 10:35:48 PM STDOUT/STDERR received from AMBER execution
2018-04-30 10:35:48 PM b'ERROR: Calculation halted.  Periodic box dimensions have changed too much from their initial values.'
2018-04-30 10:35:48 PM b'  Your system density has likely changed by a large amount, probably from'
2018-04-30 10:35:48 PM b'  starting the simulation from a structure a long way from equilibrium.'
2018-04-30 10:35:48 PM b''
2018-04-30 10:35:48 PM b'  [Although this error can also occur if the simulation has blown up for some reason]'
2018-04-30 10:35:48 PM b''
2018-04-30 10:35:48 PM b'  The GPU code does not automatically reorganize grid cells and thus you'
2018-04-30 10:35:48 PM b'  will need to restart the calculation from the previous restart file.'
2018-04-30 10:35:48 PM b'  This will generate new grid cells and allow the calculation to continue.'
2018-04-30 10:35:48 PM b'  It may be necessary to repeat this restarting multiple times if your system'
2018-04-30 10:35:48 PM b'  is a long way from an equilibrated density.'
2018-04-30 10:35:48 PM b''
2018-04-30 10:35:48 PM b'  Alternatively you can run with the CPU code until the density has converged'
2018-04-30 10:35:48 PM b'  and then switch back to the GPU code.'
2018-04-30 10:35:48 PM b''
2018-04-30 10:35:48 PM Simulation did not complete when executing the following ....
2018-04-30 10:35:48 PM pmemd.cuda -O -p solvate.prmtop -ref solvate.rst7 -c minimize.rst7 -i equil.000.in -o equil.000.out -r equil.000.rst7 -x equil.000.nc -inf equil.000.mdinfo -e equil.000.mden
2018-04-30 10:35:48 PM Writing equil.001.in
2018-04-30 10:35:48 PM Running MD at ./
2018-04-30 10:35:48 PM Exec line: pmemd.cuda -O -p solvate.prmtop -ref equil.001.inpcrd -c equil.000.rst7 -i equil.001.in -o equil.001.out -r equil.001.rst7 -x equil.001.nc -inf equil.001.mdinfo -e equil.001.mden
2018-04-30 10:35:49 PM Simulation did not complete when executing the following ....
2018-04-30 10:35:49 PM pmemd.cuda -O -p solvate.prmtop -ref equil.001.inpcrd -c equil.000.rst7 -i equil.001.in -o equil.001.out -r equil.001.rst7 -x equil.001.nc -inf equil.001.mdinfo -e equil.001.mden
2018-04-30 10:35:49 PM Writing equil.002.in
2018-04-30 10:35:49 PM Running MD at ./
2018-04-30 10:35:49 PM Exec line: pmemd.cuda -O -p solvate.prmtop -ref equil.002.inpcrd -c equil.001.rst7 -i equil.002.in -o equil.002.out -r equil.002.rst7 -x equil.002.nc -inf equil.002.mdinfo -e equil.002.mden
2018-04-30 10:35:49 PM Simulation did not complete when executing the following ....
2018-04-30 10:35:49 PM pmemd.cuda -O -p solvate.prmtop -ref equil.002.inpcrd -c equil.001.rst7 -i equil.002.in -o equil.002.out -r equil.002.rst7 -x equil.002.nc -inf equil.002.mdinfo -e equil.002.mden
2018-04-30 10:35:49 PM Writing equil.003.in
2018-04-30 10:35:49 PM Running MD at ./
2018-04-30 10:35:49 PM Exec line: pmemd.cuda -O -p solvate.prmtop -ref equil.003.inpcrd -c equil.002.rst7 -i equil.003.in -o equil.003.out -r equil.003.rst7 -x equil.003.nc -inf equil.003.mdinfo -e equil.003.mden
2018-04-30 10:35:50 PM Simulation did not complete when executing the following ....
2018-04-30 10:35:50 PM pmemd.cuda -O -p solvate.prmtop -ref equil.003.inpcrd -c equil.002.rst7 -i equil.003.in -o equil.003.out -r equil.003.rst7 -x equil.003.nc -inf equil.003.mdinfo -e equil.003.mden
2018-04-30 10:35:50 PM Writing equil.004.in
2018-04-30 10:35:50 PM Running MD at ./
2018-04-30 10:35:50 PM Exec line: pmemd.cuda -O -p solvate.prmtop -ref equil.004.inpcrd -c equil.003.rst7 -i equil.004.in -o equil.004.out -r equil.004.rst7 -x equil.004.nc -inf equil.004.mdinfo -e equil.004.mden
2018-04-30 10:35:51 PM Simulation did not complete when executing the following ....
2018-04-30 10:35:51 PM pmemd.cuda -O -p solvate.prmtop -ref equil.004.inpcrd -c equil.003.rst7 -i equil.004.in -o equil.004.out -r equil.004.rst7 -x equil.004.nc -inf equil.004.mdinfo -e equil.004.mden
2018-04-30 10:35:51 PM Writing equil.005.in
2018-04-30 10:35:51 PM Running MD at ./
2018-04-30 10:35:51 PM Exec line: pmemd.cuda -O -p solvate.prmtop -ref equil.005.inpcrd -c equil.004.rst7 -i equil.005.in -o equil.005.out -r equil.005.rst7 -x equil.005.nc -inf equil.005.mdinfo -e equil.005.mden
2018-04-30 10:35:51 PM Simulation did not complete when executing the following ....
2018-04-30 10:35:51 PM pmemd.cuda -O -p solvate.prmtop -ref equil.005.inpcrd -c equil.004.rst7 -i equil.005.in -o equil.005.out -r equil.005.rst7 -x equil.005.nc -inf equil.005.mdinfo -e equil.005.mden
2018-04-30 10:35:51 PM Writing equil.006.in
2018-04-30 10:35:51 PM Running MD at ./
2018-04-30 10:35:51 PM Exec line: pmemd.cuda -O -p solvate.prmtop -ref equil.006.inpcrd -c equil.005.rst7 -i equil.006.in -o equil.006.out -r equil.006.rst7 -x equil.006.nc -inf equil.006.mdinfo -e equil.006.mden
2018-04-30 10:35:52 PM Simulation did not complete when executing the following ....
2018-04-30 10:35:52 PM pmemd.cuda -O -p solvate.prmtop -ref equil.006.inpcrd -c equil.005.rst7 -i equil.006.in -o equil.006.out -r equil.006.rst7 -x equil.006.nc -inf equil.006.mdinfo -e equil.006.mden
2018-04-30 10:35:52 PM Writing equil.007.in
2018-04-30 10:35:52 PM Running MD at ./
2018-04-30 10:35:52 PM Exec line: pmemd.cuda -O -p solvate.prmtop -ref equil.007.inpcrd -c equil.006.rst7 -i equil.007.in -o equil.007.out -r equil.007.rst7 -x equil.007.nc -inf equil.007.mdinfo -e equil.007.mden
2018-04-30 10:35:52 PM Simulation did not complete when executing the following ....
2018-04-30 10:35:52 PM pmemd.cuda -O -p solvate.prmtop -ref equil.007.inpcrd -c equil.006.rst7 -i equil.007.in -o equil.007.out -r equil.007.rst7 -x equil.007.nc -inf equil.007.mdinfo -e equil.007.mden
2018-04-30 10:35:52 PM Writing equil.008.in
2018-04-30 10:35:52 PM Running MD at ./
2018-04-30 10:35:52 PM Exec line: pmemd.cuda -O -p solvate.prmtop -ref equil.008.inpcrd -c equil.007.rst7 -i equil.008.in -o equil.008.out -r equil.008.rst7 -x equil.008.nc -inf equil.008.mdinfo -e equil.008.mden
2018-04-30 10:35:53 PM Simulation did not complete when executing the following ....
2018-04-30 10:35:53 PM pmemd.cuda -O -p solvate.prmtop -ref equil.008.inpcrd -c equil.007.rst7 -i equil.008.in -o equil.008.out -r equil.008.rst7 -x equil.008.nc -inf equil.008.mdinfo -e equil.008.mden
2018-04-30 10:35:53 PM Writing equil.009.in
2018-04-30 10:35:53 PM Running MD at ./
2018-04-30 10:35:53 PM Exec line: pmemd.cuda -O -p solvate.prmtop -ref equil.009.inpcrd -c equil.008.rst7 -i equil.009.in -o equil.009.out -r equil.009.rst7 -x equil.009.nc -inf equil.009.mdinfo -e equil.009.mden
2018-04-30 10:35:53 PM Simulation did not complete when executing the following ....
2018-04-30 10:35:53 PM pmemd.cuda -O -p solvate.prmtop -ref equil.009.inpcrd -c equil.008.rst7 -i equil.009.in -o equil.009.out -r equil.009.rst7 -x equil.009.nc -inf equil.009.mdinfo -e equil.009.mden
2018-04-30 10:35:53 PM Writing prod.000.in
2018-04-30 10:35:53 PM Running MD at ./
2018-04-30 10:35:53 PM Exec line: pmemd.cuda -O -p solvate.prmtop -ref solvate.rst7 -c equil.rst7 -i prod.000.in -o prod.000.out -r prod.000.rst7 -x prod.000.nc -inf prod.000.mdinfo -e prod.000.mden
2018-04-30 10:35:53 PM Simulation did not complete when executing the following ....
2018-04-30 10:35:53 PM pmemd.cuda -O -p solvate.prmtop -ref solvate.rst7 -c equil.rst7 -i prod.000.in -o prod.000.out -r prod.000.rst7 -x prod.000.nc -inf prod.000.mdinfo -e prod.000.mden
2018-05-01 07:54:05 AM Started logging...
2018-05-01 07:54:05 AM 2018-04-30_14:45:29_-0700-dff30ec-0.0.3
2018-05-01 07:54:05 AM Completed output detected ... Skipping. Use: run(overwrite=True) to overwrite
2018-05-01 07:54:05 AM Writing equil.000.in
2018-05-01 07:54:05 AM Running MD at ./
2018-05-01 07:54:05 AM Exec line: pmemd.cuda -O -p solvate.prmtop -ref solvate.rst7 -c minimize.rst7 -i equil.000.in -o equil.000.out -r equil.000.rst7 -x equil.000.nc -inf equil.000.mdinfo -e equil.000.mden
2018-05-01 07:54:16 AM STDOUT/STDERR received from AMBER execution
2018-05-01 07:54:16 AM b'ERROR: Calculation halted.  Periodic box dimensions have changed too much from their initial values.'
2018-05-01 07:54:16 AM b'  Your system density has likely changed by a large amount, probably from'
2018-05-01 07:54:16 AM b'  starting the simulation from a structure a long way from equilibrium.'
2018-05-01 07:54:16 AM b''
2018-05-01 07:54:16 AM b'  [Although this error can also occur if the simulation has blown up for some reason]'
2018-05-01 07:54:16 AM b''
2018-05-01 07:54:16 AM b'  The GPU code does not automatically reorganize grid cells and thus you'
2018-05-01 07:54:16 AM b'  will need to restart the calculation from the previous restart file.'
2018-05-01 07:54:16 AM b'  This will generate new grid cells and allow the calculation to continue.'
2018-05-01 07:54:16 AM b'  It may be necessary to repeat this restarting multiple times if your system'
2018-05-01 07:54:16 AM b'  is a long way from an equilibrated density.'
2018-05-01 07:54:16 AM b''
2018-05-01 07:54:16 AM b'  Alternatively you can run with the CPU code until the density has converged'
2018-05-01 07:54:16 AM b'  and then switch back to the GPU code.'
2018-05-01 07:54:16 AM b''
2018-05-01 07:54:16 AM Simulation did not complete when executing the following ....
2018-05-01 07:54:16 AM pmemd.cuda -O -p solvate.prmtop -ref solvate.rst7 -c minimize.rst7 -i equil.000.in -o equil.000.out -r equil.000.rst7 -x equil.000.nc -inf equil.000.mdinfo -e equil.000.mden
2018-05-01 07:54:16 AM Writing equil.001.in
2018-05-01 07:54:16 AM Running MD at ./
2018-05-01 07:54:16 AM Exec line: pmemd.cuda -O -p solvate.prmtop -ref equil.001.inpcrd -c equil.000.rst7 -i equil.001.in -o equil.001.out -r equil.001.rst7 -x equil.001.nc -inf equil.001.mdinfo -e equil.001.mden
2018-05-01 07:54:19 AM Simulation did not complete when executing the following ....
2018-05-01 07:54:19 AM pmemd.cuda -O -p solvate.prmtop -ref equil.001.inpcrd -c equil.000.rst7 -i equil.001.in -o equil.001.out -r equil.001.rst7 -x equil.001.nc -inf equil.001.mdinfo -e equil.001.mden
2018-05-01 07:54:19 AM Writing equil.002.in
2018-05-01 07:54:19 AM Running MD at ./
2018-05-01 07:54:19 AM Exec line: pmemd.cuda -O -p solvate.prmtop -ref equil.002.inpcrd -c equil.001.rst7 -i equil.002.in -o equil.002.out -r equil.002.rst7 -x equil.002.nc -inf equil.002.mdinfo -e equil.002.mden
2018-05-01 07:54:22 AM Simulation did not complete when executing the following ....
2018-05-01 07:54:22 AM pmemd.cuda -O -p solvate.prmtop -ref equil.002.inpcrd -c equil.001.rst7 -i equil.002.in -o equil.002.out -r equil.002.rst7 -x equil.002.nc -inf equil.002.mdinfo -e equil.002.mden
2018-05-01 07:54:22 AM Writing equil.003.in
2018-05-01 07:54:22 AM Running MD at ./
2018-05-01 07:54:22 AM Exec line: pmemd.cuda -O -p solvate.prmtop -ref equil.003.inpcrd -c equil.002.rst7 -i equil.003.in -o equil.003.out -r equil.003.rst7 -x equil.003.nc -inf equil.003.mdinfo -e equil.003.mden
2018-05-01 07:54:24 AM Simulation did not complete when executing the following ....
2018-05-01 07:54:24 AM pmemd.cuda -O -p solvate.prmtop -ref equil.003.inpcrd -c equil.002.rst7 -i equil.003.in -o equil.003.out -r equil.003.rst7 -x equil.003.nc -inf equil.003.mdinfo -e equil.003.mden
2018-05-01 07:54:24 AM Writing equil.004.in
2018-05-01 07:54:24 AM Running MD at ./
2018-05-01 07:54:24 AM Exec line: pmemd.cuda -O -p solvate.prmtop -ref equil.004.inpcrd -c equil.003.rst7 -i equil.004.in -o equil.004.out -r equil.004.rst7 -x equil.004.nc -inf equil.004.mdinfo -e equil.004.mden
2018-05-01 07:54:27 AM Simulation did not complete when executing the following ....
2018-05-01 07:54:27 AM pmemd.cuda -O -p solvate.prmtop -ref equil.004.inpcrd -c equil.003.rst7 -i equil.004.in -o equil.004.out -r equil.004.rst7 -x equil.004.nc -inf equil.004.mdinfo -e equil.004.mden
2018-05-01 07:54:27 AM Writing equil.005.in
2018-05-01 07:54:27 AM Running MD at ./
2018-05-01 07:54:27 AM Exec line: pmemd.cuda -O -p solvate.prmtop -ref equil.005.inpcrd -c equil.004.rst7 -i equil.005.in -o equil.005.out -r equil.005.rst7 -x equil.005.nc -inf equil.005.mdinfo -e equil.005.mden
2018-05-01 07:54:29 AM Simulation did not complete when executing the following ....
2018-05-01 07:54:29 AM pmemd.cuda -O -p solvate.prmtop -ref equil.005.inpcrd -c equil.004.rst7 -i equil.005.in -o equil.005.out -r equil.005.rst7 -x equil.005.nc -inf equil.005.mdinfo -e equil.005.mden
2018-05-01 07:54:29 AM Writing equil.006.in
2018-05-01 07:54:29 AM Running MD at ./
2018-05-01 07:54:29 AM Exec line: pmemd.cuda -O -p solvate.prmtop -ref equil.006.inpcrd -c equil.005.rst7 -i equil.006.in -o equil.006.out -r equil.006.rst7 -x equil.006.nc -inf equil.006.mdinfo -e equil.006.mden
2018-05-01 07:54:32 AM Simulation did not complete when executing the following ....
2018-05-01 07:54:32 AM pmemd.cuda -O -p solvate.prmtop -ref equil.006.inpcrd -c equil.005.rst7 -i equil.006.in -o equil.006.out -r equil.006.rst7 -x equil.006.nc -inf equil.006.mdinfo -e equil.006.mden
2018-05-01 07:54:32 AM Writing equil.007.in
2018-05-01 07:54:32 AM Running MD at ./
2018-05-01 07:54:32 AM Exec line: pmemd.cuda -O -p solvate.prmtop -ref equil.007.inpcrd -c equil.006.rst7 -i equil.007.in -o equil.007.out -r equil.007.rst7 -x equil.007.nc -inf equil.007.mdinfo -e equil.007.mden
2018-05-01 07:54:34 AM Simulation did not complete when executing the following ....
2018-05-01 07:54:34 AM pmemd.cuda -O -p solvate.prmtop -ref equil.007.inpcrd -c equil.006.rst7 -i equil.007.in -o equil.007.out -r equil.007.rst7 -x equil.007.nc -inf equil.007.mdinfo -e equil.007.mden
2018-05-01 07:54:34 AM Writing equil.008.in
2018-05-01 07:54:34 AM Running MD at ./
2018-05-01 07:54:34 AM Exec line: pmemd.cuda -O -p solvate.prmtop -ref equil.008.inpcrd -c equil.007.rst7 -i equil.008.in -o equil.008.out -r equil.008.rst7 -x equil.008.nc -inf equil.008.mdinfo -e equil.008.mden
2018-05-01 07:54:37 AM Simulation did not complete when executing the following ....
2018-05-01 07:54:37 AM pmemd.cuda -O -p solvate.prmtop -ref equil.008.inpcrd -c equil.007.rst7 -i equil.008.in -o equil.008.out -r equil.008.rst7 -x equil.008.nc -inf equil.008.mdinfo -e equil.008.mden
2018-05-01 07:54:37 AM Writing equil.009.in
2018-05-01 07:54:37 AM Running MD at ./
2018-05-01 07:54:37 AM Exec line: pmemd.cuda -O -p solvate.prmtop -ref equil.009.inpcrd -c equil.008.rst7 -i equil.009.in -o equil.009.out -r equil.009.rst7 -x equil.009.nc -inf equil.009.mdinfo -e equil.009.mden
2018-05-01 07:54:39 AM Simulation did not complete when executing the following ....
2018-05-01 07:54:39 AM pmemd.cuda -O -p solvate.prmtop -ref equil.009.inpcrd -c equil.008.rst7 -i equil.009.in -o equil.009.out -r equil.009.rst7 -x equil.009.nc -inf equil.009.mdinfo -e equil.009.mden
2018-05-01 07:54:39 AM Writing prod.000.in
2018-05-01 07:54:39 AM Running MD at ./
2018-05-01 07:54:39 AM Exec line: pmemd.cuda -O -p solvate.prmtop -ref solvate.rst7 -c equil.rst7 -i prod.000.in -o prod.000.out -r prod.000.rst7 -x prod.000.nc -inf prod.000.mdinfo -e prod.000.mden
2018-05-01 07:54:42 AM Simulation did not complete when executing the following ....
2018-05-01 07:54:42 AM pmemd.cuda -O -p solvate.prmtop -ref solvate.rst7 -c equil.rst7 -i prod.000.in -o prod.000.out -r prod.000.rst7 -x prod.000.nc -inf prod.000.mdinfo -e prod.000.mden
2018-05-01 08:04:00 AM Started logging...
2018-05-01 08:04:00 AM 2018-04-30_14:45:29_-0700-dff30ec-0.0.3
2018-05-01 08:04:00 AM Completed output detected ... Skipping. Use: run(overwrite=True) to overwrite
2018-05-01 08:04:00 AM Writing equil.000.in
2018-05-01 08:04:00 AM Running MD at ./
2018-05-01 08:04:00 AM Exec line: pmemd.cuda -O -p solvate.prmtop -ref solvate.rst7 -c minimize.rst7 -i equil.000.in -o equil.000.out -r equil.000.rst7 -x equil.000.nc -inf equil.000.mdinfo -e equil.000.mden
2018-05-01 08:04:09 AM STDOUT/STDERR received from AMBER execution
2018-05-01 08:04:09 AM b'ERROR: Calculation halted.  Periodic box dimensions have changed too much from their initial values.'
2018-05-01 08:04:09 AM b'  Your system density has likely changed by a large amount, probably from'
2018-05-01 08:04:09 AM b'  starting the simulation from a structure a long way from equilibrium.'
2018-05-01 08:04:09 AM b''
2018-05-01 08:04:09 AM b'  [Although this error can also occur if the simulation has blown up for some reason]'
2018-05-01 08:04:09 AM b''
2018-05-01 08:04:09 AM b'  The GPU code does not automatically reorganize grid cells and thus you'
2018-05-01 08:04:09 AM b'  will need to restart the calculation from the previous restart file.'
2018-05-01 08:04:09 AM b'  This will generate new grid cells and allow the calculation to continue.'
2018-05-01 08:04:09 AM b'  It may be necessary to repeat this restarting multiple times if your system'
2018-05-01 08:04:09 AM b'  is a long way from an equilibrated density.'
2018-05-01 08:04:09 AM b''
2018-05-01 08:04:09 AM b'  Alternatively you can run with the CPU code until the density has converged'
2018-05-01 08:04:09 AM b'  and then switch back to the GPU code.'
2018-05-01 08:04:09 AM b''
2018-05-01 08:04:09 AM Simulation did not complete when executing the following ....
2018-05-01 08:04:09 AM pmemd.cuda -O -p solvate.prmtop -ref solvate.rst7 -c minimize.rst7 -i equil.000.in -o equil.000.out -r equil.000.rst7 -x equil.000.nc -inf equil.000.mdinfo -e equil.000.mden
2018-05-01 08:04:09 AM Writing equil.001.in
2018-05-01 08:04:09 AM Running MD at ./
2018-05-01 08:04:09 AM Exec line: pmemd.cuda -O -p solvate.prmtop -ref solvate.rst7 -c equil.000.rst7 -i equil.001.in -o equil.001.out -r equil.001.rst7 -x equil.001.nc -inf equil.001.mdinfo -e equil.001.mden
2018-05-01 08:10:03 AM MD completed ...
2018-05-01 08:10:03 AM Writing prod.000.in
2018-05-01 08:10:03 AM Running MD at ./
2018-05-01 08:10:03 AM Exec line: pmemd.cuda -O -p solvate.prmtop -ref solvate.rst7 -c equil.rst7 -i prod.000.in -o prod.000.out -r prod.000.rst7 -x prod.000.nc -inf prod.000.mdinfo -e prod.000.mden
2018-05-01 08:14:18 AM MD completed ...
2018-05-01 08:14:18 AM Writing prod.001.in
2018-05-01 08:14:18 AM Running MD at ./
2018-05-01 08:14:18 AM Exec line: pmemd.cuda -O -p solvate.prmtop -ref solvate.rst7 -c prod.000.rst7 -i prod.001.in -o prod.001.out -r prod.001.rst7 -x prod.001.nc -inf prod.001.mdinfo -e prod.001.mden
2018-05-01 08:18:31 AM MD completed ...
2018-05-01 08:18:31 AM Writing prod.002.in
2018-05-01 08:18:31 AM Running MD at ./
2018-05-01 08:18:31 AM Exec line: pmemd.cuda -O -p solvate.prmtop -ref solvate.rst7 -c prod.001.rst7 -i prod.002.in -o prod.002.out -r prod.002.rst7 -x prod.002.nc -inf prod.002.mdinfo -e prod.002.mden
2018-05-01 08:22:45 AM MD completed ...
2018-05-01 08:22:45 AM Writing prod.003.in
2018-05-01 08:22:45 AM Running MD at ./
2018-05-01 08:22:45 AM Exec line: pmemd.cuda -O -p solvate.prmtop -ref solvate.rst7 -c prod.002.rst7 -i prod.003.in -o prod.003.out -r prod.003.rst7 -x prod.003.nc -inf prod.003.mdinfo -e prod.003.mden
2018-05-01 08:26:59 AM MD completed ...
2018-05-01 08:26:59 AM Writing prod.004.in
2018-05-01 08:26:59 AM Running MD at ./
2018-05-01 08:26:59 AM Exec line: pmemd.cuda -O -p solvate.prmtop -ref solvate.rst7 -c prod.003.rst7 -i prod.004.in -o prod.004.out -r prod.004.rst7 -x prod.004.nc -inf prod.004.mdinfo -e prod.004.mden
2018-05-01 08:31:15 AM MD completed ...
2018-05-02 12:09:06 PM Started logging...
2018-05-02 12:09:06 PM 2018-04-30_14:45:29_-0700-dff30ec-0.0.3
2018-05-02 12:09:06 PM Writing minimize.in
2018-05-02 12:09:06 PM Running Minimization at ./
2018-05-02 12:09:06 PM Exec line: pmemd.cuda -O -p solvate.prmtop -ref solvate.rst7 -c solvate.rst7 -i minimize.in -o minimize.out -r minimize.rst7 -inf minimize.mdinfo
2018-05-02 12:09:08 PM Minimization completed...
2018-05-02 12:09:08 PM Writing equil.000.in
2018-05-02 12:09:08 PM Running MD at ./
2018-05-02 12:09:08 PM Exec line: pmemd.cuda -O -p solvate.prmtop -ref solvate.rst7 -c minimize.rst7 -i equil.000.in -o equil.000.out -r equil.000.rst7 -x equil.000.nc -inf equil.000.mdinfo -e equil.000.mden
2018-05-02 12:15:10 PM MD completed ...
2018-05-02 12:15:10 PM Writing prod.000.in
2018-05-02 12:15:10 PM Running MD at ./
2018-05-02 12:15:10 PM Exec line: pmemd.cuda -O -p solvate.prmtop -ref solvate.rst7 -c equil.rst7 -i prod.000.in -o prod.000.out -r prod.000.rst7 -x prod.000.nc -inf prod.000.mdinfo -e prod.000.mden
2018-05-02 12:19:59 PM MD completed ...
2018-05-02 12:19:59 PM Writing prod.001.in
2018-05-02 12:19:59 PM Running MD at ./
2018-05-02 12:19:59 PM Exec line: pmemd.cuda -O -p solvate.prmtop -ref solvate.rst7 -c prod.000.rst7 -i prod.001.in -o prod.001.out -r prod.001.rst7 -x prod.001.nc -inf prod.001.mdinfo -e prod.001.mden
2018-05-02 12:24:49 PM MD completed ...
2018-05-02 12:24:49 PM Writing prod.002.in
2018-05-02 12:24:49 PM Running MD at ./
2018-05-02 12:24:49 PM Exec line: pmemd.cuda -O -p solvate.prmtop -ref solvate.rst7 -c prod.001.rst7 -i prod.002.in -o prod.002.out -r prod.002.rst7 -x prod.002.nc -inf prod.002.mdinfo -e prod.002.mden
2018-05-02 12:29:39 PM MD completed ...
2018-05-02 12:29:39 PM Writing prod.003.in
2018-05-02 12:29:39 PM Running MD at ./
2018-05-02 12:29:39 PM Exec line: pmemd.cuda -O -p solvate.prmtop -ref solvate.rst7 -c prod.002.rst7 -i prod.003.in -o prod.003.out -r prod.003.rst7 -x prod.003.nc -inf prod.003.mdinfo -e prod.003.mden
2018-05-02 12:34:29 PM MD completed ...
2018-05-02 12:34:29 PM Writing prod.004.in
2018-05-02 12:34:29 PM Running MD at ./
2018-05-02 12:34:29 PM Exec line: pmemd.cuda -O -p solvate.prmtop -ref solvate.rst7 -c prod.003.rst7 -i prod.004.in -o prod.004.out -r prod.004.rst7 -x prod.004.nc -inf prod.004.mdinfo -e prod.004.mden
2018-05-02 12:39:20 PM MD completed ...
2018-05-05 06:16:27 PM Started logging...
2018-05-05 06:16:27 PM 2018-04-30_14:45:29_-0700-dff30ec-0.0.3
2018-05-05 06:16:27 PM Completed output detected ... Skipping. Use: run(overwrite=True) to overwrite
2018-05-05 06:16:27 PM Completed output detected ... Skipping. Use: run(overwrite=True) to overwrite
2018-05-05 06:16:27 PM Completed output detected ... Skipping. Use: run(overwrite=True) to overwrite
2018-05-05 06:16:27 PM Completed output detected ... Skipping. Use: run(overwrite=True) to overwrite
2018-05-05 06:16:27 PM Completed output detected ... Skipping. Use: run(overwrite=True) to overwrite
2018-05-05 06:16:27 PM Completed output detected ... Skipping. Use: run(overwrite=True) to overwrite
2018-05-05 06:16:27 PM Writing prod.005.in
2018-05-05 06:16:27 PM Running MD at ./
2018-05-05 06:16:27 PM Exec line: pmemd.cuda -O -p solvate.prmtop -ref solvate.rst7 -c prod.004.rst7 -i prod.005.in -o prod.005.out -r prod.005.rst7 -x prod.005.nc -inf prod.005.mdinfo -e prod.005.mden
2018-05-05 06:20:59 PM MD completed ...
2018-05-05 06:20:59 PM Writing prod.006.in
2018-05-05 06:20:59 PM Running MD at ./
2018-05-05 06:20:59 PM Exec line: pmemd.cuda -O -p solvate.prmtop -ref solvate.rst7 -c prod.005.rst7 -i prod.006.in -o prod.006.out -r prod.006.rst7 -x prod.006.nc -inf prod.006.mdinfo -e prod.006.mden
2018-05-05 06:25:31 PM MD completed ...
2018-05-05 06:25:31 PM Writing prod.007.in
2018-05-05 06:25:31 PM Running MD at ./
2018-05-05 06:25:31 PM Exec line: pmemd.cuda -O -p solvate.prmtop -ref solvate.rst7 -c prod.006.rst7 -i prod.007.in -o prod.007.out -r prod.007.rst7 -x prod.007.nc -inf prod.007.mdinfo -e prod.007.mden
2018-05-05 06:30:03 PM MD completed ...
2018-05-05 06:30:03 PM Writing prod.008.in
2018-05-05 06:30:03 PM Running MD at ./
2018-05-05 06:30:03 PM Exec line: pmemd.cuda -O -p solvate.prmtop -ref solvate.rst7 -c prod.007.rst7 -i prod.008.in -o prod.008.out -r prod.008.rst7 -x prod.008.nc -inf prod.008.mdinfo -e prod.008.mden
2018-05-05 06:34:35 PM MD completed ...
2018-05-05 06:34:35 PM Writing prod.009.in
2018-05-05 06:34:35 PM Running MD at ./
2018-05-05 06:34:35 PM Exec line: pmemd.cuda -O -p solvate.prmtop -ref solvate.rst7 -c prod.008.rst7 -i prod.009.in -o prod.009.out -r prod.009.rst7 -x prod.009.nc -inf prod.009.mdinfo -e prod.009.mden
2018-05-05 06:39:06 PM MD completed ...
