
          -------------------------------------------------------
          Amber 18 PMEMD                              2018
          -------------------------------------------------------

| PMEMD implementation of SANDER, Release 18

| Run on 05/02/2018 at 11:36:24

|   Executable path: pmemd.cuda
| Working directory: /oasis/tscc/scratch/davids4/SAMPLing-cut9/11499502.tscc-mgr.local
|          Hostname: tscc-gpu-7-10.sdsc.edu

  [-O]verwriting output

File Assignments:
|   MDIN: equil.000.in                                                          
|  MDOUT: equil.000.out                                                         
| INPCRD: minimize.rst7                                                         
|   PARM: solvate.prmtop                                                        
| RESTRT: equil.000.rst7                                                        
|   REFC: solvate.rst7                                                          
|  MDVEL: mdvel                                                                 
|   MDEN: equil.000.mden                                                        
|  MDCRD: equil.000.nc                                                          
| MDINFO: equil.000.mdinfo                                                      
|  MDFRC: mdfrc                                                                 


 Here is the input file:

PBC MD Simulation                                                              
 &cntrl                                                                        
  imin =          0,                                                           
  ntx =           1,                                                           
  irest =         0,                                                           
  maxcyc =        0,                                                           
  ncyc =          0,                                                           
  dt =            0.002,                                                       
  nstlim =        500000,                                                      
  ntpr =          500,                                                         
  ntwe =          500,                                                         
  ntwr =          250,                                                         
  ntwx =          250,                                                         
  ntxo =          1,                                                           
  ioutfm =        1,                                                           
  ntf =           2,                                                           
  ntc =           2,                                                           
  cut =           9.0,                                                         
  igb =           0,                                                           
  tempi =         298.15,                                                      
  temp0 =         298.15,                                                      
  ntt =           3,                                                           
  gamma_ln =      1.0,                                                         
  ig =            -1,                                                          
  ntp =           1,                                                           
  barostat =      2,                                                           
  ntr =           1,                                                           
  restraint_wt =  50.0,                                                        
  restraintmask = '@DUM',                                                      
  nmropt =        1,                                                           
  pencut =        -1,                                                          
  ntwprt =        206,                                                         
 /                                                                             
 &wt type = 'END', /                                                           
DISANG = disang.rest                                                           
LISTOUT = POUT                                                                 
                                                                               


Note: ig = -1. Setting random seed to   365076 based on wallclock time in 
      microseconds.
| irandom = 1, using AMBER's internal random number generator (default).
 
|--------------------- INFORMATION ----------------------
| GPU (CUDA) Version of PMEMD in use: NVIDIA GPU IN USE.
|                    Version 18.0.0
| 
|                      03/25/2018
| 
| Implementation by:
|                    Ross C. Walker     (SDSC)
|                    Scott Le Grand     (nVIDIA)
| 
| Version 18 performance extensions by:
|                    David Cerutti     (Rutgers)
| 
| Precision model in use:
|      [SPFP] - Single Precision Forces, 64-bit Fixed Point
|               Accumulation. (Default)
| 
|--------------------------------------------------------
 
|----------------- CITATION INFORMATION -----------------
|
|    When publishing work that utilized the CUDA version
|    of AMBER, please cite the following in addition to
|    the regular AMBER citations:
|
|  - Romelia Salomon-Ferrer; Andreas W. Goetz; Duncan
|    Poole; Scott Le Grand; Ross C. Walker "Routine
|    microsecond molecular dynamics simulations with
|    AMBER - Part II: Particle Mesh Ewald", J. Chem.
|    Theory Comput., 2013, 9 (9), pp3878-3888,
|    DOI: 10.1021/ct400314y.
|
|  - Andreas W. Goetz; Mark J. Williamson; Dong Xu;
|    Duncan Poole; Scott Le Grand; Ross C. Walker
|    "Routine microsecond molecular dynamics simulations
|    with AMBER - Part I: Generalized Born", J. Chem.
|    Theory Comput., 2012, 8 (5), pp1542-1555.
|
|  - Scott Le Grand; Andreas W. Goetz; Ross C. Walker
|    "SPFP: Speed without compromise - a mixed precision
|    model for GPU accelerated molecular dynamics
|    simulations.", Comp. Phys. Comm., 2013, 184
|    pp374-380, DOI: 10.1016/j.cpc.2012.09.022
|
|--------------------------------------------------------
 
|------------------- GPU DEVICE INFO --------------------
|
|            CUDA_VISIBLE_DEVICES: 1
|   CUDA Capable Devices Detected:      1
|           CUDA Device ID in use:      0
|                CUDA Device Name: GeForce GTX TITAN X
|     CUDA Device Global Mem Size:  12207 MB
| CUDA Device Num Multiprocessors:     24
|           CUDA Device Core Freq:   1.08 GHz
|
|--------------------------------------------------------
 
 
| Conditional Compilation Defines Used:
| PUBFFT
| BINTRAJ
| CUDA
| EMIL

| Largest sphere to fit in unit cell has radius =    22.338

| New format PARM file being parsed.
| Version =    1.000 Date = 04/23/18 Time = 20:20:01

| Note: 1-4 EEL scale factors are being read from the topology file.

| Note: 1-4 VDW scale factors are being read from the topology file.
| Duplicated    0 dihedrals

| Duplicated    0 dihedrals

--------------------------------------------------------------------------------
   1.  RESOURCE   USE: 
--------------------------------------------------------------------------------

 getting new box info from bottom of inpcrd
 NATOM  =    9223 NTYPES =      11 NBONH =    9067 MBONA  =     155
 NTHETH =     153 MTHETA =     232 NPHIH =     345 MPHIA  =     366
 NHPARM =       0 NPARM  =       0 NNB   =   13221 NRES   =    3022
 NBONA  =     155 NTHETA =     232 NPHIA =     366 NUMBND =      13
 NUMANG =      22 NPTRA  =      15 NATYP =      13 NPHB   =       0
 IFBOX  =       1 NMXRS  =     184 IFCAP =       0 NEXTRA =       0
 NCOPY  =       0

| Coordinate Index Table dimensions:     8    9   12
| Direct force subcell size =     5.5844    5.1077    5.0591

     BOX TYPE: RECTILINEAR

--------------------------------------------------------------------------------
   2.  CONTROL  DATA  FOR  THE  RUN
--------------------------------------------------------------------------------

default_name                                                                    

General flags:
     imin    =       0, nmropt  =       1

Nature and format of input:
     ntx     =       1, irest   =       0, ntrx    =       1

Nature and format of output:
     ntxo    =       1, ntpr    =     500, ntrx    =       1, ntwr    =     250
     iwrap   =       0, ntwx    =     250, ntwv    =       0, ntwe    =     500
     ioutfm  =       1, ntwprt  =     206, idecomp =       0, rbornstat=      0

Potential function:
     ntf     =       2, ntb     =       2, igb     =       0, nsnb    =      25
     ipol    =       0, gbsa    =       0, iesp    =       0
     dielc   =   1.00000, cut     =   9.00000, intdiel =   1.00000

Frozen or restrained atoms:
     ibelly  =       0, ntr     =       1
     restraint_wt =  50.00000

Molecular dynamics:
     nstlim  =    500000, nscm    =         0, nrespa  =         1
     t       =   0.00000, dt      =   0.00200, vlimit  =  -1.00000

Langevin dynamics temperature regulation:
     ig      =  365076
     temp0   = 298.15000, tempi   = 298.15000, gamma_ln=   1.00000

Pressure regulation:
     ntp     =       1
     pres0   =   1.00000, comp    =  44.60000, taup    =   1.00000
     Monte-Carlo Barostat:
     mcbarint  =     100

SHAKE:
     ntc     =       2, jfastw  =       0
     tol     =   0.00001

NMR refinement options:
     iscale  =       0, noeskp  =       1, ipnlty  =       1, mxsub   =       1
     scalm   = 100.00000, pencut  =  -1.00000, tausw   =   0.10000

| Intermolecular bonds treatment:
|     no_intermolecular_bonds =       1

| Energy averages sample interval:
|     ene_avg_sampling =     500

Ewald parameters:
     verbose =       0, ew_type =       0, nbflag  =       1, use_pme =       1
     vdwmeth =       1, eedmeth =       1, netfrc  =       1
     Box X =   44.675   Box Y =   45.969   Box Z =   60.709
     Alpha =   90.000   Beta  =   90.000   Gamma =   90.000
     NFFT1 =   48       NFFT2 =   48       NFFT3 =   64
     Cutoff=    9.000   Tol   =0.100E-04
     Ewald Coefficient =  0.30768
     Interpolation order =    4

    LOADING THE CONSTRAINED ATOMS AS GROUPS


   5.  REFERENCE ATOM COORDINATES

  default_name                                                                    
     Mask @DUM; matches     3 atoms
| MONTE CARLO BAROSTAT IMPORTANT NOTE:
|   The Monte-Carlo barostat does not require the virial to adjust the system volume.
|   Since it is an expensive calculation, it is skipped for efficiency. A side-effect
|   is that the reported pressure is always 0 because it is not calculated.

--------------------------------------------------------------------------------
   3.  ATOMIC COORDINATES AND VELOCITIES
--------------------------------------------------------------------------------

default_name                                                                    
 begin time read from input coords =     0.000 ps



           Begin reading energy term weight changes/NMR restraints
 WEIGHT CHANGES:
                         ** No weight changes given **

 RESTRAINTS:
 Requested file redirections:
  DISANG    = disang.rest
  LISTOUT   = POUT
 Restraints will be read from file: disang.rest
Here are comments from the DISANG input file:

                       Number of restraints read =     9

                  Done reading weight changes/NMR restraints


 
 Number of triangulated 3-point waters found:     3000

     Sum of charges from parm topology file =   0.00000002
     Forcing neutrality...

| Dynamic Memory, Types Used:
| Reals              528921
| Integers           284277

| Nonbonded Pairs Initial Allocation:     2102844

| GPU memory information (estimate):
| KB of GPU memory in use:         0
| KB of CPU memory in use:         0

--------------------------------------------------------------------------------
   4.  RESULTS
--------------------------------------------------------------------------------


 NSTEP =        0   TIME(PS) =       0.000  TEMP(K) =   442.83  PRESS =     0.0
 Etot   =    -30844.0158  EKtot   =      8184.6784  EPtot      =    -39028.6942
 BOND   =        13.5398  ANGLE   =        52.2330  DIHED      =       113.0831
 1-4 NB =        68.1365  1-4 EEL =        62.6364  VDWAALS    =      6290.9279
 EELEC  =    -45632.2557  EHBOND  =         0.0000  RESTRAINT  =         3.0047
 EAMBER (non-restraint)  =    -39031.6989
 EKCMT  =         0.0000  VIRIAL  =         0.0000  VOLUME     =    124678.1347
                                                    Density    =         0.7585
 ------------------------------------------------------------------------------

 NMR restraints: Bond =    0.387   Angle =     2.517   Torsion =     0.018
===============================================================================

 NSTEP =      500   TIME(PS) =       1.000  TEMP(K) =   266.25  PRESS =     0.0
 Etot   =    -25906.9421  EKtot   =      4921.0264  EPtot      =    -30827.9684
 BOND   =        39.4376  ANGLE   =       101.2591  DIHED      =       136.1571
 1-4 NB =        76.6606  1-4 EEL =        63.9444  VDWAALS    =      4666.4386
 EELEC  =    -35918.4588  EHBOND  =         0.0000  RESTRAINT  =         6.5930
 EAMBER (non-restraint)  =    -30834.5615
 EKCMT  =         0.0000  VIRIAL  =         0.0000  VOLUME     =    123793.0646
                                                    Density    =         0.7639
 ------------------------------------------------------------------------------

 NMR restraints: Bond =    3.399   Angle =     0.369   Torsion =     1.281
===============================================================================

 NSTEP =     1000   TIME(PS) =       2.000  TEMP(K) =   285.42  PRESS =     0.0
 Etot   =    -25067.7342  EKtot   =      5275.3926  EPtot      =    -30343.1268
 BOND   =        51.4768  ANGLE   =       108.3560  DIHED      =       139.8683
 1-4 NB =        76.0518  1-4 EEL =        62.2196  VDWAALS    =      4547.4451
 EELEC  =    -35334.1009  EHBOND  =         0.0000  RESTRAINT  =         5.5565
 EAMBER (non-restraint)  =    -30348.6833
 EKCMT  =         0.0000  VIRIAL  =         0.0000  VOLUME     =    123363.7677
                                                    Density    =         0.7666
 ------------------------------------------------------------------------------

 NMR restraints: Bond =    1.431   Angle =     0.269   Torsion =     0.162
===============================================================================

 NSTEP =     1500   TIME(PS) =       3.000  TEMP(K) =   292.25  PRESS =     0.0
 Etot   =    -24845.3160  EKtot   =      5401.6484  EPtot      =    -30246.9645
 BOND   =        47.0209  ANGLE   =       112.5105  DIHED      =       136.4154
 1-4 NB =        73.7923  1-4 EEL =        58.0438  VDWAALS    =      4361.9915
 EELEC  =    -35041.9597  EHBOND  =         0.0000  RESTRAINT  =         5.2209
 EAMBER (non-restraint)  =    -30252.1854
 EKCMT  =         0.0000  VIRIAL  =         0.0000  VOLUME     =    121275.4111
                                                    Density    =         0.7798
 ------------------------------------------------------------------------------

 NMR restraints: Bond =    2.294   Angle =     1.017   Torsion =     0.407
===============================================================================

 NSTEP =     2000   TIME(PS) =       4.000  TEMP(K) =   290.58  PRESS =     0.0
 Etot   =    -24750.8227  EKtot   =      5370.7974  EPtot      =    -30121.6201
 BOND   =        55.0012  ANGLE   =       125.4620  DIHED      =       140.4653
 1-4 NB =        71.3211  1-4 EEL =        58.8127  VDWAALS    =      4320.6743
 EELEC  =    -34899.5350  EHBOND  =         0.0000  RESTRAINT  =         6.1783
 EAMBER (non-restraint)  =    -30127.7984
 EKCMT  =         0.0000  VIRIAL  =         0.0000  VOLUME     =    118655.9137
                                                    Density    =         0.7970
 ------------------------------------------------------------------------------

 NMR restraints: Bond =    1.836   Angle =     1.850   Torsion =     0.340
===============================================================================

 NSTEP =     2500   TIME(PS) =       5.000  TEMP(K) =   300.27  PRESS =     0.0
 Etot   =    -24691.0931  EKtot   =      5549.8599  EPtot      =    -30240.9529
 BOND   =        52.0255  ANGLE   =       120.1448  DIHED      =       134.7242
 1-4 NB =        74.0191  1-4 EEL =        56.1844  VDWAALS    =      4322.2094
 EELEC  =    -35008.1521  EHBOND  =         0.0000  RESTRAINT  =         7.8917
 EAMBER (non-restraint)  =    -30248.8446
 EKCMT  =         0.0000  VIRIAL  =         0.0000  VOLUME     =    117653.6276
                                                    Density    =         0.8038
 ------------------------------------------------------------------------------

 NMR restraints: Bond =    3.138   Angle =     1.298   Torsion =     0.272
===============================================================================

 NSTEP =     3000   TIME(PS) =       6.000  TEMP(K) =   297.16  PRESS =     0.0
 Etot   =    -24657.7995  EKtot   =      5492.3701  EPtot      =    -30150.1696
 BOND   =        54.0695  ANGLE   =       131.5087  DIHED      =       133.0947
 1-4 NB =        73.1961  1-4 EEL =        55.3710  VDWAALS    =      4153.1606
 EELEC  =    -34755.3941  EHBOND  =         0.0000  RESTRAINT  =         4.8239
 EAMBER (non-restraint)  =    -30154.9935
 EKCMT  =         0.0000  VIRIAL  =         0.0000  VOLUME     =    116997.1121
                                                    Density    =         0.8083
 ------------------------------------------------------------------------------

 NMR restraints: Bond =    2.899   Angle =     1.061   Torsion =     0.269
===============================================================================

 NSTEP =     3500   TIME(PS) =       7.000  TEMP(K) =   297.82  PRESS =     0.0
 Etot   =    -24693.1895  EKtot   =      5504.5454  EPtot      =    -30197.7349
 BOND   =        57.8426  ANGLE   =       114.5720  DIHED      =       135.5635
 1-4 NB =        71.4297  1-4 EEL =        57.0502  VDWAALS    =      4620.7044
 EELEC  =    -35258.4273  EHBOND  =         0.0000  RESTRAINT  =         3.5300
 EAMBER (non-restraint)  =    -30201.2649
 EKCMT  =         0.0000  VIRIAL  =         0.0000  VOLUME     =    116113.9235
                                                    Density    =         0.8144
 ------------------------------------------------------------------------------

 NMR restraints: Bond =    0.189   Angle =     0.720   Torsion =     0.692
===============================================================================

 NSTEP =     4000   TIME(PS) =       8.000  TEMP(K) =   300.77  PRESS =     0.0
 Etot   =    -24702.9928  EKtot   =      5559.1055  EPtot      =    -30262.0982
 BOND   =        39.8701  ANGLE   =       100.4424  DIHED      =       134.6170
 1-4 NB =        76.6755  1-4 EEL =        57.4914  VDWAALS    =      4580.9856
 EELEC  =    -35258.4873  EHBOND  =         0.0000  RESTRAINT  =         6.3071
 EAMBER (non-restraint)  =    -30268.4053
 EKCMT  =         0.0000  VIRIAL  =         0.0000  VOLUME     =    113455.5363
                                                    Density    =         0.8335
 ------------------------------------------------------------------------------

 NMR restraints: Bond =    0.077   Angle =     2.038   Torsion =     1.175
===============================================================================

 NSTEP =     4500   TIME(PS) =       9.000  TEMP(K) =   302.03  PRESS =     0.0
 Etot   =    -24801.7693  EKtot   =      5582.3906  EPtot      =    -30384.1600
 BOND   =        56.7141  ANGLE   =       100.2175  DIHED      =       133.7236
 1-4 NB =        76.9997  1-4 EEL =        59.4779  VDWAALS    =      4465.8343
 EELEC  =    -35285.5981  EHBOND  =         0.0000  RESTRAINT  =         8.4710
 EAMBER (non-restraint)  =    -30392.6310
 EKCMT  =         0.0000  VIRIAL  =         0.0000  VOLUME     =    111697.9492
                                                    Density    =         0.8466
 ------------------------------------------------------------------------------

 NMR restraints: Bond =    1.694   Angle =     2.041   Torsion =     0.981
===============================================================================

 NSTEP =     5000   TIME(PS) =      10.000  TEMP(K) =   299.41  PRESS =     0.0
 Etot   =    -24950.2401  EKtot   =      5533.9722  EPtot      =    -30484.2122
 BOND   =        51.8757  ANGLE   =       109.1027  DIHED      =       122.8285
 1-4 NB =        74.6186  1-4 EEL =        60.0283  VDWAALS    =      4213.4697
 EELEC  =    -35124.2527  EHBOND  =         0.0000  RESTRAINT  =         8.1170
 EAMBER (non-restraint)  =    -30492.3292
 EKCMT  =         0.0000  VIRIAL  =         0.0000  VOLUME     =    111513.9302
                                                    Density    =         0.8480
 ------------------------------------------------------------------------------

 NMR restraints: Bond =    0.158   Angle =     2.470   Torsion =     0.918
===============================================================================

 NSTEP =     5500   TIME(PS) =      11.000  TEMP(K) =   298.15  PRESS =     0.0
 Etot   =    -24920.4491  EKtot   =      5510.6855  EPtot      =    -30431.1346
 BOND   =        48.4824  ANGLE   =       107.9279  DIHED      =       131.0548
 1-4 NB =        73.8264  1-4 EEL =        61.8752  VDWAALS    =      4062.8707
 EELEC  =    -34922.0347  EHBOND  =         0.0000  RESTRAINT  =         4.8627
 EAMBER (non-restraint)  =    -30435.9973
 EKCMT  =         0.0000  VIRIAL  =         0.0000  VOLUME     =    109062.9466
                                                    Density    =         0.8671
 ------------------------------------------------------------------------------

 NMR restraints: Bond =    0.398   Angle =     2.498   Torsion =     0.680
===============================================================================

 NSTEP =     6000   TIME(PS) =      12.000  TEMP(K) =   297.16  PRESS =     0.0
 Etot   =    -24995.5372  EKtot   =      5492.3818  EPtot      =    -30487.9191
 BOND   =        50.3902  ANGLE   =       106.3194  DIHED      =       139.1101
 1-4 NB =        69.1079  1-4 EEL =        59.2295  VDWAALS    =      4433.7056
 EELEC  =    -35351.9381  EHBOND  =         0.0000  RESTRAINT  =         6.1564
 EAMBER (non-restraint)  =    -30494.0755
 EKCMT  =         0.0000  VIRIAL  =         0.0000  VOLUME     =    107320.1756
                                                    Density    =         0.8812
 ------------------------------------------------------------------------------

 NMR restraints: Bond =    0.566   Angle =     1.107   Torsion =     2.474
===============================================================================

 NSTEP =     6500   TIME(PS) =      13.000  TEMP(K) =   301.79  PRESS =     0.0
 Etot   =    -25092.8522  EKtot   =      5578.0132  EPtot      =    -30670.8654
 BOND   =        54.4791  ANGLE   =       125.2775  DIHED      =       138.6047
 1-4 NB =        74.2823  1-4 EEL =        57.8871  VDWAALS    =      4539.7093
 EELEC  =    -35665.0012  EHBOND  =         0.0000  RESTRAINT  =         3.8959
 EAMBER (non-restraint)  =    -30674.7613
 EKCMT  =         0.0000  VIRIAL  =         0.0000  VOLUME     =    105378.7830
                                                    Density    =         0.8974
 ------------------------------------------------------------------------------

 NMR restraints: Bond =    1.176   Angle =     1.431   Torsion =     0.573
===============================================================================

 NSTEP =     7000   TIME(PS) =      14.000  TEMP(K) =   305.38  PRESS =     0.0
 Etot   =    -25127.8685  EKtot   =      5644.3750  EPtot      =    -30772.2435
 BOND   =        60.6936  ANGLE   =       108.5559  DIHED      =       134.2469
 1-4 NB =        71.9683  1-4 EEL =        57.1913  VDWAALS    =      4305.0704
 EELEC  =    -35514.4463  EHBOND  =         0.0000  RESTRAINT  =         4.4765
 EAMBER (non-restraint)  =    -30776.7199
 EKCMT  =         0.0000  VIRIAL  =         0.0000  VOLUME     =    104160.6241
                                                    Density    =         0.9079
 ------------------------------------------------------------------------------

 NMR restraints: Bond =    0.178   Angle =     2.025   Torsion =     1.119
===============================================================================

 NSTEP =     7500   TIME(PS) =      15.000  TEMP(K) =   296.38  PRESS =     0.0
 Etot   =    -25145.9812  EKtot   =      5477.9077  EPtot      =    -30623.8889
 BOND   =        48.4239  ANGLE   =       110.2723  DIHED      =       139.8066
 1-4 NB =        74.6193  1-4 EEL =        62.6122  VDWAALS    =      4199.4959
 EELEC  =    -35262.5087  EHBOND  =         0.0000  RESTRAINT  =         3.3894
 EAMBER (non-restraint)  =    -30627.2783
 EKCMT  =         0.0000  VIRIAL  =         0.0000  VOLUME     =    103607.1709
                                                    Density    =         0.9128
 ------------------------------------------------------------------------------

 NMR restraints: Bond =    0.702   Angle =     0.257   Torsion =     0.780
===============================================================================
