
          -------------------------------------------------------
          Amber 18 PMEMD                              2018
          -------------------------------------------------------

| PMEMD implementation of SANDER, Release 18

| Run on 05/02/2018 at 11:14:15

|   Executable path: pmemd.cuda
| Working directory: /oasis/tscc/scratch/davids4/SAMPLing-cut9/11499429.tscc-mgr.local
|          Hostname: tscc-gpu-9-5.sdsc.edu

  [-O]verwriting output

File Assignments:
|   MDIN: minimize.in                                                           
|  MDOUT: minimize.out                                                          
| INPCRD: solvate.rst7                                                          
|   PARM: solvate.prmtop                                                        
| RESTRT: minimize.rst7                                                         
|   REFC: solvate.rst7                                                          
|  MDVEL: mdvel                                                                 
|   MDEN: mden                                                                  
|  MDCRD: mdcrd                                                                 
| MDINFO: minimize.mdinfo                                                       
|  MDFRC: mdfrc                                                                 


 Here is the input file:

PBC Minimization                                                               
 &cntrl                                                                        
  imin =          1,                                                           
  ntx =           1,                                                           
  irest =         0,                                                           
  maxcyc =        500,                                                         
  ncyc =          400,                                                         
  dt =            0.0,                                                         
  nstlim =        0,                                                           
  ntpr =          100,                                                         
  ntwe =          0,                                                           
  ntwr =          5000,                                                        
  ntwx =          0,                                                           
  ntxo =          1,                                                           
  ioutfm =        1,                                                           
  ntf =           1,                                                           
  ntc =           1,                                                           
  cut =           9.0,                                                         
  igb =           0,                                                           
  tempi =         298.15,                                                      
  temp0 =         298.15,                                                      
  ntt =           0,                                                           
  gamma_ln =      0.0,                                                         
  ig =            0,                                                           
  ntp =           0,                                                           
  barostat =      0,                                                           
  ntr =           1,                                                           
  restraint_wt =  50.0,                                                        
  restraintmask = '@DUM',                                                      
  nmropt =        1,                                                           
  pencut =        -1,                                                          
 /                                                                             
 &wt type = 'END', /                                                           
DISANG = disang.rest                                                           
LISTOUT = POUT                                                                 
                                                                               


| irandom = 1, using AMBER's internal random number generator (default).
 
|--------------------- INFORMATION ----------------------
| GPU (CUDA) Version of PMEMD in use: NVIDIA GPU IN USE.
|                    Version 18.0.0
| 
|                      03/25/2018
| 
| Implementation by:
|                    Ross C. Walker     (SDSC)
|                    Scott Le Grand     (nVIDIA)
| 
| Version 18 performance extensions by:
|                    David Cerutti     (Rutgers)
| 
| Precision model in use:
|      [SPFP] - Single Precision Forces, 64-bit Fixed Point
|               Accumulation. (Default)
| 
|--------------------------------------------------------
 
|----------------- CITATION INFORMATION -----------------
|
|    When publishing work that utilized the CUDA version
|    of AMBER, please cite the following in addition to
|    the regular AMBER citations:
|
|  - Romelia Salomon-Ferrer; Andreas W. Goetz; Duncan
|    Poole; Scott Le Grand; Ross C. Walker "Routine
|    microsecond molecular dynamics simulations with
|    AMBER - Part II: Particle Mesh Ewald", J. Chem.
|    Theory Comput., 2013, 9 (9), pp3878-3888,
|    DOI: 10.1021/ct400314y.
|
|  - Andreas W. Goetz; Mark J. Williamson; Dong Xu;
|    Duncan Poole; Scott Le Grand; Ross C. Walker
|    "Routine microsecond molecular dynamics simulations
|    with AMBER - Part I: Generalized Born", J. Chem.
|    Theory Comput., 2012, 8 (5), pp1542-1555.
|
|  - Scott Le Grand; Andreas W. Goetz; Ross C. Walker
|    "SPFP: Speed without compromise - a mixed precision
|    model for GPU accelerated molecular dynamics
|    simulations.", Comp. Phys. Comm., 2013, 184
|    pp374-380, DOI: 10.1016/j.cpc.2012.09.022
|
|--------------------------------------------------------
 
|------------------- GPU DEVICE INFO --------------------
|
|            CUDA_VISIBLE_DEVICES: 1
|   CUDA Capable Devices Detected:      1
|           CUDA Device ID in use:      0
|                CUDA Device Name: GeForce GTX TITAN X
|     CUDA Device Global Mem Size:  12207 MB
| CUDA Device Num Multiprocessors:     24
|           CUDA Device Core Freq:   1.08 GHz
|
|--------------------------------------------------------
 
 
| Conditional Compilation Defines Used:
| PUBFFT
| BINTRAJ
| CUDA
| EMIL

| Largest sphere to fit in unit cell has radius =    21.059

| New format PARM file being parsed.
| Version =    1.000 Date = 04/23/18 Time = 20:24:08

| Note: 1-4 EEL scale factors are being read from the topology file.

| Note: 1-4 VDW scale factors are being read from the topology file.
| Duplicated    0 dihedrals

| Duplicated    0 dihedrals

--------------------------------------------------------------------------------
   1.  RESOURCE   USE: 
--------------------------------------------------------------------------------

 getting new box info from bottom of inpcrd
 NATOM  =    9221 NTYPES =      11 NBONH =    9065 MBONA  =     155
 NTHETH =     148 MTHETA =     231 NPHIH =     343 MPHIA  =     362
 NHPARM =       0 NPARM  =       0 NNB   =   13205 NRES   =    3022
 NBONA  =     155 NTHETA =     231 NPHIA =     362 NUMBND =      16
 NUMANG =      28 NPTRA  =      15 NATYP =      14 NPHB   =       0
 IFBOX  =       1 NMXRS  =     184 IFCAP =       0 NEXTRA =       0
 NCOPY  =       0

| Coordinate Index Table dimensions:     8    8   13
| Direct force subcell size =     5.4385    5.2647    5.3388

     BOX TYPE: RECTILINEAR

--------------------------------------------------------------------------------
   2.  CONTROL  DATA  FOR  THE  RUN
--------------------------------------------------------------------------------

default_name                                                                    

General flags:
     imin    =       1, nmropt  =       1

Nature and format of input:
     ntx     =       1, irest   =       0, ntrx    =       1

Nature and format of output:
     ntxo    =       1, ntpr    =     100, ntrx    =       1, ntwr    =       1
     iwrap   =       0, ntwx    =       0, ntwv    =       0, ntwe    =       0
     ioutfm  =       1, ntwprt  =       0, idecomp =       0, rbornstat=      0

Potential function:
     ntf     =       1, ntb     =       1, igb     =       0, nsnb    =      25
     ipol    =       0, gbsa    =       0, iesp    =       0
     dielc   =   1.00000, cut     =   9.00000, intdiel =   1.00000

Frozen or restrained atoms:
     ibelly  =       0, ntr     =       1
     restraint_wt =  50.00000

Energy minimization:
     maxcyc  =     500, ncyc    =     400, ntmin   =       1
     dx0     =   0.01000, drms    =   0.00010

NMR refinement options:
     iscale  =       0, noeskp  =       1, ipnlty  =       1, mxsub   =       1
     scalm   = 100.00000, pencut  =  -1.00000, tausw   =   0.10000

| Intermolecular bonds treatment:
|     no_intermolecular_bonds =       1

| Energy averages sample interval:
|     ene_avg_sampling =       1

Ewald parameters:
     verbose =       0, ew_type =       0, nbflag  =       1, use_pme =       1
     vdwmeth =       1, eedmeth =       1, netfrc  =       0
     Box X =   43.508   Box Y =   42.118   Box Z =   69.404
     Alpha =   90.000   Beta  =   90.000   Gamma =   90.000
     NFFT1 =   48       NFFT2 =   48       NFFT3 =   72
     Cutoff=    9.000   Tol   =0.100E-04
     Ewald Coefficient =  0.30768
     Interpolation order =    4

    LOADING THE CONSTRAINED ATOMS AS GROUPS


   5.  REFERENCE ATOM COORDINATES

  default_name                                                                    
     Mask @DUM; matches     3 atoms

--------------------------------------------------------------------------------
   3.  ATOMIC COORDINATES AND VELOCITIES
--------------------------------------------------------------------------------

default_name                                                                    
 begin time read from input coords =     0.000 ps



           Begin reading energy term weight changes/NMR restraints
 WEIGHT CHANGES:
                         ** No weight changes given **

 RESTRAINTS:
 Requested file redirections:
  DISANG    = disang.rest
  LISTOUT   = POUT
 Restraints will be read from file: disang.rest
Here are comments from the DISANG input file:

                       Number of restraints read =     9

                  Done reading weight changes/NMR restraints


 
 Number of triangulated 3-point waters found:     3000

     Sum of charges from parm topology file =   0.00000002
     Forcing neutrality...

| Dynamic Memory, Types Used:
| Reals              372822
| Integers           259518

| Nonbonded Pairs Initial Allocation:     2102388

| GPU memory information (estimate):
| KB of GPU memory in use:         0
| KB of CPU memory in use:         0

--------------------------------------------------------------------------------
   4.  RESULTS
--------------------------------------------------------------------------------



   NSTEP       ENERGY          RMS            GMAX         NAME    NUMBER
      1      -2.4644E+04     1.3019E+01     1.3052E+02     O        3150

 BOND    =       42.7911  ANGLE   =       91.6304  DIHED      =      140.5847
 VDWAALS =     2973.9824  EEL     =   -28043.5352  HBOND      =        0.0000
 1-4 VDW =       81.5485  1-4 EEL =       67.8230  RESTRAINT  =        0.9966
 EAMBER  =   -24645.1750
 NMR restraints: Bond =    0.000   Angle =     0.997   Torsion =     0.000
===============================================================================


   NSTEP       ENERGY          RMS            GMAX         NAME    NUMBER
    100      -3.2309E+04     2.5634E+00     3.2760E+01     C2        186

 BOND    =     1700.8748  ANGLE   =       40.6748  DIHED      =      105.2166
 VDWAALS =     3370.2078  EEL     =   -37658.5571  HBOND      =        0.0000
 1-4 VDW =       68.8709  1-4 EEL =       62.5436  RESTRAINT  =        0.8845
 EAMBER  =   -32310.1685
 NMR restraints: Bond =    0.031   Angle =     0.829   Torsion =     0.003
===============================================================================


   NSTEP       ENERGY          RMS            GMAX         NAME    NUMBER
    200      -3.3577E+04     1.9826E+00     9.2263E+01     C2        186

 BOND    =     2042.8339  ANGLE   =       43.2497  DIHED      =      104.0467
 VDWAALS =     3960.4080  EEL     =   -39857.5953  HBOND      =        0.0000
 1-4 VDW =       67.1149  1-4 EEL =       62.1265  RESTRAINT  =        0.7278
 EAMBER  =   -33577.8156
 NMR restraints: Bond =    0.037   Angle =     0.670   Torsion =     0.001
===============================================================================


   NSTEP       ENERGY          RMS            GMAX         NAME    NUMBER
    300      -3.4339E+04     1.7793E+00     7.1626E+01     C88       109

 BOND    =     2139.1966  ANGLE   =       44.3092  DIHED      =      103.9752
 VDWAALS =     4451.2766  EEL     =   -41206.0531  HBOND      =        0.0000
 1-4 VDW =       66.1782  1-4 EEL =       61.9110  RESTRAINT  =        0.5330
 EAMBER  =   -34339.2063
 NMR restraints: Bond =    0.063   Angle =     0.451   Torsion =     0.000
===============================================================================


   NSTEP       ENERGY          RMS            GMAX         NAME    NUMBER
    400      -3.4885E+04     1.4847E+00     5.1946E+01     C64        76

 BOND    =     2229.5456  ANGLE   =       44.7485  DIHED      =      104.1536
 VDWAALS =     4867.4599  EEL     =   -42258.6435  HBOND      =        0.0000
 1-4 VDW =       65.9144  1-4 EEL =       61.7795  RESTRAINT  =        0.4796
 EAMBER  =   -34885.0420
 NMR restraints: Bond =    0.070   Angle =     0.387   Torsion =     0.002
===============================================================================


   NSTEP       ENERGY          RMS            GMAX         NAME    NUMBER
    500      -3.6424E+04     1.1003E+00     3.7570E+01     O12        56

 BOND    =     2540.5016  ANGLE   =       51.2924  DIHED      =      105.9336
 VDWAALS =     6275.9506  EEL     =   -45524.0391  HBOND      =        0.0000
 1-4 VDW =       65.3744  1-4 EEL =       60.5492  RESTRAINT  =        0.5603
 EAMBER  =   -36424.4373
 NMR restraints: Bond =    0.121   Angle =     0.373   Torsion =     0.029
===============================================================================


  Maximum number of minimization cycles reached.


                    FINAL RESULTS



   NSTEP       ENERGY          RMS            GMAX         NAME    NUMBER
    500      -3.6424E+04     1.1003E+00     3.7570E+01     O12        56

 BOND    =     2540.5016  ANGLE   =       51.2924  DIHED      =      105.9336
 VDWAALS =     6275.9506  EEL     =   -45524.0391  HBOND      =        0.0000
 1-4 VDW =       65.3744  1-4 EEL =       60.5492  RESTRAINT  =        0.5603
 EAMBER  =   -36424.4373
 NMR restraints: Bond =    0.121   Angle =     0.373   Torsion =     0.029
===============================================================================
 ------------------------------------------------------------------------------


 Final Restraint Analysis for coords: minimize.rst7                           


 Restraints, deviations, and energy contributions:    pencut =   -1.00

 ------------------------------------------------------------------------------
     First atom        Last atom    curr. value target deviation  penalty
 ------------------------------------------------------------------------------
  DUM  DM1    3 --  C26  HST    1:    8.287    8.442    0.155    0.120 d    0: 0
  DUM  DM2    4 --  C26  HST    1:  149.829  150.148    0.319    0.003 a
  DUM  DM2    4 --  DUM  DM1    3:  -94.900  -94.354    0.546    0.009 t
  DUM  DM1    3 --  C18  HST    1:   73.013   73.639    0.626    0.012 a
  DUM  DM1    3 --  C26  HST    1:  130.989  131.702    0.713    0.015 t
  C26  HST    1 --  C18  HST    1:   65.028   65.404    0.376    0.004 t
  DUM  DM1    3 --  C1   GST    2:    8.493    8.476    0.017    0.001 d    0: 0
  DUM  DM2    4 --  C1   GST    2:  178.250  180.000    1.750    0.093 a
  DUM  DM1    3 --  C3   GST    2:  177.053  180.000    2.947    0.265 a
                                       Total distance penalty:      0.121
                                       Total angle    penalty:      0.373
                                       Total torsion  penalty:      0.029
 ------------------------------------------------------------------------------
--------------------------------------------------------------------------------
   5.  TIMINGS
--------------------------------------------------------------------------------

|  NonSetup CPU Time in Major Routines:
|
|     Routine           Sec        %
|     ------------------------------
|     Nonbond           0.27   50.93
|     Bond              0.00    0.00
|     Angle             0.00    0.00
|     Dihedral          0.00    0.00
|     Shake             0.00    0.00
|     Other             0.26   49.07
|     ------------------------------
|     Total             0.54

|  PME Nonbond Pairlist CPU Time:
|
|     Routine              Sec        %
|     ---------------------------------
|     Set Up Cit           0.00    0.00
|     Build List           0.00    0.00
|     ---------------------------------
|     Total                0.00    0.00

|  PME Direct Force CPU Time:
|
|     Routine              Sec        %
|     ---------------------------------
|     NonBonded Calc       0.00    0.00
|     Exclude Masked       0.00    0.00
|     Other                0.00    0.19
|     ---------------------------------
|     Total                0.00    0.19

|  PME Reciprocal Force CPU Time:
|
|     Routine              Sec        %
|     ---------------------------------
|     1D bspline           0.00    0.00
|     Grid Charges         0.00    0.00
|     Scalar Sum           0.00    0.00
|     Gradient Sum         0.00    0.00
|     FFT                  0.00    0.00
|     ---------------------------------
|     Total                0.00    0.00

|  Setup CPU time:            2.33 seconds
|  NonSetup CPU time:         0.54 seconds
|  Total CPU time:            2.87 seconds     0.00 hours

|  Setup wall time:           3    seconds
|  NonSetup wall time:        0    seconds
|  Total wall time:           3    seconds     0.00 hours
