
          -------------------------------------------------------
          Amber 18 PMEMD                              2018
          -------------------------------------------------------

| PMEMD implementation of SANDER, Release 18

| Run on 05/02/2018 at 10:59:01

|   Executable path: pmemd.cuda
| Working directory: /oasis/tscc/scratch/davids4/SAMPLing-cut9/11499294.tscc-mgr.local
|          Hostname: tscc-gpu-8-3.sdsc.edu

  [-O]verwriting output

File Assignments:
|   MDIN: minimize.in                                                           
|  MDOUT: minimize.out                                                          
| INPCRD: solvate.rst7                                                          
|   PARM: solvate.prmtop                                                        
| RESTRT: minimize.rst7                                                         
|   REFC: solvate.rst7                                                          
|  MDVEL: mdvel                                                                 
|   MDEN: mden                                                                  
|  MDCRD: mdcrd                                                                 
| MDINFO: minimize.mdinfo                                                       
|  MDFRC: mdfrc                                                                 


 Here is the input file:

PBC Minimization                                                               
 &cntrl                                                                        
  imin =          1,                                                           
  ntx =           1,                                                           
  irest =         0,                                                           
  maxcyc =        500,                                                         
  ncyc =          400,                                                         
  dt =            0.0,                                                         
  nstlim =        0,                                                           
  ntpr =          100,                                                         
  ntwe =          0,                                                           
  ntwr =          5000,                                                        
  ntwx =          0,                                                           
  ntxo =          1,                                                           
  ioutfm =        1,                                                           
  ntf =           1,                                                           
  ntc =           1,                                                           
  cut =           9.0,                                                         
  igb =           0,                                                           
  tempi =         298.15,                                                      
  temp0 =         298.15,                                                      
  ntt =           0,                                                           
  gamma_ln =      0.0,                                                         
  ig =            0,                                                           
  ntp =           0,                                                           
  barostat =      0,                                                           
  ntr =           1,                                                           
  restraint_wt =  50.0,                                                        
  restraintmask = '@DUM',                                                      
  nmropt =        1,                                                           
  pencut =        -1,                                                          
 /                                                                             
 &wt type = 'END', /                                                           
DISANG = disang.rest                                                           
LISTOUT = POUT                                                                 
                                                                               


| irandom = 1, using AMBER's internal random number generator (default).
 
|--------------------- INFORMATION ----------------------
| GPU (CUDA) Version of PMEMD in use: NVIDIA GPU IN USE.
|                    Version 18.0.0
| 
|                      03/25/2018
| 
| Implementation by:
|                    Ross C. Walker     (SDSC)
|                    Scott Le Grand     (nVIDIA)
| 
| Version 18 performance extensions by:
|                    David Cerutti     (Rutgers)
| 
| Precision model in use:
|      [SPFP] - Single Precision Forces, 64-bit Fixed Point
|               Accumulation. (Default)
| 
|--------------------------------------------------------
 
|----------------- CITATION INFORMATION -----------------
|
|    When publishing work that utilized the CUDA version
|    of AMBER, please cite the following in addition to
|    the regular AMBER citations:
|
|  - Romelia Salomon-Ferrer; Andreas W. Goetz; Duncan
|    Poole; Scott Le Grand; Ross C. Walker "Routine
|    microsecond molecular dynamics simulations with
|    AMBER - Part II: Particle Mesh Ewald", J. Chem.
|    Theory Comput., 2013, 9 (9), pp3878-3888,
|    DOI: 10.1021/ct400314y.
|
|  - Andreas W. Goetz; Mark J. Williamson; Dong Xu;
|    Duncan Poole; Scott Le Grand; Ross C. Walker
|    "Routine microsecond molecular dynamics simulations
|    with AMBER - Part I: Generalized Born", J. Chem.
|    Theory Comput., 2012, 8 (5), pp1542-1555.
|
|  - Scott Le Grand; Andreas W. Goetz; Ross C. Walker
|    "SPFP: Speed without compromise - a mixed precision
|    model for GPU accelerated molecular dynamics
|    simulations.", Comp. Phys. Comm., 2013, 184
|    pp374-380, DOI: 10.1016/j.cpc.2012.09.022
|
|--------------------------------------------------------
 
|------------------- GPU DEVICE INFO --------------------
|
|            CUDA_VISIBLE_DEVICES: 6
|   CUDA Capable Devices Detected:      1
|           CUDA Device ID in use:      0
|                CUDA Device Name: GeForce GTX TITAN X
|     CUDA Device Global Mem Size:  12207 MB
| CUDA Device Num Multiprocessors:     24
|           CUDA Device Core Freq:   1.08 GHz
|
|--------------------------------------------------------
 
 
| Conditional Compilation Defines Used:
| PUBFFT
| BINTRAJ
| CUDA
| EMIL

| Largest sphere to fit in unit cell has radius =    21.886

| New format PARM file being parsed.
| Version =    1.000 Date = 04/23/18 Time = 20:22:41

| Note: 1-4 EEL scale factors are being read from the topology file.

| Note: 1-4 VDW scale factors are being read from the topology file.
| Duplicated    0 dihedrals

| Duplicated    0 dihedrals

--------------------------------------------------------------------------------
   1.  RESOURCE   USE: 
--------------------------------------------------------------------------------

 getting new box info from bottom of inpcrd
 NATOM  =    9223 NTYPES =      11 NBONH =    9067 MBONA  =     155
 NTHETH =     153 MTHETA =     232 NPHIH =     345 MPHIA  =     366
 NHPARM =       0 NPARM  =       0 NNB   =   13221 NRES   =    3022
 NBONA  =     155 NTHETA =     232 NPHIA =     366 NUMBND =      13
 NUMANG =      22 NPTRA  =      15 NATYP =      13 NPHB   =       0
 IFBOX  =       1 NMXRS  =     184 IFCAP =       0 NEXTRA =       0
 NCOPY  =       0

| Coordinate Index Table dimensions:     9    8   12
| Direct force subcell size =     5.1790    5.4715    5.1664

     BOX TYPE: RECTILINEAR

--------------------------------------------------------------------------------
   2.  CONTROL  DATA  FOR  THE  RUN
--------------------------------------------------------------------------------

default_name                                                                    

General flags:
     imin    =       1, nmropt  =       1

Nature and format of input:
     ntx     =       1, irest   =       0, ntrx    =       1

Nature and format of output:
     ntxo    =       1, ntpr    =     100, ntrx    =       1, ntwr    =       1
     iwrap   =       0, ntwx    =       0, ntwv    =       0, ntwe    =       0
     ioutfm  =       1, ntwprt  =       0, idecomp =       0, rbornstat=      0

Potential function:
     ntf     =       1, ntb     =       1, igb     =       0, nsnb    =      25
     ipol    =       0, gbsa    =       0, iesp    =       0
     dielc   =   1.00000, cut     =   9.00000, intdiel =   1.00000

Frozen or restrained atoms:
     ibelly  =       0, ntr     =       1
     restraint_wt =  50.00000

Energy minimization:
     maxcyc  =     500, ncyc    =     400, ntmin   =       1
     dx0     =   0.01000, drms    =   0.00010

NMR refinement options:
     iscale  =       0, noeskp  =       1, ipnlty  =       1, mxsub   =       1
     scalm   = 100.00000, pencut  =  -1.00000, tausw   =   0.10000

| Intermolecular bonds treatment:
|     no_intermolecular_bonds =       1

| Energy averages sample interval:
|     ene_avg_sampling =       1

Ewald parameters:
     verbose =       0, ew_type =       0, nbflag  =       1, use_pme =       1
     vdwmeth =       1, eedmeth =       1, netfrc  =       0
     Box X =   46.611   Box Y =   43.772   Box Z =   61.996
     Alpha =   90.000   Beta  =   90.000   Gamma =   90.000
     NFFT1 =   48       NFFT2 =   48       NFFT3 =   64
     Cutoff=    9.000   Tol   =0.100E-04
     Ewald Coefficient =  0.30768
     Interpolation order =    4

    LOADING THE CONSTRAINED ATOMS AS GROUPS


   5.  REFERENCE ATOM COORDINATES

  default_name                                                                    
     Mask @DUM; matches     3 atoms

--------------------------------------------------------------------------------
   3.  ATOMIC COORDINATES AND VELOCITIES
--------------------------------------------------------------------------------

default_name                                                                    
 begin time read from input coords =     0.000 ps



           Begin reading energy term weight changes/NMR restraints
 WEIGHT CHANGES:
                         ** No weight changes given **

 RESTRAINTS:
 Requested file redirections:
  DISANG    = disang.rest
  LISTOUT   = POUT
 Restraints will be read from file: disang.rest
Here are comments from the DISANG input file:

                       Number of restraints read =     9

                  Done reading weight changes/NMR restraints


 
 Number of triangulated 3-point waters found:     3000

     Sum of charges from parm topology file =   0.00000002
     Forcing neutrality...

| Dynamic Memory, Types Used:
| Reals              372848
| Integers           259810

| Nonbonded Pairs Initial Allocation:     2102844

| GPU memory information (estimate):
| KB of GPU memory in use:         0
| KB of CPU memory in use:         0

--------------------------------------------------------------------------------
   4.  RESULTS
--------------------------------------------------------------------------------



   NSTEP       ENERGY          RMS            GMAX         NAME    NUMBER
      1      -2.4816E+04     1.2967E+01     1.0851E+02     O        1346

 BOND    =       40.4304  ANGLE   =      108.6473  DIHED      =      137.5324
 VDWAALS =     3072.2574  EEL     =   -28334.0990  HBOND      =        0.0000
 1-4 VDW =       80.3698  1-4 EEL =       61.0684  RESTRAINT  =       17.5898
 EAMBER  =   -24833.7933
 NMR restraints: Bond =    0.000   Angle =    17.590   Torsion =     0.000
===============================================================================


   NSTEP       ENERGY          RMS            GMAX         NAME    NUMBER
    100      -3.2404E+04     2.2824E+00     7.6855E+01     C5          5

 BOND    =     1879.8609  ANGLE   =       40.7278  DIHED      =      105.9658
 VDWAALS =     3466.6366  EEL     =   -38040.9539  HBOND      =        0.0000
 1-4 VDW =       72.5512  1-4 EEL =       63.1204  RESTRAINT  =        7.9558
 EAMBER  =   -32412.0911
 NMR restraints: Bond =    0.012   Angle =     7.929   Torsion =     0.005
===============================================================================


   NSTEP       ENERGY          RMS            GMAX         NAME    NUMBER
    200      -3.3645E+04     2.0969E+00     1.6163E+02     C88       109

 BOND    =     2033.1184  ANGLE   =       42.6540  DIHED      =      104.0675
 VDWAALS =     4036.2811  EEL     =   -39998.3779  HBOND      =        0.0000
 1-4 VDW =       70.3533  1-4 EEL =       62.2270  RESTRAINT  =        5.1551
 EAMBER  =   -33649.6766
 NMR restraints: Bond =    0.023   Angle =     5.120   Torsion =     0.003
===============================================================================


   NSTEP       ENERGY          RMS            GMAX         NAME    NUMBER
    300      -3.4367E+04     1.6662E+00     8.1553E+01     C88       109

 BOND    =     2138.3214  ANGLE   =       43.1373  DIHED      =      104.0527
 VDWAALS =     4490.7890  EEL     =   -41278.4994  HBOND      =        0.0000
 1-4 VDW =       69.1772  1-4 EEL =       61.8689  RESTRAINT  =        3.8171
 EAMBER  =   -34371.1529
 NMR restraints: Bond =    0.023   Angle =     3.778   Torsion =     0.005
===============================================================================


   NSTEP       ENERGY          RMS            GMAX         NAME    NUMBER
    400      -3.4879E+04     1.4848E+00     1.0633E+02     C88       109

 BOND    =     2221.0995  ANGLE   =       44.2924  DIHED      =      104.3986
 VDWAALS =     4863.5624  EEL     =   -42246.0783  HBOND      =        0.0000
 1-4 VDW =       68.3518  1-4 EEL =       61.7188  RESTRAINT  =        3.2687
 EAMBER  =   -34882.6548
 NMR restraints: Bond =    0.019   Angle =     3.229   Torsion =     0.008
===============================================================================


   NSTEP       ENERGY          RMS            GMAX         NAME    NUMBER
    500      -3.6344E+04     1.3904E+00     4.9389E+01     O24       113

 BOND    =     2516.5945  ANGLE   =       60.3714  DIHED      =      109.3051
 VDWAALS =     6166.4363  EEL     =   -45325.5003  HBOND      =        0.0000
 1-4 VDW =       65.2675  1-4 EEL =       61.7616  RESTRAINT  =        1.8087
 EAMBER  =   -36345.7640
 NMR restraints: Bond =    0.101   Angle =     1.642   Torsion =     0.028
===============================================================================


  Maximum number of minimization cycles reached.


                    FINAL RESULTS



   NSTEP       ENERGY          RMS            GMAX         NAME    NUMBER
    500      -3.6344E+04     1.3904E+00     4.9389E+01     O24       113

 BOND    =     2516.5945  ANGLE   =       60.3714  DIHED      =      109.3051
 VDWAALS =     6166.4363  EEL     =   -45325.5003  HBOND      =        0.0000
 1-4 VDW =       65.2675  1-4 EEL =       61.7616  RESTRAINT  =        1.8087
 EAMBER  =   -36345.7640
 NMR restraints: Bond =    0.101   Angle =     1.642   Torsion =     0.028
===============================================================================
 ------------------------------------------------------------------------------


 Final Restraint Analysis for coords: minimize.rst7                           


 Restraints, deviations, and energy contributions:    pencut =   -1.00

 ------------------------------------------------------------------------------
     First atom        Last atom    curr. value target deviation  penalty
 ------------------------------------------------------------------------------
  DUM  DM1    3 --  C26  HST    1:    7.614    7.750    0.136    0.092 d    0: 0
  DUM  DM2    4 --  C26  HST    1:  147.822  147.987    0.165    0.001 a
  DUM  DM2    4 --  DUM  DM1    3:  149.441  149.371    0.070    0.000 t
  DUM  DM1    3 --  C18  HST    1:   62.830   62.345    0.485    0.007 a
  DUM  DM1    3 --  C26  HST    1:  136.122  136.885    0.763    0.018 t
  C26  HST    1 --  C18  HST    1:   72.029   71.445    0.585    0.010 t
  DUM  DM1    3 --  C6   GST    2:   22.539   22.498    0.041    0.008 d    0: 0
  DUM  DM2    4 --  C6   GST    2:  178.341  180.000    1.659    0.084 a
  DUM  DM1    3 --  C1   GST    2:  172.867  180.000    7.133    1.550 a
                                       Total distance penalty:      0.101
                                       Total angle    penalty:      1.642
                                       Total torsion  penalty:      0.028
 ------------------------------------------------------------------------------
--------------------------------------------------------------------------------
   5.  TIMINGS
--------------------------------------------------------------------------------

|  NonSetup CPU Time in Major Routines:
|
|     Routine           Sec        %
|     ------------------------------
|     Nonbond           0.26   51.37
|     Bond              0.00    0.00
|     Angle             0.00    0.00
|     Dihedral          0.00    0.00
|     Shake             0.00    0.00
|     Other             0.25   48.63
|     ------------------------------
|     Total             0.51

|  PME Nonbond Pairlist CPU Time:
|
|     Routine              Sec        %
|     ---------------------------------
|     Set Up Cit           0.00    0.00
|     Build List           0.00    0.00
|     ---------------------------------
|     Total                0.00    0.00

|  PME Direct Force CPU Time:
|
|     Routine              Sec        %
|     ---------------------------------
|     NonBonded Calc       0.00    0.00
|     Exclude Masked       0.00    0.00
|     Other                0.00    0.00
|     ---------------------------------
|     Total                0.00    0.00

|  PME Reciprocal Force CPU Time:
|
|     Routine              Sec        %
|     ---------------------------------
|     1D bspline           0.00    0.00
|     Grid Charges         0.00    0.00
|     Scalar Sum           0.00    0.00
|     Gradient Sum         0.00    0.00
|     FFT                  0.00    0.00
|     ---------------------------------
|     Total                0.00    0.00

|  Setup CPU time:            1.98 seconds
|  NonSetup CPU time:         0.51 seconds
|  Total CPU time:            2.49 seconds     0.00 hours

|  Setup wall time:           2    seconds
|  NonSetup wall time:        0    seconds
|  Total wall time:           2    seconds     0.00 hours
