
          -------------------------------------------------------
          Amber 18 PMEMD                              2018
          -------------------------------------------------------

| PMEMD implementation of SANDER, Release 18

| Run on 05/02/2018 at 10:40:18

|   Executable path: pmemd.cuda
| Working directory: /oasis/tscc/scratch/davids4/SAMPLing-cut9/11499286.tscc-mgr.local
|          Hostname: tscc-gpu-9-4.sdsc.edu

  [-O]verwriting output

File Assignments:
|   MDIN: equil.000.in                                                          
|  MDOUT: equil.000.out                                                         
| INPCRD: minimize.rst7                                                         
|   PARM: solvate.prmtop                                                        
| RESTRT: equil.000.rst7                                                        
|   REFC: solvate.rst7                                                          
|  MDVEL: mdvel                                                                 
|   MDEN: equil.000.mden                                                        
|  MDCRD: equil.000.nc                                                          
| MDINFO: equil.000.mdinfo                                                      
|  MDFRC: mdfrc                                                                 


 Here is the input file:

PBC MD Simulation                                                              
 &cntrl                                                                        
  imin =          0,                                                           
  ntx =           1,                                                           
  irest =         0,                                                           
  maxcyc =        0,                                                           
  ncyc =          0,                                                           
  dt =            0.002,                                                       
  nstlim =        500000,                                                      
  ntpr =          500,                                                         
  ntwe =          500,                                                         
  ntwr =          250,                                                         
  ntwx =          250,                                                         
  ntxo =          1,                                                           
  ioutfm =        1,                                                           
  ntf =           2,                                                           
  ntc =           2,                                                           
  cut =           9.0,                                                         
  igb =           0,                                                           
  tempi =         298.15,                                                      
  temp0 =         298.15,                                                      
  ntt =           3,                                                           
  gamma_ln =      1.0,                                                         
  ig =            -1,                                                          
  ntp =           1,                                                           
  barostat =      2,                                                           
  ntr =           1,                                                           
  restraint_wt =  50.0,                                                        
  restraintmask = '@DUM',                                                      
  nmropt =        1,                                                           
  pencut =        -1,                                                          
  ntwprt =        206,                                                         
 /                                                                             
 &wt type = 'END', /                                                           
DISANG = disang.rest                                                           
LISTOUT = POUT                                                                 
                                                                               


Note: ig = -1. Setting random seed to   895565 based on wallclock time in 
      microseconds.
| irandom = 1, using AMBER's internal random number generator (default).
 
|--------------------- INFORMATION ----------------------
| GPU (CUDA) Version of PMEMD in use: NVIDIA GPU IN USE.
|                    Version 18.0.0
| 
|                      03/25/2018
| 
| Implementation by:
|                    Ross C. Walker     (SDSC)
|                    Scott Le Grand     (nVIDIA)
| 
| Version 18 performance extensions by:
|                    David Cerutti     (Rutgers)
| 
| Precision model in use:
|      [SPFP] - Single Precision Forces, 64-bit Fixed Point
|               Accumulation. (Default)
| 
|--------------------------------------------------------
 
|----------------- CITATION INFORMATION -----------------
|
|    When publishing work that utilized the CUDA version
|    of AMBER, please cite the following in addition to
|    the regular AMBER citations:
|
|  - Romelia Salomon-Ferrer; Andreas W. Goetz; Duncan
|    Poole; Scott Le Grand; Ross C. Walker "Routine
|    microsecond molecular dynamics simulations with
|    AMBER - Part II: Particle Mesh Ewald", J. Chem.
|    Theory Comput., 2013, 9 (9), pp3878-3888,
|    DOI: 10.1021/ct400314y.
|
|  - Andreas W. Goetz; Mark J. Williamson; Dong Xu;
|    Duncan Poole; Scott Le Grand; Ross C. Walker
|    "Routine microsecond molecular dynamics simulations
|    with AMBER - Part I: Generalized Born", J. Chem.
|    Theory Comput., 2012, 8 (5), pp1542-1555.
|
|  - Scott Le Grand; Andreas W. Goetz; Ross C. Walker
|    "SPFP: Speed without compromise - a mixed precision
|    model for GPU accelerated molecular dynamics
|    simulations.", Comp. Phys. Comm., 2013, 184
|    pp374-380, DOI: 10.1016/j.cpc.2012.09.022
|
|--------------------------------------------------------
 
|------------------- GPU DEVICE INFO --------------------
|
|            CUDA_VISIBLE_DEVICES: 3
|   CUDA Capable Devices Detected:      1
|           CUDA Device ID in use:      0
|                CUDA Device Name: GeForce GTX TITAN X
|     CUDA Device Global Mem Size:  12207 MB
| CUDA Device Num Multiprocessors:     24
|           CUDA Device Core Freq:   1.08 GHz
|
|--------------------------------------------------------
 
 
| Conditional Compilation Defines Used:
| PUBFFT
| BINTRAJ
| CUDA
| EMIL

| Largest sphere to fit in unit cell has radius =    21.886

| New format PARM file being parsed.
| Version =    1.000 Date = 04/23/18 Time = 20:22:02

| Note: 1-4 EEL scale factors are being read from the topology file.

| Note: 1-4 VDW scale factors are being read from the topology file.
| Duplicated    0 dihedrals

| Duplicated    0 dihedrals

--------------------------------------------------------------------------------
   1.  RESOURCE   USE: 
--------------------------------------------------------------------------------

 getting new box info from bottom of inpcrd
 NATOM  =    9223 NTYPES =      11 NBONH =    9067 MBONA  =     155
 NTHETH =     153 MTHETA =     232 NPHIH =     345 MPHIA  =     366
 NHPARM =       0 NPARM  =       0 NNB   =   13221 NRES   =    3022
 NBONA  =     155 NTHETA =     232 NPHIA =     366 NUMBND =      13
 NUMANG =      22 NPTRA  =      15 NATYP =      13 NPHB   =       0
 IFBOX  =       1 NMXRS  =     184 IFCAP =       0 NEXTRA =       0
 NCOPY  =       0

| Coordinate Index Table dimensions:     9    8   12
| Direct force subcell size =     5.1790    5.4715    5.1664

     BOX TYPE: RECTILINEAR

--------------------------------------------------------------------------------
   2.  CONTROL  DATA  FOR  THE  RUN
--------------------------------------------------------------------------------

default_name                                                                    

General flags:
     imin    =       0, nmropt  =       1

Nature and format of input:
     ntx     =       1, irest   =       0, ntrx    =       1

Nature and format of output:
     ntxo    =       1, ntpr    =     500, ntrx    =       1, ntwr    =     250
     iwrap   =       0, ntwx    =     250, ntwv    =       0, ntwe    =     500
     ioutfm  =       1, ntwprt  =     206, idecomp =       0, rbornstat=      0

Potential function:
     ntf     =       2, ntb     =       2, igb     =       0, nsnb    =      25
     ipol    =       0, gbsa    =       0, iesp    =       0
     dielc   =   1.00000, cut     =   9.00000, intdiel =   1.00000

Frozen or restrained atoms:
     ibelly  =       0, ntr     =       1
     restraint_wt =  50.00000

Molecular dynamics:
     nstlim  =    500000, nscm    =         0, nrespa  =         1
     t       =   0.00000, dt      =   0.00200, vlimit  =  -1.00000

Langevin dynamics temperature regulation:
     ig      =  895565
     temp0   = 298.15000, tempi   = 298.15000, gamma_ln=   1.00000

Pressure regulation:
     ntp     =       1
     pres0   =   1.00000, comp    =  44.60000, taup    =   1.00000
     Monte-Carlo Barostat:
     mcbarint  =     100

SHAKE:
     ntc     =       2, jfastw  =       0
     tol     =   0.00001

NMR refinement options:
     iscale  =       0, noeskp  =       1, ipnlty  =       1, mxsub   =       1
     scalm   = 100.00000, pencut  =  -1.00000, tausw   =   0.10000

| Intermolecular bonds treatment:
|     no_intermolecular_bonds =       1

| Energy averages sample interval:
|     ene_avg_sampling =     500

Ewald parameters:
     verbose =       0, ew_type =       0, nbflag  =       1, use_pme =       1
     vdwmeth =       1, eedmeth =       1, netfrc  =       1
     Box X =   46.611   Box Y =   43.772   Box Z =   61.996
     Alpha =   90.000   Beta  =   90.000   Gamma =   90.000
     NFFT1 =   48       NFFT2 =   48       NFFT3 =   64
     Cutoff=    9.000   Tol   =0.100E-04
     Ewald Coefficient =  0.30768
     Interpolation order =    4

    LOADING THE CONSTRAINED ATOMS AS GROUPS


   5.  REFERENCE ATOM COORDINATES

  default_name                                                                    
     Mask @DUM; matches     3 atoms
| MONTE CARLO BAROSTAT IMPORTANT NOTE:
|   The Monte-Carlo barostat does not require the virial to adjust the system volume.
|   Since it is an expensive calculation, it is skipped for efficiency. A side-effect
|   is that the reported pressure is always 0 because it is not calculated.

--------------------------------------------------------------------------------
   3.  ATOMIC COORDINATES AND VELOCITIES
--------------------------------------------------------------------------------

default_name                                                                    
 begin time read from input coords =     0.000 ps



           Begin reading energy term weight changes/NMR restraints
 WEIGHT CHANGES:
                         ** No weight changes given **

 RESTRAINTS:
 Requested file redirections:
  DISANG    = disang.rest
  LISTOUT   = POUT
 Restraints will be read from file: disang.rest
Here are comments from the DISANG input file:

                       Number of restraints read =     9

                  Done reading weight changes/NMR restraints


 
 Number of triangulated 3-point waters found:     3000

     Sum of charges from parm topology file =   0.00000002
     Forcing neutrality...

| Dynamic Memory, Types Used:
| Reals              528921
| Integers           284277

| Nonbonded Pairs Initial Allocation:     2102844

| GPU memory information (estimate):
| KB of GPU memory in use:         0
| KB of CPU memory in use:         0

--------------------------------------------------------------------------------
   4.  RESULTS
--------------------------------------------------------------------------------


 NSTEP =        0   TIME(PS) =       0.000  TEMP(K) =   441.03  PRESS =     0.0
 Etot   =    -30710.7259  EKtot   =      8151.4723  EPtot      =    -38862.1982
 BOND   =        15.8710  ANGLE   =        52.1727  DIHED      =       102.5413
 1-4 NB =        67.2070  1-4 EEL =        59.8683  VDWAALS    =      6255.8687
 EELEC  =    -45417.2180  EHBOND  =         0.0000  RESTRAINT  =         1.4908
 EAMBER (non-restraint)  =    -38863.6890
 EKCMT  =         0.0000  VIRIAL  =         0.0000  VOLUME     =    126488.9084
                                                    Density    =         0.7476
 ------------------------------------------------------------------------------

 NMR restraints: Bond =    0.679   Angle =     0.750   Torsion =     0.016
===============================================================================

 NSTEP =      500   TIME(PS) =       1.000  TEMP(K) =   264.20  PRESS =     0.0
 Etot   =    -25937.4172  EKtot   =      4883.1006  EPtot      =    -30820.5178
 BOND   =        45.8821  ANGLE   =       102.1760  DIHED      =       122.8643
 1-4 NB =        78.7993  1-4 EEL =        64.3205  VDWAALS    =      4616.7703
 EELEC  =    -35859.6294  EHBOND  =         0.0000  RESTRAINT  =         8.2990
 EAMBER (non-restraint)  =    -30828.8168
 EKCMT  =         0.0000  VIRIAL  =         0.0000  VOLUME     =    124168.3165
                                                    Density    =         0.7616
 ------------------------------------------------------------------------------

 NMR restraints: Bond =    0.010   Angle =     3.684   Torsion =     0.601
===============================================================================

 NSTEP =     1000   TIME(PS) =       2.000  TEMP(K) =   279.60  PRESS =     0.0
 Etot   =    -25150.3867  EKtot   =      5167.8071  EPtot      =    -30318.1938
 BOND   =        57.2586  ANGLE   =       101.2392  DIHED      =       125.3703
 1-4 NB =        74.3852  1-4 EEL =        61.5589  VDWAALS    =      4412.2162
 EELEC  =    -35153.9273  EHBOND  =         0.0000  RESTRAINT  =         3.7051
 EAMBER (non-restraint)  =    -30321.8989
 EKCMT  =         0.0000  VIRIAL  =         0.0000  VOLUME     =    122013.3600
                                                    Density    =         0.7751
 ------------------------------------------------------------------------------

 NMR restraints: Bond =    0.081   Angle =     0.689   Torsion =     1.279
===============================================================================

 NSTEP =     1500   TIME(PS) =       3.000  TEMP(K) =   291.47  PRESS =     0.0
 Etot   =    -24904.9762  EKtot   =      5387.1860  EPtot      =    -30292.1622
 BOND   =        51.6735  ANGLE   =       122.2143  DIHED      =       125.0965
 1-4 NB =        74.6213  1-4 EEL =        63.4258  VDWAALS    =      4667.9964
 EELEC  =    -35401.4082  EHBOND  =         0.0000  RESTRAINT  =         4.2181
 EAMBER (non-restraint)  =    -30296.3803
 EKCMT  =         0.0000  VIRIAL  =         0.0000  VOLUME     =    118257.8471
                                                    Density    =         0.7997
 ------------------------------------------------------------------------------

 NMR restraints: Bond =    0.590   Angle =     2.687   Torsion =     0.120
===============================================================================

 NSTEP =     2000   TIME(PS) =       4.000  TEMP(K) =   292.08  PRESS =     0.0
 Etot   =    -24833.0228  EKtot   =      5398.5610  EPtot      =    -30231.5838
 BOND   =        43.5248  ANGLE   =       107.4624  DIHED      =       129.6931
 1-4 NB =        80.3888  1-4 EEL =        62.9563  VDWAALS    =      4319.0591
 EELEC  =    -34978.5407  EHBOND  =         0.0000  RESTRAINT  =         3.8722
 EAMBER (non-restraint)  =    -30235.4561
 EKCMT  =         0.0000  VIRIAL  =         0.0000  VOLUME     =    116884.7494
                                                    Density    =         0.8091
 ------------------------------------------------------------------------------

 NMR restraints: Bond =    0.022   Angle =     1.995   Torsion =     0.624
===============================================================================

 NSTEP =     2500   TIME(PS) =       5.000  TEMP(K) =   292.59  PRESS =     0.0
 Etot   =    -24762.6248  EKtot   =      5407.8804  EPtot      =    -30170.5052
 BOND   =        54.7060  ANGLE   =       115.7457  DIHED      =       134.6309
 1-4 NB =        77.3251  1-4 EEL =        65.3362  VDWAALS    =      4120.5105
 EELEC  =    -34742.0715  EHBOND  =         0.0000  RESTRAINT  =         3.3119
 EAMBER (non-restraint)  =    -30173.8171
 EKCMT  =         0.0000  VIRIAL  =         0.0000  VOLUME     =    116069.2749
                                                    Density    =         0.8148
 ------------------------------------------------------------------------------

 NMR restraints: Bond =    0.500   Angle =     0.955   Torsion =     0.476
===============================================================================

 NSTEP =     3000   TIME(PS) =       6.000  TEMP(K) =   295.13  PRESS =     0.0
 Etot   =    -24694.6388  EKtot   =      5454.7861  EPtot      =    -30149.4249
 BOND   =        53.1508  ANGLE   =       107.4102  DIHED      =       126.3513
 1-4 NB =        77.5123  1-4 EEL =        66.9061  VDWAALS    =      4490.0618
 EELEC  =    -35073.9356  EHBOND  =         0.0000  RESTRAINT  =         3.1183
 EAMBER (non-restraint)  =    -30152.5432
 EKCMT  =         0.0000  VIRIAL  =         0.0000  VOLUME     =    115144.6411
                                                    Density    =         0.8213
 ------------------------------------------------------------------------------

 NMR restraints: Bond =    0.829   Angle =     1.049   Torsion =     0.101
===============================================================================

 NSTEP =     3500   TIME(PS) =       7.000  TEMP(K) =   292.92  PRESS =     0.0
 Etot   =    -24719.8190  EKtot   =      5413.9751  EPtot      =    -30133.7941
 BOND   =        54.4034  ANGLE   =       125.2785  DIHED      =       135.8591
 1-4 NB =        77.7847  1-4 EEL =        61.3054  VDWAALS    =      4226.2880
 EELEC  =    -34821.6759  EHBOND  =         0.0000  RESTRAINT  =         6.9627
 EAMBER (non-restraint)  =    -30140.7568
 EKCMT  =         0.0000  VIRIAL  =         0.0000  VOLUME     =    113431.6944
                                                    Density    =         0.8337
 ------------------------------------------------------------------------------

 NMR restraints: Bond =    0.816   Angle =     2.880   Torsion =     0.181
===============================================================================

 NSTEP =     4000   TIME(PS) =       8.000  TEMP(K) =   300.04  PRESS =     0.0
 Etot   =    -24657.6442  EKtot   =      5545.5347  EPtot      =    -30203.1789
 BOND   =        59.1355  ANGLE   =       127.8697  DIHED      =       135.3284
 1-4 NB =        71.0243  1-4 EEL =        62.3953  VDWAALS    =      4135.5932
 EELEC  =    -34797.9517  EHBOND  =         0.0000  RESTRAINT  =         3.4265
 EAMBER (non-restraint)  =    -30206.6054
 EKCMT  =         0.0000  VIRIAL  =         0.0000  VOLUME     =    113018.4512
                                                    Density    =         0.8367
 ------------------------------------------------------------------------------

 NMR restraints: Bond =    0.003   Angle =     0.906   Torsion =     0.261
===============================================================================

 NSTEP =     4500   TIME(PS) =       9.000  TEMP(K) =   300.02  PRESS =     0.0
 Etot   =    -24793.8702  EKtot   =      5545.1685  EPtot      =    -30339.0387
 BOND   =        59.0625  ANGLE   =       111.2983  DIHED      =       129.6439
 1-4 NB =        75.7684  1-4 EEL =        65.6767  VDWAALS    =      4065.4751
 EELEC  =    -34853.7204  EHBOND  =         0.0000  RESTRAINT  =         7.7570
 EAMBER (non-restraint)  =    -30346.7956
 EKCMT  =         0.0000  VIRIAL  =         0.0000  VOLUME     =    112117.3023
                                                    Density    =         0.8435
 ------------------------------------------------------------------------------

 NMR restraints: Bond =    0.147   Angle =     3.202   Torsion =     0.521
===============================================================================

 NSTEP =     5000   TIME(PS) =      10.000  TEMP(K) =   301.93  PRESS =     0.0
 Etot   =    -24856.9113  EKtot   =      5580.4585  EPtot      =    -30437.3698
 BOND   =        44.2046  ANGLE   =       110.9459  DIHED      =       132.8109
 1-4 NB =        78.6295  1-4 EEL =        65.2694  VDWAALS    =      4454.5357
 EELEC  =    -35330.1098  EHBOND  =         0.0000  RESTRAINT  =         6.3441
 EAMBER (non-restraint)  =    -30443.7138
 EKCMT  =         0.0000  VIRIAL  =         0.0000  VOLUME     =    110522.6627
                                                    Density    =         0.8556
 ------------------------------------------------------------------------------

 NMR restraints: Bond =    0.144   Angle =     1.263   Torsion =     1.026
===============================================================================

 NSTEP =     5500   TIME(PS) =      11.000  TEMP(K) =   299.03  PRESS =     0.0
 Etot   =    -24929.8012  EKtot   =      5526.9805  EPtot      =    -30456.7816
 BOND   =        52.4616  ANGLE   =       109.0494  DIHED      =       131.2233
 1-4 NB =        76.5032  1-4 EEL =        59.6044  VDWAALS    =      4207.9258
 EELEC  =    -35099.1154  EHBOND  =         0.0000  RESTRAINT  =         5.5661
 EAMBER (non-restraint)  =    -30462.3478
 EKCMT  =         0.0000  VIRIAL  =         0.0000  VOLUME     =    109528.6270
                                                    Density    =         0.8634
 ------------------------------------------------------------------------------

 NMR restraints: Bond =    0.691   Angle =     0.534   Torsion =     0.089
===============================================================================

 NSTEP =     6000   TIME(PS) =      12.000  TEMP(K) =   295.45  PRESS =     0.0
 Etot   =    -25041.9688  EKtot   =      5460.7310  EPtot      =    -30502.6998
 BOND   =        58.8123  ANGLE   =       131.8131  DIHED      =       136.6508
 1-4 NB =        72.0601  1-4 EEL =        62.3741  VDWAALS    =      4077.0416
 EELEC  =    -35046.8800  EHBOND  =         0.0000  RESTRAINT  =         5.4282
 EAMBER (non-restraint)  =    -30508.1280
 EKCMT  =         0.0000  VIRIAL  =         0.0000  VOLUME     =    108123.6974
                                                    Density    =         0.8746
 ------------------------------------------------------------------------------

 NMR restraints: Bond =    0.562   Angle =     0.874   Torsion =     0.701
===============================================================================

 NSTEP =     6500   TIME(PS) =      13.000  TEMP(K) =   293.86  PRESS =     0.0
 Etot   =    -24981.0976  EKtot   =      5431.4082  EPtot      =    -30412.5058
 BOND   =        61.3912  ANGLE   =       120.3521  DIHED      =       132.3837
 1-4 NB =        71.7445  1-4 EEL =        61.8275  VDWAALS    =      4168.0805
 EELEC  =    -35034.2135  EHBOND  =         0.0000  RESTRAINT  =         5.9283
 EAMBER (non-restraint)  =    -30418.4341
 EKCMT  =         0.0000  VIRIAL  =         0.0000  VOLUME     =    108116.5946
                                                    Density    =         0.8747
 ------------------------------------------------------------------------------

 NMR restraints: Bond =    0.557   Angle =     1.803   Torsion =     0.785
===============================================================================

 NSTEP =     7000   TIME(PS) =      14.000  TEMP(K) =   307.43  PRESS =     0.0
 Etot   =    -25028.6532  EKtot   =      5682.2188  EPtot      =    -30710.8720
 BOND   =        50.5709  ANGLE   =       104.1121  DIHED      =       135.1432
 1-4 NB =        71.5405  1-4 EEL =        59.0702  VDWAALS    =      4675.1604
 EELEC  =    -35810.9694  EHBOND  =         0.0000  RESTRAINT  =         4.5001
 EAMBER (non-restraint)  =    -30715.3720
 EKCMT  =         0.0000  VIRIAL  =         0.0000  VOLUME     =    105763.3078
                                                    Density    =         0.8941
 ------------------------------------------------------------------------------

 NMR restraints: Bond =    0.051   Angle =     1.238   Torsion =     1.523
===============================================================================

 NSTEP =     7500   TIME(PS) =      15.000  TEMP(K) =   297.90  PRESS =     0.0
 Etot   =    -25105.9888  EKtot   =      5506.0107  EPtot      =    -30611.9996
 BOND   =        46.9072  ANGLE   =        96.0418  DIHED      =       136.6500
 1-4 NB =        77.5031  1-4 EEL =        58.9561  VDWAALS    =      4104.0010
 EELEC  =    -35137.9047  EHBOND  =         0.0000  RESTRAINT  =         5.8460
 EAMBER (non-restraint)  =    -30617.8455
 EKCMT  =         0.0000  VIRIAL  =         0.0000  VOLUME     =    105155.7735
                                                    Density    =         0.8993
 ------------------------------------------------------------------------------

 NMR restraints: Bond =    0.579   Angle =     1.614   Torsion =     0.542
===============================================================================

 NSTEP =     8000   TIME(PS) =      16.000  TEMP(K) =   298.48  PRESS =     0.0
 Etot   =    -25133.5247  EKtot   =      5516.8521  EPtot      =    -30650.3767
 BOND   =        54.2960  ANGLE   =       113.1882  DIHED      =       129.3150
 1-4 NB =        77.3553  1-4 EEL =        58.1338  VDWAALS    =      4239.4242
 EELEC  =    -35325.1647  EHBOND  =         0.0000  RESTRAINT  =         3.0754
 EAMBER (non-restraint)  =    -30653.4521
 EKCMT  =         0.0000  VIRIAL  =         0.0000  VOLUME     =    103537.1899
                                                    Density    =         0.9134
 ------------------------------------------------------------------------------

 NMR restraints: Bond =    0.126   Angle =     1.300   Torsion =     0.268
===============================================================================

 NSTEP =     8500   TIME(PS) =      17.000  TEMP(K) =   305.98  PRESS =     0.0
 Etot   =    -25115.4049  EKtot   =      5655.4214  EPtot      =    -30770.8262
 BOND   =        48.1803  ANGLE   =       106.5747  DIHED      =       125.7050
 1-4 NB =        79.3668  1-4 EEL =        63.2729  VDWAALS    =      4269.5126
 EELEC  =    -35469.4576  EHBOND  =         0.0000  RESTRAINT  =         6.0190
 EAMBER (non-restraint)  =    -30776.8452
 EKCMT  =         0.0000  VIRIAL  =         0.0000  VOLUME     =    102016.0021
                                                    Density    =         0.9270
 ------------------------------------------------------------------------------

 NMR restraints: Bond =    0.457   Angle =     1.288   Torsion =     0.184
===============================================================================

 NSTEP =     9000   TIME(PS) =      18.000  TEMP(K) =   298.29  PRESS =     0.0
 Etot   =    -25240.4770  EKtot   =      5513.1987  EPtot      =    -30753.6757
 BOND   =        60.5278  ANGLE   =       123.0943  DIHED      =       131.3190
 1-4 NB =        73.2281  1-4 EEL =        62.4969  VDWAALS    =      4415.2843
 EELEC  =    -35627.7361  EHBOND  =         0.0000  RESTRAINT  =         8.1100
 EAMBER (non-restraint)  =    -30761.7857
 EKCMT  =         0.0000  VIRIAL  =         0.0000  VOLUME     =     99794.0090
                                                    Density    =         0.9476
 ------------------------------------------------------------------------------

 NMR restraints: Bond =    1.458   Angle =     2.021   Torsion =     1.465
===============================================================================

 NSTEP =     9500   TIME(PS) =      19.000  TEMP(K) =   299.82  PRESS =     0.0
 Etot   =    -25269.8373  EKtot   =      5541.6094  EPtot      =    -30811.4467
 BOND   =        57.8612  ANGLE   =       106.2037  DIHED      =       132.8488
 1-4 NB =        71.2863  1-4 EEL =        59.9779  VDWAALS    =      4388.7956
 EELEC  =    -35635.4331  EHBOND  =         0.0000  RESTRAINT  =         7.0128
 EAMBER (non-restraint)  =    -30818.4595
 EKCMT  =         0.0000  VIRIAL  =         0.0000  VOLUME     =     99446.3727
                                                    Density    =         0.9509
 ------------------------------------------------------------------------------

 NMR restraints: Bond =    0.418   Angle =     1.794   Torsion =     0.355
===============================================================================

 NSTEP =    10000   TIME(PS) =      20.000  TEMP(K) =   297.57  PRESS =     0.0
 Etot   =    -25323.6483  EKtot   =      5499.9976  EPtot      =    -30823.6458
 BOND   =        53.1355  ANGLE   =       111.2136  DIHED      =       139.2012
 1-4 NB =        75.3257  1-4 EEL =        63.8124  VDWAALS    =      4201.7177
 EELEC  =    -35476.0413  EHBOND  =         0.0000  RESTRAINT  =         7.9893
 EAMBER (non-restraint)  =    -30831.6351
 EKCMT  =         0.0000  VIRIAL  =         0.0000  VOLUME     =     99110.0720
                                                    Density    =         0.9542
 ------------------------------------------------------------------------------

 NMR restraints: Bond =    0.260   Angle =     3.353   Torsion =     0.220
===============================================================================
