
          -------------------------------------------------------
          Amber 18 PMEMD                              2018
          -------------------------------------------------------

| PMEMD implementation of SANDER, Release 18

| Run on 05/02/2018 at 10:41:49

|   Executable path: pmemd.cuda
| Working directory: /oasis/tscc/scratch/davids4/SAMPLing-cut9/11499297.tscc-mgr.local
|          Hostname: tscc-gpu-7-10.sdsc.edu

  [-O]verwriting output

File Assignments:
|   MDIN: equil.000.in                                                          
|  MDOUT: equil.000.out                                                         
| INPCRD: minimize.rst7                                                         
|   PARM: solvate.prmtop                                                        
| RESTRT: equil.000.rst7                                                        
|   REFC: solvate.rst7                                                          
|  MDVEL: mdvel                                                                 
|   MDEN: equil.000.mden                                                        
|  MDCRD: equil.000.nc                                                          
| MDINFO: equil.000.mdinfo                                                      
|  MDFRC: mdfrc                                                                 


 Here is the input file:

PBC MD Simulation                                                              
 &cntrl                                                                        
  imin =          0,                                                           
  ntx =           1,                                                           
  irest =         0,                                                           
  maxcyc =        0,                                                           
  ncyc =          0,                                                           
  dt =            0.002,                                                       
  nstlim =        500000,                                                      
  ntpr =          500,                                                         
  ntwe =          500,                                                         
  ntwr =          250,                                                         
  ntwx =          250,                                                         
  ntxo =          1,                                                           
  ioutfm =        1,                                                           
  ntf =           2,                                                           
  ntc =           2,                                                           
  cut =           9.0,                                                         
  igb =           0,                                                           
  tempi =         298.15,                                                      
  temp0 =         298.15,                                                      
  ntt =           3,                                                           
  gamma_ln =      1.0,                                                         
  ig =            -1,                                                          
  ntp =           1,                                                           
  barostat =      2,                                                           
  ntr =           1,                                                           
  restraint_wt =  50.0,                                                        
  restraintmask = '@DUM',                                                      
  nmropt =        1,                                                           
  pencut =        -1,                                                          
  ntwprt =        206,                                                         
 /                                                                             
 &wt type = 'END', /                                                           
DISANG = disang.rest                                                           
LISTOUT = POUT                                                                 
                                                                               


Note: ig = -1. Setting random seed to   992866 based on wallclock time in 
      microseconds.
| irandom = 1, using AMBER's internal random number generator (default).
 
|--------------------- INFORMATION ----------------------
| GPU (CUDA) Version of PMEMD in use: NVIDIA GPU IN USE.
|                    Version 18.0.0
| 
|                      03/25/2018
| 
| Implementation by:
|                    Ross C. Walker     (SDSC)
|                    Scott Le Grand     (nVIDIA)
| 
| Version 18 performance extensions by:
|                    David Cerutti     (Rutgers)
| 
| Precision model in use:
|      [SPFP] - Single Precision Forces, 64-bit Fixed Point
|               Accumulation. (Default)
| 
|--------------------------------------------------------
 
|----------------- CITATION INFORMATION -----------------
|
|    When publishing work that utilized the CUDA version
|    of AMBER, please cite the following in addition to
|    the regular AMBER citations:
|
|  - Romelia Salomon-Ferrer; Andreas W. Goetz; Duncan
|    Poole; Scott Le Grand; Ross C. Walker "Routine
|    microsecond molecular dynamics simulations with
|    AMBER - Part II: Particle Mesh Ewald", J. Chem.
|    Theory Comput., 2013, 9 (9), pp3878-3888,
|    DOI: 10.1021/ct400314y.
|
|  - Andreas W. Goetz; Mark J. Williamson; Dong Xu;
|    Duncan Poole; Scott Le Grand; Ross C. Walker
|    "Routine microsecond molecular dynamics simulations
|    with AMBER - Part I: Generalized Born", J. Chem.
|    Theory Comput., 2012, 8 (5), pp1542-1555.
|
|  - Scott Le Grand; Andreas W. Goetz; Ross C. Walker
|    "SPFP: Speed without compromise - a mixed precision
|    model for GPU accelerated molecular dynamics
|    simulations.", Comp. Phys. Comm., 2013, 184
|    pp374-380, DOI: 10.1016/j.cpc.2012.09.022
|
|--------------------------------------------------------
 
|------------------- GPU DEVICE INFO --------------------
|
|            CUDA_VISIBLE_DEVICES: 7
|   CUDA Capable Devices Detected:      1
|           CUDA Device ID in use:      0
|                CUDA Device Name: GeForce GTX TITAN X
|     CUDA Device Global Mem Size:  12207 MB
| CUDA Device Num Multiprocessors:     24
|           CUDA Device Core Freq:   1.08 GHz
|
|--------------------------------------------------------
 
 
| Conditional Compilation Defines Used:
| PUBFFT
| BINTRAJ
| CUDA
| EMIL

| Largest sphere to fit in unit cell has radius =    21.886

| New format PARM file being parsed.
| Version =    1.000 Date = 04/23/18 Time = 20:22:32

| Note: 1-4 EEL scale factors are being read from the topology file.

| Note: 1-4 VDW scale factors are being read from the topology file.
| Duplicated    0 dihedrals

| Duplicated    0 dihedrals

--------------------------------------------------------------------------------
   1.  RESOURCE   USE: 
--------------------------------------------------------------------------------

 getting new box info from bottom of inpcrd
 NATOM  =    9223 NTYPES =      11 NBONH =    9067 MBONA  =     155
 NTHETH =     153 MTHETA =     232 NPHIH =     345 MPHIA  =     366
 NHPARM =       0 NPARM  =       0 NNB   =   13221 NRES   =    3022
 NBONA  =     155 NTHETA =     232 NPHIA =     366 NUMBND =      13
 NUMANG =      22 NPTRA  =      15 NATYP =      13 NPHB   =       0
 IFBOX  =       1 NMXRS  =     184 IFCAP =       0 NEXTRA =       0
 NCOPY  =       0

| Coordinate Index Table dimensions:     9    8   12
| Direct force subcell size =     5.1790    5.4715    5.1664

     BOX TYPE: RECTILINEAR

--------------------------------------------------------------------------------
   2.  CONTROL  DATA  FOR  THE  RUN
--------------------------------------------------------------------------------

default_name                                                                    

General flags:
     imin    =       0, nmropt  =       1

Nature and format of input:
     ntx     =       1, irest   =       0, ntrx    =       1

Nature and format of output:
     ntxo    =       1, ntpr    =     500, ntrx    =       1, ntwr    =     250
     iwrap   =       0, ntwx    =     250, ntwv    =       0, ntwe    =     500
     ioutfm  =       1, ntwprt  =     206, idecomp =       0, rbornstat=      0

Potential function:
     ntf     =       2, ntb     =       2, igb     =       0, nsnb    =      25
     ipol    =       0, gbsa    =       0, iesp    =       0
     dielc   =   1.00000, cut     =   9.00000, intdiel =   1.00000

Frozen or restrained atoms:
     ibelly  =       0, ntr     =       1
     restraint_wt =  50.00000

Molecular dynamics:
     nstlim  =    500000, nscm    =         0, nrespa  =         1
     t       =   0.00000, dt      =   0.00200, vlimit  =  -1.00000

Langevin dynamics temperature regulation:
     ig      =  992866
     temp0   = 298.15000, tempi   = 298.15000, gamma_ln=   1.00000

Pressure regulation:
     ntp     =       1
     pres0   =   1.00000, comp    =  44.60000, taup    =   1.00000
     Monte-Carlo Barostat:
     mcbarint  =     100

SHAKE:
     ntc     =       2, jfastw  =       0
     tol     =   0.00001

NMR refinement options:
     iscale  =       0, noeskp  =       1, ipnlty  =       1, mxsub   =       1
     scalm   = 100.00000, pencut  =  -1.00000, tausw   =   0.10000

| Intermolecular bonds treatment:
|     no_intermolecular_bonds =       1

| Energy averages sample interval:
|     ene_avg_sampling =     500

Ewald parameters:
     verbose =       0, ew_type =       0, nbflag  =       1, use_pme =       1
     vdwmeth =       1, eedmeth =       1, netfrc  =       1
     Box X =   46.611   Box Y =   43.772   Box Z =   61.996
     Alpha =   90.000   Beta  =   90.000   Gamma =   90.000
     NFFT1 =   48       NFFT2 =   48       NFFT3 =   64
     Cutoff=    9.000   Tol   =0.100E-04
     Ewald Coefficient =  0.30768
     Interpolation order =    4

    LOADING THE CONSTRAINED ATOMS AS GROUPS


   5.  REFERENCE ATOM COORDINATES

  default_name                                                                    
     Mask @DUM; matches     3 atoms
| MONTE CARLO BAROSTAT IMPORTANT NOTE:
|   The Monte-Carlo barostat does not require the virial to adjust the system volume.
|   Since it is an expensive calculation, it is skipped for efficiency. A side-effect
|   is that the reported pressure is always 0 because it is not calculated.

--------------------------------------------------------------------------------
   3.  ATOMIC COORDINATES AND VELOCITIES
--------------------------------------------------------------------------------

default_name                                                                    
 begin time read from input coords =     0.000 ps



           Begin reading energy term weight changes/NMR restraints
 WEIGHT CHANGES:
                         ** No weight changes given **

 RESTRAINTS:
 Requested file redirections:
  DISANG    = disang.rest
  LISTOUT   = POUT
 Restraints will be read from file: disang.rest
Here are comments from the DISANG input file:

                       Number of restraints read =     9

                  Done reading weight changes/NMR restraints


 
 Number of triangulated 3-point waters found:     3000

     Sum of charges from parm topology file =   0.00000002
     Forcing neutrality...

| Dynamic Memory, Types Used:
| Reals              528921
| Integers           284277

| Nonbonded Pairs Initial Allocation:     2102844

| GPU memory information (estimate):
| KB of GPU memory in use:         0
| KB of CPU memory in use:         0

--------------------------------------------------------------------------------
   4.  RESULTS
--------------------------------------------------------------------------------


 NSTEP =        0   TIME(PS) =       0.000  TEMP(K) =   449.32  PRESS =     0.0
 Etot   =    -30477.0516  EKtot   =      8304.6770  EPtot      =    -38781.7285
 BOND   =        13.0065  ANGLE   =        67.2137  DIHED      =       103.7075
 1-4 NB =        68.3795  1-4 EEL =        59.1189  VDWAALS    =      6229.3612
 EELEC  =    -45323.7821  EHBOND  =         0.0000  RESTRAINT  =         1.2662
 EAMBER (non-restraint)  =    -38782.9948
 EKCMT  =         0.0000  VIRIAL  =         0.0000  VOLUME     =    126488.9084
                                                    Density    =         0.7476
 ------------------------------------------------------------------------------

 NMR restraints: Bond =    0.039   Angle =     1.193   Torsion =     0.021
===============================================================================

 NSTEP =      500   TIME(PS) =       1.000  TEMP(K) =   264.94  PRESS =     0.0
 Etot   =    -25687.0507  EKtot   =      4896.8906  EPtot      =    -30583.9413
 BOND   =        41.9435  ANGLE   =       104.0984  DIHED      =       137.8141
 1-4 NB =        75.2359  1-4 EEL =        63.3569  VDWAALS    =      4569.3873
 EELEC  =    -35579.8601  EHBOND  =         0.0000  RESTRAINT  =         4.0827
 EAMBER (non-restraint)  =    -30588.0240
 EKCMT  =         0.0000  VIRIAL  =         0.0000  VOLUME     =    126263.2421
                                                    Density    =         0.7490
 ------------------------------------------------------------------------------

 NMR restraints: Bond =    0.340   Angle =     1.828   Torsion =     0.388
===============================================================================

 NSTEP =     1000   TIME(PS) =       2.000  TEMP(K) =   285.25  PRESS =     0.0
 Etot   =    -24780.2633  EKtot   =      5272.1631  EPtot      =    -30052.4264
 BOND   =        47.0731  ANGLE   =       119.5274  DIHED      =       133.9203
 1-4 NB =        83.1625  1-4 EEL =        62.5953  VDWAALS    =      4700.9819
 EELEC  =    -35206.1212  EHBOND  =         0.0000  RESTRAINT  =         6.4343
 EAMBER (non-restraint)  =    -30058.8607
 EKCMT  =         0.0000  VIRIAL  =         0.0000  VOLUME     =    125096.7713
                                                    Density    =         0.7560
 ------------------------------------------------------------------------------

 NMR restraints: Bond =    3.080   Angle =     1.223   Torsion =     0.721
===============================================================================

 NSTEP =     1500   TIME(PS) =       3.000  TEMP(K) =   295.79  PRESS =     0.0
 Etot   =    -24619.8366  EKtot   =      5466.9644  EPtot      =    -30086.8010
 BOND   =        47.9949  ANGLE   =       105.2196  DIHED      =       135.3756
 1-4 NB =        76.6494  1-4 EEL =        64.2206  VDWAALS    =      4216.0787
 EELEC  =    -34736.3651  EHBOND  =         0.0000  RESTRAINT  =         4.0253
 EAMBER (non-restraint)  =    -30090.8263
 EKCMT  =         0.0000  VIRIAL  =         0.0000  VOLUME     =    123989.0395
                                                    Density    =         0.7627
 ------------------------------------------------------------------------------

 NMR restraints: Bond =    0.552   Angle =     1.193   Torsion =     0.051
===============================================================================

 NSTEP =     2000   TIME(PS) =       4.000  TEMP(K) =   293.71  PRESS =     0.0
 Etot   =    -24552.3864  EKtot   =      5428.6909  EPtot      =    -29981.0773
 BOND   =        50.7849  ANGLE   =       101.2059  DIHED      =       134.6828
 1-4 NB =        77.4767  1-4 EEL =        63.2695  VDWAALS    =      4386.7799
 EELEC  =    -34799.2029  EHBOND  =         0.0000  RESTRAINT  =         3.9258
 EAMBER (non-restraint)  =    -29985.0031
 EKCMT  =         0.0000  VIRIAL  =         0.0000  VOLUME     =    123456.8203
                                                    Density    =         0.7660
 ------------------------------------------------------------------------------

 NMR restraints: Bond =    0.154   Angle =     1.622   Torsion =     0.012
===============================================================================

 NSTEP =     2500   TIME(PS) =       5.000  TEMP(K) =   293.59  PRESS =     0.0
 Etot   =    -24464.5354  EKtot   =      5426.3179  EPtot      =    -29890.8533
 BOND   =        58.0615  ANGLE   =       108.1436  DIHED      =       130.2622
 1-4 NB =        78.2121  1-4 EEL =        63.9980  VDWAALS    =      4156.3884
 EELEC  =    -34492.1227  EHBOND  =         0.0000  RESTRAINT  =         6.2036
 EAMBER (non-restraint)  =    -29897.0569
 EKCMT  =         0.0000  VIRIAL  =         0.0000  VOLUME     =    122181.2548
                                                    Density    =         0.7740
 ------------------------------------------------------------------------------

 NMR restraints: Bond =    2.373   Angle =     1.558   Torsion =     0.383
===============================================================================

 NSTEP =     3000   TIME(PS) =       6.000  TEMP(K) =   296.95  PRESS =     0.0
 Etot   =    -24429.9192  EKtot   =      5488.5020  EPtot      =    -29918.4211
 BOND   =        55.2521  ANGLE   =       112.9814  DIHED      =       136.0078
 1-4 NB =        74.2216  1-4 EEL =        59.2345  VDWAALS    =      4273.3410
 EELEC  =    -34632.6370  EHBOND  =         0.0000  RESTRAINT  =         3.1775
 EAMBER (non-restraint)  =    -29921.5986
 EKCMT  =         0.0000  VIRIAL  =         0.0000  VOLUME     =    122040.2316
                                                    Density    =         0.7749
 ------------------------------------------------------------------------------

 NMR restraints: Bond =    0.714   Angle =     0.929   Torsion =     0.087
===============================================================================

 NSTEP =     3500   TIME(PS) =       7.000  TEMP(K) =   303.51  PRESS =     0.0
 Etot   =    -24434.3135  EKtot   =      5609.7910  EPtot      =    -30044.1045
 BOND   =        53.0111  ANGLE   =       107.0515  DIHED      =       136.6997
 1-4 NB =        74.7597  1-4 EEL =        58.3215  VDWAALS    =      4043.7105
 EELEC  =    -34523.7048  EHBOND  =         0.0000  RESTRAINT  =         6.0464
 EAMBER (non-restraint)  =    -30050.1509
 EKCMT  =         0.0000  VIRIAL  =         0.0000  VOLUME     =    121634.0680
                                                    Density    =         0.7775
 ------------------------------------------------------------------------------

 NMR restraints: Bond =    0.847   Angle =     1.280   Torsion =     2.415
===============================================================================

 NSTEP =     4000   TIME(PS) =       8.000  TEMP(K) =   301.01  PRESS =     0.0
 Etot   =    -24427.4120  EKtot   =      5563.6074  EPtot      =    -29991.0194
 BOND   =        59.9393  ANGLE   =       119.8782  DIHED      =       129.6534
 1-4 NB =        76.0902  1-4 EEL =        62.5644  VDWAALS    =      4135.0190
 EELEC  =    -34580.5566  EHBOND  =         0.0000  RESTRAINT  =         6.3927
 EAMBER (non-restraint)  =    -29997.4121
 EKCMT  =         0.0000  VIRIAL  =         0.0000  VOLUME     =    121634.0680
                                                    Density    =         0.7775
 ------------------------------------------------------------------------------

 NMR restraints: Bond =    0.239   Angle =     0.748   Torsion =     1.857
===============================================================================

 NSTEP =     4500   TIME(PS) =       9.000  TEMP(K) =   299.74  PRESS =     0.0
 Etot   =    -24487.7685  EKtot   =      5540.1025  EPtot      =    -30027.8710
 BOND   =        69.7556  ANGLE   =       112.9358  DIHED      =       141.1260
 1-4 NB =        74.9511  1-4 EEL =        59.0388  VDWAALS    =      4190.5113
 EELEC  =    -34685.6823  EHBOND  =         0.0000  RESTRAINT  =         9.4927
 EAMBER (non-restraint)  =    -30037.3637
 EKCMT  =         0.0000  VIRIAL  =         0.0000  VOLUME     =    121508.8155
                                                    Density    =         0.7783
 ------------------------------------------------------------------------------

 NMR restraints: Bond =    0.102   Angle =     2.466   Torsion =     0.290
===============================================================================

 NSTEP =     5000   TIME(PS) =      10.000  TEMP(K) =   300.99  PRESS =     0.0
 Etot   =    -24580.6093  EKtot   =      5563.2471  EPtot      =    -30143.8563
 BOND   =        57.1094  ANGLE   =       116.2390  DIHED      =       141.9043
 1-4 NB =        78.2497  1-4 EEL =        57.7987  VDWAALS    =      4063.9915
 EELEC  =    -34666.7504  EHBOND  =         0.0000  RESTRAINT  =         7.6014
 EAMBER (non-restraint)  =    -30151.4578
 EKCMT  =         0.0000  VIRIAL  =         0.0000  VOLUME     =    120291.2136
                                                    Density    =         0.7862
 ------------------------------------------------------------------------------

 NMR restraints: Bond =    0.291   Angle =     4.697   Torsion =     0.844
===============================================================================

 NSTEP =     5500   TIME(PS) =      11.000  TEMP(K) =   296.36  PRESS =     0.0
 Etot   =    -24652.7976  EKtot   =      5477.5601  EPtot      =    -30130.3577
 BOND   =        46.5228  ANGLE   =       115.4760  DIHED      =       134.4988
 1-4 NB =        74.4945  1-4 EEL =        58.4322  VDWAALS    =      4232.4735
 EELEC  =    -34800.5889  EHBOND  =         0.0000  RESTRAINT  =         8.3333
 EAMBER (non-restraint)  =    -30138.6910
 EKCMT  =         0.0000  VIRIAL  =         0.0000  VOLUME     =    118230.6944
                                                    Density    =         0.7999
 ------------------------------------------------------------------------------

 NMR restraints: Bond =    0.029   Angle =     2.415   Torsion =     0.945
===============================================================================

 NSTEP =     6000   TIME(PS) =      12.000  TEMP(K) =   301.81  PRESS =     0.0
 Etot   =    -24648.1834  EKtot   =      5578.2788  EPtot      =    -30226.4622
 BOND   =        51.8639  ANGLE   =       110.4568  DIHED      =       123.8127
 1-4 NB =        75.4105  1-4 EEL =        63.5616  VDWAALS    =      4201.7110
 EELEC  =    -34860.9105  EHBOND  =         0.0000  RESTRAINT  =         7.6318
 EAMBER (non-restraint)  =    -30234.0940
 EKCMT  =         0.0000  VIRIAL  =         0.0000  VOLUME     =    116156.3777
                                                    Density    =         0.8141
 ------------------------------------------------------------------------------

 NMR restraints: Bond =    1.124   Angle =     2.481   Torsion =     1.989
===============================================================================

 NSTEP =     6500   TIME(PS) =      13.000  TEMP(K) =   301.52  PRESS =     0.0
 Etot   =    -24712.6382  EKtot   =      5572.9800  EPtot      =    -30285.6182
 BOND   =        50.5193  ANGLE   =       125.8196  DIHED      =       134.6420
 1-4 NB =        73.9580  1-4 EEL =        58.0649  VDWAALS    =      4169.2749
 EELEC  =    -34904.5913  EHBOND  =         0.0000  RESTRAINT  =         6.6944
 EAMBER (non-restraint)  =    -30292.3126
 EKCMT  =         0.0000  VIRIAL  =         0.0000  VOLUME     =    114580.2089
                                                    Density    =         0.8253
 ------------------------------------------------------------------------------

 NMR restraints: Bond =    0.231   Angle =     3.044   Torsion =     1.225
===============================================================================

 NSTEP =     7000   TIME(PS) =      14.000  TEMP(K) =   299.10  PRESS =     0.0
 Etot   =    -24804.2571  EKtot   =      5528.1733  EPtot      =    -30332.4304
 BOND   =        59.6776  ANGLE   =       119.2791  DIHED      =       135.5079
 1-4 NB =        77.0435  1-4 EEL =        54.6398  VDWAALS    =      4329.3217
 EELEC  =    -35115.6675  EHBOND  =         0.0000  RESTRAINT  =         7.7676
 EAMBER (non-restraint)  =    -30340.1980
 EKCMT  =         0.0000  VIRIAL  =         0.0000  VOLUME     =    113376.9870
                                                    Density    =         0.8341
 ------------------------------------------------------------------------------

 NMR restraints: Bond =    0.662   Angle =     2.786   Torsion =     0.798
===============================================================================

 NSTEP =     7500   TIME(PS) =      15.000  TEMP(K) =   301.68  PRESS =     0.0
 Etot   =    -24953.7358  EKtot   =      5575.9419  EPtot      =    -30529.6777
 BOND   =        55.7217  ANGLE   =       107.1844  DIHED      =       129.0821
 1-4 NB =        74.6874  1-4 EEL =        55.4913  VDWAALS    =      4208.3111
 EELEC  =    -35171.3191  EHBOND  =         0.0000  RESTRAINT  =        11.1635
 EAMBER (non-restraint)  =    -30540.8412
 EKCMT  =         0.0000  VIRIAL  =         0.0000  VOLUME     =    111764.4202
                                                    Density    =         0.8461
 ------------------------------------------------------------------------------

 NMR restraints: Bond =    0.336   Angle =     4.988   Torsion =     1.004
===============================================================================

 NSTEP =     8000   TIME(PS) =      16.000  TEMP(K) =   296.73  PRESS =     0.0
 Etot   =    -24945.5039  EKtot   =      5484.4292  EPtot      =    -30429.9331
 BOND   =        54.3691  ANGLE   =       111.8017  DIHED      =       135.9940
 1-4 NB =        76.0158  1-4 EEL =        56.0750  VDWAALS    =      4226.6987
 EELEC  =    -35098.7984  EHBOND  =         0.0000  RESTRAINT  =         7.9111
 EAMBER (non-restraint)  =    -30437.8442
 EKCMT  =         0.0000  VIRIAL  =         0.0000  VOLUME     =    110711.3027
                                                    Density    =         0.8542
 ------------------------------------------------------------------------------

 NMR restraints: Bond =    0.433   Angle =     3.194   Torsion =     0.794
===============================================================================

 NSTEP =     8500   TIME(PS) =      17.000  TEMP(K) =   298.28  PRESS =     0.0
 Etot   =    -25023.6399  EKtot   =      5513.1133  EPtot      =    -30536.7532
 BOND   =        60.4429  ANGLE   =       109.9917  DIHED      =       138.7717
 1-4 NB =        73.1177  1-4 EEL =        59.2911  VDWAALS    =      4127.7711
 EELEC  =    -35110.9535  EHBOND  =         0.0000  RESTRAINT  =         4.8140
 EAMBER (non-restraint)  =    -30541.5672
 EKCMT  =         0.0000  VIRIAL  =         0.0000  VOLUME     =    110514.8506
                                                    Density    =         0.8557
 ------------------------------------------------------------------------------

 NMR restraints: Bond =    0.402   Angle =     2.308   Torsion =     0.786
===============================================================================

 NSTEP =     9000   TIME(PS) =      18.000  TEMP(K) =   295.78  PRESS =     0.0
 Etot   =    -25173.7484  EKtot   =      5466.9497  EPtot      =    -30640.6981
 BOND   =        66.3501  ANGLE   =       110.2360  DIHED      =       135.8567
 1-4 NB =        75.0263  1-4 EEL =        62.1698  VDWAALS    =      4131.5413
 EELEC  =    -35228.7887  EHBOND  =         0.0000  RESTRAINT  =         6.9105
 EAMBER (non-restraint)  =    -30647.6086
 EKCMT  =         0.0000  VIRIAL  =         0.0000  VOLUME     =    108734.8241
                                                    Density    =         0.8697
 ------------------------------------------------------------------------------

 NMR restraints: Bond =    0.923   Angle =     3.237   Torsion =     1.743
===============================================================================

 NSTEP =     9500   TIME(PS) =      19.000  TEMP(K) =   300.85  PRESS =     0.0
 Etot   =    -25128.5130  EKtot   =      5560.6333  EPtot      =    -30689.1463
 BOND   =        49.9500  ANGLE   =       117.7091  DIHED      =       134.7126
 1-4 NB =        75.2596  1-4 EEL =        61.6095  VDWAALS    =      4209.0470
 EELEC  =    -35343.4874  EHBOND  =         0.0000  RESTRAINT  =         6.0532
 EAMBER (non-restraint)  =    -30695.1995
 EKCMT  =         0.0000  VIRIAL  =         0.0000  VOLUME     =    108170.2880
                                                    Density    =         0.8743
 ------------------------------------------------------------------------------

 NMR restraints: Bond =    0.362   Angle =     2.845   Torsion =     1.477
===============================================================================

 NSTEP =    10000   TIME(PS) =      20.000  TEMP(K) =   294.76  PRESS =     0.0
 Etot   =    -25108.7048  EKtot   =      5448.0796  EPtot      =    -30556.7844
 BOND   =        55.3843  ANGLE   =       123.2799  DIHED      =       132.4064
 1-4 NB =        78.0692  1-4 EEL =        58.2278  VDWAALS    =      4182.1311
 EELEC  =    -35192.7363  EHBOND  =         0.0000  RESTRAINT  =         6.4532
 EAMBER (non-restraint)  =    -30563.2376
 EKCMT  =         0.0000  VIRIAL  =         0.0000  VOLUME     =    108045.9287
                                                    Density    =         0.8753
 ------------------------------------------------------------------------------

 NMR restraints: Bond =    0.030   Angle =     1.739   Torsion =     1.615
===============================================================================

 NSTEP =    10500   TIME(PS) =      21.000  TEMP(K) =   292.94  PRESS =     0.0
 Etot   =    -25027.9427  EKtot   =      5414.4019  EPtot      =    -30442.3446
 BOND   =        65.5594  ANGLE   =        99.2816  DIHED      =       132.3507
 1-4 NB =        73.3921  1-4 EEL =        58.2069  VDWAALS    =      4244.5851
 EELEC  =    -35125.2955  EHBOND  =         0.0000  RESTRAINT  =         9.5751
 EAMBER (non-restraint)  =    -30451.9197
 EKCMT  =         0.0000  VIRIAL  =         0.0000  VOLUME     =    107167.2242
                                                    Density    =         0.8824
 ------------------------------------------------------------------------------

 NMR restraints: Bond =    1.503   Angle =     2.203   Torsion =     1.467
===============================================================================

 NSTEP =    11000   TIME(PS) =      22.000  TEMP(K) =   295.29  PRESS =     0.0
 Etot   =    -25058.5633  EKtot   =      5457.7461  EPtot      =    -30516.3094
 BOND   =        59.7108  ANGLE   =       109.2933  DIHED      =       127.9815
 1-4 NB =        75.0982  1-4 EEL =        62.3701  VDWAALS    =      4383.9385
 EELEC  =    -35344.5023  EHBOND  =         0.0000  RESTRAINT  =         9.8003
 EAMBER (non-restraint)  =    -30526.1097
 EKCMT  =         0.0000  VIRIAL  =         0.0000  VOLUME     =    105951.3532
                                                    Density    =         0.8926
 ------------------------------------------------------------------------------

 NMR restraints: Bond =    0.269   Angle =     3.663   Torsion =     2.218
===============================================================================

 NSTEP =    11500   TIME(PS) =      23.000  TEMP(K) =   298.46  PRESS =     0.0
 Etot   =    -25107.0710  EKtot   =      5516.4077  EPtot      =    -30623.4787
 BOND   =        50.4138  ANGLE   =       108.6002  DIHED      =       133.8125
 1-4 NB =        80.4423  1-4 EEL =        58.3444  VDWAALS    =      4055.5036
 EELEC  =    -35120.3461  EHBOND  =         0.0000  RESTRAINT  =         9.7507
 EAMBER (non-restraint)  =    -30633.2294
 EKCMT  =         0.0000  VIRIAL  =         0.0000  VOLUME     =    105617.5648
                                                    Density    =         0.8954
 ------------------------------------------------------------------------------

 NMR restraints: Bond =    0.928   Angle =     2.440   Torsion =     0.969
===============================================================================

 NSTEP =    12000   TIME(PS) =      24.000  TEMP(K) =   295.55  PRESS =     0.0
 Etot   =    -25039.5330  EKtot   =      5462.6411  EPtot      =    -30502.1741
 BOND   =        56.3408  ANGLE   =       108.7169  DIHED      =       138.6875
 1-4 NB =        77.1922  1-4 EEL =        63.7464  VDWAALS    =      4082.8550
 EELEC  =    -35038.6646  EHBOND  =         0.0000  RESTRAINT  =         8.9518
 EAMBER (non-restraint)  =    -30511.1258
 EKCMT  =         0.0000  VIRIAL  =         0.0000  VOLUME     =    105570.1291
                                                    Density    =         0.8958
 ------------------------------------------------------------------------------

 NMR restraints: Bond =    1.535   Angle =     1.686   Torsion =     2.334
===============================================================================

 NSTEP =    12500   TIME(PS) =      25.000  TEMP(K) =   300.57  PRESS =     0.0
 Etot   =    -25078.1922  EKtot   =      5555.3789  EPtot      =    -30633.5711
 BOND   =        54.6823  ANGLE   =       100.2555  DIHED      =       127.1310
 1-4 NB =        76.9010  1-4 EEL =        60.9922  VDWAALS    =      4104.3674
 EELEC  =    -35165.5053  EHBOND  =         0.0000  RESTRAINT  =         7.6049
 EAMBER (non-restraint)  =    -30641.1760
 EKCMT  =         0.0000  VIRIAL  =         0.0000  VOLUME     =    103624.7479
                                                    Density    =         0.9126
 ------------------------------------------------------------------------------

 NMR restraints: Bond =    0.312   Angle =     3.646   Torsion =     0.934
===============================================================================

 NSTEP =    13000   TIME(PS) =      26.000  TEMP(K) =   297.07  PRESS =     0.0
 Etot   =    -25203.0055  EKtot   =      5490.6733  EPtot      =    -30693.6789
 BOND   =        57.9707  ANGLE   =       110.2623  DIHED      =       129.9245
 1-4 NB =        78.2542  1-4 EEL =        65.0819  VDWAALS    =      4281.9202
 EELEC  =    -35423.6443  EHBOND  =         0.0000  RESTRAINT  =         6.5516
 EAMBER (non-restraint)  =    -30700.2305
 EKCMT  =         0.0000  VIRIAL  =         0.0000  VOLUME     =    101937.5629
                                                    Density    =         0.9277
 ------------------------------------------------------------------------------

 NMR restraints: Bond =    0.014   Angle =     2.482   Torsion =     0.594
===============================================================================

 NSTEP =    13500   TIME(PS) =      27.000  TEMP(K) =   298.04  PRESS =     0.0
 Etot   =    -25262.8053  EKtot   =      5508.7192  EPtot      =    -30771.5245
 BOND   =        60.3029  ANGLE   =       117.2879  DIHED      =       121.8447
 1-4 NB =        70.8176  1-4 EEL =        65.8589  VDWAALS    =      4332.9997
 EELEC  =    -35545.2308  EHBOND  =         0.0000  RESTRAINT  =         4.5945
 EAMBER (non-restraint)  =    -30776.1191
 EKCMT  =         0.0000  VIRIAL  =         0.0000  VOLUME     =    101235.1876
                                                    Density    =         0.9341
 ------------------------------------------------------------------------------

 NMR restraints: Bond =    1.002   Angle =     1.833   Torsion =     0.181
===============================================================================

 NSTEP =    14000   TIME(PS) =      28.000  TEMP(K) =   302.50  PRESS =     0.0
 Etot   =    -25221.0394  EKtot   =      5591.1328  EPtot      =    -30812.1723
 BOND   =        52.5031  ANGLE   =       105.9805  DIHED      =       131.1188
 1-4 NB =        78.3841  1-4 EEL =        57.6021  VDWAALS    =      4461.3245
 EELEC  =    -35706.3722  EHBOND  =         0.0000  RESTRAINT  =         7.2867
 EAMBER (non-restraint)  =    -30819.4589
 EKCMT  =         0.0000  VIRIAL  =         0.0000  VOLUME     =    100300.0949
                                                    Density    =         0.9429
 ------------------------------------------------------------------------------

 NMR restraints: Bond =    0.127   Angle =     0.588   Torsion =     3.132
===============================================================================

 NSTEP =    14500   TIME(PS) =      29.000  TEMP(K) =   293.32  PRESS =     0.0
 Etot   =    -25424.1297  EKtot   =      5421.4185  EPtot      =    -30845.5481
 BOND   =        60.8906  ANGLE   =       108.2748  DIHED      =       137.8644
 1-4 NB =        71.5437  1-4 EEL =        67.6462  VDWAALS    =      4272.9764
 EELEC  =    -35568.4302  EHBOND  =         0.0000  RESTRAINT  =         3.6860
 EAMBER (non-restraint)  =    -30849.2341
 EKCMT  =         0.0000  VIRIAL  =         0.0000  VOLUME     =     98818.4695
                                                    Density    =         0.9570
 ------------------------------------------------------------------------------

 NMR restraints: Bond =    0.266   Angle =     1.535   Torsion =     0.683
===============================================================================

 NSTEP =    15000   TIME(PS) =      30.000  TEMP(K) =   301.69  PRESS =     0.0
 Etot   =    -25445.3754  EKtot   =      5576.0903  EPtot      =    -31021.4657
 BOND   =        51.9370  ANGLE   =       121.0777  DIHED      =       132.6064
 1-4 NB =        80.3344  1-4 EEL =        66.8290  VDWAALS    =      4211.1228
 EELEC  =    -35693.5345  EHBOND  =         0.0000  RESTRAINT  =         8.1617
 EAMBER (non-restraint)  =    -31029.6274
 EKCMT  =         0.0000  VIRIAL  =         0.0000  VOLUME     =     98763.5436
                                                    Density    =         0.9575
 ------------------------------------------------------------------------------

 NMR restraints: Bond =    1.444   Angle =     1.747   Torsion =     1.172
===============================================================================
