
          -------------------------------------------------------
          Amber 18 PMEMD                              2018
          -------------------------------------------------------

| PMEMD implementation of SANDER, Release 18

| Run on 05/02/2018 at 11:47:20

|   Executable path: pmemd.cuda
| Working directory: /oasis/tscc/scratch/davids4/SAMPLing-cut9/11499541.tscc-mgr.local
|          Hostname: tscc-gpu-5-10.sdsc.edu

  [-O]verwriting output

File Assignments:
|   MDIN: equil.000.in                                                          
|  MDOUT: equil.000.out                                                         
| INPCRD: minimize.rst7                                                         
|   PARM: solvate.prmtop                                                        
| RESTRT: equil.000.rst7                                                        
|   REFC: solvate.rst7                                                          
|  MDVEL: mdvel                                                                 
|   MDEN: equil.000.mden                                                        
|  MDCRD: equil.000.nc                                                          
| MDINFO: equil.000.mdinfo                                                      
|  MDFRC: mdfrc                                                                 


 Here is the input file:

PBC MD Simulation                                                              
 &cntrl                                                                        
  imin =          0,                                                           
  ntx =           1,                                                           
  irest =         0,                                                           
  maxcyc =        0,                                                           
  ncyc =          0,                                                           
  dt =            0.002,                                                       
  nstlim =        500000,                                                      
  ntpr =          500,                                                         
  ntwe =          500,                                                         
  ntwr =          250,                                                         
  ntwx =          250,                                                         
  ntxo =          1,                                                           
  ioutfm =        1,                                                           
  ntf =           2,                                                           
  ntc =           2,                                                           
  cut =           9.0,                                                         
  igb =           0,                                                           
  tempi =         298.15,                                                      
  temp0 =         298.15,                                                      
  ntt =           3,                                                           
  gamma_ln =      1.0,                                                         
  ig =            -1,                                                          
  ntp =           1,                                                           
  barostat =      2,                                                           
  ntr =           1,                                                           
  restraint_wt =  50.0,                                                        
  restraintmask = '@DUM',                                                      
  nmropt =        1,                                                           
  pencut =        -1,                                                          
  ntwprt =        206,                                                         
 /                                                                             
 &wt type = 'END', /                                                           
DISANG = disang.rest                                                           
LISTOUT = POUT                                                                 
                                                                               


Note: ig = -1. Setting random seed to   152113 based on wallclock time in 
      microseconds.
| irandom = 1, using AMBER's internal random number generator (default).
 
|--------------------- INFORMATION ----------------------
| GPU (CUDA) Version of PMEMD in use: NVIDIA GPU IN USE.
|                    Version 18.0.0
| 
|                      03/25/2018
| 
| Implementation by:
|                    Ross C. Walker     (SDSC)
|                    Scott Le Grand     (nVIDIA)
| 
| Version 18 performance extensions by:
|                    David Cerutti     (Rutgers)
| 
| Precision model in use:
|      [SPFP] - Single Precision Forces, 64-bit Fixed Point
|               Accumulation. (Default)
| 
|--------------------------------------------------------
 
|----------------- CITATION INFORMATION -----------------
|
|    When publishing work that utilized the CUDA version
|    of AMBER, please cite the following in addition to
|    the regular AMBER citations:
|
|  - Romelia Salomon-Ferrer; Andreas W. Goetz; Duncan
|    Poole; Scott Le Grand; Ross C. Walker "Routine
|    microsecond molecular dynamics simulations with
|    AMBER - Part II: Particle Mesh Ewald", J. Chem.
|    Theory Comput., 2013, 9 (9), pp3878-3888,
|    DOI: 10.1021/ct400314y.
|
|  - Andreas W. Goetz; Mark J. Williamson; Dong Xu;
|    Duncan Poole; Scott Le Grand; Ross C. Walker
|    "Routine microsecond molecular dynamics simulations
|    with AMBER - Part I: Generalized Born", J. Chem.
|    Theory Comput., 2012, 8 (5), pp1542-1555.
|
|  - Scott Le Grand; Andreas W. Goetz; Ross C. Walker
|    "SPFP: Speed without compromise - a mixed precision
|    model for GPU accelerated molecular dynamics
|    simulations.", Comp. Phys. Comm., 2013, 184
|    pp374-380, DOI: 10.1016/j.cpc.2012.09.022
|
|--------------------------------------------------------
 
|------------------- GPU DEVICE INFO --------------------
|
|            CUDA_VISIBLE_DEVICES: 7
|   CUDA Capable Devices Detected:      1
|           CUDA Device ID in use:      0
|                CUDA Device Name: GeForce GTX TITAN X
|     CUDA Device Global Mem Size:  12207 MB
| CUDA Device Num Multiprocessors:     24
|           CUDA Device Core Freq:   1.08 GHz
|
|--------------------------------------------------------
 
 
| Conditional Compilation Defines Used:
| PUBFFT
| BINTRAJ
| CUDA
| EMIL

| Largest sphere to fit in unit cell has radius =    22.541

| New format PARM file being parsed.
| Version =    1.000 Date = 04/23/18 Time = 20:13:37

| Note: 1-4 EEL scale factors are being read from the topology file.

| Note: 1-4 VDW scale factors are being read from the topology file.
| Duplicated    0 dihedrals

| Duplicated    0 dihedrals

--------------------------------------------------------------------------------
   1.  RESOURCE   USE: 
--------------------------------------------------------------------------------

 getting new box info from bottom of inpcrd
 NATOM  =    9223 NTYPES =      11 NBONH =    9067 MBONA  =     155
 NTHETH =     153 MTHETA =     232 NPHIH =     345 MPHIA  =     366
 NHPARM =       0 NPARM  =       0 NNB   =   13221 NRES   =    3022
 NBONA  =     155 NTHETA =     232 NPHIA =     366 NUMBND =      13
 NUMANG =      22 NPTRA  =      15 NATYP =      13 NPHB   =       0
 IFBOX  =       1 NMXRS  =     184 IFCAP =       0 NEXTRA =       0
 NCOPY  =       0

| Coordinate Index Table dimensions:     9    9   12
| Direct force subcell size =     5.1070    5.0092    5.0679

     BOX TYPE: RECTILINEAR

--------------------------------------------------------------------------------
   2.  CONTROL  DATA  FOR  THE  RUN
--------------------------------------------------------------------------------

default_name                                                                    

General flags:
     imin    =       0, nmropt  =       1

Nature and format of input:
     ntx     =       1, irest   =       0, ntrx    =       1

Nature and format of output:
     ntxo    =       1, ntpr    =     500, ntrx    =       1, ntwr    =     250
     iwrap   =       0, ntwx    =     250, ntwv    =       0, ntwe    =     500
     ioutfm  =       1, ntwprt  =     206, idecomp =       0, rbornstat=      0

Potential function:
     ntf     =       2, ntb     =       2, igb     =       0, nsnb    =      25
     ipol    =       0, gbsa    =       0, iesp    =       0
     dielc   =   1.00000, cut     =   9.00000, intdiel =   1.00000

Frozen or restrained atoms:
     ibelly  =       0, ntr     =       1
     restraint_wt =  50.00000

Molecular dynamics:
     nstlim  =    500000, nscm    =         0, nrespa  =         1
     t       =   0.00000, dt      =   0.00200, vlimit  =  -1.00000

Langevin dynamics temperature regulation:
     ig      =  152113
     temp0   = 298.15000, tempi   = 298.15000, gamma_ln=   1.00000

Pressure regulation:
     ntp     =       1
     pres0   =   1.00000, comp    =  44.60000, taup    =   1.00000
     Monte-Carlo Barostat:
     mcbarint  =     100

SHAKE:
     ntc     =       2, jfastw  =       0
     tol     =   0.00001

NMR refinement options:
     iscale  =       0, noeskp  =       1, ipnlty  =       1, mxsub   =       1
     scalm   = 100.00000, pencut  =  -1.00000, tausw   =   0.10000

| Intermolecular bonds treatment:
|     no_intermolecular_bonds =       1

| Energy averages sample interval:
|     ene_avg_sampling =     500

Ewald parameters:
     verbose =       0, ew_type =       0, nbflag  =       1, use_pme =       1
     vdwmeth =       1, eedmeth =       1, netfrc  =       1
     Box X =   45.963   Box Y =   45.083   Box Z =   60.815
     Alpha =   90.000   Beta  =   90.000   Gamma =   90.000
     NFFT1 =   48       NFFT2 =   48       NFFT3 =   64
     Cutoff=    9.000   Tol   =0.100E-04
     Ewald Coefficient =  0.30768
     Interpolation order =    4

    LOADING THE CONSTRAINED ATOMS AS GROUPS


   5.  REFERENCE ATOM COORDINATES

  default_name                                                                    
     Mask @DUM; matches     3 atoms
| MONTE CARLO BAROSTAT IMPORTANT NOTE:
|   The Monte-Carlo barostat does not require the virial to adjust the system volume.
|   Since it is an expensive calculation, it is skipped for efficiency. A side-effect
|   is that the reported pressure is always 0 because it is not calculated.

--------------------------------------------------------------------------------
   3.  ATOMIC COORDINATES AND VELOCITIES
--------------------------------------------------------------------------------

default_name                                                                    
 begin time read from input coords =     0.000 ps



           Begin reading energy term weight changes/NMR restraints
 WEIGHT CHANGES:
                         ** No weight changes given **

 RESTRAINTS:
 Requested file redirections:
  DISANG    = disang.rest
  LISTOUT   = POUT
 Restraints will be read from file: disang.rest
Here are comments from the DISANG input file:

                       Number of restraints read =     9

                  Done reading weight changes/NMR restraints


 
 Number of triangulated 3-point waters found:     3000

     Sum of charges from parm topology file =   0.00000002
     Forcing neutrality...

| Dynamic Memory, Types Used:
| Reals              528921
| Integers           284277

| Nonbonded Pairs Initial Allocation:     2102844

| GPU memory information (estimate):
| KB of GPU memory in use:         0
| KB of CPU memory in use:         0

--------------------------------------------------------------------------------
   4.  RESULTS
--------------------------------------------------------------------------------


 NSTEP =        0   TIME(PS) =       0.000  TEMP(K) =   445.65  PRESS =     0.0
 Etot   =    -30686.5681  EKtot   =      8236.8260  EPtot      =    -38923.3941
 BOND   =        16.7948  ANGLE   =        59.3964  DIHED      =       106.0765
 1-4 NB =        69.8443  1-4 EEL =        59.3249  VDWAALS    =      6190.8191
 EELEC  =    -45428.2433  EHBOND  =         0.0000  RESTRAINT  =         2.5932
 EAMBER (non-restraint)  =    -38925.9873
 EKCMT  =         0.0000  VIRIAL  =         0.0000  VOLUME     =    126014.5159
                                                    Density    =         0.7505
 ------------------------------------------------------------------------------

 NMR restraints: Bond =    0.313   Angle =     2.271   Torsion =     0.002
===============================================================================

 NSTEP =      500   TIME(PS) =       1.000  TEMP(K) =   265.83  PRESS =     0.0
 Etot   =    -25818.8161  EKtot   =      4913.2886  EPtot      =    -30732.1046
 BOND   =        52.8253  ANGLE   =       100.4726  DIHED      =       134.3967
 1-4 NB =        75.7303  1-4 EEL =        64.6130  VDWAALS    =      4638.4353
 EELEC  =    -35804.3021  EHBOND  =         0.0000  RESTRAINT  =         5.7242
 EAMBER (non-restraint)  =    -30737.8289
 EKCMT  =         0.0000  VIRIAL  =         0.0000  VOLUME     =    125491.0374
                                                    Density    =         0.7536
 ------------------------------------------------------------------------------

 NMR restraints: Bond =    0.327   Angle =     1.582   Torsion =     1.812
===============================================================================

 NSTEP =     1000   TIME(PS) =       2.000  TEMP(K) =   281.19  PRESS =     0.0
 Etot   =    -25136.6737  EKtot   =      5197.1851  EPtot      =    -30333.8588
 BOND   =        45.4156  ANGLE   =       120.0775  DIHED      =       139.6563
 1-4 NB =        77.9033  1-4 EEL =        63.9413  VDWAALS    =      4659.9602
 EELEC  =    -35444.5321  EHBOND  =         0.0000  RESTRAINT  =         3.7192
 EAMBER (non-restraint)  =    -30337.5780
 EKCMT  =         0.0000  VIRIAL  =         0.0000  VOLUME     =    123547.9075
                                                    Density    =         0.7654
 ------------------------------------------------------------------------------

 NMR restraints: Bond =    1.595   Angle =     0.692   Torsion =     0.079
===============================================================================

 NSTEP =     1500   TIME(PS) =       3.000  TEMP(K) =   285.24  PRESS =     0.0
 Etot   =    -24901.6657  EKtot   =      5271.9961  EPtot      =    -30173.6618
 BOND   =        57.7822  ANGLE   =       105.0689  DIHED      =       131.8208
 1-4 NB =        74.2719  1-4 EEL =        61.0646  VDWAALS    =      4246.1097
 EELEC  =    -34857.4605  EHBOND  =         0.0000  RESTRAINT  =         7.6807
 EAMBER (non-restraint)  =    -30181.3425
 EKCMT  =         0.0000  VIRIAL  =         0.0000  VOLUME     =    121324.6604
                                                    Density    =         0.7795
 ------------------------------------------------------------------------------

 NMR restraints: Bond =    1.025   Angle =     1.274   Torsion =     0.673
===============================================================================

 NSTEP =     2000   TIME(PS) =       4.000  TEMP(K) =   293.89  PRESS =     0.0
 Etot   =    -24509.9842  EKtot   =      5431.9229  EPtot      =    -29941.9070
 BOND   =        51.7541  ANGLE   =       103.3171  DIHED      =       135.6112
 1-4 NB =        73.8937  1-4 EEL =        62.6165  VDWAALS    =      4084.9192
 EELEC  =    -34459.1301  EHBOND  =         0.0000  RESTRAINT  =         5.1113
 EAMBER (non-restraint)  =    -29947.0183
 EKCMT  =         0.0000  VIRIAL  =         0.0000  VOLUME     =    120572.9063
                                                    Density    =         0.7843
 ------------------------------------------------------------------------------

 NMR restraints: Bond =    0.524   Angle =     2.034   Torsion =     0.342
===============================================================================

 NSTEP =     2500   TIME(PS) =       5.000  TEMP(K) =   296.93  PRESS =     0.0
 Etot   =    -24501.7837  EKtot   =      5488.1914  EPtot      =    -29989.9751
 BOND   =        38.0263  ANGLE   =       101.7673  DIHED      =       137.0784
 1-4 NB =        76.1126  1-4 EEL =        63.8661  VDWAALS    =      4064.0738
 EELEC  =    -34480.1841  EHBOND  =         0.0000  RESTRAINT  =         9.2846
 EAMBER (non-restraint)  =    -29999.2597
 EKCMT  =         0.0000  VIRIAL  =         0.0000  VOLUME     =    119458.5544
                                                    Density    =         0.7916
 ------------------------------------------------------------------------------

 NMR restraints: Bond =    1.623   Angle =     3.641   Torsion =     0.350
===============================================================================

 NSTEP =     3000   TIME(PS) =       6.000  TEMP(K) =   294.57  PRESS =     0.0
 Etot   =    -24567.7951  EKtot   =      5444.5557  EPtot      =    -30012.3507
 BOND   =        37.1513  ANGLE   =       121.8395  DIHED      =       142.6740
 1-4 NB =        74.0191  1-4 EEL =        58.0839  VDWAALS    =      4281.1427
 EELEC  =    -34736.3402  EHBOND  =         0.0000  RESTRAINT  =         9.0790
 EAMBER (non-restraint)  =    -30021.4297
 EKCMT  =         0.0000  VIRIAL  =         0.0000  VOLUME     =    117600.8017
                                                    Density    =         0.8041
 ------------------------------------------------------------------------------

 NMR restraints: Bond =    2.194   Angle =     4.070   Torsion =     0.244
===============================================================================

 NSTEP =     3500   TIME(PS) =       7.000  TEMP(K) =   299.91  PRESS =     0.0
 Etot   =    -24604.5450  EKtot   =      5543.1973  EPtot      =    -30147.7422
 BOND   =        50.5097  ANGLE   =       102.8964  DIHED      =       142.2650
 1-4 NB =        69.5809  1-4 EEL =        62.7259  VDWAALS    =      4116.2693
 EELEC  =    -34701.2482  EHBOND  =         0.0000  RESTRAINT  =         9.2587
 EAMBER (non-restraint)  =    -30157.0009
 EKCMT  =         0.0000  VIRIAL  =         0.0000  VOLUME     =    116145.4245
                                                    Density    =         0.8142
 ------------------------------------------------------------------------------

 NMR restraints: Bond =    1.316   Angle =     2.138   Torsion =     0.962
===============================================================================

 NSTEP =     4000   TIME(PS) =       8.000  TEMP(K) =   300.03  PRESS =     0.0
 Etot   =    -24746.9899  EKtot   =      5545.3369  EPtot      =    -30292.3268
 BOND   =        57.6501  ANGLE   =       108.0600  DIHED      =       138.2418
 1-4 NB =        74.0174  1-4 EEL =        65.8133  VDWAALS    =      4247.8568
 EELEC  =    -34992.6518  EHBOND  =         0.0000  RESTRAINT  =         8.6856
 EAMBER (non-restraint)  =    -30301.0124
 EKCMT  =         0.0000  VIRIAL  =         0.0000  VOLUME     =    114211.8198
                                                    Density    =         0.8280
 ------------------------------------------------------------------------------

 NMR restraints: Bond =    0.105   Angle =     4.494   Torsion =     0.812
===============================================================================

 NSTEP =     4500   TIME(PS) =       9.000  TEMP(K) =   293.43  PRESS =     0.0
 Etot   =    -24837.9294  EKtot   =      5423.3696  EPtot      =    -30261.2990
 BOND   =        39.2627  ANGLE   =       103.1675  DIHED      =       136.1528
 1-4 NB =        74.2921  1-4 EEL =        64.4223  VDWAALS    =      4492.6546
 EELEC  =    -35177.5906  EHBOND  =         0.0000  RESTRAINT  =         6.3396
 EAMBER (non-restraint)  =    -30267.6386
 EKCMT  =         0.0000  VIRIAL  =         0.0000  VOLUME     =    112171.0711
                                                    Density    =         0.8431
 ------------------------------------------------------------------------------

 NMR restraints: Bond =    1.310   Angle =     0.962   Torsion =     0.319
===============================================================================

 NSTEP =     5000   TIME(PS) =      10.000  TEMP(K) =   296.38  PRESS =     0.0
 Etot   =    -24883.7709  EKtot   =      5478.0122  EPtot      =    -30361.7831
 BOND   =        52.1197  ANGLE   =       112.4425  DIHED      =       131.8062
 1-4 NB =        81.1629  1-4 EEL =        64.1451  VDWAALS    =      4401.1390
 EELEC  =    -35210.1175  EHBOND  =         0.0000  RESTRAINT  =         5.5189
 EAMBER (non-restraint)  =    -30367.3020
 EKCMT  =         0.0000  VIRIAL  =         0.0000  VOLUME     =    108738.9152
                                                    Density    =         0.8697
 ------------------------------------------------------------------------------

 NMR restraints: Bond =    0.180   Angle =     1.419   Torsion =     0.462
===============================================================================

 NSTEP =     5500   TIME(PS) =      11.000  TEMP(K) =   301.26  PRESS =     0.0
 Etot   =    -24874.7684  EKtot   =      5568.1470  EPtot      =    -30442.9154
 BOND   =        60.4918  ANGLE   =       104.1430  DIHED      =       127.9320
 1-4 NB =        69.0599  1-4 EEL =        62.2072  VDWAALS    =      4198.8621
 EELEC  =    -35074.1066  EHBOND  =         0.0000  RESTRAINT  =         8.4952
 EAMBER (non-restraint)  =    -30451.4105
 EKCMT  =         0.0000  VIRIAL  =         0.0000  VOLUME     =    108329.5761
                                                    Density    =         0.8730
 ------------------------------------------------------------------------------

 NMR restraints: Bond =    0.138   Angle =     2.261   Torsion =     1.312
===============================================================================

 NSTEP =     6000   TIME(PS) =      12.000  TEMP(K) =   294.18  PRESS =     0.0
 Etot   =    -24920.6632  EKtot   =      5437.2031  EPtot      =    -30357.8663
 BOND   =        47.9316  ANGLE   =       105.7094  DIHED      =       132.7536
 1-4 NB =        76.6735  1-4 EEL =        59.6315  VDWAALS    =      4225.4773
 EELEC  =    -35011.3474  EHBOND  =         0.0000  RESTRAINT  =         5.3042
 EAMBER (non-restraint)  =    -30363.1705
 EKCMT  =         0.0000  VIRIAL  =         0.0000  VOLUME     =    108198.3844
                                                    Density    =         0.8740
 ------------------------------------------------------------------------------

 NMR restraints: Bond =    0.445   Angle =     0.700   Torsion =     0.896
===============================================================================

 NSTEP =     6500   TIME(PS) =      13.000  TEMP(K) =   298.82  PRESS =     0.0
 Etot   =    -24847.5476  EKtot   =      5523.1304  EPtot      =    -30370.6780
 BOND   =        56.2614  ANGLE   =       112.4719  DIHED      =       134.0417
 1-4 NB =        75.0956  1-4 EEL =        61.8431  VDWAALS    =      4167.0056
 EELEC  =    -34982.8597  EHBOND  =         0.0000  RESTRAINT  =         5.4624
 EAMBER (non-restraint)  =    -30376.1404
 EKCMT  =         0.0000  VIRIAL  =         0.0000  VOLUME     =    107166.0206
                                                    Density    =         0.8824
 ------------------------------------------------------------------------------

 NMR restraints: Bond =    1.367   Angle =     0.427   Torsion =     0.176
===============================================================================

 NSTEP =     7000   TIME(PS) =      14.000  TEMP(K) =   301.78  PRESS =     0.0
 Etot   =    -24842.2529  EKtot   =      5577.7754  EPtot      =    -30420.0283
 BOND   =        50.6460  ANGLE   =       113.5945  DIHED      =       133.5088
 1-4 NB =        75.5753  1-4 EEL =        60.5084  VDWAALS    =      4110.9110
 EELEC  =    -34970.0975  EHBOND  =         0.0000  RESTRAINT  =         5.3251
 EAMBER (non-restraint)  =    -30425.3534
 EKCMT  =         0.0000  VIRIAL  =         0.0000  VOLUME     =    106260.8683
                                                    Density    =         0.8900
 ------------------------------------------------------------------------------

 NMR restraints: Bond =    0.341   Angle =     0.669   Torsion =     0.258
===============================================================================

 NSTEP =     7500   TIME(PS) =      15.000  TEMP(K) =   296.50  PRESS =     0.0
 Etot   =    -25110.1999  EKtot   =      5480.2505  EPtot      =    -30590.4504
 BOND   =        55.9299  ANGLE   =       102.6230  DIHED      =       138.5110
 1-4 NB =        77.6435  1-4 EEL =        59.0426  VDWAALS    =      4548.8685
 EELEC  =    -35576.7624  EHBOND  =         0.0000  RESTRAINT  =         3.6935
 EAMBER (non-restraint)  =    -30594.1439
 EKCMT  =         0.0000  VIRIAL  =         0.0000  VOLUME     =    104770.2766
                                                    Density    =         0.9026
 ------------------------------------------------------------------------------

 NMR restraints: Bond =    0.884   Angle =     2.102   Torsion =     0.015
===============================================================================

 NSTEP =     8000   TIME(PS) =      16.000  TEMP(K) =   300.39  PRESS =     0.0
 Etot   =    -25159.4492  EKtot   =      5552.1509  EPtot      =    -30711.6000
 BOND   =        48.1558  ANGLE   =       107.1310  DIHED      =       138.8079
 1-4 NB =        77.8247  1-4 EEL =        63.8532  VDWAALS    =      4256.9400
 EELEC  =    -35408.5581  EHBOND  =         0.0000  RESTRAINT  =         4.2454
 EAMBER (non-restraint)  =    -30715.8455
 EKCMT  =         0.0000  VIRIAL  =         0.0000  VOLUME     =    104626.6617
                                                    Density    =         0.9039
 ------------------------------------------------------------------------------

 NMR restraints: Bond =    1.113   Angle =     1.451   Torsion =     0.409
===============================================================================
