
          -------------------------------------------------------
          Amber 18 PMEMD                              2018
          -------------------------------------------------------

| PMEMD implementation of SANDER, Release 18

| Run on 05/02/2018 at 10:32:48

|   Executable path: pmemd.cuda
| Working directory: /oasis/tscc/scratch/davids4/SAMPLing-cut9/11499240.tscc-mgr.local
|          Hostname: tscc-gpu-9-3.sdsc.edu

  [-O]verwriting output

File Assignments:
|   MDIN: equil.000.in                                                          
|  MDOUT: equil.000.out                                                         
| INPCRD: minimize.rst7                                                         
|   PARM: solvate.prmtop                                                        
| RESTRT: equil.000.rst7                                                        
|   REFC: solvate.rst7                                                          
|  MDVEL: mdvel                                                                 
|   MDEN: equil.000.mden                                                        
|  MDCRD: equil.000.nc                                                          
| MDINFO: equil.000.mdinfo                                                      
|  MDFRC: mdfrc                                                                 


 Here is the input file:

PBC MD Simulation                                                              
 &cntrl                                                                        
  imin =          0,                                                           
  ntx =           1,                                                           
  irest =         0,                                                           
  maxcyc =        0,                                                           
  ncyc =          0,                                                           
  dt =            0.002,                                                       
  nstlim =        500000,                                                      
  ntpr =          500,                                                         
  ntwe =          500,                                                         
  ntwr =          250,                                                         
  ntwx =          250,                                                         
  ntxo =          1,                                                           
  ioutfm =        1,                                                           
  ntf =           2,                                                           
  ntc =           2,                                                           
  cut =           9.0,                                                         
  igb =           0,                                                           
  tempi =         298.15,                                                      
  temp0 =         298.15,                                                      
  ntt =           3,                                                           
  gamma_ln =      1.0,                                                         
  ig =            -1,                                                          
  ntp =           1,                                                           
  barostat =      2,                                                           
  ntr =           1,                                                           
  restraint_wt =  50.0,                                                        
  restraintmask = '@DUM',                                                      
  nmropt =        1,                                                           
  pencut =        -1,                                                          
  ntwprt =        204,                                                         
 /                                                                             
 &wt type = 'END', /                                                           
DISANG = disang.rest                                                           
LISTOUT = POUT                                                                 
                                                                               


Note: ig = -1. Setting random seed to   615190 based on wallclock time in 
      microseconds.
| irandom = 1, using AMBER's internal random number generator (default).
 
|--------------------- INFORMATION ----------------------
| GPU (CUDA) Version of PMEMD in use: NVIDIA GPU IN USE.
|                    Version 18.0.0
| 
|                      03/25/2018
| 
| Implementation by:
|                    Ross C. Walker     (SDSC)
|                    Scott Le Grand     (nVIDIA)
| 
| Version 18 performance extensions by:
|                    David Cerutti     (Rutgers)
| 
| Precision model in use:
|      [SPFP] - Single Precision Forces, 64-bit Fixed Point
|               Accumulation. (Default)
| 
|--------------------------------------------------------
 
|----------------- CITATION INFORMATION -----------------
|
|    When publishing work that utilized the CUDA version
|    of AMBER, please cite the following in addition to
|    the regular AMBER citations:
|
|  - Romelia Salomon-Ferrer; Andreas W. Goetz; Duncan
|    Poole; Scott Le Grand; Ross C. Walker "Routine
|    microsecond molecular dynamics simulations with
|    AMBER - Part II: Particle Mesh Ewald", J. Chem.
|    Theory Comput., 2013, 9 (9), pp3878-3888,
|    DOI: 10.1021/ct400314y.
|
|  - Andreas W. Goetz; Mark J. Williamson; Dong Xu;
|    Duncan Poole; Scott Le Grand; Ross C. Walker
|    "Routine microsecond molecular dynamics simulations
|    with AMBER - Part I: Generalized Born", J. Chem.
|    Theory Comput., 2012, 8 (5), pp1542-1555.
|
|  - Scott Le Grand; Andreas W. Goetz; Ross C. Walker
|    "SPFP: Speed without compromise - a mixed precision
|    model for GPU accelerated molecular dynamics
|    simulations.", Comp. Phys. Comm., 2013, 184
|    pp374-380, DOI: 10.1016/j.cpc.2012.09.022
|
|--------------------------------------------------------
 
|------------------- GPU DEVICE INFO --------------------
|
|            CUDA_VISIBLE_DEVICES: 6
|   CUDA Capable Devices Detected:      1
|           CUDA Device ID in use:      0
|                CUDA Device Name: GeForce GTX TITAN X
|     CUDA Device Global Mem Size:  12207 MB
| CUDA Device Num Multiprocessors:     24
|           CUDA Device Core Freq:   1.08 GHz
|
|--------------------------------------------------------
 
 
| Conditional Compilation Defines Used:
| PUBFFT
| BINTRAJ
| CUDA
| EMIL

| Largest sphere to fit in unit cell has radius =    21.056

| New format PARM file being parsed.
| Version =    1.000 Date = 04/23/18 Time = 19:56:02

| Note: 1-4 EEL scale factors are being read from the topology file.

| Note: 1-4 VDW scale factors are being read from the topology file.
| Duplicated    0 dihedrals

| Duplicated    0 dihedrals

--------------------------------------------------------------------------------
   1.  RESOURCE   USE: 
--------------------------------------------------------------------------------

 getting new box info from bottom of inpcrd
 NATOM  =    9221 NTYPES =      11 NBONH =    9065 MBONA  =     155
 NTHETH =     148 MTHETA =     231 NPHIH =     343 MPHIA  =     362
 NHPARM =       0 NPARM  =       0 NNB   =   13205 NRES   =    3022
 NBONA  =     155 NTHETA =     231 NPHIA =     362 NUMBND =      16
 NUMANG =      28 NPTRA  =      15 NATYP =      14 NPHB   =       0
 IFBOX  =       1 NMXRS  =     184 IFCAP =       0 NEXTRA =       0
 NCOPY  =       0

| Coordinate Index Table dimensions:     8    8   13
| Direct force subcell size =     5.2641    5.3276    5.3388

     BOX TYPE: RECTILINEAR

--------------------------------------------------------------------------------
   2.  CONTROL  DATA  FOR  THE  RUN
--------------------------------------------------------------------------------

default_name                                                                    

General flags:
     imin    =       0, nmropt  =       1

Nature and format of input:
     ntx     =       1, irest   =       0, ntrx    =       1

Nature and format of output:
     ntxo    =       1, ntpr    =     500, ntrx    =       1, ntwr    =     250
     iwrap   =       0, ntwx    =     250, ntwv    =       0, ntwe    =     500
     ioutfm  =       1, ntwprt  =     204, idecomp =       0, rbornstat=      0

Potential function:
     ntf     =       2, ntb     =       2, igb     =       0, nsnb    =      25
     ipol    =       0, gbsa    =       0, iesp    =       0
     dielc   =   1.00000, cut     =   9.00000, intdiel =   1.00000

Frozen or restrained atoms:
     ibelly  =       0, ntr     =       1
     restraint_wt =  50.00000

Molecular dynamics:
     nstlim  =    500000, nscm    =         0, nrespa  =         1
     t       =   0.00000, dt      =   0.00200, vlimit  =  -1.00000

Langevin dynamics temperature regulation:
     ig      =  615190
     temp0   = 298.15000, tempi   = 298.15000, gamma_ln=   1.00000

Pressure regulation:
     ntp     =       1
     pres0   =   1.00000, comp    =  44.60000, taup    =   1.00000
     Monte-Carlo Barostat:
     mcbarint  =     100

SHAKE:
     ntc     =       2, jfastw  =       0
     tol     =   0.00001

NMR refinement options:
     iscale  =       0, noeskp  =       1, ipnlty  =       1, mxsub   =       1
     scalm   = 100.00000, pencut  =  -1.00000, tausw   =   0.10000

| Intermolecular bonds treatment:
|     no_intermolecular_bonds =       1

| Energy averages sample interval:
|     ene_avg_sampling =     500

Ewald parameters:
     verbose =       0, ew_type =       0, nbflag  =       1, use_pme =       1
     vdwmeth =       1, eedmeth =       1, netfrc  =       1
     Box X =   42.113   Box Y =   42.620   Box Z =   69.404
     Alpha =   90.000   Beta  =   90.000   Gamma =   90.000
     NFFT1 =   48       NFFT2 =   48       NFFT3 =   72
     Cutoff=    9.000   Tol   =0.100E-04
     Ewald Coefficient =  0.30768
     Interpolation order =    4

    LOADING THE CONSTRAINED ATOMS AS GROUPS


   5.  REFERENCE ATOM COORDINATES

  default_name                                                                    
     Mask @DUM; matches     3 atoms
| MONTE CARLO BAROSTAT IMPORTANT NOTE:
|   The Monte-Carlo barostat does not require the virial to adjust the system volume.
|   Since it is an expensive calculation, it is skipped for efficiency. A side-effect
|   is that the reported pressure is always 0 because it is not calculated.

--------------------------------------------------------------------------------
   3.  ATOMIC COORDINATES AND VELOCITIES
--------------------------------------------------------------------------------

default_name                                                                    
 begin time read from input coords =     0.000 ps



           Begin reading energy term weight changes/NMR restraints
 WEIGHT CHANGES:
                         ** No weight changes given **

 RESTRAINTS:
 Requested file redirections:
  DISANG    = disang.rest
  LISTOUT   = POUT
 Restraints will be read from file: disang.rest
Here are comments from the DISANG input file:

                       Number of restraints read =     9

                  Done reading weight changes/NMR restraints


 
 Number of triangulated 3-point waters found:     3000

     Sum of charges from parm topology file =   0.00000002
     Forcing neutrality...

| Dynamic Memory, Types Used:
| Reals              528869
| Integers           283979

| Nonbonded Pairs Initial Allocation:     2102388

| GPU memory information (estimate):
| KB of GPU memory in use:         0
| KB of CPU memory in use:         0

--------------------------------------------------------------------------------
   4.  RESULTS
--------------------------------------------------------------------------------


 NSTEP =        0   TIME(PS) =       0.000  TEMP(K) =   445.95  PRESS =     0.0
 Etot   =    -30776.5076  EKtot   =      8240.6510  EPtot      =    -39017.1587
 BOND   =        16.3874  ANGLE   =        61.0423  DIHED      =       104.6483
 1-4 NB =        65.8416  1-4 EEL =        61.4240  VDWAALS    =      6216.9066
 EELEC  =    -45546.1644  EHBOND  =         0.0000  RESTRAINT  =         2.7554
 EAMBER (non-restraint)  =    -39019.9141
 EKCMT  =         0.0000  VIRIAL  =         0.0000  VOLUME     =    124570.0754
                                                    Density    =         0.7591
 ------------------------------------------------------------------------------

 NMR restraints: Bond =    0.399   Angle =     2.122   Torsion =     0.223
===============================================================================

 NSTEP =      500   TIME(PS) =       1.000  TEMP(K) =   263.88  PRESS =     0.0
 Etot   =    -25911.7610  EKtot   =      4876.1841  EPtot      =    -30787.9451
 BOND   =        54.6968  ANGLE   =        99.2137  DIHED      =       132.1502
 1-4 NB =        74.9547  1-4 EEL =        60.6045  VDWAALS    =      4591.4813
 EELEC  =    -35806.4994  EHBOND  =         0.0000  RESTRAINT  =         5.4531
 EAMBER (non-restraint)  =    -30793.3983
 EKCMT  =         0.0000  VIRIAL  =         0.0000  VOLUME     =    122921.9783
                                                    Density    =         0.7693
 ------------------------------------------------------------------------------

 NMR restraints: Bond =    0.284   Angle =     1.139   Torsion =     0.707
===============================================================================

 NSTEP =     1000   TIME(PS) =       2.000  TEMP(K) =   281.23  PRESS =     0.0
 Etot   =    -25193.6399  EKtot   =      5196.7446  EPtot      =    -30390.3845
 BOND   =        47.4919  ANGLE   =       114.1601  DIHED      =       135.2379
 1-4 NB =        80.6570  1-4 EEL =        60.9938  VDWAALS    =      4433.5008
 EELEC  =    -35267.3924  EHBOND  =         0.0000  RESTRAINT  =         4.9663
 EAMBER (non-restraint)  =    -30395.3508
 EKCMT  =         0.0000  VIRIAL  =         0.0000  VOLUME     =    121022.2411
                                                    Density    =         0.7814
 ------------------------------------------------------------------------------

 NMR restraints: Bond =    0.195   Angle =     0.414   Torsion =     1.774
===============================================================================

 NSTEP =     1500   TIME(PS) =       3.000  TEMP(K) =   286.41  PRESS =     0.0
 Etot   =    -24762.1967  EKtot   =      5292.4956  EPtot      =    -30054.6923
 BOND   =        56.0259  ANGLE   =        99.0207  DIHED      =       135.8294
 1-4 NB =        73.9022  1-4 EEL =        61.2680  VDWAALS    =      4324.3609
 EELEC  =    -34809.6766  EHBOND  =         0.0000  RESTRAINT  =         4.5771
 EAMBER (non-restraint)  =    -30059.2694
 EKCMT  =         0.0000  VIRIAL  =         0.0000  VOLUME     =    120836.0346
                                                    Density    =         0.7826
 ------------------------------------------------------------------------------

 NMR restraints: Bond =    0.030   Angle =     1.735   Torsion =     1.043
===============================================================================

 NSTEP =     2000   TIME(PS) =       4.000  TEMP(K) =   294.61  PRESS =     0.0
 Etot   =    -24713.3315  EKtot   =      5443.9917  EPtot      =    -30157.3232
 BOND   =        45.5369  ANGLE   =       106.8141  DIHED      =       134.9512
 1-4 NB =        74.7569  1-4 EEL =        62.0267  VDWAALS    =      4108.7433
 EELEC  =    -34694.2841  EHBOND  =         0.0000  RESTRAINT  =         4.1319
 EAMBER (non-restraint)  =    -30161.4551
 EKCMT  =         0.0000  VIRIAL  =         0.0000  VOLUME     =    119193.0000
                                                    Density    =         0.7934
 ------------------------------------------------------------------------------

 NMR restraints: Bond =    0.048   Angle =     1.249   Torsion =     0.519
===============================================================================

 NSTEP =     2500   TIME(PS) =       5.000  TEMP(K) =   287.11  PRESS =     0.0
 Etot   =    -24809.0529  EKtot   =      5305.5269  EPtot      =    -30114.5797
 BOND   =        48.1996  ANGLE   =       105.4387  DIHED      =       129.1586
 1-4 NB =        74.7508  1-4 EEL =        63.4646  VDWAALS    =      4143.6962
 EELEC  =    -34683.0022  EHBOND  =         0.0000  RESTRAINT  =         3.7138
 EAMBER (non-restraint)  =    -30118.2935
 EKCMT  =         0.0000  VIRIAL  =         0.0000  VOLUME     =    117853.1599
                                                    Density    =         0.8024
 ------------------------------------------------------------------------------

 NMR restraints: Bond =    0.101   Angle =     0.516   Torsion =     0.600
===============================================================================

 NSTEP =     3000   TIME(PS) =       6.000  TEMP(K) =   297.93  PRESS =     0.0
 Etot   =    -24791.0305  EKtot   =      5505.3511  EPtot      =    -30296.3816
 BOND   =        50.5462  ANGLE   =       122.7910  DIHED      =       137.5786
 1-4 NB =        78.1635  1-4 EEL =        65.8339  VDWAALS    =      4186.7107
 EELEC  =    -34942.7145  EHBOND  =         0.0000  RESTRAINT  =         4.7090
 EAMBER (non-restraint)  =    -30301.0906
 EKCMT  =         0.0000  VIRIAL  =         0.0000  VOLUME     =    115982.1033
                                                    Density    =         0.8153
 ------------------------------------------------------------------------------

 NMR restraints: Bond =    0.565   Angle =     0.767   Torsion =     1.669
===============================================================================

 NSTEP =     3500   TIME(PS) =       7.000  TEMP(K) =   299.21  PRESS =     0.0
 Etot   =    -24792.4731  EKtot   =      5529.1025  EPtot      =    -30321.5757
 BOND   =        49.4429  ANGLE   =       114.1600  DIHED      =       131.9002
 1-4 NB =        71.1258  1-4 EEL =        60.5198  VDWAALS    =      4150.3763
 EELEC  =    -34904.1914  EHBOND  =         0.0000  RESTRAINT  =         5.0907
 EAMBER (non-restraint)  =    -30326.6664
 EKCMT  =         0.0000  VIRIAL  =         0.0000  VOLUME     =    114628.9627
                                                    Density    =         0.8250
 ------------------------------------------------------------------------------

 NMR restraints: Bond =    0.212   Angle =     1.004   Torsion =     1.297
===============================================================================

 NSTEP =     4000   TIME(PS) =       8.000  TEMP(K) =   303.32  PRESS =     0.0
 Etot   =    -24676.6791  EKtot   =      5605.1060  EPtot      =    -30281.7850
 BOND   =        54.5298  ANGLE   =       102.9507  DIHED      =       130.0903
 1-4 NB =        74.4446  1-4 EEL =        62.1192  VDWAALS    =      4167.7510
 EELEC  =    -34878.0284  EHBOND  =         0.0000  RESTRAINT  =         4.3579
 EAMBER (non-restraint)  =    -30286.1430
 EKCMT  =         0.0000  VIRIAL  =         0.0000  VOLUME     =    113634.3130
                                                    Density    =         0.8322
 ------------------------------------------------------------------------------

 NMR restraints: Bond =    0.554   Angle =     0.375   Torsion =     1.835
===============================================================================

 NSTEP =     4500   TIME(PS) =       9.000  TEMP(K) =   298.79  PRESS =     0.0
 Etot   =    -24764.0377  EKtot   =      5521.2695  EPtot      =    -30285.3072
 BOND   =        64.4956  ANGLE   =       105.2725  DIHED      =       134.9658
 1-4 NB =        76.5710  1-4 EEL =        64.6622  VDWAALS    =      4232.5329
 EELEC  =    -34970.5243  EHBOND  =         0.0000  RESTRAINT  =         6.7172
 EAMBER (non-restraint)  =    -30292.0244
 EKCMT  =         0.0000  VIRIAL  =         0.0000  VOLUME     =    111669.2407
                                                    Density    =         0.8468
 ------------------------------------------------------------------------------

 NMR restraints: Bond =    2.082   Angle =     0.665   Torsion =     1.316
===============================================================================

 NSTEP =     5000   TIME(PS) =      10.000  TEMP(K) =   297.63  PRESS =     0.0
 Etot   =    -24821.5379  EKtot   =      5499.8369  EPtot      =    -30321.3748
 BOND   =        56.3552  ANGLE   =        97.2502  DIHED      =       144.2954
 1-4 NB =        77.0142  1-4 EEL =        58.9807  VDWAALS    =      4080.8733
 EELEC  =    -34840.7123  EHBOND  =         0.0000  RESTRAINT  =         4.5686
 EAMBER (non-restraint)  =    -30325.9434
 EKCMT  =         0.0000  VIRIAL  =         0.0000  VOLUME     =    110963.5168
                                                    Density    =         0.8522
 ------------------------------------------------------------------------------

 NMR restraints: Bond =    0.476   Angle =     0.643   Torsion =     0.136
===============================================================================

 NSTEP =     5500   TIME(PS) =      11.000  TEMP(K) =   301.13  PRESS =     0.0
 Etot   =    -24857.0279  EKtot   =      5564.5972  EPtot      =    -30421.6251
 BOND   =        50.8743  ANGLE   =       111.8489  DIHED      =       138.1511
 1-4 NB =        75.6731  1-4 EEL =        69.1261  VDWAALS    =      4374.4509
 EELEC  =    -35250.9309  EHBOND  =         0.0000  RESTRAINT  =         9.1814
 EAMBER (non-restraint)  =    -30430.8065
 EKCMT  =         0.0000  VIRIAL  =         0.0000  VOLUME     =    109773.9368
                                                    Density    =         0.8614
 ------------------------------------------------------------------------------

 NMR restraints: Bond =    0.439   Angle =     3.534   Torsion =     1.244
===============================================================================

 NSTEP =     6000   TIME(PS) =      12.000  TEMP(K) =   300.32  PRESS =     0.0
 Etot   =    -25103.6328  EKtot   =      5549.5889  EPtot      =    -30653.2217
 BOND   =        54.5240  ANGLE   =       109.5352  DIHED      =       130.7168
 1-4 NB =        75.4367  1-4 EEL =        63.1065  VDWAALS    =      4651.1721
 EELEC  =    -35740.6615  EHBOND  =         0.0000  RESTRAINT  =         2.9487
 EAMBER (non-restraint)  =    -30656.1703
 EKCMT  =         0.0000  VIRIAL  =         0.0000  VOLUME     =    106419.0988
                                                    Density    =         0.8886
 ------------------------------------------------------------------------------

 NMR restraints: Bond =    0.382   Angle =     0.576   Torsion =     1.089
===============================================================================

 NSTEP =     6500   TIME(PS) =      13.000  TEMP(K) =   299.53  PRESS =     0.0
 Etot   =    -25143.0339  EKtot   =      5534.9258  EPtot      =    -30677.9597
 BOND   =        47.7421  ANGLE   =       116.9206  DIHED      =       133.5610
 1-4 NB =        74.1328  1-4 EEL =        62.1227  VDWAALS    =      4144.8617
 EELEC  =    -35263.2430  EHBOND  =         0.0000  RESTRAINT  =         5.9424
 EAMBER (non-restraint)  =    -30683.9021
 EKCMT  =         0.0000  VIRIAL  =         0.0000  VOLUME     =    106078.2356
                                                    Density    =         0.8915
 ------------------------------------------------------------------------------

 NMR restraints: Bond =    0.668   Angle =     1.039   Torsion =     1.462
===============================================================================

 NSTEP =     7000   TIME(PS) =      14.000  TEMP(K) =   294.71  PRESS =     0.0
 Etot   =    -25235.9132  EKtot   =      5445.9805  EPtot      =    -30681.8937
 BOND   =        62.7526  ANGLE   =       107.7879  DIHED      =       135.8772
 1-4 NB =        72.7079  1-4 EEL =        60.0056  VDWAALS    =      4334.9373
 EELEC  =    -35459.9001  EHBOND  =         0.0000  RESTRAINT  =         3.9380
 EAMBER (non-restraint)  =    -30685.8317
 EKCMT  =         0.0000  VIRIAL  =         0.0000  VOLUME     =    104494.6826
                                                    Density    =         0.9050
 ------------------------------------------------------------------------------

 NMR restraints: Bond =    0.651   Angle =     0.568   Torsion =     0.406
===============================================================================

 NSTEP =     7500   TIME(PS) =      15.000  TEMP(K) =   295.78  PRESS =     0.0
 Etot   =    -25248.2482  EKtot   =      5465.6655  EPtot      =    -30713.9137
 BOND   =        53.3164  ANGLE   =       110.2690  DIHED      =       126.5635
 1-4 NB =        74.3166  1-4 EEL =        63.5522  VDWAALS    =      4294.4846
 EELEC  =    -35442.9086  EHBOND  =         0.0000  RESTRAINT  =         6.4925
 EAMBER (non-restraint)  =    -30720.4062
 EKCMT  =         0.0000  VIRIAL  =         0.0000  VOLUME     =    102124.5358
                                                    Density    =         0.9260
 ------------------------------------------------------------------------------

 NMR restraints: Bond =    0.833   Angle =     0.724   Torsion =     0.594
===============================================================================

 NSTEP =     8000   TIME(PS) =      16.000  TEMP(K) =   293.96  PRESS =     0.0
 Etot   =    -25201.1957  EKtot   =      5432.0552  EPtot      =    -30633.2509
 BOND   =        53.3199  ANGLE   =       115.7041  DIHED      =       137.0948
 1-4 NB =        79.7047  1-4 EEL =        60.5698  VDWAALS    =      4186.2392
 EELEC  =    -35271.4284  EHBOND  =         0.0000  RESTRAINT  =         5.5450
 EAMBER (non-restraint)  =    -30638.7959
 EKCMT  =         0.0000  VIRIAL  =         0.0000  VOLUME     =    101796.6495
                                                    Density    =         0.9290
 ------------------------------------------------------------------------------

 NMR restraints: Bond =    1.104   Angle =     1.614   Torsion =     0.459
===============================================================================

 NSTEP =     8500   TIME(PS) =      17.000  TEMP(K) =   296.65  PRESS =     0.0
 Etot   =    -25145.1320  EKtot   =      5481.8071  EPtot      =    -30626.9392
 BOND   =        50.8533  ANGLE   =       106.9866  DIHED      =       127.7921
 1-4 NB =        76.0876  1-4 EEL =        62.2509  VDWAALS    =      4314.7625
 EELEC  =    -35372.1744  EHBOND  =         0.0000  RESTRAINT  =         6.5021
 EAMBER (non-restraint)  =    -30633.4412
 EKCMT  =         0.0000  VIRIAL  =         0.0000  VOLUME     =    100681.6704
                                                    Density    =         0.9392
 ------------------------------------------------------------------------------

 NMR restraints: Bond =    0.387   Angle =     2.061   Torsion =     2.003
===============================================================================

 NSTEP =     9000   TIME(PS) =      18.000  TEMP(K) =   297.10  PRESS =     0.0
 Etot   =    -25263.0451  EKtot   =      5490.0518  EPtot      =    -30753.0968
 BOND   =        47.0758  ANGLE   =       103.6166  DIHED      =       139.2517
 1-4 NB =        73.5909  1-4 EEL =        59.9901  VDWAALS    =      4306.2990
 EELEC  =    -35495.8305  EHBOND  =         0.0000  RESTRAINT  =        12.9096
 EAMBER (non-restraint)  =    -30766.0064
 EKCMT  =         0.0000  VIRIAL  =         0.0000  VOLUME     =    100181.9130
                                                    Density    =         0.9439
 ------------------------------------------------------------------------------

 NMR restraints: Bond =    0.680   Angle =     1.894   Torsion =     2.782
===============================================================================

 NSTEP =     9500   TIME(PS) =      19.000  TEMP(K) =   300.30  PRESS =     0.0
 Etot   =    -25269.5466  EKtot   =      5549.1616  EPtot      =    -30818.7082
 BOND   =        69.5515  ANGLE   =       112.7302  DIHED      =       140.0809
 1-4 NB =        78.9617  1-4 EEL =        57.2260  VDWAALS    =      4272.5062
 EELEC  =    -35556.9908  EHBOND  =         0.0000  RESTRAINT  =         7.2262
 EAMBER (non-restraint)  =    -30825.9344
 EKCMT  =         0.0000  VIRIAL  =         0.0000  VOLUME     =     99751.6737
                                                    Density    =         0.9480
 ------------------------------------------------------------------------------

 NMR restraints: Bond =    0.220   Angle =     1.747   Torsion =     2.573
===============================================================================

 NSTEP =    10000   TIME(PS) =      20.000  TEMP(K) =   298.09  PRESS =     0.0
 Etot   =    -25323.6012  EKtot   =      5508.3081  EPtot      =    -30831.9093
 BOND   =        69.0037  ANGLE   =       106.9075  DIHED      =       134.8762
 1-4 NB =        76.3230  1-4 EEL =        62.9501  VDWAALS    =      4316.2671
 EELEC  =    -35603.9460  EHBOND  =         0.0000  RESTRAINT  =         5.7092
 EAMBER (non-restraint)  =    -30837.6185
 EKCMT  =         0.0000  VIRIAL  =         0.0000  VOLUME     =     99293.9002
                                                    Density    =         0.9524
 ------------------------------------------------------------------------------

 NMR restraints: Bond =    0.415   Angle =     2.026   Torsion =     2.601
===============================================================================

 NSTEP =    10500   TIME(PS) =      21.000  TEMP(K) =   299.83  PRESS =     0.0
 Etot   =    -25283.2604  EKtot   =      5540.5967  EPtot      =    -30823.8571
 BOND   =        52.6182  ANGLE   =       111.4340  DIHED      =       133.9171
 1-4 NB =        76.9734  1-4 EEL =        63.5664  VDWAALS    =      4537.8874
 EELEC  =    -35807.0190  EHBOND  =         0.0000  RESTRAINT  =         6.7654
 EAMBER (non-restraint)  =    -30830.6225
 EKCMT  =         0.0000  VIRIAL  =         0.0000  VOLUME     =     97548.3157
                                                    Density    =         0.9694
 ------------------------------------------------------------------------------

 NMR restraints: Bond =    1.131   Angle =     2.378   Torsion =     1.920
===============================================================================

 NSTEP =    11000   TIME(PS) =      22.000  TEMP(K) =   298.05  PRESS =     0.0
 Etot   =    -25298.1416  EKtot   =      5507.5894  EPtot      =    -30805.7310
 BOND   =        51.8443  ANGLE   =       107.5099  DIHED      =       136.5524
 1-4 NB =        78.6272  1-4 EEL =        64.7895  VDWAALS    =      4040.2803
 EELEC  =    -35289.9313  EHBOND  =         0.0000  RESTRAINT  =         4.5965
 EAMBER (non-restraint)  =    -30810.3275
 EKCMT  =         0.0000  VIRIAL  =         0.0000  VOLUME     =     97145.2344
                                                    Density    =         0.9734
 ------------------------------------------------------------------------------

 NMR restraints: Bond =    0.339   Angle =     1.575   Torsion =     1.090
===============================================================================

 NSTEP =    11500   TIME(PS) =      23.000  TEMP(K) =   299.75  PRESS =     0.0
 Etot   =    -25422.6284  EKtot   =      5539.0264  EPtot      =    -30961.6547
 BOND   =        52.9258  ANGLE   =       102.8716  DIHED      =       138.8468
 1-4 NB =        76.1161  1-4 EEL =        63.4834  VDWAALS    =      4450.7249
 EELEC  =    -35853.7006  EHBOND  =         0.0000  RESTRAINT  =         7.0773
 EAMBER (non-restraint)  =    -30968.7320
 EKCMT  =         0.0000  VIRIAL  =         0.0000  VOLUME     =     95969.1174
                                                    Density    =         0.9854
 ------------------------------------------------------------------------------

 NMR restraints: Bond =    0.511   Angle =     2.220   Torsion =     0.944
===============================================================================

 NSTEP =    12000   TIME(PS) =      24.000  TEMP(K) =   293.81  PRESS =     0.0
 Etot   =    -25643.1153  EKtot   =      5429.2759  EPtot      =    -31072.3911
 BOND   =        50.4069  ANGLE   =       105.9273  DIHED      =       130.2287
 1-4 NB =        74.1718  1-4 EEL =        62.2539  VDWAALS    =      4164.5065
 EELEC  =    -35666.5141  EHBOND  =         0.0000  RESTRAINT  =         6.6278
 EAMBER (non-restraint)  =    -31079.0189
 EKCMT  =         0.0000  VIRIAL  =         0.0000  VOLUME     =     94405.9809
                                                    Density    =         1.0017
 ------------------------------------------------------------------------------

 NMR restraints: Bond =    0.731   Angle =     2.457   Torsion =     0.687
===============================================================================

 NSTEP =    12500   TIME(PS) =      25.000  TEMP(K) =   298.79  PRESS =     0.0
 Etot   =    -25643.2658  EKtot   =      5521.2881  EPtot      =    -31164.5539
 BOND   =        59.2467  ANGLE   =       104.1530  DIHED      =       134.6981
 1-4 NB =        76.1052  1-4 EEL =        61.4219  VDWAALS    =      4295.6952
 EELEC  =    -35902.8316  EHBOND  =         0.0000  RESTRAINT  =         6.9576
 EAMBER (non-restraint)  =    -31171.5115
 EKCMT  =         0.0000  VIRIAL  =         0.0000  VOLUME     =     93562.5085
                                                    Density    =         1.0107
 ------------------------------------------------------------------------------

 NMR restraints: Bond =    0.508   Angle =     2.463   Torsion =     1.287
===============================================================================

 NSTEP =    13000   TIME(PS) =      26.000  TEMP(K) =   295.42  PRESS =     0.0
 Etot   =    -25589.1965  EKtot   =      5458.9678  EPtot      =    -31048.1643
 BOND   =        62.6647  ANGLE   =        87.4443  DIHED      =       134.1926
 1-4 NB =        73.7134  1-4 EEL =        58.9073  VDWAALS    =      4312.5396
 EELEC  =    -35786.7268  EHBOND  =         0.0000  RESTRAINT  =         9.1006
 EAMBER (non-restraint)  =    -31057.2649
 EKCMT  =         0.0000  VIRIAL  =         0.0000  VOLUME     =     93683.8003
                                                    Density    =         1.0094
 ------------------------------------------------------------------------------

 NMR restraints: Bond =    0.595   Angle =     1.377   Torsion =     1.736
===============================================================================

 NSTEP =    13500   TIME(PS) =      27.000  TEMP(K) =   297.07  PRESS =     0.0
 Etot   =    -25614.5195  EKtot   =      5489.5962  EPtot      =    -31104.1157
 BOND   =        40.6406  ANGLE   =       107.6663  DIHED      =       131.6847
 1-4 NB =        78.2631  1-4 EEL =        61.2259  VDWAALS    =      4391.4111
 EELEC  =    -35924.1728  EHBOND  =         0.0000  RESTRAINT  =         9.1655
 EAMBER (non-restraint)  =    -31113.2811
 EKCMT  =         0.0000  VIRIAL  =         0.0000  VOLUME     =     93683.8003
                                                    Density    =         1.0094
 ------------------------------------------------------------------------------

 NMR restraints: Bond =    0.762   Angle =     2.231   Torsion =     1.679
===============================================================================

 NSTEP =    14000   TIME(PS) =      28.000  TEMP(K) =   301.57  PRESS =     0.0
 Etot   =    -25564.1783  EKtot   =      5572.7095  EPtot      =    -31136.8878
 BOND   =        49.2733  ANGLE   =       108.3984  DIHED      =       139.9997
 1-4 NB =        74.9606  1-4 EEL =        63.5503  VDWAALS    =      4263.3955
 EELEC  =    -35843.4755  EHBOND  =         0.0000  RESTRAINT  =         7.0100
 EAMBER (non-restraint)  =    -31143.8977
 EKCMT  =         0.0000  VIRIAL  =         0.0000  VOLUME     =     93924.9848
                                                    Density    =         1.0068
 ------------------------------------------------------------------------------

 NMR restraints: Bond =    0.481   Angle =     1.799   Torsion =     1.230
===============================================================================

 NSTEP =    14500   TIME(PS) =      29.000  TEMP(K) =   298.59  PRESS =     0.0
 Etot   =    -25581.2454  EKtot   =      5517.6450  EPtot      =    -31098.8904
 BOND   =        53.3013  ANGLE   =       100.4585  DIHED      =       131.9126
 1-4 NB =        76.9212  1-4 EEL =        64.6399  VDWAALS    =      4263.5212
 EELEC  =    -35797.9644  EHBOND  =         0.0000  RESTRAINT  =         8.3194
 EAMBER (non-restraint)  =    -31107.2098
 EKCMT  =         0.0000  VIRIAL  =         0.0000  VOLUME     =     93354.7018
                                                    Density    =         1.0130
 ------------------------------------------------------------------------------

 NMR restraints: Bond =    1.640   Angle =     1.082   Torsion =     2.930
===============================================================================

 NSTEP =    15000   TIME(PS) =      30.000  TEMP(K) =   297.71  PRESS =     0.0
 Etot   =    -25599.2228  EKtot   =      5501.4058  EPtot      =    -31100.6286
 BOND   =        59.8899  ANGLE   =       100.2201  DIHED      =       133.9467
 1-4 NB =        73.4856  1-4 EEL =        63.7924  VDWAALS    =      4364.0206
 EELEC  =    -35902.1097  EHBOND  =         0.0000  RESTRAINT  =         6.1259
 EAMBER (non-restraint)  =    -31106.7545
 EKCMT  =         0.0000  VIRIAL  =         0.0000  VOLUME     =     93351.3050
                                                    Density    =         1.0130
 ------------------------------------------------------------------------------

 NMR restraints: Bond =    0.614   Angle =     0.661   Torsion =     1.292
===============================================================================

 NSTEP =    15500   TIME(PS) =      31.000  TEMP(K) =   300.95  PRESS =     0.0
 Etot   =    -25542.1922  EKtot   =      5561.2139  EPtot      =    -31103.4061
 BOND   =        62.1755  ANGLE   =       109.5953  DIHED      =       128.9430
 1-4 NB =        76.2030  1-4 EEL =        59.6383  VDWAALS    =      4296.3799
 EELEC  =    -35844.8725  EHBOND  =         0.0000  RESTRAINT  =         8.5313
 EAMBER (non-restraint)  =    -31111.9374
 EKCMT  =         0.0000  VIRIAL  =         0.0000  VOLUME     =     93292.9197
                                                    Density    =         1.0136
 ------------------------------------------------------------------------------

 NMR restraints: Bond =    0.136   Angle =     1.367   Torsion =     2.426
===============================================================================

 NSTEP =    16000   TIME(PS) =      32.000  TEMP(K) =   290.66  PRESS =     0.0
 Etot   =    -25788.2278  EKtot   =      5371.1201  EPtot      =    -31159.3479
 BOND   =        44.7506  ANGLE   =       113.4636  DIHED      =       130.9017
 1-4 NB =        79.1273  1-4 EEL =        63.3870  VDWAALS    =      4307.5427
 EELEC  =    -35908.9367  EHBOND  =         0.0000  RESTRAINT  =        10.4159
 EAMBER (non-restraint)  =    -31169.7639
 EKCMT  =         0.0000  VIRIAL  =         0.0000  VOLUME     =     93292.9197
                                                    Density    =         1.0136
 ------------------------------------------------------------------------------

 NMR restraints: Bond =    0.237   Angle =     1.010   Torsion =     3.633
===============================================================================

 NSTEP =    16500   TIME(PS) =      33.000  TEMP(K) =   294.79  PRESS =     0.0
 Etot   =    -25716.3062  EKtot   =      5447.3306  EPtot      =    -31163.6368
 BOND   =        48.1306  ANGLE   =       112.0116  DIHED      =       139.6785
 1-4 NB =        74.1262  1-4 EEL =        60.6211  VDWAALS    =      4255.6848
 EELEC  =    -35860.9274  EHBOND  =         0.0000  RESTRAINT  =         7.0379
 EAMBER (non-restraint)  =    -31170.6747
 EKCMT  =         0.0000  VIRIAL  =         0.0000  VOLUME     =     92872.2798
                                                    Density    =         1.0182
 ------------------------------------------------------------------------------

 NMR restraints: Bond =    0.438   Angle =     0.702   Torsion =     1.428
===============================================================================

 NSTEP =    17000   TIME(PS) =      34.000  TEMP(K) =   300.57  PRESS =     0.0
 Etot   =    -25569.5548  EKtot   =      5554.2822  EPtot      =    -31123.8370
 BOND   =        51.7968  ANGLE   =       112.7731  DIHED      =       139.3441
 1-4 NB =        75.8697  1-4 EEL =        64.6319  VDWAALS    =      4322.8416
 EELEC  =    -35897.9245  EHBOND  =         0.0000  RESTRAINT  =         6.8303
 EAMBER (non-restraint)  =    -31130.6673
 EKCMT  =         0.0000  VIRIAL  =         0.0000  VOLUME     =     92918.9024
                                                    Density    =         1.0177
 ------------------------------------------------------------------------------

 NMR restraints: Bond =    1.399   Angle =     1.158   Torsion =     1.145
===============================================================================

 NSTEP =    17500   TIME(PS) =      35.000  TEMP(K) =   297.75  PRESS =     0.0
 Etot   =    -25616.2841  EKtot   =      5502.0981  EPtot      =    -31118.3823
 BOND   =        47.5531  ANGLE   =       118.0524  DIHED      =       127.8110
 1-4 NB =        75.3915  1-4 EEL =        61.2784  VDWAALS    =      4379.7222
 EELEC  =    -35936.6410  EHBOND  =         0.0000  RESTRAINT  =         8.4501
 EAMBER (non-restraint)  =    -31126.8323
 EKCMT  =         0.0000  VIRIAL  =         0.0000  VOLUME     =     92461.5914
                                                    Density    =         1.0227
 ------------------------------------------------------------------------------

 NMR restraints: Bond =    0.472   Angle =     0.663   Torsion =     1.819
===============================================================================
