
          -------------------------------------------------------
          Amber 18 PMEMD                              2018
          -------------------------------------------------------

| PMEMD implementation of SANDER, Release 18

| Run on 05/02/2018 at 11:02:04

|   Executable path: pmemd.cuda
| Working directory: /oasis/tscc/scratch/davids4/SAMPLing-cut9/11499350.tscc-mgr.local
|          Hostname: tscc-gpu-8-2.sdsc.edu

  [-O]verwriting output

File Assignments:
|   MDIN: equil.000.in                                                          
|  MDOUT: equil.000.out                                                         
| INPCRD: minimize.rst7                                                         
|   PARM: solvate.prmtop                                                        
| RESTRT: equil.000.rst7                                                        
|   REFC: solvate.rst7                                                          
|  MDVEL: mdvel                                                                 
|   MDEN: equil.000.mden                                                        
|  MDCRD: equil.000.nc                                                          
| MDINFO: equil.000.mdinfo                                                      
|  MDFRC: mdfrc                                                                 


 Here is the input file:

PBC MD Simulation                                                              
 &cntrl                                                                        
  imin =          0,                                                           
  ntx =           1,                                                           
  irest =         0,                                                           
  maxcyc =        0,                                                           
  ncyc =          0,                                                           
  dt =            0.002,                                                       
  nstlim =        500000,                                                      
  ntpr =          500,                                                         
  ntwe =          500,                                                         
  ntwr =          250,                                                         
  ntwx =          250,                                                         
  ntxo =          1,                                                           
  ioutfm =        1,                                                           
  ntf =           2,                                                           
  ntc =           2,                                                           
  cut =           9.0,                                                         
  igb =           0,                                                           
  tempi =         298.15,                                                      
  temp0 =         298.15,                                                      
  ntt =           3,                                                           
  gamma_ln =      1.0,                                                         
  ig =            -1,                                                          
  ntp =           1,                                                           
  barostat =      2,                                                           
  ntr =           1,                                                           
  restraint_wt =  50.0,                                                        
  restraintmask = '@DUM',                                                      
  nmropt =        1,                                                           
  pencut =        -1,                                                          
  ntwprt =        204,                                                         
 /                                                                             
 &wt type = 'END', /                                                           
DISANG = disang.rest                                                           
LISTOUT = POUT                                                                 
                                                                               


Note: ig = -1. Setting random seed to   929254 based on wallclock time in 
      microseconds.
| irandom = 1, using AMBER's internal random number generator (default).
 
|--------------------- INFORMATION ----------------------
| GPU (CUDA) Version of PMEMD in use: NVIDIA GPU IN USE.
|                    Version 18.0.0
| 
|                      03/25/2018
| 
| Implementation by:
|                    Ross C. Walker     (SDSC)
|                    Scott Le Grand     (nVIDIA)
| 
| Version 18 performance extensions by:
|                    David Cerutti     (Rutgers)
| 
| Precision model in use:
|      [SPFP] - Single Precision Forces, 64-bit Fixed Point
|               Accumulation. (Default)
| 
|--------------------------------------------------------
 
|----------------- CITATION INFORMATION -----------------
|
|    When publishing work that utilized the CUDA version
|    of AMBER, please cite the following in addition to
|    the regular AMBER citations:
|
|  - Romelia Salomon-Ferrer; Andreas W. Goetz; Duncan
|    Poole; Scott Le Grand; Ross C. Walker "Routine
|    microsecond molecular dynamics simulations with
|    AMBER - Part II: Particle Mesh Ewald", J. Chem.
|    Theory Comput., 2013, 9 (9), pp3878-3888,
|    DOI: 10.1021/ct400314y.
|
|  - Andreas W. Goetz; Mark J. Williamson; Dong Xu;
|    Duncan Poole; Scott Le Grand; Ross C. Walker
|    "Routine microsecond molecular dynamics simulations
|    with AMBER - Part I: Generalized Born", J. Chem.
|    Theory Comput., 2012, 8 (5), pp1542-1555.
|
|  - Scott Le Grand; Andreas W. Goetz; Ross C. Walker
|    "SPFP: Speed without compromise - a mixed precision
|    model for GPU accelerated molecular dynamics
|    simulations.", Comp. Phys. Comm., 2013, 184
|    pp374-380, DOI: 10.1016/j.cpc.2012.09.022
|
|--------------------------------------------------------
 
|------------------- GPU DEVICE INFO --------------------
|
|            CUDA_VISIBLE_DEVICES: 4
|   CUDA Capable Devices Detected:      1
|           CUDA Device ID in use:      0
|                CUDA Device Name: GeForce GTX TITAN X
|     CUDA Device Global Mem Size:  12207 MB
| CUDA Device Num Multiprocessors:     24
|           CUDA Device Core Freq:   1.08 GHz
|
|--------------------------------------------------------
 
 
| Conditional Compilation Defines Used:
| PUBFFT
| BINTRAJ
| CUDA
| EMIL

| Largest sphere to fit in unit cell has radius =    20.946

| New format PARM file being parsed.
| Version =    1.000 Date = 04/23/18 Time = 20:05:06

| Note: 1-4 EEL scale factors are being read from the topology file.

| Note: 1-4 VDW scale factors are being read from the topology file.
| Duplicated    0 dihedrals

| Duplicated    0 dihedrals

--------------------------------------------------------------------------------
   1.  RESOURCE   USE: 
--------------------------------------------------------------------------------

 getting new box info from bottom of inpcrd
 NATOM  =    9221 NTYPES =      11 NBONH =    9065 MBONA  =     155
 NTHETH =     148 MTHETA =     231 NPHIH =     343 MPHIA  =     362
 NHPARM =       0 NPARM  =       0 NNB   =   13205 NRES   =    3022
 NBONA  =     155 NTHETA =     231 NPHIA =     362 NUMBND =      16
 NUMANG =      28 NPTRA  =      15 NATYP =      14 NPHB   =       0
 IFBOX  =       1 NMXRS  =     184 IFCAP =       0 NEXTRA =       0
 NCOPY  =       0

| Coordinate Index Table dimensions:     8    8   13
| Direct force subcell size =     5.4385    5.2364    5.2998

     BOX TYPE: RECTILINEAR

--------------------------------------------------------------------------------
   2.  CONTROL  DATA  FOR  THE  RUN
--------------------------------------------------------------------------------

default_name                                                                    

General flags:
     imin    =       0, nmropt  =       1

Nature and format of input:
     ntx     =       1, irest   =       0, ntrx    =       1

Nature and format of output:
     ntxo    =       1, ntpr    =     500, ntrx    =       1, ntwr    =     250
     iwrap   =       0, ntwx    =     250, ntwv    =       0, ntwe    =     500
     ioutfm  =       1, ntwprt  =     204, idecomp =       0, rbornstat=      0

Potential function:
     ntf     =       2, ntb     =       2, igb     =       0, nsnb    =      25
     ipol    =       0, gbsa    =       0, iesp    =       0
     dielc   =   1.00000, cut     =   9.00000, intdiel =   1.00000

Frozen or restrained atoms:
     ibelly  =       0, ntr     =       1
     restraint_wt =  50.00000

Molecular dynamics:
     nstlim  =    500000, nscm    =         0, nrespa  =         1
     t       =   0.00000, dt      =   0.00200, vlimit  =  -1.00000

Langevin dynamics temperature regulation:
     ig      =  929254
     temp0   = 298.15000, tempi   = 298.15000, gamma_ln=   1.00000

Pressure regulation:
     ntp     =       1
     pres0   =   1.00000, comp    =  44.60000, taup    =   1.00000
     Monte-Carlo Barostat:
     mcbarint  =     100

SHAKE:
     ntc     =       2, jfastw  =       0
     tol     =   0.00001

NMR refinement options:
     iscale  =       0, noeskp  =       1, ipnlty  =       1, mxsub   =       1
     scalm   = 100.00000, pencut  =  -1.00000, tausw   =   0.10000

| Intermolecular bonds treatment:
|     no_intermolecular_bonds =       1

| Energy averages sample interval:
|     ene_avg_sampling =     500

Ewald parameters:
     verbose =       0, ew_type =       0, nbflag  =       1, use_pme =       1
     vdwmeth =       1, eedmeth =       1, netfrc  =       1
     Box X =   43.508   Box Y =   41.891   Box Z =   68.898
     Alpha =   90.000   Beta  =   90.000   Gamma =   90.000
     NFFT1 =   48       NFFT2 =   48       NFFT3 =   72
     Cutoff=    9.000   Tol   =0.100E-04
     Ewald Coefficient =  0.30768
     Interpolation order =    4

    LOADING THE CONSTRAINED ATOMS AS GROUPS


   5.  REFERENCE ATOM COORDINATES

  default_name                                                                    
     Mask @DUM; matches     3 atoms
| MONTE CARLO BAROSTAT IMPORTANT NOTE:
|   The Monte-Carlo barostat does not require the virial to adjust the system volume.
|   Since it is an expensive calculation, it is skipped for efficiency. A side-effect
|   is that the reported pressure is always 0 because it is not calculated.

--------------------------------------------------------------------------------
   3.  ATOMIC COORDINATES AND VELOCITIES
--------------------------------------------------------------------------------

default_name                                                                    
 begin time read from input coords =     0.000 ps



           Begin reading energy term weight changes/NMR restraints
 WEIGHT CHANGES:
                         ** No weight changes given **

 RESTRAINTS:
 Requested file redirections:
  DISANG    = disang.rest
  LISTOUT   = POUT
 Restraints will be read from file: disang.rest
Here are comments from the DISANG input file:

                       Number of restraints read =     9

                  Done reading weight changes/NMR restraints


 
 Number of triangulated 3-point waters found:     3000

     Sum of charges from parm topology file =   0.00000002
     Forcing neutrality...

| Dynamic Memory, Types Used:
| Reals              528869
| Integers           283979

| Nonbonded Pairs Initial Allocation:     2102388

| GPU memory information (estimate):
| KB of GPU memory in use:         0
| KB of CPU memory in use:         0

--------------------------------------------------------------------------------
   4.  RESULTS
--------------------------------------------------------------------------------


 NSTEP =        0   TIME(PS) =       0.000  TEMP(K) =   444.53  PRESS =     0.0
 Etot   =    -30689.5029  EKtot   =      8214.3929  EPtot      =    -38903.8958
 BOND   =        13.7804  ANGLE   =        57.7467  DIHED      =       105.0919
 1-4 NB =        66.8667  1-4 EEL =        61.6549  VDWAALS    =      6140.7579
 EELEC  =    -45352.1730  EHBOND  =         0.0000  RESTRAINT  =         2.3787
 EAMBER (non-restraint)  =    -38906.2745
 EKCMT  =         0.0000  VIRIAL  =         0.0000  VOLUME     =    125573.7567
                                                    Density    =         0.7531
 ------------------------------------------------------------------------------

 NMR restraints: Bond =    0.585   Angle =     1.404   Torsion =     0.329
===============================================================================

 NSTEP =      500   TIME(PS) =       1.000  TEMP(K) =   262.80  PRESS =     0.0
 Etot   =    -25980.7403  EKtot   =      4856.2793  EPtot      =    -30837.0196
 BOND   =        51.2747  ANGLE   =       103.2068  DIHED      =       138.8825
 1-4 NB =        73.2706  1-4 EEL =        61.4943  VDWAALS    =      4931.1424
 EELEC  =    -36201.4464  EHBOND  =         0.0000  RESTRAINT  =         5.1556
 EAMBER (non-restraint)  =    -30842.1752
 EKCMT  =         0.0000  VIRIAL  =         0.0000  VOLUME     =    124297.6737
                                                    Density    =         0.7608
 ------------------------------------------------------------------------------

 NMR restraints: Bond =    0.974   Angle =     1.494   Torsion =     0.274
===============================================================================

 NSTEP =     1000   TIME(PS) =       2.000  TEMP(K) =   288.50  PRESS =     0.0
 Etot   =    -25075.7199  EKtot   =      5331.1050  EPtot      =    -30406.8249
 BOND   =        37.0578  ANGLE   =       114.2725  DIHED      =       130.8452
 1-4 NB =        78.6998  1-4 EEL =        63.3189  VDWAALS    =      4722.0371
 EELEC  =    -35558.3532  EHBOND  =         0.0000  RESTRAINT  =         5.2969
 EAMBER (non-restraint)  =    -30412.1218
 EKCMT  =         0.0000  VIRIAL  =         0.0000  VOLUME     =    121262.5978
                                                    Density    =         0.7798
 ------------------------------------------------------------------------------

 NMR restraints: Bond =    0.684   Angle =     0.953   Torsion =     1.504
===============================================================================

 NSTEP =     1500   TIME(PS) =       3.000  TEMP(K) =   290.69  PRESS =     0.0
 Etot   =    -25019.3625  EKtot   =      5371.6357  EPtot      =    -30390.9983
 BOND   =        52.9712  ANGLE   =       107.3058  DIHED      =       131.0786
 1-4 NB =        72.8721  1-4 EEL =        64.7653  VDWAALS    =      4589.3841
 EELEC  =    -35414.8941  EHBOND  =         0.0000  RESTRAINT  =         5.5186
 EAMBER (non-restraint)  =    -30396.5169
 EKCMT  =         0.0000  VIRIAL  =         0.0000  VOLUME     =    117751.5234
                                                    Density    =         0.8031
 ------------------------------------------------------------------------------

 NMR restraints: Bond =    2.888   Angle =     1.075   Torsion =     0.178
===============================================================================

 NSTEP =     2000   TIME(PS) =       4.000  TEMP(K) =   296.76  PRESS =     0.0
 Etot   =    -24720.0074  EKtot   =      5483.7217  EPtot      =    -30203.7291
 BOND   =        55.2741  ANGLE   =       112.0036  DIHED      =       128.5109
 1-4 NB =        73.5185  1-4 EEL =        67.4364  VDWAALS    =      4176.3851
 EELEC  =    -34821.4403  EHBOND  =         0.0000  RESTRAINT  =         4.5827
 EAMBER (non-restraint)  =    -30208.3118
 EKCMT  =         0.0000  VIRIAL  =         0.0000  VOLUME     =    116392.2925
                                                    Density    =         0.8125
 ------------------------------------------------------------------------------

 NMR restraints: Bond =    0.448   Angle =     2.296   Torsion =     0.951
===============================================================================

 NSTEP =     2500   TIME(PS) =       5.000  TEMP(K) =   295.79  PRESS =     0.0
 Etot   =    -24801.3705  EKtot   =      5465.8545  EPtot      =    -30267.2250
 BOND   =        46.8297  ANGLE   =       107.7984  DIHED      =       129.9924
 1-4 NB =        71.0951  1-4 EEL =        58.1284  VDWAALS    =      4549.7993
 EELEC  =    -35236.7303  EHBOND  =         0.0000  RESTRAINT  =         5.8619
 EAMBER (non-restraint)  =    -30273.0869
 EKCMT  =         0.0000  VIRIAL  =         0.0000  VOLUME     =    114082.8108
                                                    Density    =         0.8289
 ------------------------------------------------------------------------------

 NMR restraints: Bond =    1.365   Angle =     0.405   Torsion =     1.046
===============================================================================

 NSTEP =     3000   TIME(PS) =       6.000  TEMP(K) =   294.54  PRESS =     0.0
 Etot   =    -24749.6845  EKtot   =      5442.7939  EPtot      =    -30192.4784
 BOND   =        51.0654  ANGLE   =       104.4672  DIHED      =       135.7265
 1-4 NB =        73.1827  1-4 EEL =        62.4944  VDWAALS    =      4107.2819
 EELEC  =    -34731.9862  EHBOND  =         0.0000  RESTRAINT  =         5.2897
 EAMBER (non-restraint)  =    -30197.7681
 EKCMT  =         0.0000  VIRIAL  =         0.0000  VOLUME     =    113239.4094
                                                    Density    =         0.8351
 ------------------------------------------------------------------------------

 NMR restraints: Bond =    0.063   Angle =     0.364   Torsion =     1.130
===============================================================================

 NSTEP =     3500   TIME(PS) =       7.000  TEMP(K) =   297.11  PRESS =     0.0
 Etot   =    -24801.7220  EKtot   =      5490.2231  EPtot      =    -30291.9451
 BOND   =        56.8888  ANGLE   =       105.3235  DIHED      =       138.4077
 1-4 NB =        81.4900  1-4 EEL =        62.4004  VDWAALS    =      4384.2368
 EELEC  =    -35124.7145  EHBOND  =         0.0000  RESTRAINT  =         4.0223
 EAMBER (non-restraint)  =    -30295.9674
 EKCMT  =         0.0000  VIRIAL  =         0.0000  VOLUME     =    111912.7912
                                                    Density    =         0.8450
 ------------------------------------------------------------------------------

 NMR restraints: Bond =    0.727   Angle =     0.606   Torsion =     0.660
===============================================================================

 NSTEP =     4000   TIME(PS) =       8.000  TEMP(K) =   298.26  PRESS =     0.0
 Etot   =    -24858.9613  EKtot   =      5511.5386  EPtot      =    -30370.4999
 BOND   =        46.1531  ANGLE   =       114.7925  DIHED      =       135.4862
 1-4 NB =        77.3297  1-4 EEL =        63.5818  VDWAALS    =      4136.1598
 EELEC  =    -34950.2284  EHBOND  =         0.0000  RESTRAINT  =         6.2254
 EAMBER (non-restraint)  =    -30376.7253
 EKCMT  =         0.0000  VIRIAL  =         0.0000  VOLUME     =    110416.4325
                                                    Density    =         0.8564
 ------------------------------------------------------------------------------

 NMR restraints: Bond =    1.389   Angle =     1.455   Torsion =     0.818
===============================================================================

 NSTEP =     4500   TIME(PS) =       9.000  TEMP(K) =   296.18  PRESS =     0.0
 Etot   =    -24928.9916  EKtot   =      5473.0386  EPtot      =    -30402.0302
 BOND   =        61.5654  ANGLE   =       107.7684  DIHED      =       127.9664
 1-4 NB =        73.2274  1-4 EEL =        58.2279  VDWAALS    =      4299.9540
 EELEC  =    -35135.0934  EHBOND  =         0.0000  RESTRAINT  =         4.3538
 EAMBER (non-restraint)  =    -30406.3840
 EKCMT  =         0.0000  VIRIAL  =         0.0000  VOLUME     =    108614.2017
                                                    Density    =         0.8706
 ------------------------------------------------------------------------------

 NMR restraints: Bond =    0.624   Angle =     1.498   Torsion =     0.049
===============================================================================

 NSTEP =     5000   TIME(PS) =      10.000  TEMP(K) =   307.09  PRESS =     0.0
 Etot   =    -24882.1340  EKtot   =      5674.6196  EPtot      =    -30556.7537
 BOND   =        54.1463  ANGLE   =       119.9567  DIHED      =       138.5828
 1-4 NB =        70.5381  1-4 EEL =        61.0003  VDWAALS    =      4350.4211
 EELEC  =    -35358.1233  EHBOND  =         0.0000  RESTRAINT  =         6.7243
 EAMBER (non-restraint)  =    -30563.4780
 EKCMT  =         0.0000  VIRIAL  =         0.0000  VOLUME     =    105865.5150
                                                    Density    =         0.8933
 ------------------------------------------------------------------------------

 NMR restraints: Bond =    0.333   Angle =     0.989   Torsion =     1.456
===============================================================================

 NSTEP =     5500   TIME(PS) =      11.000  TEMP(K) =   298.44  PRESS =     0.0
 Etot   =    -24967.1826  EKtot   =      5514.8223  EPtot      =    -30482.0049
 BOND   =        49.1733  ANGLE   =       106.2945  DIHED      =       133.8998
 1-4 NB =        75.1135  1-4 EEL =        61.7193  VDWAALS    =      4140.2109
 EELEC  =    -35054.0566  EHBOND  =         0.0000  RESTRAINT  =         5.6403
 EAMBER (non-restraint)  =    -30487.6452
 EKCMT  =         0.0000  VIRIAL  =         0.0000  VOLUME     =    104342.9925
                                                    Density    =         0.9063
 ------------------------------------------------------------------------------

 NMR restraints: Bond =    0.454   Angle =     0.697   Torsion =     0.133
===============================================================================

 NSTEP =     6000   TIME(PS) =      12.000  TEMP(K) =   294.66  PRESS =     0.0
 Etot   =    -25018.9125  EKtot   =      5444.9629  EPtot      =    -30463.8754
 BOND   =        59.6652  ANGLE   =        95.6834  DIHED      =       135.9806
 1-4 NB =        73.4509  1-4 EEL =        64.4758  VDWAALS    =      4292.8055
 EELEC  =    -35192.5583  EHBOND  =         0.0000  RESTRAINT  =         6.6216
 EAMBER (non-restraint)  =    -30470.4970
 EKCMT  =         0.0000  VIRIAL  =         0.0000  VOLUME     =    102253.3281
                                                    Density    =         0.9248
 ------------------------------------------------------------------------------

 NMR restraints: Bond =    0.287   Angle =     2.625   Torsion =     0.712
===============================================================================

 NSTEP =     6500   TIME(PS) =      13.000  TEMP(K) =   295.14  PRESS =     0.0
 Etot   =    -25127.5701  EKtot   =      5453.9136  EPtot      =    -30581.4836
 BOND   =        45.9224  ANGLE   =       100.5934  DIHED      =       131.8471
 1-4 NB =        74.7681  1-4 EEL =        60.0245  VDWAALS    =      4120.2065
 EELEC  =    -35123.4018  EHBOND  =         0.0000  RESTRAINT  =         8.5562
 EAMBER (non-restraint)  =    -30590.0399
 EKCMT  =         0.0000  VIRIAL  =         0.0000  VOLUME     =    101482.0412
                                                    Density    =         0.9318
 ------------------------------------------------------------------------------

 NMR restraints: Bond =    0.717   Angle =     2.974   Torsion =     0.985
===============================================================================

 NSTEP =     7000   TIME(PS) =      14.000  TEMP(K) =   302.29  PRESS =     0.0
 Etot   =    -25010.4712  EKtot   =      5585.9888  EPtot      =    -30596.4600
 BOND   =        48.9916  ANGLE   =       109.8085  DIHED      =       127.6385
 1-4 NB =        75.3221  1-4 EEL =        63.0024  VDWAALS    =      4140.0147
 EELEC  =    -35168.5258  EHBOND  =         0.0000  RESTRAINT  =         7.2881
 EAMBER (non-restraint)  =    -30603.7481
 EKCMT  =         0.0000  VIRIAL  =         0.0000  VOLUME     =    100472.3502
                                                    Density    =         0.9412
 ------------------------------------------------------------------------------

 NMR restraints: Bond =    1.124   Angle =     2.246   Torsion =     2.668
===============================================================================

 NSTEP =     7500   TIME(PS) =      15.000  TEMP(K) =   300.22  PRESS =     0.0
 Etot   =    -25112.0316  EKtot   =      5547.6758  EPtot      =    -30659.7074
 BOND   =        52.2539  ANGLE   =        95.2815  DIHED      =       137.2604
 1-4 NB =        73.8698  1-4 EEL =        63.0078  VDWAALS    =      4226.3129
 EELEC  =    -35312.5486  EHBOND  =         0.0000  RESTRAINT  =         4.8550
 EAMBER (non-restraint)  =    -30664.5624
 EKCMT  =         0.0000  VIRIAL  =         0.0000  VOLUME     =     98587.3383
                                                    Density    =         0.9592
 ------------------------------------------------------------------------------

 NMR restraints: Bond =    0.991   Angle =     0.508   Torsion =     0.432
===============================================================================

 NSTEP =     8000   TIME(PS) =      16.000  TEMP(K) =   294.51  PRESS =     0.0
 Etot   =    -25153.6656  EKtot   =      5442.1851  EPtot      =    -30595.8507
 BOND   =        57.9437  ANGLE   =       106.0544  DIHED      =       129.0981
 1-4 NB =        80.0671  1-4 EEL =        60.5719  VDWAALS    =      4031.2466
 EELEC  =    -35065.6278  EHBOND  =         0.0000  RESTRAINT  =         4.7954
 EAMBER (non-restraint)  =    -30600.6461
 EKCMT  =         0.0000  VIRIAL  =         0.0000  VOLUME     =     98115.5748
                                                    Density    =         0.9638
 ------------------------------------------------------------------------------

 NMR restraints: Bond =    0.064   Angle =     1.423   Torsion =     2.494
===============================================================================

 NSTEP =     8500   TIME(PS) =      17.000  TEMP(K) =   301.74  PRESS =     0.0
 Etot   =    -25156.9351  EKtot   =      5575.7778  EPtot      =    -30732.7129
 BOND   =        63.6375  ANGLE   =       108.2444  DIHED      =       135.5012
 1-4 NB =        74.0265  1-4 EEL =        60.5153  VDWAALS    =      4145.0611
 EELEC  =    -35326.5876  EHBOND  =         0.0000  RESTRAINT  =         6.8886
 EAMBER (non-restraint)  =    -30739.6016
 EKCMT  =         0.0000  VIRIAL  =         0.0000  VOLUME     =     97538.4374
                                                    Density    =         0.9695
 ------------------------------------------------------------------------------

 NMR restraints: Bond =    0.179   Angle =     2.456   Torsion =     1.571
===============================================================================

 NSTEP =     9000   TIME(PS) =      18.000  TEMP(K) =   295.91  PRESS =     0.0
 Etot   =    -25284.8350  EKtot   =      5468.1108  EPtot      =    -30752.9459
 BOND   =        50.5597  ANGLE   =       107.6971  DIHED      =       151.3867
 1-4 NB =        76.6405  1-4 EEL =        60.6411  VDWAALS    =      4341.1426
 EELEC  =    -35545.6805  EHBOND  =         0.0000  RESTRAINT  =         4.6669
 EAMBER (non-restraint)  =    -30757.6128
 EKCMT  =         0.0000  VIRIAL  =         0.0000  VOLUME     =     95576.8891
                                                    Density    =         0.9894
 ------------------------------------------------------------------------------

 NMR restraints: Bond =    0.232   Angle =     2.487   Torsion =     0.877
===============================================================================

 NSTEP =     9500   TIME(PS) =      19.000  TEMP(K) =   302.33  PRESS =     0.0
 Etot   =    -25243.3069  EKtot   =      5586.6431  EPtot      =    -30829.9499
 BOND   =        63.2012  ANGLE   =       104.2325  DIHED      =       135.3820
 1-4 NB =        77.0090  1-4 EEL =        65.9478  VDWAALS    =      4219.8533
 EELEC  =    -35501.2187  EHBOND  =         0.0000  RESTRAINT  =         5.6431
 EAMBER (non-restraint)  =    -30835.5930
 EKCMT  =         0.0000  VIRIAL  =         0.0000  VOLUME     =     94763.2940
                                                    Density    =         0.9979
 ------------------------------------------------------------------------------

 NMR restraints: Bond =    0.093   Angle =     1.819   Torsion =     1.050
===============================================================================
