
          -------------------------------------------------------
          Amber 18 PMEMD                              2018
          -------------------------------------------------------

| PMEMD implementation of SANDER, Release 18

| Run on 05/02/2018 at 11:38:56

|   Executable path: pmemd.cuda
| Working directory: /oasis/tscc/scratch/davids4/SAMPLing-cut9/11499515.tscc-mgr.local
|          Hostname: tscc-gpu-8-4.sdsc.edu

  [-O]verwriting output

File Assignments:
|   MDIN: equil.000.in                                                          
|  MDOUT: equil.000.out                                                         
| INPCRD: minimize.rst7                                                         
|   PARM: solvate.prmtop                                                        
| RESTRT: equil.000.rst7                                                        
|   REFC: solvate.rst7                                                          
|  MDVEL: mdvel                                                                 
|   MDEN: equil.000.mden                                                        
|  MDCRD: equil.000.nc                                                          
| MDINFO: equil.000.mdinfo                                                      
|  MDFRC: mdfrc                                                                 


 Here is the input file:

PBC MD Simulation                                                              
 &cntrl                                                                        
  imin =          0,                                                           
  ntx =           1,                                                           
  irest =         0,                                                           
  maxcyc =        0,                                                           
  ncyc =          0,                                                           
  dt =            0.002,                                                       
  nstlim =        500000,                                                      
  ntpr =          500,                                                         
  ntwe =          500,                                                         
  ntwr =          250,                                                         
  ntwx =          250,                                                         
  ntxo =          1,                                                           
  ioutfm =        1,                                                           
  ntf =           2,                                                           
  ntc =           2,                                                           
  cut =           9.0,                                                         
  igb =           0,                                                           
  tempi =         298.15,                                                      
  temp0 =         298.15,                                                      
  ntt =           3,                                                           
  gamma_ln =      1.0,                                                         
  ig =            -1,                                                          
  ntp =           1,                                                           
  barostat =      2,                                                           
  ntr =           1,                                                           
  restraint_wt =  50.0,                                                        
  restraintmask = '@DUM',                                                      
  nmropt =        1,                                                           
  pencut =        -1,                                                          
  ntwprt =        206,                                                         
 /                                                                             
 &wt type = 'END', /                                                           
DISANG = disang.rest                                                           
LISTOUT = POUT                                                                 
                                                                               


Note: ig = -1. Setting random seed to   159382 based on wallclock time in 
      microseconds.
| irandom = 1, using AMBER's internal random number generator (default).
 
|--------------------- INFORMATION ----------------------
| GPU (CUDA) Version of PMEMD in use: NVIDIA GPU IN USE.
|                    Version 18.0.0
| 
|                      03/25/2018
| 
| Implementation by:
|                    Ross C. Walker     (SDSC)
|                    Scott Le Grand     (nVIDIA)
| 
| Version 18 performance extensions by:
|                    David Cerutti     (Rutgers)
| 
| Precision model in use:
|      [SPFP] - Single Precision Forces, 64-bit Fixed Point
|               Accumulation. (Default)
| 
|--------------------------------------------------------
 
|----------------- CITATION INFORMATION -----------------
|
|    When publishing work that utilized the CUDA version
|    of AMBER, please cite the following in addition to
|    the regular AMBER citations:
|
|  - Romelia Salomon-Ferrer; Andreas W. Goetz; Duncan
|    Poole; Scott Le Grand; Ross C. Walker "Routine
|    microsecond molecular dynamics simulations with
|    AMBER - Part II: Particle Mesh Ewald", J. Chem.
|    Theory Comput., 2013, 9 (9), pp3878-3888,
|    DOI: 10.1021/ct400314y.
|
|  - Andreas W. Goetz; Mark J. Williamson; Dong Xu;
|    Duncan Poole; Scott Le Grand; Ross C. Walker
|    "Routine microsecond molecular dynamics simulations
|    with AMBER - Part I: Generalized Born", J. Chem.
|    Theory Comput., 2012, 8 (5), pp1542-1555.
|
|  - Scott Le Grand; Andreas W. Goetz; Ross C. Walker
|    "SPFP: Speed without compromise - a mixed precision
|    model for GPU accelerated molecular dynamics
|    simulations.", Comp. Phys. Comm., 2013, 184
|    pp374-380, DOI: 10.1016/j.cpc.2012.09.022
|
|--------------------------------------------------------
 
|------------------- GPU DEVICE INFO --------------------
|
|            CUDA_VISIBLE_DEVICES: 5
|   CUDA Capable Devices Detected:      1
|           CUDA Device ID in use:      0
|                CUDA Device Name: GeForce GTX TITAN X
|     CUDA Device Global Mem Size:  12207 MB
| CUDA Device Num Multiprocessors:     24
|           CUDA Device Core Freq:   1.08 GHz
|
|--------------------------------------------------------
 
 
| Conditional Compilation Defines Used:
| PUBFFT
| BINTRAJ
| CUDA
| EMIL

| Largest sphere to fit in unit cell has radius =    22.338

| New format PARM file being parsed.
| Version =    1.000 Date = 04/23/18 Time = 20:19:45

| Note: 1-4 EEL scale factors are being read from the topology file.

| Note: 1-4 VDW scale factors are being read from the topology file.
| Duplicated    0 dihedrals

| Duplicated    0 dihedrals

--------------------------------------------------------------------------------
   1.  RESOURCE   USE: 
--------------------------------------------------------------------------------

 getting new box info from bottom of inpcrd
 NATOM  =    9223 NTYPES =      11 NBONH =    9067 MBONA  =     155
 NTHETH =     153 MTHETA =     232 NPHIH =     345 MPHIA  =     366
 NHPARM =       0 NPARM  =       0 NNB   =   13221 NRES   =    3022
 NBONA  =     155 NTHETA =     232 NPHIA =     366 NUMBND =      13
 NUMANG =      22 NPTRA  =      15 NATYP =      13 NPHB   =       0
 IFBOX  =       1 NMXRS  =     184 IFCAP =       0 NEXTRA =       0
 NCOPY  =       0

| Coordinate Index Table dimensions:     8    9   12
| Direct force subcell size =     5.5844    5.1077    5.0591

     BOX TYPE: RECTILINEAR

--------------------------------------------------------------------------------
   2.  CONTROL  DATA  FOR  THE  RUN
--------------------------------------------------------------------------------

default_name                                                                    

General flags:
     imin    =       0, nmropt  =       1

Nature and format of input:
     ntx     =       1, irest   =       0, ntrx    =       1

Nature and format of output:
     ntxo    =       1, ntpr    =     500, ntrx    =       1, ntwr    =     250
     iwrap   =       0, ntwx    =     250, ntwv    =       0, ntwe    =     500
     ioutfm  =       1, ntwprt  =     206, idecomp =       0, rbornstat=      0

Potential function:
     ntf     =       2, ntb     =       2, igb     =       0, nsnb    =      25
     ipol    =       0, gbsa    =       0, iesp    =       0
     dielc   =   1.00000, cut     =   9.00000, intdiel =   1.00000

Frozen or restrained atoms:
     ibelly  =       0, ntr     =       1
     restraint_wt =  50.00000

Molecular dynamics:
     nstlim  =    500000, nscm    =         0, nrespa  =         1
     t       =   0.00000, dt      =   0.00200, vlimit  =  -1.00000

Langevin dynamics temperature regulation:
     ig      =  159382
     temp0   = 298.15000, tempi   = 298.15000, gamma_ln=   1.00000

Pressure regulation:
     ntp     =       1
     pres0   =   1.00000, comp    =  44.60000, taup    =   1.00000
     Monte-Carlo Barostat:
     mcbarint  =     100

SHAKE:
     ntc     =       2, jfastw  =       0
     tol     =   0.00001

NMR refinement options:
     iscale  =       0, noeskp  =       1, ipnlty  =       1, mxsub   =       1
     scalm   = 100.00000, pencut  =  -1.00000, tausw   =   0.10000

| Intermolecular bonds treatment:
|     no_intermolecular_bonds =       1

| Energy averages sample interval:
|     ene_avg_sampling =     500

Ewald parameters:
     verbose =       0, ew_type =       0, nbflag  =       1, use_pme =       1
     vdwmeth =       1, eedmeth =       1, netfrc  =       1
     Box X =   44.675   Box Y =   45.969   Box Z =   60.709
     Alpha =   90.000   Beta  =   90.000   Gamma =   90.000
     NFFT1 =   48       NFFT2 =   48       NFFT3 =   64
     Cutoff=    9.000   Tol   =0.100E-04
     Ewald Coefficient =  0.30768
     Interpolation order =    4

    LOADING THE CONSTRAINED ATOMS AS GROUPS


   5.  REFERENCE ATOM COORDINATES

  default_name                                                                    
     Mask @DUM; matches     3 atoms
| MONTE CARLO BAROSTAT IMPORTANT NOTE:
|   The Monte-Carlo barostat does not require the virial to adjust the system volume.
|   Since it is an expensive calculation, it is skipped for efficiency. A side-effect
|   is that the reported pressure is always 0 because it is not calculated.

--------------------------------------------------------------------------------
   3.  ATOMIC COORDINATES AND VELOCITIES
--------------------------------------------------------------------------------

default_name                                                                    
 begin time read from input coords =     0.000 ps



           Begin reading energy term weight changes/NMR restraints
 WEIGHT CHANGES:
                         ** No weight changes given **

 RESTRAINTS:
 Requested file redirections:
  DISANG    = disang.rest
  LISTOUT   = POUT
 Restraints will be read from file: disang.rest
Here are comments from the DISANG input file:

                       Number of restraints read =     9

                  Done reading weight changes/NMR restraints


 
 Number of triangulated 3-point waters found:     3000

     Sum of charges from parm topology file =   0.00000002
     Forcing neutrality...

| Dynamic Memory, Types Used:
| Reals              528921
| Integers           284277

| Nonbonded Pairs Initial Allocation:     2102844

| GPU memory information (estimate):
| KB of GPU memory in use:         0
| KB of CPU memory in use:         0

--------------------------------------------------------------------------------
   4.  RESULTS
--------------------------------------------------------------------------------


 NSTEP =        0   TIME(PS) =       0.000  TEMP(K) =   438.89  PRESS =     0.0
 Etot   =    -30592.7806  EKtot   =      8111.9573  EPtot      =    -38704.7379
 BOND   =        17.6004  ANGLE   =        55.7423  DIHED      =       110.3955
 1-4 NB =        68.0185  1-4 EEL =        61.2437  VDWAALS    =      6129.3183
 EELEC  =    -45150.5068  EHBOND  =         0.0000  RESTRAINT  =         3.4501
 EAMBER (non-restraint)  =    -38708.1880
 EKCMT  =         0.0000  VIRIAL  =         0.0000  VOLUME     =    124678.1347
                                                    Density    =         0.7585
 ------------------------------------------------------------------------------

 NMR restraints: Bond =    0.189   Angle =     3.197   Torsion =     0.014
===============================================================================

 NSTEP =      500   TIME(PS) =       1.000  TEMP(K) =   267.52  PRESS =     0.0
 Etot   =    -25834.9475  EKtot   =      4944.5098  EPtot      =    -30779.4573
 BOND   =        49.0635  ANGLE   =        96.1761  DIHED      =       132.7022
 1-4 NB =        75.8271  1-4 EEL =        62.5653  VDWAALS    =      4934.2056
 EELEC  =    -36135.0909  EHBOND  =         0.0000  RESTRAINT  =         5.0938
 EAMBER (non-restraint)  =    -30784.5511
 EKCMT  =         0.0000  VIRIAL  =         0.0000  VOLUME     =    121606.6846
                                                    Density    =         0.7777
 ------------------------------------------------------------------------------

 NMR restraints: Bond =    0.830   Angle =     1.168   Torsion =     0.398
===============================================================================

 NSTEP =     1000   TIME(PS) =       2.000  TEMP(K) =   284.69  PRESS =     0.0
 Etot   =    -25047.0255  EKtot   =      5261.9419  EPtot      =    -30308.9674
 BOND   =        47.2943  ANGLE   =       106.7490  DIHED      =       137.1619
 1-4 NB =        77.6001  1-4 EEL =        63.3015  VDWAALS    =      4615.6460
 EELEC  =    -35363.4214  EHBOND  =         0.0000  RESTRAINT  =         6.7011
 EAMBER (non-restraint)  =    -30315.6685
 EKCMT  =         0.0000  VIRIAL  =         0.0000  VOLUME     =    120499.0521
                                                    Density    =         0.7848
 ------------------------------------------------------------------------------

 NMR restraints: Bond =    0.282   Angle =     2.339   Torsion =     1.244
===============================================================================

 NSTEP =     1500   TIME(PS) =       3.000  TEMP(K) =   295.33  PRESS =     0.0
 Etot   =    -24684.6302  EKtot   =      5458.5010  EPtot      =    -30143.1312
 BOND   =        43.3673  ANGLE   =       109.2421  DIHED      =       125.9938
 1-4 NB =        73.0188  1-4 EEL =        62.9971  VDWAALS    =      4196.4811
 EELEC  =    -34758.6794  EHBOND  =         0.0000  RESTRAINT  =         4.4480
 EAMBER (non-restraint)  =    -30147.5792
 EKCMT  =         0.0000  VIRIAL  =         0.0000  VOLUME     =    117704.9720
                                                    Density    =         0.8034
 ------------------------------------------------------------------------------

 NMR restraints: Bond =    0.085   Angle =     2.307   Torsion =     1.012
===============================================================================

 NSTEP =     2000   TIME(PS) =       4.000  TEMP(K) =   291.26  PRESS =     0.0
 Etot   =    -24737.9057  EKtot   =      5383.4043  EPtot      =    -30121.3100
 BOND   =        54.7447  ANGLE   =       108.8310  DIHED      =       134.6143
 1-4 NB =        74.5469  1-4 EEL =        62.5533  VDWAALS    =      4195.2262
 EELEC  =    -34756.9270  EHBOND  =         0.0000  RESTRAINT  =         5.1007
 EAMBER (non-restraint)  =    -30126.4106
 EKCMT  =         0.0000  VIRIAL  =         0.0000  VOLUME     =    117025.8605
                                                    Density    =         0.8081
 ------------------------------------------------------------------------------

 NMR restraints: Bond =    0.700   Angle =     0.818   Torsion =     0.645
===============================================================================

 NSTEP =     2500   TIME(PS) =       5.000  TEMP(K) =   296.20  PRESS =     0.0
 Etot   =    -24692.3527  EKtot   =      5474.6709  EPtot      =    -30167.0236
 BOND   =        48.2625  ANGLE   =       115.4244  DIHED      =       129.9301
 1-4 NB =        81.1525  1-4 EEL =        65.5613  VDWAALS    =      4263.5791
 EELEC  =    -34876.0695  EHBOND  =         0.0000  RESTRAINT  =         5.1360
 EAMBER (non-restraint)  =    -30172.1596
 EKCMT  =         0.0000  VIRIAL  =         0.0000  VOLUME     =    115835.2368
                                                    Density    =         0.8164
 ------------------------------------------------------------------------------

 NMR restraints: Bond =    0.389   Angle =     1.047   Torsion =     0.895
===============================================================================

 NSTEP =     3000   TIME(PS) =       6.000  TEMP(K) =   294.86  PRESS =     0.0
 Etot   =    -24804.6097  EKtot   =      5449.8496  EPtot      =    -30254.4594
 BOND   =        41.5560  ANGLE   =       114.3144  DIHED      =       138.0166
 1-4 NB =        75.2012  1-4 EEL =        66.9817  VDWAALS    =      4249.5286
 EELEC  =    -34947.9123  EHBOND  =         0.0000  RESTRAINT  =         7.8544
 EAMBER (non-restraint)  =    -30262.3138
 EKCMT  =         0.0000  VIRIAL  =         0.0000  VOLUME     =    115243.8070
                                                    Density    =         0.8206
 ------------------------------------------------------------------------------

 NMR restraints: Bond =    0.686   Angle =     2.639   Torsion =     0.845
===============================================================================

 NSTEP =     3500   TIME(PS) =       7.000  TEMP(K) =   298.67  PRESS =     0.0
 Etot   =    -24860.5241  EKtot   =      5520.1978  EPtot      =    -30380.7219
 BOND   =        65.3453  ANGLE   =       119.0461  DIHED      =       131.0481
 1-4 NB =        72.2729  1-4 EEL =        60.6794  VDWAALS    =      4294.1555
 EELEC  =    -35127.9238  EHBOND  =         0.0000  RESTRAINT  =         4.6546
 EAMBER (non-restraint)  =    -30385.3765
 EKCMT  =         0.0000  VIRIAL  =         0.0000  VOLUME     =    113374.9231
                                                    Density    =         0.8341
 ------------------------------------------------------------------------------

 NMR restraints: Bond =    0.204   Angle =     0.564   Torsion =     0.229
===============================================================================

 NSTEP =     4000   TIME(PS) =       8.000  TEMP(K) =   300.32  PRESS =     0.0
 Etot   =    -24966.9528  EKtot   =      5550.7612  EPtot      =    -30517.7140
 BOND   =        50.6101  ANGLE   =       116.0300  DIHED      =       126.6722
 1-4 NB =        72.7744  1-4 EEL =        62.7020  VDWAALS    =      4434.7676
 EELEC  =    -35387.5546  EHBOND  =         0.0000  RESTRAINT  =         6.2843
 EAMBER (non-restraint)  =    -30523.9983
 EKCMT  =         0.0000  VIRIAL  =         0.0000  VOLUME     =    110789.9577
                                                    Density    =         0.8536
 ------------------------------------------------------------------------------

 NMR restraints: Bond =    0.488   Angle =     1.135   Torsion =     1.749
===============================================================================

 NSTEP =     4500   TIME(PS) =       9.000  TEMP(K) =   300.24  PRESS =     0.0
 Etot   =    -24844.2530  EKtot   =      5549.2314  EPtot      =    -30393.4844
 BOND   =        50.9059  ANGLE   =       114.2207  DIHED      =       129.2612
 1-4 NB =        72.4817  1-4 EEL =        64.9595  VDWAALS    =      4595.0158
 EELEC  =    -35423.8745  EHBOND  =         0.0000  RESTRAINT  =         3.5452
 EAMBER (non-restraint)  =    -30397.0297
 EKCMT  =         0.0000  VIRIAL  =         0.0000  VOLUME     =    109831.7325
                                                    Density    =         0.8610
 ------------------------------------------------------------------------------

 NMR restraints: Bond =    0.120   Angle =     1.118   Torsion =     1.060
===============================================================================

 NSTEP =     5000   TIME(PS) =      10.000  TEMP(K) =   299.18  PRESS =     0.0
 Etot   =    -24832.2844  EKtot   =      5529.7422  EPtot      =    -30362.0266
 BOND   =        48.0406  ANGLE   =       119.2638  DIHED      =       134.0177
 1-4 NB =        74.5840  1-4 EEL =        62.3441  VDWAALS    =      4112.3617
 EELEC  =    -34916.5905  EHBOND  =         0.0000  RESTRAINT  =         3.9521
 EAMBER (non-restraint)  =    -30365.9786
 EKCMT  =         0.0000  VIRIAL  =         0.0000  VOLUME     =    109757.7907
                                                    Density    =         0.8616
 ------------------------------------------------------------------------------

 NMR restraints: Bond =    0.195   Angle =     1.797   Torsion =     0.707
===============================================================================

 NSTEP =     5500   TIME(PS) =      11.000  TEMP(K) =   301.05  PRESS =     0.0
 Etot   =    -24868.1977  EKtot   =      5564.2769  EPtot      =    -30432.4745
 BOND   =        51.5135  ANGLE   =       111.8382  DIHED      =       129.3972
 1-4 NB =        75.3416  1-4 EEL =        59.0577  VDWAALS    =      4198.7596
 EELEC  =    -35062.0846  EHBOND  =         0.0000  RESTRAINT  =         3.7023
 EAMBER (non-restraint)  =    -30436.1768
 EKCMT  =         0.0000  VIRIAL  =         0.0000  VOLUME     =    109439.9780
                                                    Density    =         0.8641
 ------------------------------------------------------------------------------

 NMR restraints: Bond =    0.267   Angle =     2.237   Torsion =     0.697
===============================================================================

 NSTEP =     6000   TIME(PS) =      12.000  TEMP(K) =   299.05  PRESS =     0.0
 Etot   =    -24836.8976  EKtot   =      5527.2534  EPtot      =    -30364.1510
 BOND   =        50.3966  ANGLE   =       102.8932  DIHED      =       129.3308
 1-4 NB =        78.0538  1-4 EEL =        65.8035  VDWAALS    =      4290.9251
 EELEC  =    -35085.9762  EHBOND  =         0.0000  RESTRAINT  =         4.4223
 EAMBER (non-restraint)  =    -30368.5733
 EKCMT  =         0.0000  VIRIAL  =         0.0000  VOLUME     =    107749.2899
                                                    Density    =         0.8777
 ------------------------------------------------------------------------------

 NMR restraints: Bond =    0.177   Angle =     1.759   Torsion =     1.099
===============================================================================

 NSTEP =     6500   TIME(PS) =      13.000  TEMP(K) =   298.25  PRESS =     0.0
 Etot   =    -24978.3263  EKtot   =      5512.4390  EPtot      =    -30490.7652
 BOND   =        61.6417  ANGLE   =       110.1529  DIHED      =       135.4899
 1-4 NB =        74.0642  1-4 EEL =        62.9650  VDWAALS    =      4533.3075
 EELEC  =    -35474.7394  EHBOND  =         0.0000  RESTRAINT  =         6.3531
 EAMBER (non-restraint)  =    -30497.1183
 EKCMT  =         0.0000  VIRIAL  =         0.0000  VOLUME     =    104932.9687
                                                    Density    =         0.9012
 ------------------------------------------------------------------------------

 NMR restraints: Bond =    0.111   Angle =     1.991   Torsion =     0.777
===============================================================================
