2018-04-30 07:05:33 PM Started logging...
2018-04-30 07:05:33 PM 2018-04-27_16:08:13_-0700-3c20478-0.0.3
2018-04-30 07:05:33 PM Writing minimize.in
2018-04-30 07:05:33 PM Running Minimization at ./
2018-04-30 07:05:33 PM Exec line: pmemd.cuda -O -p solvate.prmtop -ref solvate.rst7 -c solvate.rst7 -i minimize.in -o minimize.out -r minimize.rst7 -inf minimize.mdinfo
2018-04-30 07:05:37 PM Minimization completed...
2018-04-30 07:05:37 PM Writing equil.000.in
2018-04-30 07:05:37 PM Running MD at ./
2018-04-30 07:05:37 PM Exec line: pmemd.cuda -O -p solvate.prmtop -ref solvate.rst7 -c minimize.rst7 -i equil.000.in -o equil.000.out -r equil.000.rst7 -x equil.000.nc -inf equil.000.mdinfo -e equil.000.mden
2018-04-30 07:11:31 PM MD completed ...
2018-04-30 07:11:31 PM Writing prod.000.in
2018-04-30 07:11:31 PM Running MD at ./
2018-04-30 07:11:31 PM Exec line: pmemd.cuda -O -p solvate.prmtop -ref solvate.rst7 -c equil.rst7 -i prod.000.in -o prod.000.out -r prod.000.rst7 -x prod.000.nc -inf prod.000.mdinfo -e prod.000.mden
2018-04-30 07:16:00 PM MD completed ...
2018-04-30 07:16:00 PM Writing prod.001.in
2018-04-30 07:16:00 PM Running MD at ./
2018-04-30 07:16:00 PM Exec line: pmemd.cuda -O -p solvate.prmtop -ref solvate.rst7 -c prod.000.rst7 -i prod.001.in -o prod.001.out -r prod.001.rst7 -x prod.001.nc -inf prod.001.mdinfo -e prod.001.mden
2018-04-30 07:20:28 PM MD completed ...
2018-04-30 07:20:28 PM Writing prod.002.in
2018-04-30 07:20:28 PM Running MD at ./
2018-04-30 07:20:28 PM Exec line: pmemd.cuda -O -p solvate.prmtop -ref solvate.rst7 -c prod.001.rst7 -i prod.002.in -o prod.002.out -r prod.002.rst7 -x prod.002.nc -inf prod.002.mdinfo -e prod.002.mden
2018-04-30 07:24:57 PM MD completed ...
2018-04-30 07:24:57 PM Writing prod.003.in
2018-04-30 07:24:57 PM Running MD at ./
2018-04-30 07:24:57 PM Exec line: pmemd.cuda -O -p solvate.prmtop -ref solvate.rst7 -c prod.002.rst7 -i prod.003.in -o prod.003.out -r prod.003.rst7 -x prod.003.nc -inf prod.003.mdinfo -e prod.003.mden
2018-04-30 07:29:26 PM MD completed ...
2018-04-30 07:29:26 PM Writing prod.004.in
2018-04-30 07:29:26 PM Running MD at ./
2018-04-30 07:29:26 PM Exec line: pmemd.cuda -O -p solvate.prmtop -ref solvate.rst7 -c prod.003.rst7 -i prod.004.in -o prod.004.out -r prod.004.rst7 -x prod.004.nc -inf prod.004.mdinfo -e prod.004.mden
2018-04-30 07:33:58 PM MD completed ...
2018-04-30 09:23:18 PM Started logging...
2018-04-30 09:23:18 PM 2018-04-27_16:08:13_-0700-3c20478-0.0.3
2018-04-30 09:23:18 PM Completed output detected ... Skipping. Use: run(overwrite=True) to overwrite
2018-04-30 09:23:18 PM Completed output detected ... Skipping. Use: run(overwrite=True) to overwrite
2018-04-30 09:23:18 PM Completed output detected ... Skipping. Use: run(overwrite=True) to overwrite
2018-04-30 09:23:18 PM Completed output detected ... Skipping. Use: run(overwrite=True) to overwrite
2018-04-30 09:23:18 PM Completed output detected ... Skipping. Use: run(overwrite=True) to overwrite
2018-04-30 09:23:18 PM Completed output detected ... Skipping. Use: run(overwrite=True) to overwrite
2018-05-01 07:34:49 AM Started logging...
2018-05-01 07:34:49 AM 2018-04-30_14:45:29_-0700-dff30ec-0.0.3
2018-05-01 07:34:49 AM Completed output detected ... Skipping. Use: run(overwrite=True) to overwrite
2018-05-01 07:34:49 AM Completed output detected ... Skipping. Use: run(overwrite=True) to overwrite
2018-05-01 07:34:49 AM Completed output detected ... Skipping. Use: run(overwrite=True) to overwrite
2018-05-01 07:34:49 AM Completed output detected ... Skipping. Use: run(overwrite=True) to overwrite
2018-05-01 07:34:49 AM Completed output detected ... Skipping. Use: run(overwrite=True) to overwrite
2018-05-01 07:34:49 AM Completed output detected ... Skipping. Use: run(overwrite=True) to overwrite
2018-05-02 11:15:51 AM Started logging...
2018-05-02 11:15:51 AM 2018-04-30_14:45:29_-0700-dff30ec-0.0.3
2018-05-02 11:15:51 AM Writing minimize.in
2018-05-02 11:15:51 AM Running Minimization at ./
2018-05-02 11:15:51 AM Exec line: pmemd.cuda -O -p solvate.prmtop -ref solvate.rst7 -c solvate.rst7 -i minimize.in -o minimize.out -r minimize.rst7 -inf minimize.mdinfo
2018-05-02 11:15:54 AM Minimization completed...
2018-05-02 11:15:54 AM Writing equil.000.in
2018-05-02 11:15:54 AM Running MD at ./
2018-05-02 11:15:54 AM Exec line: pmemd.cuda -O -p solvate.prmtop -ref solvate.rst7 -c minimize.rst7 -i equil.000.in -o equil.000.out -r equil.000.rst7 -x equil.000.nc -inf equil.000.mdinfo -e equil.000.mden
2018-05-02 11:16:07 AM STDOUT/STDERR received from AMBER execution
2018-05-02 11:16:07 AM b'ERROR: Calculation halted.  Periodic box dimensions have changed too much from their initial values.'
2018-05-02 11:16:07 AM b'  Your system density has likely changed by a large amount, probably from'
2018-05-02 11:16:07 AM b'  starting the simulation from a structure a long way from equilibrium.'
2018-05-02 11:16:07 AM b''
2018-05-02 11:16:07 AM b'  [Although this error can also occur if the simulation has blown up for some reason]'
2018-05-02 11:16:07 AM b''
2018-05-02 11:16:07 AM b'  The GPU code does not automatically reorganize grid cells and thus you'
2018-05-02 11:16:07 AM b'  will need to restart the calculation from the previous restart file.'
2018-05-02 11:16:07 AM b'  This will generate new grid cells and allow the calculation to continue.'
2018-05-02 11:16:07 AM b'  It may be necessary to repeat this restarting multiple times if your system'
2018-05-02 11:16:07 AM b'  is a long way from an equilibrated density.'
2018-05-02 11:16:07 AM b''
2018-05-02 11:16:07 AM b'  Alternatively you can run with the CPU code until the density has converged'
2018-05-02 11:16:07 AM b'  and then switch back to the GPU code.'
2018-05-02 11:16:07 AM b''
2018-05-02 11:16:07 AM Simulation did not complete when executing the following ....
2018-05-02 11:16:07 AM pmemd.cuda -O -p solvate.prmtop -ref solvate.rst7 -c minimize.rst7 -i equil.000.in -o equil.000.out -r equil.000.rst7 -x equil.000.nc -inf equil.000.mdinfo -e equil.000.mden
2018-05-02 11:16:07 AM Writing equil.001.in
2018-05-02 11:16:07 AM Running MD at ./
2018-05-02 11:16:07 AM Exec line: pmemd.cuda -O -p solvate.prmtop -ref solvate.rst7 -c equil.000.rst7 -i equil.001.in -o equil.001.out -r equil.001.rst7 -x equil.001.nc -inf equil.001.mdinfo -e equil.001.mden
2018-05-02 11:22:07 AM MD completed ...
2018-05-02 11:22:08 AM Writing prod.000.in
2018-05-02 11:22:08 AM Running MD at ./
2018-05-02 11:22:08 AM Exec line: pmemd.cuda -O -p solvate.prmtop -ref solvate.rst7 -c equil.rst7 -i prod.000.in -o prod.000.out -r prod.000.rst7 -x prod.000.nc -inf prod.000.mdinfo -e prod.000.mden
2018-05-02 11:26:44 AM MD completed ...
2018-05-02 11:26:44 AM Writing prod.001.in
2018-05-02 11:26:44 AM Running MD at ./
2018-05-02 11:26:44 AM Exec line: pmemd.cuda -O -p solvate.prmtop -ref solvate.rst7 -c prod.000.rst7 -i prod.001.in -o prod.001.out -r prod.001.rst7 -x prod.001.nc -inf prod.001.mdinfo -e prod.001.mden
2018-05-02 11:31:21 AM MD completed ...
2018-05-02 11:31:21 AM Writing prod.002.in
2018-05-02 11:31:21 AM Running MD at ./
2018-05-02 11:31:21 AM Exec line: pmemd.cuda -O -p solvate.prmtop -ref solvate.rst7 -c prod.001.rst7 -i prod.002.in -o prod.002.out -r prod.002.rst7 -x prod.002.nc -inf prod.002.mdinfo -e prod.002.mden
2018-05-02 11:35:58 AM MD completed ...
2018-05-02 11:35:58 AM Writing prod.003.in
2018-05-02 11:35:58 AM Running MD at ./
2018-05-02 11:35:58 AM Exec line: pmemd.cuda -O -p solvate.prmtop -ref solvate.rst7 -c prod.002.rst7 -i prod.003.in -o prod.003.out -r prod.003.rst7 -x prod.003.nc -inf prod.003.mdinfo -e prod.003.mden
2018-05-02 11:40:35 AM MD completed ...
2018-05-02 11:40:35 AM Writing prod.004.in
2018-05-02 11:40:35 AM Running MD at ./
2018-05-02 11:40:35 AM Exec line: pmemd.cuda -O -p solvate.prmtop -ref solvate.rst7 -c prod.003.rst7 -i prod.004.in -o prod.004.out -r prod.004.rst7 -x prod.004.nc -inf prod.004.mdinfo -e prod.004.mden
2018-05-02 11:45:13 AM MD completed ...
2018-05-04 09:41:47 AM Started logging...
2018-05-04 09:41:47 AM 2018-04-30_14:45:29_-0700-dff30ec-0.0.3
2018-05-04 09:41:47 AM Completed output detected ... Skipping. Use: run(overwrite=True) to overwrite
2018-05-04 09:41:47 AM Completed output detected ... Skipping. Use: run(overwrite=True) to overwrite
2018-05-04 09:41:47 AM Completed output detected ... Skipping. Use: run(overwrite=True) to overwrite
2018-05-04 09:41:47 AM Completed output detected ... Skipping. Use: run(overwrite=True) to overwrite
2018-05-04 09:41:47 AM Completed output detected ... Skipping. Use: run(overwrite=True) to overwrite
2018-05-04 09:41:47 AM Completed output detected ... Skipping. Use: run(overwrite=True) to overwrite
2018-05-04 09:41:47 AM Writing prod.005.in
2018-05-04 09:41:47 AM Running MD at ./
2018-05-04 09:41:47 AM Exec line: pmemd.cuda -O -p solvate.prmtop -ref solvate.rst7 -c prod.004.rst7 -i prod.005.in -o prod.005.out -r prod.005.rst7 -x prod.005.nc -inf prod.005.mdinfo -e prod.005.mden
2018-05-04 09:46:18 AM MD completed ...
2018-05-04 09:46:18 AM Writing prod.006.in
2018-05-04 09:46:18 AM Running MD at ./
2018-05-04 09:46:18 AM Exec line: pmemd.cuda -O -p solvate.prmtop -ref solvate.rst7 -c prod.005.rst7 -i prod.006.in -o prod.006.out -r prod.006.rst7 -x prod.006.nc -inf prod.006.mdinfo -e prod.006.mden
2018-05-04 09:50:51 AM MD completed ...
2018-05-04 09:50:51 AM Writing prod.007.in
2018-05-04 09:50:51 AM Running MD at ./
2018-05-04 09:50:51 AM Exec line: pmemd.cuda -O -p solvate.prmtop -ref solvate.rst7 -c prod.006.rst7 -i prod.007.in -o prod.007.out -r prod.007.rst7 -x prod.007.nc -inf prod.007.mdinfo -e prod.007.mden
2018-05-04 09:55:23 AM MD completed ...
2018-05-04 09:55:23 AM Writing prod.008.in
2018-05-04 09:55:23 AM Running MD at ./
2018-05-04 09:55:23 AM Exec line: pmemd.cuda -O -p solvate.prmtop -ref solvate.rst7 -c prod.007.rst7 -i prod.008.in -o prod.008.out -r prod.008.rst7 -x prod.008.nc -inf prod.008.mdinfo -e prod.008.mden
2018-05-04 09:59:55 AM MD completed ...
2018-05-04 09:59:55 AM Writing prod.009.in
2018-05-04 09:59:55 AM Running MD at ./
2018-05-04 09:59:55 AM Exec line: pmemd.cuda -O -p solvate.prmtop -ref solvate.rst7 -c prod.008.rst7 -i prod.009.in -o prod.009.out -r prod.009.rst7 -x prod.009.nc -inf prod.009.mdinfo -e prod.009.mden
2018-05-04 10:04:27 AM MD completed ...
2018-05-04 10:04:27 AM Writing prod.010.in
2018-05-04 10:04:27 AM Running MD at ./
2018-05-04 10:04:27 AM Exec line: pmemd.cuda -O -p solvate.prmtop -ref solvate.rst7 -c prod.009.rst7 -i prod.010.in -o prod.010.out -r prod.010.rst7 -x prod.010.nc -inf prod.010.mdinfo -e prod.010.mden
2018-05-04 10:08:59 AM MD completed ...
2018-05-04 10:08:59 AM Writing prod.011.in
2018-05-04 10:08:59 AM Running MD at ./
2018-05-04 10:08:59 AM Exec line: pmemd.cuda -O -p solvate.prmtop -ref solvate.rst7 -c prod.010.rst7 -i prod.011.in -o prod.011.out -r prod.011.rst7 -x prod.011.nc -inf prod.011.mdinfo -e prod.011.mden
2018-05-04 10:13:31 AM MD completed ...
2018-05-04 10:13:31 AM Writing prod.012.in
2018-05-04 10:13:31 AM Running MD at ./
2018-05-04 10:13:31 AM Exec line: pmemd.cuda -O -p solvate.prmtop -ref solvate.rst7 -c prod.011.rst7 -i prod.012.in -o prod.012.out -r prod.012.rst7 -x prod.012.nc -inf prod.012.mdinfo -e prod.012.mden
2018-05-04 10:18:04 AM MD completed ...
2018-05-04 10:18:04 AM Writing prod.013.in
2018-05-04 10:18:04 AM Running MD at ./
2018-05-04 10:18:04 AM Exec line: pmemd.cuda -O -p solvate.prmtop -ref solvate.rst7 -c prod.012.rst7 -i prod.013.in -o prod.013.out -r prod.013.rst7 -x prod.013.nc -inf prod.013.mdinfo -e prod.013.mden
2018-05-04 10:22:35 AM MD completed ...
2018-05-04 10:22:35 AM Writing prod.014.in
2018-05-04 10:22:35 AM Running MD at ./
2018-05-04 10:22:35 AM Exec line: pmemd.cuda -O -p solvate.prmtop -ref solvate.rst7 -c prod.013.rst7 -i prod.014.in -o prod.014.out -r prod.014.rst7 -x prod.014.nc -inf prod.014.mdinfo -e prod.014.mden
2018-05-04 10:27:08 AM MD completed ...
