
          -------------------------------------------------------
          Amber 18 PMEMD                              2018
          -------------------------------------------------------

| PMEMD implementation of SANDER, Release 18

| Run on 05/02/2018 at 11:28:14

|   Executable path: pmemd.cuda
| Working directory: /oasis/tscc/scratch/davids4/SAMPLing-cut9/11499389.tscc-mgr.local
|          Hostname: tscc-gpu-8-3.sdsc.edu

  [-O]verwriting output

File Assignments:
|   MDIN: equil.000.in                                                          
|  MDOUT: equil.000.out                                                         
| INPCRD: minimize.rst7                                                         
|   PARM: solvate.prmtop                                                        
| RESTRT: equil.000.rst7                                                        
|   REFC: solvate.rst7                                                          
|  MDVEL: mdvel                                                                 
|   MDEN: equil.000.mden                                                        
|  MDCRD: equil.000.nc                                                          
| MDINFO: equil.000.mdinfo                                                      
|  MDFRC: mdfrc                                                                 


 Here is the input file:

PBC MD Simulation                                                              
 &cntrl                                                                        
  imin =          0,                                                           
  ntx =           1,                                                           
  irest =         0,                                                           
  maxcyc =        0,                                                           
  ncyc =          0,                                                           
  dt =            0.002,                                                       
  nstlim =        500000,                                                      
  ntpr =          500,                                                         
  ntwe =          500,                                                         
  ntwr =          250,                                                         
  ntwx =          250,                                                         
  ntxo =          1,                                                           
  ioutfm =        1,                                                           
  ntf =           2,                                                           
  ntc =           2,                                                           
  cut =           9.0,                                                         
  igb =           0,                                                           
  tempi =         298.15,                                                      
  temp0 =         298.15,                                                      
  ntt =           3,                                                           
  gamma_ln =      1.0,                                                         
  ig =            -1,                                                          
  ntp =           1,                                                           
  barostat =      2,                                                           
  ntr =           1,                                                           
  restraint_wt =  50.0,                                                        
  restraintmask = '@DUM',                                                      
  nmropt =        1,                                                           
  pencut =        -1,                                                          
  ntwprt =        204,                                                         
 /                                                                             
 &wt type = 'END', /                                                           
DISANG = disang.rest                                                           
LISTOUT = POUT                                                                 
                                                                               


Note: ig = -1. Setting random seed to   533462 based on wallclock time in 
      microseconds.
| irandom = 1, using AMBER's internal random number generator (default).
 
|--------------------- INFORMATION ----------------------
| GPU (CUDA) Version of PMEMD in use: NVIDIA GPU IN USE.
|                    Version 18.0.0
| 
|                      03/25/2018
| 
| Implementation by:
|                    Ross C. Walker     (SDSC)
|                    Scott Le Grand     (nVIDIA)
| 
| Version 18 performance extensions by:
|                    David Cerutti     (Rutgers)
| 
| Precision model in use:
|      [SPFP] - Single Precision Forces, 64-bit Fixed Point
|               Accumulation. (Default)
| 
|--------------------------------------------------------
 
|----------------- CITATION INFORMATION -----------------
|
|    When publishing work that utilized the CUDA version
|    of AMBER, please cite the following in addition to
|    the regular AMBER citations:
|
|  - Romelia Salomon-Ferrer; Andreas W. Goetz; Duncan
|    Poole; Scott Le Grand; Ross C. Walker "Routine
|    microsecond molecular dynamics simulations with
|    AMBER - Part II: Particle Mesh Ewald", J. Chem.
|    Theory Comput., 2013, 9 (9), pp3878-3888,
|    DOI: 10.1021/ct400314y.
|
|  - Andreas W. Goetz; Mark J. Williamson; Dong Xu;
|    Duncan Poole; Scott Le Grand; Ross C. Walker
|    "Routine microsecond molecular dynamics simulations
|    with AMBER - Part I: Generalized Born", J. Chem.
|    Theory Comput., 2012, 8 (5), pp1542-1555.
|
|  - Scott Le Grand; Andreas W. Goetz; Ross C. Walker
|    "SPFP: Speed without compromise - a mixed precision
|    model for GPU accelerated molecular dynamics
|    simulations.", Comp. Phys. Comm., 2013, 184
|    pp374-380, DOI: 10.1016/j.cpc.2012.09.022
|
|--------------------------------------------------------
 
|------------------- GPU DEVICE INFO --------------------
|
|            CUDA_VISIBLE_DEVICES: 7
|   CUDA Capable Devices Detected:      1
|           CUDA Device ID in use:      0
|                CUDA Device Name: GeForce GTX TITAN X
|     CUDA Device Global Mem Size:  12207 MB
| CUDA Device Num Multiprocessors:     24
|           CUDA Device Core Freq:   1.08 GHz
|
|--------------------------------------------------------
 
 
| Conditional Compilation Defines Used:
| PUBFFT
| BINTRAJ
| CUDA
| EMIL

| Largest sphere to fit in unit cell has radius =    20.946

| New format PARM file being parsed.
| Version =    1.000 Date = 04/23/18 Time = 20:04:51

| Note: 1-4 EEL scale factors are being read from the topology file.

| Note: 1-4 VDW scale factors are being read from the topology file.
| Duplicated    0 dihedrals

| Duplicated    0 dihedrals

--------------------------------------------------------------------------------
   1.  RESOURCE   USE: 
--------------------------------------------------------------------------------

 getting new box info from bottom of inpcrd
 NATOM  =    9221 NTYPES =      11 NBONH =    9065 MBONA  =     155
 NTHETH =     148 MTHETA =     231 NPHIH =     343 MPHIA  =     362
 NHPARM =       0 NPARM  =       0 NNB   =   13205 NRES   =    3022
 NBONA  =     155 NTHETA =     231 NPHIA =     362 NUMBND =      16
 NUMANG =      28 NPTRA  =      15 NATYP =      14 NPHB   =       0
 IFBOX  =       1 NMXRS  =     184 IFCAP =       0 NEXTRA =       0
 NCOPY  =       0

| Coordinate Index Table dimensions:     8    8   13
| Direct force subcell size =     5.4385    5.2364    5.2998

     BOX TYPE: RECTILINEAR

--------------------------------------------------------------------------------
   2.  CONTROL  DATA  FOR  THE  RUN
--------------------------------------------------------------------------------

default_name                                                                    

General flags:
     imin    =       0, nmropt  =       1

Nature and format of input:
     ntx     =       1, irest   =       0, ntrx    =       1

Nature and format of output:
     ntxo    =       1, ntpr    =     500, ntrx    =       1, ntwr    =     250
     iwrap   =       0, ntwx    =     250, ntwv    =       0, ntwe    =     500
     ioutfm  =       1, ntwprt  =     204, idecomp =       0, rbornstat=      0

Potential function:
     ntf     =       2, ntb     =       2, igb     =       0, nsnb    =      25
     ipol    =       0, gbsa    =       0, iesp    =       0
     dielc   =   1.00000, cut     =   9.00000, intdiel =   1.00000

Frozen or restrained atoms:
     ibelly  =       0, ntr     =       1
     restraint_wt =  50.00000

Molecular dynamics:
     nstlim  =    500000, nscm    =         0, nrespa  =         1
     t       =   0.00000, dt      =   0.00200, vlimit  =  -1.00000

Langevin dynamics temperature regulation:
     ig      =  533462
     temp0   = 298.15000, tempi   = 298.15000, gamma_ln=   1.00000

Pressure regulation:
     ntp     =       1
     pres0   =   1.00000, comp    =  44.60000, taup    =   1.00000
     Monte-Carlo Barostat:
     mcbarint  =     100

SHAKE:
     ntc     =       2, jfastw  =       0
     tol     =   0.00001

NMR refinement options:
     iscale  =       0, noeskp  =       1, ipnlty  =       1, mxsub   =       1
     scalm   = 100.00000, pencut  =  -1.00000, tausw   =   0.10000

| Intermolecular bonds treatment:
|     no_intermolecular_bonds =       1

| Energy averages sample interval:
|     ene_avg_sampling =     500

Ewald parameters:
     verbose =       0, ew_type =       0, nbflag  =       1, use_pme =       1
     vdwmeth =       1, eedmeth =       1, netfrc  =       1
     Box X =   43.508   Box Y =   41.891   Box Z =   68.898
     Alpha =   90.000   Beta  =   90.000   Gamma =   90.000
     NFFT1 =   48       NFFT2 =   48       NFFT3 =   72
     Cutoff=    9.000   Tol   =0.100E-04
     Ewald Coefficient =  0.30768
     Interpolation order =    4

    LOADING THE CONSTRAINED ATOMS AS GROUPS


   5.  REFERENCE ATOM COORDINATES

  default_name                                                                    
     Mask @DUM; matches     3 atoms
| MONTE CARLO BAROSTAT IMPORTANT NOTE:
|   The Monte-Carlo barostat does not require the virial to adjust the system volume.
|   Since it is an expensive calculation, it is skipped for efficiency. A side-effect
|   is that the reported pressure is always 0 because it is not calculated.

--------------------------------------------------------------------------------
   3.  ATOMIC COORDINATES AND VELOCITIES
--------------------------------------------------------------------------------

default_name                                                                    
 begin time read from input coords =     0.000 ps



           Begin reading energy term weight changes/NMR restraints
 WEIGHT CHANGES:
                         ** No weight changes given **

 RESTRAINTS:
 Requested file redirections:
  DISANG    = disang.rest
  LISTOUT   = POUT
 Restraints will be read from file: disang.rest
Here are comments from the DISANG input file:

                       Number of restraints read =     9

                  Done reading weight changes/NMR restraints


 
 Number of triangulated 3-point waters found:     3000

     Sum of charges from parm topology file =   0.00000002
     Forcing neutrality...

| Dynamic Memory, Types Used:
| Reals              528869
| Integers           283979

| Nonbonded Pairs Initial Allocation:     2102388

| GPU memory information (estimate):
| KB of GPU memory in use:         0
| KB of CPU memory in use:         0

--------------------------------------------------------------------------------
   4.  RESULTS
--------------------------------------------------------------------------------


 NSTEP =        0   TIME(PS) =       0.000  TEMP(K) =   445.22  PRESS =     0.0
 Etot   =    -30603.6176  EKtot   =      8227.2346  EPtot      =    -38830.8522
 BOND   =        15.3405  ANGLE   =        68.5228  DIHED      =       106.5725
 1-4 NB =        68.4424  1-4 EEL =        61.2137  VDWAALS    =      6182.5555
 EELEC  =    -45334.6614  EHBOND  =         0.0000  RESTRAINT  =         1.1617
 EAMBER (non-restraint)  =    -38832.0139
 EKCMT  =         0.0000  VIRIAL  =         0.0000  VOLUME     =    125573.7567
                                                    Density    =         0.7531
 ------------------------------------------------------------------------------

 NMR restraints: Bond =    0.215   Angle =     0.591   Torsion =     0.245
===============================================================================

 NSTEP =      500   TIME(PS) =       1.000  TEMP(K) =   264.79  PRESS =     0.0
 Etot   =    -25907.9053  EKtot   =      4893.0205  EPtot      =    -30800.9258
 BOND   =        54.1539  ANGLE   =        91.5027  DIHED      =       133.6644
 1-4 NB =        74.6232  1-4 EEL =        63.3678  VDWAALS    =      4591.8856
 EELEC  =    -35813.7641  EHBOND  =         0.0000  RESTRAINT  =         3.6406
 EAMBER (non-restraint)  =    -30804.5665
 EKCMT  =         0.0000  VIRIAL  =         0.0000  VOLUME     =    122701.5748
                                                    Density    =         0.7707
 ------------------------------------------------------------------------------

 NMR restraints: Bond =    0.640   Angle =     1.033   Torsion =     0.725
===============================================================================

 NSTEP =     1000   TIME(PS) =       2.000  TEMP(K) =   283.99  PRESS =     0.0
 Etot   =    -25268.7130  EKtot   =      5247.8228  EPtot      =    -30516.5357
 BOND   =        45.9783  ANGLE   =       103.2172  DIHED      =       141.2895
 1-4 NB =        73.5777  1-4 EEL =        60.0549  VDWAALS    =      4493.5397
 EELEC  =    -35437.4603  EHBOND  =         0.0000  RESTRAINT  =         3.2674
 EAMBER (non-restraint)  =    -30519.8031
 EKCMT  =         0.0000  VIRIAL  =         0.0000  VOLUME     =    121858.9081
                                                    Density    =         0.7760
 ------------------------------------------------------------------------------

 NMR restraints: Bond =    0.427   Angle =     1.259   Torsion =     0.286
===============================================================================

 NSTEP =     1500   TIME(PS) =       3.000  TEMP(K) =   291.79  PRESS =     0.0
 Etot   =    -24961.1459  EKtot   =      5392.0371  EPtot      =    -30353.1830
 BOND   =        59.5709  ANGLE   =       114.5720  DIHED      =       141.9653
 1-4 NB =        74.3483  1-4 EEL =        65.0907  VDWAALS    =      4486.6738
 EELEC  =    -35303.8057  EHBOND  =         0.0000  RESTRAINT  =         8.4018
 EAMBER (non-restraint)  =    -30361.5848
 EKCMT  =         0.0000  VIRIAL  =         0.0000  VOLUME     =    119578.1780
                                                    Density    =         0.7908
 ------------------------------------------------------------------------------

 NMR restraints: Bond =    0.717   Angle =     2.166   Torsion =     1.273
===============================================================================

 NSTEP =     2000   TIME(PS) =       4.000  TEMP(K) =   294.60  PRESS =     0.0
 Etot   =    -25084.3543  EKtot   =      5443.8105  EPtot      =    -30528.1648
 BOND   =        49.3249  ANGLE   =       105.1306  DIHED      =       141.8894
 1-4 NB =        77.4140  1-4 EEL =        61.4881  VDWAALS    =      4365.7882
 EELEC  =    -35334.3426  EHBOND  =         0.0000  RESTRAINT  =         5.1426
 EAMBER (non-restraint)  =    -30533.3074
 EKCMT  =         0.0000  VIRIAL  =         0.0000  VOLUME     =    118321.2735
                                                    Density    =         0.7992
 ------------------------------------------------------------------------------

 NMR restraints: Bond =    0.928   Angle =     0.705   Torsion =     0.526
===============================================================================

 NSTEP =     2500   TIME(PS) =       5.000  TEMP(K) =   290.54  PRESS =     0.0
 Etot   =    -24986.1109  EKtot   =      5368.8408  EPtot      =    -30354.9517
 BOND   =        61.0664  ANGLE   =       113.1189  DIHED      =       139.2428
 1-4 NB =        69.0070  1-4 EEL =        62.4508  VDWAALS    =      4307.2332
 EELEC  =    -35109.6488  EHBOND  =         0.0000  RESTRAINT  =         2.5779
 EAMBER (non-restraint)  =    -30357.5296
 EKCMT  =         0.0000  VIRIAL  =         0.0000  VOLUME     =    116311.9670
                                                    Density    =         0.8130
 ------------------------------------------------------------------------------

 NMR restraints: Bond =    0.053   Angle =     0.805   Torsion =     0.566
===============================================================================

 NSTEP =     3000   TIME(PS) =       6.000  TEMP(K) =   297.22  PRESS =     0.0
 Etot   =    -24840.8930  EKtot   =      5492.3110  EPtot      =    -30333.2040
 BOND   =        53.8087  ANGLE   =       120.3562  DIHED      =       135.3355
 1-4 NB =        81.1793  1-4 EEL =        64.8305  VDWAALS    =      4243.1158
 EELEC  =    -35036.3837  EHBOND  =         0.0000  RESTRAINT  =         4.5538
 EAMBER (non-restraint)  =    -30337.7578
 EKCMT  =         0.0000  VIRIAL  =         0.0000  VOLUME     =    114437.3871
                                                    Density    =         0.8263
 ------------------------------------------------------------------------------

 NMR restraints: Bond =    0.556   Angle =     1.691   Torsion =     0.176
===============================================================================

 NSTEP =     3500   TIME(PS) =       7.000  TEMP(K) =   292.95  PRESS =     0.0
 Etot   =    -24822.8305  EKtot   =      5413.3833  EPtot      =    -30236.2138
 BOND   =        57.9064  ANGLE   =        88.0063  DIHED      =       138.6266
 1-4 NB =        78.7150  1-4 EEL =        60.0153  VDWAALS    =      4021.1837
 EELEC  =    -34687.0918  EHBOND  =         0.0000  RESTRAINT  =         6.4247
 EAMBER (non-restraint)  =    -30242.6385
 EKCMT  =         0.0000  VIRIAL  =         0.0000  VOLUME     =    113119.5492
                                                    Density    =         0.8360
 ------------------------------------------------------------------------------

 NMR restraints: Bond =    0.561   Angle =     1.444   Torsion =     0.148
===============================================================================

 NSTEP =     4000   TIME(PS) =       8.000  TEMP(K) =   298.58  PRESS =     0.0
 Etot   =    -24770.0332  EKtot   =      5517.3574  EPtot      =    -30287.3907
 BOND   =        49.6272  ANGLE   =        96.4097  DIHED      =       146.5813
 1-4 NB =        75.1556  1-4 EEL =        64.2782  VDWAALS    =      4150.6372
 EELEC  =    -34877.5325  EHBOND  =         0.0000  RESTRAINT  =         7.4527
 EAMBER (non-restraint)  =    -30294.8433
 EKCMT  =         0.0000  VIRIAL  =         0.0000  VOLUME     =    111897.1510
                                                    Density    =         0.8451
 ------------------------------------------------------------------------------

 NMR restraints: Bond =    0.227   Angle =     2.704   Torsion =     1.687
===============================================================================

 NSTEP =     4500   TIME(PS) =       9.000  TEMP(K) =   299.20  PRESS =     0.0
 Etot   =    -24780.6108  EKtot   =      5528.8701  EPtot      =    -30309.4810
 BOND   =        52.4213  ANGLE   =        99.5026  DIHED      =       137.7432
 1-4 NB =        74.8507  1-4 EEL =        62.7123  VDWAALS    =      4171.0392
 EELEC  =    -34913.7471  EHBOND  =         0.0000  RESTRAINT  =         5.9969
 EAMBER (non-restraint)  =    -30315.4778
 EKCMT  =         0.0000  VIRIAL  =         0.0000  VOLUME     =    110452.7358
                                                    Density    =         0.8562
 ------------------------------------------------------------------------------

 NMR restraints: Bond =    1.332   Angle =     2.163   Torsion =     0.654
===============================================================================

 NSTEP =     5000   TIME(PS) =      10.000  TEMP(K) =   295.62  PRESS =     0.0
 Etot   =    -24877.4717  EKtot   =      5462.8096  EPtot      =    -30340.2812
 BOND   =        51.5489  ANGLE   =       121.8708  DIHED      =       118.2015
 1-4 NB =        76.5855  1-4 EEL =        60.5314  VDWAALS    =      4100.2704
 EELEC  =    -34874.6176  EHBOND  =         0.0000  RESTRAINT  =         5.3278
 EAMBER (non-restraint)  =    -30345.6091
 EKCMT  =         0.0000  VIRIAL  =         0.0000  VOLUME     =    107560.8524
                                                    Density    =         0.8792
 ------------------------------------------------------------------------------

 NMR restraints: Bond =    0.380   Angle =     1.048   Torsion =     0.844
===============================================================================

 NSTEP =     5500   TIME(PS) =      11.000  TEMP(K) =   298.16  PRESS =     0.0
 Etot   =    -24914.2515  EKtot   =      5509.6426  EPtot      =    -30423.8940
 BOND   =        56.2732  ANGLE   =       101.7006  DIHED      =       138.7784
 1-4 NB =        79.0072  1-4 EEL =        63.5241  VDWAALS    =      4359.1979
 EELEC  =    -35226.6357  EHBOND  =         0.0000  RESTRAINT  =         4.2603
 EAMBER (non-restraint)  =    -30428.1543
 EKCMT  =         0.0000  VIRIAL  =         0.0000  VOLUME     =    105520.7979
                                                    Density    =         0.8962
 ------------------------------------------------------------------------------

 NMR restraints: Bond =    0.220   Angle =     2.712   Torsion =     0.459
===============================================================================

 NSTEP =     6000   TIME(PS) =      12.000  TEMP(K) =   294.30  PRESS =     0.0
 Etot   =    -25073.0929  EKtot   =      5438.3564  EPtot      =    -30511.4493
 BOND   =        56.0084  ANGLE   =       107.4388  DIHED      =       134.0145
 1-4 NB =        75.7111  1-4 EEL =        59.0598  VDWAALS    =      4327.1147
 EELEC  =    -35273.6944  EHBOND  =         0.0000  RESTRAINT  =         2.8978
 EAMBER (non-restraint)  =    -30514.3471
 EKCMT  =         0.0000  VIRIAL  =         0.0000  VOLUME     =    104239.5655
                                                    Density    =         0.9072
 ------------------------------------------------------------------------------

 NMR restraints: Bond =    0.002   Angle =     0.506   Torsion =     0.509
===============================================================================

 NSTEP =     6500   TIME(PS) =      13.000  TEMP(K) =   301.61  PRESS =     0.0
 Etot   =    -25055.3699  EKtot   =      5573.4287  EPtot      =    -30628.7986
 BOND   =        46.3093  ANGLE   =       104.9829  DIHED      =       134.9961
 1-4 NB =        75.3417  1-4 EEL =        64.1977  VDWAALS    =      4390.7017
 EELEC  =    -35449.8379  EHBOND  =         0.0000  RESTRAINT  =         4.5099
 EAMBER (non-restraint)  =    -30633.3085
 EKCMT  =         0.0000  VIRIAL  =         0.0000  VOLUME     =    102961.1506
                                                    Density    =         0.9184
 ------------------------------------------------------------------------------

 NMR restraints: Bond =    1.330   Angle =     0.871   Torsion =     1.338
===============================================================================

 NSTEP =     7000   TIME(PS) =      14.000  TEMP(K) =   299.26  PRESS =     0.0
 Etot   =    -24988.8479  EKtot   =      5529.9209  EPtot      =    -30518.7688
 BOND   =        61.5343  ANGLE   =        97.6422  DIHED      =       130.3534
 1-4 NB =        77.8423  1-4 EEL =        65.8374  VDWAALS    =      4236.7317
 EELEC  =    -35194.4218  EHBOND  =         0.0000  RESTRAINT  =         5.7116
 EAMBER (non-restraint)  =    -30524.4804
 EKCMT  =         0.0000  VIRIAL  =         0.0000  VOLUME     =    102233.8295
                                                    Density    =         0.9250
 ------------------------------------------------------------------------------

 NMR restraints: Bond =    1.377   Angle =     0.788   Torsion =     0.704
===============================================================================

 NSTEP =     7500   TIME(PS) =      15.000  TEMP(K) =   297.57  PRESS =     0.0
 Etot   =    -25168.3963  EKtot   =      5498.6929  EPtot      =    -30667.0891
 BOND   =        57.3708  ANGLE   =       118.5111  DIHED      =       128.7480
 1-4 NB =        73.5283  1-4 EEL =        63.9459  VDWAALS    =      4169.9033
 EELEC  =    -35282.8603  EHBOND  =         0.0000  RESTRAINT  =         3.7638
 EAMBER (non-restraint)  =    -30670.8529
 EKCMT  =         0.0000  VIRIAL  =         0.0000  VOLUME     =    101176.4975
                                                    Density    =         0.9347
 ------------------------------------------------------------------------------

 NMR restraints: Bond =    0.564   Angle =     0.406   Torsion =     0.390
===============================================================================

 NSTEP =     8000   TIME(PS) =      16.000  TEMP(K) =   301.57  PRESS =     0.0
 Etot   =    -25241.2522  EKtot   =      5572.6270  EPtot      =    -30813.8792
 BOND   =        56.0257  ANGLE   =       111.8966  DIHED      =       134.4463
 1-4 NB =        76.4871  1-4 EEL =        64.0258  VDWAALS    =      4276.7883
 EELEC  =    -35540.4473  EHBOND  =         0.0000  RESTRAINT  =         6.8983
 EAMBER (non-restraint)  =    -30820.7775
 EKCMT  =         0.0000  VIRIAL  =         0.0000  VOLUME     =     99637.0072
                                                    Density    =         0.9491
 ------------------------------------------------------------------------------

 NMR restraints: Bond =    0.683   Angle =     0.944   Torsion =     0.394
===============================================================================

 NSTEP =     8500   TIME(PS) =      17.000  TEMP(K) =   299.18  PRESS =     0.0
 Etot   =    -25350.7175  EKtot   =      5528.5474  EPtot      =    -30879.2648
 BOND   =        56.2701  ANGLE   =       113.1450  DIHED      =       131.3389
 1-4 NB =        78.0707  1-4 EEL =        64.5194  VDWAALS    =      4244.0528
 EELEC  =    -35573.0793  EHBOND  =         0.0000  RESTRAINT  =         6.4177
 EAMBER (non-restraint)  =    -30885.6825
 EKCMT  =         0.0000  VIRIAL  =         0.0000  VOLUME     =     98307.9343
                                                    Density    =         0.9619
 ------------------------------------------------------------------------------

 NMR restraints: Bond =    0.426   Angle =     4.438   Torsion =     0.540
===============================================================================

 NSTEP =     9000   TIME(PS) =      18.000  TEMP(K) =   301.06  PRESS =     0.0
 Etot   =    -25384.5841  EKtot   =      5563.1689  EPtot      =    -30947.7530
 BOND   =        54.7543  ANGLE   =       112.6439  DIHED      =       133.0264
 1-4 NB =        78.0496  1-4 EEL =        62.0367  VDWAALS    =      4216.9648
 EELEC  =    -35611.4352  EHBOND  =         0.0000  RESTRAINT  =         6.2065
 EAMBER (non-restraint)  =    -30953.9595
 EKCMT  =         0.0000  VIRIAL  =         0.0000  VOLUME     =     97618.4584
                                                    Density    =         0.9687
 ------------------------------------------------------------------------------

 NMR restraints: Bond =    0.980   Angle =     1.923   Torsion =     0.537
===============================================================================

 NSTEP =     9500   TIME(PS) =      19.000  TEMP(K) =   297.72  PRESS =     0.0
 Etot   =    -25349.6336  EKtot   =      5501.5342  EPtot      =    -30851.1677
 BOND   =        54.9502  ANGLE   =       104.3735  DIHED      =       136.8636
 1-4 NB =        77.4033  1-4 EEL =        65.9407  VDWAALS    =      4325.3055
 EELEC  =    -35624.8294  EHBOND  =         0.0000  RESTRAINT  =         8.8248
 EAMBER (non-restraint)  =    -30859.9925
 EKCMT  =         0.0000  VIRIAL  =         0.0000  VOLUME     =     96896.6702
                                                    Density    =         0.9759
 ------------------------------------------------------------------------------

 NMR restraints: Bond =    2.218   Angle =     1.157   Torsion =     1.711
===============================================================================

 NSTEP =    10000   TIME(PS) =      20.000  TEMP(K) =   300.07  PRESS =     0.0
 Etot   =    -25383.0283  EKtot   =      5544.9712  EPtot      =    -30927.9995
 BOND   =        45.8969  ANGLE   =       108.7775  DIHED      =       133.9159
 1-4 NB =        71.4665  1-4 EEL =        63.6369  VDWAALS    =      4346.1449
 EELEC  =    -35703.3610  EHBOND  =         0.0000  RESTRAINT  =         5.5229
 EAMBER (non-restraint)  =    -30933.5224
 EKCMT  =         0.0000  VIRIAL  =         0.0000  VOLUME     =     96272.7111
                                                    Density    =         0.9823
 ------------------------------------------------------------------------------

 NMR restraints: Bond =    1.605   Angle =     0.909   Torsion =     1.799
===============================================================================

 NSTEP =    10500   TIME(PS) =      21.000  TEMP(K) =   301.83  PRESS =     0.0
 Etot   =    -25469.1036  EKtot   =      5577.5210  EPtot      =    -31046.6246
 BOND   =        50.1527  ANGLE   =        95.0497  DIHED      =       134.1147
 1-4 NB =        75.7708  1-4 EEL =        60.9804  VDWAALS    =      4418.2745
 EELEC  =    -35885.6324  EHBOND  =         0.0000  RESTRAINT  =         4.6649
 EAMBER (non-restraint)  =    -31051.2895
 EKCMT  =         0.0000  VIRIAL  =         0.0000  VOLUME     =     95784.7127
                                                    Density    =         0.9873
 ------------------------------------------------------------------------------

 NMR restraints: Bond =    1.028   Angle =     0.502   Torsion =     2.439
===============================================================================

 NSTEP =    11000   TIME(PS) =      22.000  TEMP(K) =   300.43  PRESS =     0.0
 Etot   =    -25429.4160  EKtot   =      5551.6826  EPtot      =    -30981.0987
 BOND   =        54.8402  ANGLE   =       104.1401  DIHED      =       130.2743
 1-4 NB =        78.5828  1-4 EEL =        61.6477  VDWAALS    =      4120.9580
 EELEC  =    -35535.7698  EHBOND  =         0.0000  RESTRAINT  =         4.2280
 EAMBER (non-restraint)  =    -30985.3267
 EKCMT  =         0.0000  VIRIAL  =         0.0000  VOLUME     =     95222.6841
                                                    Density    =         0.9931
 ------------------------------------------------------------------------------

 NMR restraints: Bond =    0.743   Angle =     0.682   Torsion =     1.282
===============================================================================

 NSTEP =    11500   TIME(PS) =      23.000  TEMP(K) =   300.46  PRESS =     0.0
 Etot   =    -25467.2536  EKtot   =      5552.2090  EPtot      =    -31019.4626
 BOND   =        62.4366  ANGLE   =       111.6994  DIHED      =       129.2655
 1-4 NB =        76.2783  1-4 EEL =        59.4624  VDWAALS    =      4284.9576
 EELEC  =    -35750.7967  EHBOND  =         0.0000  RESTRAINT  =         7.2341
 EAMBER (non-restraint)  =    -31026.6968
 EKCMT  =         0.0000  VIRIAL  =         0.0000  VOLUME     =     94943.8750
                                                    Density    =         0.9960
 ------------------------------------------------------------------------------

 NMR restraints: Bond =    2.252   Angle =     3.824   Torsion =     0.320
===============================================================================

 NSTEP =    12000   TIME(PS) =      24.000  TEMP(K) =   298.12  PRESS =     0.0
 Etot   =    -25594.1009  EKtot   =      5508.8359  EPtot      =    -31102.9369
 BOND   =        53.4837  ANGLE   =       115.6889  DIHED      =       128.8372
 1-4 NB =        73.1182  1-4 EEL =        64.0314  VDWAALS    =      4181.8217
 EELEC  =    -35725.0333  EHBOND  =         0.0000  RESTRAINT  =         5.1153
 EAMBER (non-restraint)  =    -31108.0522
 EKCMT  =         0.0000  VIRIAL  =         0.0000  VOLUME     =     94845.1173
                                                    Density    =         0.9970
 ------------------------------------------------------------------------------

 NMR restraints: Bond =    0.219   Angle =     0.765   Torsion =     1.053
===============================================================================

 NSTEP =    12500   TIME(PS) =      25.000  TEMP(K) =   294.31  PRESS =     0.0
 Etot   =    -25561.8867  EKtot   =      5438.4810  EPtot      =    -31000.3676
 BOND   =        50.7204  ANGLE   =        96.9868  DIHED      =       135.9446
 1-4 NB =        75.8792  1-4 EEL =        60.8568  VDWAALS    =      4311.2492
 EELEC  =    -35734.5358  EHBOND  =         0.0000  RESTRAINT  =         2.5311
 EAMBER (non-restraint)  =    -31002.8987
 EKCMT  =         0.0000  VIRIAL  =         0.0000  VOLUME     =     94878.9166
                                                    Density    =         0.9967
 ------------------------------------------------------------------------------

 NMR restraints: Bond =    0.344   Angle =     1.042   Torsion =     0.459
===============================================================================

 NSTEP =    13000   TIME(PS) =      26.000  TEMP(K) =   299.26  PRESS =     0.0
 Etot   =    -25526.3927  EKtot   =      5530.0317  EPtot      =    -31056.4244
 BOND   =        54.2217  ANGLE   =       103.6347  DIHED      =       137.9320
 1-4 NB =        78.0157  1-4 EEL =        62.0358  VDWAALS    =      4270.2588
 EELEC  =    -35768.5548  EHBOND  =         0.0000  RESTRAINT  =         6.0317
 EAMBER (non-restraint)  =    -31062.4561
 EKCMT  =         0.0000  VIRIAL  =         0.0000  VOLUME     =     94187.7590
                                                    Density    =         1.0040
 ------------------------------------------------------------------------------

 NMR restraints: Bond =    1.187   Angle =     0.867   Torsion =     0.351
===============================================================================
