
          -------------------------------------------------------
          Amber 18 PMEMD                              2018
          -------------------------------------------------------

| PMEMD implementation of SANDER, Release 18

| Run on 05/02/2018 at 11:17:49

|   Executable path: pmemd.cuda
| Working directory: /oasis/tscc/scratch/davids4/SAMPLing-cut9/11499406.tscc-mgr.local
|          Hostname: tscc-gpu-9-0.sdsc.edu

  [-O]verwriting output

File Assignments:
|   MDIN: equil.000.in                                                          
|  MDOUT: equil.000.out                                                         
| INPCRD: minimize.rst7                                                         
|   PARM: solvate.prmtop                                                        
| RESTRT: equil.000.rst7                                                        
|   REFC: solvate.rst7                                                          
|  MDVEL: mdvel                                                                 
|   MDEN: equil.000.mden                                                        
|  MDCRD: equil.000.nc                                                          
| MDINFO: equil.000.mdinfo                                                      
|  MDFRC: mdfrc                                                                 


 Here is the input file:

PBC MD Simulation                                                              
 &cntrl                                                                        
  imin =          0,                                                           
  ntx =           1,                                                           
  irest =         0,                                                           
  maxcyc =        0,                                                           
  ncyc =          0,                                                           
  dt =            0.002,                                                       
  nstlim =        500000,                                                      
  ntpr =          500,                                                         
  ntwe =          500,                                                         
  ntwr =          250,                                                         
  ntwx =          250,                                                         
  ntxo =          1,                                                           
  ioutfm =        1,                                                           
  ntf =           2,                                                           
  ntc =           2,                                                           
  cut =           9.0,                                                         
  igb =           0,                                                           
  tempi =         298.15,                                                      
  temp0 =         298.15,                                                      
  ntt =           3,                                                           
  gamma_ln =      1.0,                                                         
  ig =            -1,                                                          
  ntp =           1,                                                           
  barostat =      2,                                                           
  ntr =           1,                                                           
  restraint_wt =  50.0,                                                        
  restraintmask = '@DUM',                                                      
  nmropt =        1,                                                           
  pencut =        -1,                                                          
  ntwprt =        204,                                                         
 /                                                                             
 &wt type = 'END', /                                                           
DISANG = disang.rest                                                           
LISTOUT = POUT                                                                 
                                                                               


Note: ig = -1. Setting random seed to   936885 based on wallclock time in 
      microseconds.
| irandom = 1, using AMBER's internal random number generator (default).
 
|--------------------- INFORMATION ----------------------
| GPU (CUDA) Version of PMEMD in use: NVIDIA GPU IN USE.
|                    Version 18.0.0
| 
|                      03/25/2018
| 
| Implementation by:
|                    Ross C. Walker     (SDSC)
|                    Scott Le Grand     (nVIDIA)
| 
| Version 18 performance extensions by:
|                    David Cerutti     (Rutgers)
| 
| Precision model in use:
|      [SPFP] - Single Precision Forces, 64-bit Fixed Point
|               Accumulation. (Default)
| 
|--------------------------------------------------------
 
|----------------- CITATION INFORMATION -----------------
|
|    When publishing work that utilized the CUDA version
|    of AMBER, please cite the following in addition to
|    the regular AMBER citations:
|
|  - Romelia Salomon-Ferrer; Andreas W. Goetz; Duncan
|    Poole; Scott Le Grand; Ross C. Walker "Routine
|    microsecond molecular dynamics simulations with
|    AMBER - Part II: Particle Mesh Ewald", J. Chem.
|    Theory Comput., 2013, 9 (9), pp3878-3888,
|    DOI: 10.1021/ct400314y.
|
|  - Andreas W. Goetz; Mark J. Williamson; Dong Xu;
|    Duncan Poole; Scott Le Grand; Ross C. Walker
|    "Routine microsecond molecular dynamics simulations
|    with AMBER - Part I: Generalized Born", J. Chem.
|    Theory Comput., 2012, 8 (5), pp1542-1555.
|
|  - Scott Le Grand; Andreas W. Goetz; Ross C. Walker
|    "SPFP: Speed without compromise - a mixed precision
|    model for GPU accelerated molecular dynamics
|    simulations.", Comp. Phys. Comm., 2013, 184
|    pp374-380, DOI: 10.1016/j.cpc.2012.09.022
|
|--------------------------------------------------------
 
|------------------- GPU DEVICE INFO --------------------
|
|            CUDA_VISIBLE_DEVICES: 1
|   CUDA Capable Devices Detected:      1
|           CUDA Device ID in use:      0
|                CUDA Device Name: GeForce GTX TITAN X
|     CUDA Device Global Mem Size:  12207 MB
| CUDA Device Num Multiprocessors:     24
|           CUDA Device Core Freq:   1.08 GHz
|
|--------------------------------------------------------
 
 
| Conditional Compilation Defines Used:
| PUBFFT
| BINTRAJ
| CUDA
| EMIL

| Largest sphere to fit in unit cell has radius =    21.059

| New format PARM file being parsed.
| Version =    1.000 Date = 04/23/18 Time = 20:23:52

| Note: 1-4 EEL scale factors are being read from the topology file.

| Note: 1-4 VDW scale factors are being read from the topology file.
| Duplicated    0 dihedrals

| Duplicated    0 dihedrals

--------------------------------------------------------------------------------
   1.  RESOURCE   USE: 
--------------------------------------------------------------------------------

 getting new box info from bottom of inpcrd
 NATOM  =    9221 NTYPES =      11 NBONH =    9065 MBONA  =     155
 NTHETH =     148 MTHETA =     231 NPHIH =     343 MPHIA  =     362
 NHPARM =       0 NPARM  =       0 NNB   =   13205 NRES   =    3022
 NBONA  =     155 NTHETA =     231 NPHIA =     362 NUMBND =      16
 NUMANG =      28 NPTRA  =      15 NATYP =      14 NPHB   =       0
 IFBOX  =       1 NMXRS  =     184 IFCAP =       0 NEXTRA =       0
 NCOPY  =       0

| Coordinate Index Table dimensions:     8    8   13
| Direct force subcell size =     5.4385    5.2647    5.3161

     BOX TYPE: RECTILINEAR

--------------------------------------------------------------------------------
   2.  CONTROL  DATA  FOR  THE  RUN
--------------------------------------------------------------------------------

default_name                                                                    

General flags:
     imin    =       0, nmropt  =       1

Nature and format of input:
     ntx     =       1, irest   =       0, ntrx    =       1

Nature and format of output:
     ntxo    =       1, ntpr    =     500, ntrx    =       1, ntwr    =     250
     iwrap   =       0, ntwx    =     250, ntwv    =       0, ntwe    =     500
     ioutfm  =       1, ntwprt  =     204, idecomp =       0, rbornstat=      0

Potential function:
     ntf     =       2, ntb     =       2, igb     =       0, nsnb    =      25
     ipol    =       0, gbsa    =       0, iesp    =       0
     dielc   =   1.00000, cut     =   9.00000, intdiel =   1.00000

Frozen or restrained atoms:
     ibelly  =       0, ntr     =       1
     restraint_wt =  50.00000

Molecular dynamics:
     nstlim  =    500000, nscm    =         0, nrespa  =         1
     t       =   0.00000, dt      =   0.00200, vlimit  =  -1.00000

Langevin dynamics temperature regulation:
     ig      =  936885
     temp0   = 298.15000, tempi   = 298.15000, gamma_ln=   1.00000

Pressure regulation:
     ntp     =       1
     pres0   =   1.00000, comp    =  44.60000, taup    =   1.00000
     Monte-Carlo Barostat:
     mcbarint  =     100

SHAKE:
     ntc     =       2, jfastw  =       0
     tol     =   0.00001

NMR refinement options:
     iscale  =       0, noeskp  =       1, ipnlty  =       1, mxsub   =       1
     scalm   = 100.00000, pencut  =  -1.00000, tausw   =   0.10000

| Intermolecular bonds treatment:
|     no_intermolecular_bonds =       1

| Energy averages sample interval:
|     ene_avg_sampling =     500

Ewald parameters:
     verbose =       0, ew_type =       0, nbflag  =       1, use_pme =       1
     vdwmeth =       1, eedmeth =       1, netfrc  =       1
     Box X =   43.508   Box Y =   42.118   Box Z =   69.110
     Alpha =   90.000   Beta  =   90.000   Gamma =   90.000
     NFFT1 =   48       NFFT2 =   48       NFFT3 =   72
     Cutoff=    9.000   Tol   =0.100E-04
     Ewald Coefficient =  0.30768
     Interpolation order =    4

    LOADING THE CONSTRAINED ATOMS AS GROUPS


   5.  REFERENCE ATOM COORDINATES

  default_name                                                                    
     Mask @DUM; matches     3 atoms
| MONTE CARLO BAROSTAT IMPORTANT NOTE:
|   The Monte-Carlo barostat does not require the virial to adjust the system volume.
|   Since it is an expensive calculation, it is skipped for efficiency. A side-effect
|   is that the reported pressure is always 0 because it is not calculated.

--------------------------------------------------------------------------------
   3.  ATOMIC COORDINATES AND VELOCITIES
--------------------------------------------------------------------------------

default_name                                                                    
 begin time read from input coords =     0.000 ps



           Begin reading energy term weight changes/NMR restraints
 WEIGHT CHANGES:
                         ** No weight changes given **

 RESTRAINTS:
 Requested file redirections:
  DISANG    = disang.rest
  LISTOUT   = POUT
 Restraints will be read from file: disang.rest
Here are comments from the DISANG input file:

                       Number of restraints read =     9

                  Done reading weight changes/NMR restraints


 
 Number of triangulated 3-point waters found:     3000

     Sum of charges from parm topology file =   0.00000002
     Forcing neutrality...

| Dynamic Memory, Types Used:
| Reals              528869
| Integers           283979

| Nonbonded Pairs Initial Allocation:     2102388

| GPU memory information (estimate):
| KB of GPU memory in use:         0
| KB of CPU memory in use:         0

--------------------------------------------------------------------------------
   4.  RESULTS
--------------------------------------------------------------------------------


 NSTEP =        0   TIME(PS) =       0.000  TEMP(K) =   440.39  PRESS =     0.0
 Etot   =    -30772.1552  EKtot   =      8137.8695  EPtot      =    -38910.0247
 BOND   =        18.7771  ANGLE   =        54.4218  DIHED      =       107.1334
 1-4 NB =        65.5601  1-4 EEL =        60.5597  VDWAALS    =      6113.8495
 EELEC  =    -45331.0749  EHBOND  =         0.0000  RESTRAINT  =         0.7488
 EAMBER (non-restraint)  =    -38910.7734
 EKCMT  =         0.0000  VIRIAL  =         0.0000  VOLUME     =    126640.7721
                                                    Density    =         0.7467
 ------------------------------------------------------------------------------

 NMR restraints: Bond =    0.194   Angle =     0.508   Torsion =     0.031
===============================================================================

 NSTEP =      500   TIME(PS) =       1.000  TEMP(K) =   262.86  PRESS =     0.0
 Etot   =    -25800.4988  EKtot   =      4857.4326  EPtot      =    -30657.9314
 BOND   =        50.5186  ANGLE   =        95.0382  DIHED      =       132.0130
 1-4 NB =        73.1105  1-4 EEL =        64.5762  VDWAALS    =      4848.8084
 EELEC  =    -35928.2382  EHBOND  =         0.0000  RESTRAINT  =         6.2418
 EAMBER (non-restraint)  =    -30664.1732
 EKCMT  =         0.0000  VIRIAL  =         0.0000  VOLUME     =    125428.3508
                                                    Density    =         0.7539
 ------------------------------------------------------------------------------

 NMR restraints: Bond =    1.167   Angle =     2.197   Torsion =     1.719
===============================================================================

 NSTEP =     1000   TIME(PS) =       2.000  TEMP(K) =   288.01  PRESS =     0.0
 Etot   =    -24952.9883  EKtot   =      5322.1465  EPtot      =    -30275.1348
 BOND   =        52.8988  ANGLE   =       102.8423  DIHED      =       134.7892
 1-4 NB =        75.2702  1-4 EEL =        64.5837  VDWAALS    =      4242.9815
 EELEC  =    -34952.2914  EHBOND  =         0.0000  RESTRAINT  =         3.7910
 EAMBER (non-restraint)  =    -30278.9258
 EKCMT  =         0.0000  VIRIAL  =         0.0000  VOLUME     =    124138.2265
                                                    Density    =         0.7618
 ------------------------------------------------------------------------------

 NMR restraints: Bond =    0.485   Angle =     0.995   Torsion =     0.159
===============================================================================

 NSTEP =     1500   TIME(PS) =       3.000  TEMP(K) =   293.65  PRESS =     0.0
 Etot   =    -24813.2851  EKtot   =      5426.2964  EPtot      =    -30239.5814
 BOND   =        47.2724  ANGLE   =       118.7812  DIHED      =       134.6810
 1-4 NB =        73.0392  1-4 EEL =        64.9902  VDWAALS    =      4428.8563
 EELEC  =    -35114.6273  EHBOND  =         0.0000  RESTRAINT  =         7.4256
 EAMBER (non-restraint)  =    -30247.0071
 EKCMT  =         0.0000  VIRIAL  =         0.0000  VOLUME     =    122152.3529
                                                    Density    =         0.7742
 ------------------------------------------------------------------------------

 NMR restraints: Bond =    0.469   Angle =     2.930   Torsion =     0.069
===============================================================================

 NSTEP =     2000   TIME(PS) =       4.000  TEMP(K) =   292.27  PRESS =     0.0
 Etot   =    -24787.7454  EKtot   =      5400.8330  EPtot      =    -30188.5784
 BOND   =        46.0443  ANGLE   =        94.2588  DIHED      =       137.9103
 1-4 NB =        75.3276  1-4 EEL =        65.6241  VDWAALS    =      4157.7042
 EELEC  =    -34772.5236  EHBOND  =         0.0000  RESTRAINT  =         7.0759
 EAMBER (non-restraint)  =    -30195.6543
 EKCMT  =         0.0000  VIRIAL  =         0.0000  VOLUME     =    120871.1108
                                                    Density    =         0.7824
 ------------------------------------------------------------------------------

 NMR restraints: Bond =    0.823   Angle =     2.078   Torsion =     1.015
===============================================================================

 NSTEP =     2500   TIME(PS) =       5.000  TEMP(K) =   296.01  PRESS =     0.0
 Etot   =    -24579.0061  EKtot   =      5469.9067  EPtot      =    -30048.9129
 BOND   =        47.0123  ANGLE   =       100.8570  DIHED      =       135.1008
 1-4 NB =        73.0501  1-4 EEL =        66.4473  VDWAALS    =      4198.4659
 EELEC  =    -34672.9045  EHBOND  =         0.0000  RESTRAINT  =         3.0583
 EAMBER (non-restraint)  =    -30051.9711
 EKCMT  =         0.0000  VIRIAL  =         0.0000  VOLUME     =    120850.1381
                                                    Density    =         0.7825
 ------------------------------------------------------------------------------

 NMR restraints: Bond =    0.533   Angle =     0.159   Torsion =     0.358
===============================================================================

 NSTEP =     3000   TIME(PS) =       6.000  TEMP(K) =   298.36  PRESS =     0.0
 Etot   =    -24542.2039  EKtot   =      5513.4321  EPtot      =    -30055.6360
 BOND   =        54.7362  ANGLE   =       108.9416  DIHED      =       145.2716
 1-4 NB =        76.8864  1-4 EEL =        64.1395  VDWAALS    =      4287.5849
 EELEC  =    -34797.2844  EHBOND  =         0.0000  RESTRAINT  =         4.0881
 EAMBER (non-restraint)  =    -30059.7241
 EKCMT  =         0.0000  VIRIAL  =         0.0000  VOLUME     =    119417.7493
                                                    Density    =         0.7919
 ------------------------------------------------------------------------------

 NMR restraints: Bond =    0.912   Angle =     0.588   Torsion =     1.065
===============================================================================

 NSTEP =     3500   TIME(PS) =       7.000  TEMP(K) =   298.03  PRESS =     0.0
 Etot   =    -24652.1443  EKtot   =      5507.2822  EPtot      =    -30159.4265
 BOND   =        54.1172  ANGLE   =        96.5917  DIHED      =       133.4603
 1-4 NB =        71.0233  1-4 EEL =        61.5443  VDWAALS    =      4392.8200
 EELEC  =    -34974.0176  EHBOND  =         0.0000  RESTRAINT  =         5.0344
 EAMBER (non-restraint)  =    -30164.4609
 EKCMT  =         0.0000  VIRIAL  =         0.0000  VOLUME     =    117616.3027
                                                    Density    =         0.8040
 ------------------------------------------------------------------------------

 NMR restraints: Bond =    0.242   Angle =     0.598   Torsion =     1.171
===============================================================================

 NSTEP =     4000   TIME(PS) =       8.000  TEMP(K) =   297.67  PRESS =     0.0
 Etot   =    -24626.4993  EKtot   =      5500.5850  EPtot      =    -30127.0842
 BOND   =        56.0176  ANGLE   =       117.8210  DIHED      =       139.8808
 1-4 NB =        78.9795  1-4 EEL =        60.0921  VDWAALS    =      4265.1445
 EELEC  =    -34848.9943  EHBOND  =         0.0000  RESTRAINT  =         3.9746
 EAMBER (non-restraint)  =    -30131.0588
 EKCMT  =         0.0000  VIRIAL  =         0.0000  VOLUME     =    115630.6780
                                                    Density    =         0.8178
 ------------------------------------------------------------------------------

 NMR restraints: Bond =    0.437   Angle =     0.665   Torsion =     0.533
===============================================================================

 NSTEP =     4500   TIME(PS) =       9.000  TEMP(K) =   303.27  PRESS =     0.0
 Etot   =    -24623.8026  EKtot   =      5604.0444  EPtot      =    -30227.8470
 BOND   =        50.3637  ANGLE   =       114.8913  DIHED      =       148.4511
 1-4 NB =        77.5302  1-4 EEL =        58.7259  VDWAALS    =      4346.1166
 EELEC  =    -35027.8817  EHBOND  =         0.0000  RESTRAINT  =         3.9560
 EAMBER (non-restraint)  =    -30231.8030
 EKCMT  =         0.0000  VIRIAL  =         0.0000  VOLUME     =    114142.7172
                                                    Density    =         0.8285
 ------------------------------------------------------------------------------

 NMR restraints: Bond =    0.122   Angle =     1.024   Torsion =     1.915
===============================================================================

 NSTEP =     5000   TIME(PS) =      10.000  TEMP(K) =   296.90  PRESS =     0.0
 Etot   =    -24688.9312  EKtot   =      5486.3599  EPtot      =    -30175.2911
 BOND   =        56.1041  ANGLE   =       114.3637  DIHED      =       129.1275
 1-4 NB =        76.6026  1-4 EEL =        63.7501  VDWAALS    =      4143.7453
 EELEC  =    -34762.5043  EHBOND  =         0.0000  RESTRAINT  =         3.5199
 EAMBER (non-restraint)  =    -30178.8110
 EKCMT  =         0.0000  VIRIAL  =         0.0000  VOLUME     =    114142.7172
                                                    Density    =         0.8285
 ------------------------------------------------------------------------------

 NMR restraints: Bond =    0.098   Angle =     0.514   Torsion =     0.567
===============================================================================

 NSTEP =     5500   TIME(PS) =      11.000  TEMP(K) =   301.39  PRESS =     0.0
 Etot   =    -24771.3662  EKtot   =      5569.3823  EPtot      =    -30340.7485
 BOND   =        58.9581  ANGLE   =       107.8798  DIHED      =       135.4402
 1-4 NB =        76.7316  1-4 EEL =        63.5735  VDWAALS    =      4154.8362
 EELEC  =    -34941.3483  EHBOND  =         0.0000  RESTRAINT  =         3.1804
 EAMBER (non-restraint)  =    -30343.9289
 EKCMT  =         0.0000  VIRIAL  =         0.0000  VOLUME     =    111573.8369
                                                    Density    =         0.8476
 ------------------------------------------------------------------------------

 NMR restraints: Bond =    0.184   Angle =     0.378   Torsion =     0.596
===============================================================================

 NSTEP =     6000   TIME(PS) =      12.000  TEMP(K) =   298.44  PRESS =     0.0
 Etot   =    -24808.2636  EKtot   =      5514.7676  EPtot      =    -30323.0312
 BOND   =        52.2821  ANGLE   =       102.1082  DIHED      =       138.4986
 1-4 NB =        76.6472  1-4 EEL =        61.0056  VDWAALS    =      4155.8863
 EELEC  =    -34913.8122  EHBOND  =         0.0000  RESTRAINT  =         4.3532
 EAMBER (non-restraint)  =    -30327.3843
 EKCMT  =         0.0000  VIRIAL  =         0.0000  VOLUME     =    110938.9550
                                                    Density    =         0.8524
 ------------------------------------------------------------------------------

 NMR restraints: Bond =    0.428   Angle =     1.437   Torsion =     0.213
===============================================================================

 NSTEP =     6500   TIME(PS) =      13.000  TEMP(K) =   300.30  PRESS =     0.0
 Etot   =    -24750.3147  EKtot   =      5549.1958  EPtot      =    -30299.5105
 BOND   =        54.3520  ANGLE   =       120.1079  DIHED      =       136.1039
 1-4 NB =        73.0503  1-4 EEL =        60.0466  VDWAALS    =      4164.7813
 EELEC  =    -34913.7035  EHBOND  =         0.0000  RESTRAINT  =         5.7510
 EAMBER (non-restraint)  =    -30305.2615
 EKCMT  =         0.0000  VIRIAL  =         0.0000  VOLUME     =    110795.1037
                                                    Density    =         0.8535
 ------------------------------------------------------------------------------

 NMR restraints: Bond =    0.667   Angle =     1.165   Torsion =     0.521
===============================================================================

 NSTEP =     7000   TIME(PS) =      14.000  TEMP(K) =   296.73  PRESS =     0.0
 Etot   =    -24864.2227  EKtot   =      5483.1948  EPtot      =    -30347.4176
 BOND   =        54.8517  ANGLE   =        99.2042  DIHED      =       136.5507
 1-4 NB =        78.3616  1-4 EEL =        58.6467  VDWAALS    =      4043.4408
 EELEC  =    -34822.8185  EHBOND  =         0.0000  RESTRAINT  =         4.3452
 EAMBER (non-restraint)  =    -30351.7627
 EKCMT  =         0.0000  VIRIAL  =         0.0000  VOLUME     =    109579.1114
                                                    Density    =         0.8630
 ------------------------------------------------------------------------------

 NMR restraints: Bond =    0.203   Angle =     1.126   Torsion =     0.906
===============================================================================

 NSTEP =     7500   TIME(PS) =      15.000  TEMP(K) =   298.44  PRESS =     0.0
 Etot   =    -24946.7020  EKtot   =      5514.9238  EPtot      =    -30461.6258
 BOND   =        56.2428  ANGLE   =       114.5385  DIHED      =       131.5422
 1-4 NB =        73.7235  1-4 EEL =        66.3936  VDWAALS    =      4121.5907
 EELEC  =    -35032.6008  EHBOND  =         0.0000  RESTRAINT  =         6.9437
 EAMBER (non-restraint)  =    -30468.5695
 EKCMT  =         0.0000  VIRIAL  =         0.0000  VOLUME     =    108169.1135
                                                    Density    =         0.8742
 ------------------------------------------------------------------------------

 NMR restraints: Bond =    0.278   Angle =     1.573   Torsion =     1.248
===============================================================================

 NSTEP =     8000   TIME(PS) =      16.000  TEMP(K) =   293.87  PRESS =     0.0
 Etot   =    -25052.4219  EKtot   =      5430.3501  EPtot      =    -30482.7720
 BOND   =        54.4452  ANGLE   =       107.6645  DIHED      =       126.2078
 1-4 NB =        75.0500  1-4 EEL =        60.9758  VDWAALS    =      4324.0330
 EELEC  =    -35237.4416  EHBOND  =         0.0000  RESTRAINT  =         6.2933
 EAMBER (non-restraint)  =    -30489.0653
 EKCMT  =         0.0000  VIRIAL  =         0.0000  VOLUME     =    106580.3897
                                                    Density    =         0.8873
 ------------------------------------------------------------------------------

 NMR restraints: Bond =    0.032   Angle =     0.958   Torsion =     0.815
===============================================================================

 NSTEP =     8500   TIME(PS) =      17.000  TEMP(K) =   298.10  PRESS =     0.0
 Etot   =    -24998.6125  EKtot   =      5508.6479  EPtot      =    -30507.2604
 BOND   =        46.4301  ANGLE   =       120.0315  DIHED      =       137.8391
 1-4 NB =        78.2948  1-4 EEL =        65.3099  VDWAALS    =      4190.6288
 EELEC  =    -35151.4254  EHBOND  =         0.0000  RESTRAINT  =         5.6309
 EAMBER (non-restraint)  =    -30512.8913
 EKCMT  =         0.0000  VIRIAL  =         0.0000  VOLUME     =    106362.0921
                                                    Density    =         0.8891
 ------------------------------------------------------------------------------

 NMR restraints: Bond =    0.505   Angle =     0.591   Torsion =     0.991
===============================================================================

 NSTEP =     9000   TIME(PS) =      18.000  TEMP(K) =   299.42  PRESS =     0.0
 Etot   =    -25092.9884  EKtot   =      5533.0044  EPtot      =    -30625.9928
 BOND   =        57.0550  ANGLE   =       114.1818  DIHED      =       135.6128
 1-4 NB =        76.2460  1-4 EEL =        60.6767  VDWAALS    =      4258.5991
 EELEC  =    -35335.8929  EHBOND  =         0.0000  RESTRAINT  =         7.5287
 EAMBER (non-restraint)  =    -30633.5215
 EKCMT  =         0.0000  VIRIAL  =         0.0000  VOLUME     =    104871.3228
                                                    Density    =         0.9017
 ------------------------------------------------------------------------------

 NMR restraints: Bond =    0.214   Angle =     1.155   Torsion =     1.424
===============================================================================

 NSTEP =     9500   TIME(PS) =      19.000  TEMP(K) =   297.57  PRESS =     0.0
 Etot   =    -25142.3490  EKtot   =      5498.7930  EPtot      =    -30641.1420
 BOND   =        45.4254  ANGLE   =       116.2518  DIHED      =       135.5395
 1-4 NB =        77.1748  1-4 EEL =        61.6069  VDWAALS    =      4263.0302
 EELEC  =    -35348.9884  EHBOND  =         0.0000  RESTRAINT  =         8.8178
 EAMBER (non-restraint)  =    -30649.9598
 EKCMT  =         0.0000  VIRIAL  =         0.0000  VOLUME     =    104724.9651
                                                    Density    =         0.9030
 ------------------------------------------------------------------------------

 NMR restraints: Bond =    0.202   Angle =     2.825   Torsion =     2.163
===============================================================================

 NSTEP =    10000   TIME(PS) =      20.000  TEMP(K) =   300.95  PRESS =     0.0
 Etot   =    -25178.6851  EKtot   =      5561.1748  EPtot      =    -30739.8599
 BOND   =        53.7019  ANGLE   =       105.1535  DIHED      =       133.0121
 1-4 NB =        76.1232  1-4 EEL =        60.0355  VDWAALS    =      4228.9929
 EELEC  =    -35403.6258  EHBOND  =         0.0000  RESTRAINT  =         6.7468
 EAMBER (non-restraint)  =    -30746.6067
 EKCMT  =         0.0000  VIRIAL  =         0.0000  VOLUME     =    103962.1196
                                                    Density    =         0.9096
 ------------------------------------------------------------------------------

 NMR restraints: Bond =    1.138   Angle =     1.259   Torsion =     0.488
===============================================================================

 NSTEP =    10500   TIME(PS) =      21.000  TEMP(K) =   292.05  PRESS =     0.0
 Etot   =    -25250.3518  EKtot   =      5396.7515  EPtot      =    -30647.1033
 BOND   =        58.8574  ANGLE   =       114.7784  DIHED      =       134.0631
 1-4 NB =        77.8100  1-4 EEL =        63.1400  VDWAALS    =      4187.3410
 EELEC  =    -35288.8982  EHBOND  =         0.0000  RESTRAINT  =         5.8051
 EAMBER (non-restraint)  =    -30652.9084
 EKCMT  =         0.0000  VIRIAL  =         0.0000  VOLUME     =    103053.7882
                                                    Density    =         0.9176
 ------------------------------------------------------------------------------

 NMR restraints: Bond =    0.378   Angle =     1.482   Torsion =     0.591
===============================================================================

 NSTEP =    11000   TIME(PS) =      22.000  TEMP(K) =   299.69  PRESS =     0.0
 Etot   =    -25180.6456  EKtot   =      5537.8765  EPtot      =    -30718.5220
 BOND   =        47.5350  ANGLE   =       120.8152  DIHED      =       138.1728
 1-4 NB =        71.6172  1-4 EEL =        66.0921  VDWAALS    =      4378.7814
 EELEC  =    -35549.9740  EHBOND  =         0.0000  RESTRAINT  =         8.4383
 EAMBER (non-restraint)  =    -30726.9603
 EKCMT  =         0.0000  VIRIAL  =         0.0000  VOLUME     =    101748.9353
                                                    Density    =         0.9294
 ------------------------------------------------------------------------------

 NMR restraints: Bond =    1.231   Angle =     2.527   Torsion =     0.971
===============================================================================

 NSTEP =    11500   TIME(PS) =      23.000  TEMP(K) =   295.06  PRESS =     0.0
 Etot   =    -25306.2230  EKtot   =      5452.4683  EPtot      =    -30758.6912
 BOND   =        46.5643  ANGLE   =        91.9278  DIHED      =       137.6305
 1-4 NB =        74.3083  1-4 EEL =        63.5529  VDWAALS    =      4365.2521
 EELEC  =    -35547.9606  EHBOND  =         0.0000  RESTRAINT  =        10.0334
 EAMBER (non-restraint)  =    -30768.7246
 EKCMT  =         0.0000  VIRIAL  =         0.0000  VOLUME     =    100806.4547
                                                    Density    =         0.9381
 ------------------------------------------------------------------------------

 NMR restraints: Bond =    1.457   Angle =     1.092   Torsion =     1.603
===============================================================================

 NSTEP =    12000   TIME(PS) =      24.000  TEMP(K) =   296.78  PRESS =     0.0
 Etot   =    -25278.1808  EKtot   =      5484.1201  EPtot      =    -30762.3009
 BOND   =        45.5508  ANGLE   =       105.7324  DIHED      =       139.0675
 1-4 NB =        77.3306  1-4 EEL =        58.1935  VDWAALS    =      4230.7182
 EELEC  =    -35429.2590  EHBOND  =         0.0000  RESTRAINT  =        10.3652
 EAMBER (non-restraint)  =    -30772.6661
 EKCMT  =         0.0000  VIRIAL  =         0.0000  VOLUME     =     99555.3710
                                                    Density    =         0.9499
 ------------------------------------------------------------------------------

 NMR restraints: Bond =    0.478   Angle =     0.823   Torsion =     3.538
===============================================================================

 NSTEP =    12500   TIME(PS) =      25.000  TEMP(K) =   298.73  PRESS =     0.0
 Etot   =    -25264.4581  EKtot   =      5520.2368  EPtot      =    -30784.6949
 BOND   =        36.7953  ANGLE   =       106.0747  DIHED      =       126.3086
 1-4 NB =        78.4085  1-4 EEL =        64.9762  VDWAALS    =      4306.5311
 EELEC  =    -35511.9809  EHBOND  =         0.0000  RESTRAINT  =         8.1916
 EAMBER (non-restraint)  =    -30792.8865
 EKCMT  =         0.0000  VIRIAL  =         0.0000  VOLUME     =     99111.6953
                                                    Density    =         0.9541
 ------------------------------------------------------------------------------

 NMR restraints: Bond =    1.035   Angle =     0.919   Torsion =     2.519
===============================================================================

 NSTEP =    13000   TIME(PS) =      26.000  TEMP(K) =   296.83  PRESS =     0.0
 Etot   =    -25284.2617  EKtot   =      5485.0425  EPtot      =    -30769.3041
 BOND   =        57.9262  ANGLE   =       103.7248  DIHED      =       133.1166
 1-4 NB =        75.0292  1-4 EEL =        61.5728  VDWAALS    =      4194.7127
 EELEC  =    -35403.1996  EHBOND  =         0.0000  RESTRAINT  =         7.8132
 EAMBER (non-restraint)  =    -30777.1174
 EKCMT  =         0.0000  VIRIAL  =         0.0000  VOLUME     =     98940.0292
                                                    Density    =         0.9558
 ------------------------------------------------------------------------------

 NMR restraints: Bond =    0.943   Angle =     0.906   Torsion =     1.076
===============================================================================

 NSTEP =    13500   TIME(PS) =      27.000  TEMP(K) =   303.37  PRESS =     0.0
 Etot   =    -25217.0737  EKtot   =      5605.9429  EPtot      =    -30823.0166
 BOND   =        42.8530  ANGLE   =       119.2544  DIHED      =       133.8701
 1-4 NB =        76.9921  1-4 EEL =        62.2547  VDWAALS    =      4443.9442
 EELEC  =    -35709.9422  EHBOND  =         0.0000  RESTRAINT  =         7.7571
 EAMBER (non-restraint)  =    -30830.7737
 EKCMT  =         0.0000  VIRIAL  =         0.0000  VOLUME     =     97609.2870
                                                    Density    =         0.9688
 ------------------------------------------------------------------------------

 NMR restraints: Bond =    0.939   Angle =     0.767   Torsion =     3.205
===============================================================================

 NSTEP =    14000   TIME(PS) =      28.000  TEMP(K) =   300.22  PRESS =     0.0
 Etot   =    -25153.1162  EKtot   =      5547.7539  EPtot      =    -30700.8701
 BOND   =        52.8304  ANGLE   =       123.7047  DIHED      =       142.5047
 1-4 NB =        76.6498  1-4 EEL =        66.1779  VDWAALS    =      4297.0293
 EELEC  =    -35467.0560  EHBOND  =         0.0000  RESTRAINT  =         7.2890
 EAMBER (non-restraint)  =    -30708.1591
 EKCMT  =         0.0000  VIRIAL  =         0.0000  VOLUME     =     97609.2870
                                                    Density    =         0.9688
 ------------------------------------------------------------------------------

 NMR restraints: Bond =    0.126   Angle =     0.473   Torsion =     1.475
===============================================================================

 NSTEP =    14500   TIME(PS) =      29.000  TEMP(K) =   303.95  PRESS =     0.0
 Etot   =    -25219.5837  EKtot   =      5616.7261  EPtot      =    -30836.3098
 BOND   =        59.7558  ANGLE   =       102.7763  DIHED      =       138.9296
 1-4 NB =        72.7887  1-4 EEL =        63.2593  VDWAALS    =      4271.8357
 EELEC  =    -35553.6911  EHBOND  =         0.0000  RESTRAINT  =         8.0359
 EAMBER (non-restraint)  =    -30844.3456
 EKCMT  =         0.0000  VIRIAL  =         0.0000  VOLUME     =     97260.5439
                                                    Density    =         0.9723
 ------------------------------------------------------------------------------

 NMR restraints: Bond =    0.113   Angle =     0.256   Torsion =     1.507
===============================================================================

 NSTEP =    15000   TIME(PS) =      30.000  TEMP(K) =   299.10  PRESS =     0.0
 Etot   =    -25261.7377  EKtot   =      5527.0322  EPtot      =    -30788.7700
 BOND   =        70.6078  ANGLE   =       110.2985  DIHED      =       136.4343
 1-4 NB =        72.8649  1-4 EEL =        59.6265  VDWAALS    =      4126.9644
 EELEC  =    -35374.1299  EHBOND  =         0.0000  RESTRAINT  =         8.5635
 EAMBER (non-restraint)  =    -30797.3335
 EKCMT  =         0.0000  VIRIAL  =         0.0000  VOLUME     =     97260.5439
                                                    Density    =         0.9723
 ------------------------------------------------------------------------------

 NMR restraints: Bond =    0.413   Angle =     0.634   Torsion =     2.135
===============================================================================

 NSTEP =    15500   TIME(PS) =      31.000  TEMP(K) =   296.26  PRESS =     0.0
 Etot   =    -25335.8575  EKtot   =      5474.4902  EPtot      =    -30810.3478
 BOND   =        61.2073  ANGLE   =       113.9843  DIHED      =       141.5995
 1-4 NB =        82.5546  1-4 EEL =        64.9600  VDWAALS    =      4337.7010
 EELEC  =    -35619.6695  EHBOND  =         0.0000  RESTRAINT  =         7.3150
 EAMBER (non-restraint)  =    -30817.6628
 EKCMT  =         0.0000  VIRIAL  =         0.0000  VOLUME     =     96031.8525
                                                    Density    =         0.9847
 ------------------------------------------------------------------------------

 NMR restraints: Bond =    0.067   Angle =     0.355   Torsion =     1.192
===============================================================================

 NSTEP =    16000   TIME(PS) =      32.000  TEMP(K) =   298.75  PRESS =     0.0
 Etot   =    -25526.5635  EKtot   =      5520.5200  EPtot      =    -31047.0836
 BOND   =        44.8868  ANGLE   =        99.7967  DIHED      =       138.7978
 1-4 NB =        80.2283  1-4 EEL =        63.9938  VDWAALS    =      4517.8362
 EELEC  =    -36002.7629  EHBOND  =         0.0000  RESTRAINT  =        10.1397
 EAMBER (non-restraint)  =    -31057.2233
 EKCMT  =         0.0000  VIRIAL  =         0.0000  VOLUME     =     94500.6259
                                                    Density    =         1.0007
 ------------------------------------------------------------------------------

 NMR restraints: Bond =    2.011   Angle =     0.820   Torsion =     0.485
===============================================================================

 NSTEP =    16500   TIME(PS) =      33.000  TEMP(K) =   295.96  PRESS =     0.0
 Etot   =    -25553.3620  EKtot   =      5469.0259  EPtot      =    -31022.3879
 BOND   =        50.7368  ANGLE   =       113.8666  DIHED      =       120.8170
 1-4 NB =        78.4021  1-4 EEL =        61.3211  VDWAALS    =      4344.2418
 EELEC  =    -35797.9529  EHBOND  =         0.0000  RESTRAINT  =         6.1796
 EAMBER (non-restraint)  =    -31028.5675
 EKCMT  =         0.0000  VIRIAL  =         0.0000  VOLUME     =     94654.6232
                                                    Density    =         0.9990
 ------------------------------------------------------------------------------

 NMR restraints: Bond =    1.716   Angle =     0.588   Torsion =     0.336
===============================================================================

 NSTEP =    17000   TIME(PS) =      34.000  TEMP(K) =   298.32  PRESS =     0.0
 Etot   =    -25516.9220  EKtot   =      5512.6987  EPtot      =    -31029.6207
 BOND   =        39.3378  ANGLE   =       110.2418  DIHED      =       134.5044
 1-4 NB =        78.9288  1-4 EEL =        68.2787  VDWAALS    =      4313.0388
 EELEC  =    -35783.9016  EHBOND  =         0.0000  RESTRAINT  =         9.9505
 EAMBER (non-restraint)  =    -31039.5713
 EKCMT  =         0.0000  VIRIAL  =         0.0000  VOLUME     =     93941.9676
                                                    Density    =         1.0066
 ------------------------------------------------------------------------------

 NMR restraints: Bond =    0.753   Angle =     3.074   Torsion =     3.354
===============================================================================

 NSTEP =    17500   TIME(PS) =      35.000  TEMP(K) =   301.15  PRESS =     0.0
 Etot   =    -25615.5084  EKtot   =      5564.8765  EPtot      =    -31180.3848
 BOND   =        40.9907  ANGLE   =       114.2442  DIHED      =       132.6395
 1-4 NB =        76.7257  1-4 EEL =        61.2755  VDWAALS    =      4380.7670
 EELEC  =    -35995.5835  EHBOND  =         0.0000  RESTRAINT  =         8.5560
 EAMBER (non-restraint)  =    -31188.9409
 EKCMT  =         0.0000  VIRIAL  =         0.0000  VOLUME     =     93630.1686
                                                    Density    =         1.0100
 ------------------------------------------------------------------------------

 NMR restraints: Bond =    0.035   Angle =     0.071   Torsion =     1.788
===============================================================================
