
          -------------------------------------------------------
          Amber 18 PMEMD                              2018
          -------------------------------------------------------

| PMEMD implementation of SANDER, Release 18

| Run on 05/02/2018 at 10:32:34

|   Executable path: pmemd.cuda
| Working directory: /oasis/tscc/scratch/davids4/SAMPLing-cut9/11499239.tscc-mgr.local
|          Hostname: tscc-gpu-7-10.sdsc.edu

  [-O]verwriting output

File Assignments:
|   MDIN: equil.000.in                                                          
|  MDOUT: equil.000.out                                                         
| INPCRD: minimize.rst7                                                         
|   PARM: solvate.prmtop                                                        
| RESTRT: equil.000.rst7                                                        
|   REFC: solvate.rst7                                                          
|  MDVEL: mdvel                                                                 
|   MDEN: equil.000.mden                                                        
|  MDCRD: equil.000.nc                                                          
| MDINFO: equil.000.mdinfo                                                      
|  MDFRC: mdfrc                                                                 


 Here is the input file:

PBC MD Simulation                                                              
 &cntrl                                                                        
  imin =          0,                                                           
  ntx =           1,                                                           
  irest =         0,                                                           
  maxcyc =        0,                                                           
  ncyc =          0,                                                           
  dt =            0.002,                                                       
  nstlim =        500000,                                                      
  ntpr =          500,                                                         
  ntwe =          500,                                                         
  ntwr =          250,                                                         
  ntwx =          250,                                                         
  ntxo =          1,                                                           
  ioutfm =        1,                                                           
  ntf =           2,                                                           
  ntc =           2,                                                           
  cut =           9.0,                                                         
  igb =           0,                                                           
  tempi =         298.15,                                                      
  temp0 =         298.15,                                                      
  ntt =           3,                                                           
  gamma_ln =      1.0,                                                         
  ig =            -1,                                                          
  ntp =           1,                                                           
  barostat =      2,                                                           
  ntr =           1,                                                           
  restraint_wt =  50.0,                                                        
  restraintmask = '@DUM',                                                      
  nmropt =        1,                                                           
  pencut =        -1,                                                          
  ntwprt =        204,                                                         
 /                                                                             
 &wt type = 'END', /                                                           
DISANG = disang.rest                                                           
LISTOUT = POUT                                                                 
                                                                               


Note: ig = -1. Setting random seed to   333307 based on wallclock time in 
      microseconds.
| irandom = 1, using AMBER's internal random number generator (default).
 
|--------------------- INFORMATION ----------------------
| GPU (CUDA) Version of PMEMD in use: NVIDIA GPU IN USE.
|                    Version 18.0.0
| 
|                      03/25/2018
| 
| Implementation by:
|                    Ross C. Walker     (SDSC)
|                    Scott Le Grand     (nVIDIA)
| 
| Version 18 performance extensions by:
|                    David Cerutti     (Rutgers)
| 
| Precision model in use:
|      [SPFP] - Single Precision Forces, 64-bit Fixed Point
|               Accumulation. (Default)
| 
|--------------------------------------------------------
 
|----------------- CITATION INFORMATION -----------------
|
|    When publishing work that utilized the CUDA version
|    of AMBER, please cite the following in addition to
|    the regular AMBER citations:
|
|  - Romelia Salomon-Ferrer; Andreas W. Goetz; Duncan
|    Poole; Scott Le Grand; Ross C. Walker "Routine
|    microsecond molecular dynamics simulations with
|    AMBER - Part II: Particle Mesh Ewald", J. Chem.
|    Theory Comput., 2013, 9 (9), pp3878-3888,
|    DOI: 10.1021/ct400314y.
|
|  - Andreas W. Goetz; Mark J. Williamson; Dong Xu;
|    Duncan Poole; Scott Le Grand; Ross C. Walker
|    "Routine microsecond molecular dynamics simulations
|    with AMBER - Part I: Generalized Born", J. Chem.
|    Theory Comput., 2012, 8 (5), pp1542-1555.
|
|  - Scott Le Grand; Andreas W. Goetz; Ross C. Walker
|    "SPFP: Speed without compromise - a mixed precision
|    model for GPU accelerated molecular dynamics
|    simulations.", Comp. Phys. Comm., 2013, 184
|    pp374-380, DOI: 10.1016/j.cpc.2012.09.022
|
|--------------------------------------------------------
 
|------------------- GPU DEVICE INFO --------------------
|
|            CUDA_VISIBLE_DEVICES: 4
|   CUDA Capable Devices Detected:      1
|           CUDA Device ID in use:      0
|                CUDA Device Name: GeForce GTX TITAN X
|     CUDA Device Global Mem Size:  12207 MB
| CUDA Device Num Multiprocessors:     24
|           CUDA Device Core Freq:   1.08 GHz
|
|--------------------------------------------------------
 
 
| Conditional Compilation Defines Used:
| PUBFFT
| BINTRAJ
| CUDA
| EMIL

| Largest sphere to fit in unit cell has radius =    21.056

| New format PARM file being parsed.
| Version =    1.000 Date = 04/23/18 Time = 19:57:03

| Note: 1-4 EEL scale factors are being read from the topology file.

| Note: 1-4 VDW scale factors are being read from the topology file.
| Duplicated    0 dihedrals

| Duplicated    0 dihedrals

--------------------------------------------------------------------------------
   1.  RESOURCE   USE: 
--------------------------------------------------------------------------------

 getting new box info from bottom of inpcrd
 NATOM  =    9221 NTYPES =      11 NBONH =    9065 MBONA  =     155
 NTHETH =     148 MTHETA =     231 NPHIH =     343 MPHIA  =     362
 NHPARM =       0 NPARM  =       0 NNB   =   13205 NRES   =    3022
 NBONA  =     155 NTHETA =     231 NPHIA =     362 NUMBND =      16
 NUMANG =      28 NPTRA  =      15 NATYP =      14 NPHB   =       0
 IFBOX  =       1 NMXRS  =     184 IFCAP =       0 NEXTRA =       0
 NCOPY  =       0

| Coordinate Index Table dimensions:     8    8   14
| Direct force subcell size =     5.2641    5.3276    5.0585

     BOX TYPE: RECTILINEAR

--------------------------------------------------------------------------------
   2.  CONTROL  DATA  FOR  THE  RUN
--------------------------------------------------------------------------------

default_name                                                                    

General flags:
     imin    =       0, nmropt  =       1

Nature and format of input:
     ntx     =       1, irest   =       0, ntrx    =       1

Nature and format of output:
     ntxo    =       1, ntpr    =     500, ntrx    =       1, ntwr    =     250
     iwrap   =       0, ntwx    =     250, ntwv    =       0, ntwe    =     500
     ioutfm  =       1, ntwprt  =     204, idecomp =       0, rbornstat=      0

Potential function:
     ntf     =       2, ntb     =       2, igb     =       0, nsnb    =      25
     ipol    =       0, gbsa    =       0, iesp    =       0
     dielc   =   1.00000, cut     =   9.00000, intdiel =   1.00000

Frozen or restrained atoms:
     ibelly  =       0, ntr     =       1
     restraint_wt =  50.00000

Molecular dynamics:
     nstlim  =    500000, nscm    =         0, nrespa  =         1
     t       =   0.00000, dt      =   0.00200, vlimit  =  -1.00000

Langevin dynamics temperature regulation:
     ig      =  333307
     temp0   = 298.15000, tempi   = 298.15000, gamma_ln=   1.00000

Pressure regulation:
     ntp     =       1
     pres0   =   1.00000, comp    =  44.60000, taup    =   1.00000
     Monte-Carlo Barostat:
     mcbarint  =     100

SHAKE:
     ntc     =       2, jfastw  =       0
     tol     =   0.00001

NMR refinement options:
     iscale  =       0, noeskp  =       1, ipnlty  =       1, mxsub   =       1
     scalm   = 100.00000, pencut  =  -1.00000, tausw   =   0.10000

| Intermolecular bonds treatment:
|     no_intermolecular_bonds =       1

| Energy averages sample interval:
|     ene_avg_sampling =     500

Ewald parameters:
     verbose =       0, ew_type =       0, nbflag  =       1, use_pme =       1
     vdwmeth =       1, eedmeth =       1, netfrc  =       1
     Box X =   42.113   Box Y =   42.620   Box Z =   70.818
     Alpha =   90.000   Beta  =   90.000   Gamma =   90.000
     NFFT1 =   48       NFFT2 =   48       NFFT3 =   72
     Cutoff=    9.000   Tol   =0.100E-04
     Ewald Coefficient =  0.30768
     Interpolation order =    4

    LOADING THE CONSTRAINED ATOMS AS GROUPS


   5.  REFERENCE ATOM COORDINATES

  default_name                                                                    
     Mask @DUM; matches     3 atoms
| MONTE CARLO BAROSTAT IMPORTANT NOTE:
|   The Monte-Carlo barostat does not require the virial to adjust the system volume.
|   Since it is an expensive calculation, it is skipped for efficiency. A side-effect
|   is that the reported pressure is always 0 because it is not calculated.

--------------------------------------------------------------------------------
   3.  ATOMIC COORDINATES AND VELOCITIES
--------------------------------------------------------------------------------

default_name                                                                    
 begin time read from input coords =     0.000 ps



           Begin reading energy term weight changes/NMR restraints
 WEIGHT CHANGES:
                         ** No weight changes given **

 RESTRAINTS:
 Requested file redirections:
  DISANG    = disang.rest
  LISTOUT   = POUT
 Restraints will be read from file: disang.rest
Here are comments from the DISANG input file:

                       Number of restraints read =     9

                  Done reading weight changes/NMR restraints


 
 Number of triangulated 3-point waters found:     3000

     Sum of charges from parm topology file =   0.00000002
     Forcing neutrality...

| Dynamic Memory, Types Used:
| Reals              528869
| Integers           283979

| Nonbonded Pairs Initial Allocation:     2102388

| GPU memory information (estimate):
| KB of GPU memory in use:         0
| KB of CPU memory in use:         0

--------------------------------------------------------------------------------
   4.  RESULTS
--------------------------------------------------------------------------------


 NSTEP =        0   TIME(PS) =       0.000  TEMP(K) =   444.18  PRESS =     0.0
 Etot   =    -30805.0664  EKtot   =      8208.0156  EPtot      =    -39013.0819
 BOND   =        13.1004  ANGLE   =        57.1724  DIHED      =       104.9254
 1-4 NB =        66.5309  1-4 EEL =        61.9553  VDWAALS    =      6272.0517
 EELEC  =    -45589.5245  EHBOND  =         0.0000  RESTRAINT  =         0.7065
 EAMBER (non-restraint)  =    -39013.7884
 EKCMT  =         0.0000  VIRIAL  =         0.0000  VOLUME     =    127108.9996
                                                    Density    =         0.7440
 ------------------------------------------------------------------------------

 NMR restraints: Bond =    0.301   Angle =     0.317   Torsion =     0.070
===============================================================================

 NSTEP =      500   TIME(PS) =       1.000  TEMP(K) =   262.87  PRESS =     0.0
 Etot   =    -25897.2367  EKtot   =      4857.5601  EPtot      =    -30754.7968
 BOND   =        40.5505  ANGLE   =       102.1907  DIHED      =       129.5660
 1-4 NB =        74.0824  1-4 EEL =        63.0405  VDWAALS    =      4535.3550
 EELEC  =    -35708.0106  EHBOND  =         0.0000  RESTRAINT  =         8.4288
 EAMBER (non-restraint)  =    -30763.2255
 EKCMT  =         0.0000  VIRIAL  =         0.0000  VOLUME     =    126130.9544
                                                    Density    =         0.7497
 ------------------------------------------------------------------------------

 NMR restraints: Bond =    0.675   Angle =     0.906   Torsion =     0.694
===============================================================================

 NSTEP =     1000   TIME(PS) =       2.000  TEMP(K) =   280.46  PRESS =     0.0
 Etot   =    -25004.5711  EKtot   =      5182.6084  EPtot      =    -30187.1795
 BOND   =        58.0405  ANGLE   =       113.5027  DIHED      =       135.8592
 1-4 NB =        76.5031  1-4 EEL =        60.2382  VDWAALS    =      4709.6150
 EELEC  =    -35344.9453  EHBOND  =         0.0000  RESTRAINT  =         4.0071
 EAMBER (non-restraint)  =    -30191.1866
 EKCMT  =         0.0000  VIRIAL  =         0.0000  VOLUME     =    124167.0635
                                                    Density    =         0.7616
 ------------------------------------------------------------------------------

 NMR restraints: Bond =    0.653   Angle =     1.203   Torsion =     0.025
===============================================================================

 NSTEP =     1500   TIME(PS) =       3.000  TEMP(K) =   290.46  PRESS =     0.0
 Etot   =    -24639.1384  EKtot   =      5367.4463  EPtot      =    -30006.5847
 BOND   =        54.4202  ANGLE   =        96.1944  DIHED      =       128.7626
 1-4 NB =        74.0413  1-4 EEL =        68.2800  VDWAALS    =      4384.8354
 EELEC  =    -34818.8241  EHBOND  =         0.0000  RESTRAINT  =         5.7055
 EAMBER (non-restraint)  =    -30012.2902
 EKCMT  =         0.0000  VIRIAL  =         0.0000  VOLUME     =    122045.5796
                                                    Density    =         0.7748
 ------------------------------------------------------------------------------

 NMR restraints: Bond =    0.426   Angle =     2.000   Torsion =     0.417
===============================================================================

 NSTEP =     2000   TIME(PS) =       4.000  TEMP(K) =   300.09  PRESS =     0.0
 Etot   =    -24584.1686  EKtot   =      5545.3032  EPtot      =    -30129.4718
 BOND   =        63.1641  ANGLE   =       100.5284  DIHED      =       132.3345
 1-4 NB =        71.5456  1-4 EEL =        62.0685  VDWAALS    =      4067.9012
 EELEC  =    -34633.4321  EHBOND  =         0.0000  RESTRAINT  =         6.4178
 EAMBER (non-restraint)  =    -30135.8897
 EKCMT  =         0.0000  VIRIAL  =         0.0000  VOLUME     =    119105.9944
                                                    Density    =         0.7940
 ------------------------------------------------------------------------------

 NMR restraints: Bond =    0.230   Angle =     0.741   Torsion =     0.627
===============================================================================

 NSTEP =     2500   TIME(PS) =       5.000  TEMP(K) =   296.26  PRESS =     0.0
 Etot   =    -24775.6490  EKtot   =      5474.6211  EPtot      =    -30250.2701
 BOND   =        52.6663  ANGLE   =       108.4715  DIHED      =       147.6411
 1-4 NB =        77.7847  1-4 EEL =        65.2519  VDWAALS    =      4387.1745
 EELEC  =    -35092.1347  EHBOND  =         0.0000  RESTRAINT  =         2.8745
 EAMBER (non-restraint)  =    -30253.1446
 EKCMT  =         0.0000  VIRIAL  =         0.0000  VOLUME     =    117906.3865
                                                    Density    =         0.8020
 ------------------------------------------------------------------------------

 NMR restraints: Bond =    0.053   Angle =     1.867   Torsion =     0.076
===============================================================================

 NSTEP =     3000   TIME(PS) =       6.000  TEMP(K) =   293.64  PRESS =     0.0
 Etot   =    -24600.0479  EKtot   =      5426.1104  EPtot      =    -30026.1583
 BOND   =        52.4744  ANGLE   =       100.4008  DIHED      =       134.9382
 1-4 NB =        75.6598  1-4 EEL =        63.7205  VDWAALS    =      4234.1897
 EELEC  =    -34692.4635  EHBOND  =         0.0000  RESTRAINT  =         4.9219
 EAMBER (non-restraint)  =    -30031.0801
 EKCMT  =         0.0000  VIRIAL  =         0.0000  VOLUME     =    117545.5629
                                                    Density    =         0.8045
 ------------------------------------------------------------------------------

 NMR restraints: Bond =    0.871   Angle =     0.976   Torsion =     0.112
===============================================================================

 NSTEP =     3500   TIME(PS) =       7.000  TEMP(K) =   298.66  PRESS =     0.0
 Etot   =    -24692.0354  EKtot   =      5518.9976  EPtot      =    -30211.0330
 BOND   =        61.5923  ANGLE   =        96.8584  DIHED      =       140.0129
 1-4 NB =        72.3376  1-4 EEL =        68.2531  VDWAALS    =      4462.5862
 EELEC  =    -35117.0380  EHBOND  =         0.0000  RESTRAINT  =         4.3645
 EAMBER (non-restraint)  =    -30215.3975
 EKCMT  =         0.0000  VIRIAL  =         0.0000  VOLUME     =    115288.6334
                                                    Density    =         0.8202
 ------------------------------------------------------------------------------

 NMR restraints: Bond =    0.947   Angle =     0.705   Torsion =     0.200
===============================================================================

 NSTEP =     4000   TIME(PS) =       8.000  TEMP(K) =   296.33  PRESS =     0.0
 Etot   =    -24702.5547  EKtot   =      5475.8237  EPtot      =    -30178.3784
 BOND   =        61.1799  ANGLE   =       120.3362  DIHED      =       134.4237
 1-4 NB =        74.4838  1-4 EEL =        58.1535  VDWAALS    =      4188.1647
 EELEC  =    -34819.7343  EHBOND  =         0.0000  RESTRAINT  =         4.6140
 EAMBER (non-restraint)  =    -30182.9925
 EKCMT  =         0.0000  VIRIAL  =         0.0000  VOLUME     =    113533.3088
                                                    Density    =         0.8329
 ------------------------------------------------------------------------------

 NMR restraints: Bond =    1.633   Angle =     1.276   Torsion =     0.248
===============================================================================

 NSTEP =     4500   TIME(PS) =       9.000  TEMP(K) =   299.69  PRESS =     0.0
 Etot   =    -24812.9601  EKtot   =      5537.9146  EPtot      =    -30350.8747
 BOND   =        49.1805  ANGLE   =        95.0475  DIHED      =       135.4095
 1-4 NB =        77.7241  1-4 EEL =        62.8518  VDWAALS    =      4257.7864
 EELEC  =    -35036.3437  EHBOND  =         0.0000  RESTRAINT  =         7.4694
 EAMBER (non-restraint)  =    -30358.3440
 EKCMT  =         0.0000  VIRIAL  =         0.0000  VOLUME     =    112768.0951
                                                    Density    =         0.8386
 ------------------------------------------------------------------------------

 NMR restraints: Bond =    1.618   Angle =     0.841   Torsion =     2.209
===============================================================================

 NSTEP =     5000   TIME(PS) =      10.000  TEMP(K) =   301.56  PRESS =     0.0
 Etot   =    -24728.4388  EKtot   =      5572.4888  EPtot      =    -30300.9276
 BOND   =        58.9337  ANGLE   =       100.2898  DIHED      =       128.0302
 1-4 NB =        78.8333  1-4 EEL =        67.7372  VDWAALS    =      4309.7101
 EELEC  =    -35049.7313  EHBOND  =         0.0000  RESTRAINT  =         5.2695
 EAMBER (non-restraint)  =    -30306.1971
 EKCMT  =         0.0000  VIRIAL  =         0.0000  VOLUME     =    110312.5357
                                                    Density    =         0.8572
 ------------------------------------------------------------------------------

 NMR restraints: Bond =    0.489   Angle =     1.991   Torsion =     0.038
===============================================================================

 NSTEP =     5500   TIME(PS) =      11.000  TEMP(K) =   297.03  PRESS =     0.0
 Etot   =    -24887.3975  EKtot   =      5488.8779  EPtot      =    -30376.2754
 BOND   =        54.1689  ANGLE   =       101.6162  DIHED      =       138.7071
 1-4 NB =        75.7238  1-4 EEL =        67.1921  VDWAALS    =      4123.0811
 EELEC  =    -34942.4200  EHBOND  =         0.0000  RESTRAINT  =         5.6554
 EAMBER (non-restraint)  =    -30381.9308
 EKCMT  =         0.0000  VIRIAL  =         0.0000  VOLUME     =    108707.6687
                                                    Density    =         0.8699
 ------------------------------------------------------------------------------

 NMR restraints: Bond =    0.769   Angle =     1.875   Torsion =     1.480
===============================================================================

 NSTEP =     6000   TIME(PS) =      12.000  TEMP(K) =   303.05  PRESS =     0.0
 Etot   =    -24922.9534  EKtot   =      5600.0068  EPtot      =    -30522.9603
 BOND   =        45.0797  ANGLE   =       112.1609  DIHED      =       139.9501
 1-4 NB =        77.4928  1-4 EEL =        66.3656  VDWAALS    =      4244.2168
 EELEC  =    -35213.6296  EHBOND  =         0.0000  RESTRAINT  =         5.4035
 EAMBER (non-restraint)  =    -30528.3637
 EKCMT  =         0.0000  VIRIAL  =         0.0000  VOLUME     =    107208.4429
                                                    Density    =         0.8821
 ------------------------------------------------------------------------------

 NMR restraints: Bond =    0.018   Angle =     2.535   Torsion =     0.367
===============================================================================

 NSTEP =     6500   TIME(PS) =      13.000  TEMP(K) =   303.79  PRESS =     0.0
 Etot   =    -24982.7106  EKtot   =      5613.7500  EPtot      =    -30596.4606
 BOND   =        51.0412  ANGLE   =       108.3346  DIHED      =       127.8318
 1-4 NB =        76.6895  1-4 EEL =        59.1115  VDWAALS    =      4202.9084
 EELEC  =    -35226.9826  EHBOND  =         0.0000  RESTRAINT  =         4.6051
 EAMBER (non-restraint)  =    -30601.0658
 EKCMT  =         0.0000  VIRIAL  =         0.0000  VOLUME     =    105863.7359
                                                    Density    =         0.8933
 ------------------------------------------------------------------------------

 NMR restraints: Bond =    0.409   Angle =     0.957   Torsion =     0.154
===============================================================================

 NSTEP =     7000   TIME(PS) =      14.000  TEMP(K) =   297.12  PRESS =     0.0
 Etot   =    -24940.5125  EKtot   =      5490.4468  EPtot      =    -30430.9593
 BOND   =        48.8188  ANGLE   =        99.1163  DIHED      =       133.7485
 1-4 NB =        77.2235  1-4 EEL =        63.4457  VDWAALS    =      4056.4089
 EELEC  =    -34912.6820  EHBOND  =         0.0000  RESTRAINT  =         2.9609
 EAMBER (non-restraint)  =    -30433.9202
 EKCMT  =         0.0000  VIRIAL  =         0.0000  VOLUME     =    105882.7384
                                                    Density    =         0.8931
 ------------------------------------------------------------------------------

 NMR restraints: Bond =    0.270   Angle =     1.013   Torsion =     0.603
===============================================================================
