
          -------------------------------------------------------
          Amber 18 PMEMD                              2018
          -------------------------------------------------------

| PMEMD implementation of SANDER, Release 18

| Run on 05/02/2018 at 11:57:09

|   Executable path: pmemd.cuda
| Working directory: /oasis/tscc/scratch/davids4/SAMPLing-cut9/11499559.tscc-mgr.local
|          Hostname: tscc-gpu-6-8.sdsc.edu

  [-O]verwriting output

File Assignments:
|   MDIN: equil.000.in                                                          
|  MDOUT: equil.000.out                                                         
| INPCRD: minimize.rst7                                                         
|   PARM: solvate.prmtop                                                        
| RESTRT: equil.000.rst7                                                        
|   REFC: solvate.rst7                                                          
|  MDVEL: mdvel                                                                 
|   MDEN: equil.000.mden                                                        
|  MDCRD: equil.000.nc                                                          
| MDINFO: equil.000.mdinfo                                                      
|  MDFRC: mdfrc                                                                 


 Here is the input file:

PBC MD Simulation                                                              
 &cntrl                                                                        
  imin =          0,                                                           
  ntx =           1,                                                           
  irest =         0,                                                           
  maxcyc =        0,                                                           
  ncyc =          0,                                                           
  dt =            0.002,                                                       
  nstlim =        500000,                                                      
  ntpr =          500,                                                         
  ntwe =          500,                                                         
  ntwr =          250,                                                         
  ntwx =          250,                                                         
  ntxo =          1,                                                           
  ioutfm =        1,                                                           
  ntf =           2,                                                           
  ntc =           2,                                                           
  cut =           9.0,                                                         
  igb =           0,                                                           
  tempi =         298.15,                                                      
  temp0 =         298.15,                                                      
  ntt =           3,                                                           
  gamma_ln =      1.0,                                                         
  ig =            -1,                                                          
  ntp =           1,                                                           
  barostat =      2,                                                           
  ntr =           1,                                                           
  restraint_wt =  50.0,                                                        
  restraintmask = '@DUM',                                                      
  nmropt =        1,                                                           
  pencut =        -1,                                                          
  ntwprt =        206,                                                         
 /                                                                             
 &wt type = 'END', /                                                           
DISANG = disang.rest                                                           
LISTOUT = POUT                                                                 
                                                                               


Note: ig = -1. Setting random seed to   399344 based on wallclock time in 
      microseconds.
| irandom = 1, using AMBER's internal random number generator (default).
 
|--------------------- INFORMATION ----------------------
| GPU (CUDA) Version of PMEMD in use: NVIDIA GPU IN USE.
|                    Version 18.0.0
| 
|                      03/25/2018
| 
| Implementation by:
|                    Ross C. Walker     (SDSC)
|                    Scott Le Grand     (nVIDIA)
| 
| Version 18 performance extensions by:
|                    David Cerutti     (Rutgers)
| 
| Precision model in use:
|      [SPFP] - Single Precision Forces, 64-bit Fixed Point
|               Accumulation. (Default)
| 
|--------------------------------------------------------
 
|----------------- CITATION INFORMATION -----------------
|
|    When publishing work that utilized the CUDA version
|    of AMBER, please cite the following in addition to
|    the regular AMBER citations:
|
|  - Romelia Salomon-Ferrer; Andreas W. Goetz; Duncan
|    Poole; Scott Le Grand; Ross C. Walker "Routine
|    microsecond molecular dynamics simulations with
|    AMBER - Part II: Particle Mesh Ewald", J. Chem.
|    Theory Comput., 2013, 9 (9), pp3878-3888,
|    DOI: 10.1021/ct400314y.
|
|  - Andreas W. Goetz; Mark J. Williamson; Dong Xu;
|    Duncan Poole; Scott Le Grand; Ross C. Walker
|    "Routine microsecond molecular dynamics simulations
|    with AMBER - Part I: Generalized Born", J. Chem.
|    Theory Comput., 2012, 8 (5), pp1542-1555.
|
|  - Scott Le Grand; Andreas W. Goetz; Ross C. Walker
|    "SPFP: Speed without compromise - a mixed precision
|    model for GPU accelerated molecular dynamics
|    simulations.", Comp. Phys. Comm., 2013, 184
|    pp374-380, DOI: 10.1016/j.cpc.2012.09.022
|
|--------------------------------------------------------
 
|------------------- GPU DEVICE INFO --------------------
|
|            CUDA_VISIBLE_DEVICES: 2
|   CUDA Capable Devices Detected:      1
|           CUDA Device ID in use:      0
|                CUDA Device Name: GeForce GTX TITAN X
|     CUDA Device Global Mem Size:  12207 MB
| CUDA Device Num Multiprocessors:     24
|           CUDA Device Core Freq:   1.08 GHz
|
|--------------------------------------------------------
 
 
| Conditional Compilation Defines Used:
| PUBFFT
| BINTRAJ
| CUDA
| EMIL

| Largest sphere to fit in unit cell has radius =    22.541

| New format PARM file being parsed.
| Version =    1.000 Date = 04/23/18 Time = 20:12:11

| Note: 1-4 EEL scale factors are being read from the topology file.

| Note: 1-4 VDW scale factors are being read from the topology file.
| Duplicated    0 dihedrals

| Duplicated    0 dihedrals

--------------------------------------------------------------------------------
   1.  RESOURCE   USE: 
--------------------------------------------------------------------------------

 getting new box info from bottom of inpcrd
 NATOM  =    9223 NTYPES =      11 NBONH =    9067 MBONA  =     155
 NTHETH =     153 MTHETA =     232 NPHIH =     345 MPHIA  =     366
 NHPARM =       0 NPARM  =       0 NNB   =   13221 NRES   =    3022
 NBONA  =     155 NTHETA =     232 NPHIA =     366 NUMBND =      13
 NUMANG =      22 NPTRA  =      15 NATYP =      13 NPHB   =       0
 IFBOX  =       1 NMXRS  =     184 IFCAP =       0 NEXTRA =       0
 NCOPY  =       0

| Coordinate Index Table dimensions:     9    9   12
| Direct force subcell size =     5.1070    5.0092    5.0679

     BOX TYPE: RECTILINEAR

--------------------------------------------------------------------------------
   2.  CONTROL  DATA  FOR  THE  RUN
--------------------------------------------------------------------------------

default_name                                                                    

General flags:
     imin    =       0, nmropt  =       1

Nature and format of input:
     ntx     =       1, irest   =       0, ntrx    =       1

Nature and format of output:
     ntxo    =       1, ntpr    =     500, ntrx    =       1, ntwr    =     250
     iwrap   =       0, ntwx    =     250, ntwv    =       0, ntwe    =     500
     ioutfm  =       1, ntwprt  =     206, idecomp =       0, rbornstat=      0

Potential function:
     ntf     =       2, ntb     =       2, igb     =       0, nsnb    =      25
     ipol    =       0, gbsa    =       0, iesp    =       0
     dielc   =   1.00000, cut     =   9.00000, intdiel =   1.00000

Frozen or restrained atoms:
     ibelly  =       0, ntr     =       1
     restraint_wt =  50.00000

Molecular dynamics:
     nstlim  =    500000, nscm    =         0, nrespa  =         1
     t       =   0.00000, dt      =   0.00200, vlimit  =  -1.00000

Langevin dynamics temperature regulation:
     ig      =  399344
     temp0   = 298.15000, tempi   = 298.15000, gamma_ln=   1.00000

Pressure regulation:
     ntp     =       1
     pres0   =   1.00000, comp    =  44.60000, taup    =   1.00000
     Monte-Carlo Barostat:
     mcbarint  =     100

SHAKE:
     ntc     =       2, jfastw  =       0
     tol     =   0.00001

NMR refinement options:
     iscale  =       0, noeskp  =       1, ipnlty  =       1, mxsub   =       1
     scalm   = 100.00000, pencut  =  -1.00000, tausw   =   0.10000

| Intermolecular bonds treatment:
|     no_intermolecular_bonds =       1

| Energy averages sample interval:
|     ene_avg_sampling =     500

Ewald parameters:
     verbose =       0, ew_type =       0, nbflag  =       1, use_pme =       1
     vdwmeth =       1, eedmeth =       1, netfrc  =       1
     Box X =   45.963   Box Y =   45.083   Box Z =   60.815
     Alpha =   90.000   Beta  =   90.000   Gamma =   90.000
     NFFT1 =   48       NFFT2 =   48       NFFT3 =   64
     Cutoff=    9.000   Tol   =0.100E-04
     Ewald Coefficient =  0.30768
     Interpolation order =    4

    LOADING THE CONSTRAINED ATOMS AS GROUPS


   5.  REFERENCE ATOM COORDINATES

  default_name                                                                    
     Mask @DUM; matches     3 atoms
| MONTE CARLO BAROSTAT IMPORTANT NOTE:
|   The Monte-Carlo barostat does not require the virial to adjust the system volume.
|   Since it is an expensive calculation, it is skipped for efficiency. A side-effect
|   is that the reported pressure is always 0 because it is not calculated.

--------------------------------------------------------------------------------
   3.  ATOMIC COORDINATES AND VELOCITIES
--------------------------------------------------------------------------------

default_name                                                                    
 begin time read from input coords =     0.000 ps



           Begin reading energy term weight changes/NMR restraints
 WEIGHT CHANGES:
                         ** No weight changes given **

 RESTRAINTS:
 Requested file redirections:
  DISANG    = disang.rest
  LISTOUT   = POUT
 Restraints will be read from file: disang.rest
Here are comments from the DISANG input file:

                       Number of restraints read =     9

                  Done reading weight changes/NMR restraints


 
 Number of triangulated 3-point waters found:     3000

     Sum of charges from parm topology file =   0.00000002
     Forcing neutrality...

| Dynamic Memory, Types Used:
| Reals              528921
| Integers           284277

| Nonbonded Pairs Initial Allocation:     2102844

| GPU memory information (estimate):
| KB of GPU memory in use:         0
| KB of CPU memory in use:         0

--------------------------------------------------------------------------------
   4.  RESULTS
--------------------------------------------------------------------------------


 NSTEP =        0   TIME(PS) =       0.000  TEMP(K) =   444.86  PRESS =     0.0
 Etot   =    -30851.1879  EKtot   =      8222.2561  EPtot      =    -39073.4440
 BOND   =        15.0632  ANGLE   =        58.4970  DIHED      =       104.8801
 1-4 NB =        66.1503  1-4 EEL =        60.2033  VDWAALS    =      6266.2525
 EELEC  =    -45646.9896  EHBOND  =         0.0000  RESTRAINT  =         2.4993
 EAMBER (non-restraint)  =    -39075.9433
 EKCMT  =         0.0000  VIRIAL  =         0.0000  VOLUME     =    126014.5159
                                                    Density    =         0.7505
 ------------------------------------------------------------------------------

 NMR restraints: Bond =    0.270   Angle =     2.159   Torsion =     0.041
===============================================================================

 NSTEP =      500   TIME(PS) =       1.000  TEMP(K) =   266.02  PRESS =     0.0
 Etot   =    -25960.5509  EKtot   =      4916.7251  EPtot      =    -30877.2760
 BOND   =        42.6339  ANGLE   =       111.8958  DIHED      =       132.1590
 1-4 NB =        73.1814  1-4 EEL =        59.4967  VDWAALS    =      4817.5709
 EELEC  =    -36120.2064  EHBOND  =         0.0000  RESTRAINT  =         5.9928
 EAMBER (non-restraint)  =    -30883.2688
 EKCMT  =         0.0000  VIRIAL  =         0.0000  VOLUME     =    122349.0016
                                                    Density    =         0.7729
 ------------------------------------------------------------------------------

 NMR restraints: Bond =    1.921   Angle =     1.465   Torsion =     1.204
===============================================================================
| MC Barostat: Increasing size of volume moves

 NSTEP =     1000   TIME(PS) =       2.000  TEMP(K) =   283.00  PRESS =     0.0
 Etot   =    -25195.8050  EKtot   =      5230.6973  EPtot      =    -30426.5023
 BOND   =        49.9041  ANGLE   =       115.7094  DIHED      =       127.7919
 1-4 NB =        70.8889  1-4 EEL =        56.7294  VDWAALS    =      4415.0101
 EELEC  =    -35267.7544  EHBOND  =         0.0000  RESTRAINT  =         5.2183
 EAMBER (non-restraint)  =    -30431.7206
 EKCMT  =         0.0000  VIRIAL  =         0.0000  VOLUME     =    120689.8018
                                                    Density    =         0.7836
 ------------------------------------------------------------------------------

 NMR restraints: Bond =    0.044   Angle =     1.903   Torsion =     0.900
===============================================================================

 NSTEP =     1500   TIME(PS) =       3.000  TEMP(K) =   295.26  PRESS =     0.0
 Etot   =    -24807.3777  EKtot   =      5457.3286  EPtot      =    -30264.7063
 BOND   =        58.1507  ANGLE   =       107.2315  DIHED      =       136.4070
 1-4 NB =        73.9747  1-4 EEL =        64.5964  VDWAALS    =      4296.1716
 EELEC  =    -35011.4078  EHBOND  =         0.0000  RESTRAINT  =        10.1696
 EAMBER (non-restraint)  =    -30274.8759
 EKCMT  =         0.0000  VIRIAL  =         0.0000  VOLUME     =    119737.6083
                                                    Density    =         0.7898
 ------------------------------------------------------------------------------

 NMR restraints: Bond =    1.905   Angle =     3.156   Torsion =     2.342
===============================================================================

 NSTEP =     2000   TIME(PS) =       4.000  TEMP(K) =   300.49  PRESS =     0.0
 Etot   =    -24776.6057  EKtot   =      5553.8589  EPtot      =    -30330.4646
 BOND   =        49.3018  ANGLE   =       105.8394  DIHED      =       143.4704
 1-4 NB =        77.8870  1-4 EEL =        62.4006  VDWAALS    =      4391.8889
 EELEC  =    -35169.4374  EHBOND  =         0.0000  RESTRAINT  =         8.1849
 EAMBER (non-restraint)  =    -30338.6495
 EKCMT  =         0.0000  VIRIAL  =         0.0000  VOLUME     =    117339.6705
                                                    Density    =         0.8059
 ------------------------------------------------------------------------------

 NMR restraints: Bond =    0.026   Angle =     2.883   Torsion =     1.855
===============================================================================

 NSTEP =     2500   TIME(PS) =       5.000  TEMP(K) =   292.65  PRESS =     0.0
 Etot   =    -24849.4812  EKtot   =      5408.9385  EPtot      =    -30258.4197
 BOND   =        51.0866  ANGLE   =       103.9228  DIHED      =       131.2395
 1-4 NB =        74.5650  1-4 EEL =        59.7712  VDWAALS    =      4576.9438
 EELEC  =    -35263.7712  EHBOND  =         0.0000  RESTRAINT  =         7.8225
 EAMBER (non-restraint)  =    -30266.2422
 EKCMT  =         0.0000  VIRIAL  =         0.0000  VOLUME     =    114729.0120
                                                    Density    =         0.8243
 ------------------------------------------------------------------------------

 NMR restraints: Bond =    0.421   Angle =     3.124   Torsion =     1.148
===============================================================================

 NSTEP =     3000   TIME(PS) =       6.000  TEMP(K) =   297.41  PRESS =     0.0
 Etot   =    -24860.3277  EKtot   =      5497.0698  EPtot      =    -30357.3976
 BOND   =        56.1843  ANGLE   =       114.2992  DIHED      =       137.4065
 1-4 NB =        73.8965  1-4 EEL =        60.7012  VDWAALS    =      4164.1636
 EELEC  =    -34969.0997  EHBOND  =         0.0000  RESTRAINT  =         5.0510
 EAMBER (non-restraint)  =    -30362.4485
 EKCMT  =         0.0000  VIRIAL  =         0.0000  VOLUME     =    111441.3003
                                                    Density    =         0.8486
 ------------------------------------------------------------------------------

 NMR restraints: Bond =    0.205   Angle =     1.131   Torsion =     0.664
===============================================================================

 NSTEP =     3500   TIME(PS) =       7.000  TEMP(K) =   299.83  PRESS =     0.0
 Etot   =    -24787.8316  EKtot   =      5541.7559  EPtot      =    -30329.5875
 BOND   =        53.1413  ANGLE   =       118.3996  DIHED      =       130.9674
 1-4 NB =        76.0238  1-4 EEL =        64.9708  VDWAALS    =      4136.9369
 EELEC  =    -34917.3458  EHBOND  =         0.0000  RESTRAINT  =         7.3186
 EAMBER (non-restraint)  =    -30336.9061
 EKCMT  =         0.0000  VIRIAL  =         0.0000  VOLUME     =    110146.3317
                                                    Density    =         0.8586
 ------------------------------------------------------------------------------

 NMR restraints: Bond =    3.120   Angle =     2.131   Torsion =     0.870
===============================================================================

 NSTEP =     4000   TIME(PS) =       8.000  TEMP(K) =   296.39  PRESS =     0.0
 Etot   =    -24873.4651  EKtot   =      5478.1733  EPtot      =    -30351.6384
 BOND   =        52.8713  ANGLE   =       109.2509  DIHED      =       142.1491
 1-4 NB =        73.4091  1-4 EEL =        62.4714  VDWAALS    =      4109.9720
 EELEC  =    -34908.4332  EHBOND  =         0.0000  RESTRAINT  =         6.6711
 EAMBER (non-restraint)  =    -30358.3095
 EKCMT  =         0.0000  VIRIAL  =         0.0000  VOLUME     =    109927.6050
                                                    Density    =         0.8603
 ------------------------------------------------------------------------------

 NMR restraints: Bond =    0.392   Angle =     1.200   Torsion =     1.277
===============================================================================

 NSTEP =     4500   TIME(PS) =       9.000  TEMP(K) =   295.71  PRESS =     0.0
 Etot   =    -25026.3265  EKtot   =      5465.5581  EPtot      =    -30491.8846
 BOND   =        47.0284  ANGLE   =        98.8699  DIHED      =       133.6002
 1-4 NB =        81.5583  1-4 EEL =        60.3656  VDWAALS    =      4405.3701
 EELEC  =    -35325.7153  EHBOND  =         0.0000  RESTRAINT  =         7.0383
 EAMBER (non-restraint)  =    -30498.9228
 EKCMT  =         0.0000  VIRIAL  =         0.0000  VOLUME     =    108918.6274
                                                    Density    =         0.8682
 ------------------------------------------------------------------------------

 NMR restraints: Bond =    1.337   Angle =     2.539   Torsion =     0.326
===============================================================================

 NSTEP =     5000   TIME(PS) =      10.000  TEMP(K) =   296.33  PRESS =     0.0
 Etot   =    -24939.2844  EKtot   =      5477.1079  EPtot      =    -30416.3923
 BOND   =        59.2746  ANGLE   =       106.4109  DIHED      =       133.0474
 1-4 NB =        83.2224  1-4 EEL =        58.8878  VDWAALS    =      4328.1876
 EELEC  =    -35192.3303  EHBOND  =         0.0000  RESTRAINT  =         6.9071
 EAMBER (non-restraint)  =    -30423.2995
 EKCMT  =         0.0000  VIRIAL  =         0.0000  VOLUME     =    107600.4803
                                                    Density    =         0.8789
 ------------------------------------------------------------------------------

 NMR restraints: Bond =    2.440   Angle =     1.499   Torsion =     1.471
===============================================================================

 NSTEP =     5500   TIME(PS) =      11.000  TEMP(K) =   294.55  PRESS =     0.0
 Etot   =    -24918.8177  EKtot   =      5444.0825  EPtot      =    -30362.9002
 BOND   =        61.2516  ANGLE   =       100.9862  DIHED      =       131.2905
 1-4 NB =        76.9008  1-4 EEL =        63.9115  VDWAALS    =      4349.2432
 EELEC  =    -35155.1654  EHBOND  =         0.0000  RESTRAINT  =         8.6812
 EAMBER (non-restraint)  =    -30371.5815
 EKCMT  =         0.0000  VIRIAL  =         0.0000  VOLUME     =    104648.4823
                                                    Density    =         0.9037
 ------------------------------------------------------------------------------

 NMR restraints: Bond =    0.642   Angle =     0.735   Torsion =     3.997
===============================================================================
