
          -------------------------------------------------------
          Amber 18 PMEMD                              2018
          -------------------------------------------------------

| PMEMD implementation of SANDER, Release 18

| Run on 05/02/2018 at 12:17:57

|   Executable path: pmemd.cuda
| Working directory: /oasis/tscc/scratch/davids4/SAMPLing-cut9/11499671.tscc-mgr.local
|          Hostname: tscc-gpu-9-6.sdsc.edu

  [-O]verwriting output

File Assignments:
|   MDIN: minimize.in                                                           
|  MDOUT: minimize.out                                                          
| INPCRD: solvate.rst7                                                          
|   PARM: solvate.prmtop                                                        
| RESTRT: minimize.rst7                                                         
|   REFC: solvate.rst7                                                          
|  MDVEL: mdvel                                                                 
|   MDEN: mden                                                                  
|  MDCRD: mdcrd                                                                 
| MDINFO: minimize.mdinfo                                                       
|  MDFRC: mdfrc                                                                 


 Here is the input file:

PBC Minimization                                                               
 &cntrl                                                                        
  imin =          1,                                                           
  ntx =           1,                                                           
  irest =         0,                                                           
  maxcyc =        500,                                                         
  ncyc =          400,                                                         
  dt =            0.0,                                                         
  nstlim =        0,                                                           
  ntpr =          100,                                                         
  ntwe =          0,                                                           
  ntwr =          5000,                                                        
  ntwx =          0,                                                           
  ntxo =          1,                                                           
  ioutfm =        1,                                                           
  ntf =           1,                                                           
  ntc =           1,                                                           
  cut =           9.0,                                                         
  igb =           0,                                                           
  tempi =         298.15,                                                      
  temp0 =         298.15,                                                      
  ntt =           0,                                                           
  gamma_ln =      0.0,                                                         
  ig =            0,                                                           
  ntp =           0,                                                           
  barostat =      0,                                                           
  ntr =           1,                                                           
  restraint_wt =  50.0,                                                        
  restraintmask = '@DUM',                                                      
  nmropt =        1,                                                           
  pencut =        -1,                                                          
 /                                                                             
 &wt type = 'END', /                                                           
DISANG = disang.rest                                                           
LISTOUT = POUT                                                                 
                                                                               


| irandom = 1, using AMBER's internal random number generator (default).
 
|--------------------- INFORMATION ----------------------
| GPU (CUDA) Version of PMEMD in use: NVIDIA GPU IN USE.
|                    Version 18.0.0
| 
|                      03/25/2018
| 
| Implementation by:
|                    Ross C. Walker     (SDSC)
|                    Scott Le Grand     (nVIDIA)
| 
| Version 18 performance extensions by:
|                    David Cerutti     (Rutgers)
| 
| Precision model in use:
|      [SPFP] - Single Precision Forces, 64-bit Fixed Point
|               Accumulation. (Default)
| 
|--------------------------------------------------------
 
|----------------- CITATION INFORMATION -----------------
|
|    When publishing work that utilized the CUDA version
|    of AMBER, please cite the following in addition to
|    the regular AMBER citations:
|
|  - Romelia Salomon-Ferrer; Andreas W. Goetz; Duncan
|    Poole; Scott Le Grand; Ross C. Walker "Routine
|    microsecond molecular dynamics simulations with
|    AMBER - Part II: Particle Mesh Ewald", J. Chem.
|    Theory Comput., 2013, 9 (9), pp3878-3888,
|    DOI: 10.1021/ct400314y.
|
|  - Andreas W. Goetz; Mark J. Williamson; Dong Xu;
|    Duncan Poole; Scott Le Grand; Ross C. Walker
|    "Routine microsecond molecular dynamics simulations
|    with AMBER - Part I: Generalized Born", J. Chem.
|    Theory Comput., 2012, 8 (5), pp1542-1555.
|
|  - Scott Le Grand; Andreas W. Goetz; Ross C. Walker
|    "SPFP: Speed without compromise - a mixed precision
|    model for GPU accelerated molecular dynamics
|    simulations.", Comp. Phys. Comm., 2013, 184
|    pp374-380, DOI: 10.1016/j.cpc.2012.09.022
|
|--------------------------------------------------------
 
|------------------- GPU DEVICE INFO --------------------
|
|            CUDA_VISIBLE_DEVICES: 6
|   CUDA Capable Devices Detected:      1
|           CUDA Device ID in use:      0
|                CUDA Device Name: GeForce GTX TITAN X
|     CUDA Device Global Mem Size:  12207 MB
| CUDA Device Num Multiprocessors:     24
|           CUDA Device Core Freq:   1.08 GHz
|
|--------------------------------------------------------
 
 
| Conditional Compilation Defines Used:
| PUBFFT
| BINTRAJ
| CUDA
| EMIL

| Largest sphere to fit in unit cell has radius =    22.778

| New format PARM file being parsed.
| Version =    1.000 Date = 04/23/18 Time = 20:00:27

| Note: 1-4 EEL scale factors are being read from the topology file.

| Note: 1-4 VDW scale factors are being read from the topology file.
| Duplicated    0 dihedrals

| Duplicated    0 dihedrals

--------------------------------------------------------------------------------
   1.  RESOURCE   USE: 
--------------------------------------------------------------------------------

 getting new box info from bottom of inpcrd
 NATOM  =    9223 NTYPES =      11 NBONH =    9067 MBONA  =     155
 NTHETH =     153 MTHETA =     232 NPHIH =     345 MPHIA  =     366
 NHPARM =       0 NPARM  =       0 NNB   =   13221 NRES   =    3022
 NBONA  =     155 NTHETA =     232 NPHIA =     366 NUMBND =      13
 NUMANG =      22 NPTRA  =      15 NATYP =      13 NPHB   =       0
 IFBOX  =       1 NMXRS  =     184 IFCAP =       0 NEXTRA =       0
 NCOPY  =       0

| Coordinate Index Table dimensions:     9    9   11
| Direct force subcell size =     5.0618    5.1077    5.3858

     BOX TYPE: RECTILINEAR

--------------------------------------------------------------------------------
   2.  CONTROL  DATA  FOR  THE  RUN
--------------------------------------------------------------------------------

default_name                                                                    

General flags:
     imin    =       1, nmropt  =       1

Nature and format of input:
     ntx     =       1, irest   =       0, ntrx    =       1

Nature and format of output:
     ntxo    =       1, ntpr    =     100, ntrx    =       1, ntwr    =       1
     iwrap   =       0, ntwx    =       0, ntwv    =       0, ntwe    =       0
     ioutfm  =       1, ntwprt  =       0, idecomp =       0, rbornstat=      0

Potential function:
     ntf     =       1, ntb     =       1, igb     =       0, nsnb    =      25
     ipol    =       0, gbsa    =       0, iesp    =       0
     dielc   =   1.00000, cut     =   9.00000, intdiel =   1.00000

Frozen or restrained atoms:
     ibelly  =       0, ntr     =       1
     restraint_wt =  50.00000

Energy minimization:
     maxcyc  =     500, ncyc    =     400, ntmin   =       1
     dx0     =   0.01000, drms    =   0.00010

NMR refinement options:
     iscale  =       0, noeskp  =       1, ipnlty  =       1, mxsub   =       1
     scalm   = 100.00000, pencut  =  -1.00000, tausw   =   0.10000

| Intermolecular bonds treatment:
|     no_intermolecular_bonds =       1

| Energy averages sample interval:
|     ene_avg_sampling =       1

Ewald parameters:
     verbose =       0, ew_type =       0, nbflag  =       1, use_pme =       1
     vdwmeth =       1, eedmeth =       1, netfrc  =       0
     Box X =   45.556   Box Y =   45.969   Box Z =   59.244
     Alpha =   90.000   Beta  =   90.000   Gamma =   90.000
     NFFT1 =   48       NFFT2 =   48       NFFT3 =   64
     Cutoff=    9.000   Tol   =0.100E-04
     Ewald Coefficient =  0.30768
     Interpolation order =    4

    LOADING THE CONSTRAINED ATOMS AS GROUPS


   5.  REFERENCE ATOM COORDINATES

  default_name                                                                    
     Mask @DUM; matches     3 atoms

--------------------------------------------------------------------------------
   3.  ATOMIC COORDINATES AND VELOCITIES
--------------------------------------------------------------------------------

default_name                                                                    
 begin time read from input coords =     0.000 ps



           Begin reading energy term weight changes/NMR restraints
 WEIGHT CHANGES:
                         ** No weight changes given **

 RESTRAINTS:
 Requested file redirections:
  DISANG    = disang.rest
  LISTOUT   = POUT
 Restraints will be read from file: disang.rest
Here are comments from the DISANG input file:

                       Number of restraints read =     9

                  Done reading weight changes/NMR restraints


 
 Number of triangulated 3-point waters found:     3000

     Sum of charges from parm topology file =   0.00000002
     Forcing neutrality...

| Dynamic Memory, Types Used:
| Reals              372848
| Integers           259810

| Nonbonded Pairs Initial Allocation:     2102844

| GPU memory information (estimate):
| KB of GPU memory in use:         0
| KB of CPU memory in use:         0

--------------------------------------------------------------------------------
   4.  RESULTS
--------------------------------------------------------------------------------



   NSTEP       ENERGY          RMS            GMAX         NAME    NUMBER
      1      -2.4280E+04     1.3142E+01     9.4296E+01     C89       111

 BOND    =       51.9427  ANGLE   =      105.9060  DIHED      =      130.8879
 VDWAALS =     3029.1837  EEL     =   -27752.0649  HBOND      =        0.0000
 1-4 VDW =       75.4566  1-4 EEL =       65.1349  RESTRAINT  =       13.7596
 EAMBER  =   -24293.5531
 NMR restraints: Bond =    0.000   Angle =    13.759   Torsion =     0.000
===============================================================================


   NSTEP       ENERGY          RMS            GMAX         NAME    NUMBER
    100      -3.2346E+04     1.6588E+00     1.4490E+01     C61        73

 BOND    =     1792.8696  ANGLE   =       45.3457  DIHED      =      103.2201
 VDWAALS =     3436.0321  EEL     =   -37863.6087  HBOND      =        0.0000
 1-4 VDW =       68.9005  1-4 EEL =       62.0350  RESTRAINT  =        9.0335
 EAMBER  =   -32355.2058
 NMR restraints: Bond =    0.003   Angle =     8.992   Torsion =     0.026
===============================================================================


   NSTEP       ENERGY          RMS            GMAX         NAME    NUMBER
    200      -3.3660E+04     2.1694E+00     8.6534E+01     C61        73

 BOND    =     2068.8105  ANGLE   =       49.6549  DIHED      =      103.5702
 VDWAALS =     4026.0288  EEL     =   -40044.6095  HBOND      =        0.0000
 1-4 VDW =       66.8860  1-4 EEL =       61.3801  RESTRAINT  =        7.7826
 EAMBER  =   -33668.2789
 NMR restraints: Bond =    0.000   Angle =     7.733   Torsion =     0.041
===============================================================================


   NSTEP       ENERGY          RMS            GMAX         NAME    NUMBER
    300      -3.4407E+04     1.6940E+00     6.3204E+01     C59        71

 BOND    =     2177.1871  ANGLE   =       50.5518  DIHED      =      103.8688
 VDWAALS =     4501.4677  EEL     =   -41373.9546  HBOND      =        0.0000
 1-4 VDW =       66.0661  1-4 EEL =       61.1158  RESTRAINT  =        7.0030
 EAMBER  =   -34413.6974
 NMR restraints: Bond =    0.003   Angle =     6.952   Torsion =     0.039
===============================================================================


   NSTEP       ENERGY          RMS            GMAX         NAME    NUMBER
    400      -3.4931E+04     1.4322E+00     5.6911E+01     C87       107

 BOND    =     2263.5168  ANGLE   =       51.9060  DIHED      =      104.1224
 VDWAALS =     4891.8858  EEL     =   -42375.2234  HBOND      =        0.0000
 1-4 VDW =       65.5541  1-4 EEL =       60.8320  RESTRAINT  =        6.5162
 EAMBER  =   -34937.4063
 NMR restraints: Bond =    0.015   Angle =     6.445   Torsion =     0.048
===============================================================================


   NSTEP       ENERGY          RMS            GMAX         NAME    NUMBER
    500      -3.6343E+04     1.0633E+00     3.2479E+01     O30       120

 BOND    =     2538.8365  ANGLE   =       54.4113  DIHED      =      105.1443
 VDWAALS =     6247.2703  EEL     =   -45418.4855  HBOND      =        0.0000
 1-4 VDW =       66.6302  1-4 EEL =       60.2519  RESTRAINT  =        2.8532
 EAMBER  =   -36345.9410
 NMR restraints: Bond =    0.142   Angle =     2.589   Torsion =     0.106
===============================================================================


  Maximum number of minimization cycles reached.


                    FINAL RESULTS



   NSTEP       ENERGY          RMS            GMAX         NAME    NUMBER
    500      -3.6343E+04     1.0633E+00     3.2479E+01     O30       120

 BOND    =     2538.8365  ANGLE   =       54.4113  DIHED      =      105.1443
 VDWAALS =     6247.2703  EEL     =   -45418.4855  HBOND      =        0.0000
 1-4 VDW =       66.6302  1-4 EEL =       60.2519  RESTRAINT  =        2.8532
 EAMBER  =   -36345.9410
 NMR restraints: Bond =    0.142   Angle =     2.589   Torsion =     0.106
===============================================================================
 ------------------------------------------------------------------------------


 Final Restraint Analysis for coords: minimize.rst7                           


 Restraints, deviations, and energy contributions:    pencut =   -1.00

 ------------------------------------------------------------------------------
     First atom        Last atom    curr. value target deviation  penalty
 ------------------------------------------------------------------------------
  DUM  DM1    3 --  C26  HST    1:    7.480    7.589    0.110    0.060 d    0: 0
  DUM  DM2    4 --  C26  HST    1:  151.359  152.682    1.323    0.053 a
  DUM  DM2    4 --  DUM  DM1    3:  -52.096  -52.278    0.182    0.001 t
  DUM  DM1    3 --  C18  HST    1:   76.652   77.484    0.833    0.021 a
  DUM  DM1    3 --  C26  HST    1:  127.089  126.885    0.204    0.001 t
  C26  HST    1 --  C18  HST    1:   68.965   70.814    1.849    0.104 t
  DUM  DM1    3 --  C6   GST    2:   22.902   22.775    0.128    0.081 d    0: 0
  DUM  DM2    4 --  C6   GST    2:  179.867  180.000    0.133    0.001 a
  DUM  DM1    3 --  C1   GST    2:  170.916  180.000    9.084    2.514 a
                                       Total distance penalty:      0.142
                                       Total angle    penalty:      2.589
                                       Total torsion  penalty:      0.106
 ------------------------------------------------------------------------------
--------------------------------------------------------------------------------
   5.  TIMINGS
--------------------------------------------------------------------------------

|  NonSetup CPU Time in Major Routines:
|
|     Routine           Sec        %
|     ------------------------------
|     Nonbond           0.27   48.38
|     Bond              0.00    0.00
|     Angle             0.00    0.00
|     Dihedral          0.00    0.00
|     Shake             0.00    0.00
|     Other             0.29   51.62
|     ------------------------------
|     Total             0.56

|  PME Nonbond Pairlist CPU Time:
|
|     Routine              Sec        %
|     ---------------------------------
|     Set Up Cit           0.00    0.00
|     Build List           0.00    0.00
|     ---------------------------------
|     Total                0.00    0.00

|  PME Direct Force CPU Time:
|
|     Routine              Sec        %
|     ---------------------------------
|     NonBonded Calc       0.00    0.00
|     Exclude Masked       0.00    0.00
|     Other                0.00    0.18
|     ---------------------------------
|     Total                0.00    0.18

|  PME Reciprocal Force CPU Time:
|
|     Routine              Sec        %
|     ---------------------------------
|     1D bspline           0.00    0.00
|     Grid Charges         0.00    0.00
|     Scalar Sum           0.00    0.00
|     Gradient Sum         0.00    0.00
|     FFT                  0.00    0.00
|     ---------------------------------
|     Total                0.00    0.00

|  Setup CPU time:            2.19 seconds
|  NonSetup CPU time:         0.56 seconds
|  Total CPU time:            2.74 seconds     0.00 hours

|  Setup wall time:           2    seconds
|  NonSetup wall time:        1    seconds
|  Total wall time:           3    seconds     0.00 hours
