
          -------------------------------------------------------
          Amber 18 PMEMD                              2018
          -------------------------------------------------------

| PMEMD implementation of SANDER, Release 18

| Run on 05/02/2018 at 11:26:03

|   Executable path: pmemd.cuda
| Working directory: /oasis/tscc/scratch/davids4/SAMPLing-cut9/11499459.tscc-mgr.local
|          Hostname: tscc-gpu-6-8.sdsc.edu

  [-O]verwriting output

File Assignments:
|   MDIN: equil.000.in                                                          
|  MDOUT: equil.000.out                                                         
| INPCRD: minimize.rst7                                                         
|   PARM: solvate.prmtop                                                        
| RESTRT: equil.000.rst7                                                        
|   REFC: solvate.rst7                                                          
|  MDVEL: mdvel                                                                 
|   MDEN: equil.000.mden                                                        
|  MDCRD: equil.000.nc                                                          
| MDINFO: equil.000.mdinfo                                                      
|  MDFRC: mdfrc                                                                 


 Here is the input file:

PBC MD Simulation                                                              
 &cntrl                                                                        
  imin =          0,                                                           
  ntx =           1,                                                           
  irest =         0,                                                           
  maxcyc =        0,                                                           
  ncyc =          0,                                                           
  dt =            0.002,                                                       
  nstlim =        500000,                                                      
  ntpr =          500,                                                         
  ntwe =          500,                                                         
  ntwr =          250,                                                         
  ntwx =          250,                                                         
  ntxo =          1,                                                           
  ioutfm =        1,                                                           
  ntf =           2,                                                           
  ntc =           2,                                                           
  cut =           9.0,                                                         
  igb =           0,                                                           
  tempi =         298.15,                                                      
  temp0 =         298.15,                                                      
  ntt =           3,                                                           
  gamma_ln =      1.0,                                                         
  ig =            -1,                                                          
  ntp =           1,                                                           
  barostat =      2,                                                           
  ntr =           1,                                                           
  restraint_wt =  50.0,                                                        
  restraintmask = '@DUM',                                                      
  nmropt =        1,                                                           
  pencut =        -1,                                                          
  ntwprt =        206,                                                         
 /                                                                             
 &wt type = 'END', /                                                           
DISANG = disang.rest                                                           
LISTOUT = POUT                                                                 
                                                                               


Note: ig = -1. Setting random seed to   431905 based on wallclock time in 
      microseconds.
| irandom = 1, using AMBER's internal random number generator (default).
 
|--------------------- INFORMATION ----------------------
| GPU (CUDA) Version of PMEMD in use: NVIDIA GPU IN USE.
|                    Version 18.0.0
| 
|                      03/25/2018
| 
| Implementation by:
|                    Ross C. Walker     (SDSC)
|                    Scott Le Grand     (nVIDIA)
| 
| Version 18 performance extensions by:
|                    David Cerutti     (Rutgers)
| 
| Precision model in use:
|      [SPFP] - Single Precision Forces, 64-bit Fixed Point
|               Accumulation. (Default)
| 
|--------------------------------------------------------
 
|----------------- CITATION INFORMATION -----------------
|
|    When publishing work that utilized the CUDA version
|    of AMBER, please cite the following in addition to
|    the regular AMBER citations:
|
|  - Romelia Salomon-Ferrer; Andreas W. Goetz; Duncan
|    Poole; Scott Le Grand; Ross C. Walker "Routine
|    microsecond molecular dynamics simulations with
|    AMBER - Part II: Particle Mesh Ewald", J. Chem.
|    Theory Comput., 2013, 9 (9), pp3878-3888,
|    DOI: 10.1021/ct400314y.
|
|  - Andreas W. Goetz; Mark J. Williamson; Dong Xu;
|    Duncan Poole; Scott Le Grand; Ross C. Walker
|    "Routine microsecond molecular dynamics simulations
|    with AMBER - Part I: Generalized Born", J. Chem.
|    Theory Comput., 2012, 8 (5), pp1542-1555.
|
|  - Scott Le Grand; Andreas W. Goetz; Ross C. Walker
|    "SPFP: Speed without compromise - a mixed precision
|    model for GPU accelerated molecular dynamics
|    simulations.", Comp. Phys. Comm., 2013, 184
|    pp374-380, DOI: 10.1016/j.cpc.2012.09.022
|
|--------------------------------------------------------
 
|------------------- GPU DEVICE INFO --------------------
|
|            CUDA_VISIBLE_DEVICES: 5
|   CUDA Capable Devices Detected:      1
|           CUDA Device ID in use:      0
|                CUDA Device Name: GeForce GTX TITAN X
|     CUDA Device Global Mem Size:  12207 MB
| CUDA Device Num Multiprocessors:     24
|           CUDA Device Core Freq:   1.08 GHz
|
|--------------------------------------------------------
 
 
| Conditional Compilation Defines Used:
| PUBFFT
| BINTRAJ
| CUDA
| EMIL

| Largest sphere to fit in unit cell has radius =    22.338

| New format PARM file being parsed.
| Version =    1.000 Date = 04/23/18 Time = 20:17:41

| Note: 1-4 EEL scale factors are being read from the topology file.

| Note: 1-4 VDW scale factors are being read from the topology file.
| Duplicated    0 dihedrals

| Duplicated    0 dihedrals

--------------------------------------------------------------------------------
   1.  RESOURCE   USE: 
--------------------------------------------------------------------------------

 getting new box info from bottom of inpcrd
 NATOM  =    9223 NTYPES =      11 NBONH =    9067 MBONA  =     155
 NTHETH =     153 MTHETA =     232 NPHIH =     345 MPHIA  =     366
 NHPARM =       0 NPARM  =       0 NNB   =   13221 NRES   =    3022
 NBONA  =     155 NTHETA =     232 NPHIA =     366 NUMBND =      13
 NUMANG =      22 NPTRA  =      15 NATYP =      13 NPHB   =       0
 IFBOX  =       1 NMXRS  =     184 IFCAP =       0 NEXTRA =       0
 NCOPY  =       0

| Coordinate Index Table dimensions:     8    9   12
| Direct force subcell size =     5.5844    5.1077    5.0124

     BOX TYPE: RECTILINEAR

--------------------------------------------------------------------------------
   2.  CONTROL  DATA  FOR  THE  RUN
--------------------------------------------------------------------------------

default_name                                                                    

General flags:
     imin    =       0, nmropt  =       1

Nature and format of input:
     ntx     =       1, irest   =       0, ntrx    =       1

Nature and format of output:
     ntxo    =       1, ntpr    =     500, ntrx    =       1, ntwr    =     250
     iwrap   =       0, ntwx    =     250, ntwv    =       0, ntwe    =     500
     ioutfm  =       1, ntwprt  =     206, idecomp =       0, rbornstat=      0

Potential function:
     ntf     =       2, ntb     =       2, igb     =       0, nsnb    =      25
     ipol    =       0, gbsa    =       0, iesp    =       0
     dielc   =   1.00000, cut     =   9.00000, intdiel =   1.00000

Frozen or restrained atoms:
     ibelly  =       0, ntr     =       1
     restraint_wt =  50.00000

Molecular dynamics:
     nstlim  =    500000, nscm    =         0, nrespa  =         1
     t       =   0.00000, dt      =   0.00200, vlimit  =  -1.00000

Langevin dynamics temperature regulation:
     ig      =  431905
     temp0   = 298.15000, tempi   = 298.15000, gamma_ln=   1.00000

Pressure regulation:
     ntp     =       1
     pres0   =   1.00000, comp    =  44.60000, taup    =   1.00000
     Monte-Carlo Barostat:
     mcbarint  =     100

SHAKE:
     ntc     =       2, jfastw  =       0
     tol     =   0.00001

NMR refinement options:
     iscale  =       0, noeskp  =       1, ipnlty  =       1, mxsub   =       1
     scalm   = 100.00000, pencut  =  -1.00000, tausw   =   0.10000

| Intermolecular bonds treatment:
|     no_intermolecular_bonds =       1

| Energy averages sample interval:
|     ene_avg_sampling =     500

Ewald parameters:
     verbose =       0, ew_type =       0, nbflag  =       1, use_pme =       1
     vdwmeth =       1, eedmeth =       1, netfrc  =       1
     Box X =   44.675   Box Y =   45.969   Box Z =   60.149
     Alpha =   90.000   Beta  =   90.000   Gamma =   90.000
     NFFT1 =   48       NFFT2 =   48       NFFT3 =   64
     Cutoff=    9.000   Tol   =0.100E-04
     Ewald Coefficient =  0.30768
     Interpolation order =    4

    LOADING THE CONSTRAINED ATOMS AS GROUPS


   5.  REFERENCE ATOM COORDINATES

  default_name                                                                    
     Mask @DUM; matches     3 atoms
| MONTE CARLO BAROSTAT IMPORTANT NOTE:
|   The Monte-Carlo barostat does not require the virial to adjust the system volume.
|   Since it is an expensive calculation, it is skipped for efficiency. A side-effect
|   is that the reported pressure is always 0 because it is not calculated.

--------------------------------------------------------------------------------
   3.  ATOMIC COORDINATES AND VELOCITIES
--------------------------------------------------------------------------------

default_name                                                                    
 begin time read from input coords =     0.000 ps



           Begin reading energy term weight changes/NMR restraints
 WEIGHT CHANGES:
                         ** No weight changes given **

 RESTRAINTS:
 Requested file redirections:
  DISANG    = disang.rest
  LISTOUT   = POUT
 Restraints will be read from file: disang.rest
Here are comments from the DISANG input file:

                       Number of restraints read =     9

                  Done reading weight changes/NMR restraints


 
 Number of triangulated 3-point waters found:     3000

     Sum of charges from parm topology file =   0.00000002
     Forcing neutrality...

| Dynamic Memory, Types Used:
| Reals              528921
| Integers           284277

| Nonbonded Pairs Initial Allocation:     2102844

| GPU memory information (estimate):
| KB of GPU memory in use:         0
| KB of CPU memory in use:         0

--------------------------------------------------------------------------------
   4.  RESULTS
--------------------------------------------------------------------------------


 NSTEP =        0   TIME(PS) =       0.000  TEMP(K) =   436.55  PRESS =     0.0
 Etot   =    -30960.2926  EKtot   =      8068.6357  EPtot      =    -39028.9284
 BOND   =        11.0100  ANGLE   =        46.4754  DIHED      =       109.7269
 1-4 NB =        69.4648  1-4 EEL =        63.2469  VDWAALS    =      6214.2849
 EELEC  =    -45545.6396  EHBOND  =         0.0000  RESTRAINT  =         2.5024
 EAMBER (non-restraint)  =    -39031.4307
 EKCMT  =         0.0000  VIRIAL  =         0.0000  VOLUME     =    123527.0761
                                                    Density    =         0.7656
 ------------------------------------------------------------------------------

 NMR restraints: Bond =    0.174   Angle =     2.252   Torsion =     0.029
===============================================================================

 NSTEP =      500   TIME(PS) =       1.000  TEMP(K) =   260.15  PRESS =     0.0
 Etot   =    -25988.1739  EKtot   =      4808.3101  EPtot      =    -30796.4839
 BOND   =        52.2569  ANGLE   =        95.7539  DIHED      =       129.7211
 1-4 NB =        78.0131  1-4 EEL =        66.0384  VDWAALS    =      4620.5446
 EELEC  =    -35843.5077  EHBOND  =         0.0000  RESTRAINT  =         4.6959
 EAMBER (non-restraint)  =    -30801.1798
 EKCMT  =         0.0000  VIRIAL  =         0.0000  VOLUME     =    122288.6408
                                                    Density    =         0.7733
 ------------------------------------------------------------------------------

 NMR restraints: Bond =    1.517   Angle =     0.898   Torsion =     0.576
===============================================================================

 NSTEP =     1000   TIME(PS) =       2.000  TEMP(K) =   282.46  PRESS =     0.0
 Etot   =    -25126.4142  EKtot   =      5220.6123  EPtot      =    -30347.0265
 BOND   =        47.9609  ANGLE   =       105.3996  DIHED      =       130.6876
 1-4 NB =        79.8662  1-4 EEL =        67.2663  VDWAALS    =      4428.7243
 EELEC  =    -35213.4950  EHBOND  =         0.0000  RESTRAINT  =         6.5634
 EAMBER (non-restraint)  =    -30353.5899
 EKCMT  =         0.0000  VIRIAL  =         0.0000  VOLUME     =    121911.2398
                                                    Density    =         0.7757
 ------------------------------------------------------------------------------

 NMR restraints: Bond =    0.590   Angle =     2.071   Torsion =     1.535
===============================================================================

 NSTEP =     1500   TIME(PS) =       3.000  TEMP(K) =   288.71  PRESS =     0.0
 Etot   =    -24807.1684  EKtot   =      5336.2661  EPtot      =    -30143.4345
 BOND   =        53.2943  ANGLE   =       114.3019  DIHED      =       126.3853
 1-4 NB =        75.7439  1-4 EEL =        65.2029  VDWAALS    =      4251.4908
 EELEC  =    -34834.0381  EHBOND  =         0.0000  RESTRAINT  =         4.1845
 EAMBER (non-restraint)  =    -30147.6191
 EKCMT  =         0.0000  VIRIAL  =         0.0000  VOLUME     =    121474.2460
                                                    Density    =         0.7785
 ------------------------------------------------------------------------------

 NMR restraints: Bond =    1.471   Angle =     1.640   Torsion =     0.454
===============================================================================

 NSTEP =     2000   TIME(PS) =       4.000  TEMP(K) =   295.00  PRESS =     0.0
 Etot   =    -24719.1019  EKtot   =      5452.4585  EPtot      =    -30171.5604
 BOND   =        54.1213  ANGLE   =       110.2528  DIHED      =       129.3366
 1-4 NB =        71.0771  1-4 EEL =        59.4063  VDWAALS    =      4081.3330
 EELEC  =    -34681.2154  EHBOND  =         0.0000  RESTRAINT  =         4.1278
 EAMBER (non-restraint)  =    -30175.6883
 EKCMT  =         0.0000  VIRIAL  =         0.0000  VOLUME     =    119059.1018
                                                    Density    =         0.7943
 ------------------------------------------------------------------------------

 NMR restraints: Bond =    0.356   Angle =     1.175   Torsion =     0.412
===============================================================================

 NSTEP =     2500   TIME(PS) =       5.000  TEMP(K) =   296.37  PRESS =     0.0
 Etot   =    -24540.3618  EKtot   =      5477.8140  EPtot      =    -30018.1758
 BOND   =        51.8291  ANGLE   =       119.2223  DIHED      =       135.6432
 1-4 NB =        73.5964  1-4 EEL =        60.9110  VDWAALS    =      4103.2294
 EELEC  =    -34564.7406  EHBOND  =         0.0000  RESTRAINT  =         2.1334
 EAMBER (non-restraint)  =    -30020.3092
 EKCMT  =         0.0000  VIRIAL  =         0.0000  VOLUME     =    119059.1018
                                                    Density    =         0.7943
 ------------------------------------------------------------------------------

 NMR restraints: Bond =    0.017   Angle =     0.656   Torsion =     0.464
===============================================================================

 NSTEP =     3000   TIME(PS) =       6.000  TEMP(K) =   301.46  PRESS =     0.0
 Etot   =    -24550.8057  EKtot   =      5571.8105  EPtot      =    -30122.6163
 BOND   =        47.1550  ANGLE   =       120.5414  DIHED      =       128.7862
 1-4 NB =        76.6471  1-4 EEL =        58.2645  VDWAALS    =      4294.0591
 EELEC  =    -34854.3774  EHBOND  =         0.0000  RESTRAINT  =         6.3077
 EAMBER (non-restraint)  =    -30128.9240
 EKCMT  =         0.0000  VIRIAL  =         0.0000  VOLUME     =    118108.8001
                                                    Density    =         0.8007
 ------------------------------------------------------------------------------

 NMR restraints: Bond =    1.143   Angle =     0.710   Torsion =     1.323
===============================================================================

 NSTEP =     3500   TIME(PS) =       7.000  TEMP(K) =   295.63  PRESS =     0.0
 Etot   =    -24581.4678  EKtot   =      5464.0522  EPtot      =    -30045.5201
 BOND   =        66.7984  ANGLE   =       124.1491  DIHED      =       123.9541
 1-4 NB =        77.7904  1-4 EEL =        63.5396  VDWAALS    =      4124.1778
 EELEC  =    -34632.1229  EHBOND  =         0.0000  RESTRAINT  =         6.1934
 EAMBER (non-restraint)  =    -30051.7135
 EKCMT  =         0.0000  VIRIAL  =         0.0000  VOLUME     =    116972.4130
                                                    Density    =         0.8085
 ------------------------------------------------------------------------------

 NMR restraints: Bond =    0.834   Angle =     3.079   Torsion =     0.251
===============================================================================

 NSTEP =     4000   TIME(PS) =       8.000  TEMP(K) =   299.51  PRESS =     0.0
 Etot   =    -24664.2675  EKtot   =      5535.7881  EPtot      =    -30200.0556
 BOND   =        55.4313  ANGLE   =       116.8674  DIHED      =       132.1015
 1-4 NB =        72.5496  1-4 EEL =        59.5529  VDWAALS    =      4187.5282
 EELEC  =    -34828.5302  EHBOND  =         0.0000  RESTRAINT  =         4.4438
 EAMBER (non-restraint)  =    -30204.4994
 EKCMT  =         0.0000  VIRIAL  =         0.0000  VOLUME     =    116555.5623
                                                    Density    =         0.8114
 ------------------------------------------------------------------------------

 NMR restraints: Bond =    1.406   Angle =     1.433   Torsion =     0.489
===============================================================================

 NSTEP =     4500   TIME(PS) =       9.000  TEMP(K) =   300.97  PRESS =     0.0
 Etot   =    -24785.1428  EKtot   =      5562.7891  EPtot      =    -30347.9318
 BOND   =        58.0656  ANGLE   =       115.1998  DIHED      =       131.5529
 1-4 NB =        74.7179  1-4 EEL =        64.0453  VDWAALS    =      4429.0955
 EELEC  =    -35223.6219  EHBOND  =         0.0000  RESTRAINT  =         3.0131
 EAMBER (non-restraint)  =    -30350.9449
 EKCMT  =         0.0000  VIRIAL  =         0.0000  VOLUME     =    114643.4571
                                                    Density    =         0.8249
 ------------------------------------------------------------------------------

 NMR restraints: Bond =    1.567   Angle =     0.253   Torsion =     0.165
===============================================================================

 NSTEP =     5000   TIME(PS) =      10.000  TEMP(K) =   296.71  PRESS =     0.0
 Etot   =    -24845.0285  EKtot   =      5483.9604  EPtot      =    -30328.9890
 BOND   =        54.7762  ANGLE   =       114.3766  DIHED      =       126.5848
 1-4 NB =        78.2809  1-4 EEL =        65.8807  VDWAALS    =      4265.6209
 EELEC  =    -35039.9977  EHBOND  =         0.0000  RESTRAINT  =         5.4886
 EAMBER (non-restraint)  =    -30334.4775
 EKCMT  =         0.0000  VIRIAL  =         0.0000  VOLUME     =    111995.7357
                                                    Density    =         0.8444
 ------------------------------------------------------------------------------

 NMR restraints: Bond =    0.576   Angle =     0.907   Torsion =     0.661
===============================================================================

 NSTEP =     5500   TIME(PS) =      11.000  TEMP(K) =   300.18  PRESS =     0.0
 Etot   =    -24942.1332  EKtot   =      5548.2729  EPtot      =    -30490.4061
 BOND   =        54.3548  ANGLE   =       103.0775  DIHED      =       127.4105
 1-4 NB =        76.2808  1-4 EEL =        60.9074  VDWAALS    =      4309.9732
 EELEC  =    -35225.4299  EHBOND  =         0.0000  RESTRAINT  =         3.0196
 EAMBER (non-restraint)  =    -30493.4257
 EKCMT  =         0.0000  VIRIAL  =         0.0000  VOLUME     =    111582.7279
                                                    Density    =         0.8475
 ------------------------------------------------------------------------------

 NMR restraints: Bond =    0.893   Angle =     1.662   Torsion =     0.097
===============================================================================

 NSTEP =     6000   TIME(PS) =      12.000  TEMP(K) =   298.33  PRESS =     0.0
 Etot   =    -24874.1256  EKtot   =      5513.9912  EPtot      =    -30388.1168
 BOND   =        55.2045  ANGLE   =       110.2044  DIHED      =       127.3458
 1-4 NB =        80.4369  1-4 EEL =        60.2589  VDWAALS    =      4525.7550
 EELEC  =    -35352.9587  EHBOND  =         0.0000  RESTRAINT  =         5.6364
 EAMBER (non-restraint)  =    -30393.7532
 EKCMT  =         0.0000  VIRIAL  =         0.0000  VOLUME     =    109414.8393
                                                    Density    =         0.8643
 ------------------------------------------------------------------------------

 NMR restraints: Bond =    0.404   Angle =     1.842   Torsion =     0.594
===============================================================================

 NSTEP =     6500   TIME(PS) =      13.000  TEMP(K) =   296.16  PRESS =     0.0
 Etot   =    -25088.2976  EKtot   =      5473.8862  EPtot      =    -30562.1838
 BOND   =        59.5044  ANGLE   =       106.0166  DIHED      =       129.0003
 1-4 NB =        71.3566  1-4 EEL =        61.8411  VDWAALS    =      4513.8098
 EELEC  =    -35512.5432  EHBOND  =         0.0000  RESTRAINT  =         8.8306
 EAMBER (non-restraint)  =    -30571.0144
 EKCMT  =         0.0000  VIRIAL  =         0.0000  VOLUME     =    108116.7907
                                                    Density    =         0.8747
 ------------------------------------------------------------------------------

 NMR restraints: Bond =    1.796   Angle =     3.086   Torsion =     0.316
===============================================================================

 NSTEP =     7000   TIME(PS) =      14.000  TEMP(K) =   300.00  PRESS =     0.0
 Etot   =    -25014.5146  EKtot   =      5544.8418  EPtot      =    -30559.3564
 BOND   =        52.8659  ANGLE   =       109.5156  DIHED      =       133.4484
 1-4 NB =        76.4373  1-4 EEL =        62.1917  VDWAALS    =      4227.6874
 EELEC  =    -35228.9666  EHBOND  =         0.0000  RESTRAINT  =         7.4640
 EAMBER (non-restraint)  =    -30566.8204
 EKCMT  =         0.0000  VIRIAL  =         0.0000  VOLUME     =    107538.6181
                                                    Density    =         0.8794
 ------------------------------------------------------------------------------

 NMR restraints: Bond =    0.400   Angle =     2.761   Torsion =     0.394
===============================================================================

 NSTEP =     7500   TIME(PS) =      15.000  TEMP(K) =   303.23  PRESS =     0.0
 Etot   =    -24818.7535  EKtot   =      5604.5005  EPtot      =    -30423.2540
 BOND   =        62.6188  ANGLE   =       107.0539  DIHED      =       136.4015
 1-4 NB =        73.6270  1-4 EEL =        63.2393  VDWAALS    =      4175.4879
 EELEC  =    -35048.4053  EHBOND  =         0.0000  RESTRAINT  =         6.7230
 EAMBER (non-restraint)  =    -30429.9769
 EKCMT  =         0.0000  VIRIAL  =         0.0000  VOLUME     =    107538.6181
                                                    Density    =         0.8794
 ------------------------------------------------------------------------------

 NMR restraints: Bond =    0.688   Angle =     2.168   Torsion =     1.955
===============================================================================

 NSTEP =     8000   TIME(PS) =      16.000  TEMP(K) =   298.49  PRESS =     0.0
 Etot   =    -24888.5579  EKtot   =      5516.8750  EPtot      =    -30405.4329
 BOND   =        50.2446  ANGLE   =       107.8967  DIHED      =       126.3209
 1-4 NB =        78.2480  1-4 EEL =        63.0539  VDWAALS    =      4564.2412
 EELEC  =    -35400.8342  EHBOND  =         0.0000  RESTRAINT  =         5.3961
 EAMBER (non-restraint)  =    -30410.8290
 EKCMT  =         0.0000  VIRIAL  =         0.0000  VOLUME     =    105683.6781
                                                    Density    =         0.8948
 ------------------------------------------------------------------------------

 NMR restraints: Bond =    0.960   Angle =     0.402   Torsion =     1.588
===============================================================================
