
          -------------------------------------------------------
          Amber 18 PMEMD                              2018
          -------------------------------------------------------

| PMEMD implementation of SANDER, Release 18

| Run on 05/02/2018 at 10:37:39

|   Executable path: pmemd.cuda
| Working directory: /oasis/tscc/scratch/davids4/SAMPLing-cut9/11499277.tscc-mgr.local
|          Hostname: tscc-gpu-8-5.sdsc.edu

  [-O]verwriting output

File Assignments:
|   MDIN: equil.000.in                                                          
|  MDOUT: equil.000.out                                                         
| INPCRD: minimize.rst7                                                         
|   PARM: solvate.prmtop                                                        
| RESTRT: equil.000.rst7                                                        
|   REFC: solvate.rst7                                                          
|  MDVEL: mdvel                                                                 
|   MDEN: equil.000.mden                                                        
|  MDCRD: equil.000.nc                                                          
| MDINFO: equil.000.mdinfo                                                      
|  MDFRC: mdfrc                                                                 


 Here is the input file:

PBC MD Simulation                                                              
 &cntrl                                                                        
  imin =          0,                                                           
  ntx =           1,                                                           
  irest =         0,                                                           
  maxcyc =        0,                                                           
  ncyc =          0,                                                           
  dt =            0.002,                                                       
  nstlim =        500000,                                                      
  ntpr =          500,                                                         
  ntwe =          500,                                                         
  ntwr =          250,                                                         
  ntwx =          250,                                                         
  ntxo =          1,                                                           
  ioutfm =        1,                                                           
  ntf =           2,                                                           
  ntc =           2,                                                           
  cut =           9.0,                                                         
  igb =           0,                                                           
  tempi =         298.15,                                                      
  temp0 =         298.15,                                                      
  ntt =           3,                                                           
  gamma_ln =      1.0,                                                         
  ig =            -1,                                                          
  ntp =           1,                                                           
  barostat =      2,                                                           
  ntr =           1,                                                           
  restraint_wt =  50.0,                                                        
  restraintmask = '@DUM',                                                      
  nmropt =        1,                                                           
  pencut =        -1,                                                          
  ntwprt =        206,                                                         
 /                                                                             
 &wt type = 'END', /                                                           
DISANG = disang.rest                                                           
LISTOUT = POUT                                                                 
                                                                               


Note: ig = -1. Setting random seed to   224227 based on wallclock time in 
      microseconds.
| irandom = 1, using AMBER's internal random number generator (default).
 
|--------------------- INFORMATION ----------------------
| GPU (CUDA) Version of PMEMD in use: NVIDIA GPU IN USE.
|                    Version 18.0.0
| 
|                      03/25/2018
| 
| Implementation by:
|                    Ross C. Walker     (SDSC)
|                    Scott Le Grand     (nVIDIA)
| 
| Version 18 performance extensions by:
|                    David Cerutti     (Rutgers)
| 
| Precision model in use:
|      [SPFP] - Single Precision Forces, 64-bit Fixed Point
|               Accumulation. (Default)
| 
|--------------------------------------------------------
 
|----------------- CITATION INFORMATION -----------------
|
|    When publishing work that utilized the CUDA version
|    of AMBER, please cite the following in addition to
|    the regular AMBER citations:
|
|  - Romelia Salomon-Ferrer; Andreas W. Goetz; Duncan
|    Poole; Scott Le Grand; Ross C. Walker "Routine
|    microsecond molecular dynamics simulations with
|    AMBER - Part II: Particle Mesh Ewald", J. Chem.
|    Theory Comput., 2013, 9 (9), pp3878-3888,
|    DOI: 10.1021/ct400314y.
|
|  - Andreas W. Goetz; Mark J. Williamson; Dong Xu;
|    Duncan Poole; Scott Le Grand; Ross C. Walker
|    "Routine microsecond molecular dynamics simulations
|    with AMBER - Part I: Generalized Born", J. Chem.
|    Theory Comput., 2012, 8 (5), pp1542-1555.
|
|  - Scott Le Grand; Andreas W. Goetz; Ross C. Walker
|    "SPFP: Speed without compromise - a mixed precision
|    model for GPU accelerated molecular dynamics
|    simulations.", Comp. Phys. Comm., 2013, 184
|    pp374-380, DOI: 10.1016/j.cpc.2012.09.022
|
|--------------------------------------------------------
 
|------------------- GPU DEVICE INFO --------------------
|
|            CUDA_VISIBLE_DEVICES: 3
|   CUDA Capable Devices Detected:      1
|           CUDA Device ID in use:      0
|                CUDA Device Name: GeForce GTX TITAN X
|     CUDA Device Global Mem Size:  12207 MB
| CUDA Device Num Multiprocessors:     24
|           CUDA Device Core Freq:   1.08 GHz
|
|--------------------------------------------------------
 
 
| Conditional Compilation Defines Used:
| PUBFFT
| BINTRAJ
| CUDA
| EMIL

| Largest sphere to fit in unit cell has radius =    21.886

| New format PARM file being parsed.
| Version =    1.000 Date = 04/23/18 Time = 20:21:46

| Note: 1-4 EEL scale factors are being read from the topology file.

| Note: 1-4 VDW scale factors are being read from the topology file.
| Duplicated    0 dihedrals

| Duplicated    0 dihedrals

--------------------------------------------------------------------------------
   1.  RESOURCE   USE: 
--------------------------------------------------------------------------------

 getting new box info from bottom of inpcrd
 NATOM  =    9223 NTYPES =      11 NBONH =    9067 MBONA  =     155
 NTHETH =     153 MTHETA =     232 NPHIH =     345 MPHIA  =     366
 NHPARM =       0 NPARM  =       0 NNB   =   13221 NRES   =    3022
 NBONA  =     155 NTHETA =     232 NPHIA =     366 NUMBND =      13
 NUMANG =      22 NPTRA  =      15 NATYP =      13 NPHB   =       0
 IFBOX  =       1 NMXRS  =     184 IFCAP =       0 NEXTRA =       0
 NCOPY  =       0

| Coordinate Index Table dimensions:     9    8   12
| Direct force subcell size =     5.1790    5.4715    5.1664

     BOX TYPE: RECTILINEAR

--------------------------------------------------------------------------------
   2.  CONTROL  DATA  FOR  THE  RUN
--------------------------------------------------------------------------------

default_name                                                                    

General flags:
     imin    =       0, nmropt  =       1

Nature and format of input:
     ntx     =       1, irest   =       0, ntrx    =       1

Nature and format of output:
     ntxo    =       1, ntpr    =     500, ntrx    =       1, ntwr    =     250
     iwrap   =       0, ntwx    =     250, ntwv    =       0, ntwe    =     500
     ioutfm  =       1, ntwprt  =     206, idecomp =       0, rbornstat=      0

Potential function:
     ntf     =       2, ntb     =       2, igb     =       0, nsnb    =      25
     ipol    =       0, gbsa    =       0, iesp    =       0
     dielc   =   1.00000, cut     =   9.00000, intdiel =   1.00000

Frozen or restrained atoms:
     ibelly  =       0, ntr     =       1
     restraint_wt =  50.00000

Molecular dynamics:
     nstlim  =    500000, nscm    =         0, nrespa  =         1
     t       =   0.00000, dt      =   0.00200, vlimit  =  -1.00000

Langevin dynamics temperature regulation:
     ig      =  224227
     temp0   = 298.15000, tempi   = 298.15000, gamma_ln=   1.00000

Pressure regulation:
     ntp     =       1
     pres0   =   1.00000, comp    =  44.60000, taup    =   1.00000
     Monte-Carlo Barostat:
     mcbarint  =     100

SHAKE:
     ntc     =       2, jfastw  =       0
     tol     =   0.00001

NMR refinement options:
     iscale  =       0, noeskp  =       1, ipnlty  =       1, mxsub   =       1
     scalm   = 100.00000, pencut  =  -1.00000, tausw   =   0.10000

| Intermolecular bonds treatment:
|     no_intermolecular_bonds =       1

| Energy averages sample interval:
|     ene_avg_sampling =     500

Ewald parameters:
     verbose =       0, ew_type =       0, nbflag  =       1, use_pme =       1
     vdwmeth =       1, eedmeth =       1, netfrc  =       1
     Box X =   46.611   Box Y =   43.772   Box Z =   61.996
     Alpha =   90.000   Beta  =   90.000   Gamma =   90.000
     NFFT1 =   48       NFFT2 =   48       NFFT3 =   64
     Cutoff=    9.000   Tol   =0.100E-04
     Ewald Coefficient =  0.30768
     Interpolation order =    4

    LOADING THE CONSTRAINED ATOMS AS GROUPS


   5.  REFERENCE ATOM COORDINATES

  default_name                                                                    
     Mask @DUM; matches     3 atoms
| MONTE CARLO BAROSTAT IMPORTANT NOTE:
|   The Monte-Carlo barostat does not require the virial to adjust the system volume.
|   Since it is an expensive calculation, it is skipped for efficiency. A side-effect
|   is that the reported pressure is always 0 because it is not calculated.

--------------------------------------------------------------------------------
   3.  ATOMIC COORDINATES AND VELOCITIES
--------------------------------------------------------------------------------

default_name                                                                    
 begin time read from input coords =     0.000 ps



           Begin reading energy term weight changes/NMR restraints
 WEIGHT CHANGES:
                         ** No weight changes given **

 RESTRAINTS:
 Requested file redirections:
  DISANG    = disang.rest
  LISTOUT   = POUT
 Restraints will be read from file: disang.rest
Here are comments from the DISANG input file:

                       Number of restraints read =     9

                  Done reading weight changes/NMR restraints


 
 Number of triangulated 3-point waters found:     3000

     Sum of charges from parm topology file =   0.00000002
     Forcing neutrality...

| Dynamic Memory, Types Used:
| Reals              528921
| Integers           284277

| Nonbonded Pairs Initial Allocation:     2102844

| GPU memory information (estimate):
| KB of GPU memory in use:         0
| KB of CPU memory in use:         0

--------------------------------------------------------------------------------
   4.  RESULTS
--------------------------------------------------------------------------------


 NSTEP =        0   TIME(PS) =       0.000  TEMP(K) =   441.04  PRESS =     0.0
 Etot   =    -30627.0003  EKtot   =      8151.7249  EPtot      =    -38778.7252
 BOND   =        15.1750  ANGLE   =        55.7054  DIHED      =       106.6621
 1-4 NB =        68.8639  1-4 EEL =        63.1360  VDWAALS    =      6181.9405
 EELEC  =    -45271.2138  EHBOND  =         0.0000  RESTRAINT  =         1.0057
 EAMBER (non-restraint)  =    -38779.7309
 EKCMT  =         0.0000  VIRIAL  =         0.0000  VOLUME     =    126488.9084
                                                    Density    =         0.7476
 ------------------------------------------------------------------------------

 NMR restraints: Bond =    0.094   Angle =     0.867   Torsion =     0.022
===============================================================================

 NSTEP =      500   TIME(PS) =       1.000  TEMP(K) =   265.69  PRESS =     0.0
 Etot   =    -25766.0865  EKtot   =      4910.6250  EPtot      =    -30676.7115
 BOND   =        49.4469  ANGLE   =       107.3520  DIHED      =       124.4003
 1-4 NB =        73.0100  1-4 EEL =        61.1188  VDWAALS    =      4639.2653
 EELEC  =    -35734.3131  EHBOND  =         0.0000  RESTRAINT  =         3.0083
 EAMBER (non-restraint)  =    -30679.7198
 EKCMT  =         0.0000  VIRIAL  =         0.0000  VOLUME     =    125883.6446
                                                    Density    =         0.7512
 ------------------------------------------------------------------------------

 NMR restraints: Bond =    0.484   Angle =     0.974   Torsion =     0.286
===============================================================================

 NSTEP =     1000   TIME(PS) =       2.000  TEMP(K) =   283.53  PRESS =     0.0
 Etot   =    -25034.8079  EKtot   =      5240.4736  EPtot      =    -30275.2815
 BOND   =        55.4232  ANGLE   =       103.1841  DIHED      =       133.4932
 1-4 NB =        75.3564  1-4 EEL =        62.6724  VDWAALS    =      4414.6444
 EELEC  =    -35124.6777  EHBOND  =         0.0000  RESTRAINT  =         4.6224
 EAMBER (non-restraint)  =    -30279.9039
 EKCMT  =         0.0000  VIRIAL  =         0.0000  VOLUME     =    125802.7501
                                                    Density    =         0.7517
 ------------------------------------------------------------------------------

 NMR restraints: Bond =    0.852   Angle =     1.492   Torsion =     0.816
===============================================================================

 NSTEP =     1500   TIME(PS) =       3.000  TEMP(K) =   290.21  PRESS =     0.0
 Etot   =    -24688.9510  EKtot   =      5363.8750  EPtot      =    -30052.8260
 BOND   =        49.7245  ANGLE   =       101.2928  DIHED      =       131.9292
 1-4 NB =        76.8261  1-4 EEL =        60.0157  VDWAALS    =      4171.9369
 EELEC  =    -34649.7826  EHBOND  =         0.0000  RESTRAINT  =         5.2315
 EAMBER (non-restraint)  =    -30058.0575
 EKCMT  =         0.0000  VIRIAL  =         0.0000  VOLUME     =    124781.3478
                                                    Density    =         0.7579
 ------------------------------------------------------------------------------

 NMR restraints: Bond =    0.643   Angle =     1.817   Torsion =     1.215
===============================================================================

 NSTEP =     2000   TIME(PS) =       4.000  TEMP(K) =   290.04  PRESS =     0.0
 Etot   =    -24592.6921  EKtot   =      5360.8159  EPtot      =    -29953.5080
 BOND   =        52.2323  ANGLE   =       107.8262  DIHED      =       131.6376
 1-4 NB =        73.6049  1-4 EEL =        60.2512  VDWAALS    =      4349.8694
 EELEC  =    -34736.3632  EHBOND  =         0.0000  RESTRAINT  =         7.4335
 EAMBER (non-restraint)  =    -29960.9415
 EKCMT  =         0.0000  VIRIAL  =         0.0000  VOLUME     =    123012.5196
                                                    Density    =         0.7688
 ------------------------------------------------------------------------------

 NMR restraints: Bond =    0.296   Angle =     1.753   Torsion =     1.486
===============================================================================

 NSTEP =     2500   TIME(PS) =       5.000  TEMP(K) =   305.17  PRESS =     0.0
 Etot   =    -24516.9652  EKtot   =      5640.4761  EPtot      =    -30157.4413
 BOND   =        56.8419  ANGLE   =        98.9898  DIHED      =       132.6822
 1-4 NB =        76.0783  1-4 EEL =        68.2655  VDWAALS    =      4451.2786
 EELEC  =    -35047.7335  EHBOND  =         0.0000  RESTRAINT  =         6.1559
 EAMBER (non-restraint)  =    -30163.5972
 EKCMT  =         0.0000  VIRIAL  =         0.0000  VOLUME     =    121558.7527
                                                    Density    =         0.7780
 ------------------------------------------------------------------------------

 NMR restraints: Bond =    0.129   Angle =     1.416   Torsion =     1.801
===============================================================================

 NSTEP =     3000   TIME(PS) =       6.000  TEMP(K) =   297.48  PRESS =     0.0
 Etot   =    -24420.6321  EKtot   =      5498.2583  EPtot      =    -29918.8904
 BOND   =        64.5777  ANGLE   =       111.3052  DIHED      =       133.8127
 1-4 NB =        76.3830  1-4 EEL =        67.9031  VDWAALS    =      4329.1705
 EELEC  =    -34706.3893  EHBOND  =         0.0000  RESTRAINT  =         4.3467
 EAMBER (non-restraint)  =    -29923.2370
 EKCMT  =         0.0000  VIRIAL  =         0.0000  VOLUME     =    120313.9811
                                                    Density    =         0.7860
 ------------------------------------------------------------------------------

 NMR restraints: Bond =    0.128   Angle =     0.936   Torsion =     1.003
===============================================================================

 NSTEP =     3500   TIME(PS) =       7.000  TEMP(K) =   297.27  PRESS =     0.0
 Etot   =    -24634.2647  EKtot   =      5494.4443  EPtot      =    -30128.7090
 BOND   =        55.0418  ANGLE   =       107.3895  DIHED      =       139.0921
 1-4 NB =        81.4639  1-4 EEL =        63.7131  VDWAALS    =      4426.0731
 EELEC  =    -35007.0435  EHBOND  =         0.0000  RESTRAINT  =         5.5610
 EAMBER (non-restraint)  =    -30134.2700
 EKCMT  =         0.0000  VIRIAL  =         0.0000  VOLUME     =    118099.2403
                                                    Density    =         0.8008
 ------------------------------------------------------------------------------

 NMR restraints: Bond =    0.353   Angle =     1.985   Torsion =     0.161
===============================================================================

 NSTEP =     4000   TIME(PS) =       8.000  TEMP(K) =   298.94  PRESS =     0.0
 Etot   =    -24728.1540  EKtot   =      5525.1982  EPtot      =    -30253.3522
 BOND   =        59.1244  ANGLE   =       106.7063  DIHED      =       138.7776
 1-4 NB =        79.2338  1-4 EEL =        66.9313  VDWAALS    =      4526.9351
 EELEC  =    -35235.3964  EHBOND  =         0.0000  RESTRAINT  =         4.3356
 EAMBER (non-restraint)  =    -30257.6879
 EKCMT  =         0.0000  VIRIAL  =         0.0000  VOLUME     =    116297.4468
                                                    Density    =         0.8132
 ------------------------------------------------------------------------------

 NMR restraints: Bond =    0.209   Angle =     1.624   Torsion =     0.499
===============================================================================

 NSTEP =     4500   TIME(PS) =       9.000  TEMP(K) =   300.70  PRESS =     0.0
 Etot   =    -24668.6811  EKtot   =      5557.7173  EPtot      =    -30226.3984
 BOND   =        63.8076  ANGLE   =       117.7901  DIHED      =       137.9262
 1-4 NB =        75.4333  1-4 EEL =        62.0307  VDWAALS    =      4327.5050
 EELEC  =    -35016.2031  EHBOND  =         0.0000  RESTRAINT  =         5.3118
 EAMBER (non-restraint)  =    -30231.7102
 EKCMT  =         0.0000  VIRIAL  =         0.0000  VOLUME     =    115575.2673
                                                    Density    =         0.8182
 ------------------------------------------------------------------------------

 NMR restraints: Bond =    0.698   Angle =     1.679   Torsion =     0.871
===============================================================================

 NSTEP =     5000   TIME(PS) =      10.000  TEMP(K) =   299.93  PRESS =     0.0
 Etot   =    -24694.4267  EKtot   =      5543.5571  EPtot      =    -30237.9839
 BOND   =        55.0865  ANGLE   =       101.5153  DIHED      =       125.2166
 1-4 NB =        78.9395  1-4 EEL =        66.1891  VDWAALS    =      4394.7319
 EELEC  =    -35064.9247  EHBOND  =         0.0000  RESTRAINT  =         5.2620
 EAMBER (non-restraint)  =    -30243.2459
 EKCMT  =         0.0000  VIRIAL  =         0.0000  VOLUME     =    114218.4329
                                                    Density    =         0.8280
 ------------------------------------------------------------------------------

 NMR restraints: Bond =    0.375   Angle =     0.417   Torsion =     1.097
===============================================================================

 NSTEP =     5500   TIME(PS) =      11.000  TEMP(K) =   300.46  PRESS =     0.0
 Etot   =    -24676.6815  EKtot   =      5553.3242  EPtot      =    -30230.0057
 BOND   =        51.4977  ANGLE   =       108.9049  DIHED      =       132.9539
 1-4 NB =        74.9805  1-4 EEL =        60.6922  VDWAALS    =      4217.8659
 EELEC  =    -34881.5860  EHBOND  =         0.0000  RESTRAINT  =         4.6851
 EAMBER (non-restraint)  =    -30234.6909
 EKCMT  =         0.0000  VIRIAL  =         0.0000  VOLUME     =    113227.4243
                                                    Density    =         0.8352
 ------------------------------------------------------------------------------

 NMR restraints: Bond =    0.343   Angle =     1.674   Torsion =     1.565
===============================================================================

 NSTEP =     6000   TIME(PS) =      12.000  TEMP(K) =   298.02  PRESS =     0.0
 Etot   =    -24721.5670  EKtot   =      5508.2856  EPtot      =    -30229.8526
 BOND   =        66.7045  ANGLE   =       106.3705  DIHED      =       138.0720
 1-4 NB =        75.1405  1-4 EEL =        58.1257  VDWAALS    =      4416.0558
 EELEC  =    -35098.1926  EHBOND  =         0.0000  RESTRAINT  =         7.8709
 EAMBER (non-restraint)  =    -30237.7236
 EKCMT  =         0.0000  VIRIAL  =         0.0000  VOLUME     =    110352.8156
                                                    Density    =         0.8570
 ------------------------------------------------------------------------------

 NMR restraints: Bond =    1.064   Angle =     3.051   Torsion =     1.944
===============================================================================

 NSTEP =     6500   TIME(PS) =      13.000  TEMP(K) =   297.27  PRESS =     0.0
 Etot   =    -24833.7412  EKtot   =      5494.4849  EPtot      =    -30328.2261
 BOND   =        44.0590  ANGLE   =        99.4876  DIHED      =       125.4761
 1-4 NB =        81.5625  1-4 EEL =        63.8802  VDWAALS    =      3934.9801
 EELEC  =    -34686.1868  EHBOND  =         0.0000  RESTRAINT  =         8.5154
 EAMBER (non-restraint)  =    -30336.7415
 EKCMT  =         0.0000  VIRIAL  =         0.0000  VOLUME     =    108781.1358
                                                    Density    =         0.8693
 ------------------------------------------------------------------------------

 NMR restraints: Bond =    1.332   Angle =     2.148   Torsion =     2.809
===============================================================================

 NSTEP =     7000   TIME(PS) =      14.000  TEMP(K) =   302.52  PRESS =     0.0
 Etot   =    -24848.4942  EKtot   =      5591.3599  EPtot      =    -30439.8540
 BOND   =        56.5295  ANGLE   =       117.4142  DIHED      =       126.5597
 1-4 NB =        79.3118  1-4 EEL =        65.2736  VDWAALS    =      4248.9050
 EELEC  =    -35141.8661  EHBOND  =         0.0000  RESTRAINT  =         8.0182
 EAMBER (non-restraint)  =    -30447.8722
 EKCMT  =         0.0000  VIRIAL  =         0.0000  VOLUME     =    107041.6478
                                                    Density    =         0.8835
 ------------------------------------------------------------------------------

 NMR restraints: Bond =    1.623   Angle =     1.614   Torsion =     1.984
===============================================================================

 NSTEP =     7500   TIME(PS) =      15.000  TEMP(K) =   297.97  PRESS =     0.0
 Etot   =    -25211.9774  EKtot   =      5507.3481  EPtot      =    -30719.3255
 BOND   =        60.1702  ANGLE   =       118.9010  DIHED      =       137.2876
 1-4 NB =        67.5021  1-4 EEL =        64.6916  VDWAALS    =      4368.1627
 EELEC  =    -35540.2091  EHBOND  =         0.0000  RESTRAINT  =         4.1682
 EAMBER (non-restraint)  =    -30723.4938
 EKCMT  =         0.0000  VIRIAL  =         0.0000  VOLUME     =    104911.9021
                                                    Density    =         0.9014
 ------------------------------------------------------------------------------

 NMR restraints: Bond =    0.070   Angle =     0.746   Torsion =     1.118
===============================================================================

 NSTEP =     8000   TIME(PS) =      16.000  TEMP(K) =   298.19  PRESS =     0.0
 Etot   =    -25176.7522  EKtot   =      5511.3936  EPtot      =    -30688.1458
 BOND   =        57.3080  ANGLE   =       108.4713  DIHED      =       129.1643
 1-4 NB =        72.6320  1-4 EEL =        65.2212  VDWAALS    =      4560.5369
 EELEC  =    -35688.0494  EHBOND  =         0.0000  RESTRAINT  =         6.5699
 EAMBER (non-restraint)  =    -30694.7157
 EKCMT  =         0.0000  VIRIAL  =         0.0000  VOLUME     =    103667.8306
                                                    Density    =         0.9122
 ------------------------------------------------------------------------------

 NMR restraints: Bond =    0.774   Angle =     1.683   Torsion =     2.767
===============================================================================

 NSTEP =     8500   TIME(PS) =      17.000  TEMP(K) =   302.74  PRESS =     0.0
 Etot   =    -25067.2366  EKtot   =      5595.4756  EPtot      =    -30662.7122
 BOND   =        50.1037  ANGLE   =        97.0463  DIHED      =       138.9502
 1-4 NB =        74.2661  1-4 EEL =        61.0116  VDWAALS    =      4315.0143
 EELEC  =    -35403.6530  EHBOND  =         0.0000  RESTRAINT  =         4.5486
 EAMBER (non-restraint)  =    -30667.2608
 EKCMT  =         0.0000  VIRIAL  =         0.0000  VOLUME     =    103102.6336
                                                    Density    =         0.9172
 ------------------------------------------------------------------------------

 NMR restraints: Bond =    0.349   Angle =     1.708   Torsion =     1.301
===============================================================================

 NSTEP =     9000   TIME(PS) =      18.000  TEMP(K) =   299.87  PRESS =     0.0
 Etot   =    -25124.9498  EKtot   =      5542.4438  EPtot      =    -30667.3937
 BOND   =        38.0719  ANGLE   =       108.2512  DIHED      =       134.1778
 1-4 NB =        77.9546  1-4 EEL =        70.0528  VDWAALS    =      4331.1314
 EELEC  =    -35438.4261  EHBOND  =         0.0000  RESTRAINT  =        11.3928
 EAMBER (non-restraint)  =    -30678.7865
 EKCMT  =         0.0000  VIRIAL  =         0.0000  VOLUME     =    102537.3114
                                                    Density    =         0.9223
 ------------------------------------------------------------------------------

 NMR restraints: Bond =    0.059   Angle =     1.720   Torsion =     2.538
===============================================================================

 NSTEP =     9500   TIME(PS) =      19.000  TEMP(K) =   299.53  PRESS =     0.0
 Etot   =    -25159.0951  EKtot   =      5536.2124  EPtot      =    -30695.3075
 BOND   =        51.1934  ANGLE   =       102.2028  DIHED      =       143.2338
 1-4 NB =        78.3868  1-4 EEL =        67.8361  VDWAALS    =      4329.2286
 EELEC  =    -35472.7317  EHBOND  =         0.0000  RESTRAINT  =         5.3426
 EAMBER (non-restraint)  =    -30700.6501
 EKCMT  =         0.0000  VIRIAL  =         0.0000  VOLUME     =    101044.5704
                                                    Density    =         0.9359
 ------------------------------------------------------------------------------

 NMR restraints: Bond =    0.614   Angle =     1.758   Torsion =     1.725
===============================================================================

 NSTEP =    10000   TIME(PS) =      20.000  TEMP(K) =   297.61  PRESS =     0.0
 Etot   =    -25269.9029  EKtot   =      5500.7041  EPtot      =    -30770.6070
 BOND   =        42.2893  ANGLE   =       116.3661  DIHED      =       131.6575
 1-4 NB =        79.0070  1-4 EEL =        59.6339  VDWAALS    =      4272.7058
 EELEC  =    -35479.9340  EHBOND  =         0.0000  RESTRAINT  =         7.6672
 EAMBER (non-restraint)  =    -30778.2743
 EKCMT  =         0.0000  VIRIAL  =         0.0000  VOLUME     =    100251.8111
                                                    Density    =         0.9433
 ------------------------------------------------------------------------------

 NMR restraints: Bond =    0.436   Angle =     2.305   Torsion =     1.177
===============================================================================
