
          -------------------------------------------------------
          Amber 18 PMEMD                              2018
          -------------------------------------------------------

| PMEMD implementation of SANDER, Release 18

| Run on 05/02/2018 at 12:33:19

|   Executable path: pmemd.cuda
| Working directory: /oasis/tscc/scratch/davids4/SAMPLing-cut9/11499378.tscc-mgr.local
|          Hostname: tscc-gpu-7-9.sdsc.edu

  [-O]verwriting output

File Assignments:
|   MDIN: minimize.in                                                           
|  MDOUT: minimize.out                                                          
| INPCRD: solvate.rst7                                                          
|   PARM: solvate.prmtop                                                        
| RESTRT: minimize.rst7                                                         
|   REFC: solvate.rst7                                                          
|  MDVEL: mdvel                                                                 
|   MDEN: mden                                                                  
|  MDCRD: mdcrd                                                                 
| MDINFO: minimize.mdinfo                                                       
|  MDFRC: mdfrc                                                                 


 Here is the input file:

PBC Minimization                                                               
 &cntrl                                                                        
  imin =          1,                                                           
  ntx =           1,                                                           
  irest =         0,                                                           
  maxcyc =        500,                                                         
  ncyc =          400,                                                         
  dt =            0.0,                                                         
  nstlim =        0,                                                           
  ntpr =          100,                                                         
  ntwe =          0,                                                           
  ntwr =          5000,                                                        
  ntwx =          0,                                                           
  ntxo =          1,                                                           
  ioutfm =        1,                                                           
  ntf =           1,                                                           
  ntc =           1,                                                           
  cut =           9.0,                                                         
  igb =           0,                                                           
  tempi =         298.15,                                                      
  temp0 =         298.15,                                                      
  ntt =           0,                                                           
  gamma_ln =      0.0,                                                         
  ig =            0,                                                           
  ntp =           0,                                                           
  barostat =      0,                                                           
  ntr =           1,                                                           
  restraint_wt =  50.0,                                                        
  restraintmask = '@DUM',                                                      
  nmropt =        1,                                                           
  pencut =        -1,                                                          
 /                                                                             
 &wt type = 'END', /                                                           
DISANG = disang.rest                                                           
LISTOUT = POUT                                                                 
                                                                               


| irandom = 1, using AMBER's internal random number generator (default).
 
|--------------------- INFORMATION ----------------------
| GPU (CUDA) Version of PMEMD in use: NVIDIA GPU IN USE.
|                    Version 18.0.0
| 
|                      03/25/2018
| 
| Implementation by:
|                    Ross C. Walker     (SDSC)
|                    Scott Le Grand     (nVIDIA)
| 
| Version 18 performance extensions by:
|                    David Cerutti     (Rutgers)
| 
| Precision model in use:
|      [SPFP] - Single Precision Forces, 64-bit Fixed Point
|               Accumulation. (Default)
| 
|--------------------------------------------------------
 
|----------------- CITATION INFORMATION -----------------
|
|    When publishing work that utilized the CUDA version
|    of AMBER, please cite the following in addition to
|    the regular AMBER citations:
|
|  - Romelia Salomon-Ferrer; Andreas W. Goetz; Duncan
|    Poole; Scott Le Grand; Ross C. Walker "Routine
|    microsecond molecular dynamics simulations with
|    AMBER - Part II: Particle Mesh Ewald", J. Chem.
|    Theory Comput., 2013, 9 (9), pp3878-3888,
|    DOI: 10.1021/ct400314y.
|
|  - Andreas W. Goetz; Mark J. Williamson; Dong Xu;
|    Duncan Poole; Scott Le Grand; Ross C. Walker
|    "Routine microsecond molecular dynamics simulations
|    with AMBER - Part I: Generalized Born", J. Chem.
|    Theory Comput., 2012, 8 (5), pp1542-1555.
|
|  - Scott Le Grand; Andreas W. Goetz; Ross C. Walker
|    "SPFP: Speed without compromise - a mixed precision
|    model for GPU accelerated molecular dynamics
|    simulations.", Comp. Phys. Comm., 2013, 184
|    pp374-380, DOI: 10.1016/j.cpc.2012.09.022
|
|--------------------------------------------------------
 
|------------------- GPU DEVICE INFO --------------------
|
|            CUDA_VISIBLE_DEVICES: 0
|   CUDA Capable Devices Detected:      1
|           CUDA Device ID in use:      0
|                CUDA Device Name: GeForce GTX TITAN X
|     CUDA Device Global Mem Size:  12207 MB
| CUDA Device Num Multiprocessors:     24
|           CUDA Device Core Freq:   1.08 GHz
|
|--------------------------------------------------------
 
 
| Conditional Compilation Defines Used:
| PUBFFT
| BINTRAJ
| CUDA
| EMIL

| Largest sphere to fit in unit cell has radius =    20.946

| New format PARM file being parsed.
| Version =    1.000 Date = 04/23/18 Time = 20:05:31

| Note: 1-4 EEL scale factors are being read from the topology file.

| Note: 1-4 VDW scale factors are being read from the topology file.
| Duplicated    0 dihedrals

| Duplicated    0 dihedrals

--------------------------------------------------------------------------------
   1.  RESOURCE   USE: 
--------------------------------------------------------------------------------

 getting new box info from bottom of inpcrd
 NATOM  =    9221 NTYPES =      11 NBONH =    9065 MBONA  =     155
 NTHETH =     148 MTHETA =     231 NPHIH =     343 MPHIA  =     362
 NHPARM =       0 NPARM  =       0 NNB   =   13205 NRES   =    3022
 NBONA  =     155 NTHETA =     231 NPHIA =     362 NUMBND =      16
 NUMANG =      28 NPTRA  =      15 NATYP =      14 NPHB   =       0
 IFBOX  =       1 NMXRS  =     184 IFCAP =       0 NEXTRA =       0
 NCOPY  =       0

| Coordinate Index Table dimensions:     8    8   13
| Direct force subcell size =     5.4385    5.2364    5.3161

     BOX TYPE: RECTILINEAR

--------------------------------------------------------------------------------
   2.  CONTROL  DATA  FOR  THE  RUN
--------------------------------------------------------------------------------

default_name                                                                    

General flags:
     imin    =       1, nmropt  =       1

Nature and format of input:
     ntx     =       1, irest   =       0, ntrx    =       1

Nature and format of output:
     ntxo    =       1, ntpr    =     100, ntrx    =       1, ntwr    =       1
     iwrap   =       0, ntwx    =       0, ntwv    =       0, ntwe    =       0
     ioutfm  =       1, ntwprt  =       0, idecomp =       0, rbornstat=      0

Potential function:
     ntf     =       1, ntb     =       1, igb     =       0, nsnb    =      25
     ipol    =       0, gbsa    =       0, iesp    =       0
     dielc   =   1.00000, cut     =   9.00000, intdiel =   1.00000

Frozen or restrained atoms:
     ibelly  =       0, ntr     =       1
     restraint_wt =  50.00000

Energy minimization:
     maxcyc  =     500, ncyc    =     400, ntmin   =       1
     dx0     =   0.01000, drms    =   0.00010

NMR refinement options:
     iscale  =       0, noeskp  =       1, ipnlty  =       1, mxsub   =       1
     scalm   = 100.00000, pencut  =  -1.00000, tausw   =   0.10000

| Intermolecular bonds treatment:
|     no_intermolecular_bonds =       1

| Energy averages sample interval:
|     ene_avg_sampling =       1

Ewald parameters:
     verbose =       0, ew_type =       0, nbflag  =       1, use_pme =       1
     vdwmeth =       1, eedmeth =       1, netfrc  =       0
     Box X =   43.508   Box Y =   41.891   Box Z =   69.110
     Alpha =   90.000   Beta  =   90.000   Gamma =   90.000
     NFFT1 =   48       NFFT2 =   48       NFFT3 =   72
     Cutoff=    9.000   Tol   =0.100E-04
     Ewald Coefficient =  0.30768
     Interpolation order =    4

    LOADING THE CONSTRAINED ATOMS AS GROUPS


   5.  REFERENCE ATOM COORDINATES

  default_name                                                                    
     Mask @DUM; matches     3 atoms

--------------------------------------------------------------------------------
   3.  ATOMIC COORDINATES AND VELOCITIES
--------------------------------------------------------------------------------

default_name                                                                    
 begin time read from input coords =     0.000 ps



           Begin reading energy term weight changes/NMR restraints
 WEIGHT CHANGES:
                         ** No weight changes given **

 RESTRAINTS:
 Requested file redirections:
  DISANG    = disang.rest
  LISTOUT   = POUT
 Restraints will be read from file: disang.rest
Here are comments from the DISANG input file:

                       Number of restraints read =     9

                  Done reading weight changes/NMR restraints


 
 Number of triangulated 3-point waters found:     3000

     Sum of charges from parm topology file =   0.00000002
     Forcing neutrality...

| Dynamic Memory, Types Used:
| Reals              372822
| Integers           259518

| Nonbonded Pairs Initial Allocation:     2102388

| GPU memory information (estimate):
| KB of GPU memory in use:         0
| KB of CPU memory in use:         0

--------------------------------------------------------------------------------
   4.  RESULTS
--------------------------------------------------------------------------------



   NSTEP       ENERGY          RMS            GMAX         NAME    NUMBER
      1      -2.4643E+04     1.3186E+01     1.0655E+02     O        1527

 BOND    =       63.0486  ANGLE   =      117.3285  DIHED      =      134.9434
 VDWAALS =     3039.8223  EEL     =   -28144.3858  HBOND      =        0.0000
 1-4 VDW =       77.5600  1-4 EEL =       65.5245  RESTRAINT  =        3.5060
 EAMBER  =   -24646.1585
 NMR restraints: Bond =    0.000   Angle =     3.506   Torsion =     0.000
===============================================================================


   NSTEP       ENERGY          RMS            GMAX         NAME    NUMBER
    100      -3.2358E+04     2.4888E+00     5.8304E+01     C2        186

 BOND    =     1723.0487  ANGLE   =       45.0875  DIHED      =      104.9278
 VDWAALS =     3363.4226  EEL     =   -37726.6845  HBOND      =        0.0000
 1-4 VDW =       68.7431  1-4 EEL =       61.6322  RESTRAINT  =        2.2152
 EAMBER  =   -32359.8226
 NMR restraints: Bond =    0.006   Angle =     2.171   Torsion =     0.016
===============================================================================


   NSTEP       ENERGY          RMS            GMAX         NAME    NUMBER
    200      -3.3635E+04     1.9302E+00     6.1939E+01     C1          1

 BOND    =     2038.6618  ANGLE   =       46.8911  DIHED      =      103.8637
 VDWAALS =     3952.6124  EEL     =   -39906.7949  HBOND      =        0.0000
 1-4 VDW =       66.9705  1-4 EEL =       60.8370  RESTRAINT  =        1.7155
 EAMBER  =   -33636.9585
 NMR restraints: Bond =    0.023   Angle =     1.634   Torsion =     0.039
===============================================================================


   NSTEP       ENERGY          RMS            GMAX         NAME    NUMBER
    300      -3.4390E+04     1.6378E+00     5.4645E+01     C2          2

 BOND    =     2153.2536  ANGLE   =       48.4234  DIHED      =      103.8471
 VDWAALS =     4448.7837  EEL     =   -41272.5247  HBOND      =        0.0000
 1-4 VDW =       66.1180  1-4 EEL =       60.4201  RESTRAINT  =        1.4728
 EAMBER  =   -34391.6789
 NMR restraints: Bond =    0.040   Angle =     1.340   Torsion =     0.071
===============================================================================


   NSTEP       ENERGY          RMS            GMAX         NAME    NUMBER
    400      -3.4925E+04     1.4235E+00     5.4674E+01     C88       109

 BOND    =     2246.6263  ANGLE   =       48.6691  DIHED      =      104.0995
 VDWAALS =     4875.0638  EEL     =   -42326.6435  HBOND      =        0.0000
 1-4 VDW =       65.4132  1-4 EEL =       60.1441  RESTRAINT  =        1.3848
 EAMBER  =   -34926.6274
 NMR restraints: Bond =    0.086   Angle =     1.167   Torsion =     0.107
===============================================================================


   NSTEP       ENERGY          RMS            GMAX         NAME    NUMBER
    500      -3.6388E+04     1.7439E+00     5.8677E+01     C88       109

 BOND    =     2547.7512  ANGLE   =       62.6302  DIHED      =      104.5467
 VDWAALS =     6190.6254  EEL     =   -45420.0325  HBOND      =        0.0000
 1-4 VDW =       66.3210  1-4 EEL =       59.1353  RESTRAINT  =        1.2879
 EAMBER  =   -36389.0228
 NMR restraints: Bond =    0.520   Angle =     0.459   Torsion =     0.264
===============================================================================


  Maximum number of minimization cycles reached.


                    FINAL RESULTS



   NSTEP       ENERGY          RMS            GMAX         NAME    NUMBER
    500      -3.6388E+04     1.7439E+00     5.8677E+01     C88       109

 BOND    =     2547.7512  ANGLE   =       62.6302  DIHED      =      104.5467
 VDWAALS =     6190.6254  EEL     =   -45420.0325  HBOND      =        0.0000
 1-4 VDW =       66.3210  1-4 EEL =       59.1353  RESTRAINT  =        1.2879
 EAMBER  =   -36389.0228
 NMR restraints: Bond =    0.520   Angle =     0.459   Torsion =     0.264
===============================================================================
 ------------------------------------------------------------------------------


 Final Restraint Analysis for coords: minimize.rst7                           


 Restraints, deviations, and energy contributions:    pencut =   -1.00

 ------------------------------------------------------------------------------
     First atom        Last atom    curr. value target deviation  penalty
 ------------------------------------------------------------------------------
  DUM  DM1    3 --  C26  HST    1:    8.317    8.517    0.200    0.200 d    0: 0
  DUM  DM2    4 --  C26  HST    1:  151.111  151.050    0.062    0.000 a
  DUM  DM2    4 --  DUM  DM1    3:   87.000   86.955    0.045    0.000 t
  DUM  DM1    3 --  C18  HST    1:   65.057   64.991    0.065    0.000 a
  DUM  DM1    3 --  C26  HST    1:  137.618  140.141    2.523    0.194 t
  C26  HST    1 --  C18  HST    1:   72.442   70.928    1.515    0.070 t
  DUM  DM1    3 --  C1   GST    2:   11.485   11.232    0.253    0.320 d    0: 0
  DUM  DM2    4 --  C1   GST    2:  176.214  180.000    3.786    0.437 a
  DUM  DM1    3 --  C3   GST    2:  179.145  180.000    0.855    0.022 a
                                       Total distance penalty:      0.520
                                       Total angle    penalty:      0.459
                                       Total torsion  penalty:      0.264
 ------------------------------------------------------------------------------
--------------------------------------------------------------------------------
   5.  TIMINGS
--------------------------------------------------------------------------------

|  NonSetup CPU Time in Major Routines:
|
|     Routine           Sec        %
|     ------------------------------
|     Nonbond           0.27   50.37
|     Bond              0.00    0.00
|     Angle             0.00    0.00
|     Dihedral          0.00    0.00
|     Shake             0.00    0.00
|     Other             0.27   49.63
|     ------------------------------
|     Total             0.54

|  PME Nonbond Pairlist CPU Time:
|
|     Routine              Sec        %
|     ---------------------------------
|     Set Up Cit           0.00    0.00
|     Build List           0.00    0.00
|     ---------------------------------
|     Total                0.00    0.00

|  PME Direct Force CPU Time:
|
|     Routine              Sec        %
|     ---------------------------------
|     NonBonded Calc       0.00    0.00
|     Exclude Masked       0.00    0.00
|     Other                0.00    0.37
|     ---------------------------------
|     Total                0.00    0.37

|  PME Reciprocal Force CPU Time:
|
|     Routine              Sec        %
|     ---------------------------------
|     1D bspline           0.00    0.00
|     Grid Charges         0.00    0.00
|     Scalar Sum           0.00    0.00
|     Gradient Sum         0.00    0.00
|     FFT                  0.00    0.00
|     ---------------------------------
|     Total                0.00    0.00

|  Setup CPU time:            2.08 seconds
|  NonSetup CPU time:         0.54 seconds
|  Total CPU time:            2.62 seconds     0.00 hours

|  Setup wall time:           2    seconds
|  NonSetup wall time:        1    seconds
|  Total wall time:           3    seconds     0.00 hours
