
          -------------------------------------------------------
          Amber 18 PMEMD                              2018
          -------------------------------------------------------

| PMEMD implementation of SANDER, Release 18

| Run on 05/02/2018 at 11:03:21

|   Executable path: pmemd.cuda
| Working directory: /oasis/tscc/scratch/davids4/SAMPLing-cut9/11499363.tscc-mgr.local
|          Hostname: tscc-gpu-7-10.sdsc.edu

  [-O]verwriting output

File Assignments:
|   MDIN: equil.000.in                                                          
|  MDOUT: equil.000.out                                                         
| INPCRD: minimize.rst7                                                         
|   PARM: solvate.prmtop                                                        
| RESTRT: equil.000.rst7                                                        
|   REFC: solvate.rst7                                                          
|  MDVEL: mdvel                                                                 
|   MDEN: equil.000.mden                                                        
|  MDCRD: equil.000.nc                                                          
| MDINFO: equil.000.mdinfo                                                      
|  MDFRC: mdfrc                                                                 


 Here is the input file:

PBC MD Simulation                                                              
 &cntrl                                                                        
  imin =          0,                                                           
  ntx =           1,                                                           
  irest =         0,                                                           
  maxcyc =        0,                                                           
  ncyc =          0,                                                           
  dt =            0.002,                                                       
  nstlim =        500000,                                                      
  ntpr =          500,                                                         
  ntwe =          500,                                                         
  ntwr =          250,                                                         
  ntwx =          250,                                                         
  ntxo =          1,                                                           
  ioutfm =        1,                                                           
  ntf =           2,                                                           
  ntc =           2,                                                           
  cut =           9.0,                                                         
  igb =           0,                                                           
  tempi =         298.15,                                                      
  temp0 =         298.15,                                                      
  ntt =           3,                                                           
  gamma_ln =      1.0,                                                         
  ig =            -1,                                                          
  ntp =           1,                                                           
  barostat =      2,                                                           
  ntr =           1,                                                           
  restraint_wt =  50.0,                                                        
  restraintmask = '@DUM',                                                      
  nmropt =        1,                                                           
  pencut =        -1,                                                          
  ntwprt =        204,                                                         
 /                                                                             
 &wt type = 'END', /                                                           
DISANG = disang.rest                                                           
LISTOUT = POUT                                                                 
                                                                               


Note: ig = -1. Setting random seed to   286771 based on wallclock time in 
      microseconds.
| irandom = 1, using AMBER's internal random number generator (default).
 
|--------------------- INFORMATION ----------------------
| GPU (CUDA) Version of PMEMD in use: NVIDIA GPU IN USE.
|                    Version 18.0.0
| 
|                      03/25/2018
| 
| Implementation by:
|                    Ross C. Walker     (SDSC)
|                    Scott Le Grand     (nVIDIA)
| 
| Version 18 performance extensions by:
|                    David Cerutti     (Rutgers)
| 
| Precision model in use:
|      [SPFP] - Single Precision Forces, 64-bit Fixed Point
|               Accumulation. (Default)
| 
|--------------------------------------------------------
 
|----------------- CITATION INFORMATION -----------------
|
|    When publishing work that utilized the CUDA version
|    of AMBER, please cite the following in addition to
|    the regular AMBER citations:
|
|  - Romelia Salomon-Ferrer; Andreas W. Goetz; Duncan
|    Poole; Scott Le Grand; Ross C. Walker "Routine
|    microsecond molecular dynamics simulations with
|    AMBER - Part II: Particle Mesh Ewald", J. Chem.
|    Theory Comput., 2013, 9 (9), pp3878-3888,
|    DOI: 10.1021/ct400314y.
|
|  - Andreas W. Goetz; Mark J. Williamson; Dong Xu;
|    Duncan Poole; Scott Le Grand; Ross C. Walker
|    "Routine microsecond molecular dynamics simulations
|    with AMBER - Part I: Generalized Born", J. Chem.
|    Theory Comput., 2012, 8 (5), pp1542-1555.
|
|  - Scott Le Grand; Andreas W. Goetz; Ross C. Walker
|    "SPFP: Speed without compromise - a mixed precision
|    model for GPU accelerated molecular dynamics
|    simulations.", Comp. Phys. Comm., 2013, 184
|    pp374-380, DOI: 10.1016/j.cpc.2012.09.022
|
|--------------------------------------------------------
 
|------------------- GPU DEVICE INFO --------------------
|
|            CUDA_VISIBLE_DEVICES: 4
|   CUDA Capable Devices Detected:      1
|           CUDA Device ID in use:      0
|                CUDA Device Name: GeForce GTX TITAN X
|     CUDA Device Global Mem Size:  12207 MB
| CUDA Device Num Multiprocessors:     24
|           CUDA Device Core Freq:   1.08 GHz
|
|--------------------------------------------------------
 
 
| Conditional Compilation Defines Used:
| PUBFFT
| BINTRAJ
| CUDA
| EMIL

| Largest sphere to fit in unit cell has radius =    20.946

| New format PARM file being parsed.
| Version =    1.000 Date = 04/23/18 Time = 20:06:50

| Note: 1-4 EEL scale factors are being read from the topology file.

| Note: 1-4 VDW scale factors are being read from the topology file.
| Duplicated    0 dihedrals

| Duplicated    0 dihedrals

--------------------------------------------------------------------------------
   1.  RESOURCE   USE: 
--------------------------------------------------------------------------------

 getting new box info from bottom of inpcrd
 NATOM  =    9221 NTYPES =      11 NBONH =    9065 MBONA  =     155
 NTHETH =     148 MTHETA =     231 NPHIH =     343 MPHIA  =     362
 NHPARM =       0 NPARM  =       0 NNB   =   13205 NRES   =    3022
 NBONA  =     155 NTHETA =     231 NPHIA =     362 NUMBND =      16
 NUMANG =      28 NPTRA  =      15 NATYP =      14 NPHB   =       0
 IFBOX  =       1 NMXRS  =     184 IFCAP =       0 NEXTRA =       0
 NCOPY  =       0

| Coordinate Index Table dimensions:     8    8   14
| Direct force subcell size =     5.4385    5.2364    5.0387

     BOX TYPE: RECTILINEAR

--------------------------------------------------------------------------------
   2.  CONTROL  DATA  FOR  THE  RUN
--------------------------------------------------------------------------------

default_name                                                                    

General flags:
     imin    =       0, nmropt  =       1

Nature and format of input:
     ntx     =       1, irest   =       0, ntrx    =       1

Nature and format of output:
     ntxo    =       1, ntpr    =     500, ntrx    =       1, ntwr    =     250
     iwrap   =       0, ntwx    =     250, ntwv    =       0, ntwe    =     500
     ioutfm  =       1, ntwprt  =     204, idecomp =       0, rbornstat=      0

Potential function:
     ntf     =       2, ntb     =       2, igb     =       0, nsnb    =      25
     ipol    =       0, gbsa    =       0, iesp    =       0
     dielc   =   1.00000, cut     =   9.00000, intdiel =   1.00000

Frozen or restrained atoms:
     ibelly  =       0, ntr     =       1
     restraint_wt =  50.00000

Molecular dynamics:
     nstlim  =    500000, nscm    =         0, nrespa  =         1
     t       =   0.00000, dt      =   0.00200, vlimit  =  -1.00000

Langevin dynamics temperature regulation:
     ig      =  286771
     temp0   = 298.15000, tempi   = 298.15000, gamma_ln=   1.00000

Pressure regulation:
     ntp     =       1
     pres0   =   1.00000, comp    =  44.60000, taup    =   1.00000
     Monte-Carlo Barostat:
     mcbarint  =     100

SHAKE:
     ntc     =       2, jfastw  =       0
     tol     =   0.00001

NMR refinement options:
     iscale  =       0, noeskp  =       1, ipnlty  =       1, mxsub   =       1
     scalm   = 100.00000, pencut  =  -1.00000, tausw   =   0.10000

| Intermolecular bonds treatment:
|     no_intermolecular_bonds =       1

| Energy averages sample interval:
|     ene_avg_sampling =     500

Ewald parameters:
     verbose =       0, ew_type =       0, nbflag  =       1, use_pme =       1
     vdwmeth =       1, eedmeth =       1, netfrc  =       1
     Box X =   43.508   Box Y =   41.891   Box Z =   70.541
     Alpha =   90.000   Beta  =   90.000   Gamma =   90.000
     NFFT1 =   48       NFFT2 =   48       NFFT3 =   72
     Cutoff=    9.000   Tol   =0.100E-04
     Ewald Coefficient =  0.30768
     Interpolation order =    4

    LOADING THE CONSTRAINED ATOMS AS GROUPS


   5.  REFERENCE ATOM COORDINATES

  default_name                                                                    
     Mask @DUM; matches     3 atoms
| MONTE CARLO BAROSTAT IMPORTANT NOTE:
|   The Monte-Carlo barostat does not require the virial to adjust the system volume.
|   Since it is an expensive calculation, it is skipped for efficiency. A side-effect
|   is that the reported pressure is always 0 because it is not calculated.

--------------------------------------------------------------------------------
   3.  ATOMIC COORDINATES AND VELOCITIES
--------------------------------------------------------------------------------

default_name                                                                    
 begin time read from input coords =     0.000 ps



           Begin reading energy term weight changes/NMR restraints
 WEIGHT CHANGES:
                         ** No weight changes given **

 RESTRAINTS:
 Requested file redirections:
  DISANG    = disang.rest
  LISTOUT   = POUT
 Restraints will be read from file: disang.rest
Here are comments from the DISANG input file:

                       Number of restraints read =     9

                  Done reading weight changes/NMR restraints


 
 Number of triangulated 3-point waters found:     3000

     Sum of charges from parm topology file =   0.00000002
     Forcing neutrality...

| Dynamic Memory, Types Used:
| Reals              528869
| Integers           283979

| Nonbonded Pairs Initial Allocation:     2102388

| GPU memory information (estimate):
| KB of GPU memory in use:         0
| KB of CPU memory in use:         0

--------------------------------------------------------------------------------
   4.  RESULTS
--------------------------------------------------------------------------------


 NSTEP =        0   TIME(PS) =       0.000  TEMP(K) =   440.26  PRESS =     0.0
 Etot   =    -30745.8692  EKtot   =      8135.4539  EPtot      =    -38881.3232
 BOND   =        17.3024  ANGLE   =        54.4650  DIHED      =       106.0560
 1-4 NB =        66.5009  1-4 EEL =        60.1657  VDWAALS    =      6235.0648
 EELEC  =    -45422.0220  EHBOND  =         0.0000  RESTRAINT  =         1.1441
 EAMBER (non-restraint)  =    -38882.4672
 EKCMT  =         0.0000  VIRIAL  =         0.0000  VOLUME     =    128569.1850
                                                    Density    =         0.7355
 ------------------------------------------------------------------------------

 NMR restraints: Bond =    0.502   Angle =     0.428   Torsion =     0.173
===============================================================================

 NSTEP =      500   TIME(PS) =       1.000  TEMP(K) =   265.62  PRESS =     0.0
 Etot   =    -25819.1616  EKtot   =      4908.4536  EPtot      =    -30727.6152
 BOND   =        45.3748  ANGLE   =       104.0931  DIHED      =       126.6979
 1-4 NB =        72.6271  1-4 EEL =        66.3807  VDWAALS    =      5061.7186
 EELEC  =    -36208.8521  EHBOND  =         0.0000  RESTRAINT  =         4.3446
 EAMBER (non-restraint)  =    -30731.9598
 EKCMT  =         0.0000  VIRIAL  =         0.0000  VOLUME     =    126355.4507
                                                    Density    =         0.7484
 ------------------------------------------------------------------------------

 NMR restraints: Bond =    0.912   Angle =     1.342   Torsion =     0.355
===============================================================================

 NSTEP =     1000   TIME(PS) =       2.000  TEMP(K) =   282.07  PRESS =     0.0
 Etot   =    -25189.7797  EKtot   =      5212.3604  EPtot      =    -30402.1400
 BOND   =        44.6247  ANGLE   =       116.3422  DIHED      =       141.3090
 1-4 NB =        77.0163  1-4 EEL =        62.2994  VDWAALS    =      4289.2980
 EELEC  =    -35136.6012  EHBOND  =         0.0000  RESTRAINT  =         3.5717
 EAMBER (non-restraint)  =    -30405.7117
 EKCMT  =         0.0000  VIRIAL  =         0.0000  VOLUME     =    124849.8438
                                                    Density    =         0.7574
 ------------------------------------------------------------------------------

 NMR restraints: Bond =    0.107   Angle =     0.530   Torsion =     0.651
===============================================================================

 NSTEP =     1500   TIME(PS) =       3.000  TEMP(K) =   293.38  PRESS =     0.0
 Etot   =    -24633.8406  EKtot   =      5421.2656  EPtot      =    -30055.1062
 BOND   =        41.2833  ANGLE   =       101.9656  DIHED      =       132.3934
 1-4 NB =        78.4074  1-4 EEL =        60.0631  VDWAALS    =      4356.8666
 EELEC  =    -34829.1740  EHBOND  =         0.0000  RESTRAINT  =         3.0884
 EAMBER (non-restraint)  =    -30058.1947
 EKCMT  =         0.0000  VIRIAL  =         0.0000  VOLUME     =    124780.5646
                                                    Density    =         0.7578
 ------------------------------------------------------------------------------

 NMR restraints: Bond =    0.208   Angle =     1.187   Torsion =     0.897
===============================================================================

 NSTEP =     2000   TIME(PS) =       4.000  TEMP(K) =   295.77  PRESS =     0.0
 Etot   =    -24537.7563  EKtot   =      5465.5820  EPtot      =    -30003.3384
 BOND   =        61.8433  ANGLE   =       105.1937  DIHED      =       129.0298
 1-4 NB =        71.2846  1-4 EEL =        61.5088  VDWAALS    =      4644.5576
 EELEC  =    -35081.1562  EHBOND  =         0.0000  RESTRAINT  =         4.4000
 EAMBER (non-restraint)  =    -30007.7383
 EKCMT  =         0.0000  VIRIAL  =         0.0000  VOLUME     =    123139.6356
                                                    Density    =         0.7679
 ------------------------------------------------------------------------------

 NMR restraints: Bond =    0.337   Angle =     1.364   Torsion =     0.056
===============================================================================

 NSTEP =     2500   TIME(PS) =       5.000  TEMP(K) =   294.93  PRESS =     0.0
 Etot   =    -24651.0480  EKtot   =      5450.0391  EPtot      =    -30101.0870
 BOND   =        43.2194  ANGLE   =       119.6703  DIHED      =       126.1962
 1-4 NB =        73.8171  1-4 EEL =        57.5184  VDWAALS    =      4405.9071
 EELEC  =    -34933.2799  EHBOND  =         0.0000  RESTRAINT  =         5.8643
 EAMBER (non-restraint)  =    -30106.9513
 EKCMT  =         0.0000  VIRIAL  =         0.0000  VOLUME     =    120984.9983
                                                    Density    =         0.7816
 ------------------------------------------------------------------------------

 NMR restraints: Bond =    0.448   Angle =     1.133   Torsion =     0.254
===============================================================================

 NSTEP =     3000   TIME(PS) =       6.000  TEMP(K) =   296.67  PRESS =     0.0
 Etot   =    -24634.8789  EKtot   =      5482.0796  EPtot      =    -30116.9585
 BOND   =        51.2053  ANGLE   =       113.6153  DIHED      =       137.2129
 1-4 NB =        76.9300  1-4 EEL =        62.0760  VDWAALS    =      4181.7961
 EELEC  =    -34748.9611  EHBOND  =         0.0000  RESTRAINT  =         9.1670
 EAMBER (non-restraint)  =    -30126.1254
 EKCMT  =         0.0000  VIRIAL  =         0.0000  VOLUME     =    120488.1419
                                                    Density    =         0.7848
 ------------------------------------------------------------------------------

 NMR restraints: Bond =    1.503   Angle =     2.764   Torsion =     0.365
===============================================================================

 NSTEP =     3500   TIME(PS) =       7.000  TEMP(K) =   298.20  PRESS =     0.0
 Etot   =    -24648.9321  EKtot   =      5510.4707  EPtot      =    -30159.4028
 BOND   =        49.5390  ANGLE   =       114.4431  DIHED      =       131.6470
 1-4 NB =        75.8321  1-4 EEL =        64.9711  VDWAALS    =      4262.3193
 EELEC  =    -34865.4264  EHBOND  =         0.0000  RESTRAINT  =         7.2720
 EAMBER (non-restraint)  =    -30166.6748
 EKCMT  =         0.0000  VIRIAL  =         0.0000  VOLUME     =    119562.2407
                                                    Density    =         0.7909
 ------------------------------------------------------------------------------

 NMR restraints: Bond =    0.437   Angle =     2.670   Torsion =     0.493
===============================================================================

 NSTEP =     4000   TIME(PS) =       8.000  TEMP(K) =   302.76  PRESS =     0.0
 Etot   =    -24484.2242  EKtot   =      5594.7563  EPtot      =    -30078.9806
 BOND   =        54.6130  ANGLE   =       115.3618  DIHED      =       133.1597
 1-4 NB =        74.8492  1-4 EEL =        59.3085  VDWAALS    =      4281.0667
 EELEC  =    -34805.0514  EHBOND  =         0.0000  RESTRAINT  =         7.7117
 EAMBER (non-restraint)  =    -30086.6923
 EKCMT  =         0.0000  VIRIAL  =         0.0000  VOLUME     =    119513.5438
                                                    Density    =         0.7912
 ------------------------------------------------------------------------------

 NMR restraints: Bond =    0.054   Angle =     3.736   Torsion =     0.769
===============================================================================

 NSTEP =     4500   TIME(PS) =       9.000  TEMP(K) =   303.44  PRESS =     0.0
 Etot   =    -24433.6497  EKtot   =      5607.2759  EPtot      =    -30040.9256
 BOND   =        54.9817  ANGLE   =       102.1529  DIHED      =       134.4940
 1-4 NB =        74.7219  1-4 EEL =        64.7967  VDWAALS    =      4499.8383
 EELEC  =    -34980.0120  EHBOND  =         0.0000  RESTRAINT  =         8.1009
 EAMBER (non-restraint)  =    -30049.0265
 EKCMT  =         0.0000  VIRIAL  =         0.0000  VOLUME     =    117504.1282
                                                    Density    =         0.8048
 ------------------------------------------------------------------------------

 NMR restraints: Bond =    0.099   Angle =     2.668   Torsion =     1.102
===============================================================================

 NSTEP =     5000   TIME(PS) =      10.000  TEMP(K) =   301.96  PRESS =     0.0
 Etot   =    -24455.9806  EKtot   =      5579.8955  EPtot      =    -30035.8762
 BOND   =        68.4458  ANGLE   =        96.7271  DIHED      =       128.5534
 1-4 NB =        75.7710  1-4 EEL =        61.2750  VDWAALS    =      4404.8377
 EELEC  =    -34876.2391  EHBOND  =         0.0000  RESTRAINT  =         4.7529
 EAMBER (non-restraint)  =    -30040.6291
 EKCMT  =         0.0000  VIRIAL  =         0.0000  VOLUME     =    116559.0664
                                                    Density    =         0.8113
 ------------------------------------------------------------------------------

 NMR restraints: Bond =    0.081   Angle =     1.417   Torsion =     1.145
===============================================================================

 NSTEP =     5500   TIME(PS) =      11.000  TEMP(K) =   301.51  PRESS =     0.0
 Etot   =    -24545.3027  EKtot   =      5571.5698  EPtot      =    -30116.8726
 BOND   =        53.1364  ANGLE   =       108.5354  DIHED      =       140.6972
 1-4 NB =        71.9434  1-4 EEL =        64.0334  VDWAALS    =      4138.1895
 EELEC  =    -34697.8994  EHBOND  =         0.0000  RESTRAINT  =         4.4915
 EAMBER (non-restraint)  =    -30121.3641
 EKCMT  =         0.0000  VIRIAL  =         0.0000  VOLUME     =    116598.7398
                                                    Density    =         0.8110
 ------------------------------------------------------------------------------

 NMR restraints: Bond =    0.523   Angle =     0.992   Torsion =     0.660
===============================================================================

 NSTEP =     6000   TIME(PS) =      12.000  TEMP(K) =   301.55  PRESS =     0.0
 Etot   =    -24596.8531  EKtot   =      5572.3428  EPtot      =    -30169.1959
 BOND   =        62.1502  ANGLE   =       116.9757  DIHED      =       127.6865
 1-4 NB =        73.3656  1-4 EEL =        63.3022  VDWAALS    =      4132.3586
 EELEC  =    -34750.5897  EHBOND  =         0.0000  RESTRAINT  =         5.5550
 EAMBER (non-restraint)  =    -30174.7509
 EKCMT  =         0.0000  VIRIAL  =         0.0000  VOLUME     =    116598.7398
                                                    Density    =         0.8110
 ------------------------------------------------------------------------------

 NMR restraints: Bond =    0.458   Angle =     2.328   Torsion =     0.659
===============================================================================

 NSTEP =     6500   TIME(PS) =      13.000  TEMP(K) =   296.32  PRESS =     0.0
 Etot   =    -24728.7660  EKtot   =      5475.7573  EPtot      =    -30204.5234
 BOND   =        51.7573  ANGLE   =       109.7521  DIHED      =       131.2720
 1-4 NB =        73.2179  1-4 EEL =        63.2507  VDWAALS    =      4120.6934
 EELEC  =    -34759.8466  EHBOND  =         0.0000  RESTRAINT  =         5.3799
 EAMBER (non-restraint)  =    -30209.9032
 EKCMT  =         0.0000  VIRIAL  =         0.0000  VOLUME     =    115825.2840
                                                    Density    =         0.8164
 ------------------------------------------------------------------------------

 NMR restraints: Bond =    0.151   Angle =     2.447   Torsion =     1.295
===============================================================================

 NSTEP =     7000   TIME(PS) =      14.000  TEMP(K) =   294.20  PRESS =     0.0
 Etot   =    -24928.8052  EKtot   =      5436.4946  EPtot      =    -30365.2999
 BOND   =        50.2440  ANGLE   =        96.5797  DIHED      =       132.1882
 1-4 NB =        74.6699  1-4 EEL =        63.6494  VDWAALS    =      4274.3020
 EELEC  =    -35062.0647  EHBOND  =         0.0000  RESTRAINT  =         5.1316
 EAMBER (non-restraint)  =    -30370.4315
 EKCMT  =         0.0000  VIRIAL  =         0.0000  VOLUME     =    113566.5478
                                                    Density    =         0.8327
 ------------------------------------------------------------------------------

 NMR restraints: Bond =    0.199   Angle =     1.780   Torsion =     0.501
===============================================================================

 NSTEP =     7500   TIME(PS) =      15.000  TEMP(K) =   293.55  PRESS =     0.0
 Etot   =    -24863.3589  EKtot   =      5424.5493  EPtot      =    -30287.9082
 BOND   =        47.9130  ANGLE   =       103.6135  DIHED      =       132.8050
 1-4 NB =        77.1233  1-4 EEL =        64.1228  VDWAALS    =      4323.8558
 EELEC  =    -35042.9710  EHBOND  =         0.0000  RESTRAINT  =         5.6292
 EAMBER (non-restraint)  =    -30293.5374
 EKCMT  =         0.0000  VIRIAL  =         0.0000  VOLUME     =    112485.1701
                                                    Density    =         0.8407
 ------------------------------------------------------------------------------

 NMR restraints: Bond =    2.348   Angle =     0.909   Torsion =     1.364
===============================================================================

 NSTEP =     8000   TIME(PS) =      16.000  TEMP(K) =   298.43  PRESS =     0.0
 Etot   =    -24932.2133  EKtot   =      5514.5962  EPtot      =    -30446.8095
 BOND   =        49.8616  ANGLE   =       111.4804  DIHED      =       128.5059
 1-4 NB =        75.3088  1-4 EEL =        63.1467  VDWAALS    =      4157.5599
 EELEC  =    -35038.4531  EHBOND  =         0.0000  RESTRAINT  =         5.7800
 EAMBER (non-restraint)  =    -30452.5896
 EKCMT  =         0.0000  VIRIAL  =         0.0000  VOLUME     =    110504.5683
                                                    Density    =         0.8558
 ------------------------------------------------------------------------------

 NMR restraints: Bond =    1.050   Angle =     1.593   Torsion =     0.460
===============================================================================

 NSTEP =     8500   TIME(PS) =      17.000  TEMP(K) =   298.62  PRESS =     0.0
 Etot   =    -24981.1668  EKtot   =      5518.2495  EPtot      =    -30499.4163
 BOND   =        42.0301  ANGLE   =       122.1183  DIHED      =       127.0468
 1-4 NB =        81.2323  1-4 EEL =        63.4821  VDWAALS    =      4540.8570
 EELEC  =    -35479.3299  EHBOND  =         0.0000  RESTRAINT  =         3.1468
 EAMBER (non-restraint)  =    -30502.5631
 EKCMT  =         0.0000  VIRIAL  =         0.0000  VOLUME     =    108936.5601
                                                    Density    =         0.8681
 ------------------------------------------------------------------------------

 NMR restraints: Bond =    0.317   Angle =     0.713   Torsion =     0.522
===============================================================================
