
          -------------------------------------------------------
          Amber 18 PMEMD                              2018
          -------------------------------------------------------

| PMEMD implementation of SANDER, Release 18

| Run on 05/02/2018 at 12:41:03

|   Executable path: pmemd.cuda
| Working directory: /oasis/tscc/scratch/davids4/SAMPLing-cut9/11499368.tscc-mgr.local
|          Hostname: tscc-gpu-9-8.sdsc.edu

  [-O]verwriting output

File Assignments:
|   MDIN: equil.000.in                                                          
|  MDOUT: equil.000.out                                                         
| INPCRD: minimize.rst7                                                         
|   PARM: solvate.prmtop                                                        
| RESTRT: equil.000.rst7                                                        
|   REFC: solvate.rst7                                                          
|  MDVEL: mdvel                                                                 
|   MDEN: equil.000.mden                                                        
|  MDCRD: equil.000.nc                                                          
| MDINFO: equil.000.mdinfo                                                      
|  MDFRC: mdfrc                                                                 


 Here is the input file:

PBC MD Simulation                                                              
 &cntrl                                                                        
  imin =          0,                                                           
  ntx =           1,                                                           
  irest =         0,                                                           
  maxcyc =        0,                                                           
  ncyc =          0,                                                           
  dt =            0.002,                                                       
  nstlim =        500000,                                                      
  ntpr =          500,                                                         
  ntwe =          500,                                                         
  ntwr =          250,                                                         
  ntwx =          250,                                                         
  ntxo =          1,                                                           
  ioutfm =        1,                                                           
  ntf =           2,                                                           
  ntc =           2,                                                           
  cut =           9.0,                                                         
  igb =           0,                                                           
  tempi =         298.15,                                                      
  temp0 =         298.15,                                                      
  ntt =           3,                                                           
  gamma_ln =      1.0,                                                         
  ig =            -1,                                                          
  ntp =           1,                                                           
  barostat =      2,                                                           
  ntr =           1,                                                           
  restraint_wt =  50.0,                                                        
  restraintmask = '@DUM',                                                      
  nmropt =        1,                                                           
  pencut =        -1,                                                          
  ntwprt =        204,                                                         
 /                                                                             
 &wt type = 'END', /                                                           
DISANG = disang.rest                                                           
LISTOUT = POUT                                                                 
                                                                               


Note: ig = -1. Setting random seed to   611301 based on wallclock time in 
      microseconds.
| irandom = 1, using AMBER's internal random number generator (default).
 
|--------------------- INFORMATION ----------------------
| GPU (CUDA) Version of PMEMD in use: NVIDIA GPU IN USE.
|                    Version 18.0.0
| 
|                      03/25/2018
| 
| Implementation by:
|                    Ross C. Walker     (SDSC)
|                    Scott Le Grand     (nVIDIA)
| 
| Version 18 performance extensions by:
|                    David Cerutti     (Rutgers)
| 
| Precision model in use:
|      [SPFP] - Single Precision Forces, 64-bit Fixed Point
|               Accumulation. (Default)
| 
|--------------------------------------------------------
 
|----------------- CITATION INFORMATION -----------------
|
|    When publishing work that utilized the CUDA version
|    of AMBER, please cite the following in addition to
|    the regular AMBER citations:
|
|  - Romelia Salomon-Ferrer; Andreas W. Goetz; Duncan
|    Poole; Scott Le Grand; Ross C. Walker "Routine
|    microsecond molecular dynamics simulations with
|    AMBER - Part II: Particle Mesh Ewald", J. Chem.
|    Theory Comput., 2013, 9 (9), pp3878-3888,
|    DOI: 10.1021/ct400314y.
|
|  - Andreas W. Goetz; Mark J. Williamson; Dong Xu;
|    Duncan Poole; Scott Le Grand; Ross C. Walker
|    "Routine microsecond molecular dynamics simulations
|    with AMBER - Part I: Generalized Born", J. Chem.
|    Theory Comput., 2012, 8 (5), pp1542-1555.
|
|  - Scott Le Grand; Andreas W. Goetz; Ross C. Walker
|    "SPFP: Speed without compromise - a mixed precision
|    model for GPU accelerated molecular dynamics
|    simulations.", Comp. Phys. Comm., 2013, 184
|    pp374-380, DOI: 10.1016/j.cpc.2012.09.022
|
|--------------------------------------------------------
 
|------------------- GPU DEVICE INFO --------------------
|
|            CUDA_VISIBLE_DEVICES: 2
|   CUDA Capable Devices Detected:      1
|           CUDA Device ID in use:      0
|                CUDA Device Name: GeForce GTX TITAN X
|     CUDA Device Global Mem Size:  12207 MB
| CUDA Device Num Multiprocessors:     24
|           CUDA Device Core Freq:   1.08 GHz
|
|--------------------------------------------------------
 
 
| Conditional Compilation Defines Used:
| PUBFFT
| BINTRAJ
| CUDA
| EMIL

| Largest sphere to fit in unit cell has radius =    20.946

| New format PARM file being parsed.
| Version =    1.000 Date = 04/23/18 Time = 20:05:25

| Note: 1-4 EEL scale factors are being read from the topology file.

| Note: 1-4 VDW scale factors are being read from the topology file.
| Duplicated    0 dihedrals

| Duplicated    0 dihedrals

--------------------------------------------------------------------------------
   1.  RESOURCE   USE: 
--------------------------------------------------------------------------------

 getting new box info from bottom of inpcrd
 NATOM  =    9221 NTYPES =      11 NBONH =    9065 MBONA  =     155
 NTHETH =     148 MTHETA =     231 NPHIH =     343 MPHIA  =     362
 NHPARM =       0 NPARM  =       0 NNB   =   13205 NRES   =    3022
 NBONA  =     155 NTHETA =     231 NPHIA =     362 NUMBND =      16
 NUMANG =      28 NPTRA  =      15 NATYP =      14 NPHB   =       0
 IFBOX  =       1 NMXRS  =     184 IFCAP =       0 NEXTRA =       0
 NCOPY  =       0

| Coordinate Index Table dimensions:     8    8   13
| Direct force subcell size =     5.4385    5.2364    5.3388

     BOX TYPE: RECTILINEAR

--------------------------------------------------------------------------------
   2.  CONTROL  DATA  FOR  THE  RUN
--------------------------------------------------------------------------------

default_name                                                                    

General flags:
     imin    =       0, nmropt  =       1

Nature and format of input:
     ntx     =       1, irest   =       0, ntrx    =       1

Nature and format of output:
     ntxo    =       1, ntpr    =     500, ntrx    =       1, ntwr    =     250
     iwrap   =       0, ntwx    =     250, ntwv    =       0, ntwe    =     500
     ioutfm  =       1, ntwprt  =     204, idecomp =       0, rbornstat=      0

Potential function:
     ntf     =       2, ntb     =       2, igb     =       0, nsnb    =      25
     ipol    =       0, gbsa    =       0, iesp    =       0
     dielc   =   1.00000, cut     =   9.00000, intdiel =   1.00000

Frozen or restrained atoms:
     ibelly  =       0, ntr     =       1
     restraint_wt =  50.00000

Molecular dynamics:
     nstlim  =    500000, nscm    =         0, nrespa  =         1
     t       =   0.00000, dt      =   0.00200, vlimit  =  -1.00000

Langevin dynamics temperature regulation:
     ig      =  611301
     temp0   = 298.15000, tempi   = 298.15000, gamma_ln=   1.00000

Pressure regulation:
     ntp     =       1
     pres0   =   1.00000, comp    =  44.60000, taup    =   1.00000
     Monte-Carlo Barostat:
     mcbarint  =     100

SHAKE:
     ntc     =       2, jfastw  =       0
     tol     =   0.00001

NMR refinement options:
     iscale  =       0, noeskp  =       1, ipnlty  =       1, mxsub   =       1
     scalm   = 100.00000, pencut  =  -1.00000, tausw   =   0.10000

| Intermolecular bonds treatment:
|     no_intermolecular_bonds =       1

| Energy averages sample interval:
|     ene_avg_sampling =     500

Ewald parameters:
     verbose =       0, ew_type =       0, nbflag  =       1, use_pme =       1
     vdwmeth =       1, eedmeth =       1, netfrc  =       1
     Box X =   43.508   Box Y =   41.891   Box Z =   69.404
     Alpha =   90.000   Beta  =   90.000   Gamma =   90.000
     NFFT1 =   48       NFFT2 =   48       NFFT3 =   72
     Cutoff=    9.000   Tol   =0.100E-04
     Ewald Coefficient =  0.30768
     Interpolation order =    4

    LOADING THE CONSTRAINED ATOMS AS GROUPS


   5.  REFERENCE ATOM COORDINATES

  default_name                                                                    
     Mask @DUM; matches     3 atoms
| MONTE CARLO BAROSTAT IMPORTANT NOTE:
|   The Monte-Carlo barostat does not require the virial to adjust the system volume.
|   Since it is an expensive calculation, it is skipped for efficiency. A side-effect
|   is that the reported pressure is always 0 because it is not calculated.

--------------------------------------------------------------------------------
   3.  ATOMIC COORDINATES AND VELOCITIES
--------------------------------------------------------------------------------

default_name                                                                    
 begin time read from input coords =     0.000 ps



           Begin reading energy term weight changes/NMR restraints
 WEIGHT CHANGES:
                         ** No weight changes given **

 RESTRAINTS:
 Requested file redirections:
  DISANG    = disang.rest
  LISTOUT   = POUT
 Restraints will be read from file: disang.rest
Here are comments from the DISANG input file:

                       Number of restraints read =     9

                  Done reading weight changes/NMR restraints


 
 Number of triangulated 3-point waters found:     3000

     Sum of charges from parm topology file =   0.00000002
     Forcing neutrality...

| Dynamic Memory, Types Used:
| Reals              528869
| Integers           283979

| Nonbonded Pairs Initial Allocation:     2102388

| GPU memory information (estimate):
| KB of GPU memory in use:         0
| KB of CPU memory in use:         0

--------------------------------------------------------------------------------
   4.  RESULTS
--------------------------------------------------------------------------------


 NSTEP =        0   TIME(PS) =       0.000  TEMP(K) =   444.88  PRESS =     0.0
 Etot   =    -30584.7958  EKtot   =      8220.8909  EPtot      =    -38805.6867
 BOND   =        18.9835  ANGLE   =        55.4977  DIHED      =       104.4041
 1-4 NB =        65.4602  1-4 EEL =        59.1031  VDWAALS    =      6246.9932
 EELEC  =    -45357.4459  EHBOND  =         0.0000  RESTRAINT  =         1.3173
 EAMBER (non-restraint)  =    -38807.0040
 EKCMT  =         0.0000  VIRIAL  =         0.0000  VOLUME     =    126495.6591
                                                    Density    =         0.7476
 ------------------------------------------------------------------------------

 NMR restraints: Bond =    0.351   Angle =     0.704   Torsion =     0.199
===============================================================================

 NSTEP =      500   TIME(PS) =       1.000  TEMP(K) =   269.39  PRESS =     0.0
 Etot   =    -25716.4189  EKtot   =      4978.1123  EPtot      =    -30694.5312
 BOND   =        47.4970  ANGLE   =       111.7153  DIHED      =       140.7863
 1-4 NB =        74.5369  1-4 EEL =        58.3670  VDWAALS    =      4926.0757
 EELEC  =    -36057.2460  EHBOND  =         0.0000  RESTRAINT  =         3.7366
 EAMBER (non-restraint)  =    -30698.2678
 EKCMT  =         0.0000  VIRIAL  =         0.0000  VOLUME     =    124143.6786
                                                    Density    =         0.7617
 ------------------------------------------------------------------------------

 NMR restraints: Bond =    0.318   Angle =     0.859   Torsion =     0.331
===============================================================================

 NSTEP =     1000   TIME(PS) =       2.000  TEMP(K) =   284.68  PRESS =     0.0
 Etot   =    -25194.9237  EKtot   =      5260.6406  EPtot      =    -30455.5643
 BOND   =        46.9821  ANGLE   =       107.8582  DIHED      =       128.3909
 1-4 NB =        74.3192  1-4 EEL =        61.1936  VDWAALS    =      4784.8618
 EELEC  =    -35660.9481  EHBOND  =         0.0000  RESTRAINT  =         1.7780
 EAMBER (non-restraint)  =    -30457.3423
 EKCMT  =         0.0000  VIRIAL  =         0.0000  VOLUME     =    121825.9672
                                                    Density    =         0.7762
 ------------------------------------------------------------------------------

 NMR restraints: Bond =    0.184   Angle =     0.676   Torsion =     0.187
===============================================================================

 NSTEP =     1500   TIME(PS) =       3.000  TEMP(K) =   288.90  PRESS =     0.0
 Etot   =    -24883.5625  EKtot   =      5338.6426  EPtot      =    -30222.2051
 BOND   =        43.3540  ANGLE   =       100.7663  DIHED      =       126.8154
 1-4 NB =        77.8400  1-4 EEL =        58.5478  VDWAALS    =      4341.9276
 EELEC  =    -34976.3057  EHBOND  =         0.0000  RESTRAINT  =         4.8496
 EAMBER (non-restraint)  =    -30227.0547
 EKCMT  =         0.0000  VIRIAL  =         0.0000  VOLUME     =    118543.9777
                                                    Density    =         0.7977
 ------------------------------------------------------------------------------

 NMR restraints: Bond =    1.397   Angle =     0.622   Torsion =     1.023
===============================================================================

 NSTEP =     2000   TIME(PS) =       4.000  TEMP(K) =   295.67  PRESS =     0.0
 Etot   =    -24725.2311  EKtot   =      5463.6704  EPtot      =    -30188.9015
 BOND   =        47.7427  ANGLE   =       106.5624  DIHED      =       135.5679
 1-4 NB =        75.5463  1-4 EEL =        58.9047  VDWAALS    =      4291.6845
 EELEC  =    -34913.6383  EHBOND  =         0.0000  RESTRAINT  =         8.7282
 EAMBER (non-restraint)  =    -30197.6297
 EKCMT  =         0.0000  VIRIAL  =         0.0000  VOLUME     =    117552.2142
                                                    Density    =         0.8044
 ------------------------------------------------------------------------------

 NMR restraints: Bond =    2.409   Angle =     0.820   Torsion =     3.079
===============================================================================

 NSTEP =     2500   TIME(PS) =       5.000  TEMP(K) =   296.21  PRESS =     0.0
 Etot   =    -24778.1007  EKtot   =      5473.5942  EPtot      =    -30251.6950
 BOND   =        44.6036  ANGLE   =       104.7149  DIHED      =       140.2207
 1-4 NB =        78.3551  1-4 EEL =        63.6863  VDWAALS    =      4587.2098
 EELEC  =    -35273.3776  EHBOND  =         0.0000  RESTRAINT  =         2.8922
 EAMBER (non-restraint)  =    -30254.5871
 EKCMT  =         0.0000  VIRIAL  =         0.0000  VOLUME     =    115238.4798
                                                    Density    =         0.8206
 ------------------------------------------------------------------------------

 NMR restraints: Bond =    0.092   Angle =     1.318   Torsion =     0.239
===============================================================================

 NSTEP =     3000   TIME(PS) =       6.000  TEMP(K) =   298.47  PRESS =     0.0
 Etot   =    -24752.4378  EKtot   =      5515.3809  EPtot      =    -30267.8186
 BOND   =        47.7732  ANGLE   =       114.8626  DIHED      =       135.0545
 1-4 NB =        78.4995  1-4 EEL =        56.3217  VDWAALS    =      4402.7086
 EELEC  =    -35110.3206  EHBOND  =         0.0000  RESTRAINT  =         7.2817
 EAMBER (non-restraint)  =    -30275.1003
 EKCMT  =         0.0000  VIRIAL  =         0.0000  VOLUME     =    112569.7702
                                                    Density    =         0.8401
 ------------------------------------------------------------------------------

 NMR restraints: Bond =    2.691   Angle =     1.867   Torsion =     0.892
===============================================================================

 NSTEP =     3500   TIME(PS) =       7.000  TEMP(K) =   292.45  PRESS =     0.0
 Etot   =    -24913.1278  EKtot   =      5404.1802  EPtot      =    -30317.3079
 BOND   =        52.5440  ANGLE   =       101.7109  DIHED      =       141.4865
 1-4 NB =        74.8448  1-4 EEL =        63.9577  VDWAALS    =      4331.5721
 EELEC  =    -35090.2537  EHBOND  =         0.0000  RESTRAINT  =         6.8297
 EAMBER (non-restraint)  =    -30324.1377
 EKCMT  =         0.0000  VIRIAL  =         0.0000  VOLUME     =    110989.7370
                                                    Density    =         0.8520
 ------------------------------------------------------------------------------

 NMR restraints: Bond =    3.998   Angle =     1.228   Torsion =     0.173
===============================================================================

 NSTEP =     4000   TIME(PS) =       8.000  TEMP(K) =   297.46  PRESS =     0.0
 Etot   =    -24814.7062  EKtot   =      5496.7603  EPtot      =    -30311.4664
 BOND   =        51.7789  ANGLE   =       116.1428  DIHED      =       132.8016
 1-4 NB =        75.6049  1-4 EEL =        66.0389  VDWAALS    =      4202.2055
 EELEC  =    -34960.9537  EHBOND  =         0.0000  RESTRAINT  =         4.9146
 EAMBER (non-restraint)  =    -30316.3810
 EKCMT  =         0.0000  VIRIAL  =         0.0000  VOLUME     =    110530.6590
                                                    Density    =         0.8556
 ------------------------------------------------------------------------------

 NMR restraints: Bond =    1.302   Angle =     0.641   Torsion =     1.138
===============================================================================

 NSTEP =     4500   TIME(PS) =       9.000  TEMP(K) =   299.46  PRESS =     0.0
 Etot   =    -24694.5918  EKtot   =      5533.6729  EPtot      =    -30228.2647
 BOND   =        56.4912  ANGLE   =       107.7835  DIHED      =       126.9852
 1-4 NB =        73.2838  1-4 EEL =        59.5951  VDWAALS    =      4127.3879
 EELEC  =    -34786.6961  EHBOND  =         0.0000  RESTRAINT  =         6.9047
 EAMBER (non-restraint)  =    -30235.1694
 EKCMT  =         0.0000  VIRIAL  =         0.0000  VOLUME     =    110530.6590
                                                    Density    =         0.8556
 ------------------------------------------------------------------------------

 NMR restraints: Bond =    0.477   Angle =     1.271   Torsion =     2.237
===============================================================================

 NSTEP =     5000   TIME(PS) =      10.000  TEMP(K) =   297.48  PRESS =     0.0
 Etot   =    -24758.2977  EKtot   =      5497.0757  EPtot      =    -30255.3733
 BOND   =        42.5885  ANGLE   =       100.6079  DIHED      =       134.6034
 1-4 NB =        77.0330  1-4 EEL =        62.5209  VDWAALS    =      4150.4793
 EELEC  =    -34828.6284  EHBOND  =         0.0000  RESTRAINT  =         5.4220
 EAMBER (non-restraint)  =    -30260.7954
 EKCMT  =         0.0000  VIRIAL  =         0.0000  VOLUME     =    109466.8897
                                                    Density    =         0.8639
 ------------------------------------------------------------------------------

 NMR restraints: Bond =    0.119   Angle =     0.881   Torsion =     1.621
===============================================================================

 NSTEP =     5500   TIME(PS) =      11.000  TEMP(K) =   301.36  PRESS =     0.0
 Etot   =    -24674.9030  EKtot   =      5568.8105  EPtot      =    -30243.7135
 BOND   =        54.5157  ANGLE   =        97.7879  DIHED      =       137.7602
 1-4 NB =        78.0703  1-4 EEL =        69.7491  VDWAALS    =      4241.2542
 EELEC  =    -34930.2994  EHBOND  =         0.0000  RESTRAINT  =         7.4485
 EAMBER (non-restraint)  =    -30251.1620
 EKCMT  =         0.0000  VIRIAL  =         0.0000  VOLUME     =    108722.2496
                                                    Density    =         0.8698
 ------------------------------------------------------------------------------

 NMR restraints: Bond =    0.329   Angle =     0.688   Torsion =     1.049
===============================================================================

 NSTEP =     6000   TIME(PS) =      12.000  TEMP(K) =   298.81  PRESS =     0.0
 Etot   =    -24793.0155  EKtot   =      5521.7227  EPtot      =    -30314.7381
 BOND   =        46.3423  ANGLE   =       119.6942  DIHED      =       140.8960
 1-4 NB =        72.6733  1-4 EEL =        62.8274  VDWAALS    =      4254.5383
 EELEC  =    -35023.7426  EHBOND  =         0.0000  RESTRAINT  =        12.0329
 EAMBER (non-restraint)  =    -30326.7710
 EKCMT  =         0.0000  VIRIAL  =         0.0000  VOLUME     =    108522.8990
                                                    Density    =         0.8714
 ------------------------------------------------------------------------------

 NMR restraints: Bond =    0.543   Angle =     2.791   Torsion =     2.493
===============================================================================

 NSTEP =     6500   TIME(PS) =      13.000  TEMP(K) =   295.51  PRESS =     0.0
 Etot   =    -24993.5826  EKtot   =      5460.7734  EPtot      =    -30454.3560
 BOND   =        50.2304  ANGLE   =       108.8800  DIHED      =       129.6089
 1-4 NB =        75.6363  1-4 EEL =        61.2642  VDWAALS    =      4355.8455
 EELEC  =    -35241.9578  EHBOND  =         0.0000  RESTRAINT  =         6.1365
 EAMBER (non-restraint)  =    -30460.4925
 EKCMT  =         0.0000  VIRIAL  =         0.0000  VOLUME     =    106193.2473
                                                    Density    =         0.8905
 ------------------------------------------------------------------------------

 NMR restraints: Bond =    0.530   Angle =     1.332   Torsion =     0.314
===============================================================================

 NSTEP =     7000   TIME(PS) =      14.000  TEMP(K) =   298.04  PRESS =     0.0
 Etot   =    -25142.9924  EKtot   =      5507.4312  EPtot      =    -30650.4235
 BOND   =        45.5902  ANGLE   =       116.7963  DIHED      =       133.5252
 1-4 NB =        74.8730  1-4 EEL =        63.2308  VDWAALS    =      4401.6290
 EELEC  =    -35490.8813  EHBOND  =         0.0000  RESTRAINT  =         4.8133
 EAMBER (non-restraint)  =    -30655.2368
 EKCMT  =         0.0000  VIRIAL  =         0.0000  VOLUME     =    105098.7740
                                                    Density    =         0.8998
 ------------------------------------------------------------------------------

 NMR restraints: Bond =    0.079   Angle =     1.836   Torsion =     0.734
===============================================================================

 NSTEP =     7500   TIME(PS) =      15.000  TEMP(K) =   301.34  PRESS =     0.0
 Etot   =    -25075.9651  EKtot   =      5568.4033  EPtot      =    -30644.3684
 BOND   =        61.4225  ANGLE   =       114.7636  DIHED      =       120.7712
 1-4 NB =        75.0985  1-4 EEL =        60.0531  VDWAALS    =      4367.9343
 EELEC  =    -35449.9493  EHBOND  =         0.0000  RESTRAINT  =         5.5378
 EAMBER (non-restraint)  =    -30649.9062
 EKCMT  =         0.0000  VIRIAL  =         0.0000  VOLUME     =    103591.9359
                                                    Density    =         0.9129
 ------------------------------------------------------------------------------

 NMR restraints: Bond =    0.083   Angle =     1.043   Torsion =     1.867
===============================================================================

 NSTEP =     8000   TIME(PS) =      16.000  TEMP(K) =   299.02  PRESS =     0.0
 Etot   =    -25058.0809  EKtot   =      5525.5010  EPtot      =    -30583.5819
 BOND   =        54.2307  ANGLE   =       107.4948  DIHED      =       133.4073
 1-4 NB =        72.5077  1-4 EEL =        63.6863  VDWAALS    =      4209.7076
 EELEC  =    -35232.3817  EHBOND  =         0.0000  RESTRAINT  =         7.7655
 EAMBER (non-restraint)  =    -30591.3474
 EKCMT  =         0.0000  VIRIAL  =         0.0000  VOLUME     =    102636.9761
                                                    Density    =         0.9214
 ------------------------------------------------------------------------------

 NMR restraints: Bond =    1.922   Angle =     0.886   Torsion =     1.681
===============================================================================

 NSTEP =     8500   TIME(PS) =      17.000  TEMP(K) =   294.78  PRESS =     0.0
 Etot   =    -25164.2273  EKtot   =      5447.1646  EPtot      =    -30611.3919
 BOND   =        66.1883  ANGLE   =       104.8845  DIHED      =       128.3796
 1-4 NB =        72.5312  1-4 EEL =        64.9349  VDWAALS    =      4207.4562
 EELEC  =    -35261.0573  EHBOND  =         0.0000  RESTRAINT  =         5.2907
 EAMBER (non-restraint)  =    -30616.6826
 EKCMT  =         0.0000  VIRIAL  =         0.0000  VOLUME     =    101878.5453
                                                    Density    =         0.9282
 ------------------------------------------------------------------------------

 NMR restraints: Bond =    1.169   Angle =     0.726   Torsion =     0.102
===============================================================================

 NSTEP =     9000   TIME(PS) =      18.000  TEMP(K) =   292.11  PRESS =     0.0
 Etot   =    -25443.8119  EKtot   =      5397.8975  EPtot      =    -30841.7093
 BOND   =        48.1903  ANGLE   =       111.8588  DIHED      =       131.5709
 1-4 NB =        70.6724  1-4 EEL =        61.3155  VDWAALS    =      4109.3352
 EELEC  =    -35382.2047  EHBOND  =         0.0000  RESTRAINT  =         7.5523
 EAMBER (non-restraint)  =    -30849.2616
 EKCMT  =         0.0000  VIRIAL  =         0.0000  VOLUME     =    100746.1956
                                                    Density    =         0.9386
 ------------------------------------------------------------------------------

 NMR restraints: Bond =    2.649   Angle =     0.893   Torsion =     0.226
===============================================================================

 NSTEP =     9500   TIME(PS) =      19.000  TEMP(K) =   295.46  PRESS =     0.0
 Etot   =    -25316.0081  EKtot   =      5459.6929  EPtot      =    -30775.7010
 BOND   =        49.7457  ANGLE   =        94.7581  DIHED      =       134.3672
 1-4 NB =        74.3811  1-4 EEL =        65.6884  VDWAALS    =      4029.1707
 EELEC  =    -35231.1605  EHBOND  =         0.0000  RESTRAINT  =         7.3484
 EAMBER (non-restraint)  =    -30783.0495
 EKCMT  =         0.0000  VIRIAL  =         0.0000  VOLUME     =    100585.5030
                                                    Density    =         0.9401
 ------------------------------------------------------------------------------

 NMR restraints: Bond =    1.554   Angle =     0.580   Torsion =     1.452
===============================================================================

 NSTEP =    10000   TIME(PS) =      20.000  TEMP(K) =   294.30  PRESS =     0.0
 Etot   =    -25332.3145  EKtot   =      5438.2700  EPtot      =    -30770.5845
 BOND   =        60.8741  ANGLE   =       101.5988  DIHED      =       133.6866
 1-4 NB =        74.4183  1-4 EEL =        62.1813  VDWAALS    =      4334.6151
 EELEC  =    -35540.9173  EHBOND  =         0.0000  RESTRAINT  =         2.9587
 EAMBER (non-restraint)  =    -30773.5432
 EKCMT  =         0.0000  VIRIAL  =         0.0000  VOLUME     =     99448.7226
                                                    Density    =         0.9509
 ------------------------------------------------------------------------------

 NMR restraints: Bond =    0.014   Angle =     0.341   Torsion =     0.092
===============================================================================

 NSTEP =    10500   TIME(PS) =      21.000  TEMP(K) =   299.38  PRESS =     0.0
 Etot   =    -25428.3045  EKtot   =      5532.1738  EPtot      =    -30960.4783
 BOND   =        50.2903  ANGLE   =       102.7267  DIHED      =       130.5067
 1-4 NB =        76.9176  1-4 EEL =        64.8208  VDWAALS    =      4477.4603
 EELEC  =    -35868.4662  EHBOND  =         0.0000  RESTRAINT  =         5.2655
 EAMBER (non-restraint)  =    -30965.7438
 EKCMT  =         0.0000  VIRIAL  =         0.0000  VOLUME     =     98062.1525
                                                    Density    =         0.9643
 ------------------------------------------------------------------------------

 NMR restraints: Bond =    0.573   Angle =     0.395   Torsion =     0.304
===============================================================================

 NSTEP =    11000   TIME(PS) =      22.000  TEMP(K) =   299.10  PRESS =     0.0
 Etot   =    -25349.0961  EKtot   =      5527.0161  EPtot      =    -30876.1122
 BOND   =        61.2993  ANGLE   =       100.6872  DIHED      =       137.9575
 1-4 NB =        75.0217  1-4 EEL =        59.8932  VDWAALS    =      4314.7431
 EELEC  =    -35631.0838  EHBOND  =         0.0000  RESTRAINT  =         5.3696
 EAMBER (non-restraint)  =    -30881.4818
 EKCMT  =         0.0000  VIRIAL  =         0.0000  VOLUME     =     96858.3107
                                                    Density    =         0.9763
 ------------------------------------------------------------------------------

 NMR restraints: Bond =    0.822   Angle =     0.700   Torsion =     0.837
===============================================================================

 NSTEP =    11500   TIME(PS) =      23.000  TEMP(K) =   297.93  PRESS =     0.0
 Etot   =    -25355.1472  EKtot   =      5505.4409  EPtot      =    -30860.5881
 BOND   =        53.4731  ANGLE   =       108.1282  DIHED      =       126.2006
 1-4 NB =        74.5424  1-4 EEL =        66.0939  VDWAALS    =      4285.1757
 EELEC  =    -35582.0843  EHBOND  =         0.0000  RESTRAINT  =         7.8823
 EAMBER (non-restraint)  =    -30868.4704
 EKCMT  =         0.0000  VIRIAL  =         0.0000  VOLUME     =     95972.5975
                                                    Density    =         0.9853
 ------------------------------------------------------------------------------

 NMR restraints: Bond =    1.758   Angle =     1.543   Torsion =     2.158
===============================================================================

 NSTEP =    12000   TIME(PS) =      24.000  TEMP(K) =   298.32  PRESS =     0.0
 Etot   =    -25474.0824  EKtot   =      5512.6118  EPtot      =    -30986.6942
 BOND   =        44.2631  ANGLE   =        97.3858  DIHED      =       130.9322
 1-4 NB =        77.4486  1-4 EEL =        66.2722  VDWAALS    =      4280.6544
 EELEC  =    -35690.6343  EHBOND  =         0.0000  RESTRAINT  =         6.9838
 EAMBER (non-restraint)  =    -30993.6780
 EKCMT  =         0.0000  VIRIAL  =         0.0000  VOLUME     =     95004.8981
                                                    Density    =         0.9954
 ------------------------------------------------------------------------------

 NMR restraints: Bond =    1.084   Angle =     2.538   Torsion =     0.993
===============================================================================
