
          -------------------------------------------------------
          Amber 18 PMEMD                              2018
          -------------------------------------------------------

| PMEMD implementation of SANDER, Release 18

| Run on 05/02/2018 at 12:40:06

|   Executable path: pmemd.cuda
| Working directory: /oasis/tscc/scratch/davids4/SAMPLing-cut9/11499342.tscc-mgr.local
|          Hostname: tscc-gpu-8-3.sdsc.edu

  [-O]verwriting output

File Assignments:
|   MDIN: equil.000.in                                                          
|  MDOUT: equil.000.out                                                         
| INPCRD: minimize.rst7                                                         
|   PARM: solvate.prmtop                                                        
| RESTRT: equil.000.rst7                                                        
|   REFC: solvate.rst7                                                          
|  MDVEL: mdvel                                                                 
|   MDEN: equil.000.mden                                                        
|  MDCRD: equil.000.nc                                                          
| MDINFO: equil.000.mdinfo                                                      
|  MDFRC: mdfrc                                                                 


 Here is the input file:

PBC MD Simulation                                                              
 &cntrl                                                                        
  imin =          0,                                                           
  ntx =           1,                                                           
  irest =         0,                                                           
  maxcyc =        0,                                                           
  ncyc =          0,                                                           
  dt =            0.002,                                                       
  nstlim =        500000,                                                      
  ntpr =          500,                                                         
  ntwe =          500,                                                         
  ntwr =          250,                                                         
  ntwx =          250,                                                         
  ntxo =          1,                                                           
  ioutfm =        1,                                                           
  ntf =           2,                                                           
  ntc =           2,                                                           
  cut =           9.0,                                                         
  igb =           0,                                                           
  tempi =         298.15,                                                      
  temp0 =         298.15,                                                      
  ntt =           3,                                                           
  gamma_ln =      1.0,                                                         
  ig =            -1,                                                          
  ntp =           1,                                                           
  barostat =      2,                                                           
  ntr =           1,                                                           
  restraint_wt =  50.0,                                                        
  restraintmask = '@DUM',                                                      
  nmropt =        1,                                                           
  pencut =        -1,                                                          
  ntwprt =        204,                                                         
 /                                                                             
 &wt type = 'END', /                                                           
DISANG = disang.rest                                                           
LISTOUT = POUT                                                                 
                                                                               


Note: ig = -1. Setting random seed to   946227 based on wallclock time in 
      microseconds.
| irandom = 1, using AMBER's internal random number generator (default).
 
|--------------------- INFORMATION ----------------------
| GPU (CUDA) Version of PMEMD in use: NVIDIA GPU IN USE.
|                    Version 18.0.0
| 
|                      03/25/2018
| 
| Implementation by:
|                    Ross C. Walker     (SDSC)
|                    Scott Le Grand     (nVIDIA)
| 
| Version 18 performance extensions by:
|                    David Cerutti     (Rutgers)
| 
| Precision model in use:
|      [SPFP] - Single Precision Forces, 64-bit Fixed Point
|               Accumulation. (Default)
| 
|--------------------------------------------------------
 
|----------------- CITATION INFORMATION -----------------
|
|    When publishing work that utilized the CUDA version
|    of AMBER, please cite the following in addition to
|    the regular AMBER citations:
|
|  - Romelia Salomon-Ferrer; Andreas W. Goetz; Duncan
|    Poole; Scott Le Grand; Ross C. Walker "Routine
|    microsecond molecular dynamics simulations with
|    AMBER - Part II: Particle Mesh Ewald", J. Chem.
|    Theory Comput., 2013, 9 (9), pp3878-3888,
|    DOI: 10.1021/ct400314y.
|
|  - Andreas W. Goetz; Mark J. Williamson; Dong Xu;
|    Duncan Poole; Scott Le Grand; Ross C. Walker
|    "Routine microsecond molecular dynamics simulations
|    with AMBER - Part I: Generalized Born", J. Chem.
|    Theory Comput., 2012, 8 (5), pp1542-1555.
|
|  - Scott Le Grand; Andreas W. Goetz; Ross C. Walker
|    "SPFP: Speed without compromise - a mixed precision
|    model for GPU accelerated molecular dynamics
|    simulations.", Comp. Phys. Comm., 2013, 184
|    pp374-380, DOI: 10.1016/j.cpc.2012.09.022
|
|--------------------------------------------------------
 
|------------------- GPU DEVICE INFO --------------------
|
|            CUDA_VISIBLE_DEVICES: 7
|   CUDA Capable Devices Detected:      1
|           CUDA Device ID in use:      0
|                CUDA Device Name: GeForce GTX TITAN X
|     CUDA Device Global Mem Size:  12207 MB
| CUDA Device Num Multiprocessors:     24
|           CUDA Device Core Freq:   1.08 GHz
|
|--------------------------------------------------------
 
 
| Conditional Compilation Defines Used:
| PUBFFT
| BINTRAJ
| CUDA
| EMIL

| Largest sphere to fit in unit cell has radius =    20.946

| New format PARM file being parsed.
| Version =    1.000 Date = 04/23/18 Time = 20:06:14

| Note: 1-4 EEL scale factors are being read from the topology file.

| Note: 1-4 VDW scale factors are being read from the topology file.
| Duplicated    0 dihedrals

| Duplicated    0 dihedrals

--------------------------------------------------------------------------------
   1.  RESOURCE   USE: 
--------------------------------------------------------------------------------

 getting new box info from bottom of inpcrd
 NATOM  =    9221 NTYPES =      11 NBONH =    9065 MBONA  =     155
 NTHETH =     148 MTHETA =     231 NPHIH =     343 MPHIA  =     362
 NHPARM =       0 NPARM  =       0 NNB   =   13205 NRES   =    3022
 NBONA  =     155 NTHETA =     231 NPHIA =     362 NUMBND =      16
 NUMANG =      28 NPTRA  =      15 NATYP =      14 NPHB   =       0
 IFBOX  =       1 NMXRS  =     184 IFCAP =       0 NEXTRA =       0
 NCOPY  =       0

| Coordinate Index Table dimensions:     8    8   14
| Direct force subcell size =     5.4385    5.2364    5.0455

     BOX TYPE: RECTILINEAR

--------------------------------------------------------------------------------
   2.  CONTROL  DATA  FOR  THE  RUN
--------------------------------------------------------------------------------

default_name                                                                    

General flags:
     imin    =       0, nmropt  =       1

Nature and format of input:
     ntx     =       1, irest   =       0, ntrx    =       1

Nature and format of output:
     ntxo    =       1, ntpr    =     500, ntrx    =       1, ntwr    =     250
     iwrap   =       0, ntwx    =     250, ntwv    =       0, ntwe    =     500
     ioutfm  =       1, ntwprt  =     204, idecomp =       0, rbornstat=      0

Potential function:
     ntf     =       2, ntb     =       2, igb     =       0, nsnb    =      25
     ipol    =       0, gbsa    =       0, iesp    =       0
     dielc   =   1.00000, cut     =   9.00000, intdiel =   1.00000

Frozen or restrained atoms:
     ibelly  =       0, ntr     =       1
     restraint_wt =  50.00000

Molecular dynamics:
     nstlim  =    500000, nscm    =         0, nrespa  =         1
     t       =   0.00000, dt      =   0.00200, vlimit  =  -1.00000

Langevin dynamics temperature regulation:
     ig      =  946227
     temp0   = 298.15000, tempi   = 298.15000, gamma_ln=   1.00000

Pressure regulation:
     ntp     =       1
     pres0   =   1.00000, comp    =  44.60000, taup    =   1.00000
     Monte-Carlo Barostat:
     mcbarint  =     100

SHAKE:
     ntc     =       2, jfastw  =       0
     tol     =   0.00001

NMR refinement options:
     iscale  =       0, noeskp  =       1, ipnlty  =       1, mxsub   =       1
     scalm   = 100.00000, pencut  =  -1.00000, tausw   =   0.10000

| Intermolecular bonds treatment:
|     no_intermolecular_bonds =       1

| Energy averages sample interval:
|     ene_avg_sampling =     500

Ewald parameters:
     verbose =       0, ew_type =       0, nbflag  =       1, use_pme =       1
     vdwmeth =       1, eedmeth =       1, netfrc  =       1
     Box X =   43.508   Box Y =   41.891   Box Z =   70.636
     Alpha =   90.000   Beta  =   90.000   Gamma =   90.000
     NFFT1 =   48       NFFT2 =   48       NFFT3 =   72
     Cutoff=    9.000   Tol   =0.100E-04
     Ewald Coefficient =  0.30768
     Interpolation order =    4

    LOADING THE CONSTRAINED ATOMS AS GROUPS


   5.  REFERENCE ATOM COORDINATES

  default_name                                                                    
     Mask @DUM; matches     3 atoms
| MONTE CARLO BAROSTAT IMPORTANT NOTE:
|   The Monte-Carlo barostat does not require the virial to adjust the system volume.
|   Since it is an expensive calculation, it is skipped for efficiency. A side-effect
|   is that the reported pressure is always 0 because it is not calculated.

--------------------------------------------------------------------------------
   3.  ATOMIC COORDINATES AND VELOCITIES
--------------------------------------------------------------------------------

default_name                                                                    
 begin time read from input coords =     0.000 ps



           Begin reading energy term weight changes/NMR restraints
 WEIGHT CHANGES:
                         ** No weight changes given **

 RESTRAINTS:
 Requested file redirections:
  DISANG    = disang.rest
  LISTOUT   = POUT
 Restraints will be read from file: disang.rest
Here are comments from the DISANG input file:

                       Number of restraints read =     9

                  Done reading weight changes/NMR restraints


 
 Number of triangulated 3-point waters found:     3000

     Sum of charges from parm topology file =   0.00000002
     Forcing neutrality...

| Dynamic Memory, Types Used:
| Reals              528869
| Integers           283979

| Nonbonded Pairs Initial Allocation:     2102388

| GPU memory information (estimate):
| KB of GPU memory in use:         0
| KB of CPU memory in use:         0

--------------------------------------------------------------------------------
   4.  RESULTS
--------------------------------------------------------------------------------


 NSTEP =        0   TIME(PS) =       0.000  TEMP(K) =   440.26  PRESS =     0.0
 Etot   =    -30857.1907  EKtot   =      8135.5563  EPtot      =    -38992.7470
 BOND   =        16.8988  ANGLE   =        56.3665  DIHED      =       107.9623
 1-4 NB =        66.5660  1-4 EEL =        61.1451  VDWAALS    =      6273.7805
 EELEC  =    -45577.0387  EHBOND  =         0.0000  RESTRAINT  =         1.5726
 EAMBER (non-restraint)  =    -38994.3195
 EKCMT  =         0.0000  VIRIAL  =         0.0000  VOLUME     =    128742.2523
                                                    Density    =         0.7345
 ------------------------------------------------------------------------------

 NMR restraints: Bond =    0.678   Angle =     0.565   Torsion =     0.242
===============================================================================

 NSTEP =      500   TIME(PS) =       1.000  TEMP(K) =   263.56  PRESS =     0.0
 Etot   =    -25967.7294  EKtot   =      4870.3867  EPtot      =    -30838.1161
 BOND   =        37.4295  ANGLE   =        97.2666  DIHED      =       134.1617
 1-4 NB =        74.3568  1-4 EEL =        61.4866  VDWAALS    =      4678.5712
 EELEC  =    -35927.4435  EHBOND  =         0.0000  RESTRAINT  =         6.0550
 EAMBER (non-restraint)  =    -30844.1711
 EKCMT  =         0.0000  VIRIAL  =         0.0000  VOLUME     =    127225.0618
                                                    Density    =         0.7433
 ------------------------------------------------------------------------------

 NMR restraints: Bond =    0.650   Angle =     2.386   Torsion =     0.947
===============================================================================

 NSTEP =     1000   TIME(PS) =       2.000  TEMP(K) =   288.90  PRESS =     0.0
 Etot   =    -25088.0277  EKtot   =      5338.4697  EPtot      =    -30426.4974
 BOND   =        48.3762  ANGLE   =       107.3089  DIHED      =       138.3333
 1-4 NB =        79.0318  1-4 EEL =        63.1076  VDWAALS    =      4292.0058
 EELEC  =    -35164.0818  EHBOND  =         0.0000  RESTRAINT  =         9.4207
 EAMBER (non-restraint)  =    -30435.9182
 EKCMT  =         0.0000  VIRIAL  =         0.0000  VOLUME     =    125305.0713
                                                    Density    =         0.7547
 ------------------------------------------------------------------------------

 NMR restraints: Bond =    1.272   Angle =     2.795   Torsion =     0.653
===============================================================================

 NSTEP =     1500   TIME(PS) =       3.000  TEMP(K) =   292.97  PRESS =     0.0
 Etot   =    -24689.1554  EKtot   =      5413.7070  EPtot      =    -30102.8624
 BOND   =        63.5650  ANGLE   =       110.5543  DIHED      =       136.9685
 1-4 NB =        80.9170  1-4 EEL =        64.9119  VDWAALS    =      4282.8338
 EELEC  =    -34848.1873  EHBOND  =         0.0000  RESTRAINT  =         5.5744
 EAMBER (non-restraint)  =    -30108.4368
 EKCMT  =         0.0000  VIRIAL  =         0.0000  VOLUME     =    121800.9981
                                                    Density    =         0.7764
 ------------------------------------------------------------------------------

 NMR restraints: Bond =    0.220   Angle =     3.209   Torsion =     0.773
===============================================================================

 NSTEP =     2000   TIME(PS) =       4.000  TEMP(K) =   296.63  PRESS =     0.0
 Etot   =    -24634.6271  EKtot   =      5481.3198  EPtot      =    -30115.9469
 BOND   =        50.7207  ANGLE   =       124.8709  DIHED      =       130.3334
 1-4 NB =        74.9304  1-4 EEL =        58.2996  VDWAALS    =      4245.4441
 EELEC  =    -34808.2989  EHBOND  =         0.0000  RESTRAINT  =         7.7529
 EAMBER (non-restraint)  =    -30123.6999
 EKCMT  =         0.0000  VIRIAL  =         0.0000  VOLUME     =    120362.9032
                                                    Density    =         0.7857
 ------------------------------------------------------------------------------

 NMR restraints: Bond =    0.066   Angle =     1.545   Torsion =     2.012
===============================================================================

 NSTEP =     2500   TIME(PS) =       5.000  TEMP(K) =   294.97  PRESS =     0.0
 Etot   =    -24706.5682  EKtot   =      5450.6519  EPtot      =    -30157.2200
 BOND   =        51.3336  ANGLE   =       101.4203  DIHED      =       127.8329
 1-4 NB =        72.5119  1-4 EEL =        58.4877  VDWAALS    =      4093.7936
 EELEC  =    -34668.4102  EHBOND  =         0.0000  RESTRAINT  =         5.8101
 EAMBER (non-restraint)  =    -30163.0302
 EKCMT  =         0.0000  VIRIAL  =         0.0000  VOLUME     =    116955.9484
                                                    Density    =         0.8085
 ------------------------------------------------------------------------------

 NMR restraints: Bond =    0.123   Angle =     1.698   Torsion =     1.400
===============================================================================

 NSTEP =     3000   TIME(PS) =       6.000  TEMP(K) =   301.53  PRESS =     0.0
 Etot   =    -24766.6708  EKtot   =      5572.0181  EPtot      =    -30338.6889
 BOND   =        45.3664  ANGLE   =        94.2625  DIHED      =       128.5786
 1-4 NB =        78.0246  1-4 EEL =        66.1898  VDWAALS    =      4273.0237
 EELEC  =    -35029.8104  EHBOND  =         0.0000  RESTRAINT  =         5.6759
 EAMBER (non-restraint)  =    -30344.3648
 EKCMT  =         0.0000  VIRIAL  =         0.0000  VOLUME     =    114581.3971
                                                    Density    =         0.8253
 ------------------------------------------------------------------------------

 NMR restraints: Bond =    0.574   Angle =     2.474   Torsion =     0.799
===============================================================================

 NSTEP =     3500   TIME(PS) =       7.000  TEMP(K) =   293.23  PRESS =     0.0
 Etot   =    -24781.0154  EKtot   =      5418.6270  EPtot      =    -30199.6424
 BOND   =        55.9195  ANGLE   =       113.0873  DIHED      =       126.6335
 1-4 NB =        73.8841  1-4 EEL =        61.4127  VDWAALS    =      4194.5768
 EELEC  =    -34830.2140  EHBOND  =         0.0000  RESTRAINT  =         5.0579
 EAMBER (non-restraint)  =    -30204.7003
 EKCMT  =         0.0000  VIRIAL  =         0.0000  VOLUME     =    113215.7643
                                                    Density    =         0.8353
 ------------------------------------------------------------------------------

 NMR restraints: Bond =    1.676   Angle =     1.683   Torsion =     0.173
===============================================================================

 NSTEP =     4000   TIME(PS) =       8.000  TEMP(K) =   298.76  PRESS =     0.0
 Etot   =    -24796.6260  EKtot   =      5520.7861  EPtot      =    -30317.4121
 BOND   =        51.7470  ANGLE   =       104.8362  DIHED      =       137.5066
 1-4 NB =        73.8746  1-4 EEL =        63.3620  VDWAALS    =      4073.8397
 EELEC  =    -34826.6196  EHBOND  =         0.0000  RESTRAINT  =         4.0415
 EAMBER (non-restraint)  =    -30321.4536
 EKCMT  =         0.0000  VIRIAL  =         0.0000  VOLUME     =    112195.2123
                                                    Density    =         0.8429
 ------------------------------------------------------------------------------

 NMR restraints: Bond =    0.527   Angle =     1.199   Torsion =     0.922
===============================================================================

 NSTEP =     4500   TIME(PS) =       9.000  TEMP(K) =   299.16  PRESS =     0.0
 Etot   =    -24740.4562  EKtot   =      5528.1533  EPtot      =    -30268.6095
 BOND   =        40.3518  ANGLE   =       102.4973  DIHED      =       136.8238
 1-4 NB =        79.7393  1-4 EEL =        63.7557  VDWAALS    =      4268.7746
 EELEC  =    -34963.9101  EHBOND  =         0.0000  RESTRAINT  =         3.3579
 EAMBER (non-restraint)  =    -30271.9674
 EKCMT  =         0.0000  VIRIAL  =         0.0000  VOLUME     =    111256.0079
                                                    Density    =         0.8500
 ------------------------------------------------------------------------------

 NMR restraints: Bond =    0.409   Angle =     0.835   Torsion =     0.348
===============================================================================

 NSTEP =     5000   TIME(PS) =      10.000  TEMP(K) =   300.09  PRESS =     0.0
 Etot   =    -24847.2351  EKtot   =      5545.3394  EPtot      =    -30392.5745
 BOND   =        45.1481  ANGLE   =       106.9354  DIHED      =       133.2819
 1-4 NB =        80.5855  1-4 EEL =        63.0419  VDWAALS    =      4053.9000
 EELEC  =    -34879.0888  EHBOND  =         0.0000  RESTRAINT  =         3.6216
 EAMBER (non-restraint)  =    -30396.1961
 EKCMT  =         0.0000  VIRIAL  =         0.0000  VOLUME     =    109941.4224
                                                    Density    =         0.8601
 ------------------------------------------------------------------------------

 NMR restraints: Bond =    0.022   Angle =     0.591   Torsion =     1.127
===============================================================================

 NSTEP =     5500   TIME(PS) =      11.000  TEMP(K) =   304.03  PRESS =     0.0
 Etot   =    -24787.4891  EKtot   =      5618.1914  EPtot      =    -30405.6805
 BOND   =        58.8071  ANGLE   =       111.3304  DIHED      =       140.5798
 1-4 NB =        78.6328  1-4 EEL =        59.5125  VDWAALS    =      4200.7655
 EELEC  =    -35059.6643  EHBOND  =         0.0000  RESTRAINT  =         4.3555
 EAMBER (non-restraint)  =    -30410.0361
 EKCMT  =         0.0000  VIRIAL  =         0.0000  VOLUME     =    109110.4062
                                                    Density    =         0.8667
 ------------------------------------------------------------------------------

 NMR restraints: Bond =    0.614   Angle =     0.985   Torsion =     0.420
===============================================================================
