
          -------------------------------------------------------
          Amber 18 PMEMD                              2018
          -------------------------------------------------------

| PMEMD implementation of SANDER, Release 18

| Run on 05/02/2018 at 10:12:05

|   Executable path: pmemd.cuda
| Working directory: /oasis/tscc/scratch/davids4/SAMPLing-cut9/11499199.tscc-mgr.local
|          Hostname: tscc-gpu-8-2.sdsc.edu

  [-O]verwriting output

File Assignments:
|   MDIN: equil.000.in                                                          
|  MDOUT: equil.000.out                                                         
| INPCRD: minimize.rst7                                                         
|   PARM: solvate.prmtop                                                        
| RESTRT: equil.000.rst7                                                        
|   REFC: solvate.rst7                                                          
|  MDVEL: mdvel                                                                 
|   MDEN: equil.000.mden                                                        
|  MDCRD: equil.000.nc                                                          
| MDINFO: equil.000.mdinfo                                                      
|  MDFRC: mdfrc                                                                 


 Here is the input file:

PBC MD Simulation                                                              
 &cntrl                                                                        
  imin =          0,                                                           
  ntx =           1,                                                           
  irest =         0,                                                           
  maxcyc =        0,                                                           
  ncyc =          0,                                                           
  dt =            0.002,                                                       
  nstlim =        500000,                                                      
  ntpr =          500,                                                         
  ntwe =          500,                                                         
  ntwr =          250,                                                         
  ntwx =          250,                                                         
  ntxo =          1,                                                           
  ioutfm =        1,                                                           
  ntf =           2,                                                           
  ntc =           2,                                                           
  cut =           9.0,                                                         
  igb =           0,                                                           
  tempi =         298.15,                                                      
  temp0 =         298.15,                                                      
  ntt =           3,                                                           
  gamma_ln =      1.0,                                                         
  ig =            -1,                                                          
  ntp =           1,                                                           
  barostat =      2,                                                           
  ntr =           1,                                                           
  restraint_wt =  50.0,                                                        
  restraintmask = '@DUM',                                                      
  nmropt =        1,                                                           
  pencut =        -1,                                                          
  ntwprt =        206,                                                         
 /                                                                             
 &wt type = 'END', /                                                           
DISANG = disang.rest                                                           
LISTOUT = POUT                                                                 
                                                                               


Note: ig = -1. Setting random seed to    27446 based on wallclock time in 
      microseconds.
| irandom = 1, using AMBER's internal random number generator (default).
 
|--------------------- INFORMATION ----------------------
| GPU (CUDA) Version of PMEMD in use: NVIDIA GPU IN USE.
|                    Version 18.0.0
| 
|                      03/25/2018
| 
| Implementation by:
|                    Ross C. Walker     (SDSC)
|                    Scott Le Grand     (nVIDIA)
| 
| Version 18 performance extensions by:
|                    David Cerutti     (Rutgers)
| 
| Precision model in use:
|      [SPFP] - Single Precision Forces, 64-bit Fixed Point
|               Accumulation. (Default)
| 
|--------------------------------------------------------
 
|----------------- CITATION INFORMATION -----------------
|
|    When publishing work that utilized the CUDA version
|    of AMBER, please cite the following in addition to
|    the regular AMBER citations:
|
|  - Romelia Salomon-Ferrer; Andreas W. Goetz; Duncan
|    Poole; Scott Le Grand; Ross C. Walker "Routine
|    microsecond molecular dynamics simulations with
|    AMBER - Part II: Particle Mesh Ewald", J. Chem.
|    Theory Comput., 2013, 9 (9), pp3878-3888,
|    DOI: 10.1021/ct400314y.
|
|  - Andreas W. Goetz; Mark J. Williamson; Dong Xu;
|    Duncan Poole; Scott Le Grand; Ross C. Walker
|    "Routine microsecond molecular dynamics simulations
|    with AMBER - Part I: Generalized Born", J. Chem.
|    Theory Comput., 2012, 8 (5), pp1542-1555.
|
|  - Scott Le Grand; Andreas W. Goetz; Ross C. Walker
|    "SPFP: Speed without compromise - a mixed precision
|    model for GPU accelerated molecular dynamics
|    simulations.", Comp. Phys. Comm., 2013, 184
|    pp374-380, DOI: 10.1016/j.cpc.2012.09.022
|
|--------------------------------------------------------
 
|------------------- GPU DEVICE INFO --------------------
|
|            CUDA_VISIBLE_DEVICES: 2
|   CUDA Capable Devices Detected:      1
|           CUDA Device ID in use:      0
|                CUDA Device Name: GeForce GTX TITAN X
|     CUDA Device Global Mem Size:  12207 MB
| CUDA Device Num Multiprocessors:     24
|           CUDA Device Core Freq:   1.08 GHz
|
|--------------------------------------------------------
 
 
| Conditional Compilation Defines Used:
| PUBFFT
| BINTRAJ
| CUDA
| EMIL

| Largest sphere to fit in unit cell has radius =    20.773

| New format PARM file being parsed.
| Version =    1.000 Date = 04/23/18 Time = 20:10:19

| Note: 1-4 EEL scale factors are being read from the topology file.

| Note: 1-4 VDW scale factors are being read from the topology file.
| Duplicated    0 dihedrals

| Duplicated    0 dihedrals

--------------------------------------------------------------------------------
   1.  RESOURCE   USE: 
--------------------------------------------------------------------------------

 getting new box info from bottom of inpcrd
 NATOM  =    9223 NTYPES =      11 NBONH =    9067 MBONA  =     155
 NTHETH =     153 MTHETA =     232 NPHIH =     345 MPHIA  =     366
 NHPARM =       0 NPARM  =       0 NNB   =   13221 NRES   =    3022
 NBONA  =     155 NTHETA =     232 NPHIA =     366 NUMBND =      13
 NUMANG =      22 NPTRA  =      15 NATYP =      13 NPHB   =       0
 IFBOX  =       1 NMXRS  =     184 IFCAP =       0 NEXTRA =       0
 NCOPY  =       0

| Coordinate Index Table dimensions:     8    8   13
| Direct force subcell size =     5.1932    5.4715    5.2998

     BOX TYPE: RECTILINEAR

--------------------------------------------------------------------------------
   2.  CONTROL  DATA  FOR  THE  RUN
--------------------------------------------------------------------------------

default_name                                                                    

General flags:
     imin    =       0, nmropt  =       1

Nature and format of input:
     ntx     =       1, irest   =       0, ntrx    =       1

Nature and format of output:
     ntxo    =       1, ntpr    =     500, ntrx    =       1, ntwr    =     250
     iwrap   =       0, ntwx    =     250, ntwv    =       0, ntwe    =     500
     ioutfm  =       1, ntwprt  =     206, idecomp =       0, rbornstat=      0

Potential function:
     ntf     =       2, ntb     =       2, igb     =       0, nsnb    =      25
     ipol    =       0, gbsa    =       0, iesp    =       0
     dielc   =   1.00000, cut     =   9.00000, intdiel =   1.00000

Frozen or restrained atoms:
     ibelly  =       0, ntr     =       1
     restraint_wt =  50.00000

Molecular dynamics:
     nstlim  =    500000, nscm    =         0, nrespa  =         1
     t       =   0.00000, dt      =   0.00200, vlimit  =  -1.00000

Langevin dynamics temperature regulation:
     ig      =   27446
     temp0   = 298.15000, tempi   = 298.15000, gamma_ln=   1.00000

Pressure regulation:
     ntp     =       1
     pres0   =   1.00000, comp    =  44.60000, taup    =   1.00000
     Monte-Carlo Barostat:
     mcbarint  =     100

SHAKE:
     ntc     =       2, jfastw  =       0
     tol     =   0.00001

NMR refinement options:
     iscale  =       0, noeskp  =       1, ipnlty  =       1, mxsub   =       1
     scalm   = 100.00000, pencut  =  -1.00000, tausw   =   0.10000

| Intermolecular bonds treatment:
|     no_intermolecular_bonds =       1

| Energy averages sample interval:
|     ene_avg_sampling =     500

Ewald parameters:
     verbose =       0, ew_type =       0, nbflag  =       1, use_pme =       1
     vdwmeth =       1, eedmeth =       1, netfrc  =       1
     Box X =   41.545   Box Y =   43.772   Box Z =   68.898
     Alpha =   90.000   Beta  =   90.000   Gamma =   90.000
     NFFT1 =   48       NFFT2 =   48       NFFT3 =   72
     Cutoff=    9.000   Tol   =0.100E-04
     Ewald Coefficient =  0.30768
     Interpolation order =    4

    LOADING THE CONSTRAINED ATOMS AS GROUPS


   5.  REFERENCE ATOM COORDINATES

  default_name                                                                    
     Mask @DUM; matches     3 atoms
| MONTE CARLO BAROSTAT IMPORTANT NOTE:
|   The Monte-Carlo barostat does not require the virial to adjust the system volume.
|   Since it is an expensive calculation, it is skipped for efficiency. A side-effect
|   is that the reported pressure is always 0 because it is not calculated.

--------------------------------------------------------------------------------
   3.  ATOMIC COORDINATES AND VELOCITIES
--------------------------------------------------------------------------------

default_name                                                                    
 begin time read from input coords =     0.000 ps



           Begin reading energy term weight changes/NMR restraints
 WEIGHT CHANGES:
                         ** No weight changes given **

 RESTRAINTS:
 Requested file redirections:
  DISANG    = disang.rest
  LISTOUT   = POUT
 Restraints will be read from file: disang.rest
Here are comments from the DISANG input file:

                       Number of restraints read =     9

                  Done reading weight changes/NMR restraints


 
 Number of triangulated 3-point waters found:     3000

     Sum of charges from parm topology file =   0.00000002
     Forcing neutrality...

| Dynamic Memory, Types Used:
| Reals              528929
| Integers           284277

| Nonbonded Pairs Initial Allocation:     2102844

| GPU memory information (estimate):
| KB of GPU memory in use:         0
| KB of CPU memory in use:         0

--------------------------------------------------------------------------------
   4.  RESULTS
--------------------------------------------------------------------------------


 NSTEP =        0   TIME(PS) =       0.000  TEMP(K) =   437.91  PRESS =     0.0
 Etot   =    -30753.7263  EKtot   =      8093.8181  EPtot      =    -38847.5444
 BOND   =        16.5960  ANGLE   =        56.6818  DIHED      =       104.5335
 1-4 NB =        67.2152  1-4 EEL =        61.6273  VDWAALS    =      6025.4965
 EELEC  =    -45183.1073  EHBOND  =         0.0000  RESTRAINT  =         3.4127
 EAMBER (non-restraint)  =    -38850.9571
 EKCMT  =         0.0000  VIRIAL  =         0.0000  VOLUME     =    125291.8307
                                                    Density    =         0.7548
 ------------------------------------------------------------------------------

 NMR restraints: Bond =    0.152   Angle =     3.199   Torsion =     0.016
===============================================================================

 NSTEP =      500   TIME(PS) =       1.000  TEMP(K) =   265.08  PRESS =     0.0
 Etot   =    -25866.1860  EKtot   =      4899.5015  EPtot      =    -30765.6874
 BOND   =        43.1050  ANGLE   =        93.6942  DIHED      =       123.4993
 1-4 NB =        78.6260  1-4 EEL =        63.9936  VDWAALS    =      4735.4595
 EELEC  =    -35913.7731  EHBOND  =         0.0000  RESTRAINT  =         9.7081
 EAMBER (non-restraint)  =    -30775.3955
 EKCMT  =         0.0000  VIRIAL  =         0.0000  VOLUME     =    123000.3106
                                                    Density    =         0.7688
 ------------------------------------------------------------------------------

 NMR restraints: Bond =    2.460   Angle =     2.462   Torsion =     1.056
===============================================================================
| MC Barostat: Increasing size of volume moves

 NSTEP =     1000   TIME(PS) =       2.000  TEMP(K) =   283.61  PRESS =     0.0
 Etot   =    -25180.2368  EKtot   =      5241.9312  EPtot      =    -30422.1680
 BOND   =        50.7929  ANGLE   =       106.2223  DIHED      =       135.1867
 1-4 NB =        74.9680  1-4 EEL =        61.4154  VDWAALS    =      4606.1676
 EELEC  =    -35465.0433  EHBOND  =         0.0000  RESTRAINT  =         8.1225
 EAMBER (non-restraint)  =    -30430.2905
 EKCMT  =         0.0000  VIRIAL  =         0.0000  VOLUME     =    119388.3954
                                                    Density    =         0.7921
 ------------------------------------------------------------------------------

 NMR restraints: Bond =    0.562   Angle =     1.402   Torsion =     0.400
===============================================================================

 NSTEP =     1500   TIME(PS) =       3.000  TEMP(K) =   284.96  PRESS =     0.0
 Etot   =    -24881.0346  EKtot   =      5266.9663  EPtot      =    -30148.0009
 BOND   =        58.5004  ANGLE   =       109.8469  DIHED      =       134.9923
 1-4 NB =        74.3174  1-4 EEL =        59.8453  VDWAALS    =      4291.0827
 EELEC  =    -34882.4533  EHBOND  =         0.0000  RESTRAINT  =         5.8673
 EAMBER (non-restraint)  =    -30153.8683
 EKCMT  =         0.0000  VIRIAL  =         0.0000  VOLUME     =    118030.3600
                                                    Density    =         0.8012
 ------------------------------------------------------------------------------

 NMR restraints: Bond =    1.624   Angle =     1.282   Torsion =     0.098
===============================================================================

 NSTEP =     2000   TIME(PS) =       4.000  TEMP(K) =   290.01  PRESS =     0.0
 Etot   =    -24810.1166  EKtot   =      5360.2705  EPtot      =    -30170.3871
 BOND   =        47.0074  ANGLE   =        94.7235  DIHED      =       136.0695
 1-4 NB =        74.7753  1-4 EEL =        64.1052  VDWAALS    =      4138.6963
 EELEC  =    -34730.9266  EHBOND  =         0.0000  RESTRAINT  =         5.1623
 EAMBER (non-restraint)  =    -30175.5494
 EKCMT  =         0.0000  VIRIAL  =         0.0000  VOLUME     =    115205.2111
                                                    Density    =         0.8209
 ------------------------------------------------------------------------------

 NMR restraints: Bond =    1.653   Angle =     1.214   Torsion =     0.116
===============================================================================

 NSTEP =     2500   TIME(PS) =       5.000  TEMP(K) =   292.49  PRESS =     0.0
 Etot   =    -24639.2873  EKtot   =      5406.1289  EPtot      =    -30045.4162
 BOND   =        60.8385  ANGLE   =       114.0089  DIHED      =       129.5215
 1-4 NB =        73.9827  1-4 EEL =        63.3475  VDWAALS    =      4085.7880
 EELEC  =    -34577.9312  EHBOND  =         0.0000  RESTRAINT  =         5.0279
 EAMBER (non-restraint)  =    -30050.4441
 EKCMT  =         0.0000  VIRIAL  =         0.0000  VOLUME     =    113979.7314
                                                    Density    =         0.8297
 ------------------------------------------------------------------------------

 NMR restraints: Bond =    0.102   Angle =     1.814   Torsion =     1.577
===============================================================================
| MC Barostat: Increasing size of volume moves

 NSTEP =     3000   TIME(PS) =       6.000  TEMP(K) =   302.36  PRESS =     0.0
 Etot   =    -24593.0390  EKtot   =      5588.4878  EPtot      =    -30181.5268
 BOND   =        55.5242  ANGLE   =       113.3375  DIHED      =       137.0625
 1-4 NB =        74.0987  1-4 EEL =        62.8636  VDWAALS    =      4238.7606
 EELEC  =    -34869.3075  EHBOND  =         0.0000  RESTRAINT  =         6.1335
 EAMBER (non-restraint)  =    -30187.6603
 EKCMT  =         0.0000  VIRIAL  =         0.0000  VOLUME     =    111352.4282
                                                    Density    =         0.8493
 ------------------------------------------------------------------------------

 NMR restraints: Bond =    1.253   Angle =     2.085   Torsion =     0.212
===============================================================================

 NSTEP =     3500   TIME(PS) =       7.000  TEMP(K) =   306.59  PRESS =     0.0
 Etot   =    -24609.9279  EKtot   =      5666.7280  EPtot      =    -30276.6559
 BOND   =        51.3260  ANGLE   =       116.5134  DIHED      =       133.1191
 1-4 NB =        75.7712  1-4 EEL =        58.7453  VDWAALS    =      4131.0854
 EELEC  =    -34849.3683  EHBOND  =         0.0000  RESTRAINT  =         6.1520
 EAMBER (non-restraint)  =    -30282.8079
 EKCMT  =         0.0000  VIRIAL  =         0.0000  VOLUME     =    109038.6681
                                                    Density    =         0.8673
 ------------------------------------------------------------------------------

 NMR restraints: Bond =    0.436   Angle =     2.908   Torsion =     0.641
===============================================================================

 NSTEP =     4000   TIME(PS) =       8.000  TEMP(K) =   303.35  PRESS =     0.0
 Etot   =    -24630.4639  EKtot   =      5606.8657  EPtot      =    -30237.3296
 BOND   =        58.7651  ANGLE   =       108.9373  DIHED      =       130.2995
 1-4 NB =        76.6706  1-4 EEL =        60.1089  VDWAALS    =      4036.6145
 EELEC  =    -34715.5351  EHBOND  =         0.0000  RESTRAINT  =         6.8095
 EAMBER (non-restraint)  =    -30244.1391
 EKCMT  =         0.0000  VIRIAL  =         0.0000  VOLUME     =    109068.8058
                                                    Density    =         0.8670
 ------------------------------------------------------------------------------

 NMR restraints: Bond =    1.097   Angle =     0.821   Torsion =     2.719
===============================================================================

 NSTEP =     4500   TIME(PS) =       9.000  TEMP(K) =   306.27  PRESS =     0.0
 Etot   =    -24654.3821  EKtot   =      5660.8154  EPtot      =    -30315.1975
 BOND   =        49.2776  ANGLE   =       100.0537  DIHED      =       135.8856
 1-4 NB =        81.1989  1-4 EEL =        65.5862  VDWAALS    =      4192.8880
 EELEC  =    -34945.1326  EHBOND  =         0.0000  RESTRAINT  =         5.0449
 EAMBER (non-restraint)  =    -30320.2425
 EKCMT  =         0.0000  VIRIAL  =         0.0000  VOLUME     =    107722.5774
                                                    Density    =         0.8779
 ------------------------------------------------------------------------------

 NMR restraints: Bond =    0.294   Angle =     1.312   Torsion =     2.339
===============================================================================

 NSTEP =     5000   TIME(PS) =      10.000  TEMP(K) =   300.47  PRESS =     0.0
 Etot   =    -24857.8337  EKtot   =      5553.6343  EPtot      =    -30411.4680
 BOND   =        49.3985  ANGLE   =       122.4609  DIHED      =       134.2575
 1-4 NB =        75.1721  1-4 EEL =        64.5486  VDWAALS    =      4117.6566
 EELEC  =    -34982.2606  EHBOND  =         0.0000  RESTRAINT  =         7.2986
 EAMBER (non-restraint)  =    -30418.7665
 EKCMT  =         0.0000  VIRIAL  =         0.0000  VOLUME     =    104841.2319
                                                    Density    =         0.9020
 ------------------------------------------------------------------------------

 NMR restraints: Bond =    0.655   Angle =     2.559   Torsion =     1.686
===============================================================================

 NSTEP =     5500   TIME(PS) =      11.000  TEMP(K) =   298.85  PRESS =     0.0
 Etot   =    -25110.9056  EKtot   =      5523.5317  EPtot      =    -30634.4373
 BOND   =        57.9864  ANGLE   =        99.1706  DIHED      =       139.5069
 1-4 NB =        75.5254  1-4 EEL =        58.6454  VDWAALS    =      4274.1056
 EELEC  =    -35344.4152  EHBOND  =         0.0000  RESTRAINT  =         5.0377
 EAMBER (non-restraint)  =    -30639.4750
 EKCMT  =         0.0000  VIRIAL  =         0.0000  VOLUME     =    104061.0661
                                                    Density    =         0.9088
 ------------------------------------------------------------------------------

 NMR restraints: Bond =    0.579   Angle =     1.391   Torsion =     1.395
===============================================================================

 NSTEP =     6000   TIME(PS) =      12.000  TEMP(K) =   295.92  PRESS =     0.0
 Etot   =    -25234.7552  EKtot   =      5469.5098  EPtot      =    -30704.2650
 BOND   =        56.4579  ANGLE   =       110.9463  DIHED      =       127.8499
 1-4 NB =        76.3546  1-4 EEL =        62.3669  VDWAALS    =      4170.4909
 EELEC  =    -35312.1257  EHBOND  =         0.0000  RESTRAINT  =         3.3942
 EAMBER (non-restraint)  =    -30707.6592
 EKCMT  =         0.0000  VIRIAL  =         0.0000  VOLUME     =    102800.1143
                                                    Density    =         0.9199
 ------------------------------------------------------------------------------

 NMR restraints: Bond =    0.095   Angle =     0.948   Torsion =     0.627
===============================================================================

 NSTEP =     6500   TIME(PS) =      13.000  TEMP(K) =   299.59  PRESS =     0.0
 Etot   =    -25155.9512  EKtot   =      5537.3296  EPtot      =    -30693.2808
 BOND   =        44.2021  ANGLE   =       115.4251  DIHED      =       129.4113
 1-4 NB =        75.2105  1-4 EEL =        63.2439  VDWAALS    =      4252.6073
 EELEC  =    -35379.0388  EHBOND  =         0.0000  RESTRAINT  =         5.6578
 EAMBER (non-restraint)  =    -30698.9386
 EKCMT  =         0.0000  VIRIAL  =         0.0000  VOLUME     =    102096.5281
                                                    Density    =         0.9263
 ------------------------------------------------------------------------------

 NMR restraints: Bond =    2.554   Angle =     1.996   Torsion =     0.138
===============================================================================

 NSTEP =     7000   TIME(PS) =      14.000  TEMP(K) =   298.82  PRESS =     0.0
 Etot   =    -25198.3387  EKtot   =      5522.9722  EPtot      =    -30721.3109
 BOND   =        48.9568  ANGLE   =       103.1289  DIHED      =       126.6815
 1-4 NB =        76.4460  1-4 EEL =        64.1393  VDWAALS    =      4529.6592
 EELEC  =    -35675.4478  EHBOND  =         0.0000  RESTRAINT  =         5.1253
 EAMBER (non-restraint)  =    -30726.4362
 EKCMT  =         0.0000  VIRIAL  =         0.0000  VOLUME     =    100680.9286
                                                    Density    =         0.9393
 ------------------------------------------------------------------------------

 NMR restraints: Bond =    0.087   Angle =     1.179   Torsion =     1.597
===============================================================================

 NSTEP =     7500   TIME(PS) =      15.000  TEMP(K) =   296.40  PRESS =     0.0
 Etot   =    -25203.5866  EKtot   =      5478.3687  EPtot      =    -30681.9553
 BOND   =        46.8618  ANGLE   =       114.0728  DIHED      =       130.3992
 1-4 NB =        76.9929  1-4 EEL =        64.4086  VDWAALS    =      4209.6785
 EELEC  =    -35326.5684  EHBOND  =         0.0000  RESTRAINT  =         2.1993
 EAMBER (non-restraint)  =    -30684.1546
 EKCMT  =         0.0000  VIRIAL  =         0.0000  VOLUME     =     99626.5963
                                                    Density    =         0.9492
 ------------------------------------------------------------------------------

 NMR restraints: Bond =    0.030   Angle =     1.556   Torsion =     0.162
===============================================================================

 NSTEP =     8000   TIME(PS) =      16.000  TEMP(K) =   296.55  PRESS =     0.0
 Etot   =    -25395.9115  EKtot   =      5481.1001  EPtot      =    -30877.0116
 BOND   =        58.1823  ANGLE   =        92.1506  DIHED      =       125.9951
 1-4 NB =        79.5733  1-4 EEL =        66.0481  VDWAALS    =      4262.8382
 EELEC  =    -35563.9302  EHBOND  =         0.0000  RESTRAINT  =         2.1309
 EAMBER (non-restraint)  =    -30879.1425
 EKCMT  =         0.0000  VIRIAL  =         0.0000  VOLUME     =     98743.2133
                                                    Density    =         0.9577
 ------------------------------------------------------------------------------

 NMR restraints: Bond =    0.116   Angle =     0.481   Torsion =     0.651
===============================================================================

 NSTEP =     8500   TIME(PS) =      17.000  TEMP(K) =   292.89  PRESS =     0.0
 Etot   =    -25545.5294  EKtot   =      5413.5283  EPtot      =    -30959.0577
 BOND   =        53.8864  ANGLE   =        99.8993  DIHED      =       134.0394
 1-4 NB =        76.7732  1-4 EEL =        64.7832  VDWAALS    =      4460.3617
 EELEC  =    -35852.9635  EHBOND  =         0.0000  RESTRAINT  =         4.1627
 EAMBER (non-restraint)  =    -30963.2204
 EKCMT  =         0.0000  VIRIAL  =         0.0000  VOLUME     =     97159.2236
                                                    Density    =         0.9733
 ------------------------------------------------------------------------------

 NMR restraints: Bond =    0.088   Angle =     2.326   Torsion =     1.263
===============================================================================

 NSTEP =     9000   TIME(PS) =      18.000  TEMP(K) =   296.11  PRESS =     0.0
 Etot   =    -25395.8764  EKtot   =      5472.9639  EPtot      =    -30868.8403
 BOND   =        53.7946  ANGLE   =       104.0671  DIHED      =       122.9962
 1-4 NB =        74.3679  1-4 EEL =        58.1379  VDWAALS    =      4154.1932
 EELEC  =    -35438.1666  EHBOND  =         0.0000  RESTRAINT  =         1.7695
 EAMBER (non-restraint)  =    -30870.6097
 EKCMT  =         0.0000  VIRIAL  =         0.0000  VOLUME     =     96188.2123
                                                    Density    =         0.9832
 ------------------------------------------------------------------------------

 NMR restraints: Bond =    0.426   Angle =     0.574   Torsion =     0.118
===============================================================================
