
          -------------------------------------------------------
          Amber 18 PMEMD                              2018
          -------------------------------------------------------

| PMEMD implementation of SANDER, Release 18

| Run on 05/02/2018 at 11:33:05

|   Executable path: pmemd.cuda
| Working directory: /oasis/tscc/scratch/davids4/SAMPLing-cut9/11499476.tscc-mgr.local
|          Hostname: tscc-gpu-8-8.sdsc.edu

  [-O]verwriting output

File Assignments:
|   MDIN: equil.000.in                                                          
|  MDOUT: equil.000.out                                                         
| INPCRD: minimize.rst7                                                         
|   PARM: solvate.prmtop                                                        
| RESTRT: equil.000.rst7                                                        
|   REFC: solvate.rst7                                                          
|  MDVEL: mdvel                                                                 
|   MDEN: equil.000.mden                                                        
|  MDCRD: equil.000.nc                                                          
| MDINFO: equil.000.mdinfo                                                      
|  MDFRC: mdfrc                                                                 


 Here is the input file:

PBC MD Simulation                                                              
 &cntrl                                                                        
  imin =          0,                                                           
  ntx =           1,                                                           
  irest =         0,                                                           
  maxcyc =        0,                                                           
  ncyc =          0,                                                           
  dt =            0.002,                                                       
  nstlim =        500000,                                                      
  ntpr =          500,                                                         
  ntwe =          500,                                                         
  ntwr =          250,                                                         
  ntwx =          250,                                                         
  ntxo =          1,                                                           
  ioutfm =        1,                                                           
  ntf =           2,                                                           
  ntc =           2,                                                           
  cut =           9.0,                                                         
  igb =           0,                                                           
  tempi =         298.15,                                                      
  temp0 =         298.15,                                                      
  ntt =           3,                                                           
  gamma_ln =      1.0,                                                         
  ig =            -1,                                                          
  ntp =           1,                                                           
  barostat =      2,                                                           
  ntr =           1,                                                           
  restraint_wt =  50.0,                                                        
  restraintmask = '@DUM',                                                      
  nmropt =        1,                                                           
  pencut =        -1,                                                          
  ntwprt =        206,                                                         
 /                                                                             
 &wt type = 'END', /                                                           
DISANG = disang.rest                                                           
LISTOUT = POUT                                                                 
                                                                               


Note: ig = -1. Setting random seed to   395582 based on wallclock time in 
      microseconds.
| irandom = 1, using AMBER's internal random number generator (default).
 
|--------------------- INFORMATION ----------------------
| GPU (CUDA) Version of PMEMD in use: NVIDIA GPU IN USE.
|                    Version 18.0.0
| 
|                      03/25/2018
| 
| Implementation by:
|                    Ross C. Walker     (SDSC)
|                    Scott Le Grand     (nVIDIA)
| 
| Version 18 performance extensions by:
|                    David Cerutti     (Rutgers)
| 
| Precision model in use:
|      [SPFP] - Single Precision Forces, 64-bit Fixed Point
|               Accumulation. (Default)
| 
|--------------------------------------------------------
 
|----------------- CITATION INFORMATION -----------------
|
|    When publishing work that utilized the CUDA version
|    of AMBER, please cite the following in addition to
|    the regular AMBER citations:
|
|  - Romelia Salomon-Ferrer; Andreas W. Goetz; Duncan
|    Poole; Scott Le Grand; Ross C. Walker "Routine
|    microsecond molecular dynamics simulations with
|    AMBER - Part II: Particle Mesh Ewald", J. Chem.
|    Theory Comput., 2013, 9 (9), pp3878-3888,
|    DOI: 10.1021/ct400314y.
|
|  - Andreas W. Goetz; Mark J. Williamson; Dong Xu;
|    Duncan Poole; Scott Le Grand; Ross C. Walker
|    "Routine microsecond molecular dynamics simulations
|    with AMBER - Part I: Generalized Born", J. Chem.
|    Theory Comput., 2012, 8 (5), pp1542-1555.
|
|  - Scott Le Grand; Andreas W. Goetz; Ross C. Walker
|    "SPFP: Speed without compromise - a mixed precision
|    model for GPU accelerated molecular dynamics
|    simulations.", Comp. Phys. Comm., 2013, 184
|    pp374-380, DOI: 10.1016/j.cpc.2012.09.022
|
|--------------------------------------------------------
 
|------------------- GPU DEVICE INFO --------------------
|
|            CUDA_VISIBLE_DEVICES: 0
|   CUDA Capable Devices Detected:      1
|           CUDA Device ID in use:      0
|                CUDA Device Name: GeForce GTX TITAN X
|     CUDA Device Global Mem Size:  12207 MB
| CUDA Device Num Multiprocessors:     24
|           CUDA Device Core Freq:   1.08 GHz
|
|--------------------------------------------------------
 
 
| Conditional Compilation Defines Used:
| PUBFFT
| BINTRAJ
| CUDA
| EMIL

| Largest sphere to fit in unit cell has radius =    22.338

| New format PARM file being parsed.
| Version =    1.000 Date = 04/23/18 Time = 20:18:28

| Note: 1-4 EEL scale factors are being read from the topology file.

| Note: 1-4 VDW scale factors are being read from the topology file.
| Duplicated    0 dihedrals

| Duplicated    0 dihedrals

--------------------------------------------------------------------------------
   1.  RESOURCE   USE: 
--------------------------------------------------------------------------------

 getting new box info from bottom of inpcrd
 NATOM  =    9223 NTYPES =      11 NBONH =    9067 MBONA  =     155
 NTHETH =     153 MTHETA =     232 NPHIH =     345 MPHIA  =     366
 NHPARM =       0 NPARM  =       0 NNB   =   13221 NRES   =    3022
 NBONA  =     155 NTHETA =     232 NPHIA =     366 NUMBND =      13
 NUMANG =      22 NPTRA  =      15 NATYP =      13 NPHB   =       0
 IFBOX  =       1 NMXRS  =     184 IFCAP =       0 NEXTRA =       0
 NCOPY  =       0

| Coordinate Index Table dimensions:     8    9   12
| Direct force subcell size =     5.5844    5.1077    5.0591

     BOX TYPE: RECTILINEAR

--------------------------------------------------------------------------------
   2.  CONTROL  DATA  FOR  THE  RUN
--------------------------------------------------------------------------------

default_name                                                                    

General flags:
     imin    =       0, nmropt  =       1

Nature and format of input:
     ntx     =       1, irest   =       0, ntrx    =       1

Nature and format of output:
     ntxo    =       1, ntpr    =     500, ntrx    =       1, ntwr    =     250
     iwrap   =       0, ntwx    =     250, ntwv    =       0, ntwe    =     500
     ioutfm  =       1, ntwprt  =     206, idecomp =       0, rbornstat=      0

Potential function:
     ntf     =       2, ntb     =       2, igb     =       0, nsnb    =      25
     ipol    =       0, gbsa    =       0, iesp    =       0
     dielc   =   1.00000, cut     =   9.00000, intdiel =   1.00000

Frozen or restrained atoms:
     ibelly  =       0, ntr     =       1
     restraint_wt =  50.00000

Molecular dynamics:
     nstlim  =    500000, nscm    =         0, nrespa  =         1
     t       =   0.00000, dt      =   0.00200, vlimit  =  -1.00000

Langevin dynamics temperature regulation:
     ig      =  395582
     temp0   = 298.15000, tempi   = 298.15000, gamma_ln=   1.00000

Pressure regulation:
     ntp     =       1
     pres0   =   1.00000, comp    =  44.60000, taup    =   1.00000
     Monte-Carlo Barostat:
     mcbarint  =     100

SHAKE:
     ntc     =       2, jfastw  =       0
     tol     =   0.00001

NMR refinement options:
     iscale  =       0, noeskp  =       1, ipnlty  =       1, mxsub   =       1
     scalm   = 100.00000, pencut  =  -1.00000, tausw   =   0.10000

| Intermolecular bonds treatment:
|     no_intermolecular_bonds =       1

| Energy averages sample interval:
|     ene_avg_sampling =     500

Ewald parameters:
     verbose =       0, ew_type =       0, nbflag  =       1, use_pme =       1
     vdwmeth =       1, eedmeth =       1, netfrc  =       1
     Box X =   44.675   Box Y =   45.969   Box Z =   60.709
     Alpha =   90.000   Beta  =   90.000   Gamma =   90.000
     NFFT1 =   48       NFFT2 =   48       NFFT3 =   64
     Cutoff=    9.000   Tol   =0.100E-04
     Ewald Coefficient =  0.30768
     Interpolation order =    4

    LOADING THE CONSTRAINED ATOMS AS GROUPS


   5.  REFERENCE ATOM COORDINATES

  default_name                                                                    
     Mask @DUM; matches     3 atoms
| MONTE CARLO BAROSTAT IMPORTANT NOTE:
|   The Monte-Carlo barostat does not require the virial to adjust the system volume.
|   Since it is an expensive calculation, it is skipped for efficiency. A side-effect
|   is that the reported pressure is always 0 because it is not calculated.

--------------------------------------------------------------------------------
   3.  ATOMIC COORDINATES AND VELOCITIES
--------------------------------------------------------------------------------

default_name                                                                    
 begin time read from input coords =     0.000 ps



           Begin reading energy term weight changes/NMR restraints
 WEIGHT CHANGES:
                         ** No weight changes given **

 RESTRAINTS:
 Requested file redirections:
  DISANG    = disang.rest
  LISTOUT   = POUT
 Restraints will be read from file: disang.rest
Here are comments from the DISANG input file:

                       Number of restraints read =     9

                  Done reading weight changes/NMR restraints


 
 Number of triangulated 3-point waters found:     3000

     Sum of charges from parm topology file =   0.00000002
     Forcing neutrality...

| Dynamic Memory, Types Used:
| Reals              528921
| Integers           284277

| Nonbonded Pairs Initial Allocation:     2102844

| GPU memory information (estimate):
| KB of GPU memory in use:         0
| KB of CPU memory in use:         0

--------------------------------------------------------------------------------
   4.  RESULTS
--------------------------------------------------------------------------------


 NSTEP =        0   TIME(PS) =       0.000  TEMP(K) =   444.64  PRESS =     0.0
 Etot   =    -30761.7718  EKtot   =      8218.3009  EPtot      =    -38980.0727
 BOND   =        15.9442  ANGLE   =        65.1808  DIHED      =       110.0529
 1-4 NB =        65.5080  1-4 EEL =        61.2966  VDWAALS    =      6193.8602
 EELEC  =    -45495.8664  EHBOND  =         0.0000  RESTRAINT  =         3.9509
 EAMBER (non-restraint)  =    -38984.0236
 EKCMT  =         0.0000  VIRIAL  =         0.0000  VOLUME     =    124678.1347
                                                    Density    =         0.7585
 ------------------------------------------------------------------------------

 NMR restraints: Bond =    0.158   Angle =     3.722   Torsion =     0.017
===============================================================================

 NSTEP =      500   TIME(PS) =       1.000  TEMP(K) =   264.59  PRESS =     0.0
 Etot   =    -25924.0166  EKtot   =      4890.3564  EPtot      =    -30814.3730
 BOND   =        41.9557  ANGLE   =       103.9263  DIHED      =       136.6613
 1-4 NB =        74.9274  1-4 EEL =        67.6398  VDWAALS    =      4745.2468
 EELEC  =    -35992.3948  EHBOND  =         0.0000  RESTRAINT  =         7.6645
 EAMBER (non-restraint)  =    -30822.0375
 EKCMT  =         0.0000  VIRIAL  =         0.0000  VOLUME     =    123431.7821
                                                    Density    =         0.7662
 ------------------------------------------------------------------------------

 NMR restraints: Bond =    0.401   Angle =     2.067   Torsion =     0.679
===============================================================================
| MC Barostat: Increasing size of volume moves

 NSTEP =     1000   TIME(PS) =       2.000  TEMP(K) =   280.75  PRESS =     0.0
 Etot   =    -25174.3167  EKtot   =      5189.0215  EPtot      =    -30363.3382
 BOND   =        50.8721  ANGLE   =       114.5238  DIHED      =       131.7773
 1-4 NB =        72.1997  1-4 EEL =        61.1224  VDWAALS    =      4679.2996
 EELEC  =    -35477.7362  EHBOND  =         0.0000  RESTRAINT  =         4.6032
 EAMBER (non-restraint)  =    -30367.9414
 EKCMT  =         0.0000  VIRIAL  =         0.0000  VOLUME     =    121240.2065
                                                    Density    =         0.7800
 ------------------------------------------------------------------------------

 NMR restraints: Bond =    0.071   Angle =     1.911   Torsion =     0.479
===============================================================================

 NSTEP =     1500   TIME(PS) =       3.000  TEMP(K) =   290.81  PRESS =     0.0
 Etot   =    -24766.0552  EKtot   =      5374.9565  EPtot      =    -30141.0118
 BOND   =        57.9477  ANGLE   =       103.5903  DIHED      =       132.5495
 1-4 NB =        76.4801  1-4 EEL =        64.6564  VDWAALS    =      4230.6450
 EELEC  =    -34812.5876  EHBOND  =         0.0000  RESTRAINT  =         5.7067
 EAMBER (non-restraint)  =    -30146.7185
 EKCMT  =         0.0000  VIRIAL  =         0.0000  VOLUME     =    120183.9366
                                                    Density    =         0.7869
 ------------------------------------------------------------------------------

 NMR restraints: Bond =    0.107   Angle =     2.785   Torsion =     0.230
===============================================================================

 NSTEP =     2000   TIME(PS) =       4.000  TEMP(K) =   290.52  PRESS =     0.0
 Etot   =    -24829.2008  EKtot   =      5369.6821  EPtot      =    -30198.8829
 BOND   =        58.7800  ANGLE   =        98.1487  DIHED      =       136.1354
 1-4 NB =        78.7090  1-4 EEL =        63.5794  VDWAALS    =      4483.5585
 EELEC  =    -35123.1252  EHBOND  =         0.0000  RESTRAINT  =         5.3313
 EAMBER (non-restraint)  =    -30204.2142
 EKCMT  =         0.0000  VIRIAL  =         0.0000  VOLUME     =    117155.3206
                                                    Density    =         0.8072
 ------------------------------------------------------------------------------

 NMR restraints: Bond =    0.153   Angle =     2.557   Torsion =     0.242
===============================================================================

 NSTEP =     2500   TIME(PS) =       5.000  TEMP(K) =   295.04  PRESS =     0.0
 Etot   =    -24757.6247  EKtot   =      5453.2080  EPtot      =    -30210.8327
 BOND   =        49.5030  ANGLE   =       103.5002  DIHED      =       130.1981
 1-4 NB =        76.0110  1-4 EEL =        66.8069  VDWAALS    =      4149.1331
 EELEC  =    -34790.1574  EHBOND  =         0.0000  RESTRAINT  =         4.1724
 EAMBER (non-restraint)  =    -30215.0051
 EKCMT  =         0.0000  VIRIAL  =         0.0000  VOLUME     =    115095.8953
                                                    Density    =         0.8216
 ------------------------------------------------------------------------------

 NMR restraints: Bond =    0.272   Angle =     0.917   Torsion =     0.083
===============================================================================

 NSTEP =     3000   TIME(PS) =       6.000  TEMP(K) =   296.42  PRESS =     0.0
 Etot   =    -24830.1677  EKtot   =      5478.6616  EPtot      =    -30308.8293
 BOND   =        54.4588  ANGLE   =       106.4025  DIHED      =       131.5706
 1-4 NB =        74.3927  1-4 EEL =        64.3698  VDWAALS    =      4251.6743
 EELEC  =    -34999.3044  EHBOND  =         0.0000  RESTRAINT  =         7.6064
 EAMBER (non-restraint)  =    -30316.4357
 EKCMT  =         0.0000  VIRIAL  =         0.0000  VOLUME     =    113993.5116
                                                    Density    =         0.8296
 ------------------------------------------------------------------------------

 NMR restraints: Bond =    3.193   Angle =     1.647   Torsion =     0.576
===============================================================================

 NSTEP =     3500   TIME(PS) =       7.000  TEMP(K) =   296.73  PRESS =     0.0
 Etot   =    -24871.9002  EKtot   =      5484.4146  EPtot      =    -30356.3148
 BOND   =        49.1484  ANGLE   =       111.9669  DIHED      =       128.7410
 1-4 NB =        75.0413  1-4 EEL =        61.8130  VDWAALS    =      4177.4223
 EELEC  =    -34965.0282  EHBOND  =         0.0000  RESTRAINT  =         4.5806
 EAMBER (non-restraint)  =    -30360.8954
 EKCMT  =         0.0000  VIRIAL  =         0.0000  VOLUME     =    113993.5116
                                                    Density    =         0.8296
 ------------------------------------------------------------------------------

 NMR restraints: Bond =    0.101   Angle =     1.786   Torsion =     0.301
===============================================================================

 NSTEP =     4000   TIME(PS) =       8.000  TEMP(K) =   296.31  PRESS =     0.0
 Etot   =    -24962.0907  EKtot   =      5476.6978  EPtot      =    -30438.7884
 BOND   =        66.0416  ANGLE   =        99.2419  DIHED      =       133.9733
 1-4 NB =        78.2265  1-4 EEL =        63.5539  VDWAALS    =      4379.1944
 EELEC  =    -35263.8471  EHBOND  =         0.0000  RESTRAINT  =         4.8271
 EAMBER (non-restraint)  =    -30443.6155
 EKCMT  =         0.0000  VIRIAL  =         0.0000  VOLUME     =    111792.8174
                                                    Density    =         0.8459
 ------------------------------------------------------------------------------

 NMR restraints: Bond =    0.374   Angle =     1.719   Torsion =     0.968
===============================================================================

 NSTEP =     4500   TIME(PS) =       9.000  TEMP(K) =   292.86  PRESS =     0.0
 Etot   =    -24991.4014  EKtot   =      5412.9253  EPtot      =    -30404.3267
 BOND   =        60.0954  ANGLE   =        94.2747  DIHED      =       146.8893
 1-4 NB =        79.5754  1-4 EEL =        62.2683  VDWAALS    =      4548.5133
 EELEC  =    -35402.8131  EHBOND  =         0.0000  RESTRAINT  =         6.8701
 EAMBER (non-restraint)  =    -30411.1968
 EKCMT  =         0.0000  VIRIAL  =         0.0000  VOLUME     =    110384.5632
                                                    Density    =         0.8567
 ------------------------------------------------------------------------------

 NMR restraints: Bond =    0.192   Angle =     1.427   Torsion =     3.006
===============================================================================

 NSTEP =     5000   TIME(PS) =      10.000  TEMP(K) =   295.85  PRESS =     0.0
 Etot   =    -25072.6934  EKtot   =      5468.1772  EPtot      =    -30540.8706
 BOND   =        45.5175  ANGLE   =       111.7363  DIHED      =       134.8028
 1-4 NB =        77.6588  1-4 EEL =        65.6113  VDWAALS    =      4289.9168
 EELEC  =    -35271.0562  EHBOND  =         0.0000  RESTRAINT  =         4.9421
 EAMBER (non-restraint)  =    -30545.8127
 EKCMT  =         0.0000  VIRIAL  =         0.0000  VOLUME     =    109269.7883
                                                    Density    =         0.8655
 ------------------------------------------------------------------------------

 NMR restraints: Bond =    0.207   Angle =     1.025   Torsion =     1.134
===============================================================================

 NSTEP =     5500   TIME(PS) =      11.000  TEMP(K) =   293.84  PRESS =     0.0
 Etot   =    -25002.7497  EKtot   =      5430.9727  EPtot      =    -30433.7224
 BOND   =        48.2219  ANGLE   =       109.0973  DIHED      =       131.5613
 1-4 NB =        71.8992  1-4 EEL =        65.2446  VDWAALS    =      4172.8788
 EELEC  =    -35039.5855  EHBOND  =         0.0000  RESTRAINT  =         6.9600
 EAMBER (non-restraint)  =    -30440.6824
 EKCMT  =         0.0000  VIRIAL  =         0.0000  VOLUME     =    108196.0437
                                                    Density    =         0.8740
 ------------------------------------------------------------------------------

 NMR restraints: Bond =    0.727   Angle =     2.882   Torsion =     1.750
===============================================================================

 NSTEP =     6000   TIME(PS) =      12.000  TEMP(K) =   299.62  PRESS =     0.0
 Etot   =    -24896.6042  EKtot   =      5537.9238  EPtot      =    -30434.5281
 BOND   =        56.8335  ANGLE   =       110.7990  DIHED      =       128.2676
 1-4 NB =        73.4211  1-4 EEL =        64.5662  VDWAALS    =      4116.5375
 EELEC  =    -34994.2636  EHBOND  =         0.0000  RESTRAINT  =         9.3106
 EAMBER (non-restraint)  =    -30443.8387
 EKCMT  =         0.0000  VIRIAL  =         0.0000  VOLUME     =    108213.8736
                                                    Density    =         0.8739
 ------------------------------------------------------------------------------

 NMR restraints: Bond =    1.275   Angle =     2.847   Torsion =     1.171
===============================================================================

 NSTEP =     6500   TIME(PS) =      13.000  TEMP(K) =   298.23  PRESS =     0.0
 Etot   =    -24839.9344  EKtot   =      5512.1196  EPtot      =    -30352.0541
 BOND   =        55.2187  ANGLE   =       117.2996  DIHED      =       128.4303
 1-4 NB =        74.8462  1-4 EEL =        61.1693  VDWAALS    =      4247.2280
 EELEC  =    -35039.8362  EHBOND  =         0.0000  RESTRAINT  =         3.5901
 EAMBER (non-restraint)  =    -30355.6442
 EKCMT  =         0.0000  VIRIAL  =         0.0000  VOLUME     =    105621.9046
                                                    Density    =         0.8953
 ------------------------------------------------------------------------------

 NMR restraints: Bond =    0.326   Angle =     1.606   Torsion =     0.491
===============================================================================

 NSTEP =     7000   TIME(PS) =      14.000  TEMP(K) =   298.75  PRESS =     0.0
 Etot   =    -24864.4244  EKtot   =      5521.7969  EPtot      =    -30386.2213
 BOND   =        58.0530  ANGLE   =       105.5355  DIHED      =       121.7699
 1-4 NB =        72.2974  1-4 EEL =        63.4853  VDWAALS    =      4171.9106
 EELEC  =    -34982.1543  EHBOND  =         0.0000  RESTRAINT  =         2.8813
 EAMBER (non-restraint)  =    -30389.1026
 EKCMT  =         0.0000  VIRIAL  =         0.0000  VOLUME     =    105080.1235
                                                    Density    =         0.9000
 ------------------------------------------------------------------------------

 NMR restraints: Bond =    0.153   Angle =     0.930   Torsion =     0.712
===============================================================================
