
          -------------------------------------------------------
          Amber 18 PMEMD                              2018
          -------------------------------------------------------

| PMEMD implementation of SANDER, Release 18

| Run on 05/02/2018 at 11:33:44

|   Executable path: pmemd.cuda
| Working directory: /oasis/tscc/scratch/davids4/SAMPLing-cut9/11499479.tscc-mgr.local
|          Hostname: tscc-gpu-9-3.sdsc.edu

  [-O]verwriting output

File Assignments:
|   MDIN: equil.000.in                                                          
|  MDOUT: equil.000.out                                                         
| INPCRD: minimize.rst7                                                         
|   PARM: solvate.prmtop                                                        
| RESTRT: equil.000.rst7                                                        
|   REFC: solvate.rst7                                                          
|  MDVEL: mdvel                                                                 
|   MDEN: equil.000.mden                                                        
|  MDCRD: equil.000.nc                                                          
| MDINFO: equil.000.mdinfo                                                      
|  MDFRC: mdfrc                                                                 


 Here is the input file:

PBC MD Simulation                                                              
 &cntrl                                                                        
  imin =          0,                                                           
  ntx =           1,                                                           
  irest =         0,                                                           
  maxcyc =        0,                                                           
  ncyc =          0,                                                           
  dt =            0.002,                                                       
  nstlim =        500000,                                                      
  ntpr =          500,                                                         
  ntwe =          500,                                                         
  ntwr =          250,                                                         
  ntwx =          250,                                                         
  ntxo =          1,                                                           
  ioutfm =        1,                                                           
  ntf =           2,                                                           
  ntc =           2,                                                           
  cut =           9.0,                                                         
  igb =           0,                                                           
  tempi =         298.15,                                                      
  temp0 =         298.15,                                                      
  ntt =           3,                                                           
  gamma_ln =      1.0,                                                         
  ig =            -1,                                                          
  ntp =           1,                                                           
  barostat =      2,                                                           
  ntr =           1,                                                           
  restraint_wt =  50.0,                                                        
  restraintmask = '@DUM',                                                      
  nmropt =        1,                                                           
  pencut =        -1,                                                          
  ntwprt =        206,                                                         
 /                                                                             
 &wt type = 'END', /                                                           
DISANG = disang.rest                                                           
LISTOUT = POUT                                                                 
                                                                               


Note: ig = -1. Setting random seed to   709378 based on wallclock time in 
      microseconds.
| irandom = 1, using AMBER's internal random number generator (default).
 
|--------------------- INFORMATION ----------------------
| GPU (CUDA) Version of PMEMD in use: NVIDIA GPU IN USE.
|                    Version 18.0.0
| 
|                      03/25/2018
| 
| Implementation by:
|                    Ross C. Walker     (SDSC)
|                    Scott Le Grand     (nVIDIA)
| 
| Version 18 performance extensions by:
|                    David Cerutti     (Rutgers)
| 
| Precision model in use:
|      [SPFP] - Single Precision Forces, 64-bit Fixed Point
|               Accumulation. (Default)
| 
|--------------------------------------------------------
 
|----------------- CITATION INFORMATION -----------------
|
|    When publishing work that utilized the CUDA version
|    of AMBER, please cite the following in addition to
|    the regular AMBER citations:
|
|  - Romelia Salomon-Ferrer; Andreas W. Goetz; Duncan
|    Poole; Scott Le Grand; Ross C. Walker "Routine
|    microsecond molecular dynamics simulations with
|    AMBER - Part II: Particle Mesh Ewald", J. Chem.
|    Theory Comput., 2013, 9 (9), pp3878-3888,
|    DOI: 10.1021/ct400314y.
|
|  - Andreas W. Goetz; Mark J. Williamson; Dong Xu;
|    Duncan Poole; Scott Le Grand; Ross C. Walker
|    "Routine microsecond molecular dynamics simulations
|    with AMBER - Part I: Generalized Born", J. Chem.
|    Theory Comput., 2012, 8 (5), pp1542-1555.
|
|  - Scott Le Grand; Andreas W. Goetz; Ross C. Walker
|    "SPFP: Speed without compromise - a mixed precision
|    model for GPU accelerated molecular dynamics
|    simulations.", Comp. Phys. Comm., 2013, 184
|    pp374-380, DOI: 10.1016/j.cpc.2012.09.022
|
|--------------------------------------------------------
 
|------------------- GPU DEVICE INFO --------------------
|
|            CUDA_VISIBLE_DEVICES: 2
|   CUDA Capable Devices Detected:      1
|           CUDA Device ID in use:      0
|                CUDA Device Name: GeForce GTX TITAN X
|     CUDA Device Global Mem Size:  12207 MB
| CUDA Device Num Multiprocessors:     24
|           CUDA Device Core Freq:   1.08 GHz
|
|--------------------------------------------------------
 
 
| Conditional Compilation Defines Used:
| PUBFFT
| BINTRAJ
| CUDA
| EMIL

| Largest sphere to fit in unit cell has radius =    22.338

| New format PARM file being parsed.
| Version =    1.000 Date = 04/23/18 Time = 20:17:01

| Note: 1-4 EEL scale factors are being read from the topology file.

| Note: 1-4 VDW scale factors are being read from the topology file.
| Duplicated    0 dihedrals

| Duplicated    0 dihedrals

--------------------------------------------------------------------------------
   1.  RESOURCE   USE: 
--------------------------------------------------------------------------------

 getting new box info from bottom of inpcrd
 NATOM  =    9223 NTYPES =      11 NBONH =    9067 MBONA  =     155
 NTHETH =     153 MTHETA =     232 NPHIH =     345 MPHIA  =     366
 NHPARM =       0 NPARM  =       0 NNB   =   13221 NRES   =    3022
 NBONA  =     155 NTHETA =     232 NPHIA =     366 NUMBND =      13
 NUMANG =      22 NPTRA  =      15 NATYP =      13 NPHB   =       0
 IFBOX  =       1 NMXRS  =     184 IFCAP =       0 NEXTRA =       0
 NCOPY  =       0

| Coordinate Index Table dimensions:     8    9   12
| Direct force subcell size =     5.5844    5.1077    5.0124

     BOX TYPE: RECTILINEAR

--------------------------------------------------------------------------------
   2.  CONTROL  DATA  FOR  THE  RUN
--------------------------------------------------------------------------------

default_name                                                                    

General flags:
     imin    =       0, nmropt  =       1

Nature and format of input:
     ntx     =       1, irest   =       0, ntrx    =       1

Nature and format of output:
     ntxo    =       1, ntpr    =     500, ntrx    =       1, ntwr    =     250
     iwrap   =       0, ntwx    =     250, ntwv    =       0, ntwe    =     500
     ioutfm  =       1, ntwprt  =     206, idecomp =       0, rbornstat=      0

Potential function:
     ntf     =       2, ntb     =       2, igb     =       0, nsnb    =      25
     ipol    =       0, gbsa    =       0, iesp    =       0
     dielc   =   1.00000, cut     =   9.00000, intdiel =   1.00000

Frozen or restrained atoms:
     ibelly  =       0, ntr     =       1
     restraint_wt =  50.00000

Molecular dynamics:
     nstlim  =    500000, nscm    =         0, nrespa  =         1
     t       =   0.00000, dt      =   0.00200, vlimit  =  -1.00000

Langevin dynamics temperature regulation:
     ig      =  709378
     temp0   = 298.15000, tempi   = 298.15000, gamma_ln=   1.00000

Pressure regulation:
     ntp     =       1
     pres0   =   1.00000, comp    =  44.60000, taup    =   1.00000
     Monte-Carlo Barostat:
     mcbarint  =     100

SHAKE:
     ntc     =       2, jfastw  =       0
     tol     =   0.00001

NMR refinement options:
     iscale  =       0, noeskp  =       1, ipnlty  =       1, mxsub   =       1
     scalm   = 100.00000, pencut  =  -1.00000, tausw   =   0.10000

| Intermolecular bonds treatment:
|     no_intermolecular_bonds =       1

| Energy averages sample interval:
|     ene_avg_sampling =     500

Ewald parameters:
     verbose =       0, ew_type =       0, nbflag  =       1, use_pme =       1
     vdwmeth =       1, eedmeth =       1, netfrc  =       1
     Box X =   44.675   Box Y =   45.969   Box Z =   60.149
     Alpha =   90.000   Beta  =   90.000   Gamma =   90.000
     NFFT1 =   48       NFFT2 =   48       NFFT3 =   64
     Cutoff=    9.000   Tol   =0.100E-04
     Ewald Coefficient =  0.30768
     Interpolation order =    4

    LOADING THE CONSTRAINED ATOMS AS GROUPS


   5.  REFERENCE ATOM COORDINATES

  default_name                                                                    
     Mask @DUM; matches     3 atoms
| MONTE CARLO BAROSTAT IMPORTANT NOTE:
|   The Monte-Carlo barostat does not require the virial to adjust the system volume.
|   Since it is an expensive calculation, it is skipped for efficiency. A side-effect
|   is that the reported pressure is always 0 because it is not calculated.

--------------------------------------------------------------------------------
   3.  ATOMIC COORDINATES AND VELOCITIES
--------------------------------------------------------------------------------

default_name                                                                    
 begin time read from input coords =     0.000 ps



           Begin reading energy term weight changes/NMR restraints
 WEIGHT CHANGES:
                         ** No weight changes given **

 RESTRAINTS:
 Requested file redirections:
  DISANG    = disang.rest
  LISTOUT   = POUT
 Restraints will be read from file: disang.rest
Here are comments from the DISANG input file:

                       Number of restraints read =     9

                  Done reading weight changes/NMR restraints


 
 Number of triangulated 3-point waters found:     3000

     Sum of charges from parm topology file =   0.00000002
     Forcing neutrality...

| Dynamic Memory, Types Used:
| Reals              528921
| Integers           284277

| Nonbonded Pairs Initial Allocation:     2102844

| GPU memory information (estimate):
| KB of GPU memory in use:         0
| KB of CPU memory in use:         0

--------------------------------------------------------------------------------
   4.  RESULTS
--------------------------------------------------------------------------------


 NSTEP =        0   TIME(PS) =       0.000  TEMP(K) =   445.05  PRESS =     0.0
 Etot   =    -30630.9584  EKtot   =      8225.7872  EPtot      =    -38856.7456
 BOND   =        16.2263  ANGLE   =        56.0491  DIHED      =       106.7439
 1-4 NB =        68.4564  1-4 EEL =        61.5432  VDWAALS    =      6154.8457
 EELEC  =    -45321.1471  EHBOND  =         0.0000  RESTRAINT  =         0.5369
 EAMBER (non-restraint)  =    -38857.2824
 EKCMT  =         0.0000  VIRIAL  =         0.0000  VOLUME     =    123527.0761
                                                    Density    =         0.7656
 ------------------------------------------------------------------------------

 NMR restraints: Bond =    0.040   Angle =     0.480   Torsion =     0.009
===============================================================================

 NSTEP =      500   TIME(PS) =       1.000  TEMP(K) =   264.69  PRESS =     0.0
 Etot   =    -25930.1910  EKtot   =      4892.1870  EPtot      =    -30822.3780
 BOND   =        41.6704  ANGLE   =       101.7659  DIHED      =       135.4665
 1-4 NB =        76.2129  1-4 EEL =        62.9412  VDWAALS    =      4712.5933
 EELEC  =    -35956.9018  EHBOND  =         0.0000  RESTRAINT  =         3.8735
 EAMBER (non-restraint)  =    -30826.2515
 EKCMT  =         0.0000  VIRIAL  =         0.0000  VOLUME     =    121800.3177
                                                    Density    =         0.7764
 ------------------------------------------------------------------------------

 NMR restraints: Bond =    0.283   Angle =     0.204   Torsion =     0.113
===============================================================================

 NSTEP =     1000   TIME(PS) =       2.000  TEMP(K) =   281.31  PRESS =     0.0
 Etot   =    -25138.5984  EKtot   =      5199.4180  EPtot      =    -30338.0164
 BOND   =        52.0626  ANGLE   =       109.9427  DIHED      =       139.3398
 1-4 NB =        75.6818  1-4 EEL =        64.9618  VDWAALS    =      4233.9995
 EELEC  =    -35017.8841  EHBOND  =         0.0000  RESTRAINT  =         3.8795
 EAMBER (non-restraint)  =    -30341.8959
 EKCMT  =         0.0000  VIRIAL  =         0.0000  VOLUME     =    121119.7139
                                                    Density    =         0.7808
 ------------------------------------------------------------------------------

 NMR restraints: Bond =    0.477   Angle =     1.073   Torsion =     0.165
===============================================================================

 NSTEP =     1500   TIME(PS) =       3.000  TEMP(K) =   288.61  PRESS =     0.0
 Etot   =    -24851.4018  EKtot   =      5334.4092  EPtot      =    -30185.8110
 BOND   =        51.7622  ANGLE   =       106.7016  DIHED      =       144.4904
 1-4 NB =        79.9323  1-4 EEL =        61.5917  VDWAALS    =      4393.7681
 EELEC  =    -35029.2496  EHBOND  =         0.0000  RESTRAINT  =         5.1923
 EAMBER (non-restraint)  =    -30191.0033
 EKCMT  =         0.0000  VIRIAL  =         0.0000  VOLUME     =    118838.3234
                                                    Density    =         0.7958
 ------------------------------------------------------------------------------

 NMR restraints: Bond =    0.098   Angle =     0.281   Torsion =     2.445
===============================================================================

 NSTEP =     2000   TIME(PS) =       4.000  TEMP(K) =   297.44  PRESS =     0.0
 Etot   =    -24549.0668  EKtot   =      5497.5435  EPtot      =    -30046.6103
 BOND   =        54.1538  ANGLE   =       110.5522  DIHED      =       127.8043
 1-4 NB =        73.7667  1-4 EEL =        64.9251  VDWAALS    =      4177.4083
 EELEC  =    -34658.1285  EHBOND  =         0.0000  RESTRAINT  =         2.9079
 EAMBER (non-restraint)  =    -30049.5181
 EKCMT  =         0.0000  VIRIAL  =         0.0000  VOLUME     =    118159.8436
                                                    Density    =         0.8003
 ------------------------------------------------------------------------------

 NMR restraints: Bond =    0.112   Angle =     0.198   Torsion =     0.370
===============================================================================

 NSTEP =     2500   TIME(PS) =       5.000  TEMP(K) =   294.78  PRESS =     0.0
 Etot   =    -24714.1529  EKtot   =      5448.3906  EPtot      =    -30162.5435
 BOND   =        56.6577  ANGLE   =        99.9125  DIHED      =       129.9915
 1-4 NB =        72.4222  1-4 EEL =        61.9755  VDWAALS    =      3982.0588
 EELEC  =    -34571.2197  EHBOND  =         0.0000  RESTRAINT  =         5.6581
 EAMBER (non-restraint)  =    -30168.2016
 EKCMT  =         0.0000  VIRIAL  =         0.0000  VOLUME     =    117661.1824
                                                    Density    =         0.8037
 ------------------------------------------------------------------------------

 NMR restraints: Bond =    0.131   Angle =     0.739   Torsion =     1.122
===============================================================================

 NSTEP =     3000   TIME(PS) =       6.000  TEMP(K) =   297.08  PRESS =     0.0
 Etot   =    -24698.8066  EKtot   =      5490.9463  EPtot      =    -30189.7528
 BOND   =        56.0850  ANGLE   =       119.7067  DIHED      =       137.4942
 1-4 NB =        76.1178  1-4 EEL =        61.4207  VDWAALS    =      4151.4627
 EELEC  =    -34794.6358  EHBOND  =         0.0000  RESTRAINT  =         2.5959
 EAMBER (non-restraint)  =    -30192.3487
 EKCMT  =         0.0000  VIRIAL  =         0.0000  VOLUME     =    116083.2243
                                                    Density    =         0.8147
 ------------------------------------------------------------------------------

 NMR restraints: Bond =    0.130   Angle =     0.371   Torsion =     0.739
===============================================================================

 NSTEP =     3500   TIME(PS) =       7.000  TEMP(K) =   296.40  PRESS =     0.0
 Etot   =    -24922.7435  EKtot   =      5478.4077  EPtot      =    -30401.1512
 BOND   =        58.4558  ANGLE   =       117.6684  DIHED      =       136.3581
 1-4 NB =        74.9955  1-4 EEL =        62.6113  VDWAALS    =      4260.6114
 EELEC  =    -35117.8783  EHBOND  =         0.0000  RESTRAINT  =         6.0266
 EAMBER (non-restraint)  =    -30407.1779
 EKCMT  =         0.0000  VIRIAL  =         0.0000  VOLUME     =    115106.2070
                                                    Density    =         0.8216
 ------------------------------------------------------------------------------

 NMR restraints: Bond =    0.459   Angle =     0.328   Torsion =     0.881
===============================================================================

 NSTEP =     4000   TIME(PS) =       8.000  TEMP(K) =   300.72  PRESS =     0.0
 Etot   =    -24908.1904  EKtot   =      5558.2539  EPtot      =    -30466.4443
 BOND   =        50.7442  ANGLE   =       105.3817  DIHED      =       125.1038
 1-4 NB =        75.7077  1-4 EEL =        62.5990  VDWAALS    =      4335.9150
 EELEC  =    -35226.8827  EHBOND  =         0.0000  RESTRAINT  =         4.9870
 EAMBER (non-restraint)  =    -30471.4313
 EKCMT  =         0.0000  VIRIAL  =         0.0000  VOLUME     =    112437.8320
                                                    Density    =         0.8411
 ------------------------------------------------------------------------------

 NMR restraints: Bond =    0.404   Angle =     0.908   Torsion =     0.926
===============================================================================

 NSTEP =     4500   TIME(PS) =       9.000  TEMP(K) =   299.57  PRESS =     0.0
 Etot   =    -24883.3526  EKtot   =      5536.8887  EPtot      =    -30420.2413
 BOND   =        55.4994  ANGLE   =       121.3437  DIHED      =       124.4337
 1-4 NB =        77.0172  1-4 EEL =        63.4259  VDWAALS    =      4160.1644
 EELEC  =    -35029.0865  EHBOND  =         0.0000  RESTRAINT  =         6.9609
 EAMBER (non-restraint)  =    -30427.2022
 EKCMT  =         0.0000  VIRIAL  =         0.0000  VOLUME     =    111441.1434
                                                    Density    =         0.8486
 ------------------------------------------------------------------------------

 NMR restraints: Bond =    2.114   Angle =     1.242   Torsion =     1.745
===============================================================================

 NSTEP =     5000   TIME(PS) =      10.000  TEMP(K) =   299.55  PRESS =     0.0
 Etot   =    -24876.7848  EKtot   =      5536.5435  EPtot      =    -30413.3283
 BOND   =        56.0552  ANGLE   =       113.7017  DIHED      =       135.9757
 1-4 NB =        76.8389  1-4 EEL =        62.6718  VDWAALS    =      3957.2626
 EELEC  =    -34821.1103  EHBOND  =         0.0000  RESTRAINT  =         5.2760
 EAMBER (non-restraint)  =    -30418.6043
 EKCMT  =         0.0000  VIRIAL  =         0.0000  VOLUME     =    110613.9211
                                                    Density    =         0.8549
 ------------------------------------------------------------------------------

 NMR restraints: Bond =    1.147   Angle =     0.679   Torsion =     0.467
===============================================================================

 NSTEP =     5500   TIME(PS) =      11.000  TEMP(K) =   298.85  PRESS =     0.0
 Etot   =    -24827.8182  EKtot   =      5523.5317  EPtot      =    -30351.3499
 BOND   =        54.8654  ANGLE   =       107.7110  DIHED      =       123.4184
 1-4 NB =        75.2718  1-4 EEL =        63.4362  VDWAALS    =      4413.0941
 EELEC  =    -35194.5906  EHBOND  =         0.0000  RESTRAINT  =         5.4438
 EAMBER (non-restraint)  =    -30356.7937
 EKCMT  =         0.0000  VIRIAL  =         0.0000  VOLUME     =    108777.2122
                                                    Density    =         0.8694
 ------------------------------------------------------------------------------

 NMR restraints: Bond =    0.784   Angle =     0.566   Torsion =     1.118
===============================================================================

 NSTEP =     6000   TIME(PS) =      12.000  TEMP(K) =   300.18  PRESS =     0.0
 Etot   =    -24814.4734  EKtot   =      5548.2285  EPtot      =    -30362.7019
 BOND   =        56.7206  ANGLE   =       113.0284  DIHED      =       130.2779
 1-4 NB =        81.0493  1-4 EEL =        59.5685  VDWAALS    =      4220.1842
 EELEC  =    -35028.5773  EHBOND  =         0.0000  RESTRAINT  =         5.0466
 EAMBER (non-restraint)  =    -30367.7484
 EKCMT  =         0.0000  VIRIAL  =         0.0000  VOLUME     =    108456.8191
                                                    Density    =         0.8719
 ------------------------------------------------------------------------------

 NMR restraints: Bond =    2.024   Angle =     0.326   Torsion =     0.121
===============================================================================

 NSTEP =     6500   TIME(PS) =      13.000  TEMP(K) =   300.02  PRESS =     0.0
 Etot   =    -24964.8311  EKtot   =      5545.1387  EPtot      =    -30509.9698
 BOND   =        49.6279  ANGLE   =       111.6897  DIHED      =       130.6886
 1-4 NB =        77.7344  1-4 EEL =        65.7292  VDWAALS    =      4169.6752
 EELEC  =    -35119.4449  EHBOND  =         0.0000  RESTRAINT  =         4.3301
 EAMBER (non-restraint)  =    -30514.2998
 EKCMT  =         0.0000  VIRIAL  =         0.0000  VOLUME     =    105998.0663
                                                    Density    =         0.8922
 ------------------------------------------------------------------------------

 NMR restraints: Bond =    0.021   Angle =     1.193   Torsion =     0.864
===============================================================================

 NSTEP =     7000   TIME(PS) =      14.000  TEMP(K) =   299.90  PRESS =     0.0
 Etot   =    -25026.6377  EKtot   =      5543.0029  EPtot      =    -30569.6406
 BOND   =        43.8450  ANGLE   =        99.7020  DIHED      =       130.2873
 1-4 NB =        73.4008  1-4 EEL =        59.6019  VDWAALS    =      4237.8051
 EELEC  =    -35219.1300  EHBOND  =         0.0000  RESTRAINT  =         4.8473
 EAMBER (non-restraint)  =    -30574.4879
 EKCMT  =         0.0000  VIRIAL  =         0.0000  VOLUME     =    105309.3992
                                                    Density    =         0.8980
 ------------------------------------------------------------------------------

 NMR restraints: Bond =    0.714   Angle =     0.240   Torsion =     1.166
===============================================================================
