
          -------------------------------------------------------
          Amber 18 PMEMD                              2018
          -------------------------------------------------------

| PMEMD implementation of SANDER, Release 18

| Run on 05/02/2018 at 11:37:39

|   Executable path: pmemd.cuda
| Working directory: /oasis/tscc/scratch/davids4/SAMPLing-cut9/11499497.tscc-mgr.local
|          Hostname: tscc-gpu-9-6.sdsc.edu

  [-O]verwriting output

File Assignments:
|   MDIN: equil.000.in                                                          
|  MDOUT: equil.000.out                                                         
| INPCRD: minimize.rst7                                                         
|   PARM: solvate.prmtop                                                        
| RESTRT: equil.000.rst7                                                        
|   REFC: solvate.rst7                                                          
|  MDVEL: mdvel                                                                 
|   MDEN: equil.000.mden                                                        
|  MDCRD: equil.000.nc                                                          
| MDINFO: equil.000.mdinfo                                                      
|  MDFRC: mdfrc                                                                 


 Here is the input file:

PBC MD Simulation                                                              
 &cntrl                                                                        
  imin =          0,                                                           
  ntx =           1,                                                           
  irest =         0,                                                           
  maxcyc =        0,                                                           
  ncyc =          0,                                                           
  dt =            0.002,                                                       
  nstlim =        500000,                                                      
  ntpr =          500,                                                         
  ntwe =          500,                                                         
  ntwr =          250,                                                         
  ntwx =          250,                                                         
  ntxo =          1,                                                           
  ioutfm =        1,                                                           
  ntf =           2,                                                           
  ntc =           2,                                                           
  cut =           9.0,                                                         
  igb =           0,                                                           
  tempi =         298.15,                                                      
  temp0 =         298.15,                                                      
  ntt =           3,                                                           
  gamma_ln =      1.0,                                                         
  ig =            -1,                                                          
  ntp =           1,                                                           
  barostat =      2,                                                           
  ntr =           1,                                                           
  restraint_wt =  50.0,                                                        
  restraintmask = '@DUM',                                                      
  nmropt =        1,                                                           
  pencut =        -1,                                                          
  ntwprt =        206,                                                         
 /                                                                             
 &wt type = 'END', /                                                           
DISANG = disang.rest                                                           
LISTOUT = POUT                                                                 
                                                                               


Note: ig = -1. Setting random seed to   859516 based on wallclock time in 
      microseconds.
| irandom = 1, using AMBER's internal random number generator (default).
 
|--------------------- INFORMATION ----------------------
| GPU (CUDA) Version of PMEMD in use: NVIDIA GPU IN USE.
|                    Version 18.0.0
| 
|                      03/25/2018
| 
| Implementation by:
|                    Ross C. Walker     (SDSC)
|                    Scott Le Grand     (nVIDIA)
| 
| Version 18 performance extensions by:
|                    David Cerutti     (Rutgers)
| 
| Precision model in use:
|      [SPFP] - Single Precision Forces, 64-bit Fixed Point
|               Accumulation. (Default)
| 
|--------------------------------------------------------
 
|----------------- CITATION INFORMATION -----------------
|
|    When publishing work that utilized the CUDA version
|    of AMBER, please cite the following in addition to
|    the regular AMBER citations:
|
|  - Romelia Salomon-Ferrer; Andreas W. Goetz; Duncan
|    Poole; Scott Le Grand; Ross C. Walker "Routine
|    microsecond molecular dynamics simulations with
|    AMBER - Part II: Particle Mesh Ewald", J. Chem.
|    Theory Comput., 2013, 9 (9), pp3878-3888,
|    DOI: 10.1021/ct400314y.
|
|  - Andreas W. Goetz; Mark J. Williamson; Dong Xu;
|    Duncan Poole; Scott Le Grand; Ross C. Walker
|    "Routine microsecond molecular dynamics simulations
|    with AMBER - Part I: Generalized Born", J. Chem.
|    Theory Comput., 2012, 8 (5), pp1542-1555.
|
|  - Scott Le Grand; Andreas W. Goetz; Ross C. Walker
|    "SPFP: Speed without compromise - a mixed precision
|    model for GPU accelerated molecular dynamics
|    simulations.", Comp. Phys. Comm., 2013, 184
|    pp374-380, DOI: 10.1016/j.cpc.2012.09.022
|
|--------------------------------------------------------
 
|------------------- GPU DEVICE INFO --------------------
|
|            CUDA_VISIBLE_DEVICES: 5
|   CUDA Capable Devices Detected:      1
|           CUDA Device ID in use:      0
|                CUDA Device Name: GeForce GTX TITAN X
|     CUDA Device Global Mem Size:  12207 MB
| CUDA Device Num Multiprocessors:     24
|           CUDA Device Core Freq:   1.08 GHz
|
|--------------------------------------------------------
 
 
| Conditional Compilation Defines Used:
| PUBFFT
| BINTRAJ
| CUDA
| EMIL

| Largest sphere to fit in unit cell has radius =    22.338

| New format PARM file being parsed.
| Version =    1.000 Date = 04/23/18 Time = 20:17:33

| Note: 1-4 EEL scale factors are being read from the topology file.

| Note: 1-4 VDW scale factors are being read from the topology file.
| Duplicated    0 dihedrals

| Duplicated    0 dihedrals

--------------------------------------------------------------------------------
   1.  RESOURCE   USE: 
--------------------------------------------------------------------------------

 getting new box info from bottom of inpcrd
 NATOM  =    9223 NTYPES =      11 NBONH =    9067 MBONA  =     155
 NTHETH =     153 MTHETA =     232 NPHIH =     345 MPHIA  =     366
 NHPARM =       0 NPARM  =       0 NNB   =   13221 NRES   =    3022
 NBONA  =     155 NTHETA =     232 NPHIA =     366 NUMBND =      13
 NUMANG =      22 NPTRA  =      15 NATYP =      13 NPHB   =       0
 IFBOX  =       1 NMXRS  =     184 IFCAP =       0 NEXTRA =       0
 NCOPY  =       0

| Coordinate Index Table dimensions:     8    9   12
| Direct force subcell size =     5.5844    5.1077    5.0124

     BOX TYPE: RECTILINEAR

--------------------------------------------------------------------------------
   2.  CONTROL  DATA  FOR  THE  RUN
--------------------------------------------------------------------------------

default_name                                                                    

General flags:
     imin    =       0, nmropt  =       1

Nature and format of input:
     ntx     =       1, irest   =       0, ntrx    =       1

Nature and format of output:
     ntxo    =       1, ntpr    =     500, ntrx    =       1, ntwr    =     250
     iwrap   =       0, ntwx    =     250, ntwv    =       0, ntwe    =     500
     ioutfm  =       1, ntwprt  =     206, idecomp =       0, rbornstat=      0

Potential function:
     ntf     =       2, ntb     =       2, igb     =       0, nsnb    =      25
     ipol    =       0, gbsa    =       0, iesp    =       0
     dielc   =   1.00000, cut     =   9.00000, intdiel =   1.00000

Frozen or restrained atoms:
     ibelly  =       0, ntr     =       1
     restraint_wt =  50.00000

Molecular dynamics:
     nstlim  =    500000, nscm    =         0, nrespa  =         1
     t       =   0.00000, dt      =   0.00200, vlimit  =  -1.00000

Langevin dynamics temperature regulation:
     ig      =  859516
     temp0   = 298.15000, tempi   = 298.15000, gamma_ln=   1.00000

Pressure regulation:
     ntp     =       1
     pres0   =   1.00000, comp    =  44.60000, taup    =   1.00000
     Monte-Carlo Barostat:
     mcbarint  =     100

SHAKE:
     ntc     =       2, jfastw  =       0
     tol     =   0.00001

NMR refinement options:
     iscale  =       0, noeskp  =       1, ipnlty  =       1, mxsub   =       1
     scalm   = 100.00000, pencut  =  -1.00000, tausw   =   0.10000

| Intermolecular bonds treatment:
|     no_intermolecular_bonds =       1

| Energy averages sample interval:
|     ene_avg_sampling =     500

Ewald parameters:
     verbose =       0, ew_type =       0, nbflag  =       1, use_pme =       1
     vdwmeth =       1, eedmeth =       1, netfrc  =       1
     Box X =   44.675   Box Y =   45.969   Box Z =   60.149
     Alpha =   90.000   Beta  =   90.000   Gamma =   90.000
     NFFT1 =   48       NFFT2 =   48       NFFT3 =   64
     Cutoff=    9.000   Tol   =0.100E-04
     Ewald Coefficient =  0.30768
     Interpolation order =    4

    LOADING THE CONSTRAINED ATOMS AS GROUPS


   5.  REFERENCE ATOM COORDINATES

  default_name                                                                    
     Mask @DUM; matches     3 atoms
| MONTE CARLO BAROSTAT IMPORTANT NOTE:
|   The Monte-Carlo barostat does not require the virial to adjust the system volume.
|   Since it is an expensive calculation, it is skipped for efficiency. A side-effect
|   is that the reported pressure is always 0 because it is not calculated.

--------------------------------------------------------------------------------
   3.  ATOMIC COORDINATES AND VELOCITIES
--------------------------------------------------------------------------------

default_name                                                                    
 begin time read from input coords =     0.000 ps



           Begin reading energy term weight changes/NMR restraints
 WEIGHT CHANGES:
                         ** No weight changes given **

 RESTRAINTS:
 Requested file redirections:
  DISANG    = disang.rest
  LISTOUT   = POUT
 Restraints will be read from file: disang.rest
Here are comments from the DISANG input file:

                       Number of restraints read =     9

                  Done reading weight changes/NMR restraints


 
 Number of triangulated 3-point waters found:     3000

     Sum of charges from parm topology file =   0.00000002
     Forcing neutrality...

| Dynamic Memory, Types Used:
| Reals              528921
| Integers           284277

| Nonbonded Pairs Initial Allocation:     2102844

| GPU memory information (estimate):
| KB of GPU memory in use:         0
| KB of CPU memory in use:         0

--------------------------------------------------------------------------------
   4.  RESULTS
--------------------------------------------------------------------------------


 NSTEP =        0   TIME(PS) =       0.000  TEMP(K) =   437.40  PRESS =     0.0
 Etot   =    -30886.7538  EKtot   =      8084.4179  EPtot      =    -38971.1717
 BOND   =        18.3202  ANGLE   =        55.8737  DIHED      =       106.5846
 1-4 NB =        66.0627  1-4 EEL =        58.9089  VDWAALS    =      6131.4839
 EELEC  =    -45415.6151  EHBOND  =         0.0000  RESTRAINT  =         7.2094
 EAMBER (non-restraint)  =    -38978.3810
 EKCMT  =         0.0000  VIRIAL  =         0.0000  VOLUME     =    123527.0761
                                                    Density    =         0.7656
 ------------------------------------------------------------------------------

 NMR restraints: Bond =    0.205   Angle =     6.844   Torsion =     0.080
===============================================================================

 NSTEP =      500   TIME(PS) =       1.000  TEMP(K) =   266.59  PRESS =     0.0
 Etot   =    -25877.2509  EKtot   =      4927.2754  EPtot      =    -30804.5263
 BOND   =        46.4668  ANGLE   =        97.6306  DIHED      =       125.3443
 1-4 NB =        71.5832  1-4 EEL =        62.5020  VDWAALS    =      4877.4997
 EELEC  =    -36089.9090  EHBOND  =         0.0000  RESTRAINT  =         4.3562
 EAMBER (non-restraint)  =    -30808.8824
 EKCMT  =         0.0000  VIRIAL  =         0.0000  VOLUME     =    121443.4914
                                                    Density    =         0.7787
 ------------------------------------------------------------------------------

 NMR restraints: Bond =    0.796   Angle =     1.020   Torsion =     1.038
===============================================================================

 NSTEP =     1000   TIME(PS) =       2.000  TEMP(K) =   282.03  PRESS =     0.0
 Etot   =    -25061.7821  EKtot   =      5212.7178  EPtot      =    -30274.4999
 BOND   =        49.1512  ANGLE   =       113.6455  DIHED      =       130.5538
 1-4 NB =        80.3914  1-4 EEL =        61.8956  VDWAALS    =      4123.8800
 EELEC  =    -34838.4514  EHBOND  =         0.0000  RESTRAINT  =         4.4338
 EAMBER (non-restraint)  =    -30278.9337
 EKCMT  =         0.0000  VIRIAL  =         0.0000  VOLUME     =    120485.3222
                                                    Density    =         0.7849
 ------------------------------------------------------------------------------

 NMR restraints: Bond =    0.004   Angle =     1.652   Torsion =     0.897
===============================================================================

 NSTEP =     1500   TIME(PS) =       3.000  TEMP(K) =   291.50  PRESS =     0.0
 Etot   =    -24662.4231  EKtot   =      5387.7241  EPtot      =    -30050.1473
 BOND   =        51.0603  ANGLE   =        96.7500  DIHED      =       135.8869
 1-4 NB =        80.5216  1-4 EEL =        64.8954  VDWAALS    =      4345.8116
 EELEC  =    -34831.9391  EHBOND  =         0.0000  RESTRAINT  =         6.8661
 EAMBER (non-restraint)  =    -30057.0134
 EKCMT  =         0.0000  VIRIAL  =         0.0000  VOLUME     =    119731.2474
                                                    Density    =         0.7898
 ------------------------------------------------------------------------------

 NMR restraints: Bond =    0.402   Angle =     2.753   Torsion =     1.095
===============================================================================

 NSTEP =     2000   TIME(PS) =       4.000  TEMP(K) =   298.23  PRESS =     0.0
 Etot   =    -24617.3351  EKtot   =      5512.0972  EPtot      =    -30129.4323
 BOND   =        48.2716  ANGLE   =       107.4603  DIHED      =       127.5170
 1-4 NB =        79.7804  1-4 EEL =        68.8967  VDWAALS    =      4234.1559
 EELEC  =    -34799.4256  EHBOND  =         0.0000  RESTRAINT  =         3.9113
 EAMBER (non-restraint)  =    -30133.3436
 EKCMT  =         0.0000  VIRIAL  =         0.0000  VOLUME     =    118433.0420
                                                    Density    =         0.7985
 ------------------------------------------------------------------------------

 NMR restraints: Bond =    0.101   Angle =     1.369   Torsion =     0.217
===============================================================================

 NSTEP =     2500   TIME(PS) =       5.000  TEMP(K) =   299.57  PRESS =     0.0
 Etot   =    -24615.2283  EKtot   =      5536.8911  EPtot      =    -30152.1194
 BOND   =        48.4360  ANGLE   =       121.0202  DIHED      =       134.5008
 1-4 NB =        73.6692  1-4 EEL =        60.8733  VDWAALS    =      4039.8564
 EELEC  =    -34635.1492  EHBOND  =         0.0000  RESTRAINT  =         4.6739
 EAMBER (non-restraint)  =    -30156.7934
 EKCMT  =         0.0000  VIRIAL  =         0.0000  VOLUME     =    116387.5929
                                                    Density    =         0.8125
 ------------------------------------------------------------------------------

 NMR restraints: Bond =    0.605   Angle =     1.818   Torsion =     0.081
===============================================================================

 NSTEP =     3000   TIME(PS) =       6.000  TEMP(K) =   295.46  PRESS =     0.0
 Etot   =    -24775.9765  EKtot   =      5461.0371  EPtot      =    -30237.0136
 BOND   =        54.6044  ANGLE   =       103.1993  DIHED      =       133.9004
 1-4 NB =        77.0689  1-4 EEL =        64.3401  VDWAALS    =      4386.6902
 EELEC  =    -35063.2745  EHBOND  =         0.0000  RESTRAINT  =         6.4575
 EAMBER (non-restraint)  =    -30243.4711
 EKCMT  =         0.0000  VIRIAL  =         0.0000  VOLUME     =    113379.5551
                                                    Density    =         0.8341
 ------------------------------------------------------------------------------

 NMR restraints: Bond =    0.533   Angle =     2.117   Torsion =     1.705
===============================================================================

 NSTEP =     3500   TIME(PS) =       7.000  TEMP(K) =   299.13  PRESS =     0.0
 Etot   =    -24745.8657  EKtot   =      5528.8364  EPtot      =    -30274.7021
 BOND   =        61.5227  ANGLE   =       112.2669  DIHED      =       124.5809
 1-4 NB =        75.1878  1-4 EEL =        60.5303  VDWAALS    =      4249.5753
 EELEC  =    -34963.0260  EHBOND  =         0.0000  RESTRAINT  =         4.6601
 EAMBER (non-restraint)  =    -30279.3622
 EKCMT  =         0.0000  VIRIAL  =         0.0000  VOLUME     =    113379.5551
                                                    Density    =         0.8341
 ------------------------------------------------------------------------------

 NMR restraints: Bond =    1.772   Angle =     1.100   Torsion =     0.270
===============================================================================

 NSTEP =     4000   TIME(PS) =       8.000  TEMP(K) =   304.43  PRESS =     0.0
 Etot   =    -24665.5577  EKtot   =      5626.6621  EPtot      =    -30292.2198
 BOND   =        54.5595  ANGLE   =       110.5919  DIHED      =       130.9708
 1-4 NB =        77.9122  1-4 EEL =        65.7243  VDWAALS    =      4151.2840
 EELEC  =    -34893.4103  EHBOND  =         0.0000  RESTRAINT  =        10.1477
 EAMBER (non-restraint)  =    -30302.3675
 EKCMT  =         0.0000  VIRIAL  =         0.0000  VOLUME     =    112337.7145
                                                    Density    =         0.8418
 ------------------------------------------------------------------------------

 NMR restraints: Bond =    1.286   Angle =     3.008   Torsion =     0.247
===============================================================================

 NSTEP =     4500   TIME(PS) =       9.000  TEMP(K) =   303.66  PRESS =     0.0
 Etot   =    -24740.5920  EKtot   =      5612.4355  EPtot      =    -30353.0275
 BOND   =        52.3134  ANGLE   =       108.2451  DIHED      =       132.4651
 1-4 NB =        78.9011  1-4 EEL =        61.0928  VDWAALS    =      4150.8107
 EELEC  =    -34940.4227  EHBOND  =         0.0000  RESTRAINT  =         3.5670
 EAMBER (non-restraint)  =    -30356.5945
 EKCMT  =         0.0000  VIRIAL  =         0.0000  VOLUME     =    110222.0537
                                                    Density    =         0.8580
 ------------------------------------------------------------------------------

 NMR restraints: Bond =    0.322   Angle =     0.852   Torsion =     0.757
===============================================================================

 NSTEP =     5000   TIME(PS) =      10.000  TEMP(K) =   299.97  PRESS =     0.0
 Etot   =    -24835.9128  EKtot   =      5544.2598  EPtot      =    -30380.1726
 BOND   =        48.9054  ANGLE   =       132.4754  DIHED      =       127.7884
 1-4 NB =        79.4399  1-4 EEL =        61.6544  VDWAALS    =      4390.1572
 EELEC  =    -35231.8484  EHBOND  =         0.0000  RESTRAINT  =        11.2551
 EAMBER (non-restraint)  =    -30391.4277
 EKCMT  =         0.0000  VIRIAL  =         0.0000  VOLUME     =    108409.5878
                                                    Density    =         0.8723
 ------------------------------------------------------------------------------

 NMR restraints: Bond =    2.362   Angle =     0.688   Torsion =     2.484
===============================================================================

 NSTEP =     5500   TIME(PS) =      11.000  TEMP(K) =   303.25  PRESS =     0.0
 Etot   =    -24988.7926  EKtot   =      5604.9561  EPtot      =    -30593.7487
 BOND   =        47.3772  ANGLE   =       106.6229  DIHED      =       132.7884
 1-4 NB =        79.0423  1-4 EEL =        64.0401  VDWAALS    =      4238.0980
 EELEC  =    -35266.1691  EHBOND  =         0.0000  RESTRAINT  =         4.4516
 EAMBER (non-restraint)  =    -30598.2002
 EKCMT  =         0.0000  VIRIAL  =         0.0000  VOLUME     =    107367.0258
                                                    Density    =         0.8808
 ------------------------------------------------------------------------------

 NMR restraints: Bond =    0.005   Angle =     1.172   Torsion =     0.344
===============================================================================

 NSTEP =     6000   TIME(PS) =      12.000  TEMP(K) =   303.68  PRESS =     0.0
 Etot   =    -24820.5070  EKtot   =      5612.8755  EPtot      =    -30433.3825
 BOND   =        53.1750  ANGLE   =       107.6238  DIHED      =       125.5888
 1-4 NB =        74.6050  1-4 EEL =        65.5675  VDWAALS    =      4342.5801
 EELEC  =    -35208.6620  EHBOND  =         0.0000  RESTRAINT  =         6.1392
 EAMBER (non-restraint)  =    -30439.5217
 EKCMT  =         0.0000  VIRIAL  =         0.0000  VOLUME     =    105139.3605
                                                    Density    =         0.8995
 ------------------------------------------------------------------------------

 NMR restraints: Bond =    0.331   Angle =     2.047   Torsion =     1.309
===============================================================================
