
          -------------------------------------------------------
          Amber 18 PMEMD                              2018
          -------------------------------------------------------

| PMEMD implementation of SANDER, Release 18

| Run on 05/02/2018 at 11:59:43

|   Executable path: pmemd.cuda
| Working directory: /oasis/tscc/scratch/davids4/SAMPLing-cut9/11499569.tscc-mgr.local
|          Hostname: tscc-gpu-9-2.sdsc.edu

  [-O]verwriting output

File Assignments:
|   MDIN: equil.000.in                                                          
|  MDOUT: equil.000.out                                                         
| INPCRD: minimize.rst7                                                         
|   PARM: solvate.prmtop                                                        
| RESTRT: equil.000.rst7                                                        
|   REFC: solvate.rst7                                                          
|  MDVEL: mdvel                                                                 
|   MDEN: equil.000.mden                                                        
|  MDCRD: equil.000.nc                                                          
| MDINFO: equil.000.mdinfo                                                      
|  MDFRC: mdfrc                                                                 


 Here is the input file:

PBC MD Simulation                                                              
 &cntrl                                                                        
  imin =          0,                                                           
  ntx =           1,                                                           
  irest =         0,                                                           
  maxcyc =        0,                                                           
  ncyc =          0,                                                           
  dt =            0.002,                                                       
  nstlim =        500000,                                                      
  ntpr =          500,                                                         
  ntwe =          500,                                                         
  ntwr =          250,                                                         
  ntwx =          250,                                                         
  ntxo =          1,                                                           
  ioutfm =        1,                                                           
  ntf =           2,                                                           
  ntc =           2,                                                           
  cut =           9.0,                                                         
  igb =           0,                                                           
  tempi =         298.15,                                                      
  temp0 =         298.15,                                                      
  ntt =           3,                                                           
  gamma_ln =      1.0,                                                         
  ig =            -1,                                                          
  ntp =           1,                                                           
  barostat =      2,                                                           
  ntr =           1,                                                           
  restraint_wt =  50.0,                                                        
  restraintmask = '@DUM',                                                      
  nmropt =        1,                                                           
  pencut =        -1,                                                          
  ntwprt =        206,                                                         
 /                                                                             
 &wt type = 'END', /                                                           
DISANG = disang.rest                                                           
LISTOUT = POUT                                                                 
                                                                               


Note: ig = -1. Setting random seed to   548316 based on wallclock time in 
      microseconds.
| irandom = 1, using AMBER's internal random number generator (default).
 
|--------------------- INFORMATION ----------------------
| GPU (CUDA) Version of PMEMD in use: NVIDIA GPU IN USE.
|                    Version 18.0.0
| 
|                      03/25/2018
| 
| Implementation by:
|                    Ross C. Walker     (SDSC)
|                    Scott Le Grand     (nVIDIA)
| 
| Version 18 performance extensions by:
|                    David Cerutti     (Rutgers)
| 
| Precision model in use:
|      [SPFP] - Single Precision Forces, 64-bit Fixed Point
|               Accumulation. (Default)
| 
|--------------------------------------------------------
 
|----------------- CITATION INFORMATION -----------------
|
|    When publishing work that utilized the CUDA version
|    of AMBER, please cite the following in addition to
|    the regular AMBER citations:
|
|  - Romelia Salomon-Ferrer; Andreas W. Goetz; Duncan
|    Poole; Scott Le Grand; Ross C. Walker "Routine
|    microsecond molecular dynamics simulations with
|    AMBER - Part II: Particle Mesh Ewald", J. Chem.
|    Theory Comput., 2013, 9 (9), pp3878-3888,
|    DOI: 10.1021/ct400314y.
|
|  - Andreas W. Goetz; Mark J. Williamson; Dong Xu;
|    Duncan Poole; Scott Le Grand; Ross C. Walker
|    "Routine microsecond molecular dynamics simulations
|    with AMBER - Part I: Generalized Born", J. Chem.
|    Theory Comput., 2012, 8 (5), pp1542-1555.
|
|  - Scott Le Grand; Andreas W. Goetz; Ross C. Walker
|    "SPFP: Speed without compromise - a mixed precision
|    model for GPU accelerated molecular dynamics
|    simulations.", Comp. Phys. Comm., 2013, 184
|    pp374-380, DOI: 10.1016/j.cpc.2012.09.022
|
|--------------------------------------------------------
 
|------------------- GPU DEVICE INFO --------------------
|
|            CUDA_VISIBLE_DEVICES: 2
|   CUDA Capable Devices Detected:      1
|           CUDA Device ID in use:      0
|                CUDA Device Name: GeForce GTX TITAN X
|     CUDA Device Global Mem Size:  12207 MB
| CUDA Device Num Multiprocessors:     24
|           CUDA Device Core Freq:   1.08 GHz
|
|--------------------------------------------------------
 
 
| Conditional Compilation Defines Used:
| PUBFFT
| BINTRAJ
| CUDA
| EMIL

| Largest sphere to fit in unit cell has radius =    22.541

| New format PARM file being parsed.
| Version =    1.000 Date = 04/23/18 Time = 20:11:28

| Note: 1-4 EEL scale factors are being read from the topology file.

| Note: 1-4 VDW scale factors are being read from the topology file.
| Duplicated    0 dihedrals

| Duplicated    0 dihedrals

--------------------------------------------------------------------------------
   1.  RESOURCE   USE: 
--------------------------------------------------------------------------------

 getting new box info from bottom of inpcrd
 NATOM  =    9223 NTYPES =      11 NBONH =    9067 MBONA  =     155
 NTHETH =     153 MTHETA =     232 NPHIH =     345 MPHIA  =     366
 NHPARM =       0 NPARM  =       0 NNB   =   13221 NRES   =    3022
 NBONA  =     155 NTHETA =     232 NPHIA =     366 NUMBND =      13
 NUMANG =      22 NPTRA  =      15 NATYP =      13 NPHB   =       0
 IFBOX  =       1 NMXRS  =     184 IFCAP =       0 NEXTRA =       0
 NCOPY  =       0

| Coordinate Index Table dimensions:     9    9   12
| Direct force subcell size =     5.1070    5.0092    5.0679

     BOX TYPE: RECTILINEAR

--------------------------------------------------------------------------------
   2.  CONTROL  DATA  FOR  THE  RUN
--------------------------------------------------------------------------------

default_name                                                                    

General flags:
     imin    =       0, nmropt  =       1

Nature and format of input:
     ntx     =       1, irest   =       0, ntrx    =       1

Nature and format of output:
     ntxo    =       1, ntpr    =     500, ntrx    =       1, ntwr    =     250
     iwrap   =       0, ntwx    =     250, ntwv    =       0, ntwe    =     500
     ioutfm  =       1, ntwprt  =     206, idecomp =       0, rbornstat=      0

Potential function:
     ntf     =       2, ntb     =       2, igb     =       0, nsnb    =      25
     ipol    =       0, gbsa    =       0, iesp    =       0
     dielc   =   1.00000, cut     =   9.00000, intdiel =   1.00000

Frozen or restrained atoms:
     ibelly  =       0, ntr     =       1
     restraint_wt =  50.00000

Molecular dynamics:
     nstlim  =    500000, nscm    =         0, nrespa  =         1
     t       =   0.00000, dt      =   0.00200, vlimit  =  -1.00000

Langevin dynamics temperature regulation:
     ig      =  548316
     temp0   = 298.15000, tempi   = 298.15000, gamma_ln=   1.00000

Pressure regulation:
     ntp     =       1
     pres0   =   1.00000, comp    =  44.60000, taup    =   1.00000
     Monte-Carlo Barostat:
     mcbarint  =     100

SHAKE:
     ntc     =       2, jfastw  =       0
     tol     =   0.00001

NMR refinement options:
     iscale  =       0, noeskp  =       1, ipnlty  =       1, mxsub   =       1
     scalm   = 100.00000, pencut  =  -1.00000, tausw   =   0.10000

| Intermolecular bonds treatment:
|     no_intermolecular_bonds =       1

| Energy averages sample interval:
|     ene_avg_sampling =     500

Ewald parameters:
     verbose =       0, ew_type =       0, nbflag  =       1, use_pme =       1
     vdwmeth =       1, eedmeth =       1, netfrc  =       1
     Box X =   45.963   Box Y =   45.083   Box Z =   60.815
     Alpha =   90.000   Beta  =   90.000   Gamma =   90.000
     NFFT1 =   48       NFFT2 =   48       NFFT3 =   64
     Cutoff=    9.000   Tol   =0.100E-04
     Ewald Coefficient =  0.30768
     Interpolation order =    4

    LOADING THE CONSTRAINED ATOMS AS GROUPS


   5.  REFERENCE ATOM COORDINATES

  default_name                                                                    
     Mask @DUM; matches     3 atoms
| MONTE CARLO BAROSTAT IMPORTANT NOTE:
|   The Monte-Carlo barostat does not require the virial to adjust the system volume.
|   Since it is an expensive calculation, it is skipped for efficiency. A side-effect
|   is that the reported pressure is always 0 because it is not calculated.

--------------------------------------------------------------------------------
   3.  ATOMIC COORDINATES AND VELOCITIES
--------------------------------------------------------------------------------

default_name                                                                    
 begin time read from input coords =     0.000 ps



           Begin reading energy term weight changes/NMR restraints
 WEIGHT CHANGES:
                         ** No weight changes given **

 RESTRAINTS:
 Requested file redirections:
  DISANG    = disang.rest
  LISTOUT   = POUT
 Restraints will be read from file: disang.rest
Here are comments from the DISANG input file:

                       Number of restraints read =     9

                  Done reading weight changes/NMR restraints


 
 Number of triangulated 3-point waters found:     3000

     Sum of charges from parm topology file =   0.00000002
     Forcing neutrality...

| Dynamic Memory, Types Used:
| Reals              528921
| Integers           284277

| Nonbonded Pairs Initial Allocation:     2102844

| GPU memory information (estimate):
| KB of GPU memory in use:         0
| KB of CPU memory in use:         0

--------------------------------------------------------------------------------
   4.  RESULTS
--------------------------------------------------------------------------------


 NSTEP =        0   TIME(PS) =       0.000  TEMP(K) =   441.77  PRESS =     0.0
 Etot   =    -30766.3891  EKtot   =      8165.1882  EPtot      =    -38931.5773
 BOND   =        14.8019  ANGLE   =        54.9889  DIHED      =       103.3629
 1-4 NB =        67.7782  1-4 EEL =        59.9442  VDWAALS    =      6154.3884
 EELEC  =    -45387.9172  EHBOND  =         0.0000  RESTRAINT  =         1.0753
 EAMBER (non-restraint)  =    -38932.6526
 EKCMT  =         0.0000  VIRIAL  =         0.0000  VOLUME     =    126014.5159
                                                    Density    =         0.7505
 ------------------------------------------------------------------------------

 NMR restraints: Bond =    0.063   Angle =     0.925   Torsion =     0.063
===============================================================================

 NSTEP =      500   TIME(PS) =       1.000  TEMP(K) =   264.34  PRESS =     0.0
 Etot   =    -25957.2124  EKtot   =      4885.7544  EPtot      =    -30842.9668
 BOND   =        41.5036  ANGLE   =       113.7664  DIHED      =       143.0224
 1-4 NB =        75.1816  1-4 EEL =        63.8219  VDWAALS    =      4687.8667
 EELEC  =    -35972.0415  EHBOND  =         0.0000  RESTRAINT  =         3.9121
 EAMBER (non-restraint)  =    -30846.8789
 EKCMT  =         0.0000  VIRIAL  =         0.0000  VOLUME     =    124791.2184
                                                    Density    =         0.7578
 ------------------------------------------------------------------------------

 NMR restraints: Bond =    1.692   Angle =     0.298   Torsion =     0.113
===============================================================================
| MC Barostat: Increasing size of volume moves

 NSTEP =     1000   TIME(PS) =       2.000  TEMP(K) =   278.92  PRESS =     0.0
 Etot   =    -25258.0970  EKtot   =      5155.2295  EPtot      =    -30413.3265
 BOND   =        54.2612  ANGLE   =       105.3780  DIHED      =       136.2087
 1-4 NB =        76.0725  1-4 EEL =        64.4028  VDWAALS    =      4566.4202
 EELEC  =    -35418.7569  EHBOND  =         0.0000  RESTRAINT  =         2.6870
 EAMBER (non-restraint)  =    -30416.0135
 EKCMT  =         0.0000  VIRIAL  =         0.0000  VOLUME     =    121094.2825
                                                    Density    =         0.7809
 ------------------------------------------------------------------------------

 NMR restraints: Bond =    0.350   Angle =     0.711   Torsion =     0.417
===============================================================================

 NSTEP =     1500   TIME(PS) =       3.000  TEMP(K) =   291.00  PRESS =     0.0
 Etot   =    -24840.9756  EKtot   =      5378.4683  EPtot      =    -30219.4439
 BOND   =        60.0858  ANGLE   =       106.0955  DIHED      =       119.8326
 1-4 NB =        73.7250  1-4 EEL =        63.6219  VDWAALS    =      4450.4141
 EELEC  =    -35098.7419  EHBOND  =         0.0000  RESTRAINT  =         5.5231
 EAMBER (non-restraint)  =    -30224.9670
 EKCMT  =         0.0000  VIRIAL  =         0.0000  VOLUME     =    120601.2300
                                                    Density    =         0.7841
 ------------------------------------------------------------------------------

 NMR restraints: Bond =    0.922   Angle =     0.672   Torsion =     1.983
===============================================================================

 NSTEP =     2000   TIME(PS) =       4.000  TEMP(K) =   292.76  PRESS =     0.0
 Etot   =    -24652.9526  EKtot   =      5411.0952  EPtot      =    -30064.0478
 BOND   =        42.3085  ANGLE   =       105.6922  DIHED      =       132.1500
 1-4 NB =        74.9786  1-4 EEL =        65.6035  VDWAALS    =      4310.1832
 EELEC  =    -34800.8402  EHBOND  =         0.0000  RESTRAINT  =         5.8765
 EAMBER (non-restraint)  =    -30069.9243
 EKCMT  =         0.0000  VIRIAL  =         0.0000  VOLUME     =    119945.3745
                                                    Density    =         0.7884
 ------------------------------------------------------------------------------

 NMR restraints: Bond =    1.661   Angle =     1.770   Torsion =     0.835
===============================================================================

 NSTEP =     2500   TIME(PS) =       5.000  TEMP(K) =   293.71  PRESS =     0.0
 Etot   =    -24613.2149  EKtot   =      5428.5439  EPtot      =    -30041.7588
 BOND   =        57.8424  ANGLE   =       112.1012  DIHED      =       139.7599
 1-4 NB =        71.8693  1-4 EEL =        59.4811  VDWAALS    =      4485.2619
 EELEC  =    -34974.1941  EHBOND  =         0.0000  RESTRAINT  =         6.1195
 EAMBER (non-restraint)  =    -30047.8783
 EKCMT  =         0.0000  VIRIAL  =         0.0000  VOLUME     =    115612.9836
                                                    Density    =         0.8180
 ------------------------------------------------------------------------------

 NMR restraints: Bond =    0.200   Angle =     3.282   Torsion =     0.446
===============================================================================

 NSTEP =     3000   TIME(PS) =       6.000  TEMP(K) =   298.84  PRESS =     0.0
 Etot   =    -24588.2674  EKtot   =      5523.3911  EPtot      =    -30111.6585
 BOND   =        56.5651  ANGLE   =       105.5232  DIHED      =       128.0503
 1-4 NB =        79.9256  1-4 EEL =        59.8281  VDWAALS    =      4163.5374
 EELEC  =    -34713.4662  EHBOND  =         0.0000  RESTRAINT  =         8.3780
 EAMBER (non-restraint)  =    -30120.0365
 EKCMT  =         0.0000  VIRIAL  =         0.0000  VOLUME     =    115524.6690
                                                    Density    =         0.8186
 ------------------------------------------------------------------------------

 NMR restraints: Bond =    1.165   Angle =     3.895   Torsion =     1.161
===============================================================================

 NSTEP =     3500   TIME(PS) =       7.000  TEMP(K) =   298.19  PRESS =     0.0
 Etot   =    -24607.9736  EKtot   =      5511.3208  EPtot      =    -30119.2944
 BOND   =        54.4573  ANGLE   =       115.6538  DIHED      =       139.2455
 1-4 NB =        75.9138  1-4 EEL =        61.8875  VDWAALS    =      4290.7742
 EELEC  =    -34863.3273  EHBOND  =         0.0000  RESTRAINT  =         6.1008
 EAMBER (non-restraint)  =    -30125.3952
 EKCMT  =         0.0000  VIRIAL  =         0.0000  VOLUME     =    114341.8853
                                                    Density    =         0.8271
 ------------------------------------------------------------------------------

 NMR restraints: Bond =    0.718   Angle =     2.257   Torsion =     0.353
===============================================================================

 NSTEP =     4000   TIME(PS) =       8.000  TEMP(K) =   302.69  PRESS =     0.0
 Etot   =    -24630.0574  EKtot   =      5594.6196  EPtot      =    -30224.6771
 BOND   =        55.8012  ANGLE   =       116.2970  DIHED      =       134.0605
 1-4 NB =        74.4012  1-4 EEL =        59.8116  VDWAALS    =      4148.1241
 EELEC  =    -34819.8025  EHBOND  =         0.0000  RESTRAINT  =         6.6299
 EAMBER (non-restraint)  =    -30231.3069
 EKCMT  =         0.0000  VIRIAL  =         0.0000  VOLUME     =    113202.9281
                                                    Density    =         0.8354
 ------------------------------------------------------------------------------

 NMR restraints: Bond =    1.136   Angle =     2.694   Torsion =     0.581
===============================================================================

 NSTEP =     4500   TIME(PS) =       9.000  TEMP(K) =   298.53  PRESS =     0.0
 Etot   =    -24675.5847  EKtot   =      5517.7080  EPtot      =    -30193.2927
 BOND   =        53.3333  ANGLE   =       108.3659  DIHED      =       136.1385
 1-4 NB =        75.8167  1-4 EEL =        63.3493  VDWAALS    =      4016.0294
 EELEC  =    -34651.2871  EHBOND  =         0.0000  RESTRAINT  =         4.9612
 EAMBER (non-restraint)  =    -30198.2539
 EKCMT  =         0.0000  VIRIAL  =         0.0000  VOLUME     =    111980.0577
                                                    Density    =         0.8445
 ------------------------------------------------------------------------------

 NMR restraints: Bond =    0.477   Angle =     1.125   Torsion =     0.038
===============================================================================

 NSTEP =     5000   TIME(PS) =      10.000  TEMP(K) =   297.20  PRESS =     0.0
 Etot   =    -24767.8714  EKtot   =      5493.1538  EPtot      =    -30261.0253
 BOND   =        54.6549  ANGLE   =       107.9400  DIHED      =       123.0782
 1-4 NB =        75.6476  1-4 EEL =        60.7914  VDWAALS    =      4086.8254
 EELEC  =    -34773.5267  EHBOND  =         0.0000  RESTRAINT  =         3.5640
 EAMBER (non-restraint)  =    -30264.5893
 EKCMT  =         0.0000  VIRIAL  =         0.0000  VOLUME     =    110003.9456
                                                    Density    =         0.8597
 ------------------------------------------------------------------------------

 NMR restraints: Bond =    1.405   Angle =     1.260   Torsion =     0.074
===============================================================================

 NSTEP =     5500   TIME(PS) =      11.000  TEMP(K) =   299.78  PRESS =     0.0
 Etot   =    -24915.1219  EKtot   =      5540.7666  EPtot      =    -30455.8885
 BOND   =        54.8494  ANGLE   =       103.5516  DIHED      =       134.1003
 1-4 NB =        76.7560  1-4 EEL =        61.6539  VDWAALS    =      4354.1690
 EELEC  =    -35244.8040  EHBOND  =         0.0000  RESTRAINT  =         3.8354
 EAMBER (non-restraint)  =    -30459.7240
 EKCMT  =         0.0000  VIRIAL  =         0.0000  VOLUME     =    107616.0496
                                                    Density    =         0.8788
 ------------------------------------------------------------------------------

 NMR restraints: Bond =    0.575   Angle =     0.594   Torsion =     0.941
===============================================================================

 NSTEP =     6000   TIME(PS) =      12.000  TEMP(K) =   300.11  PRESS =     0.0
 Etot   =    -25027.4695  EKtot   =      5546.8569  EPtot      =    -30574.3264
 BOND   =        49.4133  ANGLE   =       113.6804  DIHED      =       134.7728
 1-4 NB =        77.5981  1-4 EEL =        61.0840  VDWAALS    =      4244.9185
 EELEC  =    -35262.5422  EHBOND  =         0.0000  RESTRAINT  =         6.7487
 EAMBER (non-restraint)  =    -30581.0751
 EKCMT  =         0.0000  VIRIAL  =         0.0000  VOLUME     =    106403.9262
                                                    Density    =         0.8888
 ------------------------------------------------------------------------------

 NMR restraints: Bond =    0.186   Angle =     1.520   Torsion =     0.957
===============================================================================

 NSTEP =     6500   TIME(PS) =      13.000  TEMP(K) =   296.81  PRESS =     0.0
 Etot   =    -25140.5610  EKtot   =      5485.8335  EPtot      =    -30626.3945
 BOND   =        59.1201  ANGLE   =       121.5120  DIHED      =       124.8783
 1-4 NB =        75.9445  1-4 EEL =        64.2327  VDWAALS    =      4607.2059
 EELEC  =    -35685.2338  EHBOND  =         0.0000  RESTRAINT  =         5.9459
 EAMBER (non-restraint)  =    -30632.3404
 EKCMT  =         0.0000  VIRIAL  =         0.0000  VOLUME     =    105061.2999
                                                    Density    =         0.9001
 ------------------------------------------------------------------------------

 NMR restraints: Bond =    0.716   Angle =     1.392   Torsion =     0.605
===============================================================================

 NSTEP =     7000   TIME(PS) =      14.000  TEMP(K) =   293.27  PRESS =     0.0
 Etot   =    -25208.4513  EKtot   =      5420.5210  EPtot      =    -30628.9723
 BOND   =        51.2843  ANGLE   =       113.9572  DIHED      =       133.8601
 1-4 NB =        73.1495  1-4 EEL =        61.7354  VDWAALS    =      4246.2952
 EELEC  =    -35314.3069  EHBOND  =         0.0000  RESTRAINT  =         5.0530
 EAMBER (non-restraint)  =    -30634.0253
 EKCMT  =         0.0000  VIRIAL  =         0.0000  VOLUME     =    104582.0050
                                                    Density    =         0.9042
 ------------------------------------------------------------------------------

 NMR restraints: Bond =    0.473   Angle =     1.211   Torsion =     0.438
===============================================================================
