
          -------------------------------------------------------
          Amber 18 PMEMD                              2018
          -------------------------------------------------------

| PMEMD implementation of SANDER, Release 18

| Run on 05/02/2018 at 10:25:55

|   Executable path: pmemd.cuda
| Working directory: /oasis/tscc/scratch/davids4/SAMPLing-cut9/11499171.tscc-mgr.local
|          Hostname: tscc-gpu-6-8.sdsc.edu

  [-O]verwriting output

File Assignments:
|   MDIN: equil.000.in                                                          
|  MDOUT: equil.000.out                                                         
| INPCRD: minimize.rst7                                                         
|   PARM: solvate.prmtop                                                        
| RESTRT: equil.000.rst7                                                        
|   REFC: solvate.rst7                                                          
|  MDVEL: mdvel                                                                 
|   MDEN: equil.000.mden                                                        
|  MDCRD: equil.000.nc                                                          
| MDINFO: equil.000.mdinfo                                                      
|  MDFRC: mdfrc                                                                 


 Here is the input file:

PBC MD Simulation                                                              
 &cntrl                                                                        
  imin =          0,                                                           
  ntx =           1,                                                           
  irest =         0,                                                           
  maxcyc =        0,                                                           
  ncyc =          0,                                                           
  dt =            0.002,                                                       
  nstlim =        500000,                                                      
  ntpr =          500,                                                         
  ntwe =          500,                                                         
  ntwr =          250,                                                         
  ntwx =          250,                                                         
  ntxo =          1,                                                           
  ioutfm =        1,                                                           
  ntf =           2,                                                           
  ntc =           2,                                                           
  cut =           9.0,                                                         
  igb =           0,                                                           
  tempi =         298.15,                                                      
  temp0 =         298.15,                                                      
  ntt =           3,                                                           
  gamma_ln =      1.0,                                                         
  ig =            -1,                                                          
  ntp =           1,                                                           
  barostat =      2,                                                           
  ntr =           1,                                                           
  restraint_wt =  50.0,                                                        
  restraintmask = '@DUM',                                                      
  nmropt =        1,                                                           
  pencut =        -1,                                                          
  ntwprt =        206,                                                         
 /                                                                             
 &wt type = 'END', /                                                           
DISANG = disang.rest                                                           
LISTOUT = POUT                                                                 
                                                                               


Note: ig = -1. Setting random seed to   332771 based on wallclock time in 
      microseconds.
| irandom = 1, using AMBER's internal random number generator (default).
 
|--------------------- INFORMATION ----------------------
| GPU (CUDA) Version of PMEMD in use: NVIDIA GPU IN USE.
|                    Version 18.0.0
| 
|                      03/25/2018
| 
| Implementation by:
|                    Ross C. Walker     (SDSC)
|                    Scott Le Grand     (nVIDIA)
| 
| Version 18 performance extensions by:
|                    David Cerutti     (Rutgers)
| 
| Precision model in use:
|      [SPFP] - Single Precision Forces, 64-bit Fixed Point
|               Accumulation. (Default)
| 
|--------------------------------------------------------
 
|----------------- CITATION INFORMATION -----------------
|
|    When publishing work that utilized the CUDA version
|    of AMBER, please cite the following in addition to
|    the regular AMBER citations:
|
|  - Romelia Salomon-Ferrer; Andreas W. Goetz; Duncan
|    Poole; Scott Le Grand; Ross C. Walker "Routine
|    microsecond molecular dynamics simulations with
|    AMBER - Part II: Particle Mesh Ewald", J. Chem.
|    Theory Comput., 2013, 9 (9), pp3878-3888,
|    DOI: 10.1021/ct400314y.
|
|  - Andreas W. Goetz; Mark J. Williamson; Dong Xu;
|    Duncan Poole; Scott Le Grand; Ross C. Walker
|    "Routine microsecond molecular dynamics simulations
|    with AMBER - Part I: Generalized Born", J. Chem.
|    Theory Comput., 2012, 8 (5), pp1542-1555.
|
|  - Scott Le Grand; Andreas W. Goetz; Ross C. Walker
|    "SPFP: Speed without compromise - a mixed precision
|    model for GPU accelerated molecular dynamics
|    simulations.", Comp. Phys. Comm., 2013, 184
|    pp374-380, DOI: 10.1016/j.cpc.2012.09.022
|
|--------------------------------------------------------
 
|------------------- GPU DEVICE INFO --------------------
|
|            CUDA_VISIBLE_DEVICES: 4
|   CUDA Capable Devices Detected:      1
|           CUDA Device ID in use:      0
|                CUDA Device Name: GeForce GTX TITAN X
|     CUDA Device Global Mem Size:  12207 MB
| CUDA Device Num Multiprocessors:     24
|           CUDA Device Core Freq:   1.08 GHz
|
|--------------------------------------------------------
 
 
| Conditional Compilation Defines Used:
| PUBFFT
| BINTRAJ
| CUDA
| EMIL

| Largest sphere to fit in unit cell has radius =    20.773

| New format PARM file being parsed.
| Version =    1.000 Date = 04/23/18 Time = 20:10:36

| Note: 1-4 EEL scale factors are being read from the topology file.

| Note: 1-4 VDW scale factors are being read from the topology file.
| Duplicated    0 dihedrals

| Duplicated    0 dihedrals

--------------------------------------------------------------------------------
   1.  RESOURCE   USE: 
--------------------------------------------------------------------------------

 getting new box info from bottom of inpcrd
 NATOM  =    9223 NTYPES =      11 NBONH =    9067 MBONA  =     155
 NTHETH =     153 MTHETA =     232 NPHIH =     345 MPHIA  =     366
 NHPARM =       0 NPARM  =       0 NNB   =   13221 NRES   =    3022
 NBONA  =     155 NTHETA =     232 NPHIA =     366 NUMBND =      13
 NUMANG =      22 NPTRA  =      15 NATYP =      13 NPHB   =       0
 IFBOX  =       1 NMXRS  =     184 IFCAP =       0 NEXTRA =       0
 NCOPY  =       0

| Coordinate Index Table dimensions:     8    8   13
| Direct force subcell size =     5.1932    5.4715    5.2777

     BOX TYPE: RECTILINEAR

--------------------------------------------------------------------------------
   2.  CONTROL  DATA  FOR  THE  RUN
--------------------------------------------------------------------------------

default_name                                                                    

General flags:
     imin    =       0, nmropt  =       1

Nature and format of input:
     ntx     =       1, irest   =       0, ntrx    =       1

Nature and format of output:
     ntxo    =       1, ntpr    =     500, ntrx    =       1, ntwr    =     250
     iwrap   =       0, ntwx    =     250, ntwv    =       0, ntwe    =     500
     ioutfm  =       1, ntwprt  =     206, idecomp =       0, rbornstat=      0

Potential function:
     ntf     =       2, ntb     =       2, igb     =       0, nsnb    =      25
     ipol    =       0, gbsa    =       0, iesp    =       0
     dielc   =   1.00000, cut     =   9.00000, intdiel =   1.00000

Frozen or restrained atoms:
     ibelly  =       0, ntr     =       1
     restraint_wt =  50.00000

Molecular dynamics:
     nstlim  =    500000, nscm    =         0, nrespa  =         1
     t       =   0.00000, dt      =   0.00200, vlimit  =  -1.00000

Langevin dynamics temperature regulation:
     ig      =  332771
     temp0   = 298.15000, tempi   = 298.15000, gamma_ln=   1.00000

Pressure regulation:
     ntp     =       1
     pres0   =   1.00000, comp    =  44.60000, taup    =   1.00000
     Monte-Carlo Barostat:
     mcbarint  =     100

SHAKE:
     ntc     =       2, jfastw  =       0
     tol     =   0.00001

NMR refinement options:
     iscale  =       0, noeskp  =       1, ipnlty  =       1, mxsub   =       1
     scalm   = 100.00000, pencut  =  -1.00000, tausw   =   0.10000

| Intermolecular bonds treatment:
|     no_intermolecular_bonds =       1

| Energy averages sample interval:
|     ene_avg_sampling =     500

Ewald parameters:
     verbose =       0, ew_type =       0, nbflag  =       1, use_pme =       1
     vdwmeth =       1, eedmeth =       1, netfrc  =       1
     Box X =   41.545   Box Y =   43.772   Box Z =   68.610
     Alpha =   90.000   Beta  =   90.000   Gamma =   90.000
     NFFT1 =   48       NFFT2 =   48       NFFT3 =   72
     Cutoff=    9.000   Tol   =0.100E-04
     Ewald Coefficient =  0.30768
     Interpolation order =    4

    LOADING THE CONSTRAINED ATOMS AS GROUPS


   5.  REFERENCE ATOM COORDINATES

  default_name                                                                    
     Mask @DUM; matches     3 atoms
| MONTE CARLO BAROSTAT IMPORTANT NOTE:
|   The Monte-Carlo barostat does not require the virial to adjust the system volume.
|   Since it is an expensive calculation, it is skipped for efficiency. A side-effect
|   is that the reported pressure is always 0 because it is not calculated.

--------------------------------------------------------------------------------
   3.  ATOMIC COORDINATES AND VELOCITIES
--------------------------------------------------------------------------------

default_name                                                                    
 begin time read from input coords =     0.000 ps



           Begin reading energy term weight changes/NMR restraints
 WEIGHT CHANGES:
                         ** No weight changes given **

 RESTRAINTS:
 Requested file redirections:
  DISANG    = disang.rest
  LISTOUT   = POUT
 Restraints will be read from file: disang.rest
Here are comments from the DISANG input file:

                       Number of restraints read =     9

                  Done reading weight changes/NMR restraints


 
 Number of triangulated 3-point waters found:     3000

     Sum of charges from parm topology file =   0.00000002
     Forcing neutrality...

| Dynamic Memory, Types Used:
| Reals              528929
| Integers           284277

| Nonbonded Pairs Initial Allocation:     2102844

| GPU memory information (estimate):
| KB of GPU memory in use:         0
| KB of CPU memory in use:         0

--------------------------------------------------------------------------------
   4.  RESULTS
--------------------------------------------------------------------------------


 NSTEP =        0   TIME(PS) =       0.000  TEMP(K) =   441.92  PRESS =     0.0
 Etot   =    -30725.0672  EKtot   =      8167.8876  EPtot      =    -38892.9548
 BOND   =        11.8956  ANGLE   =        62.2015  DIHED      =       107.4610
 1-4 NB =        67.5245  1-4 EEL =        60.2148  VDWAALS    =      6048.9994
 EELEC  =    -45252.8299  EHBOND  =         0.0000  RESTRAINT  =         1.5784
 EAMBER (non-restraint)  =    -38894.5331
 EKCMT  =         0.0000  VIRIAL  =         0.0000  VOLUME     =    124768.4847
                                                    Density    =         0.7579
 ------------------------------------------------------------------------------

 NMR restraints: Bond =    0.086   Angle =     1.465   Torsion =     0.014
===============================================================================

 NSTEP =      500   TIME(PS) =       1.000  TEMP(K) =   261.21  PRESS =     0.0
 Etot   =    -26037.2729  EKtot   =      4827.9404  EPtot      =    -30865.2134
 BOND   =        37.4455  ANGLE   =        96.2296  DIHED      =       132.2175
 1-4 NB =        74.3319  1-4 EEL =        61.9770  VDWAALS    =      4766.3959
 EELEC  =    -36038.5392  EHBOND  =         0.0000  RESTRAINT  =         4.7285
 EAMBER (non-restraint)  =    -30869.9419
 EKCMT  =         0.0000  VIRIAL  =         0.0000  VOLUME     =    123248.5789
                                                    Density    =         0.7673
 ------------------------------------------------------------------------------

 NMR restraints: Bond =    0.553   Angle =     1.990   Torsion =     0.047
===============================================================================

 NSTEP =     1000   TIME(PS) =       2.000  TEMP(K) =   282.88  PRESS =     0.0
 Etot   =    -25031.2951  EKtot   =      5228.3740  EPtot      =    -30259.6691
 BOND   =        43.7265  ANGLE   =       107.2368  DIHED      =       133.3681
 1-4 NB =        77.6464  1-4 EEL =        63.5879  VDWAALS    =      4529.6930
 EELEC  =    -35223.9228  EHBOND  =         0.0000  RESTRAINT  =         8.9951
 EAMBER (non-restraint)  =    -30268.6642
 EKCMT  =         0.0000  VIRIAL  =         0.0000  VOLUME     =    121056.9018
                                                    Density    =         0.7812
 ------------------------------------------------------------------------------

 NMR restraints: Bond =    0.243   Angle =     4.174   Torsion =     0.849
===============================================================================

 NSTEP =     1500   TIME(PS) =       3.000  TEMP(K) =   294.99  PRESS =     0.0
 Etot   =    -24715.6854  EKtot   =      5452.3462  EPtot      =    -30168.0316
 BOND   =        46.5182  ANGLE   =       111.0779  DIHED      =       139.1433
 1-4 NB =        71.3707  1-4 EEL =        64.4951  VDWAALS    =      4295.7435
 EELEC  =    -34902.7975  EHBOND  =         0.0000  RESTRAINT  =         6.4173
 EAMBER (non-restraint)  =    -30174.4489
 EKCMT  =         0.0000  VIRIAL  =         0.0000  VOLUME     =    119774.4786
                                                    Density    =         0.7896
 ------------------------------------------------------------------------------

 NMR restraints: Bond =    0.191   Angle =     0.356   Torsion =     2.918
===============================================================================

 NSTEP =     2000   TIME(PS) =       4.000  TEMP(K) =   298.30  PRESS =     0.0
 Etot   =    -24637.0694  EKtot   =      5513.5088  EPtot      =    -30150.5782
 BOND   =        48.6145  ANGLE   =        95.0969  DIHED      =       132.5130
 1-4 NB =        75.6532  1-4 EEL =        63.2822  VDWAALS    =      4525.3773
 EELEC  =    -35095.4993  EHBOND  =         0.0000  RESTRAINT  =         4.3840
 EAMBER (non-restraint)  =    -30154.9622
 EKCMT  =         0.0000  VIRIAL  =         0.0000  VOLUME     =    117581.4571
                                                    Density    =         0.8043
 ------------------------------------------------------------------------------

 NMR restraints: Bond =    0.737   Angle =     0.685   Torsion =     1.013
===============================================================================

 NSTEP =     2500   TIME(PS) =       5.000  TEMP(K) =   297.38  PRESS =     0.0
 Etot   =    -24604.2072  EKtot   =      5496.4731  EPtot      =    -30100.6803
 BOND   =        58.3759  ANGLE   =       102.3754  DIHED      =       128.8359
 1-4 NB =        76.9862  1-4 EEL =        59.9219  VDWAALS    =      4162.2246
 EELEC  =    -34692.7725  EHBOND  =         0.0000  RESTRAINT  =         3.3722
 EAMBER (non-restraint)  =    -30104.0525
 EKCMT  =         0.0000  VIRIAL  =         0.0000  VOLUME     =    117088.8802
                                                    Density    =         0.8077
 ------------------------------------------------------------------------------

 NMR restraints: Bond =    0.702   Angle =     1.395   Torsion =     0.369
===============================================================================

 NSTEP =     3000   TIME(PS) =       6.000  TEMP(K) =   300.08  PRESS =     0.0
 Etot   =    -24619.0555  EKtot   =      5546.2607  EPtot      =    -30165.3163
 BOND   =        51.4200  ANGLE   =       111.6307  DIHED      =       135.3112
 1-4 NB =        76.9816  1-4 EEL =        61.4947  VDWAALS    =      4055.1538
 EELEC  =    -34661.8591  EHBOND  =         0.0000  RESTRAINT  =         4.5509
 EAMBER (non-restraint)  =    -30169.8671
 EKCMT  =         0.0000  VIRIAL  =         0.0000  VOLUME     =    115598.8560
                                                    Density    =         0.8181
 ------------------------------------------------------------------------------

 NMR restraints: Bond =    0.323   Angle =     1.861   Torsion =     0.400
===============================================================================

 NSTEP =     3500   TIME(PS) =       7.000  TEMP(K) =   301.91  PRESS =     0.0
 Etot   =    -24583.2078  EKtot   =      5580.2446  EPtot      =    -30163.4524
 BOND   =        67.0736  ANGLE   =        99.5689  DIHED      =       138.9299
 1-4 NB =        70.7816  1-4 EEL =        64.4836  VDWAALS    =      4168.0608
 EELEC  =    -34775.9394  EHBOND  =         0.0000  RESTRAINT  =         3.5885
 EAMBER (non-restraint)  =    -30167.0409
 EKCMT  =         0.0000  VIRIAL  =         0.0000  VOLUME     =    114959.3886
                                                    Density    =         0.8226
 ------------------------------------------------------------------------------

 NMR restraints: Bond =    0.608   Angle =     0.730   Torsion =     0.424
===============================================================================

 NSTEP =     4000   TIME(PS) =       8.000  TEMP(K) =   295.53  PRESS =     0.0
 Etot   =    -24833.2479  EKtot   =      5462.2183  EPtot      =    -30295.4662
 BOND   =        59.7757  ANGLE   =       128.9836  DIHED      =       125.6103
 1-4 NB =        75.7138  1-4 EEL =        62.9776  VDWAALS    =      4199.5749
 EELEC  =    -34953.8389  EHBOND  =         0.0000  RESTRAINT  =         5.7368
 EAMBER (non-restraint)  =    -30301.2030
 EKCMT  =         0.0000  VIRIAL  =         0.0000  VOLUME     =    113076.8383
                                                    Density    =         0.8363
 ------------------------------------------------------------------------------

 NMR restraints: Bond =    0.198   Angle =     1.984   Torsion =     0.203
===============================================================================

 NSTEP =     4500   TIME(PS) =       9.000  TEMP(K) =   298.13  PRESS =     0.0
 Etot   =    -24669.2546  EKtot   =      5510.2280  EPtot      =    -30179.4826
 BOND   =        50.3610  ANGLE   =       118.3328  DIHED      =       136.1306
 1-4 NB =        77.7695  1-4 EEL =        64.0097  VDWAALS    =      4183.0467
 EELEC  =    -34811.2898  EHBOND  =         0.0000  RESTRAINT  =         2.1570
 EAMBER (non-restraint)  =    -30181.6396
 EKCMT  =         0.0000  VIRIAL  =         0.0000  VOLUME     =    111709.2542
                                                    Density    =         0.8466
 ------------------------------------------------------------------------------

 NMR restraints: Bond =    0.253   Angle =     0.108   Torsion =     1.468
===============================================================================

 NSTEP =     5000   TIME(PS) =      10.000  TEMP(K) =   302.73  PRESS =     0.0
 Etot   =    -24826.8944  EKtot   =      5595.2637  EPtot      =    -30422.1581
 BOND   =        47.2643  ANGLE   =       126.3131  DIHED      =       129.6066
 1-4 NB =        74.4955  1-4 EEL =        59.9224  VDWAALS    =      4157.4427
 EELEC  =    -35021.9371  EHBOND  =         0.0000  RESTRAINT  =         4.7346
 EAMBER (non-restraint)  =    -30426.8927
 EKCMT  =         0.0000  VIRIAL  =         0.0000  VOLUME     =    110425.8007
                                                    Density    =         0.8564
 ------------------------------------------------------------------------------

 NMR restraints: Bond =    0.372   Angle =     0.499   Torsion =     0.828
===============================================================================

 NSTEP =     5500   TIME(PS) =      11.000  TEMP(K) =   302.27  PRESS =     0.0
 Etot   =    -24919.0766  EKtot   =      5586.7310  EPtot      =    -30505.8075
 BOND   =        49.1236  ANGLE   =       121.0269  DIHED      =       133.0593
 1-4 NB =        74.6009  1-4 EEL =        58.7627  VDWAALS    =      4356.7264
 EELEC  =    -35303.9796  EHBOND  =         0.0000  RESTRAINT  =         4.8722
 EAMBER (non-restraint)  =    -30510.6797
 EKCMT  =         0.0000  VIRIAL  =         0.0000  VOLUME     =    107850.2661
                                                    Density    =         0.8768
 ------------------------------------------------------------------------------

 NMR restraints: Bond =    1.246   Angle =     1.617   Torsion =     0.451
===============================================================================

 NSTEP =     6000   TIME(PS) =      12.000  TEMP(K) =   300.55  PRESS =     0.0
 Etot   =    -25004.1194  EKtot   =      5555.0229  EPtot      =    -30559.1424
 BOND   =        42.3833  ANGLE   =        95.2932  DIHED      =       126.4123
 1-4 NB =        78.7552  1-4 EEL =        61.7819  VDWAALS    =      4167.3788
 EELEC  =    -35136.5421  EHBOND  =         0.0000  RESTRAINT  =         5.3951
 EAMBER (non-restraint)  =    -30564.5374
 EKCMT  =         0.0000  VIRIAL  =         0.0000  VOLUME     =    107344.4540
                                                    Density    =         0.8810
 ------------------------------------------------------------------------------

 NMR restraints: Bond =    0.578   Angle =     1.946   Torsion =     0.203
===============================================================================

 NSTEP =     6500   TIME(PS) =      13.000  TEMP(K) =   300.83  PRESS =     0.0
 Etot   =    -24990.0420  EKtot   =      5560.1938  EPtot      =    -30550.2358
 BOND   =        53.2023  ANGLE   =       116.5310  DIHED      =       131.1714
 1-4 NB =        73.7300  1-4 EEL =        58.2618  VDWAALS    =      4398.6668
 EELEC  =    -35390.7724  EHBOND  =         0.0000  RESTRAINT  =         8.9733
 EAMBER (non-restraint)  =    -30559.2091
 EKCMT  =         0.0000  VIRIAL  =         0.0000  VOLUME     =    105421.3255
                                                    Density    =         0.8970
 ------------------------------------------------------------------------------

 NMR restraints: Bond =    0.839   Angle =     2.661   Torsion =     2.219
===============================================================================

 NSTEP =     7000   TIME(PS) =      14.000  TEMP(K) =   297.36  PRESS =     0.0
 Etot   =    -25218.2017  EKtot   =      5496.1509  EPtot      =    -30714.3526
 BOND   =        49.8458  ANGLE   =       120.2182  DIHED      =       135.9089
 1-4 NB =        75.7465  1-4 EEL =        63.8407  VDWAALS    =      4195.6176
 EELEC  =    -35364.5503  EHBOND  =         0.0000  RESTRAINT  =         9.0200
 EAMBER (non-restraint)  =    -30723.3726
 EKCMT  =         0.0000  VIRIAL  =         0.0000  VOLUME     =    104364.7403
                                                    Density    =         0.9061
 ------------------------------------------------------------------------------

 NMR restraints: Bond =    0.196   Angle =     4.576   Torsion =     0.973
===============================================================================

 NSTEP =     7500   TIME(PS) =      15.000  TEMP(K) =   295.65  PRESS =     0.0
 Etot   =    -25336.7668  EKtot   =      5464.5254  EPtot      =    -30801.2922
 BOND   =        53.1792  ANGLE   =        99.8563  DIHED      =       142.5405
 1-4 NB =        75.8321  1-4 EEL =        63.6650  VDWAALS    =      4255.1782
 EELEC  =    -35495.5476  EHBOND  =         0.0000  RESTRAINT  =         4.0041
 EAMBER (non-restraint)  =    -30805.2963
 EKCMT  =         0.0000  VIRIAL  =         0.0000  VOLUME     =    102522.4574
                                                    Density    =         0.9224
 ------------------------------------------------------------------------------

 NMR restraints: Bond =    0.080   Angle =     1.851   Torsion =     0.631
===============================================================================

 NSTEP =     8000   TIME(PS) =      16.000  TEMP(K) =   297.82  PRESS =     0.0
 Etot   =    -25177.4214  EKtot   =      5504.4761  EPtot      =    -30681.8975
 BOND   =        58.1289  ANGLE   =       114.7936  DIHED      =       133.7137
 1-4 NB =        73.5034  1-4 EEL =        63.6858  VDWAALS    =      4341.3280
 EELEC  =    -35473.1667  EHBOND  =         0.0000  RESTRAINT  =         6.1158
 EAMBER (non-restraint)  =    -30688.0133
 EKCMT  =         0.0000  VIRIAL  =         0.0000  VOLUME     =    100723.5571
                                                    Density    =         0.9389
 ------------------------------------------------------------------------------

 NMR restraints: Bond =    1.221   Angle =     2.161   Torsion =     1.506
===============================================================================

 NSTEP =     8500   TIME(PS) =      17.000  TEMP(K) =   302.41  PRESS =     0.0
 Etot   =    -25129.8514  EKtot   =      5589.3286  EPtot      =    -30719.1800
 BOND   =        60.1907  ANGLE   =       110.7827  DIHED      =       137.6461
 1-4 NB =        73.5399  1-4 EEL =        63.4473  VDWAALS    =      4356.6962
 EELEC  =    -35526.9556  EHBOND  =         0.0000  RESTRAINT  =         5.4727
 EAMBER (non-restraint)  =    -30724.6527
 EKCMT  =         0.0000  VIRIAL  =         0.0000  VOLUME     =    100223.5132
                                                    Density    =         0.9436
 ------------------------------------------------------------------------------

 NMR restraints: Bond =    0.686   Angle =     3.270   Torsion =     0.134
===============================================================================

 NSTEP =     9000   TIME(PS) =      18.000  TEMP(K) =   301.34  PRESS =     0.0
 Etot   =    -25254.7671  EKtot   =      5569.6162  EPtot      =    -30824.3833
 BOND   =        45.8977  ANGLE   =       106.7909  DIHED      =       135.3156
 1-4 NB =        77.5289  1-4 EEL =        59.6690  VDWAALS    =      4216.8872
 EELEC  =    -35475.0721  EHBOND  =         0.0000  RESTRAINT  =         8.5996
 EAMBER (non-restraint)  =    -30832.9830
 EKCMT  =         0.0000  VIRIAL  =         0.0000  VOLUME     =     99690.8063
                                                    Density    =         0.9486
 ------------------------------------------------------------------------------

 NMR restraints: Bond =    0.425   Angle =     6.205   Torsion =     0.151
===============================================================================

 NSTEP =     9500   TIME(PS) =      19.000  TEMP(K) =   298.52  PRESS =     0.0
 Etot   =    -25376.8439  EKtot   =      5517.4321  EPtot      =    -30894.2760
 BOND   =        53.0102  ANGLE   =       115.0390  DIHED      =       145.6616
 1-4 NB =        75.4664  1-4 EEL =        64.8541  VDWAALS    =      4507.0254
 EELEC  =    -35860.2210  EHBOND  =         0.0000  RESTRAINT  =         4.8882
 EAMBER (non-restraint)  =    -30899.1642
 EKCMT  =         0.0000  VIRIAL  =         0.0000  VOLUME     =     97937.9154
                                                    Density    =         0.9656
 ------------------------------------------------------------------------------

 NMR restraints: Bond =    0.558   Angle =     2.226   Torsion =     1.107
===============================================================================

 NSTEP =    10000   TIME(PS) =      20.000  TEMP(K) =   299.20  PRESS =     0.0
 Etot   =    -25233.1969  EKtot   =      5530.0952  EPtot      =    -30763.2922
 BOND   =        46.6012  ANGLE   =       103.3028  DIHED      =       135.5564
 1-4 NB =        75.8448  1-4 EEL =        65.7591  VDWAALS    =      4309.6114
 EELEC  =    -35504.1125  EHBOND  =         0.0000  RESTRAINT  =         4.1447
 EAMBER (non-restraint)  =    -30767.4369
 EKCMT  =         0.0000  VIRIAL  =         0.0000  VOLUME     =     97886.2834
                                                    Density    =         0.9661
 ------------------------------------------------------------------------------

 NMR restraints: Bond =    0.192   Angle =     1.749   Torsion =     0.141
===============================================================================

 NSTEP =    10500   TIME(PS) =      21.000  TEMP(K) =   298.23  PRESS =     0.0
 Etot   =    -25310.6861  EKtot   =      5512.1514  EPtot      =    -30822.8374
 BOND   =        46.2433  ANGLE   =       101.0011  DIHED      =       140.2042
 1-4 NB =        76.6132  1-4 EEL =        62.5339  VDWAALS    =      4350.7334
 EELEC  =    -35603.7998  EHBOND  =         0.0000  RESTRAINT  =         3.6332
 EAMBER (non-restraint)  =    -30826.4707
 EKCMT  =         0.0000  VIRIAL  =         0.0000  VOLUME     =     96622.1045
                                                    Density    =         0.9787
 ------------------------------------------------------------------------------

 NMR restraints: Bond =    0.135   Angle =     1.167   Torsion =     0.744
===============================================================================

 NSTEP =    11000   TIME(PS) =      22.000  TEMP(K) =   302.09  PRESS =     0.0
 Etot   =    -25364.4589  EKtot   =      5583.4062  EPtot      =    -30947.8652
 BOND   =        52.0302  ANGLE   =        88.1008  DIHED      =       142.0531
 1-4 NB =        79.0873  1-4 EEL =        63.5067  VDWAALS    =      4227.1723
 EELEC  =    -35606.4076  EHBOND  =         0.0000  RESTRAINT  =         6.5919
 EAMBER (non-restraint)  =    -30954.4571
 EKCMT  =         0.0000  VIRIAL  =         0.0000  VOLUME     =     96321.2345
                                                    Density    =         0.9818
 ------------------------------------------------------------------------------

 NMR restraints: Bond =    1.965   Angle =     1.409   Torsion =     0.255
===============================================================================
