2018-04-30 07:41:02 PM Started logging...
2018-04-30 07:41:02 PM 2018-04-27_16:08:13_-0700-3c20478-0.0.3
2018-04-30 07:41:02 PM Writing minimize.in
2018-04-30 07:41:02 PM Running Minimization at ./
2018-04-30 07:41:02 PM Exec line: pmemd.cuda -O -p solvate.prmtop -ref solvate.rst7 -c solvate.rst7 -i minimize.in -o minimize.out -r minimize.rst7 -inf minimize.mdinfo
2018-04-30 07:41:07 PM Minimization completed...
2018-04-30 07:41:07 PM Writing equil.000.in
2018-04-30 07:41:07 PM Running MD at ./
2018-04-30 07:41:07 PM Exec line: pmemd.cuda -O -p solvate.prmtop -ref solvate.rst7 -c minimize.rst7 -i equil.000.in -o equil.000.out -r equil.000.rst7 -x equil.000.nc -inf equil.000.mdinfo -e equil.000.mden
2018-04-30 07:41:16 PM STDOUT/STDERR received from AMBER execution
2018-04-30 07:41:16 PM b'ERROR: Calculation halted.  Periodic box dimensions have changed too much from their initial values.'
2018-04-30 07:41:16 PM b'  Your system density has likely changed by a large amount, probably from'
2018-04-30 07:41:16 PM b'  starting the simulation from a structure a long way from equilibrium.'
2018-04-30 07:41:16 PM b''
2018-04-30 07:41:16 PM b'  [Although this error can also occur if the simulation has blown up for some reason]'
2018-04-30 07:41:16 PM b''
2018-04-30 07:41:16 PM b'  The GPU code does not automatically reorganize grid cells and thus you'
2018-04-30 07:41:16 PM b'  will need to restart the calculation from the previous restart file.'
2018-04-30 07:41:16 PM b'  This will generate new grid cells and allow the calculation to continue.'
2018-04-30 07:41:16 PM b'  It may be necessary to repeat this restarting multiple times if your system'
2018-04-30 07:41:16 PM b'  is a long way from an equilibrated density.'
2018-04-30 07:41:16 PM b''
2018-04-30 07:41:16 PM b'  Alternatively you can run with the CPU code until the density has converged'
2018-04-30 07:41:16 PM b'  and then switch back to the GPU code.'
2018-04-30 07:41:16 PM b''
2018-04-30 07:41:16 PM Simulation did not complete when executing the following ....
2018-04-30 07:41:16 PM pmemd.cuda -O -p solvate.prmtop -ref solvate.rst7 -c minimize.rst7 -i equil.000.in -o equil.000.out -r equil.000.rst7 -x equil.000.nc -inf equil.000.mdinfo -e equil.000.mden
2018-04-30 07:41:16 PM Writing equil.001.in
2018-04-30 07:41:16 PM Running MD at ./
2018-04-30 07:41:16 PM Exec line: pmemd.cuda -O -p solvate.prmtop -ref equil.001.inpcrd -c equil.000.rst7 -i equil.001.in -o equil.001.out -r equil.001.rst7 -x equil.001.nc -inf equil.001.mdinfo -e equil.001.mden
2018-04-30 07:41:19 PM Simulation did not complete when executing the following ....
2018-04-30 07:41:19 PM pmemd.cuda -O -p solvate.prmtop -ref equil.001.inpcrd -c equil.000.rst7 -i equil.001.in -o equil.001.out -r equil.001.rst7 -x equil.001.nc -inf equil.001.mdinfo -e equil.001.mden
2018-04-30 07:41:19 PM Writing equil.002.in
2018-04-30 07:41:19 PM Running MD at ./
2018-04-30 07:41:19 PM Exec line: pmemd.cuda -O -p solvate.prmtop -ref equil.002.inpcrd -c equil.001.rst7 -i equil.002.in -o equil.002.out -r equil.002.rst7 -x equil.002.nc -inf equil.002.mdinfo -e equil.002.mden
2018-04-30 07:41:22 PM Simulation did not complete when executing the following ....
2018-04-30 07:41:22 PM pmemd.cuda -O -p solvate.prmtop -ref equil.002.inpcrd -c equil.001.rst7 -i equil.002.in -o equil.002.out -r equil.002.rst7 -x equil.002.nc -inf equil.002.mdinfo -e equil.002.mden
2018-04-30 07:41:22 PM Writing equil.003.in
2018-04-30 07:41:22 PM Running MD at ./
2018-04-30 07:41:22 PM Exec line: pmemd.cuda -O -p solvate.prmtop -ref equil.003.inpcrd -c equil.002.rst7 -i equil.003.in -o equil.003.out -r equil.003.rst7 -x equil.003.nc -inf equil.003.mdinfo -e equil.003.mden
2018-04-30 07:41:24 PM Simulation did not complete when executing the following ....
2018-04-30 07:41:24 PM pmemd.cuda -O -p solvate.prmtop -ref equil.003.inpcrd -c equil.002.rst7 -i equil.003.in -o equil.003.out -r equil.003.rst7 -x equil.003.nc -inf equil.003.mdinfo -e equil.003.mden
2018-04-30 07:41:24 PM Writing equil.004.in
2018-04-30 07:41:24 PM Running MD at ./
2018-04-30 07:41:24 PM Exec line: pmemd.cuda -O -p solvate.prmtop -ref equil.004.inpcrd -c equil.003.rst7 -i equil.004.in -o equil.004.out -r equil.004.rst7 -x equil.004.nc -inf equil.004.mdinfo -e equil.004.mden
2018-04-30 07:41:27 PM Simulation did not complete when executing the following ....
2018-04-30 07:41:27 PM pmemd.cuda -O -p solvate.prmtop -ref equil.004.inpcrd -c equil.003.rst7 -i equil.004.in -o equil.004.out -r equil.004.rst7 -x equil.004.nc -inf equil.004.mdinfo -e equil.004.mden
2018-04-30 07:41:27 PM Writing equil.005.in
2018-04-30 07:41:27 PM Running MD at ./
2018-04-30 07:41:27 PM Exec line: pmemd.cuda -O -p solvate.prmtop -ref equil.005.inpcrd -c equil.004.rst7 -i equil.005.in -o equil.005.out -r equil.005.rst7 -x equil.005.nc -inf equil.005.mdinfo -e equil.005.mden
2018-04-30 07:41:29 PM Simulation did not complete when executing the following ....
2018-04-30 07:41:29 PM pmemd.cuda -O -p solvate.prmtop -ref equil.005.inpcrd -c equil.004.rst7 -i equil.005.in -o equil.005.out -r equil.005.rst7 -x equil.005.nc -inf equil.005.mdinfo -e equil.005.mden
2018-04-30 07:41:29 PM Writing equil.006.in
2018-04-30 07:41:29 PM Running MD at ./
2018-04-30 07:41:29 PM Exec line: pmemd.cuda -O -p solvate.prmtop -ref equil.006.inpcrd -c equil.005.rst7 -i equil.006.in -o equil.006.out -r equil.006.rst7 -x equil.006.nc -inf equil.006.mdinfo -e equil.006.mden
2018-04-30 07:41:35 PM Simulation did not complete when executing the following ....
2018-04-30 07:41:35 PM pmemd.cuda -O -p solvate.prmtop -ref equil.006.inpcrd -c equil.005.rst7 -i equil.006.in -o equil.006.out -r equil.006.rst7 -x equil.006.nc -inf equil.006.mdinfo -e equil.006.mden
2018-04-30 07:41:35 PM Writing equil.007.in
2018-04-30 07:41:35 PM Running MD at ./
2018-04-30 07:41:35 PM Exec line: pmemd.cuda -O -p solvate.prmtop -ref equil.007.inpcrd -c equil.006.rst7 -i equil.007.in -o equil.007.out -r equil.007.rst7 -x equil.007.nc -inf equil.007.mdinfo -e equil.007.mden
2018-04-30 07:41:38 PM Simulation did not complete when executing the following ....
2018-04-30 07:41:38 PM pmemd.cuda -O -p solvate.prmtop -ref equil.007.inpcrd -c equil.006.rst7 -i equil.007.in -o equil.007.out -r equil.007.rst7 -x equil.007.nc -inf equil.007.mdinfo -e equil.007.mden
2018-04-30 07:41:38 PM Writing equil.008.in
2018-04-30 07:41:38 PM Running MD at ./
2018-04-30 07:41:38 PM Exec line: pmemd.cuda -O -p solvate.prmtop -ref equil.008.inpcrd -c equil.007.rst7 -i equil.008.in -o equil.008.out -r equil.008.rst7 -x equil.008.nc -inf equil.008.mdinfo -e equil.008.mden
2018-04-30 07:41:40 PM Simulation did not complete when executing the following ....
2018-04-30 07:41:40 PM pmemd.cuda -O -p solvate.prmtop -ref equil.008.inpcrd -c equil.007.rst7 -i equil.008.in -o equil.008.out -r equil.008.rst7 -x equil.008.nc -inf equil.008.mdinfo -e equil.008.mden
2018-04-30 07:41:40 PM Writing equil.009.in
2018-04-30 07:41:40 PM Running MD at ./
2018-04-30 07:41:40 PM Exec line: pmemd.cuda -O -p solvate.prmtop -ref equil.009.inpcrd -c equil.008.rst7 -i equil.009.in -o equil.009.out -r equil.009.rst7 -x equil.009.nc -inf equil.009.mdinfo -e equil.009.mden
2018-04-30 07:41:43 PM Simulation did not complete when executing the following ....
2018-04-30 07:41:43 PM pmemd.cuda -O -p solvate.prmtop -ref equil.009.inpcrd -c equil.008.rst7 -i equil.009.in -o equil.009.out -r equil.009.rst7 -x equil.009.nc -inf equil.009.mdinfo -e equil.009.mden
2018-04-30 07:41:43 PM Writing prod.000.in
2018-04-30 07:41:43 PM Running MD at ./
2018-04-30 07:41:43 PM Exec line: pmemd.cuda -O -p solvate.prmtop -ref solvate.rst7 -c equil.rst7 -i prod.000.in -o prod.000.out -r prod.000.rst7 -x prod.000.nc -inf prod.000.mdinfo -e prod.000.mden
2018-04-30 07:41:45 PM Simulation did not complete when executing the following ....
2018-04-30 07:41:45 PM pmemd.cuda -O -p solvate.prmtop -ref solvate.rst7 -c equil.rst7 -i prod.000.in -o prod.000.out -r prod.000.rst7 -x prod.000.nc -inf prod.000.mdinfo -e prod.000.mden
2018-04-30 10:02:29 PM Started logging...
2018-04-30 10:02:29 PM 2018-04-30_14:45:29_-0700-dff30ec-0.0.3
2018-04-30 10:02:29 PM Completed output detected ... Skipping. Use: run(overwrite=True) to overwrite
2018-04-30 10:02:29 PM Writing equil.000.in
2018-04-30 10:02:29 PM Running MD at ./
2018-04-30 10:02:29 PM Exec line: pmemd.cuda -O -p solvate.prmtop -ref solvate.rst7 -c minimize.rst7 -i equil.000.in -o equil.000.out -r equil.000.rst7 -x equil.000.nc -inf equil.000.mdinfo -e equil.000.mden
2018-04-30 10:02:35 PM STDOUT/STDERR received from AMBER execution
2018-04-30 10:02:35 PM b'ERROR: Calculation halted.  Periodic box dimensions have changed too much from their initial values.'
2018-04-30 10:02:35 PM b'  Your system density has likely changed by a large amount, probably from'
2018-04-30 10:02:35 PM b'  starting the simulation from a structure a long way from equilibrium.'
2018-04-30 10:02:35 PM b''
2018-04-30 10:02:35 PM b'  [Although this error can also occur if the simulation has blown up for some reason]'
2018-04-30 10:02:35 PM b''
2018-04-30 10:02:35 PM b'  The GPU code does not automatically reorganize grid cells and thus you'
2018-04-30 10:02:35 PM b'  will need to restart the calculation from the previous restart file.'
2018-04-30 10:02:35 PM b'  This will generate new grid cells and allow the calculation to continue.'
2018-04-30 10:02:35 PM b'  It may be necessary to repeat this restarting multiple times if your system'
2018-04-30 10:02:35 PM b'  is a long way from an equilibrated density.'
2018-04-30 10:02:35 PM b''
2018-04-30 10:02:35 PM b'  Alternatively you can run with the CPU code until the density has converged'
2018-04-30 10:02:35 PM b'  and then switch back to the GPU code.'
2018-04-30 10:02:35 PM b''
2018-04-30 10:02:35 PM Simulation did not complete when executing the following ....
2018-04-30 10:02:35 PM pmemd.cuda -O -p solvate.prmtop -ref solvate.rst7 -c minimize.rst7 -i equil.000.in -o equil.000.out -r equil.000.rst7 -x equil.000.nc -inf equil.000.mdinfo -e equil.000.mden
2018-04-30 10:02:35 PM Writing equil.001.in
2018-04-30 10:02:35 PM Running MD at ./
2018-04-30 10:02:35 PM Exec line: pmemd.cuda -O -p solvate.prmtop -ref solvate.rst7 -c equil.000.rst7 -i equil.001.in -o equil.001.out -r equil.001.rst7 -x equil.001.nc -inf equil.001.mdinfo -e equil.001.mden
2018-04-30 10:08:23 PM MD completed ...
2018-04-30 10:08:23 PM Writing prod.000.in
2018-04-30 10:08:23 PM Running MD at ./
2018-04-30 10:08:23 PM Exec line: pmemd.cuda -O -p solvate.prmtop -ref solvate.rst7 -c equil.rst7 -i prod.000.in -o prod.000.out -r prod.000.rst7 -x prod.000.nc -inf prod.000.mdinfo -e prod.000.mden
2018-04-30 10:12:49 PM MD completed ...
2018-04-30 10:12:49 PM Writing prod.001.in
2018-04-30 10:12:49 PM Running MD at ./
2018-04-30 10:12:49 PM Exec line: pmemd.cuda -O -p solvate.prmtop -ref solvate.rst7 -c prod.000.rst7 -i prod.001.in -o prod.001.out -r prod.001.rst7 -x prod.001.nc -inf prod.001.mdinfo -e prod.001.mden
2018-04-30 10:17:18 PM MD completed ...
2018-04-30 10:17:18 PM Writing prod.002.in
2018-04-30 10:17:18 PM Running MD at ./
2018-04-30 10:17:18 PM Exec line: pmemd.cuda -O -p solvate.prmtop -ref solvate.rst7 -c prod.001.rst7 -i prod.002.in -o prod.002.out -r prod.002.rst7 -x prod.002.nc -inf prod.002.mdinfo -e prod.002.mden
2018-04-30 10:21:46 PM MD completed ...
2018-04-30 10:21:46 PM Writing prod.003.in
2018-04-30 10:21:46 PM Running MD at ./
2018-04-30 10:21:46 PM Exec line: pmemd.cuda -O -p solvate.prmtop -ref solvate.rst7 -c prod.002.rst7 -i prod.003.in -o prod.003.out -r prod.003.rst7 -x prod.003.nc -inf prod.003.mdinfo -e prod.003.mden
2018-04-30 10:26:14 PM MD completed ...
2018-04-30 10:26:14 PM Writing prod.004.in
2018-04-30 10:26:14 PM Running MD at ./
2018-04-30 10:26:14 PM Exec line: pmemd.cuda -O -p solvate.prmtop -ref solvate.rst7 -c prod.003.rst7 -i prod.004.in -o prod.004.out -r prod.004.rst7 -x prod.004.nc -inf prod.004.mdinfo -e prod.004.mden
2018-04-30 10:30:42 PM MD completed ...
2018-05-01 07:47:38 AM Started logging...
2018-05-01 07:47:38 AM 2018-04-30_14:45:29_-0700-dff30ec-0.0.3
2018-05-01 07:47:38 AM Completed output detected ... Skipping. Use: run(overwrite=True) to overwrite
2018-05-01 07:47:38 AM Completed output detected ... Skipping. Use: run(overwrite=True) to overwrite
2018-05-01 07:47:38 AM Completed output detected ... Skipping. Use: run(overwrite=True) to overwrite
2018-05-01 07:47:38 AM Completed output detected ... Skipping. Use: run(overwrite=True) to overwrite
2018-05-01 07:47:38 AM Completed output detected ... Skipping. Use: run(overwrite=True) to overwrite
2018-05-01 07:47:38 AM Completed output detected ... Skipping. Use: run(overwrite=True) to overwrite
2018-05-01 01:44:54 PM Started logging...
2018-05-01 01:44:54 PM 2018-04-30_14:45:29_-0700-dff30ec-0.0.3
2018-05-01 01:44:54 PM Completed output detected ... Skipping. Use: run(overwrite=True) to overwrite
2018-05-01 01:44:54 PM Completed output detected ... Skipping. Use: run(overwrite=True) to overwrite
2018-05-01 01:44:54 PM Completed output detected ... Skipping. Use: run(overwrite=True) to overwrite
2018-05-01 01:44:54 PM Completed output detected ... Skipping. Use: run(overwrite=True) to overwrite
2018-05-01 01:44:54 PM Completed output detected ... Skipping. Use: run(overwrite=True) to overwrite
2018-05-01 01:44:54 PM Writing prod.005.in
2018-05-01 01:44:54 PM Running MD at ./
2018-05-01 01:44:54 PM Exec line: pmemd.cuda -O -p solvate.prmtop -ref solvate.rst7 -c prod.004.rst7 -i prod.005.in -o prod.005.out -r prod.005.rst7 -x prod.005.nc -inf prod.005.mdinfo -e prod.005.mden
2018-05-01 01:49:24 PM MD completed ...
2018-05-01 01:49:24 PM Writing prod.006.in
2018-05-01 01:49:24 PM Running MD at ./
2018-05-01 01:49:24 PM Exec line: pmemd.cuda -O -p solvate.prmtop -ref solvate.rst7 -c prod.005.rst7 -i prod.006.in -o prod.006.out -r prod.006.rst7 -x prod.006.nc -inf prod.006.mdinfo -e prod.006.mden
2018-05-01 01:53:51 PM MD completed ...
2018-05-01 01:53:51 PM Writing prod.007.in
2018-05-01 01:53:51 PM Running MD at ./
2018-05-01 01:53:51 PM Exec line: pmemd.cuda -O -p solvate.prmtop -ref solvate.rst7 -c prod.006.rst7 -i prod.007.in -o prod.007.out -r prod.007.rst7 -x prod.007.nc -inf prod.007.mdinfo -e prod.007.mden
2018-05-01 01:58:18 PM MD completed ...
2018-05-01 01:58:18 PM Writing prod.008.in
2018-05-01 01:58:18 PM Running MD at ./
2018-05-01 01:58:18 PM Exec line: pmemd.cuda -O -p solvate.prmtop -ref solvate.rst7 -c prod.007.rst7 -i prod.008.in -o prod.008.out -r prod.008.rst7 -x prod.008.nc -inf prod.008.mdinfo -e prod.008.mden
2018-05-01 02:02:46 PM MD completed ...
2018-05-01 02:02:46 PM Writing prod.009.in
2018-05-01 02:02:46 PM Running MD at ./
2018-05-01 02:02:46 PM Exec line: pmemd.cuda -O -p solvate.prmtop -ref solvate.rst7 -c prod.008.rst7 -i prod.009.in -o prod.009.out -r prod.009.rst7 -x prod.009.nc -inf prod.009.mdinfo -e prod.009.mden
2018-05-01 02:07:11 PM MD completed ...
2018-05-01 02:07:11 PM Writing prod.010.in
2018-05-01 02:07:11 PM Running MD at ./
2018-05-01 02:07:11 PM Exec line: pmemd.cuda -O -p solvate.prmtop -ref solvate.rst7 -c prod.009.rst7 -i prod.010.in -o prod.010.out -r prod.010.rst7 -x prod.010.nc -inf prod.010.mdinfo -e prod.010.mden
2018-05-01 02:11:38 PM MD completed ...
2018-05-01 02:11:38 PM Writing prod.011.in
2018-05-01 02:11:38 PM Running MD at ./
2018-05-01 02:11:38 PM Exec line: pmemd.cuda -O -p solvate.prmtop -ref solvate.rst7 -c prod.010.rst7 -i prod.011.in -o prod.011.out -r prod.011.rst7 -x prod.011.nc -inf prod.011.mdinfo -e prod.011.mden
2018-05-01 02:15:57 PM MD completed ...
2018-05-01 02:15:57 PM Writing prod.012.in
2018-05-01 02:15:57 PM Running MD at ./
2018-05-01 02:15:57 PM Exec line: pmemd.cuda -O -p solvate.prmtop -ref solvate.rst7 -c prod.011.rst7 -i prod.012.in -o prod.012.out -r prod.012.rst7 -x prod.012.nc -inf prod.012.mdinfo -e prod.012.mden
2018-05-01 02:20:18 PM MD completed ...
2018-05-01 02:20:18 PM Writing prod.013.in
2018-05-01 02:20:18 PM Running MD at ./
2018-05-01 02:20:18 PM Exec line: pmemd.cuda -O -p solvate.prmtop -ref solvate.rst7 -c prod.012.rst7 -i prod.013.in -o prod.013.out -r prod.013.rst7 -x prod.013.nc -inf prod.013.mdinfo -e prod.013.mden
2018-05-01 02:24:44 PM MD completed ...
2018-05-01 02:24:44 PM Writing prod.014.in
2018-05-01 02:24:44 PM Running MD at ./
2018-05-01 02:24:44 PM Exec line: pmemd.cuda -O -p solvate.prmtop -ref solvate.rst7 -c prod.013.rst7 -i prod.014.in -o prod.014.out -r prod.014.rst7 -x prod.014.nc -inf prod.014.mdinfo -e prod.014.mden
2018-05-01 02:29:10 PM MD completed ...
2018-05-01 02:29:10 PM Writing prod.015.in
2018-05-01 02:29:10 PM Running MD at ./
2018-05-01 02:29:10 PM Exec line: pmemd.cuda -O -p solvate.prmtop -ref solvate.rst7 -c prod.014.rst7 -i prod.015.in -o prod.015.out -r prod.015.rst7 -x prod.015.nc -inf prod.015.mdinfo -e prod.015.mden
2018-05-01 02:33:33 PM MD completed ...
2018-05-01 02:33:33 PM Writing prod.016.in
2018-05-01 02:33:33 PM Running MD at ./
2018-05-01 02:33:33 PM Exec line: pmemd.cuda -O -p solvate.prmtop -ref solvate.rst7 -c prod.015.rst7 -i prod.016.in -o prod.016.out -r prod.016.rst7 -x prod.016.nc -inf prod.016.mdinfo -e prod.016.mden
2018-05-01 02:37:55 PM MD completed ...
2018-05-01 02:37:55 PM Writing prod.017.in
2018-05-01 02:37:55 PM Running MD at ./
2018-05-01 02:37:55 PM Exec line: pmemd.cuda -O -p solvate.prmtop -ref solvate.rst7 -c prod.016.rst7 -i prod.017.in -o prod.017.out -r prod.017.rst7 -x prod.017.nc -inf prod.017.mdinfo -e prod.017.mden
2018-05-01 02:42:16 PM MD completed ...
2018-05-01 02:42:16 PM Writing prod.018.in
2018-05-01 02:42:16 PM Running MD at ./
2018-05-01 02:42:16 PM Exec line: pmemd.cuda -O -p solvate.prmtop -ref solvate.rst7 -c prod.017.rst7 -i prod.018.in -o prod.018.out -r prod.018.rst7 -x prod.018.nc -inf prod.018.mdinfo -e prod.018.mden
2018-05-01 02:46:42 PM MD completed ...
2018-05-01 02:46:42 PM Writing prod.019.in
2018-05-01 02:46:42 PM Running MD at ./
2018-05-01 02:46:42 PM Exec line: pmemd.cuda -O -p solvate.prmtop -ref solvate.rst7 -c prod.018.rst7 -i prod.019.in -o prod.019.out -r prod.019.rst7 -x prod.019.nc -inf prod.019.mdinfo -e prod.019.mden
2018-05-01 02:51:04 PM MD completed ...
2018-05-02 11:56:58 AM Started logging...
2018-05-02 11:56:58 AM 2018-04-30_14:45:29_-0700-dff30ec-0.0.3
2018-05-02 11:56:58 AM Writing minimize.in
2018-05-02 11:56:58 AM Running Minimization at ./
2018-05-02 11:56:58 AM Exec line: pmemd.cuda -O -p solvate.prmtop -ref solvate.rst7 -c solvate.rst7 -i minimize.in -o minimize.out -r minimize.rst7 -inf minimize.mdinfo
2018-05-02 11:57:06 AM Minimization completed...
2018-05-02 11:57:06 AM Writing equil.000.in
2018-05-02 11:57:06 AM Running MD at ./
2018-05-02 11:57:06 AM Exec line: pmemd.cuda -O -p solvate.prmtop -ref solvate.rst7 -c minimize.rst7 -i equil.000.in -o equil.000.out -r equil.000.rst7 -x equil.000.nc -inf equil.000.mdinfo -e equil.000.mden
2018-05-02 11:57:18 AM STDOUT/STDERR received from AMBER execution
2018-05-02 11:57:18 AM b'ERROR: Calculation halted.  Periodic box dimensions have changed too much from their initial values.'
2018-05-02 11:57:18 AM b'  Your system density has likely changed by a large amount, probably from'
2018-05-02 11:57:18 AM b'  starting the simulation from a structure a long way from equilibrium.'
2018-05-02 11:57:18 AM b''
2018-05-02 11:57:18 AM b'  [Although this error can also occur if the simulation has blown up for some reason]'
2018-05-02 11:57:18 AM b''
2018-05-02 11:57:18 AM b'  The GPU code does not automatically reorganize grid cells and thus you'
2018-05-02 11:57:18 AM b'  will need to restart the calculation from the previous restart file.'
2018-05-02 11:57:18 AM b'  This will generate new grid cells and allow the calculation to continue.'
2018-05-02 11:57:18 AM b'  It may be necessary to repeat this restarting multiple times if your system'
2018-05-02 11:57:18 AM b'  is a long way from an equilibrated density.'
2018-05-02 11:57:18 AM b''
2018-05-02 11:57:18 AM b'  Alternatively you can run with the CPU code until the density has converged'
2018-05-02 11:57:18 AM b'  and then switch back to the GPU code.'
2018-05-02 11:57:18 AM b''
2018-05-02 11:57:18 AM Simulation did not complete when executing the following ....
2018-05-02 11:57:18 AM pmemd.cuda -O -p solvate.prmtop -ref solvate.rst7 -c minimize.rst7 -i equil.000.in -o equil.000.out -r equil.000.rst7 -x equil.000.nc -inf equil.000.mdinfo -e equil.000.mden
2018-05-02 11:57:18 AM Writing equil.001.in
2018-05-02 11:57:18 AM Running MD at ./
2018-05-02 11:57:18 AM Exec line: pmemd.cuda -O -p solvate.prmtop -ref solvate.rst7 -c equil.000.rst7 -i equil.001.in -o equil.001.out -r equil.001.rst7 -x equil.001.nc -inf equil.001.mdinfo -e equil.001.mden
2018-05-02 12:03:30 PM MD completed ...
2018-05-02 12:03:30 PM Writing prod.000.in
2018-05-02 12:03:30 PM Running MD at ./
2018-05-02 12:03:30 PM Exec line: pmemd.cuda -O -p solvate.prmtop -ref solvate.rst7 -c equil.rst7 -i prod.000.in -o prod.000.out -r prod.000.rst7 -x prod.000.nc -inf prod.000.mdinfo -e prod.000.mden
2018-05-02 12:08:10 PM MD completed ...
2018-05-02 12:08:10 PM Writing prod.001.in
2018-05-02 12:08:10 PM Running MD at ./
2018-05-02 12:08:10 PM Exec line: pmemd.cuda -O -p solvate.prmtop -ref solvate.rst7 -c prod.000.rst7 -i prod.001.in -o prod.001.out -r prod.001.rst7 -x prod.001.nc -inf prod.001.mdinfo -e prod.001.mden
2018-05-02 12:12:49 PM MD completed ...
2018-05-02 12:12:49 PM Writing prod.002.in
2018-05-02 12:12:49 PM Running MD at ./
2018-05-02 12:12:49 PM Exec line: pmemd.cuda -O -p solvate.prmtop -ref solvate.rst7 -c prod.001.rst7 -i prod.002.in -o prod.002.out -r prod.002.rst7 -x prod.002.nc -inf prod.002.mdinfo -e prod.002.mden
2018-05-02 12:17:28 PM MD completed ...
2018-05-02 12:17:28 PM Writing prod.003.in
2018-05-02 12:17:28 PM Running MD at ./
2018-05-02 12:17:28 PM Exec line: pmemd.cuda -O -p solvate.prmtop -ref solvate.rst7 -c prod.002.rst7 -i prod.003.in -o prod.003.out -r prod.003.rst7 -x prod.003.nc -inf prod.003.mdinfo -e prod.003.mden
2018-05-02 12:22:07 PM MD completed ...
2018-05-02 12:22:07 PM Writing prod.004.in
2018-05-02 12:22:07 PM Running MD at ./
2018-05-02 12:22:07 PM Exec line: pmemd.cuda -O -p solvate.prmtop -ref solvate.rst7 -c prod.003.rst7 -i prod.004.in -o prod.004.out -r prod.004.rst7 -x prod.004.nc -inf prod.004.mdinfo -e prod.004.mden
2018-05-02 12:26:47 PM MD completed ...
2018-05-05 08:07:14 PM Started logging...
2018-05-05 08:07:14 PM 2018-04-30_14:45:29_-0700-dff30ec-0.0.3
2018-05-05 08:07:14 PM Completed output detected ... Skipping. Use: run(overwrite=True) to overwrite
2018-05-05 08:07:14 PM Completed output detected ... Skipping. Use: run(overwrite=True) to overwrite
2018-05-05 08:07:14 PM Completed output detected ... Skipping. Use: run(overwrite=True) to overwrite
2018-05-05 08:07:14 PM Completed output detected ... Skipping. Use: run(overwrite=True) to overwrite
2018-05-05 08:07:14 PM Completed output detected ... Skipping. Use: run(overwrite=True) to overwrite
2018-05-05 08:07:14 PM Completed output detected ... Skipping. Use: run(overwrite=True) to overwrite
2018-05-05 08:07:14 PM Writing prod.005.in
2018-05-05 08:07:14 PM Running MD at ./
2018-05-05 08:07:14 PM Exec line: pmemd.cuda -O -p solvate.prmtop -ref solvate.rst7 -c prod.004.rst7 -i prod.005.in -o prod.005.out -r prod.005.rst7 -x prod.005.nc -inf prod.005.mdinfo -e prod.005.mden
2018-05-05 08:11:54 PM MD completed ...
2018-05-05 08:11:54 PM Writing prod.006.in
2018-05-05 08:11:54 PM Running MD at ./
2018-05-05 08:11:54 PM Exec line: pmemd.cuda -O -p solvate.prmtop -ref solvate.rst7 -c prod.005.rst7 -i prod.006.in -o prod.006.out -r prod.006.rst7 -x prod.006.nc -inf prod.006.mdinfo -e prod.006.mden
2018-05-05 08:16:35 PM MD completed ...
2018-05-05 08:16:35 PM Writing prod.007.in
2018-05-05 08:16:35 PM Running MD at ./
2018-05-05 08:16:35 PM Exec line: pmemd.cuda -O -p solvate.prmtop -ref solvate.rst7 -c prod.006.rst7 -i prod.007.in -o prod.007.out -r prod.007.rst7 -x prod.007.nc -inf prod.007.mdinfo -e prod.007.mden
2018-05-05 08:21:17 PM MD completed ...
2018-05-05 08:21:17 PM Writing prod.008.in
2018-05-05 08:21:17 PM Running MD at ./
2018-05-05 08:21:17 PM Exec line: pmemd.cuda -O -p solvate.prmtop -ref solvate.rst7 -c prod.007.rst7 -i prod.008.in -o prod.008.out -r prod.008.rst7 -x prod.008.nc -inf prod.008.mdinfo -e prod.008.mden
2018-05-05 08:25:58 PM MD completed ...
2018-05-05 08:25:58 PM Writing prod.009.in
2018-05-05 08:25:58 PM Running MD at ./
2018-05-05 08:25:58 PM Exec line: pmemd.cuda -O -p solvate.prmtop -ref solvate.rst7 -c prod.008.rst7 -i prod.009.in -o prod.009.out -r prod.009.rst7 -x prod.009.nc -inf prod.009.mdinfo -e prod.009.mden
2018-05-05 08:30:44 PM MD completed ...
