
          -------------------------------------------------------
          Amber 18 PMEMD                              2018
          -------------------------------------------------------

| PMEMD implementation of SANDER, Release 18

| Run on 05/02/2018 at 12:29:36

|   Executable path: pmemd.cuda
| Working directory: /oasis/tscc/scratch/davids4/SAMPLing-cut9/11499229.tscc-mgr.local
|          Hostname: tscc-gpu-7-9.sdsc.edu

  [-O]verwriting output

File Assignments:
|   MDIN: minimize.in                                                           
|  MDOUT: minimize.out                                                          
| INPCRD: solvate.rst7                                                          
|   PARM: solvate.prmtop                                                        
| RESTRT: minimize.rst7                                                         
|   REFC: solvate.rst7                                                          
|  MDVEL: mdvel                                                                 
|   MDEN: mden                                                                  
|  MDCRD: mdcrd                                                                 
| MDINFO: minimize.mdinfo                                                       
|  MDFRC: mdfrc                                                                 


 Here is the input file:

PBC Minimization                                                               
 &cntrl                                                                        
  imin =          1,                                                           
  ntx =           1,                                                           
  irest =         0,                                                           
  maxcyc =        500,                                                         
  ncyc =          400,                                                         
  dt =            0.0,                                                         
  nstlim =        0,                                                           
  ntpr =          100,                                                         
  ntwe =          0,                                                           
  ntwr =          5000,                                                        
  ntwx =          0,                                                           
  ntxo =          1,                                                           
  ioutfm =        1,                                                           
  ntf =           1,                                                           
  ntc =           1,                                                           
  cut =           9.0,                                                         
  igb =           0,                                                           
  tempi =         298.15,                                                      
  temp0 =         298.15,                                                      
  ntt =           0,                                                           
  gamma_ln =      0.0,                                                         
  ig =            0,                                                           
  ntp =           0,                                                           
  barostat =      0,                                                           
  ntr =           1,                                                           
  restraint_wt =  50.0,                                                        
  restraintmask = '@DUM',                                                      
  nmropt =        1,                                                           
  pencut =        -1,                                                          
 /                                                                             
 &wt type = 'END', /                                                           
DISANG = disang.rest                                                           
LISTOUT = POUT                                                                 
                                                                               


| irandom = 1, using AMBER's internal random number generator (default).
 
|--------------------- INFORMATION ----------------------
| GPU (CUDA) Version of PMEMD in use: NVIDIA GPU IN USE.
|                    Version 18.0.0
| 
|                      03/25/2018
| 
| Implementation by:
|                    Ross C. Walker     (SDSC)
|                    Scott Le Grand     (nVIDIA)
| 
| Version 18 performance extensions by:
|                    David Cerutti     (Rutgers)
| 
| Precision model in use:
|      [SPFP] - Single Precision Forces, 64-bit Fixed Point
|               Accumulation. (Default)
| 
|--------------------------------------------------------
 
|----------------- CITATION INFORMATION -----------------
|
|    When publishing work that utilized the CUDA version
|    of AMBER, please cite the following in addition to
|    the regular AMBER citations:
|
|  - Romelia Salomon-Ferrer; Andreas W. Goetz; Duncan
|    Poole; Scott Le Grand; Ross C. Walker "Routine
|    microsecond molecular dynamics simulations with
|    AMBER - Part II: Particle Mesh Ewald", J. Chem.
|    Theory Comput., 2013, 9 (9), pp3878-3888,
|    DOI: 10.1021/ct400314y.
|
|  - Andreas W. Goetz; Mark J. Williamson; Dong Xu;
|    Duncan Poole; Scott Le Grand; Ross C. Walker
|    "Routine microsecond molecular dynamics simulations
|    with AMBER - Part I: Generalized Born", J. Chem.
|    Theory Comput., 2012, 8 (5), pp1542-1555.
|
|  - Scott Le Grand; Andreas W. Goetz; Ross C. Walker
|    "SPFP: Speed without compromise - a mixed precision
|    model for GPU accelerated molecular dynamics
|    simulations.", Comp. Phys. Comm., 2013, 184
|    pp374-380, DOI: 10.1016/j.cpc.2012.09.022
|
|--------------------------------------------------------
 
|------------------- GPU DEVICE INFO --------------------
|
|            CUDA_VISIBLE_DEVICES: 4
|   CUDA Capable Devices Detected:      1
|           CUDA Device ID in use:      0
|                CUDA Device Name: GeForce GTX TITAN X
|     CUDA Device Global Mem Size:  12207 MB
| CUDA Device Num Multiprocessors:     24
|           CUDA Device Core Freq:   1.08 GHz
|
|--------------------------------------------------------
 
 
| Conditional Compilation Defines Used:
| PUBFFT
| BINTRAJ
| CUDA
| EMIL

| Largest sphere to fit in unit cell has radius =    21.056

| New format PARM file being parsed.
| Version =    1.000 Date = 04/23/18 Time = 19:57:40

| Note: 1-4 EEL scale factors are being read from the topology file.

| Note: 1-4 VDW scale factors are being read from the topology file.
| Duplicated    0 dihedrals

| Duplicated    0 dihedrals

--------------------------------------------------------------------------------
   1.  RESOURCE   USE: 
--------------------------------------------------------------------------------

 getting new box info from bottom of inpcrd
 NATOM  =    9221 NTYPES =      11 NBONH =    9065 MBONA  =     155
 NTHETH =     148 MTHETA =     231 NPHIH =     343 MPHIA  =     362
 NHPARM =       0 NPARM  =       0 NNB   =   13205 NRES   =    3022
 NBONA  =     155 NTHETA =     231 NPHIA =     362 NUMBND =      16
 NUMANG =      28 NPTRA  =      15 NATYP =      14 NPHB   =       0
 IFBOX  =       1 NMXRS  =     184 IFCAP =       0 NEXTRA =       0
 NCOPY  =       0

| Coordinate Index Table dimensions:     8    8   14
| Direct force subcell size =     5.2641    5.3276    5.0501

     BOX TYPE: RECTILINEAR

--------------------------------------------------------------------------------
   2.  CONTROL  DATA  FOR  THE  RUN
--------------------------------------------------------------------------------

default_name                                                                    

General flags:
     imin    =       1, nmropt  =       1

Nature and format of input:
     ntx     =       1, irest   =       0, ntrx    =       1

Nature and format of output:
     ntxo    =       1, ntpr    =     100, ntrx    =       1, ntwr    =       1
     iwrap   =       0, ntwx    =       0, ntwv    =       0, ntwe    =       0
     ioutfm  =       1, ntwprt  =       0, idecomp =       0, rbornstat=      0

Potential function:
     ntf     =       1, ntb     =       1, igb     =       0, nsnb    =      25
     ipol    =       0, gbsa    =       0, iesp    =       0
     dielc   =   1.00000, cut     =   9.00000, intdiel =   1.00000

Frozen or restrained atoms:
     ibelly  =       0, ntr     =       1
     restraint_wt =  50.00000

Energy minimization:
     maxcyc  =     500, ncyc    =     400, ntmin   =       1
     dx0     =   0.01000, drms    =   0.00010

NMR refinement options:
     iscale  =       0, noeskp  =       1, ipnlty  =       1, mxsub   =       1
     scalm   = 100.00000, pencut  =  -1.00000, tausw   =   0.10000

| Intermolecular bonds treatment:
|     no_intermolecular_bonds =       1

| Energy averages sample interval:
|     ene_avg_sampling =       1

Ewald parameters:
     verbose =       0, ew_type =       0, nbflag  =       1, use_pme =       1
     vdwmeth =       1, eedmeth =       1, netfrc  =       0
     Box X =   42.113   Box Y =   42.620   Box Z =   70.701
     Alpha =   90.000   Beta  =   90.000   Gamma =   90.000
     NFFT1 =   48       NFFT2 =   48       NFFT3 =   72
     Cutoff=    9.000   Tol   =0.100E-04
     Ewald Coefficient =  0.30768
     Interpolation order =    4

    LOADING THE CONSTRAINED ATOMS AS GROUPS


   5.  REFERENCE ATOM COORDINATES

  default_name                                                                    
     Mask @DUM; matches     3 atoms

--------------------------------------------------------------------------------
   3.  ATOMIC COORDINATES AND VELOCITIES
--------------------------------------------------------------------------------

default_name                                                                    
 begin time read from input coords =     0.000 ps



           Begin reading energy term weight changes/NMR restraints
 WEIGHT CHANGES:
                         ** No weight changes given **

 RESTRAINTS:
 Requested file redirections:
  DISANG    = disang.rest
  LISTOUT   = POUT
 Restraints will be read from file: disang.rest
Here are comments from the DISANG input file:

                       Number of restraints read =     9

                  Done reading weight changes/NMR restraints


 
 Number of triangulated 3-point waters found:     3000

     Sum of charges from parm topology file =   0.00000002
     Forcing neutrality...

| Dynamic Memory, Types Used:
| Reals              372822
| Integers           259518

| Nonbonded Pairs Initial Allocation:     2102388

| GPU memory information (estimate):
| KB of GPU memory in use:         0
| KB of CPU memory in use:         0

--------------------------------------------------------------------------------
   4.  RESULTS
--------------------------------------------------------------------------------



   NSTEP       ENERGY          RMS            GMAX         NAME    NUMBER
      1      -2.4811E+04     1.2926E+01     9.0771E+01     C89       111

 BOND    =       49.6467  ANGLE   =      110.4890  DIHED      =      142.7763
 VDWAALS =     2933.7005  EEL     =   -28189.2813  HBOND      =        0.0000
 1-4 VDW =       70.1873  1-4 EEL =       63.8198  RESTRAINT  =        8.0575
 EAMBER  =   -24818.6617
 NMR restraints: Bond =    0.000   Angle =     8.058   Torsion =     0.000
===============================================================================


   NSTEP       ENERGY          RMS            GMAX         NAME    NUMBER
    100      -3.2387E+04     2.4586E+00     3.6007E+01     C46        58

 BOND    =     1707.8351  ANGLE   =       40.4985  DIHED      =      104.8525
 VDWAALS =     3323.9321  EEL     =   -37701.1661  HBOND      =        0.0000
 1-4 VDW =       67.8337  1-4 EEL =       64.6491  RESTRAINT  =        4.9685
 EAMBER  =   -32391.5650
 NMR restraints: Bond =    0.004   Angle =     4.945   Torsion =     0.011
===============================================================================


   NSTEP       ENERGY          RMS            GMAX         NAME    NUMBER
    200      -3.3620E+04     2.1004E+00     1.2843E+02     C87       107

 BOND    =     2014.4594  ANGLE   =       42.4502  DIHED      =      103.6024
 VDWAALS =     3926.3047  EEL     =   -39840.8097  HBOND      =        0.0000
 1-4 VDW =       67.3484  1-4 EEL =       63.7635  RESTRAINT  =        2.9181
 EAMBER  =   -33622.8811
 NMR restraints: Bond =    0.012   Angle =     2.884   Torsion =     0.015
===============================================================================


   NSTEP       ENERGY          RMS            GMAX         NAME    NUMBER
    300      -3.4340E+04     1.6804E+00     6.7027E+01     C87       107

 BOND    =     2123.8370  ANGLE   =       43.7625  DIHED      =      104.3107
 VDWAALS =     4413.4939  EEL     =   -41157.5167  HBOND      =        0.0000
 1-4 VDW =       66.9750  1-4 EEL =       63.0043  RESTRAINT  =        1.7740
 EAMBER  =   -34342.1331
 NMR restraints: Bond =    0.024   Angle =     1.723   Torsion =     0.020
===============================================================================


   NSTEP       ENERGY          RMS            GMAX         NAME    NUMBER
    400      -3.4875E+04     1.5704E+00     1.0215E+02     C87       107

 BOND    =     2212.9466  ANGLE   =       45.7482  DIHED      =      104.5326
 VDWAALS =     4831.0181  EEL     =   -42198.7580  HBOND      =        0.0000
 1-4 VDW =       66.0461  1-4 EEL =       62.1675  RESTRAINT  =        1.1212
 EAMBER  =   -34876.2989
 NMR restraints: Bond =    0.043   Angle =     1.046   Torsion =     0.025
===============================================================================


   NSTEP       ENERGY          RMS            GMAX         NAME    NUMBER
    500      -3.6383E+04     1.7136E+00     7.0374E+01     C3        187

 BOND    =     2521.8467  ANGLE   =       68.5054  DIHED      =      107.4664
 VDWAALS =     6399.0300  EEL     =   -45610.2536  HBOND      =        0.0000
 1-4 VDW =       68.0565  1-4 EEL =       61.2481  RESTRAINT  =        0.6448
 EAMBER  =   -36384.1006
 NMR restraints: Bond =    0.185   Angle =     0.398   Torsion =     0.048
===============================================================================


  Maximum number of minimization cycles reached.


                    FINAL RESULTS



   NSTEP       ENERGY          RMS            GMAX         NAME    NUMBER
    500      -3.6383E+04     1.7136E+00     7.0374E+01     C3        187

 BOND    =     2521.8467  ANGLE   =       68.5054  DIHED      =      107.4664
 VDWAALS =     6399.0300  EEL     =   -45610.2536  HBOND      =        0.0000
 1-4 VDW =       68.0565  1-4 EEL =       61.2481  RESTRAINT  =        0.6448
 EAMBER  =   -36384.1006
 NMR restraints: Bond =    0.185   Angle =     0.398   Torsion =     0.048
===============================================================================
 ------------------------------------------------------------------------------


 Final Restraint Analysis for coords: minimize.rst7                           


 Restraints, deviations, and energy contributions:    pencut =   -1.00

 ------------------------------------------------------------------------------
     First atom        Last atom    curr. value target deviation  penalty
 ------------------------------------------------------------------------------
  DUM  DM1    3 --  C26  HST    1:    8.482    8.668    0.186    0.173 d    0: 0
  DUM  DM2    4 --  C26  HST    1:  152.816  153.558    0.742    0.017 a
  DUM  DM2    4 --  DUM  DM1    3: -178.840 -178.916    0.076    0.000 t
  DUM  DM1    3 --  C18  HST    1:   68.064   66.962    1.102    0.037 a
  DUM  DM1    3 --  C26  HST    1:  129.941  129.135    0.806    0.020 t
  C26  HST    1 --  C18  HST    1:   72.509   73.475    0.966    0.028 t
  DUM  DM1    3 --  C1   GST    2:   21.105   21.055    0.049    0.012 d    0: 0
  DUM  DM2    4 --  C1   GST    2:  178.524  180.000    1.476    0.066 a
  DUM  DM1    3 --  C3   GST    2:  176.979  180.000    3.021    0.278 a
                                       Total distance penalty:      0.185
                                       Total angle    penalty:      0.398
                                       Total torsion  penalty:      0.048
 ------------------------------------------------------------------------------
--------------------------------------------------------------------------------
   5.  TIMINGS
--------------------------------------------------------------------------------

|  NonSetup CPU Time in Major Routines:
|
|     Routine           Sec        %
|     ------------------------------
|     Nonbond           0.26   51.17
|     Bond              0.00    0.00
|     Angle             0.00    0.00
|     Dihedral          0.00    0.00
|     Shake             0.00    0.00
|     Other             0.25   48.83
|     ------------------------------
|     Total             0.51

|  PME Nonbond Pairlist CPU Time:
|
|     Routine              Sec        %
|     ---------------------------------
|     Set Up Cit           0.00    0.00
|     Build List           0.00    0.00
|     ---------------------------------
|     Total                0.00    0.00

|  PME Direct Force CPU Time:
|
|     Routine              Sec        %
|     ---------------------------------
|     NonBonded Calc       0.00    0.00
|     Exclude Masked       0.00    0.00
|     Other                0.00    0.00
|     ---------------------------------
|     Total                0.00    0.00

|  PME Reciprocal Force CPU Time:
|
|     Routine              Sec        %
|     ---------------------------------
|     1D bspline           0.00    0.00
|     Grid Charges         0.00    0.00
|     Scalar Sum           0.00    0.00
|     Gradient Sum         0.00    0.00
|     FFT                  0.00    0.00
|     ---------------------------------
|     Total                0.00    0.00

|  Setup CPU time:            2.85 seconds
|  NonSetup CPU time:         0.51 seconds
|  Total CPU time:            3.36 seconds     0.00 hours

|  Setup wall time:           3    seconds
|  NonSetup wall time:        1    seconds
|  Total wall time:           4    seconds     0.00 hours
