
          -------------------------------------------------------
          Amber 18 PMEMD                              2018
          -------------------------------------------------------

| PMEMD implementation of SANDER, Release 18

| Run on 05/02/2018 at 12:29:39

|   Executable path: pmemd.cuda
| Working directory: /oasis/tscc/scratch/davids4/SAMPLing-cut9/11499260.tscc-mgr.local
|          Hostname: tscc-gpu-5-10.sdsc.edu

  [-O]verwriting output

File Assignments:
|   MDIN: equil.000.in                                                          
|  MDOUT: equil.000.out                                                         
| INPCRD: minimize.rst7                                                         
|   PARM: solvate.prmtop                                                        
| RESTRT: equil.000.rst7                                                        
|   REFC: solvate.rst7                                                          
|  MDVEL: mdvel                                                                 
|   MDEN: equil.000.mden                                                        
|  MDCRD: equil.000.nc                                                          
| MDINFO: equil.000.mdinfo                                                      
|  MDFRC: mdfrc                                                                 


 Here is the input file:

PBC MD Simulation                                                              
 &cntrl                                                                        
  imin =          0,                                                           
  ntx =           1,                                                           
  irest =         0,                                                           
  maxcyc =        0,                                                           
  ncyc =          0,                                                           
  dt =            0.002,                                                       
  nstlim =        500000,                                                      
  ntpr =          500,                                                         
  ntwe =          500,                                                         
  ntwr =          250,                                                         
  ntwx =          250,                                                         
  ntxo =          1,                                                           
  ioutfm =        1,                                                           
  ntf =           2,                                                           
  ntc =           2,                                                           
  cut =           9.0,                                                         
  igb =           0,                                                           
  tempi =         298.15,                                                      
  temp0 =         298.15,                                                      
  ntt =           3,                                                           
  gamma_ln =      1.0,                                                         
  ig =            -1,                                                          
  ntp =           1,                                                           
  barostat =      2,                                                           
  ntr =           1,                                                           
  restraint_wt =  50.0,                                                        
  restraintmask = '@DUM',                                                      
  nmropt =        1,                                                           
  pencut =        -1,                                                          
  ntwprt =        204,                                                         
 /                                                                             
 &wt type = 'END', /                                                           
DISANG = disang.rest                                                           
LISTOUT = POUT                                                                 
                                                                               


Note: ig = -1. Setting random seed to   446469 based on wallclock time in 
      microseconds.
| irandom = 1, using AMBER's internal random number generator (default).
 
|--------------------- INFORMATION ----------------------
| GPU (CUDA) Version of PMEMD in use: NVIDIA GPU IN USE.
|                    Version 18.0.0
| 
|                      03/25/2018
| 
| Implementation by:
|                    Ross C. Walker     (SDSC)
|                    Scott Le Grand     (nVIDIA)
| 
| Version 18 performance extensions by:
|                    David Cerutti     (Rutgers)
| 
| Precision model in use:
|      [SPFP] - Single Precision Forces, 64-bit Fixed Point
|               Accumulation. (Default)
| 
|--------------------------------------------------------
 
|----------------- CITATION INFORMATION -----------------
|
|    When publishing work that utilized the CUDA version
|    of AMBER, please cite the following in addition to
|    the regular AMBER citations:
|
|  - Romelia Salomon-Ferrer; Andreas W. Goetz; Duncan
|    Poole; Scott Le Grand; Ross C. Walker "Routine
|    microsecond molecular dynamics simulations with
|    AMBER - Part II: Particle Mesh Ewald", J. Chem.
|    Theory Comput., 2013, 9 (9), pp3878-3888,
|    DOI: 10.1021/ct400314y.
|
|  - Andreas W. Goetz; Mark J. Williamson; Dong Xu;
|    Duncan Poole; Scott Le Grand; Ross C. Walker
|    "Routine microsecond molecular dynamics simulations
|    with AMBER - Part I: Generalized Born", J. Chem.
|    Theory Comput., 2012, 8 (5), pp1542-1555.
|
|  - Scott Le Grand; Andreas W. Goetz; Ross C. Walker
|    "SPFP: Speed without compromise - a mixed precision
|    model for GPU accelerated molecular dynamics
|    simulations.", Comp. Phys. Comm., 2013, 184
|    pp374-380, DOI: 10.1016/j.cpc.2012.09.022
|
|--------------------------------------------------------
 
|------------------- GPU DEVICE INFO --------------------
|
|            CUDA_VISIBLE_DEVICES: 2
|   CUDA Capable Devices Detected:      1
|           CUDA Device ID in use:      0
|                CUDA Device Name: GeForce GTX TITAN X
|     CUDA Device Global Mem Size:  12207 MB
| CUDA Device Num Multiprocessors:     24
|           CUDA Device Core Freq:   1.08 GHz
|
|--------------------------------------------------------
 
 
| Conditional Compilation Defines Used:
| PUBFFT
| BINTRAJ
| CUDA
| EMIL

| Largest sphere to fit in unit cell has radius =    21.056

| New format PARM file being parsed.
| Version =    1.000 Date = 04/23/18 Time = 19:55:46

| Note: 1-4 EEL scale factors are being read from the topology file.

| Note: 1-4 VDW scale factors are being read from the topology file.
| Duplicated    0 dihedrals

| Duplicated    0 dihedrals

--------------------------------------------------------------------------------
   1.  RESOURCE   USE: 
--------------------------------------------------------------------------------

 getting new box info from bottom of inpcrd
 NATOM  =    9221 NTYPES =      11 NBONH =    9065 MBONA  =     155
 NTHETH =     148 MTHETA =     231 NPHIH =     343 MPHIA  =     362
 NHPARM =       0 NPARM  =       0 NNB   =   13205 NRES   =    3022
 NBONA  =     155 NTHETA =     231 NPHIA =     362 NUMBND =      16
 NUMANG =      28 NPTRA  =      15 NATYP =      14 NPHB   =       0
 IFBOX  =       1 NMXRS  =     184 IFCAP =       0 NEXTRA =       0
 NCOPY  =       0

| Coordinate Index Table dimensions:     8    8   14
| Direct force subcell size =     5.2641    5.3276    5.0455

     BOX TYPE: RECTILINEAR

--------------------------------------------------------------------------------
   2.  CONTROL  DATA  FOR  THE  RUN
--------------------------------------------------------------------------------

default_name                                                                    

General flags:
     imin    =       0, nmropt  =       1

Nature and format of input:
     ntx     =       1, irest   =       0, ntrx    =       1

Nature and format of output:
     ntxo    =       1, ntpr    =     500, ntrx    =       1, ntwr    =     250
     iwrap   =       0, ntwx    =     250, ntwv    =       0, ntwe    =     500
     ioutfm  =       1, ntwprt  =     204, idecomp =       0, rbornstat=      0

Potential function:
     ntf     =       2, ntb     =       2, igb     =       0, nsnb    =      25
     ipol    =       0, gbsa    =       0, iesp    =       0
     dielc   =   1.00000, cut     =   9.00000, intdiel =   1.00000

Frozen or restrained atoms:
     ibelly  =       0, ntr     =       1
     restraint_wt =  50.00000

Molecular dynamics:
     nstlim  =    500000, nscm    =         0, nrespa  =         1
     t       =   0.00000, dt      =   0.00200, vlimit  =  -1.00000

Langevin dynamics temperature regulation:
     ig      =  446469
     temp0   = 298.15000, tempi   = 298.15000, gamma_ln=   1.00000

Pressure regulation:
     ntp     =       1
     pres0   =   1.00000, comp    =  44.60000, taup    =   1.00000
     Monte-Carlo Barostat:
     mcbarint  =     100

SHAKE:
     ntc     =       2, jfastw  =       0
     tol     =   0.00001

NMR refinement options:
     iscale  =       0, noeskp  =       1, ipnlty  =       1, mxsub   =       1
     scalm   = 100.00000, pencut  =  -1.00000, tausw   =   0.10000

| Intermolecular bonds treatment:
|     no_intermolecular_bonds =       1

| Energy averages sample interval:
|     ene_avg_sampling =     500

Ewald parameters:
     verbose =       0, ew_type =       0, nbflag  =       1, use_pme =       1
     vdwmeth =       1, eedmeth =       1, netfrc  =       1
     Box X =   42.113   Box Y =   42.620   Box Z =   70.636
     Alpha =   90.000   Beta  =   90.000   Gamma =   90.000
     NFFT1 =   48       NFFT2 =   48       NFFT3 =   72
     Cutoff=    9.000   Tol   =0.100E-04
     Ewald Coefficient =  0.30768
     Interpolation order =    4

    LOADING THE CONSTRAINED ATOMS AS GROUPS


   5.  REFERENCE ATOM COORDINATES

  default_name                                                                    
     Mask @DUM; matches     3 atoms
| MONTE CARLO BAROSTAT IMPORTANT NOTE:
|   The Monte-Carlo barostat does not require the virial to adjust the system volume.
|   Since it is an expensive calculation, it is skipped for efficiency. A side-effect
|   is that the reported pressure is always 0 because it is not calculated.

--------------------------------------------------------------------------------
   3.  ATOMIC COORDINATES AND VELOCITIES
--------------------------------------------------------------------------------

default_name                                                                    
 begin time read from input coords =     0.000 ps



           Begin reading energy term weight changes/NMR restraints
 WEIGHT CHANGES:
                         ** No weight changes given **

 RESTRAINTS:
 Requested file redirections:
  DISANG    = disang.rest
  LISTOUT   = POUT
 Restraints will be read from file: disang.rest
Here are comments from the DISANG input file:

                       Number of restraints read =     9

                  Done reading weight changes/NMR restraints


 
 Number of triangulated 3-point waters found:     3000

     Sum of charges from parm topology file =   0.00000002
     Forcing neutrality...

| Dynamic Memory, Types Used:
| Reals              528869
| Integers           283979

| Nonbonded Pairs Initial Allocation:     2102388

| GPU memory information (estimate):
| KB of GPU memory in use:         0
| KB of CPU memory in use:         0

--------------------------------------------------------------------------------
   4.  RESULTS
--------------------------------------------------------------------------------


 NSTEP =        0   TIME(PS) =       0.000  TEMP(K) =   450.43  PRESS =     0.0
 Etot   =    -30522.9569  EKtot   =      8323.4509  EPtot      =    -38846.4079
 BOND   =        16.5725  ANGLE   =        52.7878  DIHED      =       103.5058
 1-4 NB =        65.5922  1-4 EEL =        60.5447  VDWAALS    =      6204.1036
 EELEC  =    -45350.6532  EHBOND  =         0.0000  RESTRAINT  =         1.1388
 EAMBER (non-restraint)  =    -38847.5466
 EKCMT  =         0.0000  VIRIAL  =         0.0000  VOLUME     =    126782.4697
                                                    Density    =         0.7459
 ------------------------------------------------------------------------------

 NMR restraints: Bond =    0.294   Angle =     0.689   Torsion =     0.115
===============================================================================

 NSTEP =      500   TIME(PS) =       1.000  TEMP(K) =   264.10  PRESS =     0.0
 Etot   =    -25774.4323  EKtot   =      4880.2026  EPtot      =    -30654.6350
 BOND   =        38.2021  ANGLE   =       100.3265  DIHED      =       135.0183
 1-4 NB =        72.8824  1-4 EEL =        58.8658  VDWAALS    =      4681.2449
 EELEC  =    -35743.6481  EHBOND  =         0.0000  RESTRAINT  =         2.4731
 EAMBER (non-restraint)  =    -30657.1080
 EKCMT  =         0.0000  VIRIAL  =         0.0000  VOLUME     =    125200.4487
                                                    Density    =         0.7553
 ------------------------------------------------------------------------------

 NMR restraints: Bond =    0.451   Angle =     0.545   Torsion =     0.188
===============================================================================

 NSTEP =     1000   TIME(PS) =       2.000  TEMP(K) =   286.13  PRESS =     0.0
 Etot   =    -24959.1708  EKtot   =      5287.4473  EPtot      =    -30246.6181
 BOND   =        41.3970  ANGLE   =       100.1041  DIHED      =       131.5480
 1-4 NB =        74.0480  1-4 EEL =        62.7092  VDWAALS    =      4435.6416
 EELEC  =    -35095.6986  EHBOND  =         0.0000  RESTRAINT  =         3.6328
 EAMBER (non-restraint)  =    -30250.2508
 EKCMT  =         0.0000  VIRIAL  =         0.0000  VOLUME     =    124535.5003
                                                    Density    =         0.7593
 ------------------------------------------------------------------------------

 NMR restraints: Bond =    0.502   Angle =     0.278   Torsion =     1.617
===============================================================================

 NSTEP =     1500   TIME(PS) =       3.000  TEMP(K) =   288.22  PRESS =     0.0
 Etot   =    -24736.5618  EKtot   =      5325.9727  EPtot      =    -30062.5345
 BOND   =        41.9304  ANGLE   =        97.1041  DIHED      =       139.2012
 1-4 NB =        76.9835  1-4 EEL =        61.0343  VDWAALS    =      4156.6611
 EELEC  =    -34639.9703  EHBOND  =         0.0000  RESTRAINT  =         4.5212
 EAMBER (non-restraint)  =    -30067.0557
 EKCMT  =         0.0000  VIRIAL  =         0.0000  VOLUME     =    124535.5003
                                                    Density    =         0.7593
 ------------------------------------------------------------------------------

 NMR restraints: Bond =    1.590   Angle =     0.781   Torsion =     0.189
===============================================================================

 NSTEP =     2000   TIME(PS) =       4.000  TEMP(K) =   298.25  PRESS =     0.0
 Etot   =    -24525.1305  EKtot   =      5511.2695  EPtot      =    -30036.4001
 BOND   =        63.4220  ANGLE   =        97.9127  DIHED      =       139.6117
 1-4 NB =        74.3459  1-4 EEL =        61.1204  VDWAALS    =      4059.5626
 EELEC  =    -34535.7450  EHBOND  =         0.0000  RESTRAINT  =         3.3696
 EAMBER (non-restraint)  =    -30039.7697
 EKCMT  =         0.0000  VIRIAL  =         0.0000  VOLUME     =    123765.4179
                                                    Density    =         0.7641
 ------------------------------------------------------------------------------

 NMR restraints: Bond =    0.190   Angle =     1.493   Torsion =     0.120
===============================================================================

 NSTEP =     2500   TIME(PS) =       5.000  TEMP(K) =   303.45  PRESS =     0.0
 Etot   =    -24387.6759  EKtot   =      5607.4229  EPtot      =    -29995.0987
 BOND   =        51.2413  ANGLE   =        94.3197  DIHED      =       130.4943
 1-4 NB =        72.5293  1-4 EEL =        64.6567  VDWAALS    =      4375.0684
 EELEC  =    -34787.5047  EHBOND  =         0.0000  RESTRAINT  =         4.0963
 EAMBER (non-restraint)  =    -29999.1950
 EKCMT  =         0.0000  VIRIAL  =         0.0000  VOLUME     =    122565.6307
                                                    Density    =         0.7715
 ------------------------------------------------------------------------------

 NMR restraints: Bond =    0.250   Angle =     0.275   Torsion =     0.173
===============================================================================

 NSTEP =     3000   TIME(PS) =       6.000  TEMP(K) =   301.15  PRESS =     0.0
 Etot   =    -24375.7460  EKtot   =      5564.8662  EPtot      =    -29940.6122
 BOND   =        51.0722  ANGLE   =        91.9356  DIHED      =       135.5300
 1-4 NB =        75.9401  1-4 EEL =        61.8835  VDWAALS    =      4212.1512
 EELEC  =    -34572.4239  EHBOND  =         0.0000  RESTRAINT  =         3.2993
 EAMBER (non-restraint)  =    -29943.9114
 EKCMT  =         0.0000  VIRIAL  =         0.0000  VOLUME     =    122105.6272
                                                    Density    =         0.7744
 ------------------------------------------------------------------------------

 NMR restraints: Bond =    0.698   Angle =     0.843   Torsion =     0.273
===============================================================================

 NSTEP =     3500   TIME(PS) =       7.000  TEMP(K) =   299.10  PRESS =     0.0
 Etot   =    -24560.6878  EKtot   =      5527.0200  EPtot      =    -30087.7078
 BOND   =        57.4223  ANGLE   =       107.3471  DIHED      =       136.1485
 1-4 NB =        71.4579  1-4 EEL =        63.1299  VDWAALS    =      4213.3072
 EELEC  =    -34739.7371  EHBOND  =         0.0000  RESTRAINT  =         3.2164
 EAMBER (non-restraint)  =    -30090.9242
 EKCMT  =         0.0000  VIRIAL  =         0.0000  VOLUME     =    121341.3562
                                                    Density    =         0.7793
 ------------------------------------------------------------------------------

 NMR restraints: Bond =    0.271   Angle =     0.247   Torsion =     1.578
===============================================================================

 NSTEP =     4000   TIME(PS) =       8.000  TEMP(K) =   296.46  PRESS =     0.0
 Etot   =    -24815.4934  EKtot   =      5478.3145  EPtot      =    -30293.8079
 BOND   =        43.6731  ANGLE   =        91.7099  DIHED      =       129.1126
 1-4 NB =        74.7140  1-4 EEL =        63.9988  VDWAALS    =      4202.9110
 EELEC  =    -34906.5639  EHBOND  =         0.0000  RESTRAINT  =         6.6367
 EAMBER (non-restraint)  =    -30300.4446
 EKCMT  =         0.0000  VIRIAL  =         0.0000  VOLUME     =    120865.4963
                                                    Density    =         0.7824
 ------------------------------------------------------------------------------

 NMR restraints: Bond =    0.081   Angle =     1.942   Torsion =     0.329
===============================================================================

 NSTEP =     4500   TIME(PS) =       9.000  TEMP(K) =   296.88  PRESS =     0.0
 Etot   =    -24746.7509  EKtot   =      5486.0444  EPtot      =    -30232.7953
 BOND   =        46.5478  ANGLE   =       111.9502  DIHED      =       139.9706
 1-4 NB =        77.4728  1-4 EEL =        63.6027  VDWAALS    =      4517.5868
 EELEC  =    -35195.0094  EHBOND  =         0.0000  RESTRAINT  =         5.0832
 EAMBER (non-restraint)  =    -30237.8785
 EKCMT  =         0.0000  VIRIAL  =         0.0000  VOLUME     =    119153.1004
                                                    Density    =         0.7936
 ------------------------------------------------------------------------------

 NMR restraints: Bond =    1.093   Angle =     1.426   Torsion =     0.127
===============================================================================

 NSTEP =     5000   TIME(PS) =      10.000  TEMP(K) =   294.64  PRESS =     0.0
 Etot   =    -24829.0671  EKtot   =      5444.6270  EPtot      =    -30273.6940
 BOND   =        43.2667  ANGLE   =       112.5358  DIHED      =       135.8123
 1-4 NB =        75.6545  1-4 EEL =        60.4172  VDWAALS    =      4209.0888
 EELEC  =    -34914.6858  EHBOND  =         0.0000  RESTRAINT  =         4.2165
 EAMBER (non-restraint)  =    -30277.9105
 EKCMT  =         0.0000  VIRIAL  =         0.0000  VOLUME     =    117479.4159
                                                    Density    =         0.8049
 ------------------------------------------------------------------------------

 NMR restraints: Bond =    1.091   Angle =     0.647   Torsion =     0.389
===============================================================================

 NSTEP =     5500   TIME(PS) =      11.000  TEMP(K) =   299.39  PRESS =     0.0
 Etot   =    -24899.3891  EKtot   =      5532.3525  EPtot      =    -30431.7416
 BOND   =        55.6461  ANGLE   =       111.8364  DIHED      =       137.4234
 1-4 NB =        74.0342  1-4 EEL =        65.0411  VDWAALS    =      4346.7187
 EELEC  =    -35227.3863  EHBOND  =         0.0000  RESTRAINT  =         4.9448
 EAMBER (non-restraint)  =    -30436.6864
 EKCMT  =         0.0000  VIRIAL  =         0.0000  VOLUME     =    117293.6086
                                                    Density    =         0.8062
 ------------------------------------------------------------------------------

 NMR restraints: Bond =    0.598   Angle =     1.691   Torsion =     0.913
===============================================================================

 NSTEP =     6000   TIME(PS) =      12.000  TEMP(K) =   296.45  PRESS =     0.0
 Etot   =    -24795.9253  EKtot   =      5478.0381  EPtot      =    -30273.9634
 BOND   =        53.8431  ANGLE   =       101.1426  DIHED      =       135.5892
 1-4 NB =        75.2003  1-4 EEL =        62.5066  VDWAALS    =      4259.2605
 EELEC  =    -34967.0403  EHBOND  =         0.0000  RESTRAINT  =         5.5347
 EAMBER (non-restraint)  =    -30279.4980
 EKCMT  =         0.0000  VIRIAL  =         0.0000  VOLUME     =    116259.8661
                                                    Density    =         0.8134
 ------------------------------------------------------------------------------

 NMR restraints: Bond =    0.927   Angle =     2.203   Torsion =     1.008
===============================================================================

 NSTEP =     6500   TIME(PS) =      13.000  TEMP(K) =   299.74  PRESS =     0.0
 Etot   =    -24890.0045  EKtot   =      5538.9116  EPtot      =    -30428.9162
 BOND   =        63.0464  ANGLE   =       100.6233  DIHED      =       138.2114
 1-4 NB =        72.5993  1-4 EEL =        67.5179  VDWAALS    =      4373.3392
 EELEC  =    -35249.4492  EHBOND  =         0.0000  RESTRAINT  =         5.1957
 EAMBER (non-restraint)  =    -30434.1118
 EKCMT  =         0.0000  VIRIAL  =         0.0000  VOLUME     =    115662.7826
                                                    Density    =         0.8176
 ------------------------------------------------------------------------------

 NMR restraints: Bond =    1.283   Angle =     2.168   Torsion =     0.530
===============================================================================

 NSTEP =     7000   TIME(PS) =      14.000  TEMP(K) =   298.62  PRESS =     0.0
 Etot   =    -24925.8987  EKtot   =      5518.1548  EPtot      =    -30444.0535
 BOND   =        48.2231  ANGLE   =        98.6035  DIHED      =       140.8300
 1-4 NB =        77.1684  1-4 EEL =        66.3923  VDWAALS    =      4276.2621
 EELEC  =    -35158.2804  EHBOND  =         0.0000  RESTRAINT  =         6.7475
 EAMBER (non-restraint)  =    -30450.8010
 EKCMT  =         0.0000  VIRIAL  =         0.0000  VOLUME     =    114549.1139
                                                    Density    =         0.8255
 ------------------------------------------------------------------------------

 NMR restraints: Bond =    1.312   Angle =     1.822   Torsion =     0.487
===============================================================================

 NSTEP =     7500   TIME(PS) =      15.000  TEMP(K) =   296.76  PRESS =     0.0
 Etot   =    -24885.2621  EKtot   =      5483.7583  EPtot      =    -30369.0204
 BOND   =        60.5239  ANGLE   =       125.9806  DIHED      =       135.6863
 1-4 NB =        79.7024  1-4 EEL =        54.4206  VDWAALS    =      4353.4324
 EELEC  =    -35184.2047  EHBOND  =         0.0000  RESTRAINT  =         5.4381
 EAMBER (non-restraint)  =    -30374.4585
 EKCMT  =         0.0000  VIRIAL  =         0.0000  VOLUME     =    113219.3913
                                                    Density    =         0.8352
 ------------------------------------------------------------------------------

 NMR restraints: Bond =    2.147   Angle =     0.556   Torsion =     0.824
===============================================================================

 NSTEP =     8000   TIME(PS) =      16.000  TEMP(K) =   300.92  PRESS =     0.0
 Etot   =    -24940.6222  EKtot   =      5560.6313  EPtot      =    -30501.2535
 BOND   =        52.8473  ANGLE   =       111.0403  DIHED      =       134.3321
 1-4 NB =        77.2064  1-4 EEL =        61.2424  VDWAALS    =      4515.2460
 EELEC  =    -35459.1159  EHBOND  =         0.0000  RESTRAINT  =         5.9478
 EAMBER (non-restraint)  =    -30507.2013
 EKCMT  =         0.0000  VIRIAL  =         0.0000  VOLUME     =    111686.0844
                                                    Density    =         0.8467
 ------------------------------------------------------------------------------

 NMR restraints: Bond =    1.549   Angle =     0.561   Torsion =     2.363
===============================================================================

 NSTEP =     8500   TIME(PS) =      17.000  TEMP(K) =   299.38  PRESS =     0.0
 Etot   =    -24936.4801  EKtot   =      5532.1367  EPtot      =    -30468.6168
 BOND   =        50.8942  ANGLE   =       113.6022  DIHED      =       136.5724
 1-4 NB =        79.9367  1-4 EEL =        62.5773  VDWAALS    =      4312.7730
 EELEC  =    -35228.6511  EHBOND  =         0.0000  RESTRAINT  =         3.6786
 EAMBER (non-restraint)  =    -30472.2954
 EKCMT  =         0.0000  VIRIAL  =         0.0000  VOLUME     =    110332.6282
                                                    Density    =         0.8571
 ------------------------------------------------------------------------------

 NMR restraints: Bond =    0.140   Angle =     0.289   Torsion =     1.344
===============================================================================

 NSTEP =     9000   TIME(PS) =      18.000  TEMP(K) =   294.28  PRESS =     0.0
 Etot   =    -25220.3679  EKtot   =      5437.9644  EPtot      =    -30658.3323
 BOND   =        45.7309  ANGLE   =       104.8458  DIHED      =       128.8950
 1-4 NB =        74.7634  1-4 EEL =        58.7907  VDWAALS    =      4167.0483
 EELEC  =    -35245.7194  EHBOND  =         0.0000  RESTRAINT  =         7.3131
 EAMBER (non-restraint)  =    -30665.6453
 EKCMT  =         0.0000  VIRIAL  =         0.0000  VOLUME     =    108349.3899
                                                    Density    =         0.8728
 ------------------------------------------------------------------------------

 NMR restraints: Bond =    0.469   Angle =     0.925   Torsion =     2.357
===============================================================================

 NSTEP =     9500   TIME(PS) =      19.000  TEMP(K) =   292.96  PRESS =     0.0
 Etot   =    -25160.6013  EKtot   =      5413.5742  EPtot      =    -30574.1755
 BOND   =        43.0750  ANGLE   =       115.3127  DIHED      =       140.8872
 1-4 NB =        78.1254  1-4 EEL =        58.8988  VDWAALS    =      4155.1918
 EELEC  =    -35172.6066  EHBOND  =         0.0000  RESTRAINT  =         6.9402
 EAMBER (non-restraint)  =    -30581.1157
 EKCMT  =         0.0000  VIRIAL  =         0.0000  VOLUME     =    108405.7504
                                                    Density    =         0.8723
 ------------------------------------------------------------------------------

 NMR restraints: Bond =    2.372   Angle =     1.020   Torsion =     0.544
===============================================================================
