2018-04-30 07:52:36 PM Started logging...
2018-04-30 07:52:36 PM 2018-04-27_16:08:13_-0700-3c20478-0.0.3
2018-04-30 07:52:36 PM Writing minimize.in
2018-04-30 07:52:36 PM Running Minimization at ./
2018-04-30 07:52:36 PM Exec line: pmemd.cuda -O -p solvate.prmtop -ref solvate.rst7 -c solvate.rst7 -i minimize.in -o minimize.out -r minimize.rst7 -inf minimize.mdinfo
2018-04-30 07:52:40 PM Minimization completed...
2018-04-30 07:52:40 PM Writing equil.000.in
2018-04-30 07:52:40 PM Running MD at ./
2018-04-30 07:52:40 PM Exec line: pmemd.cuda -O -p solvate.prmtop -ref solvate.rst7 -c minimize.rst7 -i equil.000.in -o equil.000.out -r equil.000.rst7 -x equil.000.nc -inf equil.000.mdinfo -e equil.000.mden
2018-04-30 07:52:50 PM STDOUT/STDERR received from AMBER execution
2018-04-30 07:52:50 PM b'ERROR: Calculation halted.  Periodic box dimensions have changed too much from their initial values.'
2018-04-30 07:52:50 PM b'  Your system density has likely changed by a large amount, probably from'
2018-04-30 07:52:50 PM b'  starting the simulation from a structure a long way from equilibrium.'
2018-04-30 07:52:50 PM b''
2018-04-30 07:52:50 PM b'  [Although this error can also occur if the simulation has blown up for some reason]'
2018-04-30 07:52:50 PM b''
2018-04-30 07:52:50 PM b'  The GPU code does not automatically reorganize grid cells and thus you'
2018-04-30 07:52:50 PM b'  will need to restart the calculation from the previous restart file.'
2018-04-30 07:52:50 PM b'  This will generate new grid cells and allow the calculation to continue.'
2018-04-30 07:52:50 PM b'  It may be necessary to repeat this restarting multiple times if your system'
2018-04-30 07:52:50 PM b'  is a long way from an equilibrated density.'
2018-04-30 07:52:50 PM b''
2018-04-30 07:52:50 PM b'  Alternatively you can run with the CPU code until the density has converged'
2018-04-30 07:52:50 PM b'  and then switch back to the GPU code.'
2018-04-30 07:52:50 PM b''
2018-04-30 07:52:50 PM Simulation did not complete when executing the following ....
2018-04-30 07:52:50 PM pmemd.cuda -O -p solvate.prmtop -ref solvate.rst7 -c minimize.rst7 -i equil.000.in -o equil.000.out -r equil.000.rst7 -x equil.000.nc -inf equil.000.mdinfo -e equil.000.mden
2018-04-30 07:52:50 PM Writing equil.001.in
2018-04-30 07:52:50 PM Running MD at ./
2018-04-30 07:52:50 PM Exec line: pmemd.cuda -O -p solvate.prmtop -ref equil.001.inpcrd -c equil.000.rst7 -i equil.001.in -o equil.001.out -r equil.001.rst7 -x equil.001.nc -inf equil.001.mdinfo -e equil.001.mden
2018-04-30 07:52:53 PM Simulation did not complete when executing the following ....
2018-04-30 07:52:53 PM pmemd.cuda -O -p solvate.prmtop -ref equil.001.inpcrd -c equil.000.rst7 -i equil.001.in -o equil.001.out -r equil.001.rst7 -x equil.001.nc -inf equil.001.mdinfo -e equil.001.mden
2018-04-30 07:52:53 PM Writing equil.002.in
2018-04-30 07:52:53 PM Running MD at ./
2018-04-30 07:52:53 PM Exec line: pmemd.cuda -O -p solvate.prmtop -ref equil.002.inpcrd -c equil.001.rst7 -i equil.002.in -o equil.002.out -r equil.002.rst7 -x equil.002.nc -inf equil.002.mdinfo -e equil.002.mden
2018-04-30 07:52:56 PM Simulation did not complete when executing the following ....
2018-04-30 07:52:56 PM pmemd.cuda -O -p solvate.prmtop -ref equil.002.inpcrd -c equil.001.rst7 -i equil.002.in -o equil.002.out -r equil.002.rst7 -x equil.002.nc -inf equil.002.mdinfo -e equil.002.mden
2018-04-30 07:52:56 PM Writing equil.003.in
2018-04-30 07:52:56 PM Running MD at ./
2018-04-30 07:52:56 PM Exec line: pmemd.cuda -O -p solvate.prmtop -ref equil.003.inpcrd -c equil.002.rst7 -i equil.003.in -o equil.003.out -r equil.003.rst7 -x equil.003.nc -inf equil.003.mdinfo -e equil.003.mden
2018-04-30 07:52:58 PM Simulation did not complete when executing the following ....
2018-04-30 07:52:58 PM pmemd.cuda -O -p solvate.prmtop -ref equil.003.inpcrd -c equil.002.rst7 -i equil.003.in -o equil.003.out -r equil.003.rst7 -x equil.003.nc -inf equil.003.mdinfo -e equil.003.mden
2018-04-30 07:52:58 PM Writing equil.004.in
2018-04-30 07:52:58 PM Running MD at ./
2018-04-30 07:52:58 PM Exec line: pmemd.cuda -O -p solvate.prmtop -ref equil.004.inpcrd -c equil.003.rst7 -i equil.004.in -o equil.004.out -r equil.004.rst7 -x equil.004.nc -inf equil.004.mdinfo -e equil.004.mden
2018-04-30 07:53:01 PM Simulation did not complete when executing the following ....
2018-04-30 07:53:01 PM pmemd.cuda -O -p solvate.prmtop -ref equil.004.inpcrd -c equil.003.rst7 -i equil.004.in -o equil.004.out -r equil.004.rst7 -x equil.004.nc -inf equil.004.mdinfo -e equil.004.mden
2018-04-30 07:53:01 PM Writing equil.005.in
2018-04-30 07:53:01 PM Running MD at ./
2018-04-30 07:53:01 PM Exec line: pmemd.cuda -O -p solvate.prmtop -ref equil.005.inpcrd -c equil.004.rst7 -i equil.005.in -o equil.005.out -r equil.005.rst7 -x equil.005.nc -inf equil.005.mdinfo -e equil.005.mden
2018-04-30 07:53:04 PM Simulation did not complete when executing the following ....
2018-04-30 07:53:04 PM pmemd.cuda -O -p solvate.prmtop -ref equil.005.inpcrd -c equil.004.rst7 -i equil.005.in -o equil.005.out -r equil.005.rst7 -x equil.005.nc -inf equil.005.mdinfo -e equil.005.mden
2018-04-30 07:53:04 PM Writing equil.006.in
2018-04-30 07:53:04 PM Running MD at ./
2018-04-30 07:53:04 PM Exec line: pmemd.cuda -O -p solvate.prmtop -ref equil.006.inpcrd -c equil.005.rst7 -i equil.006.in -o equil.006.out -r equil.006.rst7 -x equil.006.nc -inf equil.006.mdinfo -e equil.006.mden
2018-04-30 07:53:06 PM Simulation did not complete when executing the following ....
2018-04-30 07:53:06 PM pmemd.cuda -O -p solvate.prmtop -ref equil.006.inpcrd -c equil.005.rst7 -i equil.006.in -o equil.006.out -r equil.006.rst7 -x equil.006.nc -inf equil.006.mdinfo -e equil.006.mden
2018-04-30 07:53:06 PM Writing equil.007.in
2018-04-30 07:53:06 PM Running MD at ./
2018-04-30 07:53:06 PM Exec line: pmemd.cuda -O -p solvate.prmtop -ref equil.007.inpcrd -c equil.006.rst7 -i equil.007.in -o equil.007.out -r equil.007.rst7 -x equil.007.nc -inf equil.007.mdinfo -e equil.007.mden
2018-04-30 07:53:09 PM Simulation did not complete when executing the following ....
2018-04-30 07:53:09 PM pmemd.cuda -O -p solvate.prmtop -ref equil.007.inpcrd -c equil.006.rst7 -i equil.007.in -o equil.007.out -r equil.007.rst7 -x equil.007.nc -inf equil.007.mdinfo -e equil.007.mden
2018-04-30 07:53:09 PM Writing equil.008.in
2018-04-30 07:53:09 PM Running MD at ./
2018-04-30 07:53:09 PM Exec line: pmemd.cuda -O -p solvate.prmtop -ref equil.008.inpcrd -c equil.007.rst7 -i equil.008.in -o equil.008.out -r equil.008.rst7 -x equil.008.nc -inf equil.008.mdinfo -e equil.008.mden
2018-04-30 07:53:12 PM Simulation did not complete when executing the following ....
2018-04-30 07:53:12 PM pmemd.cuda -O -p solvate.prmtop -ref equil.008.inpcrd -c equil.007.rst7 -i equil.008.in -o equil.008.out -r equil.008.rst7 -x equil.008.nc -inf equil.008.mdinfo -e equil.008.mden
2018-04-30 07:53:12 PM Writing equil.009.in
2018-04-30 07:53:12 PM Running MD at ./
2018-04-30 07:53:12 PM Exec line: pmemd.cuda -O -p solvate.prmtop -ref equil.009.inpcrd -c equil.008.rst7 -i equil.009.in -o equil.009.out -r equil.009.rst7 -x equil.009.nc -inf equil.009.mdinfo -e equil.009.mden
2018-04-30 07:53:14 PM Simulation did not complete when executing the following ....
2018-04-30 07:53:14 PM pmemd.cuda -O -p solvate.prmtop -ref equil.009.inpcrd -c equil.008.rst7 -i equil.009.in -o equil.009.out -r equil.009.rst7 -x equil.009.nc -inf equil.009.mdinfo -e equil.009.mden
2018-04-30 07:53:14 PM Writing prod.000.in
2018-04-30 07:53:14 PM Running MD at ./
2018-04-30 07:53:14 PM Exec line: pmemd.cuda -O -p solvate.prmtop -ref solvate.rst7 -c equil.rst7 -i prod.000.in -o prod.000.out -r prod.000.rst7 -x prod.000.nc -inf prod.000.mdinfo -e prod.000.mden
2018-04-30 07:53:17 PM Simulation did not complete when executing the following ....
2018-04-30 07:53:17 PM pmemd.cuda -O -p solvate.prmtop -ref solvate.rst7 -c equil.rst7 -i prod.000.in -o prod.000.out -r prod.000.rst7 -x prod.000.nc -inf prod.000.mdinfo -e prod.000.mden
2018-04-30 10:34:27 PM Started logging...
2018-04-30 10:34:27 PM 2018-04-30_14:45:29_-0700-dff30ec-0.0.3
2018-04-30 10:34:27 PM Completed output detected ... Skipping. Use: run(overwrite=True) to overwrite
2018-04-30 10:34:27 PM Writing equil.000.in
2018-04-30 10:34:27 PM Running MD at ./
2018-04-30 10:34:27 PM Exec line: pmemd.cuda -O -p solvate.prmtop -ref solvate.rst7 -c minimize.rst7 -i equil.000.in -o equil.000.out -r equil.000.rst7 -x equil.000.nc -inf equil.000.mdinfo -e equil.000.mden
2018-04-30 10:34:35 PM STDOUT/STDERR received from AMBER execution
2018-04-30 10:34:35 PM b'ERROR: Calculation halted.  Periodic box dimensions have changed too much from their initial values.'
2018-04-30 10:34:35 PM b'  Your system density has likely changed by a large amount, probably from'
2018-04-30 10:34:35 PM b'  starting the simulation from a structure a long way from equilibrium.'
2018-04-30 10:34:35 PM b''
2018-04-30 10:34:35 PM b'  [Although this error can also occur if the simulation has blown up for some reason]'
2018-04-30 10:34:35 PM b''
2018-04-30 10:34:35 PM b'  The GPU code does not automatically reorganize grid cells and thus you'
2018-04-30 10:34:35 PM b'  will need to restart the calculation from the previous restart file.'
2018-04-30 10:34:35 PM b'  This will generate new grid cells and allow the calculation to continue.'
2018-04-30 10:34:35 PM b'  It may be necessary to repeat this restarting multiple times if your system'
2018-04-30 10:34:35 PM b'  is a long way from an equilibrated density.'
2018-04-30 10:34:35 PM b''
2018-04-30 10:34:35 PM b'  Alternatively you can run with the CPU code until the density has converged'
2018-04-30 10:34:35 PM b'  and then switch back to the GPU code.'
2018-04-30 10:34:35 PM b''
2018-04-30 10:34:35 PM Simulation did not complete when executing the following ....
2018-04-30 10:34:35 PM pmemd.cuda -O -p solvate.prmtop -ref solvate.rst7 -c minimize.rst7 -i equil.000.in -o equil.000.out -r equil.000.rst7 -x equil.000.nc -inf equil.000.mdinfo -e equil.000.mden
2018-04-30 10:34:35 PM Writing equil.001.in
2018-04-30 10:34:35 PM Running MD at ./
2018-04-30 10:34:35 PM Exec line: pmemd.cuda -O -p solvate.prmtop -ref equil.001.inpcrd -c equil.000.rst7 -i equil.001.in -o equil.001.out -r equil.001.rst7 -x equil.001.nc -inf equil.001.mdinfo -e equil.001.mden
2018-04-30 10:34:37 PM Simulation did not complete when executing the following ....
2018-04-30 10:34:37 PM pmemd.cuda -O -p solvate.prmtop -ref equil.001.inpcrd -c equil.000.rst7 -i equil.001.in -o equil.001.out -r equil.001.rst7 -x equil.001.nc -inf equil.001.mdinfo -e equil.001.mden
2018-04-30 10:34:37 PM Writing equil.002.in
2018-04-30 10:34:37 PM Running MD at ./
2018-04-30 10:34:37 PM Exec line: pmemd.cuda -O -p solvate.prmtop -ref equil.002.inpcrd -c equil.001.rst7 -i equil.002.in -o equil.002.out -r equil.002.rst7 -x equil.002.nc -inf equil.002.mdinfo -e equil.002.mden
2018-04-30 10:34:38 PM Simulation did not complete when executing the following ....
2018-04-30 10:34:38 PM pmemd.cuda -O -p solvate.prmtop -ref equil.002.inpcrd -c equil.001.rst7 -i equil.002.in -o equil.002.out -r equil.002.rst7 -x equil.002.nc -inf equil.002.mdinfo -e equil.002.mden
2018-04-30 10:34:38 PM Writing equil.003.in
2018-04-30 10:34:38 PM Running MD at ./
2018-04-30 10:34:38 PM Exec line: pmemd.cuda -O -p solvate.prmtop -ref equil.003.inpcrd -c equil.002.rst7 -i equil.003.in -o equil.003.out -r equil.003.rst7 -x equil.003.nc -inf equil.003.mdinfo -e equil.003.mden
2018-04-30 10:34:40 PM Simulation did not complete when executing the following ....
2018-04-30 10:34:40 PM pmemd.cuda -O -p solvate.prmtop -ref equil.003.inpcrd -c equil.002.rst7 -i equil.003.in -o equil.003.out -r equil.003.rst7 -x equil.003.nc -inf equil.003.mdinfo -e equil.003.mden
2018-04-30 10:34:40 PM Writing equil.004.in
2018-04-30 10:34:40 PM Running MD at ./
2018-04-30 10:34:40 PM Exec line: pmemd.cuda -O -p solvate.prmtop -ref equil.004.inpcrd -c equil.003.rst7 -i equil.004.in -o equil.004.out -r equil.004.rst7 -x equil.004.nc -inf equil.004.mdinfo -e equil.004.mden
2018-04-30 10:34:41 PM Simulation did not complete when executing the following ....
2018-04-30 10:34:41 PM pmemd.cuda -O -p solvate.prmtop -ref equil.004.inpcrd -c equil.003.rst7 -i equil.004.in -o equil.004.out -r equil.004.rst7 -x equil.004.nc -inf equil.004.mdinfo -e equil.004.mden
2018-04-30 10:34:41 PM Writing equil.005.in
2018-04-30 10:34:41 PM Running MD at ./
2018-04-30 10:34:41 PM Exec line: pmemd.cuda -O -p solvate.prmtop -ref equil.005.inpcrd -c equil.004.rst7 -i equil.005.in -o equil.005.out -r equil.005.rst7 -x equil.005.nc -inf equil.005.mdinfo -e equil.005.mden
2018-04-30 10:34:42 PM Simulation did not complete when executing the following ....
2018-04-30 10:34:42 PM pmemd.cuda -O -p solvate.prmtop -ref equil.005.inpcrd -c equil.004.rst7 -i equil.005.in -o equil.005.out -r equil.005.rst7 -x equil.005.nc -inf equil.005.mdinfo -e equil.005.mden
2018-04-30 10:34:42 PM Writing equil.006.in
2018-04-30 10:34:42 PM Running MD at ./
2018-04-30 10:34:42 PM Exec line: pmemd.cuda -O -p solvate.prmtop -ref equil.006.inpcrd -c equil.005.rst7 -i equil.006.in -o equil.006.out -r equil.006.rst7 -x equil.006.nc -inf equil.006.mdinfo -e equil.006.mden
2018-04-30 10:34:44 PM Simulation did not complete when executing the following ....
2018-04-30 10:34:44 PM pmemd.cuda -O -p solvate.prmtop -ref equil.006.inpcrd -c equil.005.rst7 -i equil.006.in -o equil.006.out -r equil.006.rst7 -x equil.006.nc -inf equil.006.mdinfo -e equil.006.mden
2018-04-30 10:34:44 PM Writing equil.007.in
2018-04-30 10:34:44 PM Running MD at ./
2018-04-30 10:34:44 PM Exec line: pmemd.cuda -O -p solvate.prmtop -ref equil.007.inpcrd -c equil.006.rst7 -i equil.007.in -o equil.007.out -r equil.007.rst7 -x equil.007.nc -inf equil.007.mdinfo -e equil.007.mden
2018-04-30 10:34:45 PM Simulation did not complete when executing the following ....
2018-04-30 10:34:45 PM pmemd.cuda -O -p solvate.prmtop -ref equil.007.inpcrd -c equil.006.rst7 -i equil.007.in -o equil.007.out -r equil.007.rst7 -x equil.007.nc -inf equil.007.mdinfo -e equil.007.mden
2018-04-30 10:34:45 PM Writing equil.008.in
2018-04-30 10:34:45 PM Running MD at ./
2018-04-30 10:34:45 PM Exec line: pmemd.cuda -O -p solvate.prmtop -ref equil.008.inpcrd -c equil.007.rst7 -i equil.008.in -o equil.008.out -r equil.008.rst7 -x equil.008.nc -inf equil.008.mdinfo -e equil.008.mden
2018-04-30 10:34:46 PM Simulation did not complete when executing the following ....
2018-04-30 10:34:46 PM pmemd.cuda -O -p solvate.prmtop -ref equil.008.inpcrd -c equil.007.rst7 -i equil.008.in -o equil.008.out -r equil.008.rst7 -x equil.008.nc -inf equil.008.mdinfo -e equil.008.mden
2018-04-30 10:34:46 PM Writing equil.009.in
2018-04-30 10:34:46 PM Running MD at ./
2018-04-30 10:34:46 PM Exec line: pmemd.cuda -O -p solvate.prmtop -ref equil.009.inpcrd -c equil.008.rst7 -i equil.009.in -o equil.009.out -r equil.009.rst7 -x equil.009.nc -inf equil.009.mdinfo -e equil.009.mden
2018-04-30 10:34:48 PM Simulation did not complete when executing the following ....
2018-04-30 10:34:48 PM pmemd.cuda -O -p solvate.prmtop -ref equil.009.inpcrd -c equil.008.rst7 -i equil.009.in -o equil.009.out -r equil.009.rst7 -x equil.009.nc -inf equil.009.mdinfo -e equil.009.mden
2018-04-30 10:34:48 PM Writing prod.000.in
2018-04-30 10:34:48 PM Running MD at ./
2018-04-30 10:34:48 PM Exec line: pmemd.cuda -O -p solvate.prmtop -ref solvate.rst7 -c equil.rst7 -i prod.000.in -o prod.000.out -r prod.000.rst7 -x prod.000.nc -inf prod.000.mdinfo -e prod.000.mden
2018-04-30 10:34:49 PM Simulation did not complete when executing the following ....
2018-04-30 10:34:49 PM pmemd.cuda -O -p solvate.prmtop -ref solvate.rst7 -c equil.rst7 -i prod.000.in -o prod.000.out -r prod.000.rst7 -x prod.000.nc -inf prod.000.mdinfo -e prod.000.mden
2018-05-01 07:52:49 AM Started logging...
2018-05-01 07:52:49 AM 2018-04-30_14:45:29_-0700-dff30ec-0.0.3
2018-05-01 07:52:49 AM Completed output detected ... Skipping. Use: run(overwrite=True) to overwrite
2018-05-01 07:52:49 AM Writing equil.000.in
2018-05-01 07:52:49 AM Running MD at ./
2018-05-01 07:52:49 AM Exec line: pmemd.cuda -O -p solvate.prmtop -ref solvate.rst7 -c minimize.rst7 -i equil.000.in -o equil.000.out -r equil.000.rst7 -x equil.000.nc -inf equil.000.mdinfo -e equil.000.mden
2018-05-01 07:52:57 AM STDOUT/STDERR received from AMBER execution
2018-05-01 07:52:57 AM b'ERROR: Calculation halted.  Periodic box dimensions have changed too much from their initial values.'
2018-05-01 07:52:57 AM b'  Your system density has likely changed by a large amount, probably from'
2018-05-01 07:52:57 AM b'  starting the simulation from a structure a long way from equilibrium.'
2018-05-01 07:52:57 AM b''
2018-05-01 07:52:57 AM b'  [Although this error can also occur if the simulation has blown up for some reason]'
2018-05-01 07:52:57 AM b''
2018-05-01 07:52:57 AM b'  The GPU code does not automatically reorganize grid cells and thus you'
2018-05-01 07:52:57 AM b'  will need to restart the calculation from the previous restart file.'
2018-05-01 07:52:57 AM b'  This will generate new grid cells and allow the calculation to continue.'
2018-05-01 07:52:57 AM b'  It may be necessary to repeat this restarting multiple times if your system'
2018-05-01 07:52:57 AM b'  is a long way from an equilibrated density.'
2018-05-01 07:52:57 AM b''
2018-05-01 07:52:57 AM b'  Alternatively you can run with the CPU code until the density has converged'
2018-05-01 07:52:57 AM b'  and then switch back to the GPU code.'
2018-05-01 07:52:57 AM b''
2018-05-01 07:52:57 AM Simulation did not complete when executing the following ....
2018-05-01 07:52:57 AM pmemd.cuda -O -p solvate.prmtop -ref solvate.rst7 -c minimize.rst7 -i equil.000.in -o equil.000.out -r equil.000.rst7 -x equil.000.nc -inf equil.000.mdinfo -e equil.000.mden
2018-05-01 07:52:57 AM Writing equil.001.in
2018-05-01 07:52:57 AM Running MD at ./
2018-05-01 07:52:57 AM Exec line: pmemd.cuda -O -p solvate.prmtop -ref equil.001.inpcrd -c equil.000.rst7 -i equil.001.in -o equil.001.out -r equil.001.rst7 -x equil.001.nc -inf equil.001.mdinfo -e equil.001.mden
2018-05-01 07:52:58 AM Simulation did not complete when executing the following ....
2018-05-01 07:52:58 AM pmemd.cuda -O -p solvate.prmtop -ref equil.001.inpcrd -c equil.000.rst7 -i equil.001.in -o equil.001.out -r equil.001.rst7 -x equil.001.nc -inf equil.001.mdinfo -e equil.001.mden
2018-05-01 07:52:58 AM Writing equil.002.in
2018-05-01 07:52:58 AM Running MD at ./
2018-05-01 07:52:58 AM Exec line: pmemd.cuda -O -p solvate.prmtop -ref equil.002.inpcrd -c equil.001.rst7 -i equil.002.in -o equil.002.out -r equil.002.rst7 -x equil.002.nc -inf equil.002.mdinfo -e equil.002.mden
2018-05-01 07:52:58 AM Simulation did not complete when executing the following ....
2018-05-01 07:52:58 AM pmemd.cuda -O -p solvate.prmtop -ref equil.002.inpcrd -c equil.001.rst7 -i equil.002.in -o equil.002.out -r equil.002.rst7 -x equil.002.nc -inf equil.002.mdinfo -e equil.002.mden
2018-05-01 07:52:58 AM Writing equil.003.in
2018-05-01 07:52:58 AM Running MD at ./
2018-05-01 07:52:58 AM Exec line: pmemd.cuda -O -p solvate.prmtop -ref equil.003.inpcrd -c equil.002.rst7 -i equil.003.in -o equil.003.out -r equil.003.rst7 -x equil.003.nc -inf equil.003.mdinfo -e equil.003.mden
2018-05-01 07:52:58 AM Simulation did not complete when executing the following ....
2018-05-01 07:52:58 AM pmemd.cuda -O -p solvate.prmtop -ref equil.003.inpcrd -c equil.002.rst7 -i equil.003.in -o equil.003.out -r equil.003.rst7 -x equil.003.nc -inf equil.003.mdinfo -e equil.003.mden
2018-05-01 07:52:58 AM Writing equil.004.in
2018-05-01 07:52:58 AM Running MD at ./
2018-05-01 07:52:58 AM Exec line: pmemd.cuda -O -p solvate.prmtop -ref equil.004.inpcrd -c equil.003.rst7 -i equil.004.in -o equil.004.out -r equil.004.rst7 -x equil.004.nc -inf equil.004.mdinfo -e equil.004.mden
2018-05-01 07:52:59 AM Simulation did not complete when executing the following ....
2018-05-01 07:52:59 AM pmemd.cuda -O -p solvate.prmtop -ref equil.004.inpcrd -c equil.003.rst7 -i equil.004.in -o equil.004.out -r equil.004.rst7 -x equil.004.nc -inf equil.004.mdinfo -e equil.004.mden
2018-05-01 07:52:59 AM Writing equil.005.in
2018-05-01 07:52:59 AM Running MD at ./
2018-05-01 07:52:59 AM Exec line: pmemd.cuda -O -p solvate.prmtop -ref equil.005.inpcrd -c equil.004.rst7 -i equil.005.in -o equil.005.out -r equil.005.rst7 -x equil.005.nc -inf equil.005.mdinfo -e equil.005.mden
2018-05-01 07:52:59 AM Simulation did not complete when executing the following ....
2018-05-01 07:52:59 AM pmemd.cuda -O -p solvate.prmtop -ref equil.005.inpcrd -c equil.004.rst7 -i equil.005.in -o equil.005.out -r equil.005.rst7 -x equil.005.nc -inf equil.005.mdinfo -e equil.005.mden
2018-05-01 07:52:59 AM Writing equil.006.in
2018-05-01 07:52:59 AM Running MD at ./
2018-05-01 07:52:59 AM Exec line: pmemd.cuda -O -p solvate.prmtop -ref equil.006.inpcrd -c equil.005.rst7 -i equil.006.in -o equil.006.out -r equil.006.rst7 -x equil.006.nc -inf equil.006.mdinfo -e equil.006.mden
2018-05-01 07:53:00 AM Simulation did not complete when executing the following ....
2018-05-01 07:53:00 AM pmemd.cuda -O -p solvate.prmtop -ref equil.006.inpcrd -c equil.005.rst7 -i equil.006.in -o equil.006.out -r equil.006.rst7 -x equil.006.nc -inf equil.006.mdinfo -e equil.006.mden
2018-05-01 07:53:00 AM Writing equil.007.in
2018-05-01 07:53:00 AM Running MD at ./
2018-05-01 07:53:00 AM Exec line: pmemd.cuda -O -p solvate.prmtop -ref equil.007.inpcrd -c equil.006.rst7 -i equil.007.in -o equil.007.out -r equil.007.rst7 -x equil.007.nc -inf equil.007.mdinfo -e equil.007.mden
2018-05-01 07:53:00 AM Simulation did not complete when executing the following ....
2018-05-01 07:53:00 AM pmemd.cuda -O -p solvate.prmtop -ref equil.007.inpcrd -c equil.006.rst7 -i equil.007.in -o equil.007.out -r equil.007.rst7 -x equil.007.nc -inf equil.007.mdinfo -e equil.007.mden
2018-05-01 07:53:00 AM Writing equil.008.in
2018-05-01 07:53:00 AM Running MD at ./
2018-05-01 07:53:00 AM Exec line: pmemd.cuda -O -p solvate.prmtop -ref equil.008.inpcrd -c equil.007.rst7 -i equil.008.in -o equil.008.out -r equil.008.rst7 -x equil.008.nc -inf equil.008.mdinfo -e equil.008.mden
2018-05-01 07:53:01 AM Simulation did not complete when executing the following ....
2018-05-01 07:53:01 AM pmemd.cuda -O -p solvate.prmtop -ref equil.008.inpcrd -c equil.007.rst7 -i equil.008.in -o equil.008.out -r equil.008.rst7 -x equil.008.nc -inf equil.008.mdinfo -e equil.008.mden
2018-05-01 07:53:01 AM Writing equil.009.in
2018-05-01 07:53:01 AM Running MD at ./
2018-05-01 07:53:01 AM Exec line: pmemd.cuda -O -p solvate.prmtop -ref equil.009.inpcrd -c equil.008.rst7 -i equil.009.in -o equil.009.out -r equil.009.rst7 -x equil.009.nc -inf equil.009.mdinfo -e equil.009.mden
2018-05-01 07:53:01 AM Simulation did not complete when executing the following ....
2018-05-01 07:53:01 AM pmemd.cuda -O -p solvate.prmtop -ref equil.009.inpcrd -c equil.008.rst7 -i equil.009.in -o equil.009.out -r equil.009.rst7 -x equil.009.nc -inf equil.009.mdinfo -e equil.009.mden
2018-05-01 07:53:01 AM Writing prod.000.in
2018-05-01 07:53:01 AM Running MD at ./
2018-05-01 07:53:01 AM Exec line: pmemd.cuda -O -p solvate.prmtop -ref solvate.rst7 -c equil.rst7 -i prod.000.in -o prod.000.out -r prod.000.rst7 -x prod.000.nc -inf prod.000.mdinfo -e prod.000.mden
2018-05-01 07:53:01 AM Simulation did not complete when executing the following ....
2018-05-01 07:53:01 AM pmemd.cuda -O -p solvate.prmtop -ref solvate.rst7 -c equil.rst7 -i prod.000.in -o prod.000.out -r prod.000.rst7 -x prod.000.nc -inf prod.000.mdinfo -e prod.000.mden
2018-05-01 08:03:57 AM Started logging...
2018-05-01 08:03:57 AM 2018-04-30_14:45:29_-0700-dff30ec-0.0.3
2018-05-01 08:03:57 AM Completed output detected ... Skipping. Use: run(overwrite=True) to overwrite
2018-05-01 08:03:57 AM Writing equil.000.in
2018-05-01 08:03:57 AM Running MD at ./
2018-05-01 08:03:57 AM Exec line: pmemd.cuda -O -p solvate.prmtop -ref solvate.rst7 -c minimize.rst7 -i equil.000.in -o equil.000.out -r equil.000.rst7 -x equil.000.nc -inf equil.000.mdinfo -e equil.000.mden
2018-05-01 08:04:07 AM STDOUT/STDERR received from AMBER execution
2018-05-01 08:04:07 AM b'ERROR: Calculation halted.  Periodic box dimensions have changed too much from their initial values.'
2018-05-01 08:04:07 AM b'  Your system density has likely changed by a large amount, probably from'
2018-05-01 08:04:07 AM b'  starting the simulation from a structure a long way from equilibrium.'
2018-05-01 08:04:07 AM b''
2018-05-01 08:04:07 AM b'  [Although this error can also occur if the simulation has blown up for some reason]'
2018-05-01 08:04:07 AM b''
2018-05-01 08:04:07 AM b'  The GPU code does not automatically reorganize grid cells and thus you'
2018-05-01 08:04:07 AM b'  will need to restart the calculation from the previous restart file.'
2018-05-01 08:04:07 AM b'  This will generate new grid cells and allow the calculation to continue.'
2018-05-01 08:04:07 AM b'  It may be necessary to repeat this restarting multiple times if your system'
2018-05-01 08:04:07 AM b'  is a long way from an equilibrated density.'
2018-05-01 08:04:07 AM b''
2018-05-01 08:04:07 AM b'  Alternatively you can run with the CPU code until the density has converged'
2018-05-01 08:04:07 AM b'  and then switch back to the GPU code.'
2018-05-01 08:04:07 AM b''
2018-05-01 08:04:07 AM Simulation did not complete when executing the following ....
2018-05-01 08:04:07 AM pmemd.cuda -O -p solvate.prmtop -ref solvate.rst7 -c minimize.rst7 -i equil.000.in -o equil.000.out -r equil.000.rst7 -x equil.000.nc -inf equil.000.mdinfo -e equil.000.mden
2018-05-01 08:04:07 AM Writing equil.001.in
2018-05-01 08:04:07 AM Running MD at ./
2018-05-01 08:04:07 AM Exec line: pmemd.cuda -O -p solvate.prmtop -ref solvate.rst7 -c equil.000.rst7 -i equil.001.in -o equil.001.out -r equil.001.rst7 -x equil.001.nc -inf equil.001.mdinfo -e equil.001.mden
2018-05-01 08:10:00 AM MD completed ...
2018-05-01 08:10:00 AM Writing prod.000.in
2018-05-01 08:10:00 AM Running MD at ./
2018-05-01 08:10:00 AM Exec line: pmemd.cuda -O -p solvate.prmtop -ref solvate.rst7 -c equil.rst7 -i prod.000.in -o prod.000.out -r prod.000.rst7 -x prod.000.nc -inf prod.000.mdinfo -e prod.000.mden
2018-05-01 08:14:16 AM MD completed ...
2018-05-01 08:14:16 AM Writing prod.001.in
2018-05-01 08:14:16 AM Running MD at ./
2018-05-01 08:14:16 AM Exec line: pmemd.cuda -O -p solvate.prmtop -ref solvate.rst7 -c prod.000.rst7 -i prod.001.in -o prod.001.out -r prod.001.rst7 -x prod.001.nc -inf prod.001.mdinfo -e prod.001.mden
2018-05-01 08:18:32 AM MD completed ...
2018-05-01 08:18:32 AM Writing prod.002.in
2018-05-01 08:18:32 AM Running MD at ./
2018-05-01 08:18:32 AM Exec line: pmemd.cuda -O -p solvate.prmtop -ref solvate.rst7 -c prod.001.rst7 -i prod.002.in -o prod.002.out -r prod.002.rst7 -x prod.002.nc -inf prod.002.mdinfo -e prod.002.mden
2018-05-01 08:22:49 AM MD completed ...
2018-05-01 08:22:49 AM Writing prod.003.in
2018-05-01 08:22:49 AM Running MD at ./
2018-05-01 08:22:49 AM Exec line: pmemd.cuda -O -p solvate.prmtop -ref solvate.rst7 -c prod.002.rst7 -i prod.003.in -o prod.003.out -r prod.003.rst7 -x prod.003.nc -inf prod.003.mdinfo -e prod.003.mden
2018-05-01 08:27:06 AM MD completed ...
2018-05-01 08:27:06 AM Writing prod.004.in
2018-05-01 08:27:06 AM Running MD at ./
2018-05-01 08:27:06 AM Exec line: pmemd.cuda -O -p solvate.prmtop -ref solvate.rst7 -c prod.003.rst7 -i prod.004.in -o prod.004.out -r prod.004.rst7 -x prod.004.nc -inf prod.004.mdinfo -e prod.004.mden
2018-05-01 08:31:22 AM MD completed ...
2018-05-02 12:10:30 PM Started logging...
2018-05-02 12:10:30 PM 2018-04-30_14:45:29_-0700-dff30ec-0.0.3
2018-05-02 12:10:30 PM Writing minimize.in
2018-05-02 12:10:30 PM Running Minimization at ./
2018-05-02 12:10:30 PM Exec line: pmemd.cuda -O -p solvate.prmtop -ref solvate.rst7 -c solvate.rst7 -i minimize.in -o minimize.out -r minimize.rst7 -inf minimize.mdinfo
2018-05-02 12:10:33 PM Minimization completed...
2018-05-02 12:10:33 PM Writing equil.000.in
2018-05-02 12:10:33 PM Running MD at ./
2018-05-02 12:10:33 PM Exec line: pmemd.cuda -O -p solvate.prmtop -ref solvate.rst7 -c minimize.rst7 -i equil.000.in -o equil.000.out -r equil.000.rst7 -x equil.000.nc -inf equil.000.mdinfo -e equil.000.mden
2018-05-02 12:16:33 PM MD completed ...
2018-05-02 12:16:33 PM Writing prod.000.in
2018-05-02 12:16:33 PM Running MD at ./
2018-05-02 12:16:33 PM Exec line: pmemd.cuda -O -p solvate.prmtop -ref solvate.rst7 -c equil.rst7 -i prod.000.in -o prod.000.out -r prod.000.rst7 -x prod.000.nc -inf prod.000.mdinfo -e prod.000.mden
2018-05-02 12:21:06 PM MD completed ...
2018-05-02 12:21:06 PM Writing prod.001.in
2018-05-02 12:21:06 PM Running MD at ./
2018-05-02 12:21:06 PM Exec line: pmemd.cuda -O -p solvate.prmtop -ref solvate.rst7 -c prod.000.rst7 -i prod.001.in -o prod.001.out -r prod.001.rst7 -x prod.001.nc -inf prod.001.mdinfo -e prod.001.mden
2018-05-02 12:25:40 PM MD completed ...
2018-05-02 12:25:40 PM Writing prod.002.in
2018-05-02 12:25:40 PM Running MD at ./
2018-05-02 12:25:40 PM Exec line: pmemd.cuda -O -p solvate.prmtop -ref solvate.rst7 -c prod.001.rst7 -i prod.002.in -o prod.002.out -r prod.002.rst7 -x prod.002.nc -inf prod.002.mdinfo -e prod.002.mden
2018-05-02 12:30:15 PM MD completed ...
2018-05-02 12:30:15 PM Writing prod.003.in
2018-05-02 12:30:15 PM Running MD at ./
2018-05-02 12:30:15 PM Exec line: pmemd.cuda -O -p solvate.prmtop -ref solvate.rst7 -c prod.002.rst7 -i prod.003.in -o prod.003.out -r prod.003.rst7 -x prod.003.nc -inf prod.003.mdinfo -e prod.003.mden
2018-05-02 12:34:49 PM MD completed ...
2018-05-02 12:34:49 PM Writing prod.004.in
2018-05-02 12:34:49 PM Running MD at ./
2018-05-02 12:34:49 PM Exec line: pmemd.cuda -O -p solvate.prmtop -ref solvate.rst7 -c prod.003.rst7 -i prod.004.in -o prod.004.out -r prod.004.rst7 -x prod.004.nc -inf prod.004.mdinfo -e prod.004.mden
2018-05-02 12:39:25 PM MD completed ...
2018-05-05 08:12:04 PM Started logging...
2018-05-05 08:12:04 PM 2018-04-30_14:45:29_-0700-dff30ec-0.0.3
2018-05-05 08:12:04 PM Completed output detected ... Skipping. Use: run(overwrite=True) to overwrite
2018-05-05 08:12:04 PM Completed output detected ... Skipping. Use: run(overwrite=True) to overwrite
2018-05-05 08:12:04 PM Completed output detected ... Skipping. Use: run(overwrite=True) to overwrite
2018-05-05 08:12:04 PM Completed output detected ... Skipping. Use: run(overwrite=True) to overwrite
2018-05-05 08:12:04 PM Completed output detected ... Skipping. Use: run(overwrite=True) to overwrite
2018-05-05 08:12:04 PM Completed output detected ... Skipping. Use: run(overwrite=True) to overwrite
2018-05-05 08:12:04 PM Writing prod.005.in
2018-05-05 08:12:04 PM Running MD at ./
2018-05-05 08:12:04 PM Exec line: pmemd.cuda -O -p solvate.prmtop -ref solvate.rst7 -c prod.004.rst7 -i prod.005.in -o prod.005.out -r prod.005.rst7 -x prod.005.nc -inf prod.005.mdinfo -e prod.005.mden
2018-05-05 08:16:38 PM MD completed ...
2018-05-05 08:16:38 PM Writing prod.006.in
2018-05-05 08:16:38 PM Running MD at ./
2018-05-05 08:16:38 PM Exec line: pmemd.cuda -O -p solvate.prmtop -ref solvate.rst7 -c prod.005.rst7 -i prod.006.in -o prod.006.out -r prod.006.rst7 -x prod.006.nc -inf prod.006.mdinfo -e prod.006.mden
2018-05-05 08:21:12 PM MD completed ...
2018-05-05 08:21:12 PM Writing prod.007.in
2018-05-05 08:21:12 PM Running MD at ./
2018-05-05 08:21:12 PM Exec line: pmemd.cuda -O -p solvate.prmtop -ref solvate.rst7 -c prod.006.rst7 -i prod.007.in -o prod.007.out -r prod.007.rst7 -x prod.007.nc -inf prod.007.mdinfo -e prod.007.mden
2018-05-05 08:25:47 PM MD completed ...
2018-05-05 08:25:47 PM Writing prod.008.in
2018-05-05 08:25:47 PM Running MD at ./
2018-05-05 08:25:47 PM Exec line: pmemd.cuda -O -p solvate.prmtop -ref solvate.rst7 -c prod.007.rst7 -i prod.008.in -o prod.008.out -r prod.008.rst7 -x prod.008.nc -inf prod.008.mdinfo -e prod.008.mden
2018-05-05 08:30:21 PM MD completed ...
2018-05-05 08:30:21 PM Writing prod.009.in
2018-05-05 08:30:21 PM Running MD at ./
2018-05-05 08:30:21 PM Exec line: pmemd.cuda -O -p solvate.prmtop -ref solvate.rst7 -c prod.008.rst7 -i prod.009.in -o prod.009.out -r prod.009.rst7 -x prod.009.nc -inf prod.009.mdinfo -e prod.009.mden
2018-05-05 08:34:56 PM MD completed ...
