
          -------------------------------------------------------
          Amber 18 PMEMD                              2018
          -------------------------------------------------------

| PMEMD implementation of SANDER, Release 18

| Run on 05/02/2018 at 12:02:00

|   Executable path: pmemd.cuda
| Working directory: /oasis/tscc/scratch/davids4/SAMPLing-cut9/11499565.tscc-mgr.local
|          Hostname: tscc-gpu-9-3.sdsc.edu

  [-O]verwriting output

File Assignments:
|   MDIN: minimize.in                                                           
|  MDOUT: minimize.out                                                          
| INPCRD: solvate.rst7                                                          
|   PARM: solvate.prmtop                                                        
| RESTRT: minimize.rst7                                                         
|   REFC: solvate.rst7                                                          
|  MDVEL: mdvel                                                                 
|   MDEN: mden                                                                  
|  MDCRD: mdcrd                                                                 
| MDINFO: minimize.mdinfo                                                       
|  MDFRC: mdfrc                                                                 


 Here is the input file:

PBC Minimization                                                               
 &cntrl                                                                        
  imin =          1,                                                           
  ntx =           1,                                                           
  irest =         0,                                                           
  maxcyc =        500,                                                         
  ncyc =          400,                                                         
  dt =            0.0,                                                         
  nstlim =        0,                                                           
  ntpr =          100,                                                         
  ntwe =          0,                                                           
  ntwr =          5000,                                                        
  ntwx =          0,                                                           
  ntxo =          1,                                                           
  ioutfm =        1,                                                           
  ntf =           1,                                                           
  ntc =           1,                                                           
  cut =           9.0,                                                         
  igb =           0,                                                           
  tempi =         298.15,                                                      
  temp0 =         298.15,                                                      
  ntt =           0,                                                           
  gamma_ln =      0.0,                                                         
  ig =            0,                                                           
  ntp =           0,                                                           
  barostat =      0,                                                           
  ntr =           1,                                                           
  restraint_wt =  50.0,                                                        
  restraintmask = '@DUM',                                                      
  nmropt =        1,                                                           
  pencut =        -1,                                                          
 /                                                                             
 &wt type = 'END', /                                                           
DISANG = disang.rest                                                           
LISTOUT = POUT                                                                 
                                                                               


| irandom = 1, using AMBER's internal random number generator (default).
 
|--------------------- INFORMATION ----------------------
| GPU (CUDA) Version of PMEMD in use: NVIDIA GPU IN USE.
|                    Version 18.0.0
| 
|                      03/25/2018
| 
| Implementation by:
|                    Ross C. Walker     (SDSC)
|                    Scott Le Grand     (nVIDIA)
| 
| Version 18 performance extensions by:
|                    David Cerutti     (Rutgers)
| 
| Precision model in use:
|      [SPFP] - Single Precision Forces, 64-bit Fixed Point
|               Accumulation. (Default)
| 
|--------------------------------------------------------
 
|----------------- CITATION INFORMATION -----------------
|
|    When publishing work that utilized the CUDA version
|    of AMBER, please cite the following in addition to
|    the regular AMBER citations:
|
|  - Romelia Salomon-Ferrer; Andreas W. Goetz; Duncan
|    Poole; Scott Le Grand; Ross C. Walker "Routine
|    microsecond molecular dynamics simulations with
|    AMBER - Part II: Particle Mesh Ewald", J. Chem.
|    Theory Comput., 2013, 9 (9), pp3878-3888,
|    DOI: 10.1021/ct400314y.
|
|  - Andreas W. Goetz; Mark J. Williamson; Dong Xu;
|    Duncan Poole; Scott Le Grand; Ross C. Walker
|    "Routine microsecond molecular dynamics simulations
|    with AMBER - Part I: Generalized Born", J. Chem.
|    Theory Comput., 2012, 8 (5), pp1542-1555.
|
|  - Scott Le Grand; Andreas W. Goetz; Ross C. Walker
|    "SPFP: Speed without compromise - a mixed precision
|    model for GPU accelerated molecular dynamics
|    simulations.", Comp. Phys. Comm., 2013, 184
|    pp374-380, DOI: 10.1016/j.cpc.2012.09.022
|
|--------------------------------------------------------
 
|------------------- GPU DEVICE INFO --------------------
|
|            CUDA_VISIBLE_DEVICES: 6
|   CUDA Capable Devices Detected:      1
|           CUDA Device ID in use:      0
|                CUDA Device Name: GeForce GTX TITAN X
|     CUDA Device Global Mem Size:  12207 MB
| CUDA Device Num Multiprocessors:     24
|           CUDA Device Core Freq:   1.08 GHz
|
|--------------------------------------------------------
 
 
| Conditional Compilation Defines Used:
| PUBFFT
| BINTRAJ
| CUDA
| EMIL

| Largest sphere to fit in unit cell has radius =    22.541

| New format PARM file being parsed.
| Version =    1.000 Date = 04/23/18 Time = 20:13:46

| Note: 1-4 EEL scale factors are being read from the topology file.

| Note: 1-4 VDW scale factors are being read from the topology file.
| Duplicated    0 dihedrals

| Duplicated    0 dihedrals

--------------------------------------------------------------------------------
   1.  RESOURCE   USE: 
--------------------------------------------------------------------------------

 getting new box info from bottom of inpcrd
 NATOM  =    9223 NTYPES =      11 NBONH =    9067 MBONA  =     155
 NTHETH =     153 MTHETA =     232 NPHIH =     345 MPHIA  =     366
 NHPARM =       0 NPARM  =       0 NNB   =   13221 NRES   =    3022
 NBONA  =     155 NTHETA =     232 NPHIA =     366 NUMBND =      13
 NUMANG =      22 NPTRA  =      15 NATYP =      13 NPHB   =       0
 IFBOX  =       1 NMXRS  =     184 IFCAP =       0 NEXTRA =       0
 NCOPY  =       0

| Coordinate Index Table dimensions:     9    9   12
| Direct force subcell size =     5.1070    5.0092    5.0679

     BOX TYPE: RECTILINEAR

--------------------------------------------------------------------------------
   2.  CONTROL  DATA  FOR  THE  RUN
--------------------------------------------------------------------------------

default_name                                                                    

General flags:
     imin    =       1, nmropt  =       1

Nature and format of input:
     ntx     =       1, irest   =       0, ntrx    =       1

Nature and format of output:
     ntxo    =       1, ntpr    =     100, ntrx    =       1, ntwr    =       1
     iwrap   =       0, ntwx    =       0, ntwv    =       0, ntwe    =       0
     ioutfm  =       1, ntwprt  =       0, idecomp =       0, rbornstat=      0

Potential function:
     ntf     =       1, ntb     =       1, igb     =       0, nsnb    =      25
     ipol    =       0, gbsa    =       0, iesp    =       0
     dielc   =   1.00000, cut     =   9.00000, intdiel =   1.00000

Frozen or restrained atoms:
     ibelly  =       0, ntr     =       1
     restraint_wt =  50.00000

Energy minimization:
     maxcyc  =     500, ncyc    =     400, ntmin   =       1
     dx0     =   0.01000, drms    =   0.00010

NMR refinement options:
     iscale  =       0, noeskp  =       1, ipnlty  =       1, mxsub   =       1
     scalm   = 100.00000, pencut  =  -1.00000, tausw   =   0.10000

| Intermolecular bonds treatment:
|     no_intermolecular_bonds =       1

| Energy averages sample interval:
|     ene_avg_sampling =       1

Ewald parameters:
     verbose =       0, ew_type =       0, nbflag  =       1, use_pme =       1
     vdwmeth =       1, eedmeth =       1, netfrc  =       0
     Box X =   45.963   Box Y =   45.083   Box Z =   60.815
     Alpha =   90.000   Beta  =   90.000   Gamma =   90.000
     NFFT1 =   48       NFFT2 =   48       NFFT3 =   64
     Cutoff=    9.000   Tol   =0.100E-04
     Ewald Coefficient =  0.30768
     Interpolation order =    4

    LOADING THE CONSTRAINED ATOMS AS GROUPS


   5.  REFERENCE ATOM COORDINATES

  default_name                                                                    
     Mask @DUM; matches     3 atoms

--------------------------------------------------------------------------------
   3.  ATOMIC COORDINATES AND VELOCITIES
--------------------------------------------------------------------------------

default_name                                                                    
 begin time read from input coords =     0.000 ps



           Begin reading energy term weight changes/NMR restraints
 WEIGHT CHANGES:
                         ** No weight changes given **

 RESTRAINTS:
 Requested file redirections:
  DISANG    = disang.rest
  LISTOUT   = POUT
 Restraints will be read from file: disang.rest
Here are comments from the DISANG input file:

                       Number of restraints read =     9

                  Done reading weight changes/NMR restraints


 
 Number of triangulated 3-point waters found:     3000

     Sum of charges from parm topology file =   0.00000002
     Forcing neutrality...

| Dynamic Memory, Types Used:
| Reals              372848
| Integers           259810

| Nonbonded Pairs Initial Allocation:     2102844

| GPU memory information (estimate):
| KB of GPU memory in use:         0
| KB of CPU memory in use:         0

--------------------------------------------------------------------------------
   4.  RESULTS
--------------------------------------------------------------------------------



   NSTEP       ENERGY          RMS            GMAX         NAME    NUMBER
      1      -2.4406E+04     1.3133E+01     1.0423E+02     O        2933

 BOND    =       44.9595  ANGLE   =      116.4131  DIHED      =      141.1933
 VDWAALS =     3112.8208  EEL     =   -27969.8502  HBOND      =        0.0000
 1-4 VDW =       76.3246  1-4 EEL =       60.5711  RESTRAINT  =       11.1638
 EAMBER  =   -24417.5679
 NMR restraints: Bond =    0.000   Angle =    11.164   Torsion =     0.000
===============================================================================


   NSTEP       ENERGY          RMS            GMAX         NAME    NUMBER
    100      -3.2326E+04     1.6640E+00     1.3207E+01     C62        74

 BOND    =     1787.8886  ANGLE   =       46.0951  DIHED      =      104.0835
 VDWAALS =     3446.2067  EEL     =   -37846.7002  HBOND      =        0.0000
 1-4 VDW =       69.8940  1-4 EEL =       60.0084  RESTRAINT  =        6.5709
 EAMBER  =   -32332.5238
 NMR restraints: Bond =    0.023   Angle =     6.526   Torsion =     0.008
===============================================================================


   NSTEP       ENERGY          RMS            GMAX         NAME    NUMBER
    200      -3.3638E+04     2.0780E+00     4.9121E+01     C58        70

 BOND    =     2168.9804  ANGLE   =       49.0441  DIHED      =      103.1805
 VDWAALS =     3998.1901  EEL     =   -40089.4218  HBOND      =        0.0000
 1-4 VDW =       67.6502  1-4 EEL =       59.3305  RESTRAINT  =        5.5070
 EAMBER  =   -33643.0459
 NMR restraints: Bond =    0.006   Angle =     5.482   Torsion =     0.010
===============================================================================


   NSTEP       ENERGY          RMS            GMAX         NAME    NUMBER
    300      -3.4442E+04     1.8110E+00     1.0240E+02     C89       111

 BOND    =     2166.6635  ANGLE   =       50.8899  DIHED      =      102.9878
 VDWAALS =     4482.4563  EEL     =   -41376.1643  HBOND      =        0.0000
 1-4 VDW =       66.6969  1-4 EEL =       59.6005  RESTRAINT  =        4.9252
 EAMBER  =   -34446.8694
 NMR restraints: Bond =    0.002   Angle =     4.908   Torsion =     0.007
===============================================================================


   NSTEP       ENERGY          RMS            GMAX         NAME    NUMBER
    400      -3.4982E+04     1.5127E+00     7.5114E+01     C89       111

 BOND    =     2251.8301  ANGLE   =       51.0417  DIHED      =      102.7153
 VDWAALS =     4884.9175  EEL     =   -42403.6619  HBOND      =        0.0000
 1-4 VDW =       66.6502  1-4 EEL =       59.8656  RESTRAINT  =        4.3763
 EAMBER  =   -34986.6416
 NMR restraints: Bond =    0.016   Angle =     4.346   Torsion =     0.007
===============================================================================


   NSTEP       ENERGY          RMS            GMAX         NAME    NUMBER
    500      -3.6463E+04     9.4153E-01     4.0344E+01     C88       109

 BOND    =     2539.6746  ANGLE   =       56.1460  DIHED      =      104.2706
 VDWAALS =     6260.9240  EEL     =   -45555.1711  HBOND      =        0.0000
 1-4 VDW =       68.4196  1-4 EEL =       60.4329  RESTRAINT  =        1.9319
 EAMBER  =   -36465.3036
 NMR restraints: Bond =    0.182   Angle =     1.735   Torsion =     0.012
===============================================================================


  Maximum number of minimization cycles reached.


                    FINAL RESULTS



   NSTEP       ENERGY          RMS            GMAX         NAME    NUMBER
    500      -3.6463E+04     9.4153E-01     4.0344E+01     C88       109

 BOND    =     2539.6746  ANGLE   =       56.1460  DIHED      =      104.2706
 VDWAALS =     6260.9240  EEL     =   -45555.1711  HBOND      =        0.0000
 1-4 VDW =       68.4196  1-4 EEL =       60.4329  RESTRAINT  =        1.9319
 EAMBER  =   -36465.3036
 NMR restraints: Bond =    0.182   Angle =     1.735   Torsion =     0.012
===============================================================================
 ------------------------------------------------------------------------------


 Final Restraint Analysis for coords: minimize.rst7                           


 Restraints, deviations, and energy contributions:    pencut =   -1.00

 ------------------------------------------------------------------------------
     First atom        Last atom    curr. value target deviation  penalty
 ------------------------------------------------------------------------------
  DUM  DM1    3 --  C26  HST    1:    8.572    8.686    0.114    0.065 d    0: 0
  DUM  DM2    4 --  C26  HST    1:  152.589  153.535    0.946    0.027 a
  DUM  DM2    4 --  DUM  DM1    3: -153.419 -153.554    0.135    0.001 t
  DUM  DM1    3 --  C18  HST    1:   68.635   69.832    1.197    0.044 a
  DUM  DM1    3 --  C26  HST    1:  126.179  126.644    0.466    0.007 t
  C26  HST    1 --  C18  HST    1:   67.247   67.628    0.381    0.004 t
  DUM  DM1    3 --  C6   GST    2:   26.016   25.863    0.153    0.117 d    0: 0
  DUM  DM2    4 --  C6   GST    2:  178.696  180.000    1.304    0.052 a
  DUM  DM1    3 --  C1   GST    2:  172.726  180.000    7.274    1.612 a
                                       Total distance penalty:      0.182
                                       Total angle    penalty:      1.735
                                       Total torsion  penalty:      0.012
 ------------------------------------------------------------------------------
--------------------------------------------------------------------------------
   5.  TIMINGS
--------------------------------------------------------------------------------

|  NonSetup CPU Time in Major Routines:
|
|     Routine           Sec        %
|     ------------------------------
|     Nonbond           0.27   47.84
|     Bond              0.00    0.00
|     Angle             0.00    0.00
|     Dihedral          0.00    0.00
|     Shake             0.00    0.00
|     Other             0.29   52.16
|     ------------------------------
|     Total             0.56

|  PME Nonbond Pairlist CPU Time:
|
|     Routine              Sec        %
|     ---------------------------------
|     Set Up Cit           0.00    0.00
|     Build List           0.00    0.00
|     ---------------------------------
|     Total                0.00    0.00

|  PME Direct Force CPU Time:
|
|     Routine              Sec        %
|     ---------------------------------
|     NonBonded Calc       0.00    0.00
|     Exclude Masked       0.00    0.00
|     Other                0.00    0.00
|     ---------------------------------
|     Total                0.00    0.00

|  PME Reciprocal Force CPU Time:
|
|     Routine              Sec        %
|     ---------------------------------
|     1D bspline           0.00    0.00
|     Grid Charges         0.00    0.00
|     Scalar Sum           0.00    0.00
|     Gradient Sum         0.00    0.00
|     FFT                  0.00    0.00
|     ---------------------------------
|     Total                0.00    0.00

|  Setup CPU time:            1.64 seconds
|  NonSetup CPU time:         0.56 seconds
|  Total CPU time:            2.20 seconds     0.00 hours

|  Setup wall time:           2    seconds
|  NonSetup wall time:        1    seconds
|  Total wall time:           3    seconds     0.00 hours
