
          -------------------------------------------------------
          Amber 18 PMEMD                              2018
          -------------------------------------------------------

| PMEMD implementation of SANDER, Release 18

| Run on 05/02/2018 at 11:17:05

|   Executable path: pmemd.cuda
| Working directory: /oasis/tscc/scratch/davids4/SAMPLing-cut9/11499441.tscc-mgr.local
|          Hostname: tscc-gpu-5-10.sdsc.edu

  [-O]verwriting output

File Assignments:
|   MDIN: equil.000.in                                                          
|  MDOUT: equil.000.out                                                         
| INPCRD: minimize.rst7                                                         
|   PARM: solvate.prmtop                                                        
| RESTRT: equil.000.rst7                                                        
|   REFC: solvate.rst7                                                          
|  MDVEL: mdvel                                                                 
|   MDEN: equil.000.mden                                                        
|  MDCRD: equil.000.nc                                                          
| MDINFO: equil.000.mdinfo                                                      
|  MDFRC: mdfrc                                                                 


 Here is the input file:

PBC MD Simulation                                                              
 &cntrl                                                                        
  imin =          0,                                                           
  ntx =           1,                                                           
  irest =         0,                                                           
  maxcyc =        0,                                                           
  ncyc =          0,                                                           
  dt =            0.002,                                                       
  nstlim =        500000,                                                      
  ntpr =          500,                                                         
  ntwe =          500,                                                         
  ntwr =          250,                                                         
  ntwx =          250,                                                         
  ntxo =          1,                                                           
  ioutfm =        1,                                                           
  ntf =           2,                                                           
  ntc =           2,                                                           
  cut =           9.0,                                                         
  igb =           0,                                                           
  tempi =         298.15,                                                      
  temp0 =         298.15,                                                      
  ntt =           3,                                                           
  gamma_ln =      1.0,                                                         
  ig =            -1,                                                          
  ntp =           1,                                                           
  barostat =      2,                                                           
  ntr =           1,                                                           
  restraint_wt =  50.0,                                                        
  restraintmask = '@DUM',                                                      
  nmropt =        1,                                                           
  pencut =        -1,                                                          
  ntwprt =        204,                                                         
 /                                                                             
 &wt type = 'END', /                                                           
DISANG = disang.rest                                                           
LISTOUT = POUT                                                                 
                                                                               


Note: ig = -1. Setting random seed to   320231 based on wallclock time in 
      microseconds.
| irandom = 1, using AMBER's internal random number generator (default).
 
|--------------------- INFORMATION ----------------------
| GPU (CUDA) Version of PMEMD in use: NVIDIA GPU IN USE.
|                    Version 18.0.0
| 
|                      03/25/2018
| 
| Implementation by:
|                    Ross C. Walker     (SDSC)
|                    Scott Le Grand     (nVIDIA)
| 
| Version 18 performance extensions by:
|                    David Cerutti     (Rutgers)
| 
| Precision model in use:
|      [SPFP] - Single Precision Forces, 64-bit Fixed Point
|               Accumulation. (Default)
| 
|--------------------------------------------------------
 
|----------------- CITATION INFORMATION -----------------
|
|    When publishing work that utilized the CUDA version
|    of AMBER, please cite the following in addition to
|    the regular AMBER citations:
|
|  - Romelia Salomon-Ferrer; Andreas W. Goetz; Duncan
|    Poole; Scott Le Grand; Ross C. Walker "Routine
|    microsecond molecular dynamics simulations with
|    AMBER - Part II: Particle Mesh Ewald", J. Chem.
|    Theory Comput., 2013, 9 (9), pp3878-3888,
|    DOI: 10.1021/ct400314y.
|
|  - Andreas W. Goetz; Mark J. Williamson; Dong Xu;
|    Duncan Poole; Scott Le Grand; Ross C. Walker
|    "Routine microsecond molecular dynamics simulations
|    with AMBER - Part I: Generalized Born", J. Chem.
|    Theory Comput., 2012, 8 (5), pp1542-1555.
|
|  - Scott Le Grand; Andreas W. Goetz; Ross C. Walker
|    "SPFP: Speed without compromise - a mixed precision
|    model for GPU accelerated molecular dynamics
|    simulations.", Comp. Phys. Comm., 2013, 184
|    pp374-380, DOI: 10.1016/j.cpc.2012.09.022
|
|--------------------------------------------------------
 
|------------------- GPU DEVICE INFO --------------------
|
|            CUDA_VISIBLE_DEVICES: 7
|   CUDA Capable Devices Detected:      1
|           CUDA Device ID in use:      0
|                CUDA Device Name: GeForce GTX TITAN X
|     CUDA Device Global Mem Size:  12207 MB
| CUDA Device Num Multiprocessors:     24
|           CUDA Device Core Freq:   1.08 GHz
|
|--------------------------------------------------------
 
 
| Conditional Compilation Defines Used:
| PUBFFT
| BINTRAJ
| CUDA
| EMIL

| Largest sphere to fit in unit cell has radius =    21.059

| New format PARM file being parsed.
| Version =    1.000 Date = 04/23/18 Time = 20:23:59

| Note: 1-4 EEL scale factors are being read from the topology file.

| Note: 1-4 VDW scale factors are being read from the topology file.
| Duplicated    0 dihedrals

| Duplicated    0 dihedrals

--------------------------------------------------------------------------------
   1.  RESOURCE   USE: 
--------------------------------------------------------------------------------

 getting new box info from bottom of inpcrd
 NATOM  =    9221 NTYPES =      11 NBONH =    9065 MBONA  =     155
 NTHETH =     148 MTHETA =     231 NPHIH =     343 MPHIA  =     362
 NHPARM =       0 NPARM  =       0 NNB   =   13205 NRES   =    3022
 NBONA  =     155 NTHETA =     231 NPHIA =     362 NUMBND =      16
 NUMANG =      28 NPTRA  =      15 NATYP =      14 NPHB   =       0
 IFBOX  =       1 NMXRS  =     184 IFCAP =       0 NEXTRA =       0
 NCOPY  =       0

| Coordinate Index Table dimensions:     8    8   13
| Direct force subcell size =     5.4385    5.2647    5.3161

     BOX TYPE: RECTILINEAR

--------------------------------------------------------------------------------
   2.  CONTROL  DATA  FOR  THE  RUN
--------------------------------------------------------------------------------

default_name                                                                    

General flags:
     imin    =       0, nmropt  =       1

Nature and format of input:
     ntx     =       1, irest   =       0, ntrx    =       1

Nature and format of output:
     ntxo    =       1, ntpr    =     500, ntrx    =       1, ntwr    =     250
     iwrap   =       0, ntwx    =     250, ntwv    =       0, ntwe    =     500
     ioutfm  =       1, ntwprt  =     204, idecomp =       0, rbornstat=      0

Potential function:
     ntf     =       2, ntb     =       2, igb     =       0, nsnb    =      25
     ipol    =       0, gbsa    =       0, iesp    =       0
     dielc   =   1.00000, cut     =   9.00000, intdiel =   1.00000

Frozen or restrained atoms:
     ibelly  =       0, ntr     =       1
     restraint_wt =  50.00000

Molecular dynamics:
     nstlim  =    500000, nscm    =         0, nrespa  =         1
     t       =   0.00000, dt      =   0.00200, vlimit  =  -1.00000

Langevin dynamics temperature regulation:
     ig      =  320231
     temp0   = 298.15000, tempi   = 298.15000, gamma_ln=   1.00000

Pressure regulation:
     ntp     =       1
     pres0   =   1.00000, comp    =  44.60000, taup    =   1.00000
     Monte-Carlo Barostat:
     mcbarint  =     100

SHAKE:
     ntc     =       2, jfastw  =       0
     tol     =   0.00001

NMR refinement options:
     iscale  =       0, noeskp  =       1, ipnlty  =       1, mxsub   =       1
     scalm   = 100.00000, pencut  =  -1.00000, tausw   =   0.10000

| Intermolecular bonds treatment:
|     no_intermolecular_bonds =       1

| Energy averages sample interval:
|     ene_avg_sampling =     500

Ewald parameters:
     verbose =       0, ew_type =       0, nbflag  =       1, use_pme =       1
     vdwmeth =       1, eedmeth =       1, netfrc  =       1
     Box X =   43.508   Box Y =   42.118   Box Z =   69.110
     Alpha =   90.000   Beta  =   90.000   Gamma =   90.000
     NFFT1 =   48       NFFT2 =   48       NFFT3 =   72
     Cutoff=    9.000   Tol   =0.100E-04
     Ewald Coefficient =  0.30768
     Interpolation order =    4

    LOADING THE CONSTRAINED ATOMS AS GROUPS


   5.  REFERENCE ATOM COORDINATES

  default_name                                                                    
     Mask @DUM; matches     3 atoms
| MONTE CARLO BAROSTAT IMPORTANT NOTE:
|   The Monte-Carlo barostat does not require the virial to adjust the system volume.
|   Since it is an expensive calculation, it is skipped for efficiency. A side-effect
|   is that the reported pressure is always 0 because it is not calculated.

--------------------------------------------------------------------------------
   3.  ATOMIC COORDINATES AND VELOCITIES
--------------------------------------------------------------------------------

default_name                                                                    
 begin time read from input coords =     0.000 ps



           Begin reading energy term weight changes/NMR restraints
 WEIGHT CHANGES:
                         ** No weight changes given **

 RESTRAINTS:
 Requested file redirections:
  DISANG    = disang.rest
  LISTOUT   = POUT
 Restraints will be read from file: disang.rest
Here are comments from the DISANG input file:

                       Number of restraints read =     9

                  Done reading weight changes/NMR restraints


 
 Number of triangulated 3-point waters found:     3000

     Sum of charges from parm topology file =   0.00000002
     Forcing neutrality...

| Dynamic Memory, Types Used:
| Reals              528869
| Integers           283979

| Nonbonded Pairs Initial Allocation:     2102388

| GPU memory information (estimate):
| KB of GPU memory in use:         0
| KB of CPU memory in use:         0

--------------------------------------------------------------------------------
   4.  RESULTS
--------------------------------------------------------------------------------


 NSTEP =        0   TIME(PS) =       0.000  TEMP(K) =   442.13  PRESS =     0.0
 Etot   =    -30746.0400  EKtot   =      8169.9820  EPtot      =    -38916.0220
 BOND   =        13.4172  ANGLE   =        51.7367  DIHED      =       104.9074
 1-4 NB =        66.6711  1-4 EEL =        62.5178  VDWAALS    =      6184.7391
 EELEC  =    -45400.9284  EHBOND  =         0.0000  RESTRAINT  =         0.9171
 EAMBER (non-restraint)  =    -38916.9391
 EKCMT  =         0.0000  VIRIAL  =         0.0000  VOLUME     =    126640.7721
                                                    Density    =         0.7467
 ------------------------------------------------------------------------------

 NMR restraints: Bond =    0.241   Angle =     0.595   Torsion =     0.065
===============================================================================

 NSTEP =      500   TIME(PS) =       1.000  TEMP(K) =   264.14  PRESS =     0.0
 Etot   =    -25963.2922  EKtot   =      4880.9419  EPtot      =    -30844.2341
 BOND   =        48.1410  ANGLE   =        93.1800  DIHED      =       138.1664
 1-4 NB =        80.3076  1-4 EEL =        60.6011  VDWAALS    =      4792.8697
 EELEC  =    -36064.1330  EHBOND  =         0.0000  RESTRAINT  =         6.6332
 EAMBER (non-restraint)  =    -30850.8673
 EKCMT  =         0.0000  VIRIAL  =         0.0000  VOLUME     =    124637.2751
                                                    Density    =         0.7587
 ------------------------------------------------------------------------------

 NMR restraints: Bond =    1.968   Angle =     1.307   Torsion =     0.903
===============================================================================

 NSTEP =     1000   TIME(PS) =       2.000  TEMP(K) =   288.95  PRESS =     0.0
 Etot   =    -25114.5941  EKtot   =      5339.4609  EPtot      =    -30454.0550
 BOND   =        41.4360  ANGLE   =        96.3159  DIHED      =       142.2855
 1-4 NB =        85.2489  1-4 EEL =        62.9750  VDWAALS    =      4405.4431
 EELEC  =    -35292.2904  EHBOND  =         0.0000  RESTRAINT  =         4.5310
 EAMBER (non-restraint)  =    -30458.5860
 EKCMT  =         0.0000  VIRIAL  =         0.0000  VOLUME     =    122410.6744
                                                    Density    =         0.7725
 ------------------------------------------------------------------------------

 NMR restraints: Bond =    0.622   Angle =     1.011   Torsion =     1.173
===============================================================================

 NSTEP =     1500   TIME(PS) =       3.000  TEMP(K) =   293.32  PRESS =     0.0
 Etot   =    -24692.4170  EKtot   =      5420.1460  EPtot      =    -30112.5630
 BOND   =        54.8206  ANGLE   =       132.2790  DIHED      =       144.4225
 1-4 NB =        73.9546  1-4 EEL =        52.1295  VDWAALS    =      4163.2588
 EELEC  =    -34737.8393  EHBOND  =         0.0000  RESTRAINT  =         4.4113
 EAMBER (non-restraint)  =    -30116.9743
 EKCMT  =         0.0000  VIRIAL  =         0.0000  VOLUME     =    121719.2264
                                                    Density    =         0.7769
 ------------------------------------------------------------------------------

 NMR restraints: Bond =    0.206   Angle =     1.961   Torsion =     0.460
===============================================================================

 NSTEP =     2000   TIME(PS) =       4.000  TEMP(K) =   293.53  PRESS =     0.0
 Etot   =    -24706.0262  EKtot   =      5424.1040  EPtot      =    -30130.1302
 BOND   =        53.2144  ANGLE   =       117.0068  DIHED      =       138.1760
 1-4 NB =        81.7832  1-4 EEL =        59.2282  VDWAALS    =      4467.3653
 EELEC  =    -35055.2338  EHBOND  =         0.0000  RESTRAINT  =         8.3298
 EAMBER (non-restraint)  =    -30138.4600
 EKCMT  =         0.0000  VIRIAL  =         0.0000  VOLUME     =    121060.5317
                                                    Density    =         0.7811
 ------------------------------------------------------------------------------

 NMR restraints: Bond =    1.943   Angle =     1.805   Torsion =     0.742
===============================================================================

 NSTEP =     2500   TIME(PS) =       5.000  TEMP(K) =   303.45  PRESS =     0.0
 Etot   =    -24678.7193  EKtot   =      5607.4741  EPtot      =    -30286.1934
 BOND   =        55.7366  ANGLE   =       112.4726  DIHED      =       142.7193
 1-4 NB =        77.1182  1-4 EEL =        62.3385  VDWAALS    =      4631.8616
 EELEC  =    -35374.1731  EHBOND  =         0.0000  RESTRAINT  =         5.7327
 EAMBER (non-restraint)  =    -30291.9261
 EKCMT  =         0.0000  VIRIAL  =         0.0000  VOLUME     =    118497.1528
                                                    Density    =         0.7980
 ------------------------------------------------------------------------------

 NMR restraints: Bond =    0.590   Angle =     1.501   Torsion =     0.271
===============================================================================

 NSTEP =     3000   TIME(PS) =       6.000  TEMP(K) =   298.25  PRESS =     0.0
 Etot   =    -24732.9156  EKtot   =      5511.3457  EPtot      =    -30244.2613
 BOND   =        54.0121  ANGLE   =       110.0615  DIHED      =       129.9579
 1-4 NB =        78.7991  1-4 EEL =        61.2672  VDWAALS    =      4495.0010
 EELEC  =    -35182.1978  EHBOND  =         0.0000  RESTRAINT  =         8.8377
 EAMBER (non-restraint)  =    -30253.0990
 EKCMT  =         0.0000  VIRIAL  =         0.0000  VOLUME     =    117389.2343
                                                    Density    =         0.8056
 ------------------------------------------------------------------------------

 NMR restraints: Bond =    0.556   Angle =     2.489   Torsion =     1.734
===============================================================================

 NSTEP =     3500   TIME(PS) =       7.000  TEMP(K) =   290.03  PRESS =     0.0
 Etot   =    -24830.0551  EKtot   =      5359.4487  EPtot      =    -30189.5038
 BOND   =        51.6544  ANGLE   =       106.8902  DIHED      =       133.6275
 1-4 NB =        74.0180  1-4 EEL =        61.1764  VDWAALS    =      4557.8053
 EELEC  =    -35179.9883  EHBOND  =         0.0000  RESTRAINT  =         5.3127
 EAMBER (non-restraint)  =    -30194.8165
 EKCMT  =         0.0000  VIRIAL  =         0.0000  VOLUME     =    115667.3697
                                                    Density    =         0.8176
 ------------------------------------------------------------------------------

 NMR restraints: Bond =    0.518   Angle =     2.093   Torsion =     0.146
===============================================================================

 NSTEP =     4000   TIME(PS) =       8.000  TEMP(K) =   301.77  PRESS =     0.0
 Etot   =    -24710.5333  EKtot   =      5576.3198  EPtot      =    -30286.8532
 BOND   =        48.4619  ANGLE   =        96.1224  DIHED      =       126.7471
 1-4 NB =        76.9050  1-4 EEL =        64.1090  VDWAALS    =      4097.0007
 EELEC  =    -34801.7351  EHBOND  =         0.0000  RESTRAINT  =         5.5359
 EAMBER (non-restraint)  =    -30292.3890
 EKCMT  =         0.0000  VIRIAL  =         0.0000  VOLUME     =    114504.6031
                                                    Density    =         0.8259
 ------------------------------------------------------------------------------

 NMR restraints: Bond =    0.819   Angle =     0.587   Torsion =     0.473
===============================================================================

 NSTEP =     4500   TIME(PS) =       9.000  TEMP(K) =   301.55  PRESS =     0.0
 Etot   =    -24710.3920  EKtot   =      5572.2773  EPtot      =    -30282.6693
 BOND   =        47.1178  ANGLE   =       108.0379  DIHED      =       131.0894
 1-4 NB =        75.1724  1-4 EEL =        60.0330  VDWAALS    =      4369.9326
 EELEC  =    -35082.3223  EHBOND  =         0.0000  RESTRAINT  =         8.2699
 EAMBER (non-restraint)  =    -30290.9392
 EKCMT  =         0.0000  VIRIAL  =         0.0000  VOLUME     =    113649.5797
                                                    Density    =         0.8321
 ------------------------------------------------------------------------------

 NMR restraints: Bond =    1.851   Angle =     1.854   Torsion =     0.248
===============================================================================

 NSTEP =     5000   TIME(PS) =      10.000  TEMP(K) =   298.05  PRESS =     0.0
 Etot   =    -24861.7927  EKtot   =      5507.6953  EPtot      =    -30369.4880
 BOND   =        55.4330  ANGLE   =       109.7427  DIHED      =       129.3737
 1-4 NB =        76.1148  1-4 EEL =        64.4002  VDWAALS    =      4261.2205
 EELEC  =    -35071.4978  EHBOND  =         0.0000  RESTRAINT  =         5.7250
 EAMBER (non-restraint)  =    -30375.2130
 EKCMT  =         0.0000  VIRIAL  =         0.0000  VOLUME     =    112276.2635
                                                    Density    =         0.8422
 ------------------------------------------------------------------------------

 NMR restraints: Bond =    0.257   Angle =     1.002   Torsion =     0.321
===============================================================================

 NSTEP =     5500   TIME(PS) =      11.000  TEMP(K) =   298.79  PRESS =     0.0
 Etot   =    -24996.1620  EKtot   =      5521.3340  EPtot      =    -30517.4960
 BOND   =        62.4476  ANGLE   =       103.3149  DIHED      =       135.6351
 1-4 NB =        73.1676  1-4 EEL =        62.1449  VDWAALS    =      4210.4877
 EELEC  =    -35170.3583  EHBOND  =         0.0000  RESTRAINT  =         5.6645
 EAMBER (non-restraint)  =    -30523.1605
 EKCMT  =         0.0000  VIRIAL  =         0.0000  VOLUME     =    111395.5197
                                                    Density    =         0.8489
 ------------------------------------------------------------------------------

 NMR restraints: Bond =    0.491   Angle =     2.224   Torsion =     0.580
===============================================================================

 NSTEP =     6000   TIME(PS) =      12.000  TEMP(K) =   295.22  PRESS =     0.0
 Etot   =    -24992.7605  EKtot   =      5455.3325  EPtot      =    -30448.0930
 BOND   =        41.0265  ANGLE   =       110.2398  DIHED      =       138.9432
 1-4 NB =        77.2903  1-4 EEL =        65.3990  VDWAALS    =      4623.8941
 EELEC  =    -35511.9194  EHBOND  =         0.0000  RESTRAINT  =         7.0335
 EAMBER (non-restraint)  =    -30455.1266
 EKCMT  =         0.0000  VIRIAL  =         0.0000  VOLUME     =    109716.2560
                                                    Density    =         0.8619
 ------------------------------------------------------------------------------

 NMR restraints: Bond =    1.308   Angle =     1.562   Torsion =     0.450
===============================================================================

 NSTEP =     6500   TIME(PS) =      13.000  TEMP(K) =   300.02  PRESS =     0.0
 Etot   =    -25008.9803  EKtot   =      5543.9829  EPtot      =    -30552.9632
 BOND   =        50.3565  ANGLE   =       104.1029  DIHED      =       132.0575
 1-4 NB =        71.3366  1-4 EEL =        60.5318  VDWAALS    =      4565.8532
 EELEC  =    -35544.3428  EHBOND  =         0.0000  RESTRAINT  =         7.1411
 EAMBER (non-restraint)  =    -30560.1043
 EKCMT  =         0.0000  VIRIAL  =         0.0000  VOLUME     =    108158.0188
                                                    Density    =         0.8743
 ------------------------------------------------------------------------------

 NMR restraints: Bond =    0.443   Angle =     3.089   Torsion =     1.012
===============================================================================

 NSTEP =     7000   TIME(PS) =      14.000  TEMP(K) =   298.72  PRESS =     0.0
 Etot   =    -24913.4777  EKtot   =      5520.0171  EPtot      =    -30433.4947
 BOND   =        45.3491  ANGLE   =       116.3302  DIHED      =       142.0577
 1-4 NB =        77.2576  1-4 EEL =        61.4851  VDWAALS    =      4085.4209
 EELEC  =    -34968.7663  EHBOND  =         0.0000  RESTRAINT  =         7.3708
 EAMBER (non-restraint)  =    -30440.8656
 EKCMT  =         0.0000  VIRIAL  =         0.0000  VOLUME     =    107436.4546
                                                    Density    =         0.8802
 ------------------------------------------------------------------------------

 NMR restraints: Bond =    0.774   Angle =     2.946   Torsion =     0.474
===============================================================================

 NSTEP =     7500   TIME(PS) =      15.000  TEMP(K) =   299.14  PRESS =     0.0
 Etot   =    -25103.1654  EKtot   =      5527.8486  EPtot      =    -30631.0141
 BOND   =        40.4427  ANGLE   =       116.0337  DIHED      =       132.6185
 1-4 NB =        75.9657  1-4 EEL =        60.9550  VDWAALS    =      4389.2852
 EELEC  =    -35453.2121  EHBOND  =         0.0000  RESTRAINT  =         6.8972
 EAMBER (non-restraint)  =    -30637.9113
 EKCMT  =         0.0000  VIRIAL  =         0.0000  VOLUME     =    106199.3196
                                                    Density    =         0.8904
 ------------------------------------------------------------------------------

 NMR restraints: Bond =    2.190   Angle =     1.858   Torsion =     0.299
===============================================================================

 NSTEP =     8000   TIME(PS) =      16.000  TEMP(K) =   300.30  PRESS =     0.0
 Etot   =    -25039.7034  EKtot   =      5549.2812  EPtot      =    -30588.9847
 BOND   =        61.3421  ANGLE   =       107.6393  DIHED      =       133.6906
 1-4 NB =        76.1377  1-4 EEL =        56.4294  VDWAALS    =      4303.6340
 EELEC  =    -35334.3616  EHBOND  =         0.0000  RESTRAINT  =         6.5039
 EAMBER (non-restraint)  =    -30595.4886
 EKCMT  =         0.0000  VIRIAL  =         0.0000  VOLUME     =    103126.4297
                                                    Density    =         0.9170
 ------------------------------------------------------------------------------

 NMR restraints: Bond =    2.027   Angle =     2.074   Torsion =     0.697
===============================================================================

 NSTEP =     8500   TIME(PS) =      17.000  TEMP(K) =   300.96  PRESS =     0.0
 Etot   =    -25138.0032  EKtot   =      5561.4878  EPtot      =    -30699.4910
 BOND   =        57.7256  ANGLE   =       110.1054  DIHED      =       136.4077
 1-4 NB =        73.1468  1-4 EEL =        62.3380  VDWAALS    =      4224.1790
 EELEC  =    -35373.1668  EHBOND  =         0.0000  RESTRAINT  =         9.7732
 EAMBER (non-restraint)  =    -30709.2642
 EKCMT  =         0.0000  VIRIAL  =         0.0000  VOLUME     =    102911.8693
                                                    Density    =         0.9189
 ------------------------------------------------------------------------------

 NMR restraints: Bond =    0.217   Angle =     0.840   Torsion =     4.296
===============================================================================

 NSTEP =     9000   TIME(PS) =      18.000  TEMP(K) =   299.01  PRESS =     0.0
 Etot   =    -25149.6316  EKtot   =      5525.3481  EPtot      =    -30674.9798
 BOND   =        62.9111  ANGLE   =       108.0787  DIHED      =       137.9693
 1-4 NB =        72.9118  1-4 EEL =        64.9287  VDWAALS    =      4494.9284
 EELEC  =    -35623.2474  EHBOND  =         0.0000  RESTRAINT  =         6.5398
 EAMBER (non-restraint)  =    -30681.5195
 EKCMT  =         0.0000  VIRIAL  =         0.0000  VOLUME     =    101017.5298
                                                    Density    =         0.9361
 ------------------------------------------------------------------------------

 NMR restraints: Bond =    0.643   Angle =     1.388   Torsion =     0.903
===============================================================================

 NSTEP =     9500   TIME(PS) =      19.000  TEMP(K) =   298.88  PRESS =     0.0
 Etot   =    -25191.0083  EKtot   =      5522.9678  EPtot      =    -30713.9761
 BOND   =        57.9784  ANGLE   =       110.3086  DIHED      =       137.3504
 1-4 NB =        76.7829  1-4 EEL =        64.4440  VDWAALS    =      4176.9801
 EELEC  =    -35345.1708  EHBOND  =         0.0000  RESTRAINT  =         7.3505
 EAMBER (non-restraint)  =    -30721.3265
 EKCMT  =         0.0000  VIRIAL  =         0.0000  VOLUME     =    101017.5298
                                                    Density    =         0.9361
 ------------------------------------------------------------------------------

 NMR restraints: Bond =    0.101   Angle =     1.587   Torsion =     1.000
===============================================================================

 NSTEP =    10000   TIME(PS) =      20.000  TEMP(K) =   296.56  PRESS =     0.0
 Etot   =    -25178.9505  EKtot   =      5480.1196  EPtot      =    -30659.0702
 BOND   =        50.0165  ANGLE   =       107.5235  DIHED      =       140.7844
 1-4 NB =        75.2909  1-4 EEL =        61.1534  VDWAALS    =      4485.2306
 EELEC  =    -35585.1899  EHBOND  =         0.0000  RESTRAINT  =         6.1203
 EAMBER (non-restraint)  =    -30665.1904
 EKCMT  =         0.0000  VIRIAL  =         0.0000  VOLUME     =     99752.8137
                                                    Density    =         0.9480
 ------------------------------------------------------------------------------

 NMR restraints: Bond =    0.815   Angle =     1.121   Torsion =     0.389
===============================================================================

 NSTEP =    10500   TIME(PS) =      21.000  TEMP(K) =   294.92  PRESS =     0.0
 Etot   =    -25544.7262  EKtot   =      5449.8379  EPtot      =    -30994.5641
 BOND   =        49.3087  ANGLE   =        98.2279  DIHED      =       140.5420
 1-4 NB =        77.2638  1-4 EEL =        62.8214  VDWAALS    =      4245.1802
 EELEC  =    -35671.9350  EHBOND  =         0.0000  RESTRAINT  =         4.0269
 EAMBER (non-restraint)  =    -30998.5910
 EKCMT  =         0.0000  VIRIAL  =         0.0000  VOLUME     =     98642.7973
                                                    Density    =         0.9587
 ------------------------------------------------------------------------------

 NMR restraints: Bond =    0.461   Angle =     0.941   Torsion =     0.163
===============================================================================

 NSTEP =    11000   TIME(PS) =      22.000  TEMP(K) =   292.49  PRESS =     0.0
 Etot   =    -25558.7061  EKtot   =      5404.8262  EPtot      =    -30963.5323
 BOND   =        61.9564  ANGLE   =        98.2910  DIHED      =       138.5130
 1-4 NB =        75.8994  1-4 EEL =        61.8611  VDWAALS    =      4266.0826
 EELEC  =    -35669.1926  EHBOND  =         0.0000  RESTRAINT  =         3.0567
 EAMBER (non-restraint)  =    -30966.5890
 EKCMT  =         0.0000  VIRIAL  =         0.0000  VOLUME     =     97860.6113
                                                    Density    =         0.9663
 ------------------------------------------------------------------------------

 NMR restraints: Bond =    0.764   Angle =     0.463   Torsion =     0.305
===============================================================================

 NSTEP =    11500   TIME(PS) =      23.000  TEMP(K) =   294.42  PRESS =     0.0
 Etot   =    -25491.3200  EKtot   =      5440.6328  EPtot      =    -30931.9528
 BOND   =        51.0531  ANGLE   =       119.3844  DIHED      =       140.1711
 1-4 NB =        74.7478  1-4 EEL =        58.4355  VDWAALS    =      4261.8531
 EELEC  =    -35641.0263  EHBOND  =         0.0000  RESTRAINT  =         3.4284
 EAMBER (non-restraint)  =    -30935.3812
 EKCMT  =         0.0000  VIRIAL  =         0.0000  VOLUME     =     97446.6189
                                                    Density    =         0.9704
 ------------------------------------------------------------------------------

 NMR restraints: Bond =    0.610   Angle =     0.228   Torsion =     0.148
===============================================================================

 NSTEP =    12000   TIME(PS) =      24.000  TEMP(K) =   301.85  PRESS =     0.0
 Etot   =    -25458.3516  EKtot   =      5577.8945  EPtot      =    -31036.2462
 BOND   =        46.1489  ANGLE   =       108.2266  DIHED      =       137.6177
 1-4 NB =        74.7270  1-4 EEL =        64.6297  VDWAALS    =      4269.3491
 EELEC  =    -35742.3798  EHBOND  =         0.0000  RESTRAINT  =         5.4346
 EAMBER (non-restraint)  =    -31041.6808
 EKCMT  =         0.0000  VIRIAL  =         0.0000  VOLUME     =     96531.0362
                                                    Density    =         0.9796
 ------------------------------------------------------------------------------

 NMR restraints: Bond =    0.808   Angle =     1.635   Torsion =     0.558
===============================================================================

 NSTEP =    12500   TIME(PS) =      25.000  TEMP(K) =   296.78  PRESS =     0.0
 Etot   =    -25511.6523  EKtot   =      5484.2305  EPtot      =    -30995.8828
 BOND   =        54.4512  ANGLE   =       103.0108  DIHED      =       139.2044
 1-4 NB =        73.7628  1-4 EEL =        65.8052  VDWAALS    =      4152.9901
 EELEC  =    -35589.7123  EHBOND  =         0.0000  RESTRAINT  =         4.6049
 EAMBER (non-restraint)  =    -31000.4877
 EKCMT  =         0.0000  VIRIAL  =         0.0000  VOLUME     =     95929.8726
                                                    Density    =         0.9858
 ------------------------------------------------------------------------------

 NMR restraints: Bond =    0.071   Angle =     0.567   Torsion =     0.979
===============================================================================

 NSTEP =    13000   TIME(PS) =      26.000  TEMP(K) =   301.16  PRESS =     0.0
 Etot   =    -25469.3458  EKtot   =      5565.1528  EPtot      =    -31034.4986
 BOND   =        54.5580  ANGLE   =       106.0755  DIHED      =       138.5896
 1-4 NB =        77.3467  1-4 EEL =        60.5390  VDWAALS    =      4260.0986
 EELEC  =    -35736.4420  EHBOND  =         0.0000  RESTRAINT  =         4.7360
 EAMBER (non-restraint)  =    -31039.2346
 EKCMT  =         0.0000  VIRIAL  =         0.0000  VOLUME     =     95523.2725
                                                    Density    =         0.9900
 ------------------------------------------------------------------------------

 NMR restraints: Bond =    0.698   Angle =     1.744   Torsion =     0.386
===============================================================================

 NSTEP =    13500   TIME(PS) =      27.000  TEMP(K) =   298.44  PRESS =     0.0
 Etot   =    -25409.7350  EKtot   =      5514.9019  EPtot      =    -30924.6369
 BOND   =        53.8191  ANGLE   =       115.2590  DIHED      =       132.5895
 1-4 NB =        78.3293  1-4 EEL =        64.5586  VDWAALS    =      4387.2769
 EELEC  =    -35761.0581  EHBOND  =         0.0000  RESTRAINT  =         4.5889
 EAMBER (non-restraint)  =    -30929.2258
 EKCMT  =         0.0000  VIRIAL  =         0.0000  VOLUME     =     95055.9862
                                                    Density    =         0.9948
 ------------------------------------------------------------------------------

 NMR restraints: Bond =    0.095   Angle =     0.876   Torsion =     0.170
===============================================================================

 NSTEP =    14000   TIME(PS) =      28.000  TEMP(K) =   305.25  PRESS =     0.0
 Etot   =    -25524.8338  EKtot   =      5640.6816  EPtot      =    -31165.5154
 BOND   =        53.5037  ANGLE   =        94.8979  DIHED      =       127.6612
 1-4 NB =        77.7266  1-4 EEL =        64.6999  VDWAALS    =      4256.3602
 EELEC  =    -35845.8527  EHBOND  =         0.0000  RESTRAINT  =         5.4877
 EAMBER (non-restraint)  =    -31171.0032
 EKCMT  =         0.0000  VIRIAL  =         0.0000  VOLUME     =     94985.6056
                                                    Density    =         0.9956
 ------------------------------------------------------------------------------

 NMR restraints: Bond =    0.189   Angle =     1.566   Torsion =     1.849
===============================================================================

 NSTEP =    14500   TIME(PS) =      29.000  TEMP(K) =   298.35  PRESS =     0.0
 Etot   =    -25477.0189  EKtot   =      5513.2388  EPtot      =    -30990.2577
 BOND   =        50.0267  ANGLE   =        96.9409  DIHED      =       137.1047
 1-4 NB =        77.3345  1-4 EEL =        64.0458  VDWAALS    =      4353.8005
 EELEC  =    -35775.8250  EHBOND  =         0.0000  RESTRAINT  =         6.3144
 EAMBER (non-restraint)  =    -30996.5721
 EKCMT  =         0.0000  VIRIAL  =         0.0000  VOLUME     =     94490.1414
                                                    Density    =         1.0008
 ------------------------------------------------------------------------------

 NMR restraints: Bond =    0.168   Angle =     1.382   Torsion =     1.353
===============================================================================

 NSTEP =    15000   TIME(PS) =      30.000  TEMP(K) =   300.47  PRESS =     0.0
 Etot   =    -25466.8355  EKtot   =      5552.2764  EPtot      =    -31019.1118
 BOND   =        56.5122  ANGLE   =       121.1780  DIHED      =       140.8781
 1-4 NB =        75.5494  1-4 EEL =        61.8032  VDWAALS    =      4243.9430
 EELEC  =    -35724.0002  EHBOND  =         0.0000  RESTRAINT  =         5.0243
 EAMBER (non-restraint)  =    -31024.1362
 EKCMT  =         0.0000  VIRIAL  =         0.0000  VOLUME     =     94091.7644
                                                    Density    =         1.0050
 ------------------------------------------------------------------------------

 NMR restraints: Bond =    0.029   Angle =     1.577   Torsion =     1.113
===============================================================================

 NSTEP =    15500   TIME(PS) =      31.000  TEMP(K) =   299.78  PRESS =     0.0
 Etot   =    -25457.2340  EKtot   =      5539.6685  EPtot      =    -30996.9025
 BOND   =        43.1148  ANGLE   =       109.3958  DIHED      =       142.8080
 1-4 NB =        77.8279  1-4 EEL =        60.5910  VDWAALS    =      4252.4982
 EELEC  =    -35687.2581  EHBOND  =         0.0000  RESTRAINT  =         4.1200
 EAMBER (non-restraint)  =    -31001.0224
 EKCMT  =         0.0000  VIRIAL  =         0.0000  VOLUME     =     93967.5096
                                                    Density    =         1.0064
 ------------------------------------------------------------------------------

 NMR restraints: Bond =    0.307   Angle =     0.780   Torsion =     0.715
===============================================================================

 NSTEP =    16000   TIME(PS) =      32.000  TEMP(K) =   298.34  PRESS =     0.0
 Etot   =    -25577.3478  EKtot   =      5513.0132  EPtot      =    -31090.3610
 BOND   =        53.0283  ANGLE   =       110.5398  DIHED      =       138.5428
 1-4 NB =        77.5936  1-4 EEL =        60.6524  VDWAALS    =      4315.1040
 EELEC  =    -35849.3325  EHBOND  =         0.0000  RESTRAINT  =         3.5106
 EAMBER (non-restraint)  =    -31093.8715
 EKCMT  =         0.0000  VIRIAL  =         0.0000  VOLUME     =     93468.6844
                                                    Density    =         1.0117
 ------------------------------------------------------------------------------

 NMR restraints: Bond =    0.809   Angle =     0.833   Torsion =     0.519
===============================================================================
