
          -------------------------------------------------------
          Amber 18 PMEMD                              2018
          -------------------------------------------------------

| PMEMD implementation of SANDER, Release 18

| Run on 05/02/2018 at 10:01:18

|   Executable path: pmemd.cuda
| Working directory: /oasis/tscc/scratch/davids4/SAMPLing-cut9/11499122.tscc-mgr.local
|          Hostname: tscc-gpu-9-5.sdsc.edu

  [-O]verwriting output

File Assignments:
|   MDIN: equil.000.in                                                          
|  MDOUT: equil.000.out                                                         
| INPCRD: minimize.rst7                                                         
|   PARM: solvate.prmtop                                                        
| RESTRT: equil.000.rst7                                                        
|   REFC: solvate.rst7                                                          
|  MDVEL: mdvel                                                                 
|   MDEN: equil.000.mden                                                        
|  MDCRD: equil.000.nc                                                          
| MDINFO: equil.000.mdinfo                                                      
|  MDFRC: mdfrc                                                                 


 Here is the input file:

PBC MD Simulation                                                              
 &cntrl                                                                        
  imin =          0,                                                           
  ntx =           1,                                                           
  irest =         0,                                                           
  maxcyc =        0,                                                           
  ncyc =          0,                                                           
  dt =            0.002,                                                       
  nstlim =        500000,                                                      
  ntpr =          500,                                                         
  ntwe =          500,                                                         
  ntwr =          250,                                                         
  ntwx =          250,                                                         
  ntxo =          1,                                                           
  ioutfm =        1,                                                           
  ntf =           2,                                                           
  ntc =           2,                                                           
  cut =           9.0,                                                         
  igb =           0,                                                           
  tempi =         298.15,                                                      
  temp0 =         298.15,                                                      
  ntt =           3,                                                           
  gamma_ln =      1.0,                                                         
  ig =            -1,                                                          
  ntp =           1,                                                           
  barostat =      2,                                                           
  ntr =           1,                                                           
  restraint_wt =  50.0,                                                        
  restraintmask = '@DUM',                                                      
  nmropt =        1,                                                           
  pencut =        -1,                                                          
  ntwprt =        204,                                                         
 /                                                                             
 &wt type = 'END', /                                                           
DISANG = disang.rest                                                           
LISTOUT = POUT                                                                 
                                                                               


Note: ig = -1. Setting random seed to   563081 based on wallclock time in 
      microseconds.
| irandom = 1, using AMBER's internal random number generator (default).
 
|--------------------- INFORMATION ----------------------
| GPU (CUDA) Version of PMEMD in use: NVIDIA GPU IN USE.
|                    Version 18.0.0
| 
|                      03/25/2018
| 
| Implementation by:
|                    Ross C. Walker     (SDSC)
|                    Scott Le Grand     (nVIDIA)
| 
| Version 18 performance extensions by:
|                    David Cerutti     (Rutgers)
| 
| Precision model in use:
|      [SPFP] - Single Precision Forces, 64-bit Fixed Point
|               Accumulation. (Default)
| 
|--------------------------------------------------------
 
|----------------- CITATION INFORMATION -----------------
|
|    When publishing work that utilized the CUDA version
|    of AMBER, please cite the following in addition to
|    the regular AMBER citations:
|
|  - Romelia Salomon-Ferrer; Andreas W. Goetz; Duncan
|    Poole; Scott Le Grand; Ross C. Walker "Routine
|    microsecond molecular dynamics simulations with
|    AMBER - Part II: Particle Mesh Ewald", J. Chem.
|    Theory Comput., 2013, 9 (9), pp3878-3888,
|    DOI: 10.1021/ct400314y.
|
|  - Andreas W. Goetz; Mark J. Williamson; Dong Xu;
|    Duncan Poole; Scott Le Grand; Ross C. Walker
|    "Routine microsecond molecular dynamics simulations
|    with AMBER - Part I: Generalized Born", J. Chem.
|    Theory Comput., 2012, 8 (5), pp1542-1555.
|
|  - Scott Le Grand; Andreas W. Goetz; Ross C. Walker
|    "SPFP: Speed without compromise - a mixed precision
|    model for GPU accelerated molecular dynamics
|    simulations.", Comp. Phys. Comm., 2013, 184
|    pp374-380, DOI: 10.1016/j.cpc.2012.09.022
|
|--------------------------------------------------------
 
|------------------- GPU DEVICE INFO --------------------
|
|            CUDA_VISIBLE_DEVICES: 5
|   CUDA Capable Devices Detected:      1
|           CUDA Device ID in use:      0
|                CUDA Device Name: GeForce GTX TITAN X
|     CUDA Device Global Mem Size:  12207 MB
| CUDA Device Num Multiprocessors:     24
|           CUDA Device Core Freq:   1.08 GHz
|
|--------------------------------------------------------
 
 
| Conditional Compilation Defines Used:
| PUBFFT
| BINTRAJ
| CUDA
| EMIL

| Largest sphere to fit in unit cell has radius =    21.886

| New format PARM file being parsed.
| Version =    1.000 Date = 04/23/18 Time = 20:16:53

| Note: 1-4 EEL scale factors are being read from the topology file.

| Note: 1-4 VDW scale factors are being read from the topology file.
| Duplicated    0 dihedrals

| Duplicated    0 dihedrals

--------------------------------------------------------------------------------
   1.  RESOURCE   USE: 
--------------------------------------------------------------------------------

 getting new box info from bottom of inpcrd
 NATOM  =    9221 NTYPES =      11 NBONH =    9065 MBONA  =     155
 NTHETH =     148 MTHETA =     231 NPHIH =     343 MPHIA  =     362
 NHPARM =       0 NPARM  =       0 NNB   =   13205 NRES   =    3022
 NBONA  =     155 NTHETA =     231 NPHIA =     362 NUMBND =      16
 NUMANG =      28 NPTRA  =      15 NATYP =      14 NPHB   =       0
 IFBOX  =       1 NMXRS  =     184 IFCAP =       0 NEXTRA =       0
 NCOPY  =       0

| Coordinate Index Table dimensions:     9    8   12
| Direct force subcell size =     5.1070    5.4715    5.1664

     BOX TYPE: RECTILINEAR

--------------------------------------------------------------------------------
   2.  CONTROL  DATA  FOR  THE  RUN
--------------------------------------------------------------------------------

default_name                                                                    

General flags:
     imin    =       0, nmropt  =       1

Nature and format of input:
     ntx     =       1, irest   =       0, ntrx    =       1

Nature and format of output:
     ntxo    =       1, ntpr    =     500, ntrx    =       1, ntwr    =     250
     iwrap   =       0, ntwx    =     250, ntwv    =       0, ntwe    =     500
     ioutfm  =       1, ntwprt  =     204, idecomp =       0, rbornstat=      0

Potential function:
     ntf     =       2, ntb     =       2, igb     =       0, nsnb    =      25
     ipol    =       0, gbsa    =       0, iesp    =       0
     dielc   =   1.00000, cut     =   9.00000, intdiel =   1.00000

Frozen or restrained atoms:
     ibelly  =       0, ntr     =       1
     restraint_wt =  50.00000

Molecular dynamics:
     nstlim  =    500000, nscm    =         0, nrespa  =         1
     t       =   0.00000, dt      =   0.00200, vlimit  =  -1.00000

Langevin dynamics temperature regulation:
     ig      =  563081
     temp0   = 298.15000, tempi   = 298.15000, gamma_ln=   1.00000

Pressure regulation:
     ntp     =       1
     pres0   =   1.00000, comp    =  44.60000, taup    =   1.00000
     Monte-Carlo Barostat:
     mcbarint  =     100

SHAKE:
     ntc     =       2, jfastw  =       0
     tol     =   0.00001

NMR refinement options:
     iscale  =       0, noeskp  =       1, ipnlty  =       1, mxsub   =       1
     scalm   = 100.00000, pencut  =  -1.00000, tausw   =   0.10000

| Intermolecular bonds treatment:
|     no_intermolecular_bonds =       1

| Energy averages sample interval:
|     ene_avg_sampling =     500

Ewald parameters:
     verbose =       0, ew_type =       0, nbflag  =       1, use_pme =       1
     vdwmeth =       1, eedmeth =       1, netfrc  =       1
     Box X =   45.963   Box Y =   43.772   Box Z =   61.996
     Alpha =   90.000   Beta  =   90.000   Gamma =   90.000
     NFFT1 =   48       NFFT2 =   48       NFFT3 =   64
     Cutoff=    9.000   Tol   =0.100E-04
     Ewald Coefficient =  0.30768
     Interpolation order =    4

    LOADING THE CONSTRAINED ATOMS AS GROUPS


   5.  REFERENCE ATOM COORDINATES

  default_name                                                                    
     Mask @DUM; matches     3 atoms
| MONTE CARLO BAROSTAT IMPORTANT NOTE:
|   The Monte-Carlo barostat does not require the virial to adjust the system volume.
|   Since it is an expensive calculation, it is skipped for efficiency. A side-effect
|   is that the reported pressure is always 0 because it is not calculated.

--------------------------------------------------------------------------------
   3.  ATOMIC COORDINATES AND VELOCITIES
--------------------------------------------------------------------------------

default_name                                                                    
 begin time read from input coords =     0.000 ps



           Begin reading energy term weight changes/NMR restraints
 WEIGHT CHANGES:
                         ** No weight changes given **

 RESTRAINTS:
 Requested file redirections:
  DISANG    = disang.rest
  LISTOUT   = POUT
 Restraints will be read from file: disang.rest
Here are comments from the DISANG input file:

                       Number of restraints read =     9

                  Done reading weight changes/NMR restraints


 
 Number of triangulated 3-point waters found:     3000

     Sum of charges from parm topology file =   0.00000002
     Forcing neutrality...

| Dynamic Memory, Types Used:
| Reals              528861
| Integers           283979

| Nonbonded Pairs Initial Allocation:     2102388

| GPU memory information (estimate):
| KB of GPU memory in use:         0
| KB of CPU memory in use:         0

--------------------------------------------------------------------------------
   4.  RESULTS
--------------------------------------------------------------------------------


 NSTEP =        0   TIME(PS) =       0.000  TEMP(K) =   445.61  PRESS =     0.0
 Etot   =    -30793.0342  EKtot   =      8234.3157  EPtot      =    -39027.3499
 BOND   =        14.9941  ANGLE   =        52.0509  DIHED      =       109.0198
 1-4 NB =        65.8472  1-4 EEL =        61.4121  VDWAALS    =      6368.7879
 EELEC  =    -45700.0239  EHBOND  =         0.0000  RESTRAINT  =         0.5619
 EAMBER (non-restraint)  =    -39027.9118
 EKCMT  =         0.0000  VIRIAL  =         0.0000  VOLUME     =    124728.5189
                                                    Density    =         0.7582
 ------------------------------------------------------------------------------

 NMR restraints: Bond =    0.325   Angle =     0.183   Torsion =     0.012
===============================================================================

 NSTEP =      500   TIME(PS) =       1.000  TEMP(K) =   263.92  PRESS =     0.0
 Etot   =    -25735.9900  EKtot   =      4877.0293  EPtot      =    -30613.0193
 BOND   =        47.3592  ANGLE   =        96.6458  DIHED      =       136.7301
 1-4 NB =        74.0499  1-4 EEL =        63.7822  VDWAALS    =      4948.2275
 EELEC  =    -35987.2054  EHBOND  =         0.0000  RESTRAINT  =         7.3914
 EAMBER (non-restraint)  =    -30620.4107
 EKCMT  =         0.0000  VIRIAL  =         0.0000  VOLUME     =    123600.2118
                                                    Density    =         0.7651
 ------------------------------------------------------------------------------

 NMR restraints: Bond =    2.065   Angle =     0.645   Torsion =     0.755
===============================================================================

 NSTEP =     1000   TIME(PS) =       2.000  TEMP(K) =   281.10  PRESS =     0.0
 Etot   =    -24933.7045  EKtot   =      5194.3491  EPtot      =    -30128.0536
 BOND   =        54.2877  ANGLE   =       106.9166  DIHED      =       140.4410
 1-4 NB =        74.1012  1-4 EEL =        63.3480  VDWAALS    =      4681.9047
 EELEC  =    -35253.3985  EHBOND  =         0.0000  RESTRAINT  =         4.3458
 EAMBER (non-restraint)  =    -30132.3994
 EKCMT  =         0.0000  VIRIAL  =         0.0000  VOLUME     =    122487.8163
                                                    Density    =         0.7720
 ------------------------------------------------------------------------------

 NMR restraints: Bond =    0.098   Angle =     1.495   Torsion =     0.838
===============================================================================

 NSTEP =     1500   TIME(PS) =       3.000  TEMP(K) =   294.53  PRESS =     0.0
 Etot   =    -24659.0131  EKtot   =      5442.6128  EPtot      =    -30101.6259
 BOND   =        58.1832  ANGLE   =       107.9917  DIHED      =       139.0959
 1-4 NB =        74.0198  1-4 EEL =        67.3540  VDWAALS    =      4264.7750
 EELEC  =    -34817.5966  EHBOND  =         0.0000  RESTRAINT  =         4.5510
 EAMBER (non-restraint)  =    -30106.1769
 EKCMT  =         0.0000  VIRIAL  =         0.0000  VOLUME     =    120582.1005
                                                    Density    =         0.7842
 ------------------------------------------------------------------------------

 NMR restraints: Bond =    0.122   Angle =     0.836   Torsion =     1.182
===============================================================================

 NSTEP =     2000   TIME(PS) =       4.000  TEMP(K) =   291.86  PRESS =     0.0
 Etot   =    -24577.6349  EKtot   =      5393.3174  EPtot      =    -29970.9522
 BOND   =        56.3776  ANGLE   =       108.5966  DIHED      =       136.5587
 1-4 NB =        76.7243  1-4 EEL =        63.5669  VDWAALS    =      4398.3206
 EELEC  =    -34814.7369  EHBOND  =         0.0000  RESTRAINT  =         3.6400
 EAMBER (non-restraint)  =    -29974.5923
 EKCMT  =         0.0000  VIRIAL  =         0.0000  VOLUME     =    118124.6058
                                                    Density    =         0.8005
 ------------------------------------------------------------------------------

 NMR restraints: Bond =    0.213   Angle =     1.608   Torsion =     0.581
===============================================================================

 NSTEP =     2500   TIME(PS) =       5.000  TEMP(K) =   300.49  PRESS =     0.0
 Etot   =    -24569.3034  EKtot   =      5552.6387  EPtot      =    -30121.9420
 BOND   =        52.3736  ANGLE   =       115.7759  DIHED      =       141.7147
 1-4 NB =        75.9559  1-4 EEL =        64.4926  VDWAALS    =      4191.0538
 EELEC  =    -34768.4121  EHBOND  =         0.0000  RESTRAINT  =         5.1035
 EAMBER (non-restraint)  =    -30127.0455
 EKCMT  =         0.0000  VIRIAL  =         0.0000  VOLUME     =    115983.0602
                                                    Density    =         0.8153
 ------------------------------------------------------------------------------

 NMR restraints: Bond =    0.451   Angle =     2.241   Torsion =     0.545
===============================================================================

 NSTEP =     3000   TIME(PS) =       6.000  TEMP(K) =   295.95  PRESS =     0.0
 Etot   =    -24562.8659  EKtot   =      5468.7739  EPtot      =    -30031.6398
 BOND   =        54.0083  ANGLE   =       120.4530  DIHED      =       139.4548
 1-4 NB =        74.8057  1-4 EEL =        63.4077  VDWAALS    =      4045.3683
 EELEC  =    -34534.0842  EHBOND  =         0.0000  RESTRAINT  =         4.9466
 EAMBER (non-restraint)  =    -30036.5865
 EKCMT  =         0.0000  VIRIAL  =         0.0000  VOLUME     =    114859.2740
                                                    Density    =         0.8233
 ------------------------------------------------------------------------------

 NMR restraints: Bond =    0.073   Angle =     0.741   Torsion =     0.532
===============================================================================

 NSTEP =     3500   TIME(PS) =       7.000  TEMP(K) =   298.82  PRESS =     0.0
 Etot   =    -24605.7555  EKtot   =      5521.9365  EPtot      =    -30127.6920
 BOND   =        51.8820  ANGLE   =       111.9091  DIHED      =       138.4517
 1-4 NB =        78.9944  1-4 EEL =        61.7800  VDWAALS    =      4110.1585
 EELEC  =    -34684.4021  EHBOND  =         0.0000  RESTRAINT  =         3.5344
 EAMBER (non-restraint)  =    -30131.2264
 EKCMT  =         0.0000  VIRIAL  =         0.0000  VOLUME     =    114277.4567
                                                    Density    =         0.8275
 ------------------------------------------------------------------------------

 NMR restraints: Bond =    0.427   Angle =     0.563   Torsion =     0.912
===============================================================================

 NSTEP =     4000   TIME(PS) =       8.000  TEMP(K) =   297.30  PRESS =     0.0
 Etot   =    -24614.7763  EKtot   =      5493.7930  EPtot      =    -30108.5692
 BOND   =        57.0152  ANGLE   =       119.8060  DIHED      =       137.5275
 1-4 NB =        74.7769  1-4 EEL =        55.9408  VDWAALS    =      4305.1521
 EELEC  =    -34863.6221  EHBOND  =         0.0000  RESTRAINT  =         4.8343
 EAMBER (non-restraint)  =    -30113.4036
 EKCMT  =         0.0000  VIRIAL  =         0.0000  VOLUME     =    112988.3122
                                                    Density    =         0.8369
 ------------------------------------------------------------------------------

 NMR restraints: Bond =    0.304   Angle =     1.167   Torsion =     0.789
===============================================================================

 NSTEP =     4500   TIME(PS) =       9.000  TEMP(K) =   299.84  PRESS =     0.0
 Etot   =    -24743.7462  EKtot   =      5540.7949  EPtot      =    -30284.5411
 BOND   =        54.7415  ANGLE   =       114.5766  DIHED      =       133.5943
 1-4 NB =        72.9886  1-4 EEL =        64.0159  VDWAALS    =      4227.6784
 EELEC  =    -34956.7681  EHBOND  =         0.0000  RESTRAINT  =         4.6317
 EAMBER (non-restraint)  =    -30289.1728
 EKCMT  =         0.0000  VIRIAL  =         0.0000  VOLUME     =    112272.3521
                                                    Density    =         0.8423
 ------------------------------------------------------------------------------

 NMR restraints: Bond =    0.363   Angle =     1.018   Torsion =     0.344
===============================================================================

 NSTEP =     5000   TIME(PS) =      10.000  TEMP(K) =   298.50  PRESS =     0.0
 Etot   =    -24788.0388  EKtot   =      5515.9692  EPtot      =    -30304.0080
 BOND   =        53.8832  ANGLE   =       108.4719  DIHED      =       131.3547
 1-4 NB =        74.2201  1-4 EEL =        63.5564  VDWAALS    =      4013.6715
 EELEC  =    -34753.3549  EHBOND  =         0.0000  RESTRAINT  =         4.1890
 EAMBER (non-restraint)  =    -30308.1970
 EKCMT  =         0.0000  VIRIAL  =         0.0000  VOLUME     =    112051.0358
                                                    Density    =         0.8439
 ------------------------------------------------------------------------------

 NMR restraints: Bond =    0.695   Angle =     1.503   Torsion =     0.573
===============================================================================

 NSTEP =     5500   TIME(PS) =      11.000  TEMP(K) =   292.26  PRESS =     0.0
 Etot   =    -24909.8221  EKtot   =      5400.6069  EPtot      =    -30310.4290
 BOND   =        64.5855  ANGLE   =       100.3510  DIHED      =       134.5965
 1-4 NB =        70.3450  1-4 EEL =        63.2413  VDWAALS    =      4300.6881
 EELEC  =    -35048.9334  EHBOND  =         0.0000  RESTRAINT  =         4.6969
 EAMBER (non-restraint)  =    -30315.1260
 EKCMT  =         0.0000  VIRIAL  =         0.0000  VOLUME     =    111472.6336
                                                    Density    =         0.8483
 ------------------------------------------------------------------------------

 NMR restraints: Bond =    1.616   Angle =     1.598   Torsion =     0.092
===============================================================================

 NSTEP =     6000   TIME(PS) =      12.000  TEMP(K) =   300.64  PRESS =     0.0
 Etot   =    -24780.5421  EKtot   =      5555.5615  EPtot      =    -30336.1036
 BOND   =        47.7189  ANGLE   =       108.0546  DIHED      =       134.0080
 1-4 NB =        73.6884  1-4 EEL =        59.2977  VDWAALS    =      4021.3772
 EELEC  =    -34784.2442  EHBOND  =         0.0000  RESTRAINT  =         3.9958
 EAMBER (non-restraint)  =    -30340.0993
 EKCMT  =         0.0000  VIRIAL  =         0.0000  VOLUME     =    110377.0456
                                                    Density    =         0.8567
 ------------------------------------------------------------------------------

 NMR restraints: Bond =    0.890   Angle =     1.852   Torsion =     0.405
===============================================================================

 NSTEP =     6500   TIME(PS) =      13.000  TEMP(K) =   300.06  PRESS =     0.0
 Etot   =    -24946.3904  EKtot   =      5544.8359  EPtot      =    -30491.2263
 BOND   =        51.3645  ANGLE   =       109.8881  DIHED      =       129.3040
 1-4 NB =        77.5202  1-4 EEL =        64.8375  VDWAALS    =      4187.7941
 EELEC  =    -35115.4396  EHBOND  =         0.0000  RESTRAINT  =         3.5049
 EAMBER (non-restraint)  =    -30494.7312
 EKCMT  =         0.0000  VIRIAL  =         0.0000  VOLUME     =    108775.8003
                                                    Density    =         0.8694
 ------------------------------------------------------------------------------

 NMR restraints: Bond =    0.089   Angle =     0.762   Torsion =     0.642
===============================================================================

 NSTEP =     7000   TIME(PS) =      14.000  TEMP(K) =   296.37  PRESS =     0.0
 Etot   =    -24964.4467  EKtot   =      5476.5723  EPtot      =    -30441.0190
 BOND   =        48.6320  ANGLE   =       112.4894  DIHED      =       141.2243
 1-4 NB =        77.3073  1-4 EEL =        62.9445  VDWAALS    =      4175.6915
 EELEC  =    -35062.5321  EHBOND  =         0.0000  RESTRAINT  =         3.2241
 EAMBER (non-restraint)  =    -30444.2431
 EKCMT  =         0.0000  VIRIAL  =         0.0000  VOLUME     =    107844.6160
                                                    Density    =         0.8769
 ------------------------------------------------------------------------------

 NMR restraints: Bond =    0.851   Angle =     0.392   Torsion =     0.266
===============================================================================

 NSTEP =     7500   TIME(PS) =      15.000  TEMP(K) =   301.63  PRESS =     0.0
 Etot   =    -25100.7149  EKtot   =      5573.7617  EPtot      =    -30674.4766
 BOND   =        54.1245  ANGLE   =        95.5592  DIHED      =       129.8933
 1-4 NB =        75.3022  1-4 EEL =        64.0806  VDWAALS    =      4570.7723
 EELEC  =    -35667.2770  EHBOND  =         0.0000  RESTRAINT  =         3.0683
 EAMBER (non-restraint)  =    -30677.5450
 EKCMT  =         0.0000  VIRIAL  =         0.0000  VOLUME     =    105719.3227
                                                    Density    =         0.8945
 ------------------------------------------------------------------------------

 NMR restraints: Bond =    0.173   Angle =     0.883   Torsion =     0.585
===============================================================================

 NSTEP =     8000   TIME(PS) =      16.000  TEMP(K) =   293.31  PRESS =     0.0
 Etot   =    -25194.1788  EKtot   =      5420.1152  EPtot      =    -30614.2941
 BOND   =        60.2231  ANGLE   =       107.1717  DIHED      =       131.8754
 1-4 NB =        75.2793  1-4 EEL =        62.6051  VDWAALS    =      4178.2464
 EELEC  =    -35233.6520  EHBOND  =         0.0000  RESTRAINT  =         3.9568
 EAMBER (non-restraint)  =    -30618.2509
 EKCMT  =         0.0000  VIRIAL  =         0.0000  VOLUME     =    105031.7174
                                                    Density    =         0.9003
 ------------------------------------------------------------------------------

 NMR restraints: Bond =    0.087   Angle =     0.960   Torsion =     1.019
===============================================================================

 NSTEP =     8500   TIME(PS) =      17.000  TEMP(K) =   301.25  PRESS =     0.0
 Etot   =    -25102.5273  EKtot   =      5566.6992  EPtot      =    -30669.2265
 BOND   =        44.4478  ANGLE   =       106.1350  DIHED      =       144.0735
 1-4 NB =        76.0222  1-4 EEL =        64.3815  VDWAALS    =      4215.2561
 EELEC  =    -35323.0783  EHBOND  =         0.0000  RESTRAINT  =         3.5356
 EAMBER (non-restraint)  =    -30672.7622
 EKCMT  =         0.0000  VIRIAL  =         0.0000  VOLUME     =    104446.2875
                                                    Density    =         0.9054
 ------------------------------------------------------------------------------

 NMR restraints: Bond =    0.178   Angle =     2.355   Torsion =     0.299
===============================================================================

 NSTEP =     9000   TIME(PS) =      18.000  TEMP(K) =   297.33  PRESS =     0.0
 Etot   =    -25216.3308  EKtot   =      5494.3052  EPtot      =    -30710.6360
 BOND   =        51.8451  ANGLE   =       100.4533  DIHED      =       133.5914
 1-4 NB =        78.1628  1-4 EEL =        65.7669  VDWAALS    =      4211.6595
 EELEC  =    -35357.6486  EHBOND  =         0.0000  RESTRAINT  =         5.5335
 EAMBER (non-restraint)  =    -30716.1695
 EKCMT  =         0.0000  VIRIAL  =         0.0000  VOLUME     =    103113.4629
                                                    Density    =         0.9171
 ------------------------------------------------------------------------------

 NMR restraints: Bond =    0.567   Angle =     1.686   Torsion =     0.074
===============================================================================

 NSTEP =     9500   TIME(PS) =      19.000  TEMP(K) =   299.30  PRESS =     0.0
 Etot   =    -25175.2075  EKtot   =      5530.7778  EPtot      =    -30705.9854
 BOND   =        43.7676  ANGLE   =       111.6951  DIHED      =       129.9452
 1-4 NB =        73.3767  1-4 EEL =        59.6832  VDWAALS    =      4158.5667
 EELEC  =    -35287.4637  EHBOND  =         0.0000  RESTRAINT  =         4.4439
 EAMBER (non-restraint)  =    -30710.4293
 EKCMT  =         0.0000  VIRIAL  =         0.0000  VOLUME     =    102413.4841
                                                    Density    =         0.9234
 ------------------------------------------------------------------------------

 NMR restraints: Bond =    0.616   Angle =     3.045   Torsion =     0.063
===============================================================================

 NSTEP =    10000   TIME(PS) =      20.000  TEMP(K) =   303.09  PRESS =     0.0
 Etot   =    -25102.3900  EKtot   =      5600.8052  EPtot      =    -30703.1951
 BOND   =        56.4546  ANGLE   =       105.9411  DIHED      =       136.7792
 1-4 NB =        72.8983  1-4 EEL =        62.5345  VDWAALS    =      3997.3723
 EELEC  =    -35138.9565  EHBOND  =         0.0000  RESTRAINT  =         3.7814
 EAMBER (non-restraint)  =    -30706.9765
 EKCMT  =         0.0000  VIRIAL  =         0.0000  VOLUME     =    100559.9219
                                                    Density    =         0.9404
 ------------------------------------------------------------------------------

 NMR restraints: Bond =    0.191   Angle =     1.201   Torsion =     0.343
===============================================================================

 NSTEP =    10500   TIME(PS) =      21.000  TEMP(K) =   300.20  PRESS =     0.0
 Etot   =    -25160.4487  EKtot   =      5547.4360  EPtot      =    -30707.8847
 BOND   =        55.3819  ANGLE   =       106.3562  DIHED      =       134.9528
 1-4 NB =        75.7824  1-4 EEL =        61.8525  VDWAALS    =      4294.1103
 EELEC  =    -35443.0959  EHBOND  =         0.0000  RESTRAINT  =         6.7750
 EAMBER (non-restraint)  =    -30714.6597
 EKCMT  =         0.0000  VIRIAL  =         0.0000  VOLUME     =     99959.7425
                                                    Density    =         0.9460
 ------------------------------------------------------------------------------

 NMR restraints: Bond =    0.181   Angle =     1.317   Torsion =     0.756
===============================================================================

 NSTEP =    11000   TIME(PS) =      22.000  TEMP(K) =   300.48  PRESS =     0.0
 Etot   =    -25231.2083  EKtot   =      5552.5098  EPtot      =    -30783.7181
 BOND   =        53.9854  ANGLE   =       110.0349  DIHED      =       133.4375
 1-4 NB =        76.8985  1-4 EEL =        63.6740  VDWAALS    =      4253.9471
 EELEC  =    -35480.8901  EHBOND  =         0.0000  RESTRAINT  =         5.1947
 EAMBER (non-restraint)  =    -30788.9128
 EKCMT  =         0.0000  VIRIAL  =         0.0000  VOLUME     =     98763.9122
                                                    Density    =         0.9575
 ------------------------------------------------------------------------------

 NMR restraints: Bond =    0.199   Angle =     3.380   Torsion =     0.162
===============================================================================

 NSTEP =    11500   TIME(PS) =      23.000  TEMP(K) =   301.16  PRESS =     0.0
 Etot   =    -25177.6224  EKtot   =      5565.1152  EPtot      =    -30742.7376
 BOND   =        58.7245  ANGLE   =       106.5071  DIHED      =       134.0706
 1-4 NB =        79.9017  1-4 EEL =        64.4950  VDWAALS    =      4007.8835
 EELEC  =    -35200.1517  EHBOND  =         0.0000  RESTRAINT  =         5.8317
 EAMBER (non-restraint)  =    -30748.5694
 EKCMT  =         0.0000  VIRIAL  =         0.0000  VOLUME     =     98008.6394
                                                    Density    =         0.9649
 ------------------------------------------------------------------------------

 NMR restraints: Bond =    0.122   Angle =     1.078   Torsion =     0.204
===============================================================================
