
          -------------------------------------------------------
          Amber 18 PMEMD                              2018
          -------------------------------------------------------

| PMEMD implementation of SANDER, Release 18

| Run on 05/02/2018 at 10:01:13

|   Executable path: pmemd.cuda
| Working directory: /oasis/tscc/scratch/davids4/SAMPLing-cut9/11499122.tscc-mgr.local
|          Hostname: tscc-gpu-9-5.sdsc.edu

  [-O]verwriting output

File Assignments:
|   MDIN: minimize.in                                                           
|  MDOUT: minimize.out                                                          
| INPCRD: solvate.rst7                                                          
|   PARM: solvate.prmtop                                                        
| RESTRT: minimize.rst7                                                         
|   REFC: solvate.rst7                                                          
|  MDVEL: mdvel                                                                 
|   MDEN: mden                                                                  
|  MDCRD: mdcrd                                                                 
| MDINFO: minimize.mdinfo                                                       
|  MDFRC: mdfrc                                                                 


 Here is the input file:

PBC Minimization                                                               
 &cntrl                                                                        
  imin =          1,                                                           
  ntx =           1,                                                           
  irest =         0,                                                           
  maxcyc =        500,                                                         
  ncyc =          400,                                                         
  dt =            0.0,                                                         
  nstlim =        0,                                                           
  ntpr =          100,                                                         
  ntwe =          0,                                                           
  ntwr =          5000,                                                        
  ntwx =          0,                                                           
  ntxo =          1,                                                           
  ioutfm =        1,                                                           
  ntf =           1,                                                           
  ntc =           1,                                                           
  cut =           9.0,                                                         
  igb =           0,                                                           
  tempi =         298.15,                                                      
  temp0 =         298.15,                                                      
  ntt =           0,                                                           
  gamma_ln =      0.0,                                                         
  ig =            0,                                                           
  ntp =           0,                                                           
  barostat =      0,                                                           
  ntr =           1,                                                           
  restraint_wt =  50.0,                                                        
  restraintmask = '@DUM',                                                      
  nmropt =        1,                                                           
  pencut =        -1,                                                          
 /                                                                             
 &wt type = 'END', /                                                           
DISANG = disang.rest                                                           
LISTOUT = POUT                                                                 
                                                                               


| irandom = 1, using AMBER's internal random number generator (default).
 
|--------------------- INFORMATION ----------------------
| GPU (CUDA) Version of PMEMD in use: NVIDIA GPU IN USE.
|                    Version 18.0.0
| 
|                      03/25/2018
| 
| Implementation by:
|                    Ross C. Walker     (SDSC)
|                    Scott Le Grand     (nVIDIA)
| 
| Version 18 performance extensions by:
|                    David Cerutti     (Rutgers)
| 
| Precision model in use:
|      [SPFP] - Single Precision Forces, 64-bit Fixed Point
|               Accumulation. (Default)
| 
|--------------------------------------------------------
 
|----------------- CITATION INFORMATION -----------------
|
|    When publishing work that utilized the CUDA version
|    of AMBER, please cite the following in addition to
|    the regular AMBER citations:
|
|  - Romelia Salomon-Ferrer; Andreas W. Goetz; Duncan
|    Poole; Scott Le Grand; Ross C. Walker "Routine
|    microsecond molecular dynamics simulations with
|    AMBER - Part II: Particle Mesh Ewald", J. Chem.
|    Theory Comput., 2013, 9 (9), pp3878-3888,
|    DOI: 10.1021/ct400314y.
|
|  - Andreas W. Goetz; Mark J. Williamson; Dong Xu;
|    Duncan Poole; Scott Le Grand; Ross C. Walker
|    "Routine microsecond molecular dynamics simulations
|    with AMBER - Part I: Generalized Born", J. Chem.
|    Theory Comput., 2012, 8 (5), pp1542-1555.
|
|  - Scott Le Grand; Andreas W. Goetz; Ross C. Walker
|    "SPFP: Speed without compromise - a mixed precision
|    model for GPU accelerated molecular dynamics
|    simulations.", Comp. Phys. Comm., 2013, 184
|    pp374-380, DOI: 10.1016/j.cpc.2012.09.022
|
|--------------------------------------------------------
 
|------------------- GPU DEVICE INFO --------------------
|
|            CUDA_VISIBLE_DEVICES: 5
|   CUDA Capable Devices Detected:      1
|           CUDA Device ID in use:      0
|                CUDA Device Name: GeForce GTX TITAN X
|     CUDA Device Global Mem Size:  12207 MB
| CUDA Device Num Multiprocessors:     24
|           CUDA Device Core Freq:   1.08 GHz
|
|--------------------------------------------------------
 
 
| Conditional Compilation Defines Used:
| PUBFFT
| BINTRAJ
| CUDA
| EMIL

| Largest sphere to fit in unit cell has radius =    21.886

| New format PARM file being parsed.
| Version =    1.000 Date = 04/23/18 Time = 20:16:53

| Note: 1-4 EEL scale factors are being read from the topology file.

| Note: 1-4 VDW scale factors are being read from the topology file.
| Duplicated    0 dihedrals

| Duplicated    0 dihedrals

--------------------------------------------------------------------------------
   1.  RESOURCE   USE: 
--------------------------------------------------------------------------------

 getting new box info from bottom of inpcrd
 NATOM  =    9221 NTYPES =      11 NBONH =    9065 MBONA  =     155
 NTHETH =     148 MTHETA =     231 NPHIH =     343 MPHIA  =     362
 NHPARM =       0 NPARM  =       0 NNB   =   13205 NRES   =    3022
 NBONA  =     155 NTHETA =     231 NPHIA =     362 NUMBND =      16
 NUMANG =      28 NPTRA  =      15 NATYP =      14 NPHB   =       0
 IFBOX  =       1 NMXRS  =     184 IFCAP =       0 NEXTRA =       0
 NCOPY  =       0

| Coordinate Index Table dimensions:     9    8   12
| Direct force subcell size =     5.1070    5.4715    5.1664

     BOX TYPE: RECTILINEAR

--------------------------------------------------------------------------------
   2.  CONTROL  DATA  FOR  THE  RUN
--------------------------------------------------------------------------------

default_name                                                                    

General flags:
     imin    =       1, nmropt  =       1

Nature and format of input:
     ntx     =       1, irest   =       0, ntrx    =       1

Nature and format of output:
     ntxo    =       1, ntpr    =     100, ntrx    =       1, ntwr    =       1
     iwrap   =       0, ntwx    =       0, ntwv    =       0, ntwe    =       0
     ioutfm  =       1, ntwprt  =       0, idecomp =       0, rbornstat=      0

Potential function:
     ntf     =       1, ntb     =       1, igb     =       0, nsnb    =      25
     ipol    =       0, gbsa    =       0, iesp    =       0
     dielc   =   1.00000, cut     =   9.00000, intdiel =   1.00000

Frozen or restrained atoms:
     ibelly  =       0, ntr     =       1
     restraint_wt =  50.00000

Energy minimization:
     maxcyc  =     500, ncyc    =     400, ntmin   =       1
     dx0     =   0.01000, drms    =   0.00010

NMR refinement options:
     iscale  =       0, noeskp  =       1, ipnlty  =       1, mxsub   =       1
     scalm   = 100.00000, pencut  =  -1.00000, tausw   =   0.10000

| Intermolecular bonds treatment:
|     no_intermolecular_bonds =       1

| Energy averages sample interval:
|     ene_avg_sampling =       1

Ewald parameters:
     verbose =       0, ew_type =       0, nbflag  =       1, use_pme =       1
     vdwmeth =       1, eedmeth =       1, netfrc  =       0
     Box X =   45.963   Box Y =   43.772   Box Z =   61.996
     Alpha =   90.000   Beta  =   90.000   Gamma =   90.000
     NFFT1 =   48       NFFT2 =   48       NFFT3 =   64
     Cutoff=    9.000   Tol   =0.100E-04
     Ewald Coefficient =  0.30768
     Interpolation order =    4

    LOADING THE CONSTRAINED ATOMS AS GROUPS


   5.  REFERENCE ATOM COORDINATES

  default_name                                                                    
     Mask @DUM; matches     3 atoms

--------------------------------------------------------------------------------
   3.  ATOMIC COORDINATES AND VELOCITIES
--------------------------------------------------------------------------------

default_name                                                                    
 begin time read from input coords =     0.000 ps



           Begin reading energy term weight changes/NMR restraints
 WEIGHT CHANGES:
                         ** No weight changes given **

 RESTRAINTS:
 Requested file redirections:
  DISANG    = disang.rest
  LISTOUT   = POUT
 Restraints will be read from file: disang.rest
Here are comments from the DISANG input file:

                       Number of restraints read =     9

                  Done reading weight changes/NMR restraints


 
 Number of triangulated 3-point waters found:     3000

     Sum of charges from parm topology file =   0.00000002
     Forcing neutrality...

| Dynamic Memory, Types Used:
| Reals              372814
| Integers           259518

| Nonbonded Pairs Initial Allocation:     2102388

| GPU memory information (estimate):
| KB of GPU memory in use:         0
| KB of CPU memory in use:         0

--------------------------------------------------------------------------------
   4.  RESULTS
--------------------------------------------------------------------------------



   NSTEP       ENERGY          RMS            GMAX         NAME    NUMBER
      1      -2.4633E+04     1.3082E+01     1.1852E+02     O        8292

 BOND    =       44.8851  ANGLE   =      112.1634  DIHED      =      129.4071
 VDWAALS =     3096.5577  EEL     =   -28155.2527  HBOND      =        0.0000
 1-4 VDW =       74.8005  1-4 EEL =       59.9753  RESTRAINT  =        4.8012
 EAMBER  =   -24637.4636
 NMR restraints: Bond =    0.000   Angle =     4.801   Torsion =     0.000
===============================================================================


   NSTEP       ENERGY          RMS            GMAX         NAME    NUMBER
    100      -3.2360E+04     2.5134E+00     3.4674E+01     C57        69

 BOND    =     1731.0478  ANGLE   =       42.2437  DIHED      =      104.3532
 VDWAALS =     3463.3428  EEL     =   -37832.7164  HBOND      =        0.0000
 1-4 VDW =       67.5635  1-4 EEL =       62.1034  RESTRAINT  =        2.2192
 EAMBER  =   -32362.0620
 NMR restraints: Bond =    0.030   Angle =     2.157   Torsion =     0.015
===============================================================================


   NSTEP       ENERGY          RMS            GMAX         NAME    NUMBER
    200      -3.3665E+04     1.9775E+00     9.4429E+01     C57        69

 BOND    =     2094.2057  ANGLE   =       44.1497  DIHED      =      103.4005
 VDWAALS =     4044.2380  EEL     =   -40079.9882  HBOND      =        0.0000
 1-4 VDW =       66.5403  1-4 EEL =       61.4970  RESTRAINT  =        1.0590
 EAMBER  =   -33665.9570
 NMR restraints: Bond =    0.050   Angle =     0.983   Torsion =     0.010
===============================================================================


   NSTEP       ENERGY          RMS            GMAX         NAME    NUMBER
    300      -3.4454E+04     1.8109E+00     1.0863E+02     C90       116

 BOND    =     2162.0999  ANGLE   =       45.7351  DIHED      =      103.5941
 VDWAALS =     4516.9676  EEL     =   -41409.8419  HBOND      =        0.0000
 1-4 VDW =       65.9519  1-4 EEL =       61.0454  RESTRAINT  =        0.4090
 EAMBER  =   -34454.4479
 NMR restraints: Bond =    0.053   Angle =     0.333   Torsion =     0.006
===============================================================================


   NSTEP       ENERGY          RMS            GMAX         NAME    NUMBER
    400      -3.4994E+04     1.4872E+00     6.1841E+01     C57        69

 BOND    =     2246.2357  ANGLE   =       46.6656  DIHED      =      104.3448
 VDWAALS =     4911.1637  EEL     =   -42428.6767  HBOND      =        0.0000
 1-4 VDW =       65.1481  1-4 EEL =       60.6021  RESTRAINT  =        0.1475
 EAMBER  =   -34994.5167
 NMR restraints: Bond =    0.069   Angle =     0.056   Torsion =     0.003
===============================================================================


   NSTEP       ENERGY          RMS            GMAX         NAME    NUMBER
    500      -3.6508E+04     1.1491E+00     3.8021E+01     C74        93

 BOND    =     2534.2450  ANGLE   =       52.0509  DIHED      =      109.0198
 VDWAALS =     6368.7930  EEL     =   -45700.0314  HBOND      =        0.0000
 1-4 VDW =       65.8472  1-4 EEL =       61.4121  RESTRAINT  =        0.5619
 EAMBER  =   -36508.6633
 NMR restraints: Bond =    0.325   Angle =     0.183   Torsion =     0.012
===============================================================================


  Maximum number of minimization cycles reached.


                    FINAL RESULTS



   NSTEP       ENERGY          RMS            GMAX         NAME    NUMBER
    500      -3.6508E+04     1.1491E+00     3.8021E+01     C74        93

 BOND    =     2534.2450  ANGLE   =       52.0509  DIHED      =      109.0198
 VDWAALS =     6368.7930  EEL     =   -45700.0314  HBOND      =        0.0000
 1-4 VDW =       65.8472  1-4 EEL =       61.4121  RESTRAINT  =        0.5619
 EAMBER  =   -36508.6633
 NMR restraints: Bond =    0.325   Angle =     0.183   Torsion =     0.012
===============================================================================
 ------------------------------------------------------------------------------


 Final Restraint Analysis for coords: minimize.rst7                           


 Restraints, deviations, and energy contributions:    pencut =   -1.00

 ------------------------------------------------------------------------------
     First atom        Last atom    curr. value target deviation  penalty
 ------------------------------------------------------------------------------
  DUM  DM1    3 --  C26  HST    1:    7.889    8.144    0.255    0.325 d    0: 0
  DUM  DM2    4 --  C26  HST    1:  147.674  148.381    0.707    0.015 a
  DUM  DM2    4 --  DUM  DM1    3:  165.059  164.890    0.169    0.001 t
  DUM  DM1    3 --  C18  HST    1:   67.099   66.778    0.321    0.003 a
  DUM  DM1    3 --  C26  HST    1:  131.868  132.264    0.396    0.005 t
  C26  HST    1 --  C18  HST    1:   64.011   63.553    0.459    0.006 t
  DUM  DM1    3 --  C1   GST    2:   24.831   24.835    0.004    0.000 d    0: 0
  DUM  DM2    4 --  C1   GST    2:  179.893  180.000    0.107    0.000 a
  DUM  DM1    3 --  C3   GST    2:  177.675  180.000    2.325    0.165 a
                                       Total distance penalty:      0.325
                                       Total angle    penalty:      0.183
                                       Total torsion  penalty:      0.012
 ------------------------------------------------------------------------------
--------------------------------------------------------------------------------
   5.  TIMINGS
--------------------------------------------------------------------------------

|  NonSetup CPU Time in Major Routines:
|
|     Routine           Sec        %
|     ------------------------------
|     Nonbond           0.31   56.27
|     Bond              0.00    0.00
|     Angle             0.00    0.00
|     Dihedral          0.00    0.00
|     Shake             0.00    0.00
|     Other             0.24   43.73
|     ------------------------------
|     Total             0.56

|  PME Nonbond Pairlist CPU Time:
|
|     Routine              Sec        %
|     ---------------------------------
|     Set Up Cit           0.00    0.00
|     Build List           0.00    0.00
|     ---------------------------------
|     Total                0.00    0.00

|  PME Direct Force CPU Time:
|
|     Routine              Sec        %
|     ---------------------------------
|     NonBonded Calc       0.00    0.00
|     Exclude Masked       0.00    0.00
|     Other                0.00    0.18
|     ---------------------------------
|     Total                0.00    0.18

|  PME Reciprocal Force CPU Time:
|
|     Routine              Sec        %
|     ---------------------------------
|     1D bspline           0.00    0.00
|     Grid Charges         0.00    0.00
|     Scalar Sum           0.00    0.00
|     Gradient Sum         0.00    0.00
|     FFT                  0.00    0.00
|     ---------------------------------
|     Total                0.00    0.00

|  Setup CPU time:            3.77 seconds
|  NonSetup CPU time:         0.56 seconds
|  Total CPU time:            4.33 seconds     0.00 hours

|  Setup wall time:           5    seconds
|  NonSetup wall time:        0    seconds
|  Total wall time:           5    seconds     0.00 hours
