
          -------------------------------------------------------
          Amber 18 PMEMD                              2018
          -------------------------------------------------------

| PMEMD implementation of SANDER, Release 18

| Run on 05/02/2018 at 10:49:15

|   Executable path: pmemd.cuda
| Working directory: /oasis/tscc/scratch/davids4/SAMPLing-cut9/11499323.tscc-mgr.local
|          Hostname: tscc-gpu-8-7.sdsc.edu

  [-O]verwriting output

File Assignments:
|   MDIN: equil.000.in                                                          
|  MDOUT: equil.000.out                                                         
| INPCRD: minimize.rst7                                                         
|   PARM: solvate.prmtop                                                        
| RESTRT: equil.000.rst7                                                        
|   REFC: solvate.rst7                                                          
|  MDVEL: mdvel                                                                 
|   MDEN: equil.000.mden                                                        
|  MDCRD: equil.000.nc                                                          
| MDINFO: equil.000.mdinfo                                                      
|  MDFRC: mdfrc                                                                 


 Here is the input file:

PBC MD Simulation                                                              
 &cntrl                                                                        
  imin =          0,                                                           
  ntx =           1,                                                           
  irest =         0,                                                           
  maxcyc =        0,                                                           
  ncyc =          0,                                                           
  dt =            0.002,                                                       
  nstlim =        500000,                                                      
  ntpr =          500,                                                         
  ntwe =          500,                                                         
  ntwr =          250,                                                         
  ntwx =          250,                                                         
  ntxo =          1,                                                           
  ioutfm =        1,                                                           
  ntf =           2,                                                           
  ntc =           2,                                                           
  cut =           9.0,                                                         
  igb =           0,                                                           
  tempi =         298.15,                                                      
  temp0 =         298.15,                                                      
  ntt =           3,                                                           
  gamma_ln =      1.0,                                                         
  ig =            -1,                                                          
  ntp =           1,                                                           
  barostat =      2,                                                           
  ntr =           1,                                                           
  restraint_wt =  50.0,                                                        
  restraintmask = '@DUM',                                                      
  nmropt =        1,                                                           
  pencut =        -1,                                                          
  ntwprt =        206,                                                         
 /                                                                             
 &wt type = 'END', /                                                           
DISANG = disang.rest                                                           
LISTOUT = POUT                                                                 
                                                                               


Note: ig = -1. Setting random seed to   850361 based on wallclock time in 
      microseconds.
| irandom = 1, using AMBER's internal random number generator (default).
 
|--------------------- INFORMATION ----------------------
| GPU (CUDA) Version of PMEMD in use: NVIDIA GPU IN USE.
|                    Version 18.0.0
| 
|                      03/25/2018
| 
| Implementation by:
|                    Ross C. Walker     (SDSC)
|                    Scott Le Grand     (nVIDIA)
| 
| Version 18 performance extensions by:
|                    David Cerutti     (Rutgers)
| 
| Precision model in use:
|      [SPFP] - Single Precision Forces, 64-bit Fixed Point
|               Accumulation. (Default)
| 
|--------------------------------------------------------
 
|----------------- CITATION INFORMATION -----------------
|
|    When publishing work that utilized the CUDA version
|    of AMBER, please cite the following in addition to
|    the regular AMBER citations:
|
|  - Romelia Salomon-Ferrer; Andreas W. Goetz; Duncan
|    Poole; Scott Le Grand; Ross C. Walker "Routine
|    microsecond molecular dynamics simulations with
|    AMBER - Part II: Particle Mesh Ewald", J. Chem.
|    Theory Comput., 2013, 9 (9), pp3878-3888,
|    DOI: 10.1021/ct400314y.
|
|  - Andreas W. Goetz; Mark J. Williamson; Dong Xu;
|    Duncan Poole; Scott Le Grand; Ross C. Walker
|    "Routine microsecond molecular dynamics simulations
|    with AMBER - Part I: Generalized Born", J. Chem.
|    Theory Comput., 2012, 8 (5), pp1542-1555.
|
|  - Scott Le Grand; Andreas W. Goetz; Ross C. Walker
|    "SPFP: Speed without compromise - a mixed precision
|    model for GPU accelerated molecular dynamics
|    simulations.", Comp. Phys. Comm., 2013, 184
|    pp374-380, DOI: 10.1016/j.cpc.2012.09.022
|
|--------------------------------------------------------
 
|------------------- GPU DEVICE INFO --------------------
|
|            CUDA_VISIBLE_DEVICES: 4
|   CUDA Capable Devices Detected:      1
|           CUDA Device ID in use:      0
|                CUDA Device Name: GeForce GTX TITAN X
|     CUDA Device Global Mem Size:  12207 MB
| CUDA Device Num Multiprocessors:     24
|           CUDA Device Core Freq:   1.08 GHz
|
|--------------------------------------------------------
 
 
| Conditional Compilation Defines Used:
| PUBFFT
| BINTRAJ
| CUDA
| EMIL

| Largest sphere to fit in unit cell has radius =    21.886

| New format PARM file being parsed.
| Version =    1.000 Date = 04/23/18 Time = 20:21:32

| Note: 1-4 EEL scale factors are being read from the topology file.

| Note: 1-4 VDW scale factors are being read from the topology file.
| Duplicated    0 dihedrals

| Duplicated    0 dihedrals

--------------------------------------------------------------------------------
   1.  RESOURCE   USE: 
--------------------------------------------------------------------------------

 getting new box info from bottom of inpcrd
 NATOM  =    9223 NTYPES =      11 NBONH =    9067 MBONA  =     155
 NTHETH =     153 MTHETA =     232 NPHIH =     345 MPHIA  =     366
 NHPARM =       0 NPARM  =       0 NNB   =   13221 NRES   =    3022
 NBONA  =     155 NTHETA =     232 NPHIA =     366 NUMBND =      13
 NUMANG =      22 NPTRA  =      15 NATYP =      13 NPHB   =       0
 IFBOX  =       1 NMXRS  =     184 IFCAP =       0 NEXTRA =       0
 NCOPY  =       0

| Coordinate Index Table dimensions:     9    8   12
| Direct force subcell size =     5.1790    5.4715    5.1638

     BOX TYPE: RECTILINEAR

--------------------------------------------------------------------------------
   2.  CONTROL  DATA  FOR  THE  RUN
--------------------------------------------------------------------------------

default_name                                                                    

General flags:
     imin    =       0, nmropt  =       1

Nature and format of input:
     ntx     =       1, irest   =       0, ntrx    =       1

Nature and format of output:
     ntxo    =       1, ntpr    =     500, ntrx    =       1, ntwr    =     250
     iwrap   =       0, ntwx    =     250, ntwv    =       0, ntwe    =     500
     ioutfm  =       1, ntwprt  =     206, idecomp =       0, rbornstat=      0

Potential function:
     ntf     =       2, ntb     =       2, igb     =       0, nsnb    =      25
     ipol    =       0, gbsa    =       0, iesp    =       0
     dielc   =   1.00000, cut     =   9.00000, intdiel =   1.00000

Frozen or restrained atoms:
     ibelly  =       0, ntr     =       1
     restraint_wt =  50.00000

Molecular dynamics:
     nstlim  =    500000, nscm    =         0, nrespa  =         1
     t       =   0.00000, dt      =   0.00200, vlimit  =  -1.00000

Langevin dynamics temperature regulation:
     ig      =  850361
     temp0   = 298.15000, tempi   = 298.15000, gamma_ln=   1.00000

Pressure regulation:
     ntp     =       1
     pres0   =   1.00000, comp    =  44.60000, taup    =   1.00000
     Monte-Carlo Barostat:
     mcbarint  =     100

SHAKE:
     ntc     =       2, jfastw  =       0
     tol     =   0.00001

NMR refinement options:
     iscale  =       0, noeskp  =       1, ipnlty  =       1, mxsub   =       1
     scalm   = 100.00000, pencut  =  -1.00000, tausw   =   0.10000

| Intermolecular bonds treatment:
|     no_intermolecular_bonds =       1

| Energy averages sample interval:
|     ene_avg_sampling =     500

Ewald parameters:
     verbose =       0, ew_type =       0, nbflag  =       1, use_pme =       1
     vdwmeth =       1, eedmeth =       1, netfrc  =       1
     Box X =   46.611   Box Y =   43.772   Box Z =   61.966
     Alpha =   90.000   Beta  =   90.000   Gamma =   90.000
     NFFT1 =   48       NFFT2 =   48       NFFT3 =   64
     Cutoff=    9.000   Tol   =0.100E-04
     Ewald Coefficient =  0.30768
     Interpolation order =    4

    LOADING THE CONSTRAINED ATOMS AS GROUPS


   5.  REFERENCE ATOM COORDINATES

  default_name                                                                    
     Mask @DUM; matches     3 atoms
| MONTE CARLO BAROSTAT IMPORTANT NOTE:
|   The Monte-Carlo barostat does not require the virial to adjust the system volume.
|   Since it is an expensive calculation, it is skipped for efficiency. A side-effect
|   is that the reported pressure is always 0 because it is not calculated.

--------------------------------------------------------------------------------
   3.  ATOMIC COORDINATES AND VELOCITIES
--------------------------------------------------------------------------------

default_name                                                                    
 begin time read from input coords =     0.000 ps



           Begin reading energy term weight changes/NMR restraints
 WEIGHT CHANGES:
                         ** No weight changes given **

 RESTRAINTS:
 Requested file redirections:
  DISANG    = disang.rest
  LISTOUT   = POUT
 Restraints will be read from file: disang.rest
Here are comments from the DISANG input file:

                       Number of restraints read =     9

                  Done reading weight changes/NMR restraints


 
 Number of triangulated 3-point waters found:     3000

     Sum of charges from parm topology file =   0.00000002
     Forcing neutrality...

| Dynamic Memory, Types Used:
| Reals              528921
| Integers           284277

| Nonbonded Pairs Initial Allocation:     2102844

| GPU memory information (estimate):
| KB of GPU memory in use:         0
| KB of CPU memory in use:         0

--------------------------------------------------------------------------------
   4.  RESULTS
--------------------------------------------------------------------------------


 NSTEP =        0   TIME(PS) =       0.000  TEMP(K) =   439.47  PRESS =     0.0
 Etot   =    -30929.0652  EKtot   =      8122.5760  EPtot      =    -39051.6411
 BOND   =        16.0946  ANGLE   =        56.3784  DIHED      =       108.8384
 1-4 NB =        67.8017  1-4 EEL =        59.4909  VDWAALS    =      6454.0034
 EELEC  =    -45816.1045  EHBOND  =         0.0000  RESTRAINT  =         1.8560
 EAMBER (non-restraint)  =    -39053.4971
 EKCMT  =         0.0000  VIRIAL  =         0.0000  VOLUME     =    126426.1316
                                                    Density    =         0.7480
 ------------------------------------------------------------------------------

 NMR restraints: Bond =    0.156   Angle =     1.614   Torsion =     0.034
===============================================================================

 NSTEP =      500   TIME(PS) =       1.000  TEMP(K) =   260.47  PRESS =     0.0
 Etot   =    -26013.5860  EKtot   =      4814.3003  EPtot      =    -30827.8863
 BOND   =        52.2703  ANGLE   =       118.2551  DIHED      =       131.4657
 1-4 NB =        76.4423  1-4 EEL =        59.6253  VDWAALS    =      4693.5013
 EELEC  =    -35968.7152  EHBOND  =         0.0000  RESTRAINT  =         9.2691
 EAMBER (non-restraint)  =    -30837.1553
 EKCMT  =         0.0000  VIRIAL  =         0.0000  VOLUME     =    124230.4310
                                                    Density    =         0.7612
 ------------------------------------------------------------------------------

 NMR restraints: Bond =    0.429   Angle =     1.811   Torsion =     1.358
===============================================================================

 NSTEP =     1000   TIME(PS) =       2.000  TEMP(K) =   276.01  PRESS =     0.0
 Etot   =    -25344.2116  EKtot   =      5101.3823  EPtot      =    -30445.5939
 BOND   =        56.4577  ANGLE   =       109.2108  DIHED      =       131.4004
 1-4 NB =        73.0989  1-4 EEL =        62.2143  VDWAALS    =      4769.1527
 EELEC  =    -35654.7061  EHBOND  =         0.0000  RESTRAINT  =         7.5773
 EAMBER (non-restraint)  =    -30453.1713
 EKCMT  =         0.0000  VIRIAL  =         0.0000  VOLUME     =    120624.1352
                                                    Density    =         0.7840
 ------------------------------------------------------------------------------

 NMR restraints: Bond =    0.070   Angle =     5.229   Torsion =     0.527
===============================================================================

 NSTEP =     1500   TIME(PS) =       3.000  TEMP(K) =   289.02  PRESS =     0.0
 Etot   =    -24883.7563  EKtot   =      5341.8818  EPtot      =    -30225.6381
 BOND   =        57.3901  ANGLE   =        99.5549  DIHED      =       130.1987
 1-4 NB =        78.9469  1-4 EEL =        63.1060  VDWAALS    =      4423.5759
 EELEC  =    -35087.8941  EHBOND  =         0.0000  RESTRAINT  =         9.4834
 EAMBER (non-restraint)  =    -30235.1215
 EKCMT  =         0.0000  VIRIAL  =         0.0000  VOLUME     =    119080.1656
                                                    Density    =         0.7942
 ------------------------------------------------------------------------------

 NMR restraints: Bond =    0.761   Angle =     3.825   Torsion =     1.246
===============================================================================

 NSTEP =     2000   TIME(PS) =       4.000  TEMP(K) =   288.86  PRESS =     0.0
 Etot   =    -24675.1624  EKtot   =      5338.9072  EPtot      =    -30014.0697
 BOND   =        57.9030  ANGLE   =       109.0947  DIHED      =       135.4469
 1-4 NB =        82.0518  1-4 EEL =        58.3301  VDWAALS    =      4299.8358
 EELEC  =    -34764.9387  EHBOND  =         0.0000  RESTRAINT  =         8.2068
 EAMBER (non-restraint)  =    -30022.2765
 EKCMT  =         0.0000  VIRIAL  =         0.0000  VOLUME     =    117989.7390
                                                    Density    =         0.8015
 ------------------------------------------------------------------------------

 NMR restraints: Bond =    0.653   Angle =     4.267   Torsion =     0.295
===============================================================================

 NSTEP =     2500   TIME(PS) =       5.000  TEMP(K) =   295.63  PRESS =     0.0
 Etot   =    -24687.7439  EKtot   =      5464.1006  EPtot      =    -30151.8445
 BOND   =        56.5111  ANGLE   =       107.1487  DIHED      =       133.4338
 1-4 NB =        74.8696  1-4 EEL =        62.7932  VDWAALS    =      4196.7174
 EELEC  =    -34788.8916  EHBOND  =         0.0000  RESTRAINT  =         5.5734
 EAMBER (non-restraint)  =    -30157.4179
 EKCMT  =         0.0000  VIRIAL  =         0.0000  VOLUME     =    116950.5738
                                                    Density    =         0.8086
 ------------------------------------------------------------------------------

 NMR restraints: Bond =    0.155   Angle =     3.852   Torsion =     0.275
===============================================================================

 NSTEP =     3000   TIME(PS) =       6.000  TEMP(K) =   300.63  PRESS =     0.0
 Etot   =    -24539.7494  EKtot   =      5556.5366  EPtot      =    -30096.2860
 BOND   =        60.4159  ANGLE   =       111.7546  DIHED      =       131.7967
 1-4 NB =        80.0765  1-4 EEL =        63.7924  VDWAALS    =      4252.2535
 EELEC  =    -34802.0277  EHBOND  =         0.0000  RESTRAINT  =         5.6523
 EAMBER (non-restraint)  =    -30101.9382
 EKCMT  =         0.0000  VIRIAL  =         0.0000  VOLUME     =    116676.0141
                                                    Density    =         0.8105
 ------------------------------------------------------------------------------

 NMR restraints: Bond =    0.948   Angle =     2.313   Torsion =     0.967
===============================================================================

 NSTEP =     3500   TIME(PS) =       7.000  TEMP(K) =   297.38  PRESS =     0.0
 Etot   =    -24687.7696  EKtot   =      5496.5098  EPtot      =    -30184.2793
 BOND   =        65.2619  ANGLE   =       109.2204  DIHED      =       137.9043
 1-4 NB =        69.8283  1-4 EEL =        60.0919  VDWAALS    =      4206.7940
 EELEC  =    -34840.1724  EHBOND  =         0.0000  RESTRAINT  =         6.7924
 EAMBER (non-restraint)  =    -30191.0717
 EKCMT  =         0.0000  VIRIAL  =         0.0000  VOLUME     =    114408.8996
                                                    Density    =         0.8266
 ------------------------------------------------------------------------------

 NMR restraints: Bond =    0.076   Angle =     1.817   Torsion =     0.818
===============================================================================

 NSTEP =     4000   TIME(PS) =       8.000  TEMP(K) =   297.47  PRESS =     0.0
 Etot   =    -24719.9646  EKtot   =      5498.1855  EPtot      =    -30218.1502
 BOND   =        63.9686  ANGLE   =       108.9645  DIHED      =       129.3724
 1-4 NB =        76.6785  1-4 EEL =        63.6752  VDWAALS    =      4425.9970
 EELEC  =    -35094.0172  EHBOND  =         0.0000  RESTRAINT  =         7.2109
 EAMBER (non-restraint)  =    -30225.3610
 EKCMT  =         0.0000  VIRIAL  =         0.0000  VOLUME     =    113747.7870
                                                    Density    =         0.8314
 ------------------------------------------------------------------------------

 NMR restraints: Bond =    0.182   Angle =     2.296   Torsion =     1.706
===============================================================================

 NSTEP =     4500   TIME(PS) =       9.000  TEMP(K) =   298.63  PRESS =     0.0
 Etot   =    -24734.0248  EKtot   =      5519.5039  EPtot      =    -30253.5287
 BOND   =        57.4781  ANGLE   =       116.2480  DIHED      =       130.8150
 1-4 NB =        75.1011  1-4 EEL =        62.8933  VDWAALS    =      4274.9852
 EELEC  =    -34976.8341  EHBOND  =         0.0000  RESTRAINT  =         5.7846
 EAMBER (non-restraint)  =    -30259.3133
 EKCMT  =         0.0000  VIRIAL  =         0.0000  VOLUME     =    113419.9027
                                                    Density    =         0.8338
 ------------------------------------------------------------------------------

 NMR restraints: Bond =    0.320   Angle =     0.683   Torsion =     1.293
===============================================================================

 NSTEP =     5000   TIME(PS) =      10.000  TEMP(K) =   297.16  PRESS =     0.0
 Etot   =    -24776.0243  EKtot   =      5492.3862  EPtot      =    -30268.4105
 BOND   =        55.4105  ANGLE   =       109.2122  DIHED      =       132.4503
 1-4 NB =        79.1076  1-4 EEL =        62.6841  VDWAALS    =      4035.4649
 EELEC  =    -34748.5182  EHBOND  =         0.0000  RESTRAINT  =         5.7779
 EAMBER (non-restraint)  =    -30274.1885
 EKCMT  =         0.0000  VIRIAL  =         0.0000  VOLUME     =    112953.5626
                                                    Density    =         0.8372
 ------------------------------------------------------------------------------

 NMR restraints: Bond =    2.464   Angle =     0.749   Torsion =     0.494
===============================================================================

 NSTEP =     5500   TIME(PS) =      11.000  TEMP(K) =   296.09  PRESS =     0.0
 Etot   =    -24764.2532  EKtot   =      5472.6196  EPtot      =    -30236.8728
 BOND   =        46.7780  ANGLE   =       114.7008  DIHED      =       137.3026
 1-4 NB =        72.5088  1-4 EEL =        62.6411  VDWAALS    =      4284.6579
 EELEC  =    -34959.4925  EHBOND  =         0.0000  RESTRAINT  =         4.0304
 EAMBER (non-restraint)  =    -30240.9032
 EKCMT  =         0.0000  VIRIAL  =         0.0000  VOLUME     =    111050.0292
                                                    Density    =         0.8516
 ------------------------------------------------------------------------------

 NMR restraints: Bond =    0.005   Angle =     0.259   Torsion =     0.922
===============================================================================

 NSTEP =     6000   TIME(PS) =      12.000  TEMP(K) =   301.37  PRESS =     0.0
 Etot   =    -24831.9453  EKtot   =      5570.1719  EPtot      =    -30402.1172
 BOND   =        52.9305  ANGLE   =       112.9510  DIHED      =       141.0307
 1-4 NB =        75.4092  1-4 EEL =        63.0772  VDWAALS    =      4143.2602
 EELEC  =    -34994.8607  EHBOND  =         0.0000  RESTRAINT  =         4.0847
 EAMBER (non-restraint)  =    -30406.2018
 EKCMT  =         0.0000  VIRIAL  =         0.0000  VOLUME     =    109182.3217
                                                    Density    =         0.8661
 ------------------------------------------------------------------------------

 NMR restraints: Bond =    0.895   Angle =     0.647   Torsion =     1.176
===============================================================================

 NSTEP =     6500   TIME(PS) =      13.000  TEMP(K) =   299.71  PRESS =     0.0
 Etot   =    -24821.3995  EKtot   =      5539.5811  EPtot      =    -30360.9805
 BOND   =        48.1808  ANGLE   =       130.3858  DIHED      =       125.1091
 1-4 NB =        75.7943  1-4 EEL =        61.9230  VDWAALS    =      4147.3429
 EELEC  =    -34954.8432  EHBOND  =         0.0000  RESTRAINT  =         5.1267
 EAMBER (non-restraint)  =    -30366.1072
 EKCMT  =         0.0000  VIRIAL  =         0.0000  VOLUME     =    108238.7637
                                                    Density    =         0.8737
 ------------------------------------------------------------------------------

 NMR restraints: Bond =    0.058   Angle =     0.513   Torsion =     0.420
===============================================================================

 NSTEP =     7000   TIME(PS) =      14.000  TEMP(K) =   299.05  PRESS =     0.0
 Etot   =    -25080.5053  EKtot   =      5527.2690  EPtot      =    -30607.7743
 BOND   =        74.6543  ANGLE   =       103.4968  DIHED      =       128.0130
 1-4 NB =        72.5064  1-4 EEL =        58.3874  VDWAALS    =      4216.0454
 EELEC  =    -35269.6184  EHBOND  =         0.0000  RESTRAINT  =         8.7406
 EAMBER (non-restraint)  =    -30616.5150
 EKCMT  =         0.0000  VIRIAL  =         0.0000  VOLUME     =    106611.9601
                                                    Density    =         0.8870
 ------------------------------------------------------------------------------

 NMR restraints: Bond =    2.315   Angle =     2.289   Torsion =     1.890
===============================================================================

 NSTEP =     7500   TIME(PS) =      15.000  TEMP(K) =   300.77  PRESS =     0.0
 Etot   =    -25100.2702  EKtot   =      5559.0518  EPtot      =    -30659.3220
 BOND   =        58.7229  ANGLE   =       111.5245  DIHED      =       133.9170
 1-4 NB =        75.1208  1-4 EEL =        59.9905  VDWAALS    =      4210.2874
 EELEC  =    -35316.8842  EHBOND  =         0.0000  RESTRAINT  =         7.9991
 EAMBER (non-restraint)  =    -30667.3211
 EKCMT  =         0.0000  VIRIAL  =         0.0000  VOLUME     =    105677.4235
                                                    Density    =         0.8949
 ------------------------------------------------------------------------------

 NMR restraints: Bond =    0.611   Angle =     2.578   Torsion =     1.363
===============================================================================

 NSTEP =     8000   TIME(PS) =      16.000  TEMP(K) =   298.04  PRESS =     0.0
 Etot   =    -25242.7409  EKtot   =      5508.7261  EPtot      =    -30751.4670
 BOND   =        60.8543  ANGLE   =       106.1235  DIHED      =       130.3858
 1-4 NB =        72.9605  1-4 EEL =        59.5149  VDWAALS    =      4489.9674
 EELEC  =    -35678.9061  EHBOND  =         0.0000  RESTRAINT  =         7.6327
 EAMBER (non-restraint)  =    -30759.0997
 EKCMT  =         0.0000  VIRIAL  =         0.0000  VOLUME     =    103276.5656
                                                    Density    =         0.9157
 ------------------------------------------------------------------------------

 NMR restraints: Bond =    0.124   Angle =     2.914   Torsion =     2.121
===============================================================================

 NSTEP =     8500   TIME(PS) =      17.000  TEMP(K) =   297.28  PRESS =     0.0
 Etot   =    -25149.4364  EKtot   =      5494.5610  EPtot      =    -30643.9974
 BOND   =        53.7220  ANGLE   =       121.1017  DIHED      =       135.2505
 1-4 NB =        77.3095  1-4 EEL =        65.6442  VDWAALS    =      4280.3547
 EELEC  =    -35384.1763  EHBOND  =         0.0000  RESTRAINT  =         6.7963
 EAMBER (non-restraint)  =    -30650.7937
 EKCMT  =         0.0000  VIRIAL  =         0.0000  VOLUME     =    102445.7276
                                                    Density    =         0.9231
 ------------------------------------------------------------------------------

 NMR restraints: Bond =    0.344   Angle =     3.027   Torsion =     1.985
===============================================================================

 NSTEP =     9000   TIME(PS) =      18.000  TEMP(K) =   302.95  PRESS =     0.0
 Etot   =    -25037.1900  EKtot   =      5599.3838  EPtot      =    -30636.5738
 BOND   =        49.9760  ANGLE   =       118.1946  DIHED      =       137.2128
 1-4 NB =        73.3801  1-4 EEL =        60.2974  VDWAALS    =      4098.2971
 EELEC  =    -35178.1482  EHBOND  =         0.0000  RESTRAINT  =         4.2163
 EAMBER (non-restraint)  =    -30640.7901
 EKCMT  =         0.0000  VIRIAL  =         0.0000  VOLUME     =    100216.0299
                                                    Density    =         0.9436
 ------------------------------------------------------------------------------

 NMR restraints: Bond =    0.194   Angle =     1.523   Torsion =     0.763
===============================================================================
