
          -------------------------------------------------------
          Amber 18 PMEMD                              2018
          -------------------------------------------------------

| PMEMD implementation of SANDER, Release 18

| Run on 05/02/2018 at 10:37:35

|   Executable path: pmemd.cuda
| Working directory: /oasis/tscc/scratch/davids4/SAMPLing-cut9/11499276.tscc-mgr.local
|          Hostname: tscc-gpu-9-1.sdsc.edu

  [-O]verwriting output

File Assignments:
|   MDIN: equil.000.in                                                          
|  MDOUT: equil.000.out                                                         
| INPCRD: minimize.rst7                                                         
|   PARM: solvate.prmtop                                                        
| RESTRT: equil.000.rst7                                                        
|   REFC: solvate.rst7                                                          
|  MDVEL: mdvel                                                                 
|   MDEN: equil.000.mden                                                        
|  MDCRD: equil.000.nc                                                          
| MDINFO: equil.000.mdinfo                                                      
|  MDFRC: mdfrc                                                                 


 Here is the input file:

PBC MD Simulation                                                              
 &cntrl                                                                        
  imin =          0,                                                           
  ntx =           1,                                                           
  irest =         0,                                                           
  maxcyc =        0,                                                           
  ncyc =          0,                                                           
  dt =            0.002,                                                       
  nstlim =        500000,                                                      
  ntpr =          500,                                                         
  ntwe =          500,                                                         
  ntwr =          250,                                                         
  ntwx =          250,                                                         
  ntxo =          1,                                                           
  ioutfm =        1,                                                           
  ntf =           2,                                                           
  ntc =           2,                                                           
  cut =           9.0,                                                         
  igb =           0,                                                           
  tempi =         298.15,                                                      
  temp0 =         298.15,                                                      
  ntt =           3,                                                           
  gamma_ln =      1.0,                                                         
  ig =            -1,                                                          
  ntp =           1,                                                           
  barostat =      2,                                                           
  ntr =           1,                                                           
  restraint_wt =  50.0,                                                        
  restraintmask = '@DUM',                                                      
  nmropt =        1,                                                           
  pencut =        -1,                                                          
  ntwprt =        206,                                                         
 /                                                                             
 &wt type = 'END', /                                                           
DISANG = disang.rest                                                           
LISTOUT = POUT                                                                 
                                                                               


Note: ig = -1. Setting random seed to   631134 based on wallclock time in 
      microseconds.
| irandom = 1, using AMBER's internal random number generator (default).
 
|--------------------- INFORMATION ----------------------
| GPU (CUDA) Version of PMEMD in use: NVIDIA GPU IN USE.
|                    Version 18.0.0
| 
|                      03/25/2018
| 
| Implementation by:
|                    Ross C. Walker     (SDSC)
|                    Scott Le Grand     (nVIDIA)
| 
| Version 18 performance extensions by:
|                    David Cerutti     (Rutgers)
| 
| Precision model in use:
|      [SPFP] - Single Precision Forces, 64-bit Fixed Point
|               Accumulation. (Default)
| 
|--------------------------------------------------------
 
|----------------- CITATION INFORMATION -----------------
|
|    When publishing work that utilized the CUDA version
|    of AMBER, please cite the following in addition to
|    the regular AMBER citations:
|
|  - Romelia Salomon-Ferrer; Andreas W. Goetz; Duncan
|    Poole; Scott Le Grand; Ross C. Walker "Routine
|    microsecond molecular dynamics simulations with
|    AMBER - Part II: Particle Mesh Ewald", J. Chem.
|    Theory Comput., 2013, 9 (9), pp3878-3888,
|    DOI: 10.1021/ct400314y.
|
|  - Andreas W. Goetz; Mark J. Williamson; Dong Xu;
|    Duncan Poole; Scott Le Grand; Ross C. Walker
|    "Routine microsecond molecular dynamics simulations
|    with AMBER - Part I: Generalized Born", J. Chem.
|    Theory Comput., 2012, 8 (5), pp1542-1555.
|
|  - Scott Le Grand; Andreas W. Goetz; Ross C. Walker
|    "SPFP: Speed without compromise - a mixed precision
|    model for GPU accelerated molecular dynamics
|    simulations.", Comp. Phys. Comm., 2013, 184
|    pp374-380, DOI: 10.1016/j.cpc.2012.09.022
|
|--------------------------------------------------------
 
|------------------- GPU DEVICE INFO --------------------
|
|            CUDA_VISIBLE_DEVICES: 2
|   CUDA Capable Devices Detected:      1
|           CUDA Device ID in use:      0
|                CUDA Device Name: GeForce GTX TITAN X
|     CUDA Device Global Mem Size:  12207 MB
| CUDA Device Num Multiprocessors:     24
|           CUDA Device Core Freq:   1.08 GHz
|
|--------------------------------------------------------
 
 
| Conditional Compilation Defines Used:
| PUBFFT
| BINTRAJ
| CUDA
| EMIL

| Largest sphere to fit in unit cell has radius =    21.886

| New format PARM file being parsed.
| Version =    1.000 Date = 04/23/18 Time = 20:20:36

| Note: 1-4 EEL scale factors are being read from the topology file.

| Note: 1-4 VDW scale factors are being read from the topology file.
| Duplicated    0 dihedrals

| Duplicated    0 dihedrals

--------------------------------------------------------------------------------
   1.  RESOURCE   USE: 
--------------------------------------------------------------------------------

 getting new box info from bottom of inpcrd
 NATOM  =    9223 NTYPES =      11 NBONH =    9067 MBONA  =     155
 NTHETH =     153 MTHETA =     232 NPHIH =     345 MPHIA  =     366
 NHPARM =       0 NPARM  =       0 NNB   =   13221 NRES   =    3022
 NBONA  =     155 NTHETA =     232 NPHIA =     366 NUMBND =      13
 NUMANG =      22 NPTRA  =      15 NATYP =      13 NPHB   =       0
 IFBOX  =       1 NMXRS  =     184 IFCAP =       0 NEXTRA =       0
 NCOPY  =       0

| Coordinate Index Table dimensions:     9    8   12
| Direct force subcell size =     5.1790    5.4715    5.1355

     BOX TYPE: RECTILINEAR

--------------------------------------------------------------------------------
   2.  CONTROL  DATA  FOR  THE  RUN
--------------------------------------------------------------------------------

default_name                                                                    

General flags:
     imin    =       0, nmropt  =       1

Nature and format of input:
     ntx     =       1, irest   =       0, ntrx    =       1

Nature and format of output:
     ntxo    =       1, ntpr    =     500, ntrx    =       1, ntwr    =     250
     iwrap   =       0, ntwx    =     250, ntwv    =       0, ntwe    =     500
     ioutfm  =       1, ntwprt  =     206, idecomp =       0, rbornstat=      0

Potential function:
     ntf     =       2, ntb     =       2, igb     =       0, nsnb    =      25
     ipol    =       0, gbsa    =       0, iesp    =       0
     dielc   =   1.00000, cut     =   9.00000, intdiel =   1.00000

Frozen or restrained atoms:
     ibelly  =       0, ntr     =       1
     restraint_wt =  50.00000

Molecular dynamics:
     nstlim  =    500000, nscm    =         0, nrespa  =         1
     t       =   0.00000, dt      =   0.00200, vlimit  =  -1.00000

Langevin dynamics temperature regulation:
     ig      =  631134
     temp0   = 298.15000, tempi   = 298.15000, gamma_ln=   1.00000

Pressure regulation:
     ntp     =       1
     pres0   =   1.00000, comp    =  44.60000, taup    =   1.00000
     Monte-Carlo Barostat:
     mcbarint  =     100

SHAKE:
     ntc     =       2, jfastw  =       0
     tol     =   0.00001

NMR refinement options:
     iscale  =       0, noeskp  =       1, ipnlty  =       1, mxsub   =       1
     scalm   = 100.00000, pencut  =  -1.00000, tausw   =   0.10000

| Intermolecular bonds treatment:
|     no_intermolecular_bonds =       1

| Energy averages sample interval:
|     ene_avg_sampling =     500

Ewald parameters:
     verbose =       0, ew_type =       0, nbflag  =       1, use_pme =       1
     vdwmeth =       1, eedmeth =       1, netfrc  =       1
     Box X =   46.611   Box Y =   43.772   Box Z =   61.626
     Alpha =   90.000   Beta  =   90.000   Gamma =   90.000
     NFFT1 =   48       NFFT2 =   48       NFFT3 =   64
     Cutoff=    9.000   Tol   =0.100E-04
     Ewald Coefficient =  0.30768
     Interpolation order =    4

    LOADING THE CONSTRAINED ATOMS AS GROUPS


   5.  REFERENCE ATOM COORDINATES

  default_name                                                                    
     Mask @DUM; matches     3 atoms
| MONTE CARLO BAROSTAT IMPORTANT NOTE:
|   The Monte-Carlo barostat does not require the virial to adjust the system volume.
|   Since it is an expensive calculation, it is skipped for efficiency. A side-effect
|   is that the reported pressure is always 0 because it is not calculated.

--------------------------------------------------------------------------------
   3.  ATOMIC COORDINATES AND VELOCITIES
--------------------------------------------------------------------------------

default_name                                                                    
 begin time read from input coords =     0.000 ps



           Begin reading energy term weight changes/NMR restraints
 WEIGHT CHANGES:
                         ** No weight changes given **

 RESTRAINTS:
 Requested file redirections:
  DISANG    = disang.rest
  LISTOUT   = POUT
 Restraints will be read from file: disang.rest
Here are comments from the DISANG input file:

                       Number of restraints read =     9

                  Done reading weight changes/NMR restraints


 
 Number of triangulated 3-point waters found:     3000

     Sum of charges from parm topology file =   0.00000002
     Forcing neutrality...

| Dynamic Memory, Types Used:
| Reals              528921
| Integers           284277

| Nonbonded Pairs Initial Allocation:     2102844

| GPU memory information (estimate):
| KB of GPU memory in use:         0
| KB of CPU memory in use:         0

--------------------------------------------------------------------------------
   4.  RESULTS
--------------------------------------------------------------------------------


 NSTEP =        0   TIME(PS) =       0.000  TEMP(K) =   434.23  PRESS =     0.0
 Etot   =    -30987.6943  EKtot   =      8025.7247  EPtot      =    -39013.4190
 BOND   =        15.3105  ANGLE   =        58.8104  DIHED      =       107.1967
 1-4 NB =        68.9506  1-4 EEL =        60.4050  VDWAALS    =      6254.6296
 EELEC  =    -45580.1631  EHBOND  =         0.0000  RESTRAINT  =         1.4412
 EAMBER (non-restraint)  =    -39014.8602
 EKCMT  =         0.0000  VIRIAL  =         0.0000  VOLUME     =    125732.0172
                                                    Density    =         0.7521
 ------------------------------------------------------------------------------

 NMR restraints: Bond =    0.166   Angle =     1.229   Torsion =     0.027
===============================================================================

 NSTEP =      500   TIME(PS) =       1.000  TEMP(K) =   268.86  PRESS =     0.0
 Etot   =    -25894.8243  EKtot   =      4969.2573  EPtot      =    -30864.0817
 BOND   =        42.6940  ANGLE   =        98.8860  DIHED      =       135.0806
 1-4 NB =        79.9369  1-4 EEL =        61.9428  VDWAALS    =      4705.0415
 EELEC  =    -35990.7772  EHBOND  =         0.0000  RESTRAINT  =         3.1138
 EAMBER (non-restraint)  =    -30867.1955
 EKCMT  =         0.0000  VIRIAL  =         0.0000  VOLUME     =    125665.0305
                                                    Density    =         0.7525
 ------------------------------------------------------------------------------

 NMR restraints: Bond =    0.129   Angle =     1.007   Torsion =     0.530
===============================================================================

 NSTEP =     1000   TIME(PS) =       2.000  TEMP(K) =   285.55  PRESS =     0.0
 Etot   =    -25118.1654  EKtot   =      5277.7222  EPtot      =    -30395.8876
 BOND   =        50.5654  ANGLE   =       106.8270  DIHED      =       133.8649
 1-4 NB =        77.3637  1-4 EEL =        65.3015  VDWAALS    =      4400.0438
 EELEC  =    -35233.7651  EHBOND  =         0.0000  RESTRAINT  =         3.9113
 EAMBER (non-restraint)  =    -30399.7989
 EKCMT  =         0.0000  VIRIAL  =         0.0000  VOLUME     =    124040.9737
                                                    Density    =         0.7624
 ------------------------------------------------------------------------------

 NMR restraints: Bond =    0.450   Angle =     1.171   Torsion =     0.718
===============================================================================

 NSTEP =     1500   TIME(PS) =       3.000  TEMP(K) =   289.53  PRESS =     0.0
 Etot   =    -24755.6091  EKtot   =      5351.3892  EPtot      =    -30106.9983
 BOND   =        39.5739  ANGLE   =       113.3123  DIHED      =       134.2812
 1-4 NB =        76.8263  1-4 EEL =        61.3815  VDWAALS    =      4316.4892
 EELEC  =    -34853.8771  EHBOND  =         0.0000  RESTRAINT  =         5.0143
 EAMBER (non-restraint)  =    -30112.0126
 EKCMT  =         0.0000  VIRIAL  =         0.0000  VOLUME     =    122814.0179
                                                    Density    =         0.7700
 ------------------------------------------------------------------------------

 NMR restraints: Bond =    0.329   Angle =     0.734   Torsion =     1.533
===============================================================================

 NSTEP =     2000   TIME(PS) =       4.000  TEMP(K) =   295.45  PRESS =     0.0
 Etot   =    -24754.6433  EKtot   =      5460.7227  EPtot      =    -30215.3659
 BOND   =        54.7684  ANGLE   =       111.7516  DIHED      =       149.3957
 1-4 NB =        79.5841  1-4 EEL =        64.4659  VDWAALS    =      4398.8627
 EELEC  =    -35077.9813  EHBOND  =         0.0000  RESTRAINT  =         3.7870
 EAMBER (non-restraint)  =    -30219.1530
 EKCMT  =         0.0000  VIRIAL  =         0.0000  VOLUME     =    119139.4156
                                                    Density    =         0.7938
 ------------------------------------------------------------------------------

 NMR restraints: Bond =    0.122   Angle =     1.236   Torsion =     1.124
===============================================================================

 NSTEP =     2500   TIME(PS) =       5.000  TEMP(K) =   292.56  PRESS =     0.0
 Etot   =    -24597.0670  EKtot   =      5407.3735  EPtot      =    -30004.4405
 BOND   =        56.9373  ANGLE   =       109.5897  DIHED      =       129.8727
 1-4 NB =        74.3180  1-4 EEL =        59.8690  VDWAALS    =      4228.9046
 EELEC  =    -34668.2812  EHBOND  =         0.0000  RESTRAINT  =         4.3495
 EAMBER (non-restraint)  =    -30008.7900
 EKCMT  =         0.0000  VIRIAL  =         0.0000  VOLUME     =    118909.1736
                                                    Density    =         0.7953
 ------------------------------------------------------------------------------

 NMR restraints: Bond =    0.255   Angle =     1.050   Torsion =     1.271
===============================================================================

 NSTEP =     3000   TIME(PS) =       6.000  TEMP(K) =   295.89  PRESS =     0.0
 Etot   =    -24620.4792  EKtot   =      5468.9761  EPtot      =    -30089.4553
 BOND   =        54.4583  ANGLE   =       113.5345  DIHED      =       131.8336
 1-4 NB =        78.0433  1-4 EEL =        60.5964  VDWAALS    =      4412.0380
 EELEC  =    -34944.4361  EHBOND  =         0.0000  RESTRAINT  =         4.4766
 EAMBER (non-restraint)  =    -30093.9319
 EKCMT  =         0.0000  VIRIAL  =         0.0000  VOLUME     =    117201.2201
                                                    Density    =         0.8069
 ------------------------------------------------------------------------------

 NMR restraints: Bond =    0.555   Angle =     0.361   Torsion =     1.557
===============================================================================

 NSTEP =     3500   TIME(PS) =       7.000  TEMP(K) =   295.66  PRESS =     0.0
 Etot   =    -24505.0817  EKtot   =      5464.5664  EPtot      =    -29969.6481
 BOND   =        51.8298  ANGLE   =       118.5028  DIHED      =       128.7799
 1-4 NB =        75.2673  1-4 EEL =        61.6320  VDWAALS    =      4079.7381
 EELEC  =    -34490.7796  EHBOND  =         0.0000  RESTRAINT  =         5.3815
 EAMBER (non-restraint)  =    -29975.0297
 EKCMT  =         0.0000  VIRIAL  =         0.0000  VOLUME     =    117065.3620
                                                    Density    =         0.8078
 ------------------------------------------------------------------------------

 NMR restraints: Bond =    0.271   Angle =     0.607   Torsion =     2.262
===============================================================================

 NSTEP =     4000   TIME(PS) =       8.000  TEMP(K) =   302.48  PRESS =     0.0
 Etot   =    -24596.6336  EKtot   =      5590.6787  EPtot      =    -30187.3123
 BOND   =        54.0058  ANGLE   =       116.6669  DIHED      =       132.4202
 1-4 NB =        74.4652  1-4 EEL =        59.9745  VDWAALS    =      4352.4473
 EELEC  =    -34983.5834  EHBOND  =         0.0000  RESTRAINT  =         6.2911
 EAMBER (non-restraint)  =    -30193.6034
 EKCMT  =         0.0000  VIRIAL  =         0.0000  VOLUME     =    115558.8562
                                                    Density    =         0.8184
 ------------------------------------------------------------------------------

 NMR restraints: Bond =    0.321   Angle =     2.352   Torsion =     0.898
===============================================================================

 NSTEP =     4500   TIME(PS) =       9.000  TEMP(K) =   301.14  PRESS =     0.0
 Etot   =    -24473.4180  EKtot   =      5565.8872  EPtot      =    -30039.3052
 BOND   =        56.0077  ANGLE   =       103.7121  DIHED      =       131.6747
 1-4 NB =        71.9015  1-4 EEL =        61.3166  VDWAALS    =      4362.3450
 EELEC  =    -34831.1172  EHBOND  =         0.0000  RESTRAINT  =         4.8544
 EAMBER (non-restraint)  =    -30044.1596
 EKCMT  =         0.0000  VIRIAL  =         0.0000  VOLUME     =    114987.2416
                                                    Density    =         0.8224
 ------------------------------------------------------------------------------

 NMR restraints: Bond =    0.201   Angle =     1.381   Torsion =     0.392
===============================================================================

 NSTEP =     5000   TIME(PS) =      10.000  TEMP(K) =   300.44  PRESS =     0.0
 Etot   =    -24740.7798  EKtot   =      5552.9819  EPtot      =    -30293.7617
 BOND   =        58.6226  ANGLE   =       116.2873  DIHED      =       128.5531
 1-4 NB =        77.0702  1-4 EEL =        59.6127  VDWAALS    =      4137.9887
 EELEC  =    -34875.1900  EHBOND  =         0.0000  RESTRAINT  =         3.2937
 EAMBER (non-restraint)  =    -30297.0555
 EKCMT  =         0.0000  VIRIAL  =         0.0000  VOLUME     =    113687.8391
                                                    Density    =         0.8318
 ------------------------------------------------------------------------------

 NMR restraints: Bond =    0.203   Angle =     1.233   Torsion =     0.497
===============================================================================

 NSTEP =     5500   TIME(PS) =      11.000  TEMP(K) =   295.56  PRESS =     0.0
 Etot   =    -24947.8635  EKtot   =      5462.7900  EPtot      =    -30410.6536
 BOND   =        50.2470  ANGLE   =       113.7695  DIHED      =       134.9226
 1-4 NB =        73.9907  1-4 EEL =        63.7689  VDWAALS    =      4214.9553
 EELEC  =    -35066.8160  EHBOND  =         0.0000  RESTRAINT  =         4.5084
 EAMBER (non-restraint)  =    -30415.1620
 EKCMT  =         0.0000  VIRIAL  =         0.0000  VOLUME     =    111389.9162
                                                    Density    =         0.8490
 ------------------------------------------------------------------------------

 NMR restraints: Bond =    0.103   Angle =     3.019   Torsion =     0.576
===============================================================================

 NSTEP =     6000   TIME(PS) =      12.000  TEMP(K) =   300.40  PRESS =     0.0
 Etot   =    -24863.7669  EKtot   =      5552.2500  EPtot      =    -30416.0169
 BOND   =        51.9821  ANGLE   =       121.2702  DIHED      =       127.7539
 1-4 NB =        72.8402  1-4 EEL =        63.1906  VDWAALS    =      4426.5401
 EELEC  =    -35284.8561  EHBOND  =         0.0000  RESTRAINT  =         5.2621
 EAMBER (non-restraint)  =    -30421.2790
 EKCMT  =         0.0000  VIRIAL  =         0.0000  VOLUME     =    108739.5794
                                                    Density    =         0.8697
 ------------------------------------------------------------------------------

 NMR restraints: Bond =    0.160   Angle =     1.164   Torsion =     0.455
===============================================================================

 NSTEP =     6500   TIME(PS) =      13.000  TEMP(K) =   296.12  PRESS =     0.0
 Etot   =    -24886.0785  EKtot   =      5473.1860  EPtot      =    -30359.2646
 BOND   =        51.2981  ANGLE   =       123.1192  DIHED      =       137.4135
 1-4 NB =        79.4027  1-4 EEL =        61.2515  VDWAALS    =      3923.3753
 EELEC  =    -34740.7004  EHBOND  =         0.0000  RESTRAINT  =         5.5755
 EAMBER (non-restraint)  =    -30364.8401
 EKCMT  =         0.0000  VIRIAL  =         0.0000  VOLUME     =    107701.8705
                                                    Density    =         0.8781
 ------------------------------------------------------------------------------

 NMR restraints: Bond =    0.005   Angle =     1.036   Torsion =     0.814
===============================================================================

 NSTEP =     7000   TIME(PS) =      14.000  TEMP(K) =   298.14  PRESS =     0.0
 Etot   =    -24809.7821  EKtot   =      5510.4829  EPtot      =    -30320.2650
 BOND   =        46.1912  ANGLE   =       110.7449  DIHED      =       131.6539
 1-4 NB =        74.5442  1-4 EEL =        64.6344  VDWAALS    =      4338.3011
 EELEC  =    -35092.3801  EHBOND  =         0.0000  RESTRAINT  =         6.0453
 EAMBER (non-restraint)  =    -30326.3103
 EKCMT  =         0.0000  VIRIAL  =         0.0000  VOLUME     =    106247.6609
                                                    Density    =         0.8901
 ------------------------------------------------------------------------------

 NMR restraints: Bond =    0.330   Angle =     1.453   Torsion =     0.275
===============================================================================

 NSTEP =     7500   TIME(PS) =      15.000  TEMP(K) =   301.80  PRESS =     0.0
 Etot   =    -24872.4853  EKtot   =      5578.2090  EPtot      =    -30450.6942
 BOND   =        58.9371  ANGLE   =       104.8507  DIHED      =       139.9185
 1-4 NB =        78.1120  1-4 EEL =        60.5237  VDWAALS    =      4113.3882
 EELEC  =    -35010.6360  EHBOND  =         0.0000  RESTRAINT  =         4.2117
 EAMBER (non-restraint)  =    -30454.9059
 EKCMT  =         0.0000  VIRIAL  =         0.0000  VOLUME     =    106093.4607
                                                    Density    =         0.8914
 ------------------------------------------------------------------------------

 NMR restraints: Bond =    0.422   Angle =     0.699   Torsion =     0.334
===============================================================================

 NSTEP =     8000   TIME(PS) =      16.000  TEMP(K) =   304.35  PRESS =     0.0
 Etot   =    -24852.5973  EKtot   =      5625.3003  EPtot      =    -30477.8976
 BOND   =        43.2573  ANGLE   =       121.9928  DIHED      =       125.8806
 1-4 NB =        78.1432  1-4 EEL =        60.9573  VDWAALS    =      4187.0630
 EELEC  =    -35100.2165  EHBOND  =         0.0000  RESTRAINT  =         5.0246
 EAMBER (non-restraint)  =    -30482.9222
 EKCMT  =         0.0000  VIRIAL  =         0.0000  VOLUME     =    104567.3294
                                                    Density    =         0.9044
 ------------------------------------------------------------------------------

 NMR restraints: Bond =    0.168   Angle =     1.604   Torsion =     0.189
===============================================================================

 NSTEP =     8500   TIME(PS) =      17.000  TEMP(K) =   305.70  PRESS =     0.0
 Etot   =    -25088.8200  EKtot   =      5650.2837  EPtot      =    -30739.1037
 BOND   =        54.1339  ANGLE   =       112.5531  DIHED      =       141.5974
 1-4 NB =        75.6887  1-4 EEL =        58.2318  VDWAALS    =      4314.3609
 EELEC  =    -35501.6439  EHBOND  =         0.0000  RESTRAINT  =         5.9744
 EAMBER (non-restraint)  =    -30745.0780
 EKCMT  =         0.0000  VIRIAL  =         0.0000  VOLUME     =    101862.9312
                                                    Density    =         0.9284
 ------------------------------------------------------------------------------

 NMR restraints: Bond =    0.679   Angle =     1.356   Torsion =     0.889
===============================================================================

 NSTEP =     9000   TIME(PS) =      18.000  TEMP(K) =   305.26  PRESS =     0.0
 Etot   =    -25090.9223  EKtot   =      5642.1099  EPtot      =    -30733.0321
 BOND   =        54.7147  ANGLE   =       114.3718  DIHED      =       127.9111
 1-4 NB =        80.2522  1-4 EEL =        61.8942  VDWAALS    =      4366.2205
 EELEC  =    -35544.0871  EHBOND  =         0.0000  RESTRAINT  =         5.6905
 EAMBER (non-restraint)  =    -30738.7227
 EKCMT  =         0.0000  VIRIAL  =         0.0000  VOLUME     =    100263.2044
                                                    Density    =         0.9432
 ------------------------------------------------------------------------------

 NMR restraints: Bond =    0.411   Angle =     1.441   Torsion =     0.656
===============================================================================
