
          -------------------------------------------------------
          Amber 18 PMEMD                              2018
          -------------------------------------------------------

| PMEMD implementation of SANDER, Release 18

| Run on 05/02/2018 at 10:46:54

|   Executable path: pmemd.cuda
| Working directory: /oasis/tscc/scratch/davids4/SAMPLing-cut9/11499275.tscc-mgr.local
|          Hostname: tscc-gpu-8-1.sdsc.edu

  [-O]verwriting output

File Assignments:
|   MDIN: equil.000.in                                                          
|  MDOUT: equil.000.out                                                         
| INPCRD: minimize.rst7                                                         
|   PARM: solvate.prmtop                                                        
| RESTRT: equil.000.rst7                                                        
|   REFC: solvate.rst7                                                          
|  MDVEL: mdvel                                                                 
|   MDEN: equil.000.mden                                                        
|  MDCRD: equil.000.nc                                                          
| MDINFO: equil.000.mdinfo                                                      
|  MDFRC: mdfrc                                                                 


 Here is the input file:

PBC MD Simulation                                                              
 &cntrl                                                                        
  imin =          0,                                                           
  ntx =           1,                                                           
  irest =         0,                                                           
  maxcyc =        0,                                                           
  ncyc =          0,                                                           
  dt =            0.002,                                                       
  nstlim =        500000,                                                      
  ntpr =          500,                                                         
  ntwe =          500,                                                         
  ntwr =          250,                                                         
  ntwx =          250,                                                         
  ntxo =          1,                                                           
  ioutfm =        1,                                                           
  ntf =           2,                                                           
  ntc =           2,                                                           
  cut =           9.0,                                                         
  igb =           0,                                                           
  tempi =         298.15,                                                      
  temp0 =         298.15,                                                      
  ntt =           3,                                                           
  gamma_ln =      1.0,                                                         
  ig =            -1,                                                          
  ntp =           1,                                                           
  barostat =      2,                                                           
  ntr =           1,                                                           
  restraint_wt =  50.0,                                                        
  restraintmask = '@DUM',                                                      
  nmropt =        1,                                                           
  pencut =        -1,                                                          
  ntwprt =        204,                                                         
 /                                                                             
 &wt type = 'END', /                                                           
DISANG = disang.rest                                                           
LISTOUT = POUT                                                                 
                                                                               


Note: ig = -1. Setting random seed to   110369 based on wallclock time in 
      microseconds.
| irandom = 1, using AMBER's internal random number generator (default).
 
|--------------------- INFORMATION ----------------------
| GPU (CUDA) Version of PMEMD in use: NVIDIA GPU IN USE.
|                    Version 18.0.0
| 
|                      03/25/2018
| 
| Implementation by:
|                    Ross C. Walker     (SDSC)
|                    Scott Le Grand     (nVIDIA)
| 
| Version 18 performance extensions by:
|                    David Cerutti     (Rutgers)
| 
| Precision model in use:
|      [SPFP] - Single Precision Forces, 64-bit Fixed Point
|               Accumulation. (Default)
| 
|--------------------------------------------------------
 
|----------------- CITATION INFORMATION -----------------
|
|    When publishing work that utilized the CUDA version
|    of AMBER, please cite the following in addition to
|    the regular AMBER citations:
|
|  - Romelia Salomon-Ferrer; Andreas W. Goetz; Duncan
|    Poole; Scott Le Grand; Ross C. Walker "Routine
|    microsecond molecular dynamics simulations with
|    AMBER - Part II: Particle Mesh Ewald", J. Chem.
|    Theory Comput., 2013, 9 (9), pp3878-3888,
|    DOI: 10.1021/ct400314y.
|
|  - Andreas W. Goetz; Mark J. Williamson; Dong Xu;
|    Duncan Poole; Scott Le Grand; Ross C. Walker
|    "Routine microsecond molecular dynamics simulations
|    with AMBER - Part I: Generalized Born", J. Chem.
|    Theory Comput., 2012, 8 (5), pp1542-1555.
|
|  - Scott Le Grand; Andreas W. Goetz; Ross C. Walker
|    "SPFP: Speed without compromise - a mixed precision
|    model for GPU accelerated molecular dynamics
|    simulations.", Comp. Phys. Comm., 2013, 184
|    pp374-380, DOI: 10.1016/j.cpc.2012.09.022
|
|--------------------------------------------------------
 
|------------------- GPU DEVICE INFO --------------------
|
|            CUDA_VISIBLE_DEVICES: 4
|   CUDA Capable Devices Detected:      1
|           CUDA Device ID in use:      0
|                CUDA Device Name: GeForce GTX TITAN X
|     CUDA Device Global Mem Size:  12207 MB
| CUDA Device Num Multiprocessors:     24
|           CUDA Device Core Freq:   1.08 GHz
|
|--------------------------------------------------------
 
 
| Conditional Compilation Defines Used:
| PUBFFT
| BINTRAJ
| CUDA
| EMIL

| Largest sphere to fit in unit cell has radius =    21.056

| New format PARM file being parsed.
| Version =    1.000 Date = 04/23/18 Time = 19:56:22

| Note: 1-4 EEL scale factors are being read from the topology file.

| Note: 1-4 VDW scale factors are being read from the topology file.
| Duplicated    0 dihedrals

| Duplicated    0 dihedrals

--------------------------------------------------------------------------------
   1.  RESOURCE   USE: 
--------------------------------------------------------------------------------

 getting new box info from bottom of inpcrd
 NATOM  =    9221 NTYPES =      11 NBONH =    9065 MBONA  =     155
 NTHETH =     148 MTHETA =     231 NPHIH =     343 MPHIA  =     362
 NHPARM =       0 NPARM  =       0 NNB   =   13205 NRES   =    3022
 NBONA  =     155 NTHETA =     231 NPHIA =     362 NUMBND =      16
 NUMANG =      28 NPTRA  =      15 NATYP =      14 NPHB   =       0
 IFBOX  =       1 NMXRS  =     184 IFCAP =       0 NEXTRA =       0
 NCOPY  =       0

| Coordinate Index Table dimensions:     8    8   14
| Direct force subcell size =     5.2641    5.3276    5.0455

     BOX TYPE: RECTILINEAR

--------------------------------------------------------------------------------
   2.  CONTROL  DATA  FOR  THE  RUN
--------------------------------------------------------------------------------

default_name                                                                    

General flags:
     imin    =       0, nmropt  =       1

Nature and format of input:
     ntx     =       1, irest   =       0, ntrx    =       1

Nature and format of output:
     ntxo    =       1, ntpr    =     500, ntrx    =       1, ntwr    =     250
     iwrap   =       0, ntwx    =     250, ntwv    =       0, ntwe    =     500
     ioutfm  =       1, ntwprt  =     204, idecomp =       0, rbornstat=      0

Potential function:
     ntf     =       2, ntb     =       2, igb     =       0, nsnb    =      25
     ipol    =       0, gbsa    =       0, iesp    =       0
     dielc   =   1.00000, cut     =   9.00000, intdiel =   1.00000

Frozen or restrained atoms:
     ibelly  =       0, ntr     =       1
     restraint_wt =  50.00000

Molecular dynamics:
     nstlim  =    500000, nscm    =         0, nrespa  =         1
     t       =   0.00000, dt      =   0.00200, vlimit  =  -1.00000

Langevin dynamics temperature regulation:
     ig      =  110369
     temp0   = 298.15000, tempi   = 298.15000, gamma_ln=   1.00000

Pressure regulation:
     ntp     =       1
     pres0   =   1.00000, comp    =  44.60000, taup    =   1.00000
     Monte-Carlo Barostat:
     mcbarint  =     100

SHAKE:
     ntc     =       2, jfastw  =       0
     tol     =   0.00001

NMR refinement options:
     iscale  =       0, noeskp  =       1, ipnlty  =       1, mxsub   =       1
     scalm   = 100.00000, pencut  =  -1.00000, tausw   =   0.10000

| Intermolecular bonds treatment:
|     no_intermolecular_bonds =       1

| Energy averages sample interval:
|     ene_avg_sampling =     500

Ewald parameters:
     verbose =       0, ew_type =       0, nbflag  =       1, use_pme =       1
     vdwmeth =       1, eedmeth =       1, netfrc  =       1
     Box X =   42.113   Box Y =   42.620   Box Z =   70.636
     Alpha =   90.000   Beta  =   90.000   Gamma =   90.000
     NFFT1 =   48       NFFT2 =   48       NFFT3 =   72
     Cutoff=    9.000   Tol   =0.100E-04
     Ewald Coefficient =  0.30768
     Interpolation order =    4

    LOADING THE CONSTRAINED ATOMS AS GROUPS


   5.  REFERENCE ATOM COORDINATES

  default_name                                                                    
     Mask @DUM; matches     3 atoms
| MONTE CARLO BAROSTAT IMPORTANT NOTE:
|   The Monte-Carlo barostat does not require the virial to adjust the system volume.
|   Since it is an expensive calculation, it is skipped for efficiency. A side-effect
|   is that the reported pressure is always 0 because it is not calculated.

--------------------------------------------------------------------------------
   3.  ATOMIC COORDINATES AND VELOCITIES
--------------------------------------------------------------------------------

default_name                                                                    
 begin time read from input coords =     0.000 ps



           Begin reading energy term weight changes/NMR restraints
 WEIGHT CHANGES:
                         ** No weight changes given **

 RESTRAINTS:
 Requested file redirections:
  DISANG    = disang.rest
  LISTOUT   = POUT
 Restraints will be read from file: disang.rest
Here are comments from the DISANG input file:

                       Number of restraints read =     9

                  Done reading weight changes/NMR restraints


 
 Number of triangulated 3-point waters found:     3000

     Sum of charges from parm topology file =   0.00000002
     Forcing neutrality...

| Dynamic Memory, Types Used:
| Reals              528869
| Integers           283979

| Nonbonded Pairs Initial Allocation:     2102388

| GPU memory information (estimate):
| KB of GPU memory in use:         0
| KB of CPU memory in use:         0

--------------------------------------------------------------------------------
   4.  RESULTS
--------------------------------------------------------------------------------


 NSTEP =        0   TIME(PS) =       0.000  TEMP(K) =   444.07  PRESS =     0.0
 Etot   =    -30736.5045  EKtot   =      8205.9860  EPtot      =    -38942.4905
 BOND   =        13.9758  ANGLE   =        52.5998  DIHED      =       105.6783
 1-4 NB =        64.7712  1-4 EEL =        62.6976  VDWAALS    =      6227.8241
 EELEC  =    -45470.8702  EHBOND  =         0.0000  RESTRAINT  =         0.8329
 EAMBER (non-restraint)  =    -38943.3234
 EKCMT  =         0.0000  VIRIAL  =         0.0000  VOLUME     =    126782.4697
                                                    Density    =         0.7459
 ------------------------------------------------------------------------------

 NMR restraints: Bond =    0.168   Angle =     0.450   Torsion =     0.167
===============================================================================

 NSTEP =      500   TIME(PS) =       1.000  TEMP(K) =   263.88  PRESS =     0.0
 Etot   =    -25831.5549  EKtot   =      4876.2778  EPtot      =    -30707.8328
 BOND   =        41.6074  ANGLE   =       105.7503  DIHED      =       135.4698
 1-4 NB =        76.9489  1-4 EEL =        61.1164  VDWAALS    =      4800.3725
 EELEC  =    -35937.2751  EHBOND  =         0.0000  RESTRAINT  =         8.1772
 EAMBER (non-restraint)  =    -30716.0099
 EKCMT  =         0.0000  VIRIAL  =         0.0000  VOLUME     =    126276.4976
                                                    Density    =         0.7489
 ------------------------------------------------------------------------------

 NMR restraints: Bond =    0.355   Angle =     1.826   Torsion =     0.462
===============================================================================

 NSTEP =     1000   TIME(PS) =       2.000  TEMP(K) =   282.64  PRESS =     0.0
 Etot   =    -25211.5999  EKtot   =      5222.9590  EPtot      =    -30434.5589
 BOND   =        51.0545  ANGLE   =       106.8187  DIHED      =       142.5563
 1-4 NB =        77.3826  1-4 EEL =        62.2717  VDWAALS    =      4290.7966
 EELEC  =    -35173.6021  EHBOND  =         0.0000  RESTRAINT  =         8.1628
 EAMBER (non-restraint)  =    -30442.7217
 EKCMT  =         0.0000  VIRIAL  =         0.0000  VOLUME     =    124086.7120
                                                    Density    =         0.7621
 ------------------------------------------------------------------------------

 NMR restraints: Bond =    4.056   Angle =     1.144   Torsion =     0.446
===============================================================================

 NSTEP =     1500   TIME(PS) =       3.000  TEMP(K) =   288.63  PRESS =     0.0
 Etot   =    -24807.6256  EKtot   =      5333.5386  EPtot      =    -30141.1642
 BOND   =        45.6817  ANGLE   =       105.6849  DIHED      =       134.5707
 1-4 NB =        80.5570  1-4 EEL =        61.6551  VDWAALS    =      4199.5686
 EELEC  =    -34776.3623  EHBOND  =         0.0000  RESTRAINT  =         7.4801
 EAMBER (non-restraint)  =    -30148.6443
 EKCMT  =         0.0000  VIRIAL  =         0.0000  VOLUME     =    122358.4524
                                                    Density    =         0.7728
 ------------------------------------------------------------------------------

 NMR restraints: Bond =    1.199   Angle =     2.851   Torsion =     0.166
===============================================================================

 NSTEP =     2000   TIME(PS) =       4.000  TEMP(K) =   298.38  PRESS =     0.0
 Etot   =    -24488.0102  EKtot   =      5513.7456  EPtot      =    -30001.7559
 BOND   =        53.6123  ANGLE   =       112.1375  DIHED      =       137.0274
 1-4 NB =        76.2108  1-4 EEL =        61.3459  VDWAALS    =      4341.6193
 EELEC  =    -34789.0785  EHBOND  =         0.0000  RESTRAINT  =         5.3694
 EAMBER (non-restraint)  =    -30007.1253
 EKCMT  =         0.0000  VIRIAL  =         0.0000  VOLUME     =    121299.5995
                                                    Density    =         0.7796
 ------------------------------------------------------------------------------

 NMR restraints: Bond =    0.163   Angle =     1.441   Torsion =     1.038
===============================================================================

 NSTEP =     2500   TIME(PS) =       5.000  TEMP(K) =   302.61  PRESS =     0.0
 Etot   =    -24469.4341  EKtot   =      5591.8760  EPtot      =    -30061.3101
 BOND   =        50.7007  ANGLE   =       111.2417  DIHED      =       135.2201
 1-4 NB =        74.8017  1-4 EEL =        63.0665  VDWAALS    =      4074.7542
 EELEC  =    -34582.7677  EHBOND  =         0.0000  RESTRAINT  =        11.6725
 EAMBER (non-restraint)  =    -30072.9827
 EKCMT  =         0.0000  VIRIAL  =         0.0000  VOLUME     =    120006.9737
                                                    Density    =         0.7880
 ------------------------------------------------------------------------------

 NMR restraints: Bond =    1.108   Angle =     2.270   Torsion =     2.863
===============================================================================

 NSTEP =     3000   TIME(PS) =       6.000  TEMP(K) =   298.23  PRESS =     0.0
 Etot   =    -24657.2516  EKtot   =      5511.0493  EPtot      =    -30168.3009
 BOND   =        51.7134  ANGLE   =        89.8823  DIHED      =       128.8856
 1-4 NB =        76.1393  1-4 EEL =        61.1759  VDWAALS    =      4189.4981
 EELEC  =    -34772.9759  EHBOND  =         0.0000  RESTRAINT  =         7.3804
 EAMBER (non-restraint)  =    -30175.6813
 EKCMT  =         0.0000  VIRIAL  =         0.0000  VOLUME     =    119357.7756
                                                    Density    =         0.7923
 ------------------------------------------------------------------------------

 NMR restraints: Bond =    0.726   Angle =     1.636   Torsion =     0.885
===============================================================================

 NSTEP =     3500   TIME(PS) =       7.000  TEMP(K) =   305.31  PRESS =     0.0
 Etot   =    -24468.7884  EKtot   =      5641.8647  EPtot      =    -30110.6532
 BOND   =        51.3704  ANGLE   =       100.7458  DIHED      =       134.1605
 1-4 NB =        76.3392  1-4 EEL =        63.6778  VDWAALS    =      4658.1911
 EELEC  =    -35199.0730  EHBOND  =         0.0000  RESTRAINT  =         3.9350
 EAMBER (non-restraint)  =    -30114.5882
 EKCMT  =         0.0000  VIRIAL  =         0.0000  VOLUME     =    118174.7112
                                                    Density    =         0.8002
 ------------------------------------------------------------------------------

 NMR restraints: Bond =    0.998   Angle =     0.735   Torsion =     1.540
===============================================================================

 NSTEP =     4000   TIME(PS) =       8.000  TEMP(K) =   300.67  PRESS =     0.0
 Etot   =    -24667.7729  EKtot   =      5556.0483  EPtot      =    -30223.8212
 BOND   =        56.7662  ANGLE   =       106.2623  DIHED      =       136.1722
 1-4 NB =        80.1230  1-4 EEL =        63.1359  VDWAALS    =      4140.5287
 EELEC  =    -34813.6683  EHBOND  =         0.0000  RESTRAINT  =         6.8589
 EAMBER (non-restraint)  =    -30230.6801
 EKCMT  =         0.0000  VIRIAL  =         0.0000  VOLUME     =    116205.5438
                                                    Density    =         0.8138
 ------------------------------------------------------------------------------

 NMR restraints: Bond =    0.322   Angle =     0.829   Torsion =     1.888
===============================================================================

 NSTEP =     4500   TIME(PS) =       9.000  TEMP(K) =   301.02  PRESS =     0.0
 Etot   =    -24707.8461  EKtot   =      5562.4814  EPtot      =    -30270.3276
 BOND   =        65.4996  ANGLE   =       110.9844  DIHED      =       141.6685
 1-4 NB =        74.3354  1-4 EEL =        63.3524  VDWAALS    =      4212.4958
 EELEC  =    -34942.5636  EHBOND  =         0.0000  RESTRAINT  =         3.8999
 EAMBER (non-restraint)  =    -30274.2275
 EKCMT  =         0.0000  VIRIAL  =         0.0000  VOLUME     =    115219.9036
                                                    Density    =         0.8207
 ------------------------------------------------------------------------------

 NMR restraints: Bond =    0.472   Angle =     0.834   Torsion =     1.449
===============================================================================

 NSTEP =     5000   TIME(PS) =      10.000  TEMP(K) =   295.00  PRESS =     0.0
 Etot   =    -24667.5237  EKtot   =      5451.3071  EPtot      =    -30118.8309
 BOND   =        57.1177  ANGLE   =       103.7467  DIHED      =       140.9265
 1-4 NB =        74.1046  1-4 EEL =        58.3938  VDWAALS    =      4138.0290
 EELEC  =    -34701.2036  EHBOND  =         0.0000  RESTRAINT  =        10.0544
 EAMBER (non-restraint)  =    -30128.8853
 EKCMT  =         0.0000  VIRIAL  =         0.0000  VOLUME     =    115223.9973
                                                    Density    =         0.8207
 ------------------------------------------------------------------------------

 NMR restraints: Bond =    1.140   Angle =     2.034   Torsion =     0.901
===============================================================================

 NSTEP =     5500   TIME(PS) =      11.000  TEMP(K) =   300.42  PRESS =     0.0
 Etot   =    -24773.3939  EKtot   =      5551.4580  EPtot      =    -30324.8519
 BOND   =        58.9382  ANGLE   =        95.4037  DIHED      =       136.0140
 1-4 NB =        78.2585  1-4 EEL =        60.1703  VDWAALS    =      4296.4995
 EELEC  =    -35059.0948  EHBOND  =         0.0000  RESTRAINT  =         8.9588
 EAMBER (non-restraint)  =    -30333.8106
 EKCMT  =         0.0000  VIRIAL  =         0.0000  VOLUME     =    113468.6753
                                                    Density    =         0.8334
 ------------------------------------------------------------------------------

 NMR restraints: Bond =    3.319   Angle =     1.111   Torsion =     3.558
===============================================================================

 NSTEP =     6000   TIME(PS) =      12.000  TEMP(K) =   298.73  PRESS =     0.0
 Etot   =    -24968.6698  EKtot   =      5520.1909  EPtot      =    -30488.8608
 BOND   =        60.1965  ANGLE   =       115.3034  DIHED      =       138.9527
 1-4 NB =        72.8137  1-4 EEL =        63.4031  VDWAALS    =      4100.9822
 EELEC  =    -35046.8445  EHBOND  =         0.0000  RESTRAINT  =         6.3322
 EAMBER (non-restraint)  =    -30495.1930
 EKCMT  =         0.0000  VIRIAL  =         0.0000  VOLUME     =    111396.5031
                                                    Density    =         0.8489
 ------------------------------------------------------------------------------

 NMR restraints: Bond =    2.263   Angle =     1.385   Torsion =     0.270
===============================================================================

 NSTEP =     6500   TIME(PS) =      13.000  TEMP(K) =   291.82  PRESS =     0.0
 Etot   =    -25095.5431  EKtot   =      5392.4326  EPtot      =    -30487.9757
 BOND   =        52.5122  ANGLE   =       111.5844  DIHED      =       139.1367
 1-4 NB =        79.4444  1-4 EEL =        60.6626  VDWAALS    =      4115.8278
 EELEC  =    -35054.7654  EHBOND  =         0.0000  RESTRAINT  =         7.6215
 EAMBER (non-restraint)  =    -30495.5972
 EKCMT  =         0.0000  VIRIAL  =         0.0000  VOLUME     =    110319.3684
                                                    Density    =         0.8572
 ------------------------------------------------------------------------------

 NMR restraints: Bond =    1.178   Angle =     2.197   Torsion =     0.947
===============================================================================

 NSTEP =     7000   TIME(PS) =      14.000  TEMP(K) =   295.91  PRESS =     0.0
 Etot   =    -25159.3939  EKtot   =      5468.1626  EPtot      =    -30627.5565
 BOND   =        52.8862  ANGLE   =       110.3366  DIHED      =       146.2385
 1-4 NB =        74.9167  1-4 EEL =        60.9279  VDWAALS    =      4355.0208
 EELEC  =    -35434.0193  EHBOND  =         0.0000  RESTRAINT  =         6.1361
 EAMBER (non-restraint)  =    -30633.6927
 EKCMT  =         0.0000  VIRIAL  =         0.0000  VOLUME     =    108716.4892
                                                    Density    =         0.8698
 ------------------------------------------------------------------------------

 NMR restraints: Bond =    1.773   Angle =     0.839   Torsion =     0.330
===============================================================================

 NSTEP =     7500   TIME(PS) =      15.000  TEMP(K) =   289.96  PRESS =     0.0
 Etot   =    -25008.2840  EKtot   =      5358.1245  EPtot      =    -30366.4085
 BOND   =        49.3283  ANGLE   =       112.3393  DIHED      =       137.6573
 1-4 NB =        80.2152  1-4 EEL =        64.7267  VDWAALS    =      4152.2017
 EELEC  =    -34968.8388  EHBOND  =         0.0000  RESTRAINT  =         5.9617
 EAMBER (non-restraint)  =    -30372.3702
 EKCMT  =         0.0000  VIRIAL  =         0.0000  VOLUME     =    107708.4112
                                                    Density    =         0.8780
 ------------------------------------------------------------------------------

 NMR restraints: Bond =    0.583   Angle =     1.482   Torsion =     1.709
===============================================================================

 NSTEP =     8000   TIME(PS) =      16.000  TEMP(K) =   300.66  PRESS =     0.0
 Etot   =    -24916.9761  EKtot   =      5555.8262  EPtot      =    -30472.8023
 BOND   =        47.9565  ANGLE   =       110.6728  DIHED      =       131.6212
 1-4 NB =        72.4486  1-4 EEL =        65.2427  VDWAALS    =      4184.6197
 EELEC  =    -35087.9352  EHBOND  =         0.0000  RESTRAINT  =         2.5715
 EAMBER (non-restraint)  =    -30475.3737
 EKCMT  =         0.0000  VIRIAL  =         0.0000  VOLUME     =    106103.4707
                                                    Density    =         0.8912
 ------------------------------------------------------------------------------

 NMR restraints: Bond =    0.054   Angle =     1.024   Torsion =     0.829
===============================================================================
