
          -------------------------------------------------------
          Amber 18 PMEMD                              2018
          -------------------------------------------------------

| PMEMD implementation of SANDER, Release 18

| Run on 05/02/2018 at 10:33:53

|   Executable path: pmemd.cuda
| Working directory: /oasis/tscc/scratch/davids4/SAMPLing-cut9/11499250.tscc-mgr.local
|          Hostname: tscc-gpu-8-5.sdsc.edu

  [-O]verwriting output

File Assignments:
|   MDIN: equil.000.in                                                          
|  MDOUT: equil.000.out                                                         
| INPCRD: minimize.rst7                                                         
|   PARM: solvate.prmtop                                                        
| RESTRT: equil.000.rst7                                                        
|   REFC: solvate.rst7                                                          
|  MDVEL: mdvel                                                                 
|   MDEN: equil.000.mden                                                        
|  MDCRD: equil.000.nc                                                          
| MDINFO: equil.000.mdinfo                                                      
|  MDFRC: mdfrc                                                                 


 Here is the input file:

PBC MD Simulation                                                              
 &cntrl                                                                        
  imin =          0,                                                           
  ntx =           1,                                                           
  irest =         0,                                                           
  maxcyc =        0,                                                           
  ncyc =          0,                                                           
  dt =            0.002,                                                       
  nstlim =        500000,                                                      
  ntpr =          500,                                                         
  ntwe =          500,                                                         
  ntwr =          250,                                                         
  ntwx =          250,                                                         
  ntxo =          1,                                                           
  ioutfm =        1,                                                           
  ntf =           2,                                                           
  ntc =           2,                                                           
  cut =           9.0,                                                         
  igb =           0,                                                           
  tempi =         298.15,                                                      
  temp0 =         298.15,                                                      
  ntt =           3,                                                           
  gamma_ln =      1.0,                                                         
  ig =            -1,                                                          
  ntp =           1,                                                           
  barostat =      2,                                                           
  ntr =           1,                                                           
  restraint_wt =  50.0,                                                        
  restraintmask = '@DUM',                                                      
  nmropt =        1,                                                           
  pencut =        -1,                                                          
  ntwprt =        204,                                                         
 /                                                                             
 &wt type = 'END', /                                                           
DISANG = disang.rest                                                           
LISTOUT = POUT                                                                 
                                                                               


Note: ig = -1. Setting random seed to   761257 based on wallclock time in 
      microseconds.
| irandom = 1, using AMBER's internal random number generator (default).
 
|--------------------- INFORMATION ----------------------
| GPU (CUDA) Version of PMEMD in use: NVIDIA GPU IN USE.
|                    Version 18.0.0
| 
|                      03/25/2018
| 
| Implementation by:
|                    Ross C. Walker     (SDSC)
|                    Scott Le Grand     (nVIDIA)
| 
| Version 18 performance extensions by:
|                    David Cerutti     (Rutgers)
| 
| Precision model in use:
|      [SPFP] - Single Precision Forces, 64-bit Fixed Point
|               Accumulation. (Default)
| 
|--------------------------------------------------------
 
|----------------- CITATION INFORMATION -----------------
|
|    When publishing work that utilized the CUDA version
|    of AMBER, please cite the following in addition to
|    the regular AMBER citations:
|
|  - Romelia Salomon-Ferrer; Andreas W. Goetz; Duncan
|    Poole; Scott Le Grand; Ross C. Walker "Routine
|    microsecond molecular dynamics simulations with
|    AMBER - Part II: Particle Mesh Ewald", J. Chem.
|    Theory Comput., 2013, 9 (9), pp3878-3888,
|    DOI: 10.1021/ct400314y.
|
|  - Andreas W. Goetz; Mark J. Williamson; Dong Xu;
|    Duncan Poole; Scott Le Grand; Ross C. Walker
|    "Routine microsecond molecular dynamics simulations
|    with AMBER - Part I: Generalized Born", J. Chem.
|    Theory Comput., 2012, 8 (5), pp1542-1555.
|
|  - Scott Le Grand; Andreas W. Goetz; Ross C. Walker
|    "SPFP: Speed without compromise - a mixed precision
|    model for GPU accelerated molecular dynamics
|    simulations.", Comp. Phys. Comm., 2013, 184
|    pp374-380, DOI: 10.1016/j.cpc.2012.09.022
|
|--------------------------------------------------------
 
|------------------- GPU DEVICE INFO --------------------
|
|            CUDA_VISIBLE_DEVICES: 2
|   CUDA Capable Devices Detected:      1
|           CUDA Device ID in use:      0
|                CUDA Device Name: GeForce GTX TITAN X
|     CUDA Device Global Mem Size:  12207 MB
| CUDA Device Num Multiprocessors:     24
|           CUDA Device Core Freq:   1.08 GHz
|
|--------------------------------------------------------
 
 
| Conditional Compilation Defines Used:
| PUBFFT
| BINTRAJ
| CUDA
| EMIL

| Largest sphere to fit in unit cell has radius =    21.056

| New format PARM file being parsed.
| Version =    1.000 Date = 04/23/18 Time = 19:56:33

| Note: 1-4 EEL scale factors are being read from the topology file.

| Note: 1-4 VDW scale factors are being read from the topology file.
| Duplicated    0 dihedrals

| Duplicated    0 dihedrals

--------------------------------------------------------------------------------
   1.  RESOURCE   USE: 
--------------------------------------------------------------------------------

 getting new box info from bottom of inpcrd
 NATOM  =    9221 NTYPES =      11 NBONH =    9065 MBONA  =     155
 NTHETH =     148 MTHETA =     231 NPHIH =     343 MPHIA  =     362
 NHPARM =       0 NPARM  =       0 NNB   =   13205 NRES   =    3022
 NBONA  =     155 NTHETA =     231 NPHIA =     362 NUMBND =      16
 NUMANG =      28 NPTRA  =      15 NATYP =      14 NPHB   =       0
 IFBOX  =       1 NMXRS  =     184 IFCAP =       0 NEXTRA =       0
 NCOPY  =       0

| Coordinate Index Table dimensions:     8    8   14
| Direct force subcell size =     5.2641    5.3276    5.0501

     BOX TYPE: RECTILINEAR

--------------------------------------------------------------------------------
   2.  CONTROL  DATA  FOR  THE  RUN
--------------------------------------------------------------------------------

default_name                                                                    

General flags:
     imin    =       0, nmropt  =       1

Nature and format of input:
     ntx     =       1, irest   =       0, ntrx    =       1

Nature and format of output:
     ntxo    =       1, ntpr    =     500, ntrx    =       1, ntwr    =     250
     iwrap   =       0, ntwx    =     250, ntwv    =       0, ntwe    =     500
     ioutfm  =       1, ntwprt  =     204, idecomp =       0, rbornstat=      0

Potential function:
     ntf     =       2, ntb     =       2, igb     =       0, nsnb    =      25
     ipol    =       0, gbsa    =       0, iesp    =       0
     dielc   =   1.00000, cut     =   9.00000, intdiel =   1.00000

Frozen or restrained atoms:
     ibelly  =       0, ntr     =       1
     restraint_wt =  50.00000

Molecular dynamics:
     nstlim  =    500000, nscm    =         0, nrespa  =         1
     t       =   0.00000, dt      =   0.00200, vlimit  =  -1.00000

Langevin dynamics temperature regulation:
     ig      =  761257
     temp0   = 298.15000, tempi   = 298.15000, gamma_ln=   1.00000

Pressure regulation:
     ntp     =       1
     pres0   =   1.00000, comp    =  44.60000, taup    =   1.00000
     Monte-Carlo Barostat:
     mcbarint  =     100

SHAKE:
     ntc     =       2, jfastw  =       0
     tol     =   0.00001

NMR refinement options:
     iscale  =       0, noeskp  =       1, ipnlty  =       1, mxsub   =       1
     scalm   = 100.00000, pencut  =  -1.00000, tausw   =   0.10000

| Intermolecular bonds treatment:
|     no_intermolecular_bonds =       1

| Energy averages sample interval:
|     ene_avg_sampling =     500

Ewald parameters:
     verbose =       0, ew_type =       0, nbflag  =       1, use_pme =       1
     vdwmeth =       1, eedmeth =       1, netfrc  =       1
     Box X =   42.113   Box Y =   42.620   Box Z =   70.701
     Alpha =   90.000   Beta  =   90.000   Gamma =   90.000
     NFFT1 =   48       NFFT2 =   48       NFFT3 =   72
     Cutoff=    9.000   Tol   =0.100E-04
     Ewald Coefficient =  0.30768
     Interpolation order =    4

    LOADING THE CONSTRAINED ATOMS AS GROUPS


   5.  REFERENCE ATOM COORDINATES

  default_name                                                                    
     Mask @DUM; matches     3 atoms
| MONTE CARLO BAROSTAT IMPORTANT NOTE:
|   The Monte-Carlo barostat does not require the virial to adjust the system volume.
|   Since it is an expensive calculation, it is skipped for efficiency. A side-effect
|   is that the reported pressure is always 0 because it is not calculated.

--------------------------------------------------------------------------------
   3.  ATOMIC COORDINATES AND VELOCITIES
--------------------------------------------------------------------------------

default_name                                                                    
 begin time read from input coords =     0.000 ps



           Begin reading energy term weight changes/NMR restraints
 WEIGHT CHANGES:
                         ** No weight changes given **

 RESTRAINTS:
 Requested file redirections:
  DISANG    = disang.rest
  LISTOUT   = POUT
 Restraints will be read from file: disang.rest
Here are comments from the DISANG input file:

                       Number of restraints read =     9

                  Done reading weight changes/NMR restraints


 
 Number of triangulated 3-point waters found:     3000

     Sum of charges from parm topology file =   0.00000002
     Forcing neutrality...

| Dynamic Memory, Types Used:
| Reals              528869
| Integers           283979

| Nonbonded Pairs Initial Allocation:     2102388

| GPU memory information (estimate):
| KB of GPU memory in use:         0
| KB of CPU memory in use:         0

--------------------------------------------------------------------------------
   4.  RESULTS
--------------------------------------------------------------------------------


 NSTEP =        0   TIME(PS) =       0.000  TEMP(K) =   441.09  PRESS =     0.0
 Etot   =    -30932.2873  EKtot   =      8150.9125  EPtot      =    -39083.1998
 BOND   =        11.2896  ANGLE   =        57.5393  DIHED      =       106.6388
 1-4 NB =        66.3311  1-4 EEL =        63.3134  VDWAALS    =      6252.1762
 EELEC  =    -45641.6745  EHBOND  =         0.0000  RESTRAINT  =         1.1864
 EAMBER (non-restraint)  =    -39084.3862
 EKCMT  =         0.0000  VIRIAL  =         0.0000  VOLUME     =    126898.0982
                                                    Density    =         0.7452
 ------------------------------------------------------------------------------

 NMR restraints: Bond =    0.768   Angle =     0.272   Torsion =     0.101
===============================================================================

 NSTEP =      500   TIME(PS) =       1.000  TEMP(K) =   258.82  PRESS =     0.0
 Etot   =    -25862.0114  EKtot   =      4782.6538  EPtot      =    -30644.6652
 BOND   =        54.8108  ANGLE   =       101.2426  DIHED      =       137.0923
 1-4 NB =        72.1859  1-4 EEL =        61.3701  VDWAALS    =      4619.6348
 EELEC  =    -35695.7452  EHBOND  =         0.0000  RESTRAINT  =         4.7435
 EAMBER (non-restraint)  =    -30649.4088
 EKCMT  =         0.0000  VIRIAL  =         0.0000  VOLUME     =    125747.3892
                                                    Density    =         0.7520
 ------------------------------------------------------------------------------

 NMR restraints: Bond =    0.235   Angle =     1.314   Torsion =     0.832
===============================================================================

 NSTEP =     1000   TIME(PS) =       2.000  TEMP(K) =   282.60  PRESS =     0.0
 Etot   =    -25044.3437  EKtot   =      5222.0645  EPtot      =    -30266.4082
 BOND   =        41.1255  ANGLE   =        99.8680  DIHED      =       142.0065
 1-4 NB =        78.4974  1-4 EEL =        67.3379  VDWAALS    =      4632.0476
 EELEC  =    -35331.3356  EHBOND  =         0.0000  RESTRAINT  =         4.0445
 EAMBER (non-restraint)  =    -30270.4526
 EKCMT  =         0.0000  VIRIAL  =         0.0000  VOLUME     =    124655.7275
                                                    Density    =         0.7586
 ------------------------------------------------------------------------------

 NMR restraints: Bond =    0.666   Angle =     1.226   Torsion =     1.090
===============================================================================

 NSTEP =     1500   TIME(PS) =       3.000  TEMP(K) =   291.94  PRESS =     0.0
 Etot   =    -24675.5254  EKtot   =      5394.7666  EPtot      =    -30070.2920
 BOND   =        52.7296  ANGLE   =        97.0323  DIHED      =       141.3482
 1-4 NB =        74.3428  1-4 EEL =        61.4849  VDWAALS    =      4300.2499
 EELEC  =    -34803.5998  EHBOND  =         0.0000  RESTRAINT  =         6.1202
 EAMBER (non-restraint)  =    -30076.4121
 EKCMT  =         0.0000  VIRIAL  =         0.0000  VOLUME     =    123500.7290
                                                    Density    =         0.7657
 ------------------------------------------------------------------------------

 NMR restraints: Bond =    1.861   Angle =     2.553   Torsion =     0.305
===============================================================================

 NSTEP =     2000   TIME(PS) =       4.000  TEMP(K) =   290.50  PRESS =     0.0
 Etot   =    -24574.8104  EKtot   =      5368.0449  EPtot      =    -29942.8553
 BOND   =        46.7884  ANGLE   =       119.3982  DIHED      =       137.7299
 1-4 NB =        77.0430  1-4 EEL =        65.5823  VDWAALS    =      4131.8676
 EELEC  =    -34530.2012  EHBOND  =         0.0000  RESTRAINT  =         8.9365
 EAMBER (non-restraint)  =    -29951.7918
 EKCMT  =         0.0000  VIRIAL  =         0.0000  VOLUME     =    122949.5669
                                                    Density    =         0.7691
 ------------------------------------------------------------------------------

 NMR restraints: Bond =    2.074   Angle =     2.167   Torsion =     0.458
===============================================================================

 NSTEP =     2500   TIME(PS) =       5.000  TEMP(K) =   299.52  PRESS =     0.0
 Etot   =    -24569.3738  EKtot   =      5534.8037  EPtot      =    -30104.1775
 BOND   =        56.7834  ANGLE   =       110.1059  DIHED      =       132.3317
 1-4 NB =        74.4061  1-4 EEL =        63.1017  VDWAALS    =      4229.4950
 EELEC  =    -34777.5804  EHBOND  =         0.0000  RESTRAINT  =         7.1791
 EAMBER (non-restraint)  =    -30111.3565
 EKCMT  =         0.0000  VIRIAL  =         0.0000  VOLUME     =    122772.9103
                                                    Density    =         0.7702
 ------------------------------------------------------------------------------

 NMR restraints: Bond =    2.839   Angle =     2.219   Torsion =     0.654
===============================================================================

 NSTEP =     3000   TIME(PS) =       6.000  TEMP(K) =   300.12  PRESS =     0.0
 Etot   =    -24599.3426  EKtot   =      5545.9287  EPtot      =    -30145.2713
 BOND   =        51.1008  ANGLE   =       100.8761  DIHED      =       139.7106
 1-4 NB =        74.5843  1-4 EEL =        60.3920  VDWAALS    =      4294.3885
 EELEC  =    -34872.0242  EHBOND  =         0.0000  RESTRAINT  =         5.7006
 EAMBER (non-restraint)  =    -30150.9719
 EKCMT  =         0.0000  VIRIAL  =         0.0000  VOLUME     =    121967.6122
                                                    Density    =         0.7753
 ------------------------------------------------------------------------------

 NMR restraints: Bond =    0.476   Angle =     1.339   Torsion =     1.077
===============================================================================

 NSTEP =     3500   TIME(PS) =       7.000  TEMP(K) =   294.21  PRESS =     0.0
 Etot   =    -24629.2356  EKtot   =      5436.6763  EPtot      =    -30065.9119
 BOND   =        49.2725  ANGLE   =        98.1979  DIHED      =       128.9585
 1-4 NB =        77.6497  1-4 EEL =        60.5527  VDWAALS    =      4226.4112
 EELEC  =    -34713.4286  EHBOND  =         0.0000  RESTRAINT  =         6.4742
 EAMBER (non-restraint)  =    -30072.3861
 EKCMT  =         0.0000  VIRIAL  =         0.0000  VOLUME     =    121967.6122
                                                    Density    =         0.7753
 ------------------------------------------------------------------------------

 NMR restraints: Bond =    1.839   Angle =     2.930   Torsion =     0.366
===============================================================================

 NSTEP =     4000   TIME(PS) =       8.000  TEMP(K) =   295.18  PRESS =     0.0
 Etot   =    -24707.2324  EKtot   =      5454.6914  EPtot      =    -30161.9238
 BOND   =        48.1277  ANGLE   =       108.5523  DIHED      =       135.3133
 1-4 NB =        73.5851  1-4 EEL =        60.0316  VDWAALS    =      4240.9621
 EELEC  =    -34833.1924  EHBOND  =         0.0000  RESTRAINT  =         4.6964
 EAMBER (non-restraint)  =    -30166.6202
 EKCMT  =         0.0000  VIRIAL  =         0.0000  VOLUME     =    120207.2812
                                                    Density    =         0.7867
 ------------------------------------------------------------------------------

 NMR restraints: Bond =    1.495   Angle =     1.600   Torsion =     0.345
===============================================================================

 NSTEP =     4500   TIME(PS) =       9.000  TEMP(K) =   301.26  PRESS =     0.0
 Etot   =    -24700.6403  EKtot   =      5566.9087  EPtot      =    -30267.5489
 BOND   =        49.4770  ANGLE   =        95.2800  DIHED      =       141.1259
 1-4 NB =        79.5633  1-4 EEL =        60.8143  VDWAALS    =      4106.9137
 EELEC  =    -34803.8928  EHBOND  =         0.0000  RESTRAINT  =         3.1696
 EAMBER (non-restraint)  =    -30270.7186
 EKCMT  =         0.0000  VIRIAL  =         0.0000  VOLUME     =    118813.0084
                                                    Density    =         0.7959
 ------------------------------------------------------------------------------

 NMR restraints: Bond =    0.499   Angle =     1.543   Torsion =     0.223
===============================================================================

 NSTEP =     5000   TIME(PS) =      10.000  TEMP(K) =   292.08  PRESS =     0.0
 Etot   =    -24856.1021  EKtot   =      5397.3521  EPtot      =    -30253.4541
 BOND   =        46.8124  ANGLE   =        96.8321  DIHED      =       139.3765
 1-4 NB =        79.2538  1-4 EEL =        58.4220  VDWAALS    =      4227.2134
 EELEC  =    -34904.7614  EHBOND  =         0.0000  RESTRAINT  =         3.3971
 EAMBER (non-restraint)  =    -30256.8512
 EKCMT  =         0.0000  VIRIAL  =         0.0000  VOLUME     =    118294.7891
                                                    Density    =         0.7994
 ------------------------------------------------------------------------------

 NMR restraints: Bond =    0.780   Angle =     0.951   Torsion =     0.301
===============================================================================

 NSTEP =     5500   TIME(PS) =      11.000  TEMP(K) =   294.66  PRESS =     0.0
 Etot   =    -24700.5230  EKtot   =      5444.9580  EPtot      =    -30145.4811
 BOND   =        58.8875  ANGLE   =       104.8626  DIHED      =       134.5860
 1-4 NB =        76.2089  1-4 EEL =        58.4655  VDWAALS    =      4296.0805
 EELEC  =    -34880.0957  EHBOND  =         0.0000  RESTRAINT  =         5.5237
 EAMBER (non-restraint)  =    -30151.0047
 EKCMT  =         0.0000  VIRIAL  =         0.0000  VOLUME     =    116831.2575
                                                    Density    =         0.8094
 ------------------------------------------------------------------------------

 NMR restraints: Bond =    0.896   Angle =     0.923   Torsion =     1.304
===============================================================================

 NSTEP =     6000   TIME(PS) =      12.000  TEMP(K) =   296.19  PRESS =     0.0
 Etot   =    -24761.2767  EKtot   =      5473.2886  EPtot      =    -30234.5653
 BOND   =        45.9156  ANGLE   =       114.3458  DIHED      =       130.4237
 1-4 NB =        75.3289  1-4 EEL =        59.9097  VDWAALS    =      4362.5754
 EELEC  =    -35027.9257  EHBOND  =         0.0000  RESTRAINT  =         4.8611
 EAMBER (non-restraint)  =    -30239.4264
 EKCMT  =         0.0000  VIRIAL  =         0.0000  VOLUME     =    116831.2575
                                                    Density    =         0.8094
 ------------------------------------------------------------------------------

 NMR restraints: Bond =    0.646   Angle =     2.558   Torsion =     0.135
===============================================================================

 NSTEP =     6500   TIME(PS) =      13.000  TEMP(K) =   299.34  PRESS =     0.0
 Etot   =    -24653.7661  EKtot   =      5531.4058  EPtot      =    -30185.1718
 BOND   =        45.6914  ANGLE   =       113.5267  DIHED      =       125.2828
 1-4 NB =        78.0894  1-4 EEL =        62.3553  VDWAALS    =      4185.7982
 EELEC  =    -34801.2799  EHBOND  =         0.0000  RESTRAINT  =         5.3644
 EAMBER (non-restraint)  =    -30190.5362
 EKCMT  =         0.0000  VIRIAL  =         0.0000  VOLUME     =    116510.6962
                                                    Density    =         0.8116
 ------------------------------------------------------------------------------

 NMR restraints: Bond =    1.634   Angle =     2.458   Torsion =     0.140
===============================================================================

 NSTEP =     7000   TIME(PS) =      14.000  TEMP(K) =   300.42  PRESS =     0.0
 Etot   =    -24730.4017  EKtot   =      5551.3521  EPtot      =    -30281.7538
 BOND   =        55.1000  ANGLE   =        99.7100  DIHED      =       136.7458
 1-4 NB =        74.4843  1-4 EEL =        63.3318  VDWAALS    =      4483.0483
 EELEC  =    -35196.9999  EHBOND  =         0.0000  RESTRAINT  =         2.8259
 EAMBER (non-restraint)  =    -30284.5797
 EKCMT  =         0.0000  VIRIAL  =         0.0000  VOLUME     =    114430.1510
                                                    Density    =         0.8264
 ------------------------------------------------------------------------------

 NMR restraints: Bond =    0.225   Angle =     0.708   Torsion =     0.907
===============================================================================

 NSTEP =     7500   TIME(PS) =      15.000  TEMP(K) =   305.37  PRESS =     0.0
 Etot   =    -24839.6853  EKtot   =      5642.9609  EPtot      =    -30482.6463
 BOND   =        55.6599  ANGLE   =       102.7655  DIHED      =       133.3964
 1-4 NB =        78.3761  1-4 EEL =        61.0923  VDWAALS    =      4252.0444
 EELEC  =    -35170.9637  EHBOND  =         0.0000  RESTRAINT  =         4.9829
 EAMBER (non-restraint)  =    -30487.6292
 EKCMT  =         0.0000  VIRIAL  =         0.0000  VOLUME     =    113000.0331
                                                    Density    =         0.8369
 ------------------------------------------------------------------------------

 NMR restraints: Bond =    1.186   Angle =     2.820   Torsion =     0.291
===============================================================================

 NSTEP =     8000   TIME(PS) =      16.000  TEMP(K) =   297.64  PRESS =     0.0
 Etot   =    -25031.5147  EKtot   =      5500.0796  EPtot      =    -30531.5943
 BOND   =        48.9791  ANGLE   =       110.1583  DIHED      =       125.7259
 1-4 NB =        75.1083  1-4 EEL =        63.6067  VDWAALS    =      4447.1049
 EELEC  =    -35408.0776  EHBOND  =         0.0000  RESTRAINT  =         5.7999
 EAMBER (non-restraint)  =    -30537.3943
 EKCMT  =         0.0000  VIRIAL  =         0.0000  VOLUME     =    112820.0435
                                                    Density    =         0.8382
 ------------------------------------------------------------------------------

 NMR restraints: Bond =    2.236   Angle =     1.393   Torsion =     0.785
===============================================================================

 NSTEP =     8500   TIME(PS) =      17.000  TEMP(K) =   300.87  PRESS =     0.0
 Etot   =    -24993.0139  EKtot   =      5559.7100  EPtot      =    -30552.7238
 BOND   =        52.9933  ANGLE   =       104.4059  DIHED      =       134.4864
 1-4 NB =        75.0156  1-4 EEL =        63.1511  VDWAALS    =      4344.4174
 EELEC  =    -35334.8092  EHBOND  =         0.0000  RESTRAINT  =         7.6156
 EAMBER (non-restraint)  =    -30560.3395
 EKCMT  =         0.0000  VIRIAL  =         0.0000  VOLUME     =    110195.8909
                                                    Density    =         0.8582
 ------------------------------------------------------------------------------

 NMR restraints: Bond =    0.497   Angle =     2.941   Torsion =     0.679
===============================================================================

 NSTEP =     9000   TIME(PS) =      18.000  TEMP(K) =   296.60  PRESS =     0.0
 Etot   =    -24863.0675  EKtot   =      5480.8374  EPtot      =    -30343.9049
 BOND   =        52.3626  ANGLE   =       103.3361  DIHED      =       130.6609
 1-4 NB =        76.3043  1-4 EEL =        65.6228  VDWAALS    =      4259.8143
 EELEC  =    -35037.4243  EHBOND  =         0.0000  RESTRAINT  =         5.4184
 EAMBER (non-restraint)  =    -30349.3233
 EKCMT  =         0.0000  VIRIAL  =         0.0000  VOLUME     =    108663.5391
                                                    Density    =         0.8703
 ------------------------------------------------------------------------------

 NMR restraints: Bond =    1.279   Angle =     2.276   Torsion =     0.374
===============================================================================

 NSTEP =     9500   TIME(PS) =      19.000  TEMP(K) =   296.04  PRESS =     0.0
 Etot   =    -25025.1963  EKtot   =      5470.5601  EPtot      =    -30495.7564
 BOND   =        63.1900  ANGLE   =       107.1417  DIHED      =       128.2215
 1-4 NB =        72.2573  1-4 EEL =        61.0092  VDWAALS    =      4268.7374
 EELEC  =    -35201.9541  EHBOND  =         0.0000  RESTRAINT  =         5.6407
 EAMBER (non-restraint)  =    -30501.3971
 EKCMT  =         0.0000  VIRIAL  =         0.0000  VOLUME     =    107107.7013
                                                    Density    =         0.8829
 ------------------------------------------------------------------------------

 NMR restraints: Bond =    0.414   Angle =     1.056   Torsion =     1.444
===============================================================================
