
          -------------------------------------------------------
          Amber 18 PMEMD                              2018
          -------------------------------------------------------

| PMEMD implementation of SANDER, Release 18

| Run on 05/02/2018 at 10:02:46

|   Executable path: pmemd.cuda
| Working directory: /oasis/tscc/scratch/davids4/SAMPLing-cut9/11499136.tscc-mgr.local
|          Hostname: tscc-gpu-5-9.sdsc.edu

  [-O]verwriting output

File Assignments:
|   MDIN: equil.000.in                                                          
|  MDOUT: equil.000.out                                                         
| INPCRD: minimize.rst7                                                         
|   PARM: solvate.prmtop                                                        
| RESTRT: equil.000.rst7                                                        
|   REFC: solvate.rst7                                                          
|  MDVEL: mdvel                                                                 
|   MDEN: equil.000.mden                                                        
|  MDCRD: equil.000.nc                                                          
| MDINFO: equil.000.mdinfo                                                      
|  MDFRC: mdfrc                                                                 


 Here is the input file:

PBC MD Simulation                                                              
 &cntrl                                                                        
  imin =          0,                                                           
  ntx =           1,                                                           
  irest =         0,                                                           
  maxcyc =        0,                                                           
  ncyc =          0,                                                           
  dt =            0.002,                                                       
  nstlim =        500000,                                                      
  ntpr =          500,                                                         
  ntwe =          500,                                                         
  ntwr =          250,                                                         
  ntwx =          250,                                                         
  ntxo =          1,                                                           
  ioutfm =        1,                                                           
  ntf =           2,                                                           
  ntc =           2,                                                           
  cut =           9.0,                                                         
  igb =           0,                                                           
  tempi =         298.15,                                                      
  temp0 =         298.15,                                                      
  ntt =           3,                                                           
  gamma_ln =      1.0,                                                         
  ig =            -1,                                                          
  ntp =           1,                                                           
  barostat =      2,                                                           
  ntr =           1,                                                           
  restraint_wt =  50.0,                                                        
  restraintmask = '@DUM',                                                      
  nmropt =        1,                                                           
  pencut =        -1,                                                          
  ntwprt =        204,                                                         
 /                                                                             
 &wt type = 'END', /                                                           
DISANG = disang.rest                                                           
LISTOUT = POUT                                                                 
                                                                               


Note: ig = -1. Setting random seed to   513045 based on wallclock time in 
      microseconds.
| irandom = 1, using AMBER's internal random number generator (default).
 
|--------------------- INFORMATION ----------------------
| GPU (CUDA) Version of PMEMD in use: NVIDIA GPU IN USE.
|                    Version 18.0.0
| 
|                      03/25/2018
| 
| Implementation by:
|                    Ross C. Walker     (SDSC)
|                    Scott Le Grand     (nVIDIA)
| 
| Version 18 performance extensions by:
|                    David Cerutti     (Rutgers)
| 
| Precision model in use:
|      [SPFP] - Single Precision Forces, 64-bit Fixed Point
|               Accumulation. (Default)
| 
|--------------------------------------------------------
 
|----------------- CITATION INFORMATION -----------------
|
|    When publishing work that utilized the CUDA version
|    of AMBER, please cite the following in addition to
|    the regular AMBER citations:
|
|  - Romelia Salomon-Ferrer; Andreas W. Goetz; Duncan
|    Poole; Scott Le Grand; Ross C. Walker "Routine
|    microsecond molecular dynamics simulations with
|    AMBER - Part II: Particle Mesh Ewald", J. Chem.
|    Theory Comput., 2013, 9 (9), pp3878-3888,
|    DOI: 10.1021/ct400314y.
|
|  - Andreas W. Goetz; Mark J. Williamson; Dong Xu;
|    Duncan Poole; Scott Le Grand; Ross C. Walker
|    "Routine microsecond molecular dynamics simulations
|    with AMBER - Part I: Generalized Born", J. Chem.
|    Theory Comput., 2012, 8 (5), pp1542-1555.
|
|  - Scott Le Grand; Andreas W. Goetz; Ross C. Walker
|    "SPFP: Speed without compromise - a mixed precision
|    model for GPU accelerated molecular dynamics
|    simulations.", Comp. Phys. Comm., 2013, 184
|    pp374-380, DOI: 10.1016/j.cpc.2012.09.022
|
|--------------------------------------------------------
 
|------------------- GPU DEVICE INFO --------------------
|
|            CUDA_VISIBLE_DEVICES: 2
|   CUDA Capable Devices Detected:      1
|           CUDA Device ID in use:      0
|                CUDA Device Name: GeForce GTX TITAN X
|     CUDA Device Global Mem Size:  12207 MB
| CUDA Device Num Multiprocessors:     24
|           CUDA Device Core Freq:   1.08 GHz
|
|--------------------------------------------------------
 
 
| Conditional Compilation Defines Used:
| PUBFFT
| BINTRAJ
| CUDA
| EMIL

| Largest sphere to fit in unit cell has radius =    21.886

| New format PARM file being parsed.
| Version =    1.000 Date = 04/23/18 Time = 20:14:55

| Note: 1-4 EEL scale factors are being read from the topology file.

| Note: 1-4 VDW scale factors are being read from the topology file.
| Duplicated    0 dihedrals

| Duplicated    0 dihedrals

--------------------------------------------------------------------------------
   1.  RESOURCE   USE: 
--------------------------------------------------------------------------------

 getting new box info from bottom of inpcrd
 NATOM  =    9221 NTYPES =      11 NBONH =    9065 MBONA  =     155
 NTHETH =     148 MTHETA =     231 NPHIH =     343 MPHIA  =     362
 NHPARM =       0 NPARM  =       0 NNB   =   13205 NRES   =    3022
 NBONA  =     155 NTHETA =     231 NPHIA =     362 NUMBND =      16
 NUMANG =      28 NPTRA  =      15 NATYP =      14 NPHB   =       0
 IFBOX  =       1 NMXRS  =     184 IFCAP =       0 NEXTRA =       0
 NCOPY  =       0

| Coordinate Index Table dimensions:     9    8   12
| Direct force subcell size =     5.1070    5.4715    5.1664

     BOX TYPE: RECTILINEAR

--------------------------------------------------------------------------------
   2.  CONTROL  DATA  FOR  THE  RUN
--------------------------------------------------------------------------------

default_name                                                                    

General flags:
     imin    =       0, nmropt  =       1

Nature and format of input:
     ntx     =       1, irest   =       0, ntrx    =       1

Nature and format of output:
     ntxo    =       1, ntpr    =     500, ntrx    =       1, ntwr    =     250
     iwrap   =       0, ntwx    =     250, ntwv    =       0, ntwe    =     500
     ioutfm  =       1, ntwprt  =     204, idecomp =       0, rbornstat=      0

Potential function:
     ntf     =       2, ntb     =       2, igb     =       0, nsnb    =      25
     ipol    =       0, gbsa    =       0, iesp    =       0
     dielc   =   1.00000, cut     =   9.00000, intdiel =   1.00000

Frozen or restrained atoms:
     ibelly  =       0, ntr     =       1
     restraint_wt =  50.00000

Molecular dynamics:
     nstlim  =    500000, nscm    =         0, nrespa  =         1
     t       =   0.00000, dt      =   0.00200, vlimit  =  -1.00000

Langevin dynamics temperature regulation:
     ig      =  513045
     temp0   = 298.15000, tempi   = 298.15000, gamma_ln=   1.00000

Pressure regulation:
     ntp     =       1
     pres0   =   1.00000, comp    =  44.60000, taup    =   1.00000
     Monte-Carlo Barostat:
     mcbarint  =     100

SHAKE:
     ntc     =       2, jfastw  =       0
     tol     =   0.00001

NMR refinement options:
     iscale  =       0, noeskp  =       1, ipnlty  =       1, mxsub   =       1
     scalm   = 100.00000, pencut  =  -1.00000, tausw   =   0.10000

| Intermolecular bonds treatment:
|     no_intermolecular_bonds =       1

| Energy averages sample interval:
|     ene_avg_sampling =     500

Ewald parameters:
     verbose =       0, ew_type =       0, nbflag  =       1, use_pme =       1
     vdwmeth =       1, eedmeth =       1, netfrc  =       1
     Box X =   45.963   Box Y =   43.772   Box Z =   61.996
     Alpha =   90.000   Beta  =   90.000   Gamma =   90.000
     NFFT1 =   48       NFFT2 =   48       NFFT3 =   64
     Cutoff=    9.000   Tol   =0.100E-04
     Ewald Coefficient =  0.30768
     Interpolation order =    4

    LOADING THE CONSTRAINED ATOMS AS GROUPS


   5.  REFERENCE ATOM COORDINATES

  default_name                                                                    
     Mask @DUM; matches     3 atoms
| MONTE CARLO BAROSTAT IMPORTANT NOTE:
|   The Monte-Carlo barostat does not require the virial to adjust the system volume.
|   Since it is an expensive calculation, it is skipped for efficiency. A side-effect
|   is that the reported pressure is always 0 because it is not calculated.

--------------------------------------------------------------------------------
   3.  ATOMIC COORDINATES AND VELOCITIES
--------------------------------------------------------------------------------

default_name                                                                    
 begin time read from input coords =     0.000 ps



           Begin reading energy term weight changes/NMR restraints
 WEIGHT CHANGES:
                         ** No weight changes given **

 RESTRAINTS:
 Requested file redirections:
  DISANG    = disang.rest
  LISTOUT   = POUT
 Restraints will be read from file: disang.rest
Here are comments from the DISANG input file:

                       Number of restraints read =     9

                  Done reading weight changes/NMR restraints


 
 Number of triangulated 3-point waters found:     3000

     Sum of charges from parm topology file =   0.00000002
     Forcing neutrality...

| Dynamic Memory, Types Used:
| Reals              528861
| Integers           283979

| Nonbonded Pairs Initial Allocation:     2102388

| GPU memory information (estimate):
| KB of GPU memory in use:         0
| KB of CPU memory in use:         0

--------------------------------------------------------------------------------
   4.  RESULTS
--------------------------------------------------------------------------------


 NSTEP =        0   TIME(PS) =       0.000  TEMP(K) =   443.70  PRESS =     0.0
 Etot   =    -30865.1846  EKtot   =      8199.0577  EPtot      =    -39064.2423
 BOND   =        13.5306  ANGLE   =        54.2480  DIHED      =       107.9890
 1-4 NB =        66.6680  1-4 EEL =        59.6486  VDWAALS    =      6283.9594
 EELEC  =    -45650.9881  EHBOND  =         0.0000  RESTRAINT  =         0.7020
 EAMBER (non-restraint)  =    -39064.9444
 EKCMT  =         0.0000  VIRIAL  =         0.0000  VOLUME     =    124728.5189
                                                    Density    =         0.7582
 ------------------------------------------------------------------------------

 NMR restraints: Bond =    0.313   Angle =     0.294   Torsion =     0.046
===============================================================================

 NSTEP =      500   TIME(PS) =       1.000  TEMP(K) =   261.24  PRESS =     0.0
 Etot   =    -25952.4550  EKtot   =      4827.4741  EPtot      =    -30779.9292
 BOND   =        39.9285  ANGLE   =        90.3541  DIHED      =       133.0688
 1-4 NB =        73.6579  1-4 EEL =        64.8905  VDWAALS    =      4773.4077
 EELEC  =    -35960.8502  EHBOND  =         0.0000  RESTRAINT  =         5.6135
 EAMBER (non-restraint)  =    -30785.5427
 EKCMT  =         0.0000  VIRIAL  =         0.0000  VOLUME     =    122394.3147
                                                    Density    =         0.7726
 ------------------------------------------------------------------------------

 NMR restraints: Bond =    0.740   Angle =     2.441   Torsion =     0.522
===============================================================================

 NSTEP =     1000   TIME(PS) =       2.000  TEMP(K) =   283.03  PRESS =     0.0
 Etot   =    -25269.0993  EKtot   =      5230.1719  EPtot      =    -30499.2712
 BOND   =        55.5437  ANGLE   =       103.6699  DIHED      =       132.3044
 1-4 NB =        80.1164  1-4 EEL =        62.1744  VDWAALS    =      4268.4300
 EELEC  =    -35205.7174  EHBOND  =         0.0000  RESTRAINT  =         4.2074
 EAMBER (non-restraint)  =    -30503.4786
 EKCMT  =         0.0000  VIRIAL  =         0.0000  VOLUME     =    122394.3147
                                                    Density    =         0.7726
 ------------------------------------------------------------------------------

 NMR restraints: Bond =    0.012   Angle =     1.933   Torsion =     0.290
===============================================================================

 NSTEP =     1500   TIME(PS) =       3.000  TEMP(K) =   289.64  PRESS =     0.0
 Etot   =    -24929.9123  EKtot   =      5352.2939  EPtot      =    -30282.2063
 BOND   =        47.8851  ANGLE   =       113.4915  DIHED      =       142.5507
 1-4 NB =        75.6853  1-4 EEL =        69.2587  VDWAALS    =      4563.2284
 EELEC  =    -35299.9517  EHBOND  =         0.0000  RESTRAINT  =         5.6457
 EAMBER (non-restraint)  =    -30287.8520
 EKCMT  =         0.0000  VIRIAL  =         0.0000  VOLUME     =    120624.4787
                                                    Density    =         0.7840
 ------------------------------------------------------------------------------

 NMR restraints: Bond =    0.898   Angle =     1.285   Torsion =     0.144
===============================================================================

 NSTEP =     2000   TIME(PS) =       4.000  TEMP(K) =   298.12  PRESS =     0.0
 Etot   =    -24568.4880  EKtot   =      5508.9814  EPtot      =    -30077.4695
 BOND   =        53.4050  ANGLE   =       105.2901  DIHED      =       128.2137
 1-4 NB =        77.5284  1-4 EEL =        61.0182  VDWAALS    =      4153.8408
 EELEC  =    -34665.9350  EHBOND  =         0.0000  RESTRAINT  =         9.1694
 EAMBER (non-restraint)  =    -30086.6389
 EKCMT  =         0.0000  VIRIAL  =         0.0000  VOLUME     =    120117.1125
                                                    Density    =         0.7873
 ------------------------------------------------------------------------------

 NMR restraints: Bond =    0.586   Angle =     2.871   Torsion =     0.958
===============================================================================

 NSTEP =     2500   TIME(PS) =       5.000  TEMP(K) =   294.80  PRESS =     0.0
 Etot   =    -24563.9957  EKtot   =      5447.5830  EPtot      =    -30011.5787
 BOND   =        51.6978  ANGLE   =       110.5593  DIHED      =       140.4316
 1-4 NB =        73.9520  1-4 EEL =        64.4749  VDWAALS    =      4128.6866
 EELEC  =    -34589.2673  EHBOND  =         0.0000  RESTRAINT  =         7.8863
 EAMBER (non-restraint)  =    -30019.4650
 EKCMT  =         0.0000  VIRIAL  =         0.0000  VOLUME     =    119722.9909
                                                    Density    =         0.7899
 ------------------------------------------------------------------------------

 NMR restraints: Bond =    0.304   Angle =     2.870   Torsion =     0.329
===============================================================================

 NSTEP =     3000   TIME(PS) =       6.000  TEMP(K) =   298.53  PRESS =     0.0
 Etot   =    -24434.3299  EKtot   =      5516.5571  EPtot      =    -29950.8871
 BOND   =        56.6504  ANGLE   =       105.7183  DIHED      =       146.6688
 1-4 NB =        74.8461  1-4 EEL =        61.5080  VDWAALS    =      4088.7803
 EELEC  =    -34490.4394  EHBOND  =         0.0000  RESTRAINT  =         5.3805
 EAMBER (non-restraint)  =    -29956.2676
 EKCMT  =         0.0000  VIRIAL  =         0.0000  VOLUME     =    119680.4646
                                                    Density    =         0.7901
 ------------------------------------------------------------------------------

 NMR restraints: Bond =    0.295   Angle =     2.754   Torsion =     0.915
===============================================================================

 NSTEP =     3500   TIME(PS) =       7.000  TEMP(K) =   298.78  PRESS =     0.0
 Etot   =    -24602.0964  EKtot   =      5521.1035  EPtot      =    -30123.1999
 BOND   =        38.5523  ANGLE   =       117.0853  DIHED      =       138.3426
 1-4 NB =        76.8258  1-4 EEL =        59.1048  VDWAALS    =      4477.3285
 EELEC  =    -35041.7972  EHBOND  =         0.0000  RESTRAINT  =        11.3579
 EAMBER (non-restraint)  =    -30134.5578
 EKCMT  =         0.0000  VIRIAL  =         0.0000  VOLUME     =    117704.6656
                                                    Density    =         0.8034
 ------------------------------------------------------------------------------

 NMR restraints: Bond =    0.166   Angle =     5.148   Torsion =     1.822
===============================================================================

 NSTEP =     4000   TIME(PS) =       8.000  TEMP(K) =   299.89  PRESS =     0.0
 Etot   =    -24679.5117  EKtot   =      5541.5918  EPtot      =    -30221.1034
 BOND   =        49.5396  ANGLE   =       109.3955  DIHED      =       145.9055
 1-4 NB =        75.5380  1-4 EEL =        62.5412  VDWAALS    =      4157.1408
 EELEC  =    -34829.1350  EHBOND  =         0.0000  RESTRAINT  =         7.9709
 EAMBER (non-restraint)  =    -30229.0744
 EKCMT  =         0.0000  VIRIAL  =         0.0000  VOLUME     =    116752.8101
                                                    Density    =         0.8100
 ------------------------------------------------------------------------------

 NMR restraints: Bond =    0.025   Angle =     2.728   Torsion =     0.897
===============================================================================

 NSTEP =     4500   TIME(PS) =       9.000  TEMP(K) =   297.87  PRESS =     0.0
 Etot   =    -24696.3571  EKtot   =      5504.3047  EPtot      =    -30200.6618
 BOND   =        46.1611  ANGLE   =       101.6545  DIHED      =       133.0030
 1-4 NB =        74.1239  1-4 EEL =        60.5420  VDWAALS    =      4513.9417
 EELEC  =    -35134.1439  EHBOND  =         0.0000  RESTRAINT  =         4.0558
 EAMBER (non-restraint)  =    -30204.7177
 EKCMT  =         0.0000  VIRIAL  =         0.0000  VOLUME     =    114419.4280
                                                    Density    =         0.8265
 ------------------------------------------------------------------------------

 NMR restraints: Bond =    0.028   Angle =     1.474   Torsion =     0.954
===============================================================================

 NSTEP =     5000   TIME(PS) =      10.000  TEMP(K) =   296.60  PRESS =     0.0
 Etot   =    -24862.1425  EKtot   =      5480.7529  EPtot      =    -30342.8954
 BOND   =        45.5066  ANGLE   =        99.8506  DIHED      =       138.1549
 1-4 NB =        79.3486  1-4 EEL =        63.1904  VDWAALS    =      4163.3892
 EELEC  =    -34940.5633  EHBOND  =         0.0000  RESTRAINT  =         8.2277
 EAMBER (non-restraint)  =    -30351.1231
 EKCMT  =         0.0000  VIRIAL  =         0.0000  VOLUME     =    113478.3085
                                                    Density    =         0.8333
 ------------------------------------------------------------------------------

 NMR restraints: Bond =    0.566   Angle =     1.841   Torsion =     0.188
===============================================================================

 NSTEP =     5500   TIME(PS) =      11.000  TEMP(K) =   298.50  PRESS =     0.0
 Etot   =    -24798.1827  EKtot   =      5515.8813  EPtot      =    -30314.0640
 BOND   =        52.4863  ANGLE   =        99.1338  DIHED      =       135.3944
 1-4 NB =        79.2703  1-4 EEL =        63.7573  VDWAALS    =      4175.4381
 EELEC  =    -34925.2690  EHBOND  =         0.0000  RESTRAINT  =         5.7248
 EAMBER (non-restraint)  =    -30319.7888
 EKCMT  =         0.0000  VIRIAL  =         0.0000  VOLUME     =    112597.1237
                                                    Density    =         0.8398
 ------------------------------------------------------------------------------

 NMR restraints: Bond =    0.264   Angle =     2.725   Torsion =     0.252
===============================================================================

 NSTEP =     6000   TIME(PS) =      12.000  TEMP(K) =   298.83  PRESS =     0.0
 Etot   =    -24814.7405  EKtot   =      5522.1143  EPtot      =    -30336.8547
 BOND   =        71.0542  ANGLE   =       119.4410  DIHED      =       142.6595
 1-4 NB =        70.9985  1-4 EEL =        59.4017  VDWAALS    =      4038.4905
 EELEC  =    -34847.7669  EHBOND  =         0.0000  RESTRAINT  =         8.8668
 EAMBER (non-restraint)  =    -30345.7215
 EKCMT  =         0.0000  VIRIAL  =         0.0000  VOLUME     =    111487.8607
                                                    Density    =         0.8482
 ------------------------------------------------------------------------------

 NMR restraints: Bond =    1.284   Angle =     1.235   Torsion =     0.764
===============================================================================

 NSTEP =     6500   TIME(PS) =      13.000  TEMP(K) =   302.49  PRESS =     0.0
 Etot   =    -24800.2547  EKtot   =      5589.6665  EPtot      =    -30389.9213
 BOND   =        60.8980  ANGLE   =       118.7930  DIHED      =       133.6462
 1-4 NB =        72.5580  1-4 EEL =        57.1082  VDWAALS    =      4128.4694
 EELEC  =    -34966.3416  EHBOND  =         0.0000  RESTRAINT  =         4.9476
 EAMBER (non-restraint)  =    -30394.8688
 EKCMT  =         0.0000  VIRIAL  =         0.0000  VOLUME     =    109731.8177
                                                    Density    =         0.8618
 ------------------------------------------------------------------------------

 NMR restraints: Bond =    1.005   Angle =     1.665   Torsion =     0.127
===============================================================================

 NSTEP =     7000   TIME(PS) =      14.000  TEMP(K) =   298.70  PRESS =     0.0
 Etot   =    -24902.9253  EKtot   =      5519.6377  EPtot      =    -30422.5630
 BOND   =        61.1686  ANGLE   =        97.4651  DIHED      =       143.3730
 1-4 NB =        77.0998  1-4 EEL =        62.8482  VDWAALS    =      4428.7856
 EELEC  =    -35296.9604  EHBOND  =         0.0000  RESTRAINT  =         3.6570
 EAMBER (non-restraint)  =    -30426.2200
 EKCMT  =         0.0000  VIRIAL  =         0.0000  VOLUME     =    108913.0592
                                                    Density    =         0.8683
 ------------------------------------------------------------------------------

 NMR restraints: Bond =    0.394   Angle =     1.277   Torsion =     0.326
===============================================================================

 NSTEP =     7500   TIME(PS) =      15.000  TEMP(K) =   292.18  PRESS =     0.0
 Etot   =    -24998.1524  EKtot   =      5399.0869  EPtot      =    -30397.2393
 BOND   =        45.9932  ANGLE   =       120.2186  DIHED      =       144.0215
 1-4 NB =        72.9884  1-4 EEL =        60.0542  VDWAALS    =      4121.2195
 EELEC  =    -34967.7007  EHBOND  =         0.0000  RESTRAINT  =         5.9660
 EAMBER (non-restraint)  =    -30403.2054
 EKCMT  =         0.0000  VIRIAL  =         0.0000  VOLUME     =    107124.7341
                                                    Density    =         0.8828
 ------------------------------------------------------------------------------

 NMR restraints: Bond =    0.768   Angle =     2.665   Torsion =     1.166
===============================================================================

 NSTEP =     8000   TIME(PS) =      16.000  TEMP(K) =   301.52  PRESS =     0.0
 Etot   =    -25051.4905  EKtot   =      5571.8169  EPtot      =    -30623.3073
 BOND   =        50.4668  ANGLE   =       117.2178  DIHED      =       145.8551
 1-4 NB =        74.7095  1-4 EEL =        58.4641  VDWAALS    =      4188.5521
 EELEC  =    -35264.1223  EHBOND  =         0.0000  RESTRAINT  =         5.5495
 EAMBER (non-restraint)  =    -30628.8568
 EKCMT  =         0.0000  VIRIAL  =         0.0000  VOLUME     =    105923.9867
                                                    Density    =         0.8928
 ------------------------------------------------------------------------------

 NMR restraints: Bond =    1.355   Angle =     2.326   Torsion =     0.196
===============================================================================

 NSTEP =     8500   TIME(PS) =      17.000  TEMP(K) =   292.88  PRESS =     0.0
 Etot   =    -25099.5403  EKtot   =      5412.0757  EPtot      =    -30511.6160
 BOND   =        54.3265  ANGLE   =       115.7214  DIHED      =       140.0698
 1-4 NB =        75.3132  1-4 EEL =        64.1629  VDWAALS    =      4331.0862
 EELEC  =    -35298.1473  EHBOND  =         0.0000  RESTRAINT  =         5.8515
 EAMBER (non-restraint)  =    -30517.4675
 EKCMT  =         0.0000  VIRIAL  =         0.0000  VOLUME     =    104243.2852
                                                    Density    =         0.9072
 ------------------------------------------------------------------------------

 NMR restraints: Bond =    1.890   Angle =     0.778   Torsion =     0.469
===============================================================================

 NSTEP =     9000   TIME(PS) =      18.000  TEMP(K) =   302.09  PRESS =     0.0
 Etot   =    -24961.3026  EKtot   =      5582.3159  EPtot      =    -30543.6185
 BOND   =        57.7531  ANGLE   =       113.1701  DIHED      =       127.0902
 1-4 NB =        75.1799  1-4 EEL =        57.6650  VDWAALS    =      4132.0452
 EELEC  =    -35112.2138  EHBOND  =         0.0000  RESTRAINT  =         5.6918
 EAMBER (non-restraint)  =    -30549.3103
 EKCMT  =         0.0000  VIRIAL  =         0.0000  VOLUME     =    103757.0507
                                                    Density    =         0.9114
 ------------------------------------------------------------------------------

 NMR restraints: Bond =    1.475   Angle =     1.096   Torsion =     1.573
===============================================================================

 NSTEP =     9500   TIME(PS) =      19.000  TEMP(K) =   298.02  PRESS =     0.0
 Etot   =    -25048.0192  EKtot   =      5507.0542  EPtot      =    -30555.0734
 BOND   =        59.3795  ANGLE   =       112.1646  DIHED      =       125.7379
 1-4 NB =        74.1870  1-4 EEL =        64.3154  VDWAALS    =      4242.7082
 EELEC  =    -35243.6596  EHBOND  =         0.0000  RESTRAINT  =        10.0937
 EAMBER (non-restraint)  =    -30565.1671
 EKCMT  =         0.0000  VIRIAL  =         0.0000  VOLUME     =    102431.5736
                                                    Density    =         0.9232
 ------------------------------------------------------------------------------

 NMR restraints: Bond =    0.554   Angle =     3.020   Torsion =     2.157
===============================================================================

 NSTEP =    10000   TIME(PS) =      20.000  TEMP(K) =   300.70  PRESS =     0.0
 Etot   =    -24998.8856  EKtot   =      5556.6484  EPtot      =    -30555.5340
 BOND   =        48.2742  ANGLE   =       104.1231  DIHED      =       134.7974
 1-4 NB =        77.9315  1-4 EEL =        64.6106  VDWAALS    =      4407.8275
 EELEC  =    -35401.4005  EHBOND  =         0.0000  RESTRAINT  =         8.3023
 EAMBER (non-restraint)  =    -30563.8363
 EKCMT  =         0.0000  VIRIAL  =         0.0000  VOLUME     =    102018.3916
                                                    Density    =         0.9269
 ------------------------------------------------------------------------------

 NMR restraints: Bond =    0.405   Angle =     2.988   Torsion =     2.107
===============================================================================

 NSTEP =    10500   TIME(PS) =      21.000  TEMP(K) =   298.15  PRESS =     0.0
 Etot   =    -25126.4950  EKtot   =      5509.5361  EPtot      =    -30636.0312
 BOND   =        47.2327  ANGLE   =       114.3105  DIHED      =       135.0304
 1-4 NB =        77.9945  1-4 EEL =        59.8550  VDWAALS    =      4175.8949
 EELEC  =    -35253.5897  EHBOND  =         0.0000  RESTRAINT  =         7.2405
 EAMBER (non-restraint)  =    -30643.2717
 EKCMT  =         0.0000  VIRIAL  =         0.0000  VOLUME     =    101594.1807
                                                    Density    =         0.9308
 ------------------------------------------------------------------------------

 NMR restraints: Bond =    0.547   Angle =     2.387   Torsion =     3.529
===============================================================================

 NSTEP =    11000   TIME(PS) =      22.000  TEMP(K) =   299.89  PRESS =     0.0
 Etot   =    -25195.8697  EKtot   =      5541.6729  EPtot      =    -30737.5426
 BOND   =        55.3271  ANGLE   =       112.9238  DIHED      =       126.8601
 1-4 NB =        77.5742  1-4 EEL =        62.6643  VDWAALS    =      4347.4329
 EELEC  =    -35523.7569  EHBOND  =         0.0000  RESTRAINT  =         3.4320
 EAMBER (non-restraint)  =    -30740.9746
 EKCMT  =         0.0000  VIRIAL  =         0.0000  VOLUME     =     99979.6480
                                                    Density    =         0.9458
 ------------------------------------------------------------------------------

 NMR restraints: Bond =    0.480   Angle =     0.349   Torsion =     1.213
===============================================================================
