2018-04-30 07:53:01 PM Started logging...
2018-04-30 07:53:01 PM 2018-04-27_16:08:13_-0700-3c20478-0.0.3
2018-04-30 07:53:01 PM Writing minimize.in
2018-04-30 07:53:01 PM Running Minimization at ./
2018-04-30 07:53:01 PM Exec line: pmemd.cuda -O -p solvate.prmtop -ref solvate.rst7 -c solvate.rst7 -i minimize.in -o minimize.out -r minimize.rst7 -inf minimize.mdinfo
2018-04-30 07:53:11 PM Minimization completed...
2018-04-30 07:53:11 PM Writing equil.000.in
2018-04-30 07:53:11 PM Running MD at ./
2018-04-30 07:53:11 PM Exec line: pmemd.cuda -O -p solvate.prmtop -ref solvate.rst7 -c minimize.rst7 -i equil.000.in -o equil.000.out -r equil.000.rst7 -x equil.000.nc -inf equil.000.mdinfo -e equil.000.mden
2018-04-30 07:53:27 PM STDOUT/STDERR received from AMBER execution
2018-04-30 07:53:27 PM b'ERROR: Calculation halted.  Periodic box dimensions have changed too much from their initial values.'
2018-04-30 07:53:27 PM b'  Your system density has likely changed by a large amount, probably from'
2018-04-30 07:53:27 PM b'  starting the simulation from a structure a long way from equilibrium.'
2018-04-30 07:53:27 PM b''
2018-04-30 07:53:27 PM b'  [Although this error can also occur if the simulation has blown up for some reason]'
2018-04-30 07:53:27 PM b''
2018-04-30 07:53:27 PM b'  The GPU code does not automatically reorganize grid cells and thus you'
2018-04-30 07:53:27 PM b'  will need to restart the calculation from the previous restart file.'
2018-04-30 07:53:27 PM b'  This will generate new grid cells and allow the calculation to continue.'
2018-04-30 07:53:27 PM b'  It may be necessary to repeat this restarting multiple times if your system'
2018-04-30 07:53:27 PM b'  is a long way from an equilibrated density.'
2018-04-30 07:53:27 PM b''
2018-04-30 07:53:27 PM b'  Alternatively you can run with the CPU code until the density has converged'
2018-04-30 07:53:27 PM b'  and then switch back to the GPU code.'
2018-04-30 07:53:27 PM b''
2018-04-30 07:53:27 PM Simulation did not complete when executing the following ....
2018-04-30 07:53:27 PM pmemd.cuda -O -p solvate.prmtop -ref solvate.rst7 -c minimize.rst7 -i equil.000.in -o equil.000.out -r equil.000.rst7 -x equil.000.nc -inf equil.000.mdinfo -e equil.000.mden
2018-04-30 07:53:27 PM Writing equil.001.in
2018-04-30 07:53:27 PM Running MD at ./
2018-04-30 07:53:27 PM Exec line: pmemd.cuda -O -p solvate.prmtop -ref equil.001.inpcrd -c equil.000.rst7 -i equil.001.in -o equil.001.out -r equil.001.rst7 -x equil.001.nc -inf equil.001.mdinfo -e equil.001.mden
2018-04-30 07:53:30 PM Simulation did not complete when executing the following ....
2018-04-30 07:53:30 PM pmemd.cuda -O -p solvate.prmtop -ref equil.001.inpcrd -c equil.000.rst7 -i equil.001.in -o equil.001.out -r equil.001.rst7 -x equil.001.nc -inf equil.001.mdinfo -e equil.001.mden
2018-04-30 07:53:30 PM Writing equil.002.in
2018-04-30 07:53:30 PM Running MD at ./
2018-04-30 07:53:30 PM Exec line: pmemd.cuda -O -p solvate.prmtop -ref equil.002.inpcrd -c equil.001.rst7 -i equil.002.in -o equil.002.out -r equil.002.rst7 -x equil.002.nc -inf equil.002.mdinfo -e equil.002.mden
2018-04-30 07:53:33 PM Simulation did not complete when executing the following ....
2018-04-30 07:53:33 PM pmemd.cuda -O -p solvate.prmtop -ref equil.002.inpcrd -c equil.001.rst7 -i equil.002.in -o equil.002.out -r equil.002.rst7 -x equil.002.nc -inf equil.002.mdinfo -e equil.002.mden
2018-04-30 07:53:33 PM Writing equil.003.in
2018-04-30 07:53:33 PM Running MD at ./
2018-04-30 07:53:33 PM Exec line: pmemd.cuda -O -p solvate.prmtop -ref equil.003.inpcrd -c equil.002.rst7 -i equil.003.in -o equil.003.out -r equil.003.rst7 -x equil.003.nc -inf equil.003.mdinfo -e equil.003.mden
2018-04-30 07:53:37 PM Simulation did not complete when executing the following ....
2018-04-30 07:53:37 PM pmemd.cuda -O -p solvate.prmtop -ref equil.003.inpcrd -c equil.002.rst7 -i equil.003.in -o equil.003.out -r equil.003.rst7 -x equil.003.nc -inf equil.003.mdinfo -e equil.003.mden
2018-04-30 07:53:37 PM Writing equil.004.in
2018-04-30 07:53:37 PM Running MD at ./
2018-04-30 07:53:37 PM Exec line: pmemd.cuda -O -p solvate.prmtop -ref equil.004.inpcrd -c equil.003.rst7 -i equil.004.in -o equil.004.out -r equil.004.rst7 -x equil.004.nc -inf equil.004.mdinfo -e equil.004.mden
2018-04-30 07:53:40 PM Simulation did not complete when executing the following ....
2018-04-30 07:53:40 PM pmemd.cuda -O -p solvate.prmtop -ref equil.004.inpcrd -c equil.003.rst7 -i equil.004.in -o equil.004.out -r equil.004.rst7 -x equil.004.nc -inf equil.004.mdinfo -e equil.004.mden
2018-04-30 07:53:40 PM Writing equil.005.in
2018-04-30 07:53:40 PM Running MD at ./
2018-04-30 07:53:40 PM Exec line: pmemd.cuda -O -p solvate.prmtop -ref equil.005.inpcrd -c equil.004.rst7 -i equil.005.in -o equil.005.out -r equil.005.rst7 -x equil.005.nc -inf equil.005.mdinfo -e equil.005.mden
2018-04-30 07:53:43 PM Simulation did not complete when executing the following ....
2018-04-30 07:53:43 PM pmemd.cuda -O -p solvate.prmtop -ref equil.005.inpcrd -c equil.004.rst7 -i equil.005.in -o equil.005.out -r equil.005.rst7 -x equil.005.nc -inf equil.005.mdinfo -e equil.005.mden
2018-04-30 07:53:43 PM Writing equil.006.in
2018-04-30 07:53:43 PM Running MD at ./
2018-04-30 07:53:43 PM Exec line: pmemd.cuda -O -p solvate.prmtop -ref equil.006.inpcrd -c equil.005.rst7 -i equil.006.in -o equil.006.out -r equil.006.rst7 -x equil.006.nc -inf equil.006.mdinfo -e equil.006.mden
2018-04-30 07:53:46 PM Simulation did not complete when executing the following ....
2018-04-30 07:53:46 PM pmemd.cuda -O -p solvate.prmtop -ref equil.006.inpcrd -c equil.005.rst7 -i equil.006.in -o equil.006.out -r equil.006.rst7 -x equil.006.nc -inf equil.006.mdinfo -e equil.006.mden
2018-04-30 07:53:46 PM Writing equil.007.in
2018-04-30 07:53:46 PM Running MD at ./
2018-04-30 07:53:46 PM Exec line: pmemd.cuda -O -p solvate.prmtop -ref equil.007.inpcrd -c equil.006.rst7 -i equil.007.in -o equil.007.out -r equil.007.rst7 -x equil.007.nc -inf equil.007.mdinfo -e equil.007.mden
2018-04-30 07:53:49 PM Simulation did not complete when executing the following ....
2018-04-30 07:53:49 PM pmemd.cuda -O -p solvate.prmtop -ref equil.007.inpcrd -c equil.006.rst7 -i equil.007.in -o equil.007.out -r equil.007.rst7 -x equil.007.nc -inf equil.007.mdinfo -e equil.007.mden
2018-04-30 07:53:49 PM Writing equil.008.in
2018-04-30 07:53:49 PM Running MD at ./
2018-04-30 07:53:49 PM Exec line: pmemd.cuda -O -p solvate.prmtop -ref equil.008.inpcrd -c equil.007.rst7 -i equil.008.in -o equil.008.out -r equil.008.rst7 -x equil.008.nc -inf equil.008.mdinfo -e equil.008.mden
2018-04-30 07:53:52 PM Simulation did not complete when executing the following ....
2018-04-30 07:53:53 PM pmemd.cuda -O -p solvate.prmtop -ref equil.008.inpcrd -c equil.007.rst7 -i equil.008.in -o equil.008.out -r equil.008.rst7 -x equil.008.nc -inf equil.008.mdinfo -e equil.008.mden
2018-04-30 07:53:53 PM Writing equil.009.in
2018-04-30 07:53:53 PM Running MD at ./
2018-04-30 07:53:53 PM Exec line: pmemd.cuda -O -p solvate.prmtop -ref equil.009.inpcrd -c equil.008.rst7 -i equil.009.in -o equil.009.out -r equil.009.rst7 -x equil.009.nc -inf equil.009.mdinfo -e equil.009.mden
2018-04-30 07:53:56 PM Simulation did not complete when executing the following ....
2018-04-30 07:53:56 PM pmemd.cuda -O -p solvate.prmtop -ref equil.009.inpcrd -c equil.008.rst7 -i equil.009.in -o equil.009.out -r equil.009.rst7 -x equil.009.nc -inf equil.009.mdinfo -e equil.009.mden
2018-04-30 07:53:56 PM Writing prod.000.in
2018-04-30 07:53:56 PM Running MD at ./
2018-04-30 07:53:56 PM Exec line: pmemd.cuda -O -p solvate.prmtop -ref solvate.rst7 -c equil.rst7 -i prod.000.in -o prod.000.out -r prod.000.rst7 -x prod.000.nc -inf prod.000.mdinfo -e prod.000.mden
2018-04-30 07:53:59 PM Simulation did not complete when executing the following ....
2018-04-30 07:53:59 PM pmemd.cuda -O -p solvate.prmtop -ref solvate.rst7 -c equil.rst7 -i prod.000.in -o prod.000.out -r prod.000.rst7 -x prod.000.nc -inf prod.000.mdinfo -e prod.000.mden
2018-04-30 10:37:07 PM Started logging...
2018-04-30 10:37:07 PM 2018-04-30_14:45:29_-0700-dff30ec-0.0.3
2018-04-30 10:37:07 PM Completed output detected ... Skipping. Use: run(overwrite=True) to overwrite
2018-04-30 10:37:07 PM Writing equil.000.in
2018-04-30 10:37:07 PM Running MD at ./
2018-04-30 10:37:07 PM Exec line: pmemd.cuda -O -p solvate.prmtop -ref solvate.rst7 -c minimize.rst7 -i equil.000.in -o equil.000.out -r equil.000.rst7 -x equil.000.nc -inf equil.000.mdinfo -e equil.000.mden
2018-04-30 10:37:13 PM STDOUT/STDERR received from AMBER execution
2018-04-30 10:37:13 PM b'ERROR: Calculation halted.  Periodic box dimensions have changed too much from their initial values.'
2018-04-30 10:37:13 PM b'  Your system density has likely changed by a large amount, probably from'
2018-04-30 10:37:13 PM b'  starting the simulation from a structure a long way from equilibrium.'
2018-04-30 10:37:13 PM b''
2018-04-30 10:37:13 PM b'  [Although this error can also occur if the simulation has blown up for some reason]'
2018-04-30 10:37:13 PM b''
2018-04-30 10:37:13 PM b'  The GPU code does not automatically reorganize grid cells and thus you'
2018-04-30 10:37:13 PM b'  will need to restart the calculation from the previous restart file.'
2018-04-30 10:37:13 PM b'  This will generate new grid cells and allow the calculation to continue.'
2018-04-30 10:37:13 PM b'  It may be necessary to repeat this restarting multiple times if your system'
2018-04-30 10:37:13 PM b'  is a long way from an equilibrated density.'
2018-04-30 10:37:13 PM b''
2018-04-30 10:37:13 PM b'  Alternatively you can run with the CPU code until the density has converged'
2018-04-30 10:37:13 PM b'  and then switch back to the GPU code.'
2018-04-30 10:37:13 PM b''
2018-04-30 10:37:13 PM Simulation did not complete when executing the following ....
2018-04-30 10:37:13 PM pmemd.cuda -O -p solvate.prmtop -ref solvate.rst7 -c minimize.rst7 -i equil.000.in -o equil.000.out -r equil.000.rst7 -x equil.000.nc -inf equil.000.mdinfo -e equil.000.mden
2018-04-30 10:37:13 PM Writing equil.001.in
2018-04-30 10:37:13 PM Running MD at ./
2018-04-30 10:37:13 PM Exec line: pmemd.cuda -O -p solvate.prmtop -ref equil.001.inpcrd -c equil.000.rst7 -i equil.001.in -o equil.001.out -r equil.001.rst7 -x equil.001.nc -inf equil.001.mdinfo -e equil.001.mden
2018-04-30 10:37:14 PM Simulation did not complete when executing the following ....
2018-04-30 10:37:14 PM pmemd.cuda -O -p solvate.prmtop -ref equil.001.inpcrd -c equil.000.rst7 -i equil.001.in -o equil.001.out -r equil.001.rst7 -x equil.001.nc -inf equil.001.mdinfo -e equil.001.mden
2018-04-30 10:37:14 PM Writing equil.002.in
2018-04-30 10:37:14 PM Running MD at ./
2018-04-30 10:37:14 PM Exec line: pmemd.cuda -O -p solvate.prmtop -ref equil.002.inpcrd -c equil.001.rst7 -i equil.002.in -o equil.002.out -r equil.002.rst7 -x equil.002.nc -inf equil.002.mdinfo -e equil.002.mden
2018-04-30 10:37:14 PM Simulation did not complete when executing the following ....
2018-04-30 10:37:14 PM pmemd.cuda -O -p solvate.prmtop -ref equil.002.inpcrd -c equil.001.rst7 -i equil.002.in -o equil.002.out -r equil.002.rst7 -x equil.002.nc -inf equil.002.mdinfo -e equil.002.mden
2018-04-30 10:37:14 PM Writing equil.003.in
2018-04-30 10:37:14 PM Running MD at ./
2018-04-30 10:37:14 PM Exec line: pmemd.cuda -O -p solvate.prmtop -ref equil.003.inpcrd -c equil.002.rst7 -i equil.003.in -o equil.003.out -r equil.003.rst7 -x equil.003.nc -inf equil.003.mdinfo -e equil.003.mden
2018-04-30 10:37:14 PM Simulation did not complete when executing the following ....
2018-04-30 10:37:14 PM pmemd.cuda -O -p solvate.prmtop -ref equil.003.inpcrd -c equil.002.rst7 -i equil.003.in -o equil.003.out -r equil.003.rst7 -x equil.003.nc -inf equil.003.mdinfo -e equil.003.mden
2018-04-30 10:37:14 PM Writing equil.004.in
2018-04-30 10:37:14 PM Running MD at ./
2018-04-30 10:37:14 PM Exec line: pmemd.cuda -O -p solvate.prmtop -ref equil.004.inpcrd -c equil.003.rst7 -i equil.004.in -o equil.004.out -r equil.004.rst7 -x equil.004.nc -inf equil.004.mdinfo -e equil.004.mden
2018-04-30 10:37:15 PM Simulation did not complete when executing the following ....
2018-04-30 10:37:15 PM pmemd.cuda -O -p solvate.prmtop -ref equil.004.inpcrd -c equil.003.rst7 -i equil.004.in -o equil.004.out -r equil.004.rst7 -x equil.004.nc -inf equil.004.mdinfo -e equil.004.mden
2018-04-30 10:37:15 PM Writing equil.005.in
2018-04-30 10:37:15 PM Running MD at ./
2018-04-30 10:37:15 PM Exec line: pmemd.cuda -O -p solvate.prmtop -ref equil.005.inpcrd -c equil.004.rst7 -i equil.005.in -o equil.005.out -r equil.005.rst7 -x equil.005.nc -inf equil.005.mdinfo -e equil.005.mden
2018-04-30 10:37:15 PM Simulation did not complete when executing the following ....
2018-04-30 10:37:15 PM pmemd.cuda -O -p solvate.prmtop -ref equil.005.inpcrd -c equil.004.rst7 -i equil.005.in -o equil.005.out -r equil.005.rst7 -x equil.005.nc -inf equil.005.mdinfo -e equil.005.mden
2018-04-30 10:37:15 PM Writing equil.006.in
2018-04-30 10:37:15 PM Running MD at ./
2018-04-30 10:37:15 PM Exec line: pmemd.cuda -O -p solvate.prmtop -ref equil.006.inpcrd -c equil.005.rst7 -i equil.006.in -o equil.006.out -r equil.006.rst7 -x equil.006.nc -inf equil.006.mdinfo -e equil.006.mden
2018-04-30 10:37:16 PM Simulation did not complete when executing the following ....
2018-04-30 10:37:16 PM pmemd.cuda -O -p solvate.prmtop -ref equil.006.inpcrd -c equil.005.rst7 -i equil.006.in -o equil.006.out -r equil.006.rst7 -x equil.006.nc -inf equil.006.mdinfo -e equil.006.mden
2018-04-30 10:37:16 PM Writing equil.007.in
2018-04-30 10:37:16 PM Running MD at ./
2018-04-30 10:37:16 PM Exec line: pmemd.cuda -O -p solvate.prmtop -ref equil.007.inpcrd -c equil.006.rst7 -i equil.007.in -o equil.007.out -r equil.007.rst7 -x equil.007.nc -inf equil.007.mdinfo -e equil.007.mden
2018-04-30 10:37:16 PM Simulation did not complete when executing the following ....
2018-04-30 10:37:16 PM pmemd.cuda -O -p solvate.prmtop -ref equil.007.inpcrd -c equil.006.rst7 -i equil.007.in -o equil.007.out -r equil.007.rst7 -x equil.007.nc -inf equil.007.mdinfo -e equil.007.mden
2018-04-30 10:37:16 PM Writing equil.008.in
2018-04-30 10:37:16 PM Running MD at ./
2018-04-30 10:37:16 PM Exec line: pmemd.cuda -O -p solvate.prmtop -ref equil.008.inpcrd -c equil.007.rst7 -i equil.008.in -o equil.008.out -r equil.008.rst7 -x equil.008.nc -inf equil.008.mdinfo -e equil.008.mden
2018-04-30 10:37:17 PM Simulation did not complete when executing the following ....
2018-04-30 10:37:17 PM pmemd.cuda -O -p solvate.prmtop -ref equil.008.inpcrd -c equil.007.rst7 -i equil.008.in -o equil.008.out -r equil.008.rst7 -x equil.008.nc -inf equil.008.mdinfo -e equil.008.mden
2018-04-30 10:37:17 PM Writing equil.009.in
2018-04-30 10:37:17 PM Running MD at ./
2018-04-30 10:37:17 PM Exec line: pmemd.cuda -O -p solvate.prmtop -ref equil.009.inpcrd -c equil.008.rst7 -i equil.009.in -o equil.009.out -r equil.009.rst7 -x equil.009.nc -inf equil.009.mdinfo -e equil.009.mden
2018-04-30 10:37:17 PM Simulation did not complete when executing the following ....
2018-04-30 10:37:17 PM pmemd.cuda -O -p solvate.prmtop -ref equil.009.inpcrd -c equil.008.rst7 -i equil.009.in -o equil.009.out -r equil.009.rst7 -x equil.009.nc -inf equil.009.mdinfo -e equil.009.mden
2018-04-30 10:37:17 PM Writing prod.000.in
2018-04-30 10:37:17 PM Running MD at ./
2018-04-30 10:37:17 PM Exec line: pmemd.cuda -O -p solvate.prmtop -ref solvate.rst7 -c equil.rst7 -i prod.000.in -o prod.000.out -r prod.000.rst7 -x prod.000.nc -inf prod.000.mdinfo -e prod.000.mden
2018-04-30 10:37:18 PM Simulation did not complete when executing the following ....
2018-04-30 10:37:18 PM pmemd.cuda -O -p solvate.prmtop -ref solvate.rst7 -c equil.rst7 -i prod.000.in -o prod.000.out -r prod.000.rst7 -x prod.000.nc -inf prod.000.mdinfo -e prod.000.mden
2018-05-01 07:54:39 AM Started logging...
2018-05-01 07:54:39 AM 2018-04-30_14:45:29_-0700-dff30ec-0.0.3
2018-05-01 07:54:39 AM Completed output detected ... Skipping. Use: run(overwrite=True) to overwrite
2018-05-01 07:54:39 AM Writing equil.000.in
2018-05-01 07:54:39 AM Running MD at ./
2018-05-01 07:54:39 AM Exec line: pmemd.cuda -O -p solvate.prmtop -ref solvate.rst7 -c minimize.rst7 -i equil.000.in -o equil.000.out -r equil.000.rst7 -x equil.000.nc -inf equil.000.mdinfo -e equil.000.mden
2018-05-01 07:54:53 AM STDOUT/STDERR received from AMBER execution
2018-05-01 07:54:53 AM b'ERROR: Calculation halted.  Periodic box dimensions have changed too much from their initial values.'
2018-05-01 07:54:53 AM b'  Your system density has likely changed by a large amount, probably from'
2018-05-01 07:54:53 AM b'  starting the simulation from a structure a long way from equilibrium.'
2018-05-01 07:54:53 AM b''
2018-05-01 07:54:53 AM b'  [Although this error can also occur if the simulation has blown up for some reason]'
2018-05-01 07:54:53 AM b''
2018-05-01 07:54:53 AM b'  The GPU code does not automatically reorganize grid cells and thus you'
2018-05-01 07:54:53 AM b'  will need to restart the calculation from the previous restart file.'
2018-05-01 07:54:53 AM b'  This will generate new grid cells and allow the calculation to continue.'
2018-05-01 07:54:53 AM b'  It may be necessary to repeat this restarting multiple times if your system'
2018-05-01 07:54:53 AM b'  is a long way from an equilibrated density.'
2018-05-01 07:54:53 AM b''
2018-05-01 07:54:53 AM b'  Alternatively you can run with the CPU code until the density has converged'
2018-05-01 07:54:53 AM b'  and then switch back to the GPU code.'
2018-05-01 07:54:53 AM b''
2018-05-01 07:54:53 AM Simulation did not complete when executing the following ....
2018-05-01 07:54:53 AM pmemd.cuda -O -p solvate.prmtop -ref solvate.rst7 -c minimize.rst7 -i equil.000.in -o equil.000.out -r equil.000.rst7 -x equil.000.nc -inf equil.000.mdinfo -e equil.000.mden
2018-05-01 07:54:53 AM Writing equil.001.in
2018-05-01 07:54:53 AM Running MD at ./
2018-05-01 07:54:53 AM Exec line: pmemd.cuda -O -p solvate.prmtop -ref equil.001.inpcrd -c equil.000.rst7 -i equil.001.in -o equil.001.out -r equil.001.rst7 -x equil.001.nc -inf equil.001.mdinfo -e equil.001.mden
2018-05-01 07:54:54 AM Simulation did not complete when executing the following ....
2018-05-01 07:54:54 AM pmemd.cuda -O -p solvate.prmtop -ref equil.001.inpcrd -c equil.000.rst7 -i equil.001.in -o equil.001.out -r equil.001.rst7 -x equil.001.nc -inf equil.001.mdinfo -e equil.001.mden
2018-05-01 07:54:54 AM Writing equil.002.in
2018-05-01 07:54:54 AM Running MD at ./
2018-05-01 07:54:54 AM Exec line: pmemd.cuda -O -p solvate.prmtop -ref equil.002.inpcrd -c equil.001.rst7 -i equil.002.in -o equil.002.out -r equil.002.rst7 -x equil.002.nc -inf equil.002.mdinfo -e equil.002.mden
2018-05-01 07:54:58 AM Simulation did not complete when executing the following ....
2018-05-01 07:54:58 AM pmemd.cuda -O -p solvate.prmtop -ref equil.002.inpcrd -c equil.001.rst7 -i equil.002.in -o equil.002.out -r equil.002.rst7 -x equil.002.nc -inf equil.002.mdinfo -e equil.002.mden
2018-05-01 07:54:58 AM Writing equil.003.in
2018-05-01 07:54:58 AM Running MD at ./
2018-05-01 07:54:58 AM Exec line: pmemd.cuda -O -p solvate.prmtop -ref equil.003.inpcrd -c equil.002.rst7 -i equil.003.in -o equil.003.out -r equil.003.rst7 -x equil.003.nc -inf equil.003.mdinfo -e equil.003.mden
2018-05-01 07:55:01 AM Simulation did not complete when executing the following ....
2018-05-01 07:55:01 AM pmemd.cuda -O -p solvate.prmtop -ref equil.003.inpcrd -c equil.002.rst7 -i equil.003.in -o equil.003.out -r equil.003.rst7 -x equil.003.nc -inf equil.003.mdinfo -e equil.003.mden
2018-05-01 07:55:01 AM Writing equil.004.in
2018-05-01 07:55:01 AM Running MD at ./
2018-05-01 07:55:01 AM Exec line: pmemd.cuda -O -p solvate.prmtop -ref equil.004.inpcrd -c equil.003.rst7 -i equil.004.in -o equil.004.out -r equil.004.rst7 -x equil.004.nc -inf equil.004.mdinfo -e equil.004.mden
2018-05-01 07:55:04 AM Simulation did not complete when executing the following ....
2018-05-01 07:55:04 AM pmemd.cuda -O -p solvate.prmtop -ref equil.004.inpcrd -c equil.003.rst7 -i equil.004.in -o equil.004.out -r equil.004.rst7 -x equil.004.nc -inf equil.004.mdinfo -e equil.004.mden
2018-05-01 07:55:04 AM Writing equil.005.in
2018-05-01 07:55:04 AM Running MD at ./
2018-05-01 07:55:04 AM Exec line: pmemd.cuda -O -p solvate.prmtop -ref equil.005.inpcrd -c equil.004.rst7 -i equil.005.in -o equil.005.out -r equil.005.rst7 -x equil.005.nc -inf equil.005.mdinfo -e equil.005.mden
2018-05-01 07:55:07 AM Simulation did not complete when executing the following ....
2018-05-01 07:55:07 AM pmemd.cuda -O -p solvate.prmtop -ref equil.005.inpcrd -c equil.004.rst7 -i equil.005.in -o equil.005.out -r equil.005.rst7 -x equil.005.nc -inf equil.005.mdinfo -e equil.005.mden
2018-05-01 07:55:07 AM Writing equil.006.in
2018-05-01 07:55:07 AM Running MD at ./
2018-05-01 07:55:07 AM Exec line: pmemd.cuda -O -p solvate.prmtop -ref equil.006.inpcrd -c equil.005.rst7 -i equil.006.in -o equil.006.out -r equil.006.rst7 -x equil.006.nc -inf equil.006.mdinfo -e equil.006.mden
2018-05-01 07:55:10 AM Simulation did not complete when executing the following ....
2018-05-01 07:55:10 AM pmemd.cuda -O -p solvate.prmtop -ref equil.006.inpcrd -c equil.005.rst7 -i equil.006.in -o equil.006.out -r equil.006.rst7 -x equil.006.nc -inf equil.006.mdinfo -e equil.006.mden
2018-05-01 07:55:10 AM Writing equil.007.in
2018-05-01 07:55:10 AM Running MD at ./
2018-05-01 07:55:10 AM Exec line: pmemd.cuda -O -p solvate.prmtop -ref equil.007.inpcrd -c equil.006.rst7 -i equil.007.in -o equil.007.out -r equil.007.rst7 -x equil.007.nc -inf equil.007.mdinfo -e equil.007.mden
2018-05-01 07:55:13 AM Simulation did not complete when executing the following ....
2018-05-01 07:55:13 AM pmemd.cuda -O -p solvate.prmtop -ref equil.007.inpcrd -c equil.006.rst7 -i equil.007.in -o equil.007.out -r equil.007.rst7 -x equil.007.nc -inf equil.007.mdinfo -e equil.007.mden
2018-05-01 07:55:13 AM Writing equil.008.in
2018-05-01 07:55:13 AM Running MD at ./
2018-05-01 07:55:13 AM Exec line: pmemd.cuda -O -p solvate.prmtop -ref equil.008.inpcrd -c equil.007.rst7 -i equil.008.in -o equil.008.out -r equil.008.rst7 -x equil.008.nc -inf equil.008.mdinfo -e equil.008.mden
2018-05-01 07:55:17 AM Simulation did not complete when executing the following ....
2018-05-01 07:55:17 AM pmemd.cuda -O -p solvate.prmtop -ref equil.008.inpcrd -c equil.007.rst7 -i equil.008.in -o equil.008.out -r equil.008.rst7 -x equil.008.nc -inf equil.008.mdinfo -e equil.008.mden
2018-05-01 07:55:17 AM Writing equil.009.in
2018-05-01 07:55:17 AM Running MD at ./
2018-05-01 07:55:17 AM Exec line: pmemd.cuda -O -p solvate.prmtop -ref equil.009.inpcrd -c equil.008.rst7 -i equil.009.in -o equil.009.out -r equil.009.rst7 -x equil.009.nc -inf equil.009.mdinfo -e equil.009.mden
2018-05-01 07:55:20 AM Simulation did not complete when executing the following ....
2018-05-01 07:55:20 AM pmemd.cuda -O -p solvate.prmtop -ref equil.009.inpcrd -c equil.008.rst7 -i equil.009.in -o equil.009.out -r equil.009.rst7 -x equil.009.nc -inf equil.009.mdinfo -e equil.009.mden
2018-05-01 07:55:20 AM Writing prod.000.in
2018-05-01 07:55:20 AM Running MD at ./
2018-05-01 07:55:20 AM Exec line: pmemd.cuda -O -p solvate.prmtop -ref solvate.rst7 -c equil.rst7 -i prod.000.in -o prod.000.out -r prod.000.rst7 -x prod.000.nc -inf prod.000.mdinfo -e prod.000.mden
2018-05-01 07:55:23 AM Simulation did not complete when executing the following ....
2018-05-01 07:55:23 AM pmemd.cuda -O -p solvate.prmtop -ref solvate.rst7 -c equil.rst7 -i prod.000.in -o prod.000.out -r prod.000.rst7 -x prod.000.nc -inf prod.000.mdinfo -e prod.000.mden
2018-05-01 08:04:25 AM Started logging...
2018-05-01 08:04:25 AM 2018-04-30_14:45:29_-0700-dff30ec-0.0.3
2018-05-01 08:04:25 AM Completed output detected ... Skipping. Use: run(overwrite=True) to overwrite
2018-05-01 08:04:25 AM Writing equil.000.in
2018-05-01 08:04:25 AM Running MD at ./
2018-05-01 08:04:25 AM Exec line: pmemd.cuda -O -p solvate.prmtop -ref solvate.rst7 -c minimize.rst7 -i equil.000.in -o equil.000.out -r equil.000.rst7 -x equil.000.nc -inf equil.000.mdinfo -e equil.000.mden
2018-05-01 08:04:35 AM STDOUT/STDERR received from AMBER execution
2018-05-01 08:04:35 AM b'ERROR: Calculation halted.  Periodic box dimensions have changed too much from their initial values.'
2018-05-01 08:04:35 AM b'  Your system density has likely changed by a large amount, probably from'
2018-05-01 08:04:35 AM b'  starting the simulation from a structure a long way from equilibrium.'
2018-05-01 08:04:35 AM b''
2018-05-01 08:04:35 AM b'  [Although this error can also occur if the simulation has blown up for some reason]'
2018-05-01 08:04:35 AM b''
2018-05-01 08:04:35 AM b'  The GPU code does not automatically reorganize grid cells and thus you'
2018-05-01 08:04:35 AM b'  will need to restart the calculation from the previous restart file.'
2018-05-01 08:04:35 AM b'  This will generate new grid cells and allow the calculation to continue.'
2018-05-01 08:04:35 AM b'  It may be necessary to repeat this restarting multiple times if your system'
2018-05-01 08:04:35 AM b'  is a long way from an equilibrated density.'
2018-05-01 08:04:35 AM b''
2018-05-01 08:04:35 AM b'  Alternatively you can run with the CPU code until the density has converged'
2018-05-01 08:04:35 AM b'  and then switch back to the GPU code.'
2018-05-01 08:04:35 AM b''
2018-05-01 08:04:35 AM Simulation did not complete when executing the following ....
2018-05-01 08:04:35 AM pmemd.cuda -O -p solvate.prmtop -ref solvate.rst7 -c minimize.rst7 -i equil.000.in -o equil.000.out -r equil.000.rst7 -x equil.000.nc -inf equil.000.mdinfo -e equil.000.mden
2018-05-01 08:04:35 AM Writing equil.001.in
2018-05-01 08:04:35 AM Running MD at ./
2018-05-01 08:04:35 AM Exec line: pmemd.cuda -O -p solvate.prmtop -ref solvate.rst7 -c equil.000.rst7 -i equil.001.in -o equil.001.out -r equil.001.rst7 -x equil.001.nc -inf equil.001.mdinfo -e equil.001.mden
2018-05-01 08:10:25 AM MD completed ...
2018-05-01 08:10:25 AM Writing prod.000.in
2018-05-01 08:10:25 AM Running MD at ./
2018-05-01 08:10:25 AM Exec line: pmemd.cuda -O -p solvate.prmtop -ref solvate.rst7 -c equil.rst7 -i prod.000.in -o prod.000.out -r prod.000.rst7 -x prod.000.nc -inf prod.000.mdinfo -e prod.000.mden
2018-05-01 08:14:39 AM MD completed ...
2018-05-01 08:14:39 AM Writing prod.001.in
2018-05-01 08:14:39 AM Running MD at ./
2018-05-01 08:14:39 AM Exec line: pmemd.cuda -O -p solvate.prmtop -ref solvate.rst7 -c prod.000.rst7 -i prod.001.in -o prod.001.out -r prod.001.rst7 -x prod.001.nc -inf prod.001.mdinfo -e prod.001.mden
2018-05-01 08:18:53 AM MD completed ...
2018-05-01 08:18:53 AM Writing prod.002.in
2018-05-01 08:18:53 AM Running MD at ./
2018-05-01 08:18:53 AM Exec line: pmemd.cuda -O -p solvate.prmtop -ref solvate.rst7 -c prod.001.rst7 -i prod.002.in -o prod.002.out -r prod.002.rst7 -x prod.002.nc -inf prod.002.mdinfo -e prod.002.mden
2018-05-01 08:23:05 AM MD completed ...
2018-05-01 08:23:05 AM Writing prod.003.in
2018-05-01 08:23:05 AM Running MD at ./
2018-05-01 08:23:05 AM Exec line: pmemd.cuda -O -p solvate.prmtop -ref solvate.rst7 -c prod.002.rst7 -i prod.003.in -o prod.003.out -r prod.003.rst7 -x prod.003.nc -inf prod.003.mdinfo -e prod.003.mden
2018-05-01 08:27:18 AM MD completed ...
2018-05-01 08:27:18 AM Writing prod.004.in
2018-05-01 08:27:18 AM Running MD at ./
2018-05-01 08:27:18 AM Exec line: pmemd.cuda -O -p solvate.prmtop -ref solvate.rst7 -c prod.003.rst7 -i prod.004.in -o prod.004.out -r prod.004.rst7 -x prod.004.nc -inf prod.004.mdinfo -e prod.004.mden
2018-05-01 08:31:32 AM MD completed ...
2018-05-02 12:27:24 PM Started logging...
2018-05-02 12:27:24 PM 2018-04-30_14:45:29_-0700-dff30ec-0.0.3
2018-05-02 12:27:24 PM Writing minimize.in
2018-05-02 12:27:24 PM Running Minimization at ./
2018-05-02 12:27:24 PM Exec line: pmemd.cuda -O -p solvate.prmtop -ref solvate.rst7 -c solvate.rst7 -i minimize.in -o minimize.out -r minimize.rst7 -inf minimize.mdinfo
2018-05-02 12:27:28 PM Minimization completed...
2018-05-02 12:27:28 PM Writing equil.000.in
2018-05-02 12:27:28 PM Running MD at ./
2018-05-02 12:27:28 PM Exec line: pmemd.cuda -O -p solvate.prmtop -ref solvate.rst7 -c minimize.rst7 -i equil.000.in -o equil.000.out -r equil.000.rst7 -x equil.000.nc -inf equil.000.mdinfo -e equil.000.mden
2018-05-02 12:33:22 PM MD completed ...
2018-05-02 12:33:22 PM Writing prod.000.in
2018-05-02 12:33:22 PM Running MD at ./
2018-05-02 12:33:22 PM Exec line: pmemd.cuda -O -p solvate.prmtop -ref solvate.rst7 -c equil.rst7 -i prod.000.in -o prod.000.out -r prod.000.rst7 -x prod.000.nc -inf prod.000.mdinfo -e prod.000.mden
2018-05-02 12:37:49 PM MD completed ...
2018-05-02 12:37:49 PM Writing prod.001.in
2018-05-02 12:37:49 PM Running MD at ./
2018-05-02 12:37:49 PM Exec line: pmemd.cuda -O -p solvate.prmtop -ref solvate.rst7 -c prod.000.rst7 -i prod.001.in -o prod.001.out -r prod.001.rst7 -x prod.001.nc -inf prod.001.mdinfo -e prod.001.mden
2018-05-02 12:42:16 PM MD completed ...
2018-05-02 12:42:16 PM Writing prod.002.in
2018-05-02 12:42:17 PM Running MD at ./
2018-05-02 12:42:17 PM Exec line: pmemd.cuda -O -p solvate.prmtop -ref solvate.rst7 -c prod.001.rst7 -i prod.002.in -o prod.002.out -r prod.002.rst7 -x prod.002.nc -inf prod.002.mdinfo -e prod.002.mden
2018-05-02 12:46:46 PM MD completed ...
2018-05-02 12:46:46 PM Writing prod.003.in
2018-05-02 12:46:46 PM Running MD at ./
2018-05-02 12:46:46 PM Exec line: pmemd.cuda -O -p solvate.prmtop -ref solvate.rst7 -c prod.002.rst7 -i prod.003.in -o prod.003.out -r prod.003.rst7 -x prod.003.nc -inf prod.003.mdinfo -e prod.003.mden
2018-05-02 12:51:15 PM MD completed ...
2018-05-02 12:51:15 PM Writing prod.004.in
2018-05-02 12:51:15 PM Running MD at ./
2018-05-02 12:51:15 PM Exec line: pmemd.cuda -O -p solvate.prmtop -ref solvate.rst7 -c prod.003.rst7 -i prod.004.in -o prod.004.out -r prod.004.rst7 -x prod.004.nc -inf prod.004.mdinfo -e prod.004.mden
2018-05-02 12:55:44 PM MD completed ...
2018-05-05 06:49:05 PM Started logging...
2018-05-05 06:49:05 PM 2018-04-30_14:45:29_-0700-dff30ec-0.0.3
2018-05-05 06:49:05 PM Completed output detected ... Skipping. Use: run(overwrite=True) to overwrite
2018-05-05 06:49:05 PM Completed output detected ... Skipping. Use: run(overwrite=True) to overwrite
2018-05-05 06:49:05 PM Completed output detected ... Skipping. Use: run(overwrite=True) to overwrite
2018-05-05 06:49:05 PM Completed output detected ... Skipping. Use: run(overwrite=True) to overwrite
2018-05-05 06:49:05 PM Completed output detected ... Skipping. Use: run(overwrite=True) to overwrite
2018-05-05 06:49:05 PM Completed output detected ... Skipping. Use: run(overwrite=True) to overwrite
2018-05-05 06:49:05 PM Writing prod.005.in
2018-05-05 06:49:05 PM Running MD at ./
2018-05-05 06:49:05 PM Exec line: pmemd.cuda -O -p solvate.prmtop -ref solvate.rst7 -c prod.004.rst7 -i prod.005.in -o prod.005.out -r prod.005.rst7 -x prod.005.nc -inf prod.005.mdinfo -e prod.005.mden
2018-05-05 06:53:32 PM MD completed ...
2018-05-05 06:53:32 PM Writing prod.006.in
2018-05-05 06:53:32 PM Running MD at ./
2018-05-05 06:53:32 PM Exec line: pmemd.cuda -O -p solvate.prmtop -ref solvate.rst7 -c prod.005.rst7 -i prod.006.in -o prod.006.out -r prod.006.rst7 -x prod.006.nc -inf prod.006.mdinfo -e prod.006.mden
2018-05-05 06:57:58 PM MD completed ...
2018-05-05 06:57:58 PM Writing prod.007.in
2018-05-05 06:57:58 PM Running MD at ./
2018-05-05 06:57:58 PM Exec line: pmemd.cuda -O -p solvate.prmtop -ref solvate.rst7 -c prod.006.rst7 -i prod.007.in -o prod.007.out -r prod.007.rst7 -x prod.007.nc -inf prod.007.mdinfo -e prod.007.mden
2018-05-05 07:02:26 PM MD completed ...
2018-05-05 07:02:26 PM Writing prod.008.in
2018-05-05 07:02:26 PM Running MD at ./
2018-05-05 07:02:26 PM Exec line: pmemd.cuda -O -p solvate.prmtop -ref solvate.rst7 -c prod.007.rst7 -i prod.008.in -o prod.008.out -r prod.008.rst7 -x prod.008.nc -inf prod.008.mdinfo -e prod.008.mden
2018-05-05 07:06:53 PM MD completed ...
2018-05-05 07:06:53 PM Writing prod.009.in
2018-05-05 07:06:53 PM Running MD at ./
2018-05-05 07:06:53 PM Exec line: pmemd.cuda -O -p solvate.prmtop -ref solvate.rst7 -c prod.008.rst7 -i prod.009.in -o prod.009.out -r prod.009.rst7 -x prod.009.nc -inf prod.009.mdinfo -e prod.009.mden
2018-05-05 07:11:25 PM MD completed ...
