
          -------------------------------------------------------
          Amber 18 PMEMD                              2018
          -------------------------------------------------------

| PMEMD implementation of SANDER, Release 18

| Run on 05/02/2018 at 12:00:21

|   Executable path: pmemd.cuda
| Working directory: /oasis/tscc/scratch/davids4/SAMPLing-cut9/11499573.tscc-mgr.local
|          Hostname: tscc-gpu-8-6.sdsc.edu

  [-O]verwriting output

File Assignments:
|   MDIN: equil.000.in                                                          
|  MDOUT: equil.000.out                                                         
| INPCRD: minimize.rst7                                                         
|   PARM: solvate.prmtop                                                        
| RESTRT: equil.000.rst7                                                        
|   REFC: solvate.rst7                                                          
|  MDVEL: mdvel                                                                 
|   MDEN: equil.000.mden                                                        
|  MDCRD: equil.000.nc                                                          
| MDINFO: equil.000.mdinfo                                                      
|  MDFRC: mdfrc                                                                 


 Here is the input file:

PBC MD Simulation                                                              
 &cntrl                                                                        
  imin =          0,                                                           
  ntx =           1,                                                           
  irest =         0,                                                           
  maxcyc =        0,                                                           
  ncyc =          0,                                                           
  dt =            0.002,                                                       
  nstlim =        500000,                                                      
  ntpr =          500,                                                         
  ntwe =          500,                                                         
  ntwr =          250,                                                         
  ntwx =          250,                                                         
  ntxo =          1,                                                           
  ioutfm =        1,                                                           
  ntf =           2,                                                           
  ntc =           2,                                                           
  cut =           9.0,                                                         
  igb =           0,                                                           
  tempi =         298.15,                                                      
  temp0 =         298.15,                                                      
  ntt =           3,                                                           
  gamma_ln =      1.0,                                                         
  ig =            -1,                                                          
  ntp =           1,                                                           
  barostat =      2,                                                           
  ntr =           1,                                                           
  restraint_wt =  50.0,                                                        
  restraintmask = '@DUM',                                                      
  nmropt =        1,                                                           
  pencut =        -1,                                                          
  ntwprt =        206,                                                         
 /                                                                             
 &wt type = 'END', /                                                           
DISANG = disang.rest                                                           
LISTOUT = POUT                                                                 
                                                                               


Note: ig = -1. Setting random seed to   425961 based on wallclock time in 
      microseconds.
| irandom = 1, using AMBER's internal random number generator (default).
 
|--------------------- INFORMATION ----------------------
| GPU (CUDA) Version of PMEMD in use: NVIDIA GPU IN USE.
|                    Version 18.0.0
| 
|                      03/25/2018
| 
| Implementation by:
|                    Ross C. Walker     (SDSC)
|                    Scott Le Grand     (nVIDIA)
| 
| Version 18 performance extensions by:
|                    David Cerutti     (Rutgers)
| 
| Precision model in use:
|      [SPFP] - Single Precision Forces, 64-bit Fixed Point
|               Accumulation. (Default)
| 
|--------------------------------------------------------
 
|----------------- CITATION INFORMATION -----------------
|
|    When publishing work that utilized the CUDA version
|    of AMBER, please cite the following in addition to
|    the regular AMBER citations:
|
|  - Romelia Salomon-Ferrer; Andreas W. Goetz; Duncan
|    Poole; Scott Le Grand; Ross C. Walker "Routine
|    microsecond molecular dynamics simulations with
|    AMBER - Part II: Particle Mesh Ewald", J. Chem.
|    Theory Comput., 2013, 9 (9), pp3878-3888,
|    DOI: 10.1021/ct400314y.
|
|  - Andreas W. Goetz; Mark J. Williamson; Dong Xu;
|    Duncan Poole; Scott Le Grand; Ross C. Walker
|    "Routine microsecond molecular dynamics simulations
|    with AMBER - Part I: Generalized Born", J. Chem.
|    Theory Comput., 2012, 8 (5), pp1542-1555.
|
|  - Scott Le Grand; Andreas W. Goetz; Ross C. Walker
|    "SPFP: Speed without compromise - a mixed precision
|    model for GPU accelerated molecular dynamics
|    simulations.", Comp. Phys. Comm., 2013, 184
|    pp374-380, DOI: 10.1016/j.cpc.2012.09.022
|
|--------------------------------------------------------
 
|------------------- GPU DEVICE INFO --------------------
|
|            CUDA_VISIBLE_DEVICES: 0
|   CUDA Capable Devices Detected:      1
|           CUDA Device ID in use:      0
|                CUDA Device Name: GeForce GTX TITAN X
|     CUDA Device Global Mem Size:  12207 MB
| CUDA Device Num Multiprocessors:     24
|           CUDA Device Core Freq:   1.08 GHz
|
|--------------------------------------------------------
 
 
| Conditional Compilation Defines Used:
| PUBFFT
| BINTRAJ
| CUDA
| EMIL

| Largest sphere to fit in unit cell has radius =    22.541

| New format PARM file being parsed.
| Version =    1.000 Date = 04/23/18 Time = 20:12:21

| Note: 1-4 EEL scale factors are being read from the topology file.

| Note: 1-4 VDW scale factors are being read from the topology file.
| Duplicated    0 dihedrals

| Duplicated    0 dihedrals

--------------------------------------------------------------------------------
   1.  RESOURCE   USE: 
--------------------------------------------------------------------------------

 getting new box info from bottom of inpcrd
 NATOM  =    9223 NTYPES =      11 NBONH =    9067 MBONA  =     155
 NTHETH =     153 MTHETA =     232 NPHIH =     345 MPHIA  =     366
 NHPARM =       0 NPARM  =       0 NNB   =   13221 NRES   =    3022
 NBONA  =     155 NTHETA =     232 NPHIA =     366 NUMBND =      13
 NUMANG =      22 NPTRA  =      15 NATYP =      13 NPHB   =       0
 IFBOX  =       1 NMXRS  =     184 IFCAP =       0 NEXTRA =       0
 NCOPY  =       0

| Coordinate Index Table dimensions:     9    9   12
| Direct force subcell size =     5.1070    5.0092    5.0679

     BOX TYPE: RECTILINEAR

--------------------------------------------------------------------------------
   2.  CONTROL  DATA  FOR  THE  RUN
--------------------------------------------------------------------------------

default_name                                                                    

General flags:
     imin    =       0, nmropt  =       1

Nature and format of input:
     ntx     =       1, irest   =       0, ntrx    =       1

Nature and format of output:
     ntxo    =       1, ntpr    =     500, ntrx    =       1, ntwr    =     250
     iwrap   =       0, ntwx    =     250, ntwv    =       0, ntwe    =     500
     ioutfm  =       1, ntwprt  =     206, idecomp =       0, rbornstat=      0

Potential function:
     ntf     =       2, ntb     =       2, igb     =       0, nsnb    =      25
     ipol    =       0, gbsa    =       0, iesp    =       0
     dielc   =   1.00000, cut     =   9.00000, intdiel =   1.00000

Frozen or restrained atoms:
     ibelly  =       0, ntr     =       1
     restraint_wt =  50.00000

Molecular dynamics:
     nstlim  =    500000, nscm    =         0, nrespa  =         1
     t       =   0.00000, dt      =   0.00200, vlimit  =  -1.00000

Langevin dynamics temperature regulation:
     ig      =  425961
     temp0   = 298.15000, tempi   = 298.15000, gamma_ln=   1.00000

Pressure regulation:
     ntp     =       1
     pres0   =   1.00000, comp    =  44.60000, taup    =   1.00000
     Monte-Carlo Barostat:
     mcbarint  =     100

SHAKE:
     ntc     =       2, jfastw  =       0
     tol     =   0.00001

NMR refinement options:
     iscale  =       0, noeskp  =       1, ipnlty  =       1, mxsub   =       1
     scalm   = 100.00000, pencut  =  -1.00000, tausw   =   0.10000

| Intermolecular bonds treatment:
|     no_intermolecular_bonds =       1

| Energy averages sample interval:
|     ene_avg_sampling =     500

Ewald parameters:
     verbose =       0, ew_type =       0, nbflag  =       1, use_pme =       1
     vdwmeth =       1, eedmeth =       1, netfrc  =       1
     Box X =   45.963   Box Y =   45.083   Box Z =   60.815
     Alpha =   90.000   Beta  =   90.000   Gamma =   90.000
     NFFT1 =   48       NFFT2 =   48       NFFT3 =   64
     Cutoff=    9.000   Tol   =0.100E-04
     Ewald Coefficient =  0.30768
     Interpolation order =    4

    LOADING THE CONSTRAINED ATOMS AS GROUPS


   5.  REFERENCE ATOM COORDINATES

  default_name                                                                    
     Mask @DUM; matches     3 atoms
| MONTE CARLO BAROSTAT IMPORTANT NOTE:
|   The Monte-Carlo barostat does not require the virial to adjust the system volume.
|   Since it is an expensive calculation, it is skipped for efficiency. A side-effect
|   is that the reported pressure is always 0 because it is not calculated.

--------------------------------------------------------------------------------
   3.  ATOMIC COORDINATES AND VELOCITIES
--------------------------------------------------------------------------------

default_name                                                                    
 begin time read from input coords =     0.000 ps



           Begin reading energy term weight changes/NMR restraints
 WEIGHT CHANGES:
                         ** No weight changes given **

 RESTRAINTS:
 Requested file redirections:
  DISANG    = disang.rest
  LISTOUT   = POUT
 Restraints will be read from file: disang.rest
Here are comments from the DISANG input file:

                       Number of restraints read =     9

                  Done reading weight changes/NMR restraints


 
 Number of triangulated 3-point waters found:     3000

     Sum of charges from parm topology file =   0.00000002
     Forcing neutrality...

| Dynamic Memory, Types Used:
| Reals              528921
| Integers           284277

| Nonbonded Pairs Initial Allocation:     2102844

| GPU memory information (estimate):
| KB of GPU memory in use:         0
| KB of CPU memory in use:         0

--------------------------------------------------------------------------------
   4.  RESULTS
--------------------------------------------------------------------------------


 NSTEP =        0   TIME(PS) =       0.000  TEMP(K) =   439.69  PRESS =     0.0
 Etot   =    -30904.6915  EKtot   =      8126.8221  EPtot      =    -39031.5137
 BOND   =        14.2747  ANGLE   =        59.1002  DIHED      =       106.0245
 1-4 NB =        66.1472  1-4 EEL =        60.3177  VDWAALS    =      6234.5878
 EELEC  =    -45573.7624  EHBOND  =         0.0000  RESTRAINT  =         1.7967
 EAMBER (non-restraint)  =    -39033.3104
 EKCMT  =         0.0000  VIRIAL  =         0.0000  VOLUME     =    126014.5159
                                                    Density    =         0.7505
 ------------------------------------------------------------------------------

 NMR restraints: Bond =    0.415   Angle =     1.301   Torsion =     0.044
===============================================================================

 NSTEP =      500   TIME(PS) =       1.000  TEMP(K) =   262.31  PRESS =     0.0
 Etot   =    -25915.6418  EKtot   =      4848.3013  EPtot      =    -30763.9431
 BOND   =        39.7148  ANGLE   =       104.3319  DIHED      =       140.9349
 1-4 NB =        76.5738  1-4 EEL =        61.9179  VDWAALS    =      4564.9341
 EELEC  =    -35759.8653  EHBOND  =         0.0000  RESTRAINT  =         7.5148
 EAMBER (non-restraint)  =    -30771.4579
 EKCMT  =         0.0000  VIRIAL  =         0.0000  VOLUME     =    125289.6452
                                                    Density    =         0.7548
 ------------------------------------------------------------------------------

 NMR restraints: Bond =    2.353   Angle =     0.581   Torsion =     1.450
===============================================================================

 NSTEP =     1000   TIME(PS) =       2.000  TEMP(K) =   285.31  PRESS =     0.0
 Etot   =    -25067.6307  EKtot   =      5273.4346  EPtot      =    -30341.0652
 BOND   =        46.6304  ANGLE   =       105.8204  DIHED      =       140.2655
 1-4 NB =        79.7800  1-4 EEL =        59.6269  VDWAALS    =      4523.9594
 EELEC  =    -35300.8499  EHBOND  =         0.0000  RESTRAINT  =         3.7022
 EAMBER (non-restraint)  =    -30344.7675
 EKCMT  =         0.0000  VIRIAL  =         0.0000  VOLUME     =    123957.2422
                                                    Density    =         0.7629
 ------------------------------------------------------------------------------

 NMR restraints: Bond =    0.009   Angle =     0.952   Torsion =     0.534
===============================================================================

 NSTEP =     1500   TIME(PS) =       3.000  TEMP(K) =   295.34  PRESS =     0.0
 Etot   =    -24952.8673  EKtot   =      5458.7632  EPtot      =    -30411.6305
 BOND   =        58.4255  ANGLE   =       106.1669  DIHED      =       130.5927
 1-4 NB =        75.6649  1-4 EEL =        59.2660  VDWAALS    =      4320.8101
 EELEC  =    -35169.3823  EHBOND  =         0.0000  RESTRAINT  =         6.8258
 EAMBER (non-restraint)  =    -30418.4563
 EKCMT  =         0.0000  VIRIAL  =         0.0000  VOLUME     =    121563.5444
                                                    Density    =         0.7779
 ------------------------------------------------------------------------------

 NMR restraints: Bond =    0.311   Angle =     2.519   Torsion =     0.735
===============================================================================

 NSTEP =     2000   TIME(PS) =       4.000  TEMP(K) =   297.90  PRESS =     0.0
 Etot   =    -24768.9151  EKtot   =      5506.1221  EPtot      =    -30275.0372
 BOND   =        55.1155  ANGLE   =       100.7731  DIHED      =       135.3477
 1-4 NB =        78.6129  1-4 EEL =        60.6990  VDWAALS    =      4290.7029
 EELEC  =    -35005.2741  EHBOND  =         0.0000  RESTRAINT  =         8.9857
 EAMBER (non-restraint)  =    -30284.0229
 EKCMT  =         0.0000  VIRIAL  =         0.0000  VOLUME     =    120465.0742
                                                    Density    =         0.7850
 ------------------------------------------------------------------------------

 NMR restraints: Bond =    0.133   Angle =     3.009   Torsion =     2.411
===============================================================================

 NSTEP =     2500   TIME(PS) =       5.000  TEMP(K) =   292.59  PRESS =     0.0
 Etot   =    -24671.4002  EKtot   =      5407.8286  EPtot      =    -30079.2288
 BOND   =        61.8714  ANGLE   =       109.9327  DIHED      =       131.9279
 1-4 NB =        79.7157  1-4 EEL =        58.1217  VDWAALS    =      4273.0223
 EELEC  =    -34800.2669  EHBOND  =         0.0000  RESTRAINT  =         6.4465
 EAMBER (non-restraint)  =    -30085.6753
 EKCMT  =         0.0000  VIRIAL  =         0.0000  VOLUME     =    118759.4224
                                                    Density    =         0.7963
 ------------------------------------------------------------------------------

 NMR restraints: Bond =    1.071   Angle =     2.151   Torsion =     1.052
===============================================================================

 NSTEP =     3000   TIME(PS) =       6.000  TEMP(K) =   293.08  PRESS =     0.0
 Etot   =    -24904.0810  EKtot   =      5416.8989  EPtot      =    -30320.9799
 BOND   =        57.8513  ANGLE   =       111.4393  DIHED      =       142.8224
 1-4 NB =        73.7630  1-4 EEL =        54.3438  VDWAALS    =      4325.5905
 EELEC  =    -35092.6929  EHBOND  =         0.0000  RESTRAINT  =         5.9026
 EAMBER (non-restraint)  =    -30326.8825
 EKCMT  =         0.0000  VIRIAL  =         0.0000  VOLUME     =    117290.8849
                                                    Density    =         0.8063
 ------------------------------------------------------------------------------

 NMR restraints: Bond =    0.051   Angle =     0.470   Torsion =     2.516
===============================================================================

 NSTEP =     3500   TIME(PS) =       7.000  TEMP(K) =   296.73  PRESS =     0.0
 Etot   =    -24900.5827  EKtot   =      5484.5117  EPtot      =    -30385.0944
 BOND   =        52.0305  ANGLE   =        96.8755  DIHED      =       127.0272
 1-4 NB =        76.7091  1-4 EEL =        65.0461  VDWAALS    =      4214.8563
 EELEC  =    -35022.3017  EHBOND  =         0.0000  RESTRAINT  =         4.6626
 EAMBER (non-restraint)  =    -30389.7571
 EKCMT  =         0.0000  VIRIAL  =         0.0000  VOLUME     =    115750.4147
                                                    Density    =         0.8170
 ------------------------------------------------------------------------------

 NMR restraints: Bond =    0.082   Angle =     0.494   Torsion =     1.684
===============================================================================

 NSTEP =     4000   TIME(PS) =       8.000  TEMP(K) =   294.57  PRESS =     0.0
 Etot   =    -24992.6928  EKtot   =      5444.5435  EPtot      =    -30437.2362
 BOND   =        56.8487  ANGLE   =       103.8603  DIHED      =       138.6317
 1-4 NB =        73.0013  1-4 EEL =        62.6769  VDWAALS    =      4295.1207
 EELEC  =    -35173.3104  EHBOND  =         0.0000  RESTRAINT  =         5.9346
 EAMBER (non-restraint)  =    -30443.1708
 EKCMT  =         0.0000  VIRIAL  =         0.0000  VOLUME     =    114239.4638
                                                    Density    =         0.8278
 ------------------------------------------------------------------------------

 NMR restraints: Bond =    0.046   Angle =     2.884   Torsion =     2.081
===============================================================================

 NSTEP =     4500   TIME(PS) =       9.000  TEMP(K) =   288.56  PRESS =     0.0
 Etot   =    -25055.6941  EKtot   =      5333.4692  EPtot      =    -30389.1634
 BOND   =        49.2834  ANGLE   =       106.0247  DIHED      =       131.7491
 1-4 NB =        73.3164  1-4 EEL =        57.7477  VDWAALS    =      4060.6495
 EELEC  =    -34875.1849  EHBOND  =         0.0000  RESTRAINT  =         7.2507
 EAMBER (non-restraint)  =    -30396.4141
 EKCMT  =         0.0000  VIRIAL  =         0.0000  VOLUME     =    113908.4334
                                                    Density    =         0.8302
 ------------------------------------------------------------------------------

 NMR restraints: Bond =    0.058   Angle =     2.385   Torsion =     0.656
===============================================================================

 NSTEP =     5000   TIME(PS) =      10.000  TEMP(K) =   301.09  PRESS =     0.0
 Etot   =    -24972.1752  EKtot   =      5565.0347  EPtot      =    -30537.2099
 BOND   =        54.1041  ANGLE   =       111.9929  DIHED      =       131.4051
 1-4 NB =        74.4934  1-4 EEL =        57.6194  VDWAALS    =      4279.6497
 EELEC  =    -35251.3472  EHBOND  =         0.0000  RESTRAINT  =         4.8728
 EAMBER (non-restraint)  =    -30542.0827
 EKCMT  =         0.0000  VIRIAL  =         0.0000  VOLUME     =    111359.8340
                                                    Density    =         0.8492
 ------------------------------------------------------------------------------

 NMR restraints: Bond =    0.132   Angle =     1.471   Torsion =     0.109
===============================================================================

 NSTEP =     5500   TIME(PS) =      11.000  TEMP(K) =   300.12  PRESS =     0.0
 Etot   =    -24991.3624  EKtot   =      5547.0015  EPtot      =    -30538.3639
 BOND   =        57.2715  ANGLE   =       128.5088  DIHED      =       125.5761
 1-4 NB =        72.5369  1-4 EEL =        61.1182  VDWAALS    =      4282.3701
 EELEC  =    -35270.6380  EHBOND  =         0.0000  RESTRAINT  =         4.8924
 EAMBER (non-restraint)  =    -30543.2563
 EKCMT  =         0.0000  VIRIAL  =         0.0000  VOLUME     =    110486.1608
                                                    Density    =         0.8559
 ------------------------------------------------------------------------------

 NMR restraints: Bond =    0.266   Angle =     0.596   Torsion =     0.855
===============================================================================

 NSTEP =     6000   TIME(PS) =      12.000  TEMP(K) =   296.04  PRESS =     0.0
 Etot   =    -25067.7521  EKtot   =      5471.6450  EPtot      =    -30539.3971
 BOND   =        60.7676  ANGLE   =       124.1843  DIHED      =       127.9134
 1-4 NB =        80.7117  1-4 EEL =        55.4704  VDWAALS    =      4407.3160
 EELEC  =    -35399.5333  EHBOND  =         0.0000  RESTRAINT  =         3.7729
 EAMBER (non-restraint)  =    -30543.1700
 EKCMT  =         0.0000  VIRIAL  =         0.0000  VOLUME     =    109913.4171
                                                    Density    =         0.8604
 ------------------------------------------------------------------------------

 NMR restraints: Bond =    0.317   Angle =     0.418   Torsion =     0.752
===============================================================================

 NSTEP =     6500   TIME(PS) =      13.000  TEMP(K) =   299.94  PRESS =     0.0
 Etot   =    -25070.7557  EKtot   =      5543.8223  EPtot      =    -30614.5779
 BOND   =        50.1592  ANGLE   =       108.5337  DIHED      =       131.6565
 1-4 NB =        78.0267  1-4 EEL =        60.9874  VDWAALS    =      4272.3542
 EELEC  =    -35320.6147  EHBOND  =         0.0000  RESTRAINT  =         4.3191
 EAMBER (non-restraint)  =    -30618.8970
 EKCMT  =         0.0000  VIRIAL  =         0.0000  VOLUME     =    109338.6794
                                                    Density    =         0.8649
 ------------------------------------------------------------------------------

 NMR restraints: Bond =    0.454   Angle =     1.080   Torsion =     0.839
===============================================================================

 NSTEP =     7000   TIME(PS) =      14.000  TEMP(K) =   293.39  PRESS =     0.0
 Etot   =    -25176.3150  EKtot   =      5422.7690  EPtot      =    -30599.0841
 BOND   =        57.7287  ANGLE   =        99.2747  DIHED      =       136.5446
 1-4 NB =        79.3364  1-4 EEL =        62.6094  VDWAALS    =      4340.6481
 EELEC  =    -35379.2956  EHBOND  =         0.0000  RESTRAINT  =         4.0694
 EAMBER (non-restraint)  =    -30603.1535
 EKCMT  =         0.0000  VIRIAL  =         0.0000  VOLUME     =    107257.3580
                                                    Density    =         0.8817
 ------------------------------------------------------------------------------

 NMR restraints: Bond =    0.438   Angle =     1.109   Torsion =     0.496
===============================================================================

 NSTEP =     7500   TIME(PS) =      15.000  TEMP(K) =   297.67  PRESS =     0.0
 Etot   =    -25155.3450  EKtot   =      5501.8804  EPtot      =    -30657.2253
 BOND   =        62.5737  ANGLE   =       100.2029  DIHED      =       124.2627
 1-4 NB =        75.3440  1-4 EEL =        59.0003  VDWAALS    =      4322.7432
 EELEC  =    -35406.9257  EHBOND  =         0.0000  RESTRAINT  =         5.5737
 EAMBER (non-restraint)  =    -30662.7990
 EKCMT  =         0.0000  VIRIAL  =         0.0000  VOLUME     =    105795.5932
                                                    Density    =         0.8939
 ------------------------------------------------------------------------------

 NMR restraints: Bond =    0.582   Angle =     1.210   Torsion =     0.817
===============================================================================

 NSTEP =     8000   TIME(PS) =      16.000  TEMP(K) =   295.43  PRESS =     0.0
 Etot   =    -25140.6413  EKtot   =      5460.3721  EPtot      =    -30601.0134
 BOND   =        51.9354  ANGLE   =       104.0632  DIHED      =       131.9937
 1-4 NB =        74.8715  1-4 EEL =        61.2495  VDWAALS    =      4145.7866
 EELEC  =    -35176.1894  EHBOND  =         0.0000  RESTRAINT  =         5.2762
 EAMBER (non-restraint)  =    -30606.2895
 EKCMT  =         0.0000  VIRIAL  =         0.0000  VOLUME     =    105618.5663
                                                    Density    =         0.8954
 ------------------------------------------------------------------------------

 NMR restraints: Bond =    1.156   Angle =     1.630   Torsion =     0.249
===============================================================================

 NSTEP =     8500   TIME(PS) =      17.000  TEMP(K) =   295.66  PRESS =     0.0
 Etot   =    -25184.8853  EKtot   =      5464.6562  EPtot      =    -30649.5415
 BOND   =        52.1783  ANGLE   =       108.2280  DIHED      =       134.9972
 1-4 NB =        76.8480  1-4 EEL =        58.4896  VDWAALS    =      4217.5869
 EELEC  =    -35302.7947  EHBOND  =         0.0000  RESTRAINT  =         4.9252
 EAMBER (non-restraint)  =    -30654.4667
 EKCMT  =         0.0000  VIRIAL  =         0.0000  VOLUME     =    104878.8818
                                                    Density    =         0.9017
 ------------------------------------------------------------------------------

 NMR restraints: Bond =    0.030   Angle =     1.705   Torsion =     0.644
===============================================================================

 NSTEP =     9000   TIME(PS) =      18.000  TEMP(K) =   301.50  PRESS =     0.0
 Etot   =    -25119.9004  EKtot   =      5572.5205  EPtot      =    -30692.4209
 BOND   =        53.0470  ANGLE   =       115.4034  DIHED      =       126.6848
 1-4 NB =        77.8497  1-4 EEL =        61.9616  VDWAALS    =      4272.5161
 EELEC  =    -35404.9390  EHBOND  =         0.0000  RESTRAINT  =         5.0556
 EAMBER (non-restraint)  =    -30697.4765
 EKCMT  =         0.0000  VIRIAL  =         0.0000  VOLUME     =    104131.1283
                                                    Density    =         0.9082
 ------------------------------------------------------------------------------

 NMR restraints: Bond =    0.616   Angle =     0.521   Torsion =     1.538
===============================================================================
