
          -------------------------------------------------------
          Amber 18 PMEMD                              2018
          -------------------------------------------------------

| PMEMD implementation of SANDER, Release 18

| Run on 05/02/2018 at 11:29:54

|   Executable path: pmemd.cuda
| Working directory: /oasis/tscc/scratch/davids4/SAMPLing-cut9/11499416.tscc-mgr.local
|          Hostname: tscc-gpu-5-10.sdsc.edu

  [-O]verwriting output

File Assignments:
|   MDIN: equil.000.in                                                          
|  MDOUT: equil.000.out                                                         
| INPCRD: minimize.rst7                                                         
|   PARM: solvate.prmtop                                                        
| RESTRT: equil.000.rst7                                                        
|   REFC: solvate.rst7                                                          
|  MDVEL: mdvel                                                                 
|   MDEN: equil.000.mden                                                        
|  MDCRD: equil.000.nc                                                          
| MDINFO: equil.000.mdinfo                                                      
|  MDFRC: mdfrc                                                                 


 Here is the input file:

PBC MD Simulation                                                              
 &cntrl                                                                        
  imin =          0,                                                           
  ntx =           1,                                                           
  irest =         0,                                                           
  maxcyc =        0,                                                           
  ncyc =          0,                                                           
  dt =            0.002,                                                       
  nstlim =        500000,                                                      
  ntpr =          500,                                                         
  ntwe =          500,                                                         
  ntwr =          250,                                                         
  ntwx =          250,                                                         
  ntxo =          1,                                                           
  ioutfm =        1,                                                           
  ntf =           2,                                                           
  ntc =           2,                                                           
  cut =           9.0,                                                         
  igb =           0,                                                           
  tempi =         298.15,                                                      
  temp0 =         298.15,                                                      
  ntt =           3,                                                           
  gamma_ln =      1.0,                                                         
  ig =            -1,                                                          
  ntp =           1,                                                           
  barostat =      2,                                                           
  ntr =           1,                                                           
  restraint_wt =  50.0,                                                        
  restraintmask = '@DUM',                                                      
  nmropt =        1,                                                           
  pencut =        -1,                                                          
  ntwprt =        204,                                                         
 /                                                                             
 &wt type = 'END', /                                                           
DISANG = disang.rest                                                           
LISTOUT = POUT                                                                 
                                                                               


Note: ig = -1. Setting random seed to   919283 based on wallclock time in 
      microseconds.
| irandom = 1, using AMBER's internal random number generator (default).
 
|--------------------- INFORMATION ----------------------
| GPU (CUDA) Version of PMEMD in use: NVIDIA GPU IN USE.
|                    Version 18.0.0
| 
|                      03/25/2018
| 
| Implementation by:
|                    Ross C. Walker     (SDSC)
|                    Scott Le Grand     (nVIDIA)
| 
| Version 18 performance extensions by:
|                    David Cerutti     (Rutgers)
| 
| Precision model in use:
|      [SPFP] - Single Precision Forces, 64-bit Fixed Point
|               Accumulation. (Default)
| 
|--------------------------------------------------------
 
|----------------- CITATION INFORMATION -----------------
|
|    When publishing work that utilized the CUDA version
|    of AMBER, please cite the following in addition to
|    the regular AMBER citations:
|
|  - Romelia Salomon-Ferrer; Andreas W. Goetz; Duncan
|    Poole; Scott Le Grand; Ross C. Walker "Routine
|    microsecond molecular dynamics simulations with
|    AMBER - Part II: Particle Mesh Ewald", J. Chem.
|    Theory Comput., 2013, 9 (9), pp3878-3888,
|    DOI: 10.1021/ct400314y.
|
|  - Andreas W. Goetz; Mark J. Williamson; Dong Xu;
|    Duncan Poole; Scott Le Grand; Ross C. Walker
|    "Routine microsecond molecular dynamics simulations
|    with AMBER - Part I: Generalized Born", J. Chem.
|    Theory Comput., 2012, 8 (5), pp1542-1555.
|
|  - Scott Le Grand; Andreas W. Goetz; Ross C. Walker
|    "SPFP: Speed without compromise - a mixed precision
|    model for GPU accelerated molecular dynamics
|    simulations.", Comp. Phys. Comm., 2013, 184
|    pp374-380, DOI: 10.1016/j.cpc.2012.09.022
|
|--------------------------------------------------------
 
|------------------- GPU DEVICE INFO --------------------
|
|            CUDA_VISIBLE_DEVICES: 2
|   CUDA Capable Devices Detected:      1
|           CUDA Device ID in use:      0
|                CUDA Device Name: GeForce GTX TITAN X
|     CUDA Device Global Mem Size:  12207 MB
| CUDA Device Num Multiprocessors:     24
|           CUDA Device Core Freq:   1.08 GHz
|
|--------------------------------------------------------
 
 
| Conditional Compilation Defines Used:
| PUBFFT
| BINTRAJ
| CUDA
| EMIL

| Largest sphere to fit in unit cell has radius =    21.059

| New format PARM file being parsed.
| Version =    1.000 Date = 04/23/18 Time = 20:24:34

| Note: 1-4 EEL scale factors are being read from the topology file.

| Note: 1-4 VDW scale factors are being read from the topology file.
| Duplicated    0 dihedrals

| Duplicated    0 dihedrals

--------------------------------------------------------------------------------
   1.  RESOURCE   USE: 
--------------------------------------------------------------------------------

 getting new box info from bottom of inpcrd
 NATOM  =    9221 NTYPES =      11 NBONH =    9065 MBONA  =     155
 NTHETH =     148 MTHETA =     231 NPHIH =     343 MPHIA  =     362
 NHPARM =       0 NPARM  =       0 NNB   =   13205 NRES   =    3022
 NBONA  =     155 NTHETA =     231 NPHIA =     362 NUMBND =      16
 NUMANG =      28 NPTRA  =      15 NATYP =      14 NPHB   =       0
 IFBOX  =       1 NMXRS  =     184 IFCAP =       0 NEXTRA =       0
 NCOPY  =       0

| Coordinate Index Table dimensions:     8    8   14
| Direct force subcell size =     5.4385    5.2647    5.0387

     BOX TYPE: RECTILINEAR

--------------------------------------------------------------------------------
   2.  CONTROL  DATA  FOR  THE  RUN
--------------------------------------------------------------------------------

default_name                                                                    

General flags:
     imin    =       0, nmropt  =       1

Nature and format of input:
     ntx     =       1, irest   =       0, ntrx    =       1

Nature and format of output:
     ntxo    =       1, ntpr    =     500, ntrx    =       1, ntwr    =     250
     iwrap   =       0, ntwx    =     250, ntwv    =       0, ntwe    =     500
     ioutfm  =       1, ntwprt  =     204, idecomp =       0, rbornstat=      0

Potential function:
     ntf     =       2, ntb     =       2, igb     =       0, nsnb    =      25
     ipol    =       0, gbsa    =       0, iesp    =       0
     dielc   =   1.00000, cut     =   9.00000, intdiel =   1.00000

Frozen or restrained atoms:
     ibelly  =       0, ntr     =       1
     restraint_wt =  50.00000

Molecular dynamics:
     nstlim  =    500000, nscm    =         0, nrespa  =         1
     t       =   0.00000, dt      =   0.00200, vlimit  =  -1.00000

Langevin dynamics temperature regulation:
     ig      =  919283
     temp0   = 298.15000, tempi   = 298.15000, gamma_ln=   1.00000

Pressure regulation:
     ntp     =       1
     pres0   =   1.00000, comp    =  44.60000, taup    =   1.00000
     Monte-Carlo Barostat:
     mcbarint  =     100

SHAKE:
     ntc     =       2, jfastw  =       0
     tol     =   0.00001

NMR refinement options:
     iscale  =       0, noeskp  =       1, ipnlty  =       1, mxsub   =       1
     scalm   = 100.00000, pencut  =  -1.00000, tausw   =   0.10000

| Intermolecular bonds treatment:
|     no_intermolecular_bonds =       1

| Energy averages sample interval:
|     ene_avg_sampling =     500

Ewald parameters:
     verbose =       0, ew_type =       0, nbflag  =       1, use_pme =       1
     vdwmeth =       1, eedmeth =       1, netfrc  =       1
     Box X =   43.508   Box Y =   42.118   Box Z =   70.541
     Alpha =   90.000   Beta  =   90.000   Gamma =   90.000
     NFFT1 =   48       NFFT2 =   48       NFFT3 =   72
     Cutoff=    9.000   Tol   =0.100E-04
     Ewald Coefficient =  0.30768
     Interpolation order =    4

    LOADING THE CONSTRAINED ATOMS AS GROUPS


   5.  REFERENCE ATOM COORDINATES

  default_name                                                                    
     Mask @DUM; matches     3 atoms
| MONTE CARLO BAROSTAT IMPORTANT NOTE:
|   The Monte-Carlo barostat does not require the virial to adjust the system volume.
|   Since it is an expensive calculation, it is skipped for efficiency. A side-effect
|   is that the reported pressure is always 0 because it is not calculated.

--------------------------------------------------------------------------------
   3.  ATOMIC COORDINATES AND VELOCITIES
--------------------------------------------------------------------------------

default_name                                                                    
 begin time read from input coords =     0.000 ps



           Begin reading energy term weight changes/NMR restraints
 WEIGHT CHANGES:
                         ** No weight changes given **

 RESTRAINTS:
 Requested file redirections:
  DISANG    = disang.rest
  LISTOUT   = POUT
 Restraints will be read from file: disang.rest
Here are comments from the DISANG input file:

                       Number of restraints read =     9

                  Done reading weight changes/NMR restraints


 
 Number of triangulated 3-point waters found:     3000

     Sum of charges from parm topology file =   0.00000002
     Forcing neutrality...

| Dynamic Memory, Types Used:
| Reals              528869
| Integers           283979

| Nonbonded Pairs Initial Allocation:     2102388

| GPU memory information (estimate):
| KB of GPU memory in use:         0
| KB of CPU memory in use:         0

--------------------------------------------------------------------------------
   4.  RESULTS
--------------------------------------------------------------------------------


 NSTEP =        0   TIME(PS) =       0.000  TEMP(K) =   442.30  PRESS =     0.0
 Etot   =    -30743.8052  EKtot   =      8173.2833  EPtot      =    -38917.0885
 BOND   =        13.5177  ANGLE   =        54.1968  DIHED      =       105.5869
 1-4 NB =        67.5169  1-4 EEL =        61.7635  VDWAALS    =      6281.6963
 EELEC  =    -45502.9787  EHBOND  =         0.0000  RESTRAINT  =         1.6123
 EAMBER (non-restraint)  =    -38918.7008
 EKCMT  =         0.0000  VIRIAL  =         0.0000  VOLUME     =    129264.7011
                                                    Density    =         0.7316
 ------------------------------------------------------------------------------

 NMR restraints: Bond =    0.311   Angle =     1.250   Torsion =     0.018
===============================================================================

 NSTEP =      500   TIME(PS) =       1.000  TEMP(K) =   262.61  PRESS =     0.0
 Etot   =    -25949.1446  EKtot   =      4852.7646  EPtot      =    -30801.9092
 BOND   =        50.3501  ANGLE   =       106.3824  DIHED      =       129.5411
 1-4 NB =        76.9169  1-4 EEL =        62.0773  VDWAALS    =      4776.3384
 EELEC  =    -36010.0589  EHBOND  =         0.0000  RESTRAINT  =         6.5433
 EAMBER (non-restraint)  =    -30808.4526
 EKCMT  =         0.0000  VIRIAL  =         0.0000  VOLUME     =    126078.6534
                                                    Density    =         0.7500
 ------------------------------------------------------------------------------

 NMR restraints: Bond =    0.196   Angle =     1.900   Torsion =     1.368
===============================================================================

 NSTEP =     1000   TIME(PS) =       2.000  TEMP(K) =   281.16  PRESS =     0.0
 Etot   =    -25139.0194  EKtot   =      5195.5366  EPtot      =    -30334.5560
 BOND   =        43.0607  ANGLE   =       108.7517  DIHED      =       133.3549
 1-4 NB =        80.0842  1-4 EEL =        65.0384  VDWAALS    =      4623.6532
 EELEC  =    -35393.9526  EHBOND  =         0.0000  RESTRAINT  =         5.4535
 EAMBER (non-restraint)  =    -30340.0096
 EKCMT  =         0.0000  VIRIAL  =         0.0000  VOLUME     =    125518.8957
                                                    Density    =         0.7534
 ------------------------------------------------------------------------------

 NMR restraints: Bond =    1.758   Angle =     1.649   Torsion =     0.848
===============================================================================

 NSTEP =     1500   TIME(PS) =       3.000  TEMP(K) =   290.20  PRESS =     0.0
 Etot   =    -24765.4709  EKtot   =      5362.6196  EPtot      =    -30128.0905
 BOND   =        45.6459  ANGLE   =       104.5512  DIHED      =       142.4405
 1-4 NB =        74.9487  1-4 EEL =        66.4362  VDWAALS    =      4267.7078
 EELEC  =    -34835.9055  EHBOND  =         0.0000  RESTRAINT  =         6.0847
 EAMBER (non-restraint)  =    -30134.1753
 EKCMT  =         0.0000  VIRIAL  =         0.0000  VOLUME     =    124770.8043
                                                    Density    =         0.7579
 ------------------------------------------------------------------------------

 NMR restraints: Bond =    0.604   Angle =     2.508   Torsion =     0.529
===============================================================================

 NSTEP =     2000   TIME(PS) =       4.000  TEMP(K) =   289.08  PRESS =     0.0
 Etot   =    -24679.1524  EKtot   =      5341.9468  EPtot      =    -30021.0992
 BOND   =        54.0925  ANGLE   =        99.0317  DIHED      =       142.0476
 1-4 NB =        71.4811  1-4 EEL =        61.9485  VDWAALS    =      4388.0899
 EELEC  =    -34845.0833  EHBOND  =         0.0000  RESTRAINT  =         7.2928
 EAMBER (non-restraint)  =    -30028.3920
 EKCMT  =         0.0000  VIRIAL  =         0.0000  VOLUME     =    124386.2791
                                                    Density    =         0.7602
 ------------------------------------------------------------------------------

 NMR restraints: Bond =    0.735   Angle =     2.047   Torsion =     0.613
===============================================================================

 NSTEP =     2500   TIME(PS) =       5.000  TEMP(K) =   296.88  PRESS =     0.0
 Etot   =    -24645.0340  EKtot   =      5486.0854  EPtot      =    -30131.1195
 BOND   =        42.2410  ANGLE   =       107.5049  DIHED      =       131.6085
 1-4 NB =        74.3718  1-4 EEL =        62.7969  VDWAALS    =      4357.3824
 EELEC  =    -34911.5502  EHBOND  =         0.0000  RESTRAINT  =         4.5253
 EAMBER (non-restraint)  =    -30135.6447
 EKCMT  =         0.0000  VIRIAL  =         0.0000  VOLUME     =    123571.4718
                                                    Density    =         0.7653
 ------------------------------------------------------------------------------

 NMR restraints: Bond =    0.001   Angle =     1.714   Torsion =     0.076
===============================================================================

 NSTEP =     3000   TIME(PS) =       6.000  TEMP(K) =   292.71  PRESS =     0.0
 Etot   =    -24567.1382  EKtot   =      5408.9678  EPtot      =    -29976.1060
 BOND   =        57.9094  ANGLE   =       101.5834  DIHED      =       138.0599
 1-4 NB =        71.6354  1-4 EEL =        60.8776  VDWAALS    =      4170.8419
 EELEC  =    -34580.5650  EHBOND  =         0.0000  RESTRAINT  =         3.5514
 EAMBER (non-restraint)  =    -29979.6574
 EKCMT  =         0.0000  VIRIAL  =         0.0000  VOLUME     =    123573.8974
                                                    Density    =         0.7652
 ------------------------------------------------------------------------------

 NMR restraints: Bond =    0.307   Angle =     1.728   Torsion =     0.302
===============================================================================

 NSTEP =     3500   TIME(PS) =       7.000  TEMP(K) =   294.35  PRESS =     0.0
 Etot   =    -24631.3485  EKtot   =      5439.3311  EPtot      =    -30070.6796
 BOND   =        52.6619  ANGLE   =        90.0353  DIHED      =       128.2912
 1-4 NB =        75.4834  1-4 EEL =        62.9350  VDWAALS    =      4284.0421
 EELEC  =    -34770.8491  EHBOND  =         0.0000  RESTRAINT  =         6.7205
 EAMBER (non-restraint)  =    -30077.4000
 EKCMT  =         0.0000  VIRIAL  =         0.0000  VOLUME     =    122143.9113
                                                    Density    =         0.7742
 ------------------------------------------------------------------------------

 NMR restraints: Bond =    0.609   Angle =     2.417   Torsion =     1.596
===============================================================================

 NSTEP =     4000   TIME(PS) =       8.000  TEMP(K) =   302.63  PRESS =     0.0
 Etot   =    -24577.2995  EKtot   =      5592.1963  EPtot      =    -30169.4958
 BOND   =        55.4193  ANGLE   =        91.0066  DIHED      =       135.8494
 1-4 NB =        72.0302  1-4 EEL =        64.5185  VDWAALS    =      4341.5684
 EELEC  =    -34934.6703  EHBOND  =         0.0000  RESTRAINT  =         4.7821
 EAMBER (non-restraint)  =    -30174.2779
 EKCMT  =         0.0000  VIRIAL  =         0.0000  VOLUME     =    120033.8340
                                                    Density    =         0.7878
 ------------------------------------------------------------------------------

 NMR restraints: Bond =    1.985   Angle =     1.280   Torsion =     0.351
===============================================================================

 NSTEP =     4500   TIME(PS) =       9.000  TEMP(K) =   297.60  PRESS =     0.0
 Etot   =    -24650.5842  EKtot   =      5499.2632  EPtot      =    -30149.8474
 BOND   =        62.6297  ANGLE   =       108.6782  DIHED      =       132.8973
 1-4 NB =        66.2185  1-4 EEL =        59.9544  VDWAALS    =      4181.6892
 EELEC  =    -34766.2696  EHBOND  =         0.0000  RESTRAINT  =         4.3549
 EAMBER (non-restraint)  =    -30154.2023
 EKCMT  =         0.0000  VIRIAL  =         0.0000  VOLUME     =    118483.2800
                                                    Density    =         0.7981
 ------------------------------------------------------------------------------

 NMR restraints: Bond =    0.220   Angle =     0.614   Torsion =     0.367
===============================================================================

 NSTEP =     5000   TIME(PS) =      10.000  TEMP(K) =   305.26  PRESS =     0.0
 Etot   =    -24762.2129  EKtot   =      5640.7900  EPtot      =    -30403.0030
 BOND   =        47.8660  ANGLE   =        98.7182  DIHED      =       130.5359
 1-4 NB =        75.8333  1-4 EEL =        66.6899  VDWAALS    =      4264.4380
 EELEC  =    -35092.4328  EHBOND  =         0.0000  RESTRAINT  =         5.3484
 EAMBER (non-restraint)  =    -30408.3514
 EKCMT  =         0.0000  VIRIAL  =         0.0000  VOLUME     =    117834.6123
                                                    Density    =         0.8025
 ------------------------------------------------------------------------------

 NMR restraints: Bond =    0.086   Angle =     1.137   Torsion =     0.587
===============================================================================

 NSTEP =     5500   TIME(PS) =      11.000  TEMP(K) =   301.50  PRESS =     0.0
 Etot   =    -24754.9033  EKtot   =      5571.4219  EPtot      =    -30326.3252
 BOND   =        56.6323  ANGLE   =        92.7740  DIHED      =       139.2432
 1-4 NB =        75.4421  1-4 EEL =        61.5182  VDWAALS    =      4523.7759
 EELEC  =    -35280.4654  EHBOND  =         0.0000  RESTRAINT  =         4.7545
 EAMBER (non-restraint)  =    -30331.0797
 EKCMT  =         0.0000  VIRIAL  =         0.0000  VOLUME     =    115701.3249
                                                    Density    =         0.8173
 ------------------------------------------------------------------------------

 NMR restraints: Bond =    1.128   Angle =     0.676   Torsion =     1.087
===============================================================================

 NSTEP =     6000   TIME(PS) =      12.000  TEMP(K) =   300.47  PRESS =     0.0
 Etot   =    -24787.6288  EKtot   =      5552.4258  EPtot      =    -30340.0546
 BOND   =        51.3931  ANGLE   =       110.0302  DIHED      =       126.8819
 1-4 NB =        73.4700  1-4 EEL =        55.8696  VDWAALS    =      4184.3182
 EELEC  =    -34947.5631  EHBOND  =         0.0000  RESTRAINT  =         5.5455
 EAMBER (non-restraint)  =    -30345.6001
 EKCMT  =         0.0000  VIRIAL  =         0.0000  VOLUME     =    115681.0594
                                                    Density    =         0.8175
 ------------------------------------------------------------------------------

 NMR restraints: Bond =    0.921   Angle =     2.403   Torsion =     0.391
===============================================================================

 NSTEP =     6500   TIME(PS) =      13.000  TEMP(K) =   294.67  PRESS =     0.0
 Etot   =    -24914.3847  EKtot   =      5445.1685  EPtot      =    -30359.5531
 BOND   =        59.7964  ANGLE   =        96.2981  DIHED      =       132.1692
 1-4 NB =        74.2900  1-4 EEL =        65.0939  VDWAALS    =      4478.0726
 EELEC  =    -35270.7127  EHBOND  =         0.0000  RESTRAINT  =         5.4394
 EAMBER (non-restraint)  =    -30364.9925
 EKCMT  =         0.0000  VIRIAL  =         0.0000  VOLUME     =    115315.7177
                                                    Density    =         0.8200
 ------------------------------------------------------------------------------

 NMR restraints: Bond =    0.604   Angle =     1.811   Torsion =     2.398
===============================================================================

 NSTEP =     7000   TIME(PS) =      14.000  TEMP(K) =   301.27  PRESS =     0.0
 Etot   =    -24901.0850  EKtot   =      5567.1436  EPtot      =    -30468.2285
 BOND   =        54.1691  ANGLE   =       100.2773  DIHED      =       133.2996
 1-4 NB =        80.0469  1-4 EEL =        63.2312  VDWAALS    =      4345.3626
 EELEC  =    -35249.3136  EHBOND  =         0.0000  RESTRAINT  =         4.6984
 EAMBER (non-restraint)  =    -30472.9269
 EKCMT  =         0.0000  VIRIAL  =         0.0000  VOLUME     =    114346.5061
                                                    Density    =         0.8270
 ------------------------------------------------------------------------------

 NMR restraints: Bond =    1.247   Angle =     2.387   Torsion =     0.112
===============================================================================

 NSTEP =     7500   TIME(PS) =      15.000  TEMP(K) =   295.41  PRESS =     0.0
 Etot   =    -24922.4384  EKtot   =      5458.8887  EPtot      =    -30381.3270
 BOND   =        46.2158  ANGLE   =       105.0418  DIHED      =       143.8045
 1-4 NB =        75.4358  1-4 EEL =        63.1719  VDWAALS    =      4111.2739
 EELEC  =    -34933.7174  EHBOND  =         0.0000  RESTRAINT  =         7.4466
 EAMBER (non-restraint)  =    -30388.7737
 EKCMT  =         0.0000  VIRIAL  =         0.0000  VOLUME     =    112557.0240
                                                    Density    =         0.8401
 ------------------------------------------------------------------------------

 NMR restraints: Bond =    0.191   Angle =     3.214   Torsion =     0.783
===============================================================================

 NSTEP =     8000   TIME(PS) =      16.000  TEMP(K) =   298.54  PRESS =     0.0
 Etot   =    -24875.6490  EKtot   =      5516.7612  EPtot      =    -30392.4103
 BOND   =        75.5131  ANGLE   =       111.1464  DIHED      =       124.9811
 1-4 NB =        76.9848  1-4 EEL =        59.4651  VDWAALS    =      4281.0909
 EELEC  =    -35125.7758  EHBOND  =         0.0000  RESTRAINT  =         4.1841
 EAMBER (non-restraint)  =    -30396.5943
 EKCMT  =         0.0000  VIRIAL  =         0.0000  VOLUME     =    111992.0048
                                                    Density    =         0.8444
 ------------------------------------------------------------------------------

 NMR restraints: Bond =    0.475   Angle =     1.595   Torsion =     0.446
===============================================================================

 NSTEP =     8500   TIME(PS) =      17.000  TEMP(K) =   301.01  PRESS =     0.0
 Etot   =    -24898.7814  EKtot   =      5562.4067  EPtot      =    -30461.1881
 BOND   =        60.1443  ANGLE   =       118.9772  DIHED      =       128.5006
 1-4 NB =        76.1463  1-4 EEL =        60.4944  VDWAALS    =      4263.6655
 EELEC  =    -35175.1841  EHBOND  =         0.0000  RESTRAINT  =         6.0677
 EAMBER (non-restraint)  =    -30467.2558
 EKCMT  =         0.0000  VIRIAL  =         0.0000  VOLUME     =    110714.6346
                                                    Density    =         0.8541
 ------------------------------------------------------------------------------

 NMR restraints: Bond =    0.165   Angle =     0.834   Torsion =     2.288
===============================================================================

 NSTEP =     9000   TIME(PS) =      18.000  TEMP(K) =   294.76  PRESS =     0.0
 Etot   =    -25025.0974  EKtot   =      5446.8198  EPtot      =    -30471.9172
 BOND   =        58.1988  ANGLE   =       108.6021  DIHED      =       134.7111
 1-4 NB =        75.4192  1-4 EEL =        58.6806  VDWAALS    =      4295.0274
 EELEC  =    -35206.8549  EHBOND  =         0.0000  RESTRAINT  =         4.2985
 EAMBER (non-restraint)  =    -30476.2157
 EKCMT  =         0.0000  VIRIAL  =         0.0000  VOLUME     =    109279.9433
                                                    Density    =         0.8653
 ------------------------------------------------------------------------------

 NMR restraints: Bond =    0.350   Angle =     2.010   Torsion =     0.803
===============================================================================
