
          -------------------------------------------------------
          Amber 18 PMEMD                              2018
          -------------------------------------------------------

| PMEMD implementation of SANDER, Release 18

| Run on 05/02/2018 at 11:31:30

|   Executable path: pmemd.cuda
| Working directory: /oasis/tscc/scratch/davids4/SAMPLing-cut9/11499445.tscc-mgr.local
|          Hostname: tscc-gpu-8-8.sdsc.edu

  [-O]verwriting output

File Assignments:
|   MDIN: minimize.in                                                           
|  MDOUT: minimize.out                                                          
| INPCRD: solvate.rst7                                                          
|   PARM: solvate.prmtop                                                        
| RESTRT: minimize.rst7                                                         
|   REFC: solvate.rst7                                                          
|  MDVEL: mdvel                                                                 
|   MDEN: mden                                                                  
|  MDCRD: mdcrd                                                                 
| MDINFO: minimize.mdinfo                                                       
|  MDFRC: mdfrc                                                                 


 Here is the input file:

PBC Minimization                                                               
 &cntrl                                                                        
  imin =          1,                                                           
  ntx =           1,                                                           
  irest =         0,                                                           
  maxcyc =        500,                                                         
  ncyc =          400,                                                         
  dt =            0.0,                                                         
  nstlim =        0,                                                           
  ntpr =          100,                                                         
  ntwe =          0,                                                           
  ntwr =          5000,                                                        
  ntwx =          0,                                                           
  ntxo =          1,                                                           
  ioutfm =        1,                                                           
  ntf =           1,                                                           
  ntc =           1,                                                           
  cut =           9.0,                                                         
  igb =           0,                                                           
  tempi =         298.15,                                                      
  temp0 =         298.15,                                                      
  ntt =           0,                                                           
  gamma_ln =      0.0,                                                         
  ig =            0,                                                           
  ntp =           0,                                                           
  barostat =      0,                                                           
  ntr =           1,                                                           
  restraint_wt =  50.0,                                                        
  restraintmask = '@DUM',                                                      
  nmropt =        1,                                                           
  pencut =        -1,                                                          
 /                                                                             
 &wt type = 'END', /                                                           
DISANG = disang.rest                                                           
LISTOUT = POUT                                                                 
                                                                               


| irandom = 1, using AMBER's internal random number generator (default).
 
|--------------------- INFORMATION ----------------------
| GPU (CUDA) Version of PMEMD in use: NVIDIA GPU IN USE.
|                    Version 18.0.0
| 
|                      03/25/2018
| 
| Implementation by:
|                    Ross C. Walker     (SDSC)
|                    Scott Le Grand     (nVIDIA)
| 
| Version 18 performance extensions by:
|                    David Cerutti     (Rutgers)
| 
| Precision model in use:
|      [SPFP] - Single Precision Forces, 64-bit Fixed Point
|               Accumulation. (Default)
| 
|--------------------------------------------------------
 
|----------------- CITATION INFORMATION -----------------
|
|    When publishing work that utilized the CUDA version
|    of AMBER, please cite the following in addition to
|    the regular AMBER citations:
|
|  - Romelia Salomon-Ferrer; Andreas W. Goetz; Duncan
|    Poole; Scott Le Grand; Ross C. Walker "Routine
|    microsecond molecular dynamics simulations with
|    AMBER - Part II: Particle Mesh Ewald", J. Chem.
|    Theory Comput., 2013, 9 (9), pp3878-3888,
|    DOI: 10.1021/ct400314y.
|
|  - Andreas W. Goetz; Mark J. Williamson; Dong Xu;
|    Duncan Poole; Scott Le Grand; Ross C. Walker
|    "Routine microsecond molecular dynamics simulations
|    with AMBER - Part I: Generalized Born", J. Chem.
|    Theory Comput., 2012, 8 (5), pp1542-1555.
|
|  - Scott Le Grand; Andreas W. Goetz; Ross C. Walker
|    "SPFP: Speed without compromise - a mixed precision
|    model for GPU accelerated molecular dynamics
|    simulations.", Comp. Phys. Comm., 2013, 184
|    pp374-380, DOI: 10.1016/j.cpc.2012.09.022
|
|--------------------------------------------------------
 
|------------------- GPU DEVICE INFO --------------------
|
|            CUDA_VISIBLE_DEVICES: 1
|   CUDA Capable Devices Detected:      1
|           CUDA Device ID in use:      0
|                CUDA Device Name: GeForce GTX TITAN X
|     CUDA Device Global Mem Size:  12207 MB
| CUDA Device Num Multiprocessors:     24
|           CUDA Device Core Freq:   1.08 GHz
|
|--------------------------------------------------------
 
 
| Conditional Compilation Defines Used:
| PUBFFT
| BINTRAJ
| CUDA
| EMIL

| Largest sphere to fit in unit cell has radius =    21.059

| New format PARM file being parsed.
| Version =    1.000 Date = 04/23/18 Time = 20:25:48

| Note: 1-4 EEL scale factors are being read from the topology file.

| Note: 1-4 VDW scale factors are being read from the topology file.
| Duplicated    0 dihedrals

| Duplicated    0 dihedrals

--------------------------------------------------------------------------------
   1.  RESOURCE   USE: 
--------------------------------------------------------------------------------

 getting new box info from bottom of inpcrd
 NATOM  =    9221 NTYPES =      11 NBONH =    9065 MBONA  =     155
 NTHETH =     148 MTHETA =     231 NPHIH =     343 MPHIA  =     362
 NHPARM =       0 NPARM  =       0 NNB   =   13205 NRES   =    3022
 NBONA  =     155 NTHETA =     231 NPHIA =     362 NUMBND =      16
 NUMANG =      28 NPTRA  =      15 NATYP =      14 NPHB   =       0
 IFBOX  =       1 NMXRS  =     184 IFCAP =       0 NEXTRA =       0
 NCOPY  =       0

| Coordinate Index Table dimensions:     8    8   14
| Direct force subcell size =     5.4385    5.2647    5.0455

     BOX TYPE: RECTILINEAR

--------------------------------------------------------------------------------
   2.  CONTROL  DATA  FOR  THE  RUN
--------------------------------------------------------------------------------

default_name                                                                    

General flags:
     imin    =       1, nmropt  =       1

Nature and format of input:
     ntx     =       1, irest   =       0, ntrx    =       1

Nature and format of output:
     ntxo    =       1, ntpr    =     100, ntrx    =       1, ntwr    =       1
     iwrap   =       0, ntwx    =       0, ntwv    =       0, ntwe    =       0
     ioutfm  =       1, ntwprt  =       0, idecomp =       0, rbornstat=      0

Potential function:
     ntf     =       1, ntb     =       1, igb     =       0, nsnb    =      25
     ipol    =       0, gbsa    =       0, iesp    =       0
     dielc   =   1.00000, cut     =   9.00000, intdiel =   1.00000

Frozen or restrained atoms:
     ibelly  =       0, ntr     =       1
     restraint_wt =  50.00000

Energy minimization:
     maxcyc  =     500, ncyc    =     400, ntmin   =       1
     dx0     =   0.01000, drms    =   0.00010

NMR refinement options:
     iscale  =       0, noeskp  =       1, ipnlty  =       1, mxsub   =       1
     scalm   = 100.00000, pencut  =  -1.00000, tausw   =   0.10000

| Intermolecular bonds treatment:
|     no_intermolecular_bonds =       1

| Energy averages sample interval:
|     ene_avg_sampling =       1

Ewald parameters:
     verbose =       0, ew_type =       0, nbflag  =       1, use_pme =       1
     vdwmeth =       1, eedmeth =       1, netfrc  =       0
     Box X =   43.508   Box Y =   42.118   Box Z =   70.636
     Alpha =   90.000   Beta  =   90.000   Gamma =   90.000
     NFFT1 =   48       NFFT2 =   48       NFFT3 =   72
     Cutoff=    9.000   Tol   =0.100E-04
     Ewald Coefficient =  0.30768
     Interpolation order =    4

    LOADING THE CONSTRAINED ATOMS AS GROUPS


   5.  REFERENCE ATOM COORDINATES

  default_name                                                                    
     Mask @DUM; matches     3 atoms

--------------------------------------------------------------------------------
   3.  ATOMIC COORDINATES AND VELOCITIES
--------------------------------------------------------------------------------

default_name                                                                    
 begin time read from input coords =     0.000 ps



           Begin reading energy term weight changes/NMR restraints
 WEIGHT CHANGES:
                         ** No weight changes given **

 RESTRAINTS:
 Requested file redirections:
  DISANG    = disang.rest
  LISTOUT   = POUT
 Restraints will be read from file: disang.rest
Here are comments from the DISANG input file:

                       Number of restraints read =     9

                  Done reading weight changes/NMR restraints


 
 Number of triangulated 3-point waters found:     3000

     Sum of charges from parm topology file =   0.00000002
     Forcing neutrality...

| Dynamic Memory, Types Used:
| Reals              372822
| Integers           259518

| Nonbonded Pairs Initial Allocation:     2102388

| GPU memory information (estimate):
| KB of GPU memory in use:         0
| KB of CPU memory in use:         0

--------------------------------------------------------------------------------
   4.  RESULTS
--------------------------------------------------------------------------------



   NSTEP       ENERGY          RMS            GMAX         NAME    NUMBER
      1      -2.4475E+04     1.2971E+01     1.3853E+02     O        4821

 BOND    =       42.7911  ANGLE   =       91.6304  DIHED      =      140.5847
 VDWAALS =     2974.4263  EEL     =   -27875.1332  HBOND      =        0.0000
 1-4 VDW =       81.5485  1-4 EEL =       67.8230  RESTRAINT  =        0.8937
 EAMBER  =   -24476.3290
 NMR restraints: Bond =    0.000   Angle =     0.894   Torsion =     0.000
===============================================================================


   NSTEP       ENERGY          RMS            GMAX         NAME    NUMBER
    100      -3.2339E+04     1.6568E+00     2.2885E+01     C2        186

 BOND    =     1746.1216  ANGLE   =       38.7993  DIHED      =      105.2995
 VDWAALS =     3342.7452  EEL     =   -37707.2372  HBOND      =        0.0000
 1-4 VDW =       70.4324  1-4 EEL =       63.7171  RESTRAINT  =        0.9957
 EAMBER  =   -32340.1222
 NMR restraints: Bond =    0.025   Angle =     0.963   Torsion =     0.002
===============================================================================


   NSTEP       ENERGY          RMS            GMAX         NAME    NUMBER
    200      -3.3609E+04     1.9578E+00     6.7731E+01     C2        186

 BOND    =     2016.9718  ANGLE   =       41.4019  DIHED      =      104.1704
 VDWAALS =     3950.5211  EEL     =   -39855.0560  HBOND      =        0.0000
 1-4 VDW =       68.8344  1-4 EEL =       63.1448  RESTRAINT  =        0.9113
 EAMBER  =   -33610.0117
 NMR restraints: Bond =    0.047   Angle =     0.853   Torsion =     0.004
===============================================================================


   NSTEP       ENERGY          RMS            GMAX         NAME    NUMBER
    300      -3.4363E+04     1.7793E+00     8.2403E+01     C89       111

 BOND    =     2133.5181  ANGLE   =       43.6866  DIHED      =      104.1629
 VDWAALS =     4465.1613  EEL     =   -41240.8407  HBOND      =        0.0000
 1-4 VDW =       67.8287  1-4 EEL =       62.6667  RESTRAINT  =        0.7530
 EAMBER  =   -34363.8164
 NMR restraints: Bond =    0.071   Angle =     0.668   Torsion =     0.006
===============================================================================


   NSTEP       ENERGY          RMS            GMAX         NAME    NUMBER
    400      -3.4890E+04     1.4173E+00     4.7645E+01     C64        76

 BOND    =     2226.1625  ANGLE   =       44.1551  DIHED      =      104.3071
 VDWAALS =     4895.6423  EEL     =   -42290.9788  HBOND      =        0.0000
 1-4 VDW =       67.3470  1-4 EEL =       62.3842  RESTRAINT  =        0.6430
 EAMBER  =   -34890.9805
 NMR restraints: Bond =    0.117   Angle =     0.506   Torsion =     0.010
===============================================================================


   NSTEP       ENERGY          RMS            GMAX         NAME    NUMBER
    500      -3.6353E+04     9.5372E-01     3.4347E+01     C3        187

 BOND    =     2526.3325  ANGLE   =       55.0388  DIHED      =      106.1777
 VDWAALS =     6300.4407  EEL     =   -45471.1331  HBOND      =        0.0000
 1-4 VDW =       67.7608  1-4 EEL =       61.6266  RESTRAINT  =        0.6751
 EAMBER  =   -36353.7561
 NMR restraints: Bond =    0.468   Angle =     0.177   Torsion =     0.007
===============================================================================


  Maximum number of minimization cycles reached.


                    FINAL RESULTS



   NSTEP       ENERGY          RMS            GMAX         NAME    NUMBER
    500      -3.6353E+04     9.5372E-01     3.4347E+01     C3        187

 BOND    =     2526.3325  ANGLE   =       55.0388  DIHED      =      106.1777
 VDWAALS =     6300.4407  EEL     =   -45471.1331  HBOND      =        0.0000
 1-4 VDW =       67.7608  1-4 EEL =       61.6266  RESTRAINT  =        0.6751
 EAMBER  =   -36353.7561
 NMR restraints: Bond =    0.468   Angle =     0.177   Torsion =     0.007
===============================================================================
 ------------------------------------------------------------------------------


 Final Restraint Analysis for coords: minimize.rst7                           


 Restraints, deviations, and energy contributions:    pencut =   -1.00

 ------------------------------------------------------------------------------
     First atom        Last atom    curr. value target deviation  penalty
 ------------------------------------------------------------------------------
  DUM  DM1    3 --  C26  HST    1:    8.175    8.442    0.267    0.357 d    0: 0
  DUM  DM2    4 --  C26  HST    1:  149.825  150.148    0.323    0.003 a
  DUM  DM2    4 --  DUM  DM1    3:  -94.531  -94.354    0.178    0.001 t
  DUM  DM1    3 --  C18  HST    1:   74.726   73.639    1.087    0.036 a
  DUM  DM1    3 --  C26  HST    1:  131.254  131.702    0.448    0.006 t
  C26  HST    1 --  C18  HST    1:   65.411   65.404    0.006    0.000 t
  DUM  DM1    3 --  C1   GST    2:   22.625   22.476    0.149    0.111 d    0: 0
  DUM  DM2    4 --  C1   GST    2:  179.458  180.000    0.542    0.009 a
  DUM  DM1    3 --  C3   GST    2:  177.945  180.000    2.055    0.129 a
                                       Total distance penalty:      0.468
                                       Total angle    penalty:      0.177
                                       Total torsion  penalty:      0.007
 ------------------------------------------------------------------------------
--------------------------------------------------------------------------------
   5.  TIMINGS
--------------------------------------------------------------------------------

|  NonSetup CPU Time in Major Routines:
|
|     Routine           Sec        %
|     ------------------------------
|     Nonbond           0.24   46.98
|     Bond              0.00    0.00
|     Angle             0.00    0.00
|     Dihedral          0.00    0.00
|     Shake             0.00    0.00
|     Other             0.27   53.02
|     ------------------------------
|     Total             0.51

|  PME Nonbond Pairlist CPU Time:
|
|     Routine              Sec        %
|     ---------------------------------
|     Set Up Cit           0.00    0.00
|     Build List           0.00    0.00
|     ---------------------------------
|     Total                0.00    0.00

|  PME Direct Force CPU Time:
|
|     Routine              Sec        %
|     ---------------------------------
|     NonBonded Calc       0.00    0.00
|     Exclude Masked       0.00    0.00
|     Other                0.00    0.00
|     ---------------------------------
|     Total                0.00    0.00

|  PME Reciprocal Force CPU Time:
|
|     Routine              Sec        %
|     ---------------------------------
|     1D bspline           0.00    0.00
|     Grid Charges         0.00    0.00
|     Scalar Sum           0.00    0.00
|     Gradient Sum         0.00    0.00
|     FFT                  0.00    0.00
|     ---------------------------------
|     Total                0.00    0.00

|  Setup CPU time:            1.33 seconds
|  NonSetup CPU time:         0.51 seconds
|  Total CPU time:            1.84 seconds     0.00 hours

|  Setup wall time:           2    seconds
|  NonSetup wall time:        0    seconds
|  Total wall time:           2    seconds     0.00 hours
