
          -------------------------------------------------------
          Amber 18 PMEMD                              2018
          -------------------------------------------------------

| PMEMD implementation of SANDER, Release 18

| Run on 05/02/2018 at 10:55:29

|   Executable path: pmemd.cuda
| Working directory: /oasis/tscc/scratch/davids4/SAMPLing-cut9/11499327.tscc-mgr.local
|          Hostname: tscc-gpu-6-8.sdsc.edu

  [-O]verwriting output

File Assignments:
|   MDIN: equil.000.in                                                          
|  MDOUT: equil.000.out                                                         
| INPCRD: minimize.rst7                                                         
|   PARM: solvate.prmtop                                                        
| RESTRT: equil.000.rst7                                                        
|   REFC: solvate.rst7                                                          
|  MDVEL: mdvel                                                                 
|   MDEN: equil.000.mden                                                        
|  MDCRD: equil.000.nc                                                          
| MDINFO: equil.000.mdinfo                                                      
|  MDFRC: mdfrc                                                                 


 Here is the input file:

PBC MD Simulation                                                              
 &cntrl                                                                        
  imin =          0,                                                           
  ntx =           1,                                                           
  irest =         0,                                                           
  maxcyc =        0,                                                           
  ncyc =          0,                                                           
  dt =            0.002,                                                       
  nstlim =        500000,                                                      
  ntpr =          500,                                                         
  ntwe =          500,                                                         
  ntwr =          250,                                                         
  ntwx =          250,                                                         
  ntxo =          1,                                                           
  ioutfm =        1,                                                           
  ntf =           2,                                                           
  ntc =           2,                                                           
  cut =           9.0,                                                         
  igb =           0,                                                           
  tempi =         298.15,                                                      
  temp0 =         298.15,                                                      
  ntt =           3,                                                           
  gamma_ln =      1.0,                                                         
  ig =            -1,                                                          
  ntp =           1,                                                           
  barostat =      2,                                                           
  ntr =           1,                                                           
  restraint_wt =  50.0,                                                        
  restraintmask = '@DUM',                                                      
  nmropt =        1,                                                           
  pencut =        -1,                                                          
  ntwprt =        206,                                                         
 /                                                                             
 &wt type = 'END', /                                                           
DISANG = disang.rest                                                           
LISTOUT = POUT                                                                 
                                                                               


Note: ig = -1. Setting random seed to   478785 based on wallclock time in 
      microseconds.
| irandom = 1, using AMBER's internal random number generator (default).
 
|--------------------- INFORMATION ----------------------
| GPU (CUDA) Version of PMEMD in use: NVIDIA GPU IN USE.
|                    Version 18.0.0
| 
|                      03/25/2018
| 
| Implementation by:
|                    Ross C. Walker     (SDSC)
|                    Scott Le Grand     (nVIDIA)
| 
| Version 18 performance extensions by:
|                    David Cerutti     (Rutgers)
| 
| Precision model in use:
|      [SPFP] - Single Precision Forces, 64-bit Fixed Point
|               Accumulation. (Default)
| 
|--------------------------------------------------------
 
|----------------- CITATION INFORMATION -----------------
|
|    When publishing work that utilized the CUDA version
|    of AMBER, please cite the following in addition to
|    the regular AMBER citations:
|
|  - Romelia Salomon-Ferrer; Andreas W. Goetz; Duncan
|    Poole; Scott Le Grand; Ross C. Walker "Routine
|    microsecond molecular dynamics simulations with
|    AMBER - Part II: Particle Mesh Ewald", J. Chem.
|    Theory Comput., 2013, 9 (9), pp3878-3888,
|    DOI: 10.1021/ct400314y.
|
|  - Andreas W. Goetz; Mark J. Williamson; Dong Xu;
|    Duncan Poole; Scott Le Grand; Ross C. Walker
|    "Routine microsecond molecular dynamics simulations
|    with AMBER - Part I: Generalized Born", J. Chem.
|    Theory Comput., 2012, 8 (5), pp1542-1555.
|
|  - Scott Le Grand; Andreas W. Goetz; Ross C. Walker
|    "SPFP: Speed without compromise - a mixed precision
|    model for GPU accelerated molecular dynamics
|    simulations.", Comp. Phys. Comm., 2013, 184
|    pp374-380, DOI: 10.1016/j.cpc.2012.09.022
|
|--------------------------------------------------------
 
|------------------- GPU DEVICE INFO --------------------
|
|            CUDA_VISIBLE_DEVICES: 7
|   CUDA Capable Devices Detected:      1
|           CUDA Device ID in use:      0
|                CUDA Device Name: GeForce GTX TITAN X
|     CUDA Device Global Mem Size:  12207 MB
| CUDA Device Num Multiprocessors:     24
|           CUDA Device Core Freq:   1.08 GHz
|
|--------------------------------------------------------
 
 
| Conditional Compilation Defines Used:
| PUBFFT
| BINTRAJ
| CUDA
| EMIL

| Largest sphere to fit in unit cell has radius =    21.886

| New format PARM file being parsed.
| Version =    1.000 Date = 04/23/18 Time = 20:23:09

| Note: 1-4 EEL scale factors are being read from the topology file.

| Note: 1-4 VDW scale factors are being read from the topology file.
| Duplicated    0 dihedrals

| Duplicated    0 dihedrals

--------------------------------------------------------------------------------
   1.  RESOURCE   USE: 
--------------------------------------------------------------------------------

 getting new box info from bottom of inpcrd
 NATOM  =    9223 NTYPES =      11 NBONH =    9067 MBONA  =     155
 NTHETH =     153 MTHETA =     232 NPHIH =     345 MPHIA  =     366
 NHPARM =       0 NPARM  =       0 NNB   =   13221 NRES   =    3022
 NBONA  =     155 NTHETA =     232 NPHIA =     366 NUMBND =      13
 NUMANG =      22 NPTRA  =      15 NATYP =      13 NPHB   =       0
 IFBOX  =       1 NMXRS  =     184 IFCAP =       0 NEXTRA =       0
 NCOPY  =       0

| Coordinate Index Table dimensions:     9    8   12
| Direct force subcell size =     5.1790    5.4715    5.1943

     BOX TYPE: RECTILINEAR

--------------------------------------------------------------------------------
   2.  CONTROL  DATA  FOR  THE  RUN
--------------------------------------------------------------------------------

default_name                                                                    

General flags:
     imin    =       0, nmropt  =       1

Nature and format of input:
     ntx     =       1, irest   =       0, ntrx    =       1

Nature and format of output:
     ntxo    =       1, ntpr    =     500, ntrx    =       1, ntwr    =     250
     iwrap   =       0, ntwx    =     250, ntwv    =       0, ntwe    =     500
     ioutfm  =       1, ntwprt  =     206, idecomp =       0, rbornstat=      0

Potential function:
     ntf     =       2, ntb     =       2, igb     =       0, nsnb    =      25
     ipol    =       0, gbsa    =       0, iesp    =       0
     dielc   =   1.00000, cut     =   9.00000, intdiel =   1.00000

Frozen or restrained atoms:
     ibelly  =       0, ntr     =       1
     restraint_wt =  50.00000

Molecular dynamics:
     nstlim  =    500000, nscm    =         0, nrespa  =         1
     t       =   0.00000, dt      =   0.00200, vlimit  =  -1.00000

Langevin dynamics temperature regulation:
     ig      =  478785
     temp0   = 298.15000, tempi   = 298.15000, gamma_ln=   1.00000

Pressure regulation:
     ntp     =       1
     pres0   =   1.00000, comp    =  44.60000, taup    =   1.00000
     Monte-Carlo Barostat:
     mcbarint  =     100

SHAKE:
     ntc     =       2, jfastw  =       0
     tol     =   0.00001

NMR refinement options:
     iscale  =       0, noeskp  =       1, ipnlty  =       1, mxsub   =       1
     scalm   = 100.00000, pencut  =  -1.00000, tausw   =   0.10000

| Intermolecular bonds treatment:
|     no_intermolecular_bonds =       1

| Energy averages sample interval:
|     ene_avg_sampling =     500

Ewald parameters:
     verbose =       0, ew_type =       0, nbflag  =       1, use_pme =       1
     vdwmeth =       1, eedmeth =       1, netfrc  =       1
     Box X =   46.611   Box Y =   43.772   Box Z =   62.331
     Alpha =   90.000   Beta  =   90.000   Gamma =   90.000
     NFFT1 =   48       NFFT2 =   48       NFFT3 =   64
     Cutoff=    9.000   Tol   =0.100E-04
     Ewald Coefficient =  0.30768
     Interpolation order =    4

    LOADING THE CONSTRAINED ATOMS AS GROUPS


   5.  REFERENCE ATOM COORDINATES

  default_name                                                                    
     Mask @DUM; matches     3 atoms
| MONTE CARLO BAROSTAT IMPORTANT NOTE:
|   The Monte-Carlo barostat does not require the virial to adjust the system volume.
|   Since it is an expensive calculation, it is skipped for efficiency. A side-effect
|   is that the reported pressure is always 0 because it is not calculated.

--------------------------------------------------------------------------------
   3.  ATOMIC COORDINATES AND VELOCITIES
--------------------------------------------------------------------------------

default_name                                                                    
 begin time read from input coords =     0.000 ps



           Begin reading energy term weight changes/NMR restraints
 WEIGHT CHANGES:
                         ** No weight changes given **

 RESTRAINTS:
 Requested file redirections:
  DISANG    = disang.rest
  LISTOUT   = POUT
 Restraints will be read from file: disang.rest
Here are comments from the DISANG input file:

                       Number of restraints read =     9

                  Done reading weight changes/NMR restraints


 
 Number of triangulated 3-point waters found:     3000

     Sum of charges from parm topology file =   0.00000002
     Forcing neutrality...

| Dynamic Memory, Types Used:
| Reals              528921
| Integers           284277

| Nonbonded Pairs Initial Allocation:     2102844

| GPU memory information (estimate):
| KB of GPU memory in use:         0
| KB of CPU memory in use:         0

--------------------------------------------------------------------------------
   4.  RESULTS
--------------------------------------------------------------------------------


 NSTEP =        0   TIME(PS) =       0.000  TEMP(K) =   444.61  PRESS =     0.0
 Etot   =    -30559.4932  EKtot   =      8217.6737  EPtot      =    -38777.1669
 BOND   =        20.3463  ANGLE   =        55.0376  DIHED      =       103.3131
 1-4 NB =        68.5884  1-4 EEL =        60.4422  VDWAALS    =      6215.1922
 EELEC  =    -45302.2843  EHBOND  =         0.0000  RESTRAINT  =         2.1976
 EAMBER (non-restraint)  =    -38779.3645
 EKCMT  =         0.0000  VIRIAL  =         0.0000  VOLUME     =    127171.9299
                                                    Density    =         0.7436
 ------------------------------------------------------------------------------

 NMR restraints: Bond =    0.233   Angle =     1.860   Torsion =     0.051
===============================================================================

 NSTEP =      500   TIME(PS) =       1.000  TEMP(K) =   262.63  PRESS =     0.0
 Etot   =    -25755.3786  EKtot   =      4854.2471  EPtot      =    -30609.6257
 BOND   =        44.3060  ANGLE   =       112.9071  DIHED      =       125.2601
 1-4 NB =        75.8245  1-4 EEL =        60.1275  VDWAALS    =      4625.1834
 EELEC  =    -35656.2435  EHBOND  =         0.0000  RESTRAINT  =         3.0091
 EAMBER (non-restraint)  =    -30612.6348
 EKCMT  =         0.0000  VIRIAL  =         0.0000  VOLUME     =    125735.8581
                                                    Density    =         0.7521
 ------------------------------------------------------------------------------

 NMR restraints: Bond =    0.231   Angle =     0.689   Torsion =     0.557
===============================================================================
| MC Barostat: Increasing size of volume moves

 NSTEP =     1000   TIME(PS) =       2.000  TEMP(K) =   286.42  PRESS =     0.0
 Etot   =    -24924.4866  EKtot   =      5293.8765  EPtot      =    -30218.3630
 BOND   =        51.7560  ANGLE   =       104.5348  DIHED      =       142.7410
 1-4 NB =        77.9663  1-4 EEL =        63.5787  VDWAALS    =      4753.7692
 EELEC  =    -35419.9537  EHBOND  =         0.0000  RESTRAINT  =         7.2447
 EAMBER (non-restraint)  =    -30225.6078
 EKCMT  =         0.0000  VIRIAL  =         0.0000  VOLUME     =    123188.1263
                                                    Density    =         0.7677
 ------------------------------------------------------------------------------

 NMR restraints: Bond =    0.872   Angle =     2.001   Torsion =     0.091
===============================================================================

 NSTEP =     1500   TIME(PS) =       3.000  TEMP(K) =   293.86  PRESS =     0.0
 Etot   =    -24670.6333  EKtot   =      5431.3770  EPtot      =    -30102.0103
 BOND   =        63.2426  ANGLE   =       114.7903  DIHED      =       131.3856
 1-4 NB =        77.0314  1-4 EEL =        60.9130  VDWAALS    =      4097.7395
 EELEC  =    -34650.3044  EHBOND  =         0.0000  RESTRAINT  =         3.1918
 EAMBER (non-restraint)  =    -30105.2020
 EKCMT  =         0.0000  VIRIAL  =         0.0000  VOLUME     =    121235.4129
                                                    Density    =         0.7800
 ------------------------------------------------------------------------------

 NMR restraints: Bond =    0.471   Angle =     0.720   Torsion =     0.688
===============================================================================

 NSTEP =     2000   TIME(PS) =       4.000  TEMP(K) =   295.85  PRESS =     0.0
 Etot   =    -24526.6220  EKtot   =      5468.2158  EPtot      =    -29994.8378
 BOND   =        53.3945  ANGLE   =       117.0594  DIHED      =       139.0147
 1-4 NB =        78.7648  1-4 EEL =        61.5877  VDWAALS    =      4568.9988
 EELEC  =    -35020.4290  EHBOND  =         0.0000  RESTRAINT  =         6.7713
 EAMBER (non-restraint)  =    -30001.6091
 EKCMT  =         0.0000  VIRIAL  =         0.0000  VOLUME     =    119848.5374
                                                    Density    =         0.7891
 ------------------------------------------------------------------------------

 NMR restraints: Bond =    0.945   Angle =     1.780   Torsion =     0.245
===============================================================================

 NSTEP =     2500   TIME(PS) =       5.000  TEMP(K) =   299.93  PRESS =     0.0
 Etot   =    -24546.9921  EKtot   =      5543.5825  EPtot      =    -30090.5746
 BOND   =        48.4721  ANGLE   =       104.0913  DIHED      =       139.4877
 1-4 NB =        77.9038  1-4 EEL =        63.3029  VDWAALS    =      4299.4091
 EELEC  =    -34830.3013  EHBOND  =         0.0000  RESTRAINT  =         7.0597
 EAMBER (non-restraint)  =    -30097.6343
 EKCMT  =         0.0000  VIRIAL  =         0.0000  VOLUME     =    119468.5265
                                                    Density    =         0.7916
 ------------------------------------------------------------------------------

 NMR restraints: Bond =    0.032   Angle =     0.977   Torsion =     0.983
===============================================================================

 NSTEP =     3000   TIME(PS) =       6.000  TEMP(K) =   299.10  PRESS =     0.0
 Etot   =    -24769.1237  EKtot   =      5528.2188  EPtot      =    -30297.3425
 BOND   =        48.8796  ANGLE   =       113.9782  DIHED      =       129.3932
 1-4 NB =        76.3651  1-4 EEL =        60.2530  VDWAALS    =      3972.7588
 EELEC  =    -34703.0324  EHBOND  =         0.0000  RESTRAINT  =         4.0620
 EAMBER (non-restraint)  =    -30301.4045
 EKCMT  =         0.0000  VIRIAL  =         0.0000  VOLUME     =    117269.4201
                                                    Density    =         0.8064
 ------------------------------------------------------------------------------

 NMR restraints: Bond =    0.703   Angle =     1.330   Torsion =     0.164
===============================================================================

 NSTEP =     3500   TIME(PS) =       7.000  TEMP(K) =   300.09  PRESS =     0.0
 Etot   =    -24799.7458  EKtot   =      5546.4556  EPtot      =    -30346.2014
 BOND   =        50.5824  ANGLE   =       106.1738  DIHED      =       135.7086
 1-4 NB =        80.2309  1-4 EEL =        58.5659  VDWAALS    =      4221.6833
 EELEC  =    -35003.5323  EHBOND  =         0.0000  RESTRAINT  =         4.3860
 EAMBER (non-restraint)  =    -30350.5874
 EKCMT  =         0.0000  VIRIAL  =         0.0000  VOLUME     =    116057.6935
                                                    Density    =         0.8148
 ------------------------------------------------------------------------------

 NMR restraints: Bond =    0.274   Angle =     0.960   Torsion =     0.749
===============================================================================

 NSTEP =     4000   TIME(PS) =       8.000  TEMP(K) =   295.72  PRESS =     0.0
 Etot   =    -24914.8745  EKtot   =      5465.7920  EPtot      =    -30380.6665
 BOND   =        58.5824  ANGLE   =       110.5985  DIHED      =       135.0941
 1-4 NB =        76.4118  1-4 EEL =        60.1070  VDWAALS    =      4412.3056
 EELEC  =    -35242.5063  EHBOND  =         0.0000  RESTRAINT  =         8.7406
 EAMBER (non-restraint)  =    -30389.4071
 EKCMT  =         0.0000  VIRIAL  =         0.0000  VOLUME     =    114217.1134
                                                    Density    =         0.8280
 ------------------------------------------------------------------------------

 NMR restraints: Bond =    0.936   Angle =     1.644   Torsion =     2.486
===============================================================================

 NSTEP =     4500   TIME(PS) =       9.000  TEMP(K) =   300.31  PRESS =     0.0
 Etot   =    -24790.8280  EKtot   =      5550.6729  EPtot      =    -30341.5009
 BOND   =        56.1615  ANGLE   =       114.6950  DIHED      =       140.9984
 1-4 NB =        68.8008  1-4 EEL =        61.2195  VDWAALS    =      4206.6137
 EELEC  =    -34992.6851  EHBOND  =         0.0000  RESTRAINT  =         2.6954
 EAMBER (non-restraint)  =    -30344.1963
 EKCMT  =         0.0000  VIRIAL  =         0.0000  VOLUME     =    113671.3189
                                                    Density    =         0.8319
 ------------------------------------------------------------------------------

 NMR restraints: Bond =    0.327   Angle =     0.762   Torsion =     0.221
===============================================================================

 NSTEP =     5000   TIME(PS) =      10.000  TEMP(K) =   298.29  PRESS =     0.0
 Etot   =    -24895.2335  EKtot   =      5513.1846  EPtot      =    -30408.4181
 BOND   =        58.1184  ANGLE   =       118.9286  DIHED      =       127.1021
 1-4 NB =        75.7879  1-4 EEL =        55.0928  VDWAALS    =      4230.6291
 EELEC  =    -35080.7487  EHBOND  =         0.0000  RESTRAINT  =         6.6718
 EAMBER (non-restraint)  =    -30415.0899
 EKCMT  =         0.0000  VIRIAL  =         0.0000  VOLUME     =    112646.7673
                                                    Density    =         0.8395
 ------------------------------------------------------------------------------

 NMR restraints: Bond =    0.388   Angle =     2.155   Torsion =     0.030
===============================================================================

 NSTEP =     5500   TIME(PS) =      11.000  TEMP(K) =   299.57  PRESS =     0.0
 Etot   =    -24991.5249  EKtot   =      5536.9893  EPtot      =    -30528.5142
 BOND   =        41.2861  ANGLE   =        95.7000  DIHED      =       143.6915
 1-4 NB =        81.9262  1-4 EEL =        61.6237  VDWAALS    =      4232.4464
 EELEC  =    -35190.7197  EHBOND  =         0.0000  RESTRAINT  =         5.5317
 EAMBER (non-restraint)  =    -30534.0458
 EKCMT  =         0.0000  VIRIAL  =         0.0000  VOLUME     =    110148.3193
                                                    Density    =         0.8586
 ------------------------------------------------------------------------------

 NMR restraints: Bond =    2.347   Angle =     0.713   Torsion =     1.439
===============================================================================

 NSTEP =     6000   TIME(PS) =      12.000  TEMP(K) =   299.19  PRESS =     0.0
 Etot   =    -25016.9486  EKtot   =      5529.9507  EPtot      =    -30546.8993
 BOND   =        54.4387  ANGLE   =       112.6826  DIHED      =       129.7595
 1-4 NB =        79.0523  1-4 EEL =        61.6888  VDWAALS    =      4306.2618
 EELEC  =    -35296.6557  EHBOND  =         0.0000  RESTRAINT  =         5.8727
 EAMBER (non-restraint)  =    -30552.7720
 EKCMT  =         0.0000  VIRIAL  =         0.0000  VOLUME     =    108692.6248
                                                    Density    =         0.8700
 ------------------------------------------------------------------------------

 NMR restraints: Bond =    2.346   Angle =     0.400   Torsion =     1.561
===============================================================================

 NSTEP =     6500   TIME(PS) =      13.000  TEMP(K) =   294.13  PRESS =     0.0
 Etot   =    -25094.1408  EKtot   =      5436.3311  EPtot      =    -30530.4718
 BOND   =        45.9399  ANGLE   =       111.1058  DIHED      =       121.8007
 1-4 NB =        80.4010  1-4 EEL =        66.8169  VDWAALS    =      4236.8319
 EELEC  =    -35198.9338  EHBOND  =         0.0000  RESTRAINT  =         5.5656
 EAMBER (non-restraint)  =    -30536.0374
 EKCMT  =         0.0000  VIRIAL  =         0.0000  VOLUME     =    108491.8916
                                                    Density    =         0.8717
 ------------------------------------------------------------------------------

 NMR restraints: Bond =    0.609   Angle =     1.864   Torsion =     2.225
===============================================================================

 NSTEP =     7000   TIME(PS) =      14.000  TEMP(K) =   294.18  PRESS =     0.0
 Etot   =    -25118.1008  EKtot   =      5437.3291  EPtot      =    -30555.4299
 BOND   =        42.8274  ANGLE   =       101.8125  DIHED      =       131.1157
 1-4 NB =        76.5899  1-4 EEL =        63.0110  VDWAALS    =      4118.5890
 EELEC  =    -35094.1968  EHBOND  =         0.0000  RESTRAINT  =         4.8215
 EAMBER (non-restraint)  =    -30560.2514
 EKCMT  =         0.0000  VIRIAL  =         0.0000  VOLUME     =    107395.5566
                                                    Density    =         0.8806
 ------------------------------------------------------------------------------

 NMR restraints: Bond =    0.724   Angle =     1.751   Torsion =     0.921
===============================================================================

 NSTEP =     7500   TIME(PS) =      15.000  TEMP(K) =   297.36  PRESS =     0.0
 Etot   =    -25009.7854  EKtot   =      5496.1396  EPtot      =    -30505.9250
 BOND   =        49.3403  ANGLE   =       102.9927  DIHED      =       130.7194
 1-4 NB =        76.7431  1-4 EEL =        61.5586  VDWAALS    =      4353.5053
 EELEC  =    -35289.1042  EHBOND  =         0.0000  RESTRAINT  =         8.3198
 EAMBER (non-restraint)  =    -30514.2448
 EKCMT  =         0.0000  VIRIAL  =         0.0000  VOLUME     =    105362.0865
                                                    Density    =         0.8976
 ------------------------------------------------------------------------------

 NMR restraints: Bond =    0.881   Angle =     2.407   Torsion =     1.073
===============================================================================

 NSTEP =     8000   TIME(PS) =      16.000  TEMP(K) =   301.31  PRESS =     0.0
 Etot   =    -24867.6840  EKtot   =      5569.1514  EPtot      =    -30436.8354
 BOND   =        54.4213  ANGLE   =       122.2826  DIHED      =       137.7774
 1-4 NB =        73.0903  1-4 EEL =        55.1963  VDWAALS    =      4181.7339
 EELEC  =    -35069.4898  EHBOND  =         0.0000  RESTRAINT  =         8.1526
 EAMBER (non-restraint)  =    -30444.9880
 EKCMT  =         0.0000  VIRIAL  =         0.0000  VOLUME     =    104686.6353
                                                    Density    =         0.9033
 ------------------------------------------------------------------------------

 NMR restraints: Bond =    3.023   Angle =     0.831   Torsion =     1.258
===============================================================================

 NSTEP =     8500   TIME(PS) =      17.000  TEMP(K) =   298.11  PRESS =     0.0
 Etot   =    -25064.8994  EKtot   =      5509.9893  EPtot      =    -30574.8887
 BOND   =        49.9072  ANGLE   =       108.2339  DIHED      =       137.2217
 1-4 NB =        74.1395  1-4 EEL =        59.2685  VDWAALS    =      4160.6985
 EELEC  =    -35169.7211  EHBOND  =         0.0000  RESTRAINT  =         5.3629
 EAMBER (non-restraint)  =    -30580.2516
 EKCMT  =         0.0000  VIRIAL  =         0.0000  VOLUME     =    103629.9581
                                                    Density    =         0.9126
 ------------------------------------------------------------------------------

 NMR restraints: Bond =    0.974   Angle =     1.925   Torsion =     0.782
===============================================================================

 NSTEP =     9000   TIME(PS) =      18.000  TEMP(K) =   295.09  PRESS =     0.0
 Etot   =    -25271.2762  EKtot   =      5454.0898  EPtot      =    -30725.3660
 BOND   =        54.9092  ANGLE   =       117.9691  DIHED      =       130.8828
 1-4 NB =        71.9029  1-4 EEL =        57.1824  VDWAALS    =      4091.8389
 EELEC  =    -35253.8189  EHBOND  =         0.0000  RESTRAINT  =         3.7676
 EAMBER (non-restraint)  =    -30729.1337
 EKCMT  =         0.0000  VIRIAL  =         0.0000  VOLUME     =    102631.9826
                                                    Density    =         0.9214
 ------------------------------------------------------------------------------

 NMR restraints: Bond =    0.738   Angle =     1.928   Torsion =     0.186
===============================================================================

 NSTEP =     9500   TIME(PS) =      19.000  TEMP(K) =   298.02  PRESS =     0.0
 Etot   =    -25146.5480  EKtot   =      5508.1782  EPtot      =    -30654.7262
 BOND   =        48.8141  ANGLE   =       103.1064  DIHED      =       132.2956
 1-4 NB =        75.6250  1-4 EEL =        59.7473  VDWAALS    =      4543.2881
 EELEC  =    -35623.6598  EHBOND  =         0.0000  RESTRAINT  =         6.0570
 EAMBER (non-restraint)  =    -30660.7833
 EKCMT  =         0.0000  VIRIAL  =         0.0000  VOLUME     =    101536.6571
                                                    Density    =         0.9314
 ------------------------------------------------------------------------------

 NMR restraints: Bond =    0.056   Angle =     1.807   Torsion =     0.584
===============================================================================

 NSTEP =    10000   TIME(PS) =      20.000  TEMP(K) =   300.51  PRESS =     0.0
 Etot   =    -25051.6823  EKtot   =      5554.3184  EPtot      =    -30606.0006
 BOND   =        51.7629  ANGLE   =       116.0453  DIHED      =       134.4401
 1-4 NB =        78.3004  1-4 EEL =        63.2090  VDWAALS    =      4116.8470
 EELEC  =    -35174.7969  EHBOND  =         0.0000  RESTRAINT  =         8.1917
 EAMBER (non-restraint)  =    -30614.1924
 EKCMT  =         0.0000  VIRIAL  =         0.0000  VOLUME     =     99877.1377
                                                    Density    =         0.9468
 ------------------------------------------------------------------------------

 NMR restraints: Bond =    0.345   Angle =     2.651   Torsion =     2.293
===============================================================================

 NSTEP =    10500   TIME(PS) =      21.000  TEMP(K) =   294.27  PRESS =     0.0
 Etot   =    -25326.6857  EKtot   =      5438.9697  EPtot      =    -30765.6555
 BOND   =        54.3003  ANGLE   =       123.2758  DIHED      =       129.9477
 1-4 NB =        71.1817  1-4 EEL =        61.9986  VDWAALS    =      4299.6584
 EELEC  =    -35512.2207  EHBOND  =         0.0000  RESTRAINT  =         6.2028
 EAMBER (non-restraint)  =    -30771.8582
 EKCMT  =         0.0000  VIRIAL  =         0.0000  VOLUME     =     99073.3167
                                                    Density    =         0.9545
 ------------------------------------------------------------------------------

 NMR restraints: Bond =    0.361   Angle =     2.666   Torsion =     0.629
===============================================================================

 NSTEP =    11000   TIME(PS) =      22.000  TEMP(K) =   292.58  PRESS =     0.0
 Etot   =    -25343.1324  EKtot   =      5407.6562  EPtot      =    -30750.7887
 BOND   =        55.5207  ANGLE   =       109.6796  DIHED      =       131.3386
 1-4 NB =        76.3393  1-4 EEL =        62.3160  VDWAALS    =      4174.1101
 EELEC  =    -35367.5043  EHBOND  =         0.0000  RESTRAINT  =         7.4113
 EAMBER (non-restraint)  =    -30758.2000
 EKCMT  =         0.0000  VIRIAL  =         0.0000  VOLUME     =     98275.4903
                                                    Density    =         0.9623
 ------------------------------------------------------------------------------

 NMR restraints: Bond =    0.275   Angle =     3.974   Torsion =     0.554
===============================================================================
