
          -------------------------------------------------------
          Amber 18 PMEMD                              2018
          -------------------------------------------------------

| PMEMD implementation of SANDER, Release 18

| Run on 05/02/2018 at 10:11:27

|   Executable path: pmemd.cuda
| Working directory: /oasis/tscc/scratch/davids4/SAMPLing-cut9/11499187.tscc-mgr.local
|          Hostname: tscc-gpu-9-6.sdsc.edu

  [-O]verwriting output

File Assignments:
|   MDIN: equil.000.in                                                          
|  MDOUT: equil.000.out                                                         
| INPCRD: minimize.rst7                                                         
|   PARM: solvate.prmtop                                                        
| RESTRT: equil.000.rst7                                                        
|   REFC: solvate.rst7                                                          
|  MDVEL: mdvel                                                                 
|   MDEN: equil.000.mden                                                        
|  MDCRD: equil.000.nc                                                          
| MDINFO: equil.000.mdinfo                                                      
|  MDFRC: mdfrc                                                                 


 Here is the input file:

PBC MD Simulation                                                              
 &cntrl                                                                        
  imin =          0,                                                           
  ntx =           1,                                                           
  irest =         0,                                                           
  maxcyc =        0,                                                           
  ncyc =          0,                                                           
  dt =            0.002,                                                       
  nstlim =        500000,                                                      
  ntpr =          500,                                                         
  ntwe =          500,                                                         
  ntwr =          250,                                                         
  ntwx =          250,                                                         
  ntxo =          1,                                                           
  ioutfm =        1,                                                           
  ntf =           2,                                                           
  ntc =           2,                                                           
  cut =           9.0,                                                         
  igb =           0,                                                           
  tempi =         298.15,                                                      
  temp0 =         298.15,                                                      
  ntt =           3,                                                           
  gamma_ln =      1.0,                                                         
  ig =            -1,                                                          
  ntp =           1,                                                           
  barostat =      2,                                                           
  ntr =           1,                                                           
  restraint_wt =  50.0,                                                        
  restraintmask = '@DUM',                                                      
  nmropt =        1,                                                           
  pencut =        -1,                                                          
  ntwprt =        206,                                                         
 /                                                                             
 &wt type = 'END', /                                                           
DISANG = disang.rest                                                           
LISTOUT = POUT                                                                 
                                                                               


Note: ig = -1. Setting random seed to    95851 based on wallclock time in 
      microseconds.
| irandom = 1, using AMBER's internal random number generator (default).
 
|--------------------- INFORMATION ----------------------
| GPU (CUDA) Version of PMEMD in use: NVIDIA GPU IN USE.
|                    Version 18.0.0
| 
|                      03/25/2018
| 
| Implementation by:
|                    Ross C. Walker     (SDSC)
|                    Scott Le Grand     (nVIDIA)
| 
| Version 18 performance extensions by:
|                    David Cerutti     (Rutgers)
| 
| Precision model in use:
|      [SPFP] - Single Precision Forces, 64-bit Fixed Point
|               Accumulation. (Default)
| 
|--------------------------------------------------------
 
|----------------- CITATION INFORMATION -----------------
|
|    When publishing work that utilized the CUDA version
|    of AMBER, please cite the following in addition to
|    the regular AMBER citations:
|
|  - Romelia Salomon-Ferrer; Andreas W. Goetz; Duncan
|    Poole; Scott Le Grand; Ross C. Walker "Routine
|    microsecond molecular dynamics simulations with
|    AMBER - Part II: Particle Mesh Ewald", J. Chem.
|    Theory Comput., 2013, 9 (9), pp3878-3888,
|    DOI: 10.1021/ct400314y.
|
|  - Andreas W. Goetz; Mark J. Williamson; Dong Xu;
|    Duncan Poole; Scott Le Grand; Ross C. Walker
|    "Routine microsecond molecular dynamics simulations
|    with AMBER - Part I: Generalized Born", J. Chem.
|    Theory Comput., 2012, 8 (5), pp1542-1555.
|
|  - Scott Le Grand; Andreas W. Goetz; Ross C. Walker
|    "SPFP: Speed without compromise - a mixed precision
|    model for GPU accelerated molecular dynamics
|    simulations.", Comp. Phys. Comm., 2013, 184
|    pp374-380, DOI: 10.1016/j.cpc.2012.09.022
|
|--------------------------------------------------------
 
|------------------- GPU DEVICE INFO --------------------
|
|            CUDA_VISIBLE_DEVICES: 6
|   CUDA Capable Devices Detected:      1
|           CUDA Device ID in use:      0
|                CUDA Device Name: GeForce GTX TITAN X
|     CUDA Device Global Mem Size:  12207 MB
| CUDA Device Num Multiprocessors:     24
|           CUDA Device Core Freq:   1.08 GHz
|
|--------------------------------------------------------
 
 
| Conditional Compilation Defines Used:
| PUBFFT
| BINTRAJ
| CUDA
| EMIL

| Largest sphere to fit in unit cell has radius =    20.773

| New format PARM file being parsed.
| Version =    1.000 Date = 04/23/18 Time = 20:10:30

| Note: 1-4 EEL scale factors are being read from the topology file.

| Note: 1-4 VDW scale factors are being read from the topology file.
| Duplicated    0 dihedrals

| Duplicated    0 dihedrals

--------------------------------------------------------------------------------
   1.  RESOURCE   USE: 
--------------------------------------------------------------------------------

 getting new box info from bottom of inpcrd
 NATOM  =    9223 NTYPES =      11 NBONH =    9067 MBONA  =     155
 NTHETH =     153 MTHETA =     232 NPHIH =     345 MPHIA  =     366
 NHPARM =       0 NPARM  =       0 NNB   =   13221 NRES   =    3022
 NBONA  =     155 NTHETA =     232 NPHIA =     366 NUMBND =      13
 NUMANG =      22 NPTRA  =      15 NATYP =      13 NPHB   =       0
 IFBOX  =       1 NMXRS  =     184 IFCAP =       0 NEXTRA =       0
 NCOPY  =       0

| Coordinate Index Table dimensions:     8    8   13
| Direct force subcell size =     5.1932    5.4715    5.2777

     BOX TYPE: RECTILINEAR

--------------------------------------------------------------------------------
   2.  CONTROL  DATA  FOR  THE  RUN
--------------------------------------------------------------------------------

default_name                                                                    

General flags:
     imin    =       0, nmropt  =       1

Nature and format of input:
     ntx     =       1, irest   =       0, ntrx    =       1

Nature and format of output:
     ntxo    =       1, ntpr    =     500, ntrx    =       1, ntwr    =     250
     iwrap   =       0, ntwx    =     250, ntwv    =       0, ntwe    =     500
     ioutfm  =       1, ntwprt  =     206, idecomp =       0, rbornstat=      0

Potential function:
     ntf     =       2, ntb     =       2, igb     =       0, nsnb    =      25
     ipol    =       0, gbsa    =       0, iesp    =       0
     dielc   =   1.00000, cut     =   9.00000, intdiel =   1.00000

Frozen or restrained atoms:
     ibelly  =       0, ntr     =       1
     restraint_wt =  50.00000

Molecular dynamics:
     nstlim  =    500000, nscm    =         0, nrespa  =         1
     t       =   0.00000, dt      =   0.00200, vlimit  =  -1.00000

Langevin dynamics temperature regulation:
     ig      =   95851
     temp0   = 298.15000, tempi   = 298.15000, gamma_ln=   1.00000

Pressure regulation:
     ntp     =       1
     pres0   =   1.00000, comp    =  44.60000, taup    =   1.00000
     Monte-Carlo Barostat:
     mcbarint  =     100

SHAKE:
     ntc     =       2, jfastw  =       0
     tol     =   0.00001

NMR refinement options:
     iscale  =       0, noeskp  =       1, ipnlty  =       1, mxsub   =       1
     scalm   = 100.00000, pencut  =  -1.00000, tausw   =   0.10000

| Intermolecular bonds treatment:
|     no_intermolecular_bonds =       1

| Energy averages sample interval:
|     ene_avg_sampling =     500

Ewald parameters:
     verbose =       0, ew_type =       0, nbflag  =       1, use_pme =       1
     vdwmeth =       1, eedmeth =       1, netfrc  =       1
     Box X =   41.545   Box Y =   43.772   Box Z =   68.610
     Alpha =   90.000   Beta  =   90.000   Gamma =   90.000
     NFFT1 =   48       NFFT2 =   48       NFFT3 =   72
     Cutoff=    9.000   Tol   =0.100E-04
     Ewald Coefficient =  0.30768
     Interpolation order =    4

    LOADING THE CONSTRAINED ATOMS AS GROUPS


   5.  REFERENCE ATOM COORDINATES

  default_name                                                                    
     Mask @DUM; matches     3 atoms
| MONTE CARLO BAROSTAT IMPORTANT NOTE:
|   The Monte-Carlo barostat does not require the virial to adjust the system volume.
|   Since it is an expensive calculation, it is skipped for efficiency. A side-effect
|   is that the reported pressure is always 0 because it is not calculated.

--------------------------------------------------------------------------------
   3.  ATOMIC COORDINATES AND VELOCITIES
--------------------------------------------------------------------------------

default_name                                                                    
 begin time read from input coords =     0.000 ps



           Begin reading energy term weight changes/NMR restraints
 WEIGHT CHANGES:
                         ** No weight changes given **

 RESTRAINTS:
 Requested file redirections:
  DISANG    = disang.rest
  LISTOUT   = POUT
 Restraints will be read from file: disang.rest
Here are comments from the DISANG input file:

                       Number of restraints read =     9

                  Done reading weight changes/NMR restraints


 
 Number of triangulated 3-point waters found:     3000

     Sum of charges from parm topology file =   0.00000002
     Forcing neutrality...

| Dynamic Memory, Types Used:
| Reals              528929
| Integers           284277

| Nonbonded Pairs Initial Allocation:     2102844

| GPU memory information (estimate):
| KB of GPU memory in use:         0
| KB of CPU memory in use:         0

--------------------------------------------------------------------------------
   4.  RESULTS
--------------------------------------------------------------------------------


 NSTEP =        0   TIME(PS) =       0.000  TEMP(K) =   442.60  PRESS =     0.0
 Etot   =    -30694.2986  EKtot   =      8180.5002  EPtot      =    -38874.7988
 BOND   =        12.5415  ANGLE   =        48.6992  DIHED      =       107.4454
 1-4 NB =        69.3115  1-4 EEL =        62.9094  VDWAALS    =      6120.1353
 EELEC  =    -45297.6466  EHBOND  =         0.0000  RESTRAINT  =         1.8054
 EAMBER (non-restraint)  =    -38876.6043
 EKCMT  =         0.0000  VIRIAL  =         0.0000  VOLUME     =    124768.4847
                                                    Density    =         0.7579
 ------------------------------------------------------------------------------

 NMR restraints: Bond =    0.034   Angle =     1.747   Torsion =     0.011
===============================================================================

 NSTEP =      500   TIME(PS) =       1.000  TEMP(K) =   260.93  PRESS =     0.0
 Etot   =    -25953.1461  EKtot   =      4822.8013  EPtot      =    -30775.9474
 BOND   =        50.0493  ANGLE   =       103.7410  DIHED      =       129.1792
 1-4 NB =        73.7114  1-4 EEL =        63.7135  VDWAALS    =      4563.3621
 EELEC  =    -35763.2429  EHBOND  =         0.0000  RESTRAINT  =         3.5390
 EAMBER (non-restraint)  =    -30779.4864
 EKCMT  =         0.0000  VIRIAL  =         0.0000  VOLUME     =    121388.7532
                                                    Density    =         0.7791
 ------------------------------------------------------------------------------

 NMR restraints: Bond =    0.300   Angle =     0.327   Torsion =     0.917
===============================================================================

 NSTEP =     1000   TIME(PS) =       2.000  TEMP(K) =   279.56  PRESS =     0.0
 Etot   =    -25244.3756  EKtot   =      5167.0728  EPtot      =    -30411.4484
 BOND   =        47.8455  ANGLE   =       100.5816  DIHED      =       143.6594
 1-4 NB =        77.2136  1-4 EEL =        68.2253  VDWAALS    =      4791.8017
 EELEC  =    -35645.6293  EHBOND  =         0.0000  RESTRAINT  =         4.8538
 EAMBER (non-restraint)  =    -30416.3022
 EKCMT  =         0.0000  VIRIAL  =         0.0000  VOLUME     =    119521.4350
                                                    Density    =         0.7912
 ------------------------------------------------------------------------------

 NMR restraints: Bond =    0.892   Angle =     1.260   Torsion =     1.600
===============================================================================

 NSTEP =     1500   TIME(PS) =       3.000  TEMP(K) =   294.72  PRESS =     0.0
 Etot   =    -24767.2041  EKtot   =      5447.3428  EPtot      =    -30214.5468
 BOND   =        44.8551  ANGLE   =       103.7315  DIHED      =       131.9566
 1-4 NB =        79.5045  1-4 EEL =        63.5917  VDWAALS    =      4255.2126
 EELEC  =    -34898.3818  EHBOND  =         0.0000  RESTRAINT  =         4.9829
 EAMBER (non-restraint)  =    -30219.5298
 EKCMT  =         0.0000  VIRIAL  =         0.0000  VOLUME     =    117449.4783
                                                    Density    =         0.8052
 ------------------------------------------------------------------------------

 NMR restraints: Bond =    0.100   Angle =     2.452   Torsion =     0.754
===============================================================================

 NSTEP =     2000   TIME(PS) =       4.000  TEMP(K) =   299.99  PRESS =     0.0
 Etot   =    -24657.8919  EKtot   =      5544.6045  EPtot      =    -30202.4964
 BOND   =        45.3166  ANGLE   =       117.3117  DIHED      =       134.7396
 1-4 NB =        71.3026  1-4 EEL =        59.2884  VDWAALS    =      4481.9140
 EELEC  =    -35117.6446  EHBOND  =         0.0000  RESTRAINT  =         5.2755
 EAMBER (non-restraint)  =    -30207.7718
 EKCMT  =         0.0000  VIRIAL  =         0.0000  VOLUME     =    115520.3680
                                                    Density    =         0.8186
 ------------------------------------------------------------------------------

 NMR restraints: Bond =    2.704   Angle =     1.050   Torsion =     0.202
===============================================================================

 NSTEP =     2500   TIME(PS) =       5.000  TEMP(K) =   298.74  PRESS =     0.0
 Etot   =    -24709.5632  EKtot   =      5521.5576  EPtot      =    -30231.1208
 BOND   =        53.7553  ANGLE   =        95.4886  DIHED      =       133.4132
 1-4 NB =        74.6954  1-4 EEL =        59.0424  VDWAALS    =      4134.7909
 EELEC  =    -34789.4075  EHBOND  =         0.0000  RESTRAINT  =         7.1008
 EAMBER (non-restraint)  =    -30238.2217
 EKCMT  =         0.0000  VIRIAL  =         0.0000  VOLUME     =    112891.5036
                                                    Density    =         0.8377
 ------------------------------------------------------------------------------

 NMR restraints: Bond =    1.145   Angle =     1.795   Torsion =     1.281
===============================================================================

 NSTEP =     3000   TIME(PS) =       6.000  TEMP(K) =   297.86  PRESS =     0.0
 Etot   =    -24687.6267  EKtot   =      5505.2480  EPtot      =    -30192.8748
 BOND   =        55.9615  ANGLE   =       111.4776  DIHED      =       131.9584
 1-4 NB =        73.0389  1-4 EEL =        63.3379  VDWAALS    =      4206.5532
 EELEC  =    -34838.8184  EHBOND  =         0.0000  RESTRAINT  =         3.6163
 EAMBER (non-restraint)  =    -30196.4911
 EKCMT  =         0.0000  VIRIAL  =         0.0000  VOLUME     =    112891.5036
                                                    Density    =         0.8377
 ------------------------------------------------------------------------------

 NMR restraints: Bond =    0.409   Angle =     2.390   Torsion =     0.309
===============================================================================

 NSTEP =     3500   TIME(PS) =       7.000  TEMP(K) =   295.01  PRESS =     0.0
 Etot   =    -24841.7787  EKtot   =      5452.5576  EPtot      =    -30294.3363
 BOND   =        53.3171  ANGLE   =       134.3304  DIHED      =       131.6367
 1-4 NB =        76.5443  1-4 EEL =        61.3228  VDWAALS    =      4155.2023
 EELEC  =    -34910.3417  EHBOND  =         0.0000  RESTRAINT  =         3.6519
 EAMBER (non-restraint)  =    -30297.9881
 EKCMT  =         0.0000  VIRIAL  =         0.0000  VOLUME     =    112598.7605
                                                    Density    =         0.8399
 ------------------------------------------------------------------------------

 NMR restraints: Bond =    0.199   Angle =     0.761   Torsion =     0.183
===============================================================================

 NSTEP =     4000   TIME(PS) =       8.000  TEMP(K) =   296.87  PRESS =     0.0
 Etot   =    -24917.2007  EKtot   =      5487.0674  EPtot      =    -30404.2681
 BOND   =        46.6039  ANGLE   =        98.6799  DIHED      =       130.6918
 1-4 NB =        78.1225  1-4 EEL =        58.7591  VDWAALS    =      4393.5520
 EELEC  =    -35214.0167  EHBOND  =         0.0000  RESTRAINT  =         3.3393
 EAMBER (non-restraint)  =    -30407.6074
 EKCMT  =         0.0000  VIRIAL  =         0.0000  VOLUME     =    110986.6669
                                                    Density    =         0.8521
 ------------------------------------------------------------------------------

 NMR restraints: Bond =    0.339   Angle =     1.339   Torsion =     0.360
===============================================================================

 NSTEP =     4500   TIME(PS) =       9.000  TEMP(K) =   295.12  PRESS =     0.0
 Etot   =    -24984.7964  EKtot   =      5454.7158  EPtot      =    -30439.5122
 BOND   =        52.3038  ANGLE   =       112.0922  DIHED      =       129.7744
 1-4 NB =        70.9613  1-4 EEL =        61.3721  VDWAALS    =      4284.4012
 EELEC  =    -35153.1034  EHBOND  =         0.0000  RESTRAINT  =         2.6862
 EAMBER (non-restraint)  =    -30442.1984
 EKCMT  =         0.0000  VIRIAL  =         0.0000  VOLUME     =    110087.5556
                                                    Density    =         0.8590
 ------------------------------------------------------------------------------

 NMR restraints: Bond =    0.160   Angle =     0.529   Torsion =     0.549
===============================================================================

 NSTEP =     5000   TIME(PS) =      10.000  TEMP(K) =   304.29  PRESS =     0.0
 Etot   =    -24802.7352  EKtot   =      5624.2412  EPtot      =    -30426.9764
 BOND   =        50.3569  ANGLE   =       100.7822  DIHED      =       130.9983
 1-4 NB =        76.6185  1-4 EEL =        63.9791  VDWAALS    =      4340.2384
 EELEC  =    -35192.2334  EHBOND  =         0.0000  RESTRAINT  =         2.2835
 EAMBER (non-restraint)  =    -30429.2599
 EKCMT  =         0.0000  VIRIAL  =         0.0000  VOLUME     =    108995.4159
                                                    Density    =         0.8676
 ------------------------------------------------------------------------------

 NMR restraints: Bond =    0.154   Angle =     1.318   Torsion =     0.231
===============================================================================

 NSTEP =     5500   TIME(PS) =      11.000  TEMP(K) =   296.55  PRESS =     0.0
 Etot   =    -24863.3072  EKtot   =      5481.1260  EPtot      =    -30344.4332
 BOND   =        49.9755  ANGLE   =       118.0179  DIHED      =       118.2390
 1-4 NB =        75.1453  1-4 EEL =        62.6387  VDWAALS    =      4320.9542
 EELEC  =    -35093.2416  EHBOND  =         0.0000  RESTRAINT  =         3.8377
 EAMBER (non-restraint)  =    -30348.2709
 EKCMT  =         0.0000  VIRIAL  =         0.0000  VOLUME     =    107125.1947
                                                    Density    =         0.8828
 ------------------------------------------------------------------------------

 NMR restraints: Bond =    0.328   Angle =     2.134   Torsion =     0.243
===============================================================================

 NSTEP =     6000   TIME(PS) =      12.000  TEMP(K) =   295.53  PRESS =     0.0
 Etot   =    -25087.7667  EKtot   =      5462.2944  EPtot      =    -30550.0611
 BOND   =        47.1475  ANGLE   =       110.2487  DIHED      =       127.4405
 1-4 NB =        77.7746  1-4 EEL =        65.2606  VDWAALS    =      4554.3142
 EELEC  =    -35535.3102  EHBOND  =         0.0000  RESTRAINT  =         3.0630
 EAMBER (non-restraint)  =    -30553.1242
 EKCMT  =         0.0000  VIRIAL  =         0.0000  VOLUME     =    105205.8331
                                                    Density    =         0.8989
 ------------------------------------------------------------------------------

 NMR restraints: Bond =    0.681   Angle =     0.516   Torsion =     0.502
===============================================================================

 NSTEP =     6500   TIME(PS) =      13.000  TEMP(K) =   295.12  PRESS =     0.0
 Etot   =    -25212.9543  EKtot   =      5454.6069  EPtot      =    -30667.5612
 BOND   =        51.8824  ANGLE   =       107.4976  DIHED      =       140.0611
 1-4 NB =        73.6402  1-4 EEL =        60.8268  VDWAALS    =      4212.0665
 EELEC  =    -35320.3067  EHBOND  =         0.0000  RESTRAINT  =         6.7709
 EAMBER (non-restraint)  =    -30674.3321
 EKCMT  =         0.0000  VIRIAL  =         0.0000  VOLUME     =    104116.4052
                                                    Density    =         0.9083
 ------------------------------------------------------------------------------

 NMR restraints: Bond =    0.114   Angle =     3.723   Torsion =     1.577
===============================================================================

 NSTEP =     7000   TIME(PS) =      14.000  TEMP(K) =   295.46  PRESS =     0.0
 Etot   =    -25206.7550  EKtot   =      5460.8735  EPtot      =    -30667.6286
 BOND   =        59.9566  ANGLE   =       113.7082  DIHED      =       129.2796
 1-4 NB =        73.4764  1-4 EEL =        65.3018  VDWAALS    =      4011.5396
 EELEC  =    -35124.4121  EHBOND  =         0.0000  RESTRAINT  =         3.5214
 EAMBER (non-restraint)  =    -30671.1499
 EKCMT  =         0.0000  VIRIAL  =         0.0000  VOLUME     =    103756.4310
                                                    Density    =         0.9114
 ------------------------------------------------------------------------------

 NMR restraints: Bond =    1.041   Angle =     0.508   Torsion =     0.326
===============================================================================

 NSTEP =     7500   TIME(PS) =      15.000  TEMP(K) =   300.10  PRESS =     0.0
 Etot   =    -25367.0090  EKtot   =      5546.7080  EPtot      =    -30913.7171
 BOND   =        49.3486  ANGLE   =        88.4464  DIHED      =       135.6300
 1-4 NB =        74.6905  1-4 EEL =        68.2305  VDWAALS    =      4424.0182
 EELEC  =    -35757.6583  EHBOND  =         0.0000  RESTRAINT  =         3.5771
 EAMBER (non-restraint)  =    -30917.2941
 EKCMT  =         0.0000  VIRIAL  =         0.0000  VOLUME     =    102566.7052
                                                    Density    =         0.9220
 ------------------------------------------------------------------------------

 NMR restraints: Bond =    0.021   Angle =     0.761   Torsion =     1.693
===============================================================================

 NSTEP =     8000   TIME(PS) =      16.000  TEMP(K) =   296.31  PRESS =     0.0
 Etot   =    -25457.5385  EKtot   =      5476.6284  EPtot      =    -30934.1670
 BOND   =        46.9588  ANGLE   =       105.3645  DIHED      =       125.5439
 1-4 NB =        76.7498  1-4 EEL =        57.7788  VDWAALS    =      4152.7317
 EELEC  =    -35503.3947  EHBOND  =         0.0000  RESTRAINT  =         4.1003
 EAMBER (non-restraint)  =    -30938.2673
 EKCMT  =         0.0000  VIRIAL  =         0.0000  VOLUME     =    100433.4868
                                                    Density    =         0.9416
 ------------------------------------------------------------------------------

 NMR restraints: Bond =    0.448   Angle =     0.330   Torsion =     0.860
===============================================================================

 NSTEP =     8500   TIME(PS) =      17.000  TEMP(K) =   293.62  PRESS =     0.0
 Etot   =    -25540.2894  EKtot   =      5426.8521  EPtot      =    -30967.1415
 BOND   =        52.7978  ANGLE   =       116.9525  DIHED      =       126.2929
 1-4 NB =        73.5186  1-4 EEL =        59.2658  VDWAALS    =      4466.4935
 EELEC  =    -35865.0186  EHBOND  =         0.0000  RESTRAINT  =         2.5560
 EAMBER (non-restraint)  =    -30969.6975
 EKCMT  =         0.0000  VIRIAL  =         0.0000  VOLUME     =     98820.2950
                                                    Density    =         0.9570
 ------------------------------------------------------------------------------

 NMR restraints: Bond =    0.274   Angle =     1.105   Torsion =     0.166
===============================================================================

 NSTEP =     9000   TIME(PS) =      18.000  TEMP(K) =   294.41  PRESS =     0.0
 Etot   =    -25526.1865  EKtot   =      5441.4907  EPtot      =    -30967.6773
 BOND   =        44.1818  ANGLE   =       119.0206  DIHED      =       121.9270
 1-4 NB =        75.8576  1-4 EEL =        62.9671  VDWAALS    =      4389.8265
 EELEC  =    -35787.5002  EHBOND  =         0.0000  RESTRAINT  =         6.0422
 EAMBER (non-restraint)  =    -30973.7195
 EKCMT  =         0.0000  VIRIAL  =         0.0000  VOLUME     =     98815.2269
                                                    Density    =         0.9570
 ------------------------------------------------------------------------------

 NMR restraints: Bond =    0.312   Angle =     2.486   Torsion =     0.365
===============================================================================

 NSTEP =     9500   TIME(PS) =      19.000  TEMP(K) =   298.31  PRESS =     0.0
 Etot   =    -25574.4321  EKtot   =      5513.5552  EPtot      =    -31087.9873
 BOND   =        51.8021  ANGLE   =       110.2029  DIHED      =       125.7198
 1-4 NB =        74.8173  1-4 EEL =        63.8758  VDWAALS    =      4545.8154
 EELEC  =    -36063.7051  EHBOND  =         0.0000  RESTRAINT  =         3.4844
 EAMBER (non-restraint)  =    -31091.4717
 EKCMT  =         0.0000  VIRIAL  =         0.0000  VOLUME     =     97616.1595
                                                    Density    =         0.9688
 ------------------------------------------------------------------------------

 NMR restraints: Bond =    0.241   Angle =     1.427   Torsion =     0.306
===============================================================================

 NSTEP =    10000   TIME(PS) =      20.000  TEMP(K) =   293.14  PRESS =     0.0
 Etot   =    -25628.2562  EKtot   =      5418.0220  EPtot      =    -31046.2782
 BOND   =        61.5127  ANGLE   =       124.7725  DIHED      =       135.8061
 1-4 NB =        75.8276  1-4 EEL =        63.6562  VDWAALS    =      4384.5148
 EELEC  =    -35899.0379  EHBOND  =         0.0000  RESTRAINT  =         6.6699
 EAMBER (non-restraint)  =    -31052.9481
 EKCMT  =         0.0000  VIRIAL  =         0.0000  VOLUME     =     96298.7155
                                                    Density    =         0.9820
 ------------------------------------------------------------------------------

 NMR restraints: Bond =    1.469   Angle =     0.601   Torsion =     0.875
===============================================================================

 NSTEP =    10500   TIME(PS) =      21.000  TEMP(K) =   297.95  PRESS =     0.0
 Etot   =    -25591.7562  EKtot   =      5506.9355  EPtot      =    -31098.6917
 BOND   =        55.4817  ANGLE   =       108.2893  DIHED      =       132.7820
 1-4 NB =        74.2346  1-4 EEL =        59.0175  VDWAALS    =      4458.7390
 EELEC  =    -35994.3594  EHBOND  =         0.0000  RESTRAINT  =         7.1236
 EAMBER (non-restraint)  =    -31105.8153
 EKCMT  =         0.0000  VIRIAL  =         0.0000  VOLUME     =     95808.3509
                                                    Density    =         0.9871
 ------------------------------------------------------------------------------

 NMR restraints: Bond =    1.463   Angle =     0.612   Torsion =     1.345
===============================================================================
