
          -------------------------------------------------------
          Amber 18 PMEMD                              2018
          -------------------------------------------------------

| PMEMD implementation of SANDER, Release 18

| Run on 05/02/2018 at 10:33:21

|   Executable path: pmemd.cuda
| Working directory: /oasis/tscc/scratch/davids4/SAMPLing-cut9/11499245.tscc-mgr.local
|          Hostname: tscc-gpu-9-1.sdsc.edu

  [-O]verwriting output

File Assignments:
|   MDIN: equil.000.in                                                          
|  MDOUT: equil.000.out                                                         
| INPCRD: minimize.rst7                                                         
|   PARM: solvate.prmtop                                                        
| RESTRT: equil.000.rst7                                                        
|   REFC: solvate.rst7                                                          
|  MDVEL: mdvel                                                                 
|   MDEN: equil.000.mden                                                        
|  MDCRD: equil.000.nc                                                          
| MDINFO: equil.000.mdinfo                                                      
|  MDFRC: mdfrc                                                                 


 Here is the input file:

PBC MD Simulation                                                              
 &cntrl                                                                        
  imin =          0,                                                           
  ntx =           1,                                                           
  irest =         0,                                                           
  maxcyc =        0,                                                           
  ncyc =          0,                                                           
  dt =            0.002,                                                       
  nstlim =        500000,                                                      
  ntpr =          500,                                                         
  ntwe =          500,                                                         
  ntwr =          250,                                                         
  ntwx =          250,                                                         
  ntxo =          1,                                                           
  ioutfm =        1,                                                           
  ntf =           2,                                                           
  ntc =           2,                                                           
  cut =           9.0,                                                         
  igb =           0,                                                           
  tempi =         298.15,                                                      
  temp0 =         298.15,                                                      
  ntt =           3,                                                           
  gamma_ln =      1.0,                                                         
  ig =            -1,                                                          
  ntp =           1,                                                           
  barostat =      2,                                                           
  ntr =           1,                                                           
  restraint_wt =  50.0,                                                        
  restraintmask = '@DUM',                                                      
  nmropt =        1,                                                           
  pencut =        -1,                                                          
  ntwprt =        204,                                                         
 /                                                                             
 &wt type = 'END', /                                                           
DISANG = disang.rest                                                           
LISTOUT = POUT                                                                 
                                                                               


Note: ig = -1. Setting random seed to   978120 based on wallclock time in 
      microseconds.
| irandom = 1, using AMBER's internal random number generator (default).
 
|--------------------- INFORMATION ----------------------
| GPU (CUDA) Version of PMEMD in use: NVIDIA GPU IN USE.
|                    Version 18.0.0
| 
|                      03/25/2018
| 
| Implementation by:
|                    Ross C. Walker     (SDSC)
|                    Scott Le Grand     (nVIDIA)
| 
| Version 18 performance extensions by:
|                    David Cerutti     (Rutgers)
| 
| Precision model in use:
|      [SPFP] - Single Precision Forces, 64-bit Fixed Point
|               Accumulation. (Default)
| 
|--------------------------------------------------------
 
|----------------- CITATION INFORMATION -----------------
|
|    When publishing work that utilized the CUDA version
|    of AMBER, please cite the following in addition to
|    the regular AMBER citations:
|
|  - Romelia Salomon-Ferrer; Andreas W. Goetz; Duncan
|    Poole; Scott Le Grand; Ross C. Walker "Routine
|    microsecond molecular dynamics simulations with
|    AMBER - Part II: Particle Mesh Ewald", J. Chem.
|    Theory Comput., 2013, 9 (9), pp3878-3888,
|    DOI: 10.1021/ct400314y.
|
|  - Andreas W. Goetz; Mark J. Williamson; Dong Xu;
|    Duncan Poole; Scott Le Grand; Ross C. Walker
|    "Routine microsecond molecular dynamics simulations
|    with AMBER - Part I: Generalized Born", J. Chem.
|    Theory Comput., 2012, 8 (5), pp1542-1555.
|
|  - Scott Le Grand; Andreas W. Goetz; Ross C. Walker
|    "SPFP: Speed without compromise - a mixed precision
|    model for GPU accelerated molecular dynamics
|    simulations.", Comp. Phys. Comm., 2013, 184
|    pp374-380, DOI: 10.1016/j.cpc.2012.09.022
|
|--------------------------------------------------------
 
|------------------- GPU DEVICE INFO --------------------
|
|            CUDA_VISIBLE_DEVICES: 0
|   CUDA Capable Devices Detected:      1
|           CUDA Device ID in use:      0
|                CUDA Device Name: GeForce GTX TITAN X
|     CUDA Device Global Mem Size:  12207 MB
| CUDA Device Num Multiprocessors:     24
|           CUDA Device Core Freq:   1.08 GHz
|
|--------------------------------------------------------
 
 
| Conditional Compilation Defines Used:
| PUBFFT
| BINTRAJ
| CUDA
| EMIL

| Largest sphere to fit in unit cell has radius =    21.056

| New format PARM file being parsed.
| Version =    1.000 Date = 04/23/18 Time = 19:55:56

| Note: 1-4 EEL scale factors are being read from the topology file.

| Note: 1-4 VDW scale factors are being read from the topology file.
| Duplicated    0 dihedrals

| Duplicated    0 dihedrals

--------------------------------------------------------------------------------
   1.  RESOURCE   USE: 
--------------------------------------------------------------------------------

 getting new box info from bottom of inpcrd
 NATOM  =    9221 NTYPES =      11 NBONH =    9065 MBONA  =     155
 NTHETH =     148 MTHETA =     231 NPHIH =     343 MPHIA  =     362
 NHPARM =       0 NPARM  =       0 NNB   =   13205 NRES   =    3022
 NBONA  =     155 NTHETA =     231 NPHIA =     362 NUMBND =      16
 NUMANG =      28 NPTRA  =      15 NATYP =      14 NPHB   =       0
 IFBOX  =       1 NMXRS  =     184 IFCAP =       0 NEXTRA =       0
 NCOPY  =       0

| Coordinate Index Table dimensions:     8    8   14
| Direct force subcell size =     5.2641    5.3276    5.0455

     BOX TYPE: RECTILINEAR

--------------------------------------------------------------------------------
   2.  CONTROL  DATA  FOR  THE  RUN
--------------------------------------------------------------------------------

default_name                                                                    

General flags:
     imin    =       0, nmropt  =       1

Nature and format of input:
     ntx     =       1, irest   =       0, ntrx    =       1

Nature and format of output:
     ntxo    =       1, ntpr    =     500, ntrx    =       1, ntwr    =     250
     iwrap   =       0, ntwx    =     250, ntwv    =       0, ntwe    =     500
     ioutfm  =       1, ntwprt  =     204, idecomp =       0, rbornstat=      0

Potential function:
     ntf     =       2, ntb     =       2, igb     =       0, nsnb    =      25
     ipol    =       0, gbsa    =       0, iesp    =       0
     dielc   =   1.00000, cut     =   9.00000, intdiel =   1.00000

Frozen or restrained atoms:
     ibelly  =       0, ntr     =       1
     restraint_wt =  50.00000

Molecular dynamics:
     nstlim  =    500000, nscm    =         0, nrespa  =         1
     t       =   0.00000, dt      =   0.00200, vlimit  =  -1.00000

Langevin dynamics temperature regulation:
     ig      =  978120
     temp0   = 298.15000, tempi   = 298.15000, gamma_ln=   1.00000

Pressure regulation:
     ntp     =       1
     pres0   =   1.00000, comp    =  44.60000, taup    =   1.00000
     Monte-Carlo Barostat:
     mcbarint  =     100

SHAKE:
     ntc     =       2, jfastw  =       0
     tol     =   0.00001

NMR refinement options:
     iscale  =       0, noeskp  =       1, ipnlty  =       1, mxsub   =       1
     scalm   = 100.00000, pencut  =  -1.00000, tausw   =   0.10000

| Intermolecular bonds treatment:
|     no_intermolecular_bonds =       1

| Energy averages sample interval:
|     ene_avg_sampling =     500

Ewald parameters:
     verbose =       0, ew_type =       0, nbflag  =       1, use_pme =       1
     vdwmeth =       1, eedmeth =       1, netfrc  =       1
     Box X =   42.113   Box Y =   42.620   Box Z =   70.636
     Alpha =   90.000   Beta  =   90.000   Gamma =   90.000
     NFFT1 =   48       NFFT2 =   48       NFFT3 =   72
     Cutoff=    9.000   Tol   =0.100E-04
     Ewald Coefficient =  0.30768
     Interpolation order =    4

    LOADING THE CONSTRAINED ATOMS AS GROUPS


   5.  REFERENCE ATOM COORDINATES

  default_name                                                                    
     Mask @DUM; matches     3 atoms
| MONTE CARLO BAROSTAT IMPORTANT NOTE:
|   The Monte-Carlo barostat does not require the virial to adjust the system volume.
|   Since it is an expensive calculation, it is skipped for efficiency. A side-effect
|   is that the reported pressure is always 0 because it is not calculated.

--------------------------------------------------------------------------------
   3.  ATOMIC COORDINATES AND VELOCITIES
--------------------------------------------------------------------------------

default_name                                                                    
 begin time read from input coords =     0.000 ps



           Begin reading energy term weight changes/NMR restraints
 WEIGHT CHANGES:
                         ** No weight changes given **

 RESTRAINTS:
 Requested file redirections:
  DISANG    = disang.rest
  LISTOUT   = POUT
 Restraints will be read from file: disang.rest
Here are comments from the DISANG input file:

                       Number of restraints read =     9

                  Done reading weight changes/NMR restraints


 
 Number of triangulated 3-point waters found:     3000

     Sum of charges from parm topology file =   0.00000002
     Forcing neutrality...

| Dynamic Memory, Types Used:
| Reals              528869
| Integers           283979

| Nonbonded Pairs Initial Allocation:     2102388

| GPU memory information (estimate):
| KB of GPU memory in use:         0
| KB of CPU memory in use:         0

--------------------------------------------------------------------------------
   4.  RESULTS
--------------------------------------------------------------------------------


 NSTEP =        0   TIME(PS) =       0.000  TEMP(K) =   445.77  PRESS =     0.0
 Etot   =    -30799.4822  EKtot   =      8237.2883  EPtot      =    -39036.7705
 BOND   =        15.7775  ANGLE   =        54.1798  DIHED      =       108.1090
 1-4 NB =        64.6478  1-4 EEL =        61.8825  VDWAALS    =      6287.5793
 EELEC  =    -45630.5442  EHBOND  =         0.0000  RESTRAINT  =         1.5978
 EAMBER (non-restraint)  =    -39038.3683
 EKCMT  =         0.0000  VIRIAL  =         0.0000  VOLUME     =    126782.4697
                                                    Density    =         0.7459
 ------------------------------------------------------------------------------

 NMR restraints: Bond =    0.517   Angle =     0.985   Torsion =     0.088
===============================================================================

 NSTEP =      500   TIME(PS) =       1.000  TEMP(K) =   262.31  PRESS =     0.0
 Etot   =    -25865.1325  EKtot   =      4847.2705  EPtot      =    -30712.4030
 BOND   =        49.5065  ANGLE   =        88.1083  DIHED      =       139.6714
 1-4 NB =        75.8991  1-4 EEL =        60.8757  VDWAALS    =      4650.7187
 EELEC  =    -35784.3161  EHBOND  =         0.0000  RESTRAINT  =         7.1335
 EAMBER (non-restraint)  =    -30719.5365
 EKCMT  =         0.0000  VIRIAL  =         0.0000  VOLUME     =    126333.8581
                                                    Density    =         0.7485
 ------------------------------------------------------------------------------

 NMR restraints: Bond =    0.942   Angle =     2.437   Torsion =     0.115
===============================================================================

 NSTEP =     1000   TIME(PS) =       2.000  TEMP(K) =   283.92  PRESS =     0.0
 Etot   =    -24993.3009  EKtot   =      5246.4941  EPtot      =    -30239.7950
 BOND   =        47.4179  ANGLE   =        97.4919  DIHED      =       137.1592
 1-4 NB =        78.0167  1-4 EEL =        66.6304  VDWAALS    =      4518.1736
 EELEC  =    -35192.2017  EHBOND  =         0.0000  RESTRAINT  =         7.5167
 EAMBER (non-restraint)  =    -30247.3118
 EKCMT  =         0.0000  VIRIAL  =         0.0000  VOLUME     =    123271.9703
                                                    Density    =         0.7671
 ------------------------------------------------------------------------------

 NMR restraints: Bond =    0.441   Angle =     2.041   Torsion =     0.467
===============================================================================

 NSTEP =     1500   TIME(PS) =       3.000  TEMP(K) =   293.74  PRESS =     0.0
 Etot   =    -24640.0351  EKtot   =      5428.0605  EPtot      =    -30068.0956
 BOND   =        64.8416  ANGLE   =       110.7143  DIHED      =       140.1333
 1-4 NB =        68.4256  1-4 EEL =        59.5703  VDWAALS    =      4409.9423
 EELEC  =    -34926.2469  EHBOND  =         0.0000  RESTRAINT  =         4.5239
 EAMBER (non-restraint)  =    -30072.6195
 EKCMT  =         0.0000  VIRIAL  =         0.0000  VOLUME     =    121231.4143
                                                    Density    =         0.7800
 ------------------------------------------------------------------------------

 NMR restraints: Bond =    0.111   Angle =     0.869   Torsion =     0.040
===============================================================================

 NSTEP =     2000   TIME(PS) =       4.000  TEMP(K) =   299.07  PRESS =     0.0
 Etot   =    -24599.2021  EKtot   =      5526.5562  EPtot      =    -30125.7583
 BOND   =        49.6358  ANGLE   =       113.0344  DIHED      =       132.8657
 1-4 NB =        77.1722  1-4 EEL =        61.7823  VDWAALS    =      4125.3839
 EELEC  =    -34687.8485  EHBOND  =         0.0000  RESTRAINT  =         2.2159
 EAMBER (non-restraint)  =    -30127.9741
 EKCMT  =         0.0000  VIRIAL  =         0.0000  VOLUME     =    119536.0773
                                                    Density    =         0.7911
 ------------------------------------------------------------------------------

 NMR restraints: Bond =    0.274   Angle =     0.294   Torsion =     0.496
===============================================================================

 NSTEP =     2500   TIME(PS) =       5.000  TEMP(K) =   304.07  PRESS =     0.0
 Etot   =    -24604.4975  EKtot   =      5618.8208  EPtot      =    -30223.3183
 BOND   =        50.4680  ANGLE   =       110.1509  DIHED      =       134.9029
 1-4 NB =        75.0791  1-4 EEL =        63.2781  VDWAALS    =      4273.3537
 EELEC  =    -34933.4593  EHBOND  =         0.0000  RESTRAINT  =         2.9083
 EAMBER (non-restraint)  =    -30226.2267
 EKCMT  =         0.0000  VIRIAL  =         0.0000  VOLUME     =    117472.9328
                                                    Density    =         0.8050
 ------------------------------------------------------------------------------

 NMR restraints: Bond =    0.002   Angle =     0.825   Torsion =     0.421
===============================================================================

 NSTEP =     3000   TIME(PS) =       6.000  TEMP(K) =   301.75  PRESS =     0.0
 Etot   =    -24637.3216  EKtot   =      5576.0034  EPtot      =    -30213.3250
 BOND   =        51.6706  ANGLE   =        99.4977  DIHED      =       136.5896
 1-4 NB =        74.3634  1-4 EEL =        62.7361  VDWAALS    =      4187.6331
 EELEC  =    -34829.0947  EHBOND  =         0.0000  RESTRAINT  =         3.2793
 EAMBER (non-restraint)  =    -30216.6042
 EKCMT  =         0.0000  VIRIAL  =         0.0000  VOLUME     =    115668.1732
                                                    Density    =         0.8176
 ------------------------------------------------------------------------------

 NMR restraints: Bond =    0.361   Angle =     1.078   Torsion =     0.766
===============================================================================

 NSTEP =     3500   TIME(PS) =       7.000  TEMP(K) =   302.04  PRESS =     0.0
 Etot   =    -24698.3669  EKtot   =      5581.4282  EPtot      =    -30279.7952
 BOND   =        67.2960  ANGLE   =       113.8167  DIHED      =       137.0940
 1-4 NB =        75.4532  1-4 EEL =        56.7979  VDWAALS    =      4503.7073
 EELEC  =    -35236.7926  EHBOND  =         0.0000  RESTRAINT  =         2.8323
 EAMBER (non-restraint)  =    -30282.6274
 EKCMT  =         0.0000  VIRIAL  =         0.0000  VOLUME     =    114895.0576
                                                    Density    =         0.8231
 ------------------------------------------------------------------------------

 NMR restraints: Bond =    0.610   Angle =     1.061   Torsion =     0.189
===============================================================================

 NSTEP =     4000   TIME(PS) =       8.000  TEMP(K) =   301.22  PRESS =     0.0
 Etot   =    -24776.0908  EKtot   =      5566.1270  EPtot      =    -30342.2178
 BOND   =        51.8261  ANGLE   =       104.8170  DIHED      =       133.7213
 1-4 NB =        78.9331  1-4 EEL =        64.1500  VDWAALS    =      4376.6247
 EELEC  =    -35156.1564  EHBOND  =         0.0000  RESTRAINT  =         3.8664
 EAMBER (non-restraint)  =    -30346.0842
 EKCMT  =         0.0000  VIRIAL  =         0.0000  VOLUME     =    113609.0578
                                                    Density    =         0.8324
 ------------------------------------------------------------------------------

 NMR restraints: Bond =    0.140   Angle =     0.710   Torsion =     1.816
===============================================================================

 NSTEP =     4500   TIME(PS) =       9.000  TEMP(K) =   300.59  PRESS =     0.0
 Etot   =    -24798.4047  EKtot   =      5554.5195  EPtot      =    -30352.9242
 BOND   =        61.1354  ANGLE   =       117.1478  DIHED      =       131.0444
 1-4 NB =        71.8128  1-4 EEL =        63.3575  VDWAALS    =      4079.9043
 EELEC  =    -34884.3264  EHBOND  =         0.0000  RESTRAINT  =         6.9999
 EAMBER (non-restraint)  =    -30359.9241
 EKCMT  =         0.0000  VIRIAL  =         0.0000  VOLUME     =    112376.4302
                                                    Density    =         0.8415
 ------------------------------------------------------------------------------

 NMR restraints: Bond =    0.392   Angle =     2.018   Torsion =     2.396
===============================================================================

 NSTEP =     5000   TIME(PS) =      10.000  TEMP(K) =   299.13  PRESS =     0.0
 Etot   =    -25015.2132  EKtot   =      5527.6138  EPtot      =    -30542.8270
 BOND   =        53.2796  ANGLE   =       112.0151  DIHED      =       138.4812
 1-4 NB =        78.1544  1-4 EEL =        65.4736  VDWAALS    =      4592.1107
 EELEC  =    -35587.8982  EHBOND  =         0.0000  RESTRAINT  =         5.5565
 EAMBER (non-restraint)  =    -30548.3835
 EKCMT  =         0.0000  VIRIAL  =         0.0000  VOLUME     =    110013.2804
                                                    Density    =         0.8596
 ------------------------------------------------------------------------------

 NMR restraints: Bond =    0.021   Angle =     2.677   Torsion =     0.369
===============================================================================

 NSTEP =     5500   TIME(PS) =      11.000  TEMP(K) =   294.87  PRESS =     0.0
 Etot   =    -25095.8611  EKtot   =      5448.7983  EPtot      =    -30544.6594
 BOND   =        48.6246  ANGLE   =       116.8495  DIHED      =       137.2946
 1-4 NB =        75.9490  1-4 EEL =        67.3733  VDWAALS    =      4476.1740
 EELEC  =    -35469.6063  EHBOND  =         0.0000  RESTRAINT  =         2.6819
 EAMBER (non-restraint)  =    -30547.3413
 EKCMT  =         0.0000  VIRIAL  =         0.0000  VOLUME     =    107675.2368
                                                    Density    =         0.8782
 ------------------------------------------------------------------------------

 NMR restraints: Bond =    0.247   Angle =     1.430   Torsion =     0.118
===============================================================================

 NSTEP =     6000   TIME(PS) =      12.000  TEMP(K) =   297.97  PRESS =     0.0
 Etot   =    -24957.7791  EKtot   =      5506.2017  EPtot      =    -30463.9807
 BOND   =        55.9604  ANGLE   =       122.1437  DIHED      =       133.3817
 1-4 NB =        72.0135  1-4 EEL =        59.5366  VDWAALS    =      4101.6357
 EELEC  =    -35015.4840  EHBOND  =         0.0000  RESTRAINT  =         6.8315
 EAMBER (non-restraint)  =    -30470.8123
 EKCMT  =         0.0000  VIRIAL  =         0.0000  VOLUME     =    107763.5058
                                                    Density    =         0.8775
 ------------------------------------------------------------------------------

 NMR restraints: Bond =    0.096   Angle =     4.488   Torsion =     0.378
===============================================================================

 NSTEP =     6500   TIME(PS) =      13.000  TEMP(K) =   293.59  PRESS =     0.0
 Etot   =    -25145.1882  EKtot   =      5425.1748  EPtot      =    -30570.3630
 BOND   =        59.6421  ANGLE   =       115.6297  DIHED      =       137.7976
 1-4 NB =        68.7395  1-4 EEL =        64.4463  VDWAALS    =      4181.2628
 EELEC  =    -35203.6967  EHBOND  =         0.0000  RESTRAINT  =         5.8156
 EAMBER (non-restraint)  =    -30576.1787
 EKCMT  =         0.0000  VIRIAL  =         0.0000  VOLUME     =    107002.6810
                                                    Density    =         0.8838
 ------------------------------------------------------------------------------

 NMR restraints: Bond =    0.301   Angle =     1.040   Torsion =     2.123
===============================================================================
