
          -------------------------------------------------------
          Amber 18 PMEMD                              2018
          -------------------------------------------------------

| PMEMD implementation of SANDER, Release 18

| Run on 05/02/2018 at 10:31:44

|   Executable path: pmemd.cuda
| Working directory: /oasis/tscc/scratch/davids4/SAMPLing-cut9/11499234.tscc-mgr.local
|          Hostname: tscc-gpu-5-9.sdsc.edu

  [-O]verwriting output

File Assignments:
|   MDIN: equil.000.in                                                          
|  MDOUT: equil.000.out                                                         
| INPCRD: minimize.rst7                                                         
|   PARM: solvate.prmtop                                                        
| RESTRT: equil.000.rst7                                                        
|   REFC: solvate.rst7                                                          
|  MDVEL: mdvel                                                                 
|   MDEN: equil.000.mden                                                        
|  MDCRD: equil.000.nc                                                          
| MDINFO: equil.000.mdinfo                                                      
|  MDFRC: mdfrc                                                                 


 Here is the input file:

PBC MD Simulation                                                              
 &cntrl                                                                        
  imin =          0,                                                           
  ntx =           1,                                                           
  irest =         0,                                                           
  maxcyc =        0,                                                           
  ncyc =          0,                                                           
  dt =            0.002,                                                       
  nstlim =        500000,                                                      
  ntpr =          500,                                                         
  ntwe =          500,                                                         
  ntwr =          250,                                                         
  ntwx =          250,                                                         
  ntxo =          1,                                                           
  ioutfm =        1,                                                           
  ntf =           2,                                                           
  ntc =           2,                                                           
  cut =           9.0,                                                         
  igb =           0,                                                           
  tempi =         298.15,                                                      
  temp0 =         298.15,                                                      
  ntt =           3,                                                           
  gamma_ln =      1.0,                                                         
  ig =            -1,                                                          
  ntp =           1,                                                           
  barostat =      2,                                                           
  ntr =           1,                                                           
  restraint_wt =  50.0,                                                        
  restraintmask = '@DUM',                                                      
  nmropt =        1,                                                           
  pencut =        -1,                                                          
  ntwprt =        204,                                                         
 /                                                                             
 &wt type = 'END', /                                                           
DISANG = disang.rest                                                           
LISTOUT = POUT                                                                 
                                                                               


Note: ig = -1. Setting random seed to   695966 based on wallclock time in 
      microseconds.
| irandom = 1, using AMBER's internal random number generator (default).
 
|--------------------- INFORMATION ----------------------
| GPU (CUDA) Version of PMEMD in use: NVIDIA GPU IN USE.
|                    Version 18.0.0
| 
|                      03/25/2018
| 
| Implementation by:
|                    Ross C. Walker     (SDSC)
|                    Scott Le Grand     (nVIDIA)
| 
| Version 18 performance extensions by:
|                    David Cerutti     (Rutgers)
| 
| Precision model in use:
|      [SPFP] - Single Precision Forces, 64-bit Fixed Point
|               Accumulation. (Default)
| 
|--------------------------------------------------------
 
|----------------- CITATION INFORMATION -----------------
|
|    When publishing work that utilized the CUDA version
|    of AMBER, please cite the following in addition to
|    the regular AMBER citations:
|
|  - Romelia Salomon-Ferrer; Andreas W. Goetz; Duncan
|    Poole; Scott Le Grand; Ross C. Walker "Routine
|    microsecond molecular dynamics simulations with
|    AMBER - Part II: Particle Mesh Ewald", J. Chem.
|    Theory Comput., 2013, 9 (9), pp3878-3888,
|    DOI: 10.1021/ct400314y.
|
|  - Andreas W. Goetz; Mark J. Williamson; Dong Xu;
|    Duncan Poole; Scott Le Grand; Ross C. Walker
|    "Routine microsecond molecular dynamics simulations
|    with AMBER - Part I: Generalized Born", J. Chem.
|    Theory Comput., 2012, 8 (5), pp1542-1555.
|
|  - Scott Le Grand; Andreas W. Goetz; Ross C. Walker
|    "SPFP: Speed without compromise - a mixed precision
|    model for GPU accelerated molecular dynamics
|    simulations.", Comp. Phys. Comm., 2013, 184
|    pp374-380, DOI: 10.1016/j.cpc.2012.09.022
|
|--------------------------------------------------------
 
|------------------- GPU DEVICE INFO --------------------
|
|            CUDA_VISIBLE_DEVICES: 2
|   CUDA Capable Devices Detected:      1
|           CUDA Device ID in use:      0
|                CUDA Device Name: GeForce GTX TITAN X
|     CUDA Device Global Mem Size:  12207 MB
| CUDA Device Num Multiprocessors:     24
|           CUDA Device Core Freq:   1.08 GHz
|
|--------------------------------------------------------
 
 
| Conditional Compilation Defines Used:
| PUBFFT
| BINTRAJ
| CUDA
| EMIL

| Largest sphere to fit in unit cell has radius =    21.056

| New format PARM file being parsed.
| Version =    1.000 Date = 04/23/18 Time = 19:56:48

| Note: 1-4 EEL scale factors are being read from the topology file.

| Note: 1-4 VDW scale factors are being read from the topology file.
| Duplicated    0 dihedrals

| Duplicated    0 dihedrals

--------------------------------------------------------------------------------
   1.  RESOURCE   USE: 
--------------------------------------------------------------------------------

 getting new box info from bottom of inpcrd
 NATOM  =    9221 NTYPES =      11 NBONH =    9065 MBONA  =     155
 NTHETH =     148 MTHETA =     231 NPHIH =     343 MPHIA  =     362
 NHPARM =       0 NPARM  =       0 NNB   =   13205 NRES   =    3022
 NBONA  =     155 NTHETA =     231 NPHIA =     362 NUMBND =      16
 NUMANG =      28 NPTRA  =      15 NATYP =      14 NPHB   =       0
 IFBOX  =       1 NMXRS  =     184 IFCAP =       0 NEXTRA =       0
 NCOPY  =       0

| Coordinate Index Table dimensions:     8    8   14
| Direct force subcell size =     5.2641    5.3276    5.0501

     BOX TYPE: RECTILINEAR

--------------------------------------------------------------------------------
   2.  CONTROL  DATA  FOR  THE  RUN
--------------------------------------------------------------------------------

default_name                                                                    

General flags:
     imin    =       0, nmropt  =       1

Nature and format of input:
     ntx     =       1, irest   =       0, ntrx    =       1

Nature and format of output:
     ntxo    =       1, ntpr    =     500, ntrx    =       1, ntwr    =     250
     iwrap   =       0, ntwx    =     250, ntwv    =       0, ntwe    =     500
     ioutfm  =       1, ntwprt  =     204, idecomp =       0, rbornstat=      0

Potential function:
     ntf     =       2, ntb     =       2, igb     =       0, nsnb    =      25
     ipol    =       0, gbsa    =       0, iesp    =       0
     dielc   =   1.00000, cut     =   9.00000, intdiel =   1.00000

Frozen or restrained atoms:
     ibelly  =       0, ntr     =       1
     restraint_wt =  50.00000

Molecular dynamics:
     nstlim  =    500000, nscm    =         0, nrespa  =         1
     t       =   0.00000, dt      =   0.00200, vlimit  =  -1.00000

Langevin dynamics temperature regulation:
     ig      =  695966
     temp0   = 298.15000, tempi   = 298.15000, gamma_ln=   1.00000

Pressure regulation:
     ntp     =       1
     pres0   =   1.00000, comp    =  44.60000, taup    =   1.00000
     Monte-Carlo Barostat:
     mcbarint  =     100

SHAKE:
     ntc     =       2, jfastw  =       0
     tol     =   0.00001

NMR refinement options:
     iscale  =       0, noeskp  =       1, ipnlty  =       1, mxsub   =       1
     scalm   = 100.00000, pencut  =  -1.00000, tausw   =   0.10000

| Intermolecular bonds treatment:
|     no_intermolecular_bonds =       1

| Energy averages sample interval:
|     ene_avg_sampling =     500

Ewald parameters:
     verbose =       0, ew_type =       0, nbflag  =       1, use_pme =       1
     vdwmeth =       1, eedmeth =       1, netfrc  =       1
     Box X =   42.113   Box Y =   42.620   Box Z =   70.701
     Alpha =   90.000   Beta  =   90.000   Gamma =   90.000
     NFFT1 =   48       NFFT2 =   48       NFFT3 =   72
     Cutoff=    9.000   Tol   =0.100E-04
     Ewald Coefficient =  0.30768
     Interpolation order =    4

    LOADING THE CONSTRAINED ATOMS AS GROUPS


   5.  REFERENCE ATOM COORDINATES

  default_name                                                                    
     Mask @DUM; matches     3 atoms
| MONTE CARLO BAROSTAT IMPORTANT NOTE:
|   The Monte-Carlo barostat does not require the virial to adjust the system volume.
|   Since it is an expensive calculation, it is skipped for efficiency. A side-effect
|   is that the reported pressure is always 0 because it is not calculated.

--------------------------------------------------------------------------------
   3.  ATOMIC COORDINATES AND VELOCITIES
--------------------------------------------------------------------------------

default_name                                                                    
 begin time read from input coords =     0.000 ps



           Begin reading energy term weight changes/NMR restraints
 WEIGHT CHANGES:
                         ** No weight changes given **

 RESTRAINTS:
 Requested file redirections:
  DISANG    = disang.rest
  LISTOUT   = POUT
 Restraints will be read from file: disang.rest
Here are comments from the DISANG input file:

                       Number of restraints read =     9

                  Done reading weight changes/NMR restraints


 
 Number of triangulated 3-point waters found:     3000

     Sum of charges from parm topology file =   0.00000002
     Forcing neutrality...

| Dynamic Memory, Types Used:
| Reals              528869
| Integers           283979

| Nonbonded Pairs Initial Allocation:     2102388

| GPU memory information (estimate):
| KB of GPU memory in use:         0
| KB of CPU memory in use:         0

--------------------------------------------------------------------------------
   4.  RESULTS
--------------------------------------------------------------------------------


 NSTEP =        0   TIME(PS) =       0.000  TEMP(K) =   444.75  PRESS =     0.0
 Etot   =    -30587.3392  EKtot   =      8218.4975  EPtot      =    -38805.8367
 BOND   =        24.0599  ANGLE   =        63.0615  DIHED      =       106.6868
 1-4 NB =        66.3627  1-4 EEL =        61.9825  VDWAALS    =      6201.1151
 EELEC  =    -45330.0933  EHBOND  =         0.0000  RESTRAINT  =         0.9880
 EAMBER (non-restraint)  =    -38806.8247
 EKCMT  =         0.0000  VIRIAL  =         0.0000  VOLUME     =    126898.0982
                                                    Density    =         0.7452
 ------------------------------------------------------------------------------

 NMR restraints: Bond =    0.228   Angle =     0.621   Torsion =     0.123
===============================================================================

 NSTEP =      500   TIME(PS) =       1.000  TEMP(K) =   265.99  PRESS =     0.0
 Etot   =    -25769.1432  EKtot   =      4915.1265  EPtot      =    -30684.2697
 BOND   =        47.0516  ANGLE   =       105.8952  DIHED      =       134.3714
 1-4 NB =        76.3370  1-4 EEL =        61.8214  VDWAALS    =      4592.6355
 EELEC  =    -35709.3510  EHBOND  =         0.0000  RESTRAINT  =         6.9693
 EAMBER (non-restraint)  =    -30691.2390
 EKCMT  =         0.0000  VIRIAL  =         0.0000  VOLUME     =    126084.1989
                                                    Density    =         0.7500
 ------------------------------------------------------------------------------

 NMR restraints: Bond =    0.132   Angle =     2.801   Torsion =     0.999
===============================================================================

 NSTEP =     1000   TIME(PS) =       2.000  TEMP(K) =   284.95  PRESS =     0.0
 Etot   =    -24922.5791  EKtot   =      5265.6338  EPtot      =    -30188.2128
 BOND   =        47.9559  ANGLE   =       103.0509  DIHED      =       133.0981
 1-4 NB =        77.3245  1-4 EEL =        62.9018  VDWAALS    =      4471.7349
 EELEC  =    -35093.4370  EHBOND  =         0.0000  RESTRAINT  =         9.1581
 EAMBER (non-restraint)  =    -30197.3709
 EKCMT  =         0.0000  VIRIAL  =         0.0000  VOLUME     =    124077.8869
                                                    Density    =         0.7621
 ------------------------------------------------------------------------------

 NMR restraints: Bond =    0.886   Angle =     2.296   Torsion =     1.041
===============================================================================

 NSTEP =     1500   TIME(PS) =       3.000  TEMP(K) =   287.13  PRESS =     0.0
 Etot   =    -24722.7217  EKtot   =      5305.8594  EPtot      =    -30028.5811
 BOND   =        43.5958  ANGLE   =       114.6910  DIHED      =       130.6319
 1-4 NB =        76.0392  1-4 EEL =        60.1735  VDWAALS    =      4127.4527
 EELEC  =    -34587.0921  EHBOND  =         0.0000  RESTRAINT  =         5.9269
 EAMBER (non-restraint)  =    -30034.5079
 EKCMT  =         0.0000  VIRIAL  =         0.0000  VOLUME     =    123734.1095
                                                    Density    =         0.7643
 ------------------------------------------------------------------------------

 NMR restraints: Bond =    0.046   Angle =     3.196   Torsion =     0.977
===============================================================================

 NSTEP =     2000   TIME(PS) =       4.000  TEMP(K) =   284.92  PRESS =     0.0
 Etot   =    -24601.5421  EKtot   =      5264.9575  EPtot      =    -29866.4996
 BOND   =        48.6459  ANGLE   =       102.9252  DIHED      =       131.9778
 1-4 NB =        80.9380  1-4 EEL =        62.9717  VDWAALS    =      4331.5593
 EELEC  =    -34631.7078  EHBOND  =         0.0000  RESTRAINT  =         6.1903
 EAMBER (non-restraint)  =    -29872.6899
 EKCMT  =         0.0000  VIRIAL  =         0.0000  VOLUME     =    122134.9639
                                                    Density    =         0.7743
 ------------------------------------------------------------------------------

 NMR restraints: Bond =    0.609   Angle =     1.558   Torsion =     0.671
===============================================================================

 NSTEP =     2500   TIME(PS) =       5.000  TEMP(K) =   299.77  PRESS =     0.0
 Etot   =    -24461.6490  EKtot   =      5539.4810  EPtot      =    -30001.1299
 BOND   =        55.0117  ANGLE   =       109.2689  DIHED      =       138.6679
 1-4 NB =        77.2914  1-4 EEL =        63.9468  VDWAALS    =      4167.7802
 EELEC  =    -34621.2766  EHBOND  =         0.0000  RESTRAINT  =         8.1796
 EAMBER (non-restraint)  =    -30009.3095
 EKCMT  =         0.0000  VIRIAL  =         0.0000  VOLUME     =    121357.6349
                                                    Density    =         0.7792
 ------------------------------------------------------------------------------

 NMR restraints: Bond =    0.128   Angle =     2.912   Torsion =     0.764
===============================================================================

 NSTEP =     3000   TIME(PS) =       6.000  TEMP(K) =   299.58  PRESS =     0.0
 Etot   =    -24565.5042  EKtot   =      5535.9487  EPtot      =    -30101.4529
 BOND   =        52.4533  ANGLE   =       104.6487  DIHED      =       138.2707
 1-4 NB =        72.1427  1-4 EEL =        60.9300  VDWAALS    =      4073.0818
 EELEC  =    -34608.1818  EHBOND  =         0.0000  RESTRAINT  =         5.2019
 EAMBER (non-restraint)  =    -30106.6548
 EKCMT  =         0.0000  VIRIAL  =         0.0000  VOLUME     =    119184.9875
                                                    Density    =         0.7934
 ------------------------------------------------------------------------------

 NMR restraints: Bond =    0.860   Angle =     1.402   Torsion =     0.774
===============================================================================

 NSTEP =     3500   TIME(PS) =       7.000  TEMP(K) =   291.59  PRESS =     0.0
 Etot   =    -24812.4669  EKtot   =      5388.2778  EPtot      =    -30200.7447
 BOND   =        59.8348  ANGLE   =       101.7806  DIHED      =       133.4485
 1-4 NB =        74.1744  1-4 EEL =        68.2781  VDWAALS    =      4252.1202
 EELEC  =    -34897.7448  EHBOND  =         0.0000  RESTRAINT  =         7.3635
 EAMBER (non-restraint)  =    -30208.1082
 EKCMT  =         0.0000  VIRIAL  =         0.0000  VOLUME     =    117776.3449
                                                    Density    =         0.8029
 ------------------------------------------------------------------------------

 NMR restraints: Bond =    1.084   Angle =     1.431   Torsion =     1.292
===============================================================================

 NSTEP =     4000   TIME(PS) =       8.000  TEMP(K) =   295.36  PRESS =     0.0
 Etot   =    -24820.6980  EKtot   =      5457.9185  EPtot      =    -30278.6165
 BOND   =        52.7815  ANGLE   =       106.4784  DIHED      =       127.3675
 1-4 NB =        76.4680  1-4 EEL =        61.7952  VDWAALS    =      4095.6027
 EELEC  =    -34804.9208  EHBOND  =         0.0000  RESTRAINT  =         5.8110
 EAMBER (non-restraint)  =    -30284.4275
 EKCMT  =         0.0000  VIRIAL  =         0.0000  VOLUME     =    116853.4784
                                                    Density    =         0.8093
 ------------------------------------------------------------------------------

 NMR restraints: Bond =    0.771   Angle =     2.373   Torsion =     0.354
===============================================================================

 NSTEP =     4500   TIME(PS) =       9.000  TEMP(K) =   297.64  PRESS =     0.0
 Etot   =    -24869.0590  EKtot   =      5500.0479  EPtot      =    -30369.1069
 BOND   =        48.7751  ANGLE   =       112.7930  DIHED      =       128.5987
 1-4 NB =        78.2233  1-4 EEL =        57.7882  VDWAALS    =      4144.7186
 EELEC  =    -34948.5361  EHBOND  =         0.0000  RESTRAINT  =         8.5324
 EAMBER (non-restraint)  =    -30377.6393
 EKCMT  =         0.0000  VIRIAL  =         0.0000  VOLUME     =    115042.6408
                                                    Density    =         0.8220
 ------------------------------------------------------------------------------

 NMR restraints: Bond =    1.267   Angle =     2.982   Torsion =     0.256
===============================================================================

 NSTEP =     5000   TIME(PS) =      10.000  TEMP(K) =   301.02  PRESS =     0.0
 Etot   =    -24741.7104  EKtot   =      5562.5542  EPtot      =    -30304.2646
 BOND   =        61.4863  ANGLE   =       106.6965  DIHED      =       136.3050
 1-4 NB =        75.0324  1-4 EEL =        69.4328  VDWAALS    =      4142.2716
 EELEC  =    -34901.9162  EHBOND  =         0.0000  RESTRAINT  =         6.4269
 EAMBER (non-restraint)  =    -30310.6916
 EKCMT  =         0.0000  VIRIAL  =         0.0000  VOLUME     =    114083.3565
                                                    Density    =         0.8289
 ------------------------------------------------------------------------------

 NMR restraints: Bond =    0.570   Angle =     1.883   Torsion =     0.667
===============================================================================

 NSTEP =     5500   TIME(PS) =      11.000  TEMP(K) =   299.47  PRESS =     0.0
 Etot   =    -24804.6776  EKtot   =      5533.8145  EPtot      =    -30338.4921
 BOND   =        53.4106  ANGLE   =       114.5411  DIHED      =       127.8425
 1-4 NB =        74.0346  1-4 EEL =        66.2677  VDWAALS    =      4276.7317
 EELEC  =    -35059.4448  EHBOND  =         0.0000  RESTRAINT  =         8.1244
 EAMBER (non-restraint)  =    -30346.6165
 EKCMT  =         0.0000  VIRIAL  =         0.0000  VOLUME     =    112847.7274
                                                    Density    =         0.8380
 ------------------------------------------------------------------------------

 NMR restraints: Bond =    0.574   Angle =     2.444   Torsion =     3.745
===============================================================================

 NSTEP =     6000   TIME(PS) =      12.000  TEMP(K) =   291.20  PRESS =     0.0
 Etot   =    -24835.9908  EKtot   =      5381.0825  EPtot      =    -30217.0733
 BOND   =        59.8641  ANGLE   =       122.5621  DIHED      =       136.4545
 1-4 NB =        75.1919  1-4 EEL =        64.7867  VDWAALS    =      4164.5429
 EELEC  =    -34848.1303  EHBOND  =         0.0000  RESTRAINT  =         7.6548
 EAMBER (non-restraint)  =    -30224.7281
 EKCMT  =         0.0000  VIRIAL  =         0.0000  VOLUME     =    111423.0981
                                                    Density    =         0.8487
 ------------------------------------------------------------------------------

 NMR restraints: Bond =    1.311   Angle =     0.999   Torsion =     0.944
===============================================================================

 NSTEP =     6500   TIME(PS) =      13.000  TEMP(K) =   295.57  PRESS =     0.0
 Etot   =    -25002.9481  EKtot   =      5461.8994  EPtot      =    -30464.8475
 BOND   =        56.4122  ANGLE   =       106.4330  DIHED      =       147.8899
 1-4 NB =        79.2249  1-4 EEL =        66.5128  VDWAALS    =      4519.8140
 EELEC  =    -35447.1100  EHBOND  =         0.0000  RESTRAINT  =         5.9758
 EAMBER (non-restraint)  =    -30470.8233
 EKCMT  =         0.0000  VIRIAL  =         0.0000  VOLUME     =    109022.6266
                                                    Density    =         0.8674
 ------------------------------------------------------------------------------

 NMR restraints: Bond =    0.053   Angle =     0.991   Torsion =     0.868
===============================================================================

 NSTEP =     7000   TIME(PS) =      14.000  TEMP(K) =   300.56  PRESS =     0.0
 Etot   =    -25015.0866  EKtot   =      5553.9282  EPtot      =    -30569.0149
 BOND   =        50.9041  ANGLE   =       114.2193  DIHED      =       130.1339
 1-4 NB =        77.6536  1-4 EEL =        62.1903  VDWAALS    =      4595.3097
 EELEC  =    -35603.7067  EHBOND  =         0.0000  RESTRAINT  =         4.2810
 EAMBER (non-restraint)  =    -30573.2958
 EKCMT  =         0.0000  VIRIAL  =         0.0000  VOLUME     =    107455.9890
                                                    Density    =         0.8800
 ------------------------------------------------------------------------------

 NMR restraints: Bond =    0.300   Angle =     2.049   Torsion =     0.030
===============================================================================

 NSTEP =     7500   TIME(PS) =      15.000  TEMP(K) =   296.04  PRESS =     0.0
 Etot   =    -24968.7656  EKtot   =      5470.4492  EPtot      =    -30439.2148
 BOND   =        51.9505  ANGLE   =       112.7865  DIHED      =       139.8784
 1-4 NB =        75.8208  1-4 EEL =        62.4508  VDWAALS    =      4079.6536
 EELEC  =    -34967.7352  EHBOND  =         0.0000  RESTRAINT  =         5.9797
 EAMBER (non-restraint)  =    -30445.1945
 EKCMT  =         0.0000  VIRIAL  =         0.0000  VOLUME     =    107015.3523
                                                    Density    =         0.8837
 ------------------------------------------------------------------------------

 NMR restraints: Bond =    0.101   Angle =     1.460   Torsion =     0.384
===============================================================================
