
          -------------------------------------------------------
          Amber 18 PMEMD                              2018
          -------------------------------------------------------

| PMEMD implementation of SANDER, Release 18

| Run on 05/02/2018 at 12:32:01

|   Executable path: pmemd.cuda
| Working directory: /oasis/tscc/scratch/davids4/SAMPLing-cut9/11499341.tscc-mgr.local
|          Hostname: tscc-gpu-5-9.sdsc.edu

  [-O]verwriting output

File Assignments:
|   MDIN: equil.000.in                                                          
|  MDOUT: equil.000.out                                                         
| INPCRD: minimize.rst7                                                         
|   PARM: solvate.prmtop                                                        
| RESTRT: equil.000.rst7                                                        
|   REFC: solvate.rst7                                                          
|  MDVEL: mdvel                                                                 
|   MDEN: equil.000.mden                                                        
|  MDCRD: equil.000.nc                                                          
| MDINFO: equil.000.mdinfo                                                      
|  MDFRC: mdfrc                                                                 


 Here is the input file:

PBC MD Simulation                                                              
 &cntrl                                                                        
  imin =          0,                                                           
  ntx =           1,                                                           
  irest =         0,                                                           
  maxcyc =        0,                                                           
  ncyc =          0,                                                           
  dt =            0.002,                                                       
  nstlim =        500000,                                                      
  ntpr =          500,                                                         
  ntwe =          500,                                                         
  ntwr =          250,                                                         
  ntwx =          250,                                                         
  ntxo =          1,                                                           
  ioutfm =        1,                                                           
  ntf =           2,                                                           
  ntc =           2,                                                           
  cut =           9.0,                                                         
  igb =           0,                                                           
  tempi =         298.15,                                                      
  temp0 =         298.15,                                                      
  ntt =           3,                                                           
  gamma_ln =      1.0,                                                         
  ig =            -1,                                                          
  ntp =           1,                                                           
  barostat =      2,                                                           
  ntr =           1,                                                           
  restraint_wt =  50.0,                                                        
  restraintmask = '@DUM',                                                      
  nmropt =        1,                                                           
  pencut =        -1,                                                          
  ntwprt =        204,                                                         
 /                                                                             
 &wt type = 'END', /                                                           
DISANG = disang.rest                                                           
LISTOUT = POUT                                                                 
                                                                               


Note: ig = -1. Setting random seed to    27285 based on wallclock time in 
      microseconds.
| irandom = 1, using AMBER's internal random number generator (default).
 
|--------------------- INFORMATION ----------------------
| GPU (CUDA) Version of PMEMD in use: NVIDIA GPU IN USE.
|                    Version 18.0.0
| 
|                      03/25/2018
| 
| Implementation by:
|                    Ross C. Walker     (SDSC)
|                    Scott Le Grand     (nVIDIA)
| 
| Version 18 performance extensions by:
|                    David Cerutti     (Rutgers)
| 
| Precision model in use:
|      [SPFP] - Single Precision Forces, 64-bit Fixed Point
|               Accumulation. (Default)
| 
|--------------------------------------------------------
 
|----------------- CITATION INFORMATION -----------------
|
|    When publishing work that utilized the CUDA version
|    of AMBER, please cite the following in addition to
|    the regular AMBER citations:
|
|  - Romelia Salomon-Ferrer; Andreas W. Goetz; Duncan
|    Poole; Scott Le Grand; Ross C. Walker "Routine
|    microsecond molecular dynamics simulations with
|    AMBER - Part II: Particle Mesh Ewald", J. Chem.
|    Theory Comput., 2013, 9 (9), pp3878-3888,
|    DOI: 10.1021/ct400314y.
|
|  - Andreas W. Goetz; Mark J. Williamson; Dong Xu;
|    Duncan Poole; Scott Le Grand; Ross C. Walker
|    "Routine microsecond molecular dynamics simulations
|    with AMBER - Part I: Generalized Born", J. Chem.
|    Theory Comput., 2012, 8 (5), pp1542-1555.
|
|  - Scott Le Grand; Andreas W. Goetz; Ross C. Walker
|    "SPFP: Speed without compromise - a mixed precision
|    model for GPU accelerated molecular dynamics
|    simulations.", Comp. Phys. Comm., 2013, 184
|    pp374-380, DOI: 10.1016/j.cpc.2012.09.022
|
|--------------------------------------------------------
 
|------------------- GPU DEVICE INFO --------------------
|
|            CUDA_VISIBLE_DEVICES: 2
|   CUDA Capable Devices Detected:      1
|           CUDA Device ID in use:      0
|                CUDA Device Name: GeForce GTX TITAN X
|     CUDA Device Global Mem Size:  12207 MB
| CUDA Device Num Multiprocessors:     24
|           CUDA Device Core Freq:   1.08 GHz
|
|--------------------------------------------------------
 
 
| Conditional Compilation Defines Used:
| PUBFFT
| BINTRAJ
| CUDA
| EMIL

| Largest sphere to fit in unit cell has radius =    20.946

| New format PARM file being parsed.
| Version =    1.000 Date = 04/23/18 Time = 20:05:37

| Note: 1-4 EEL scale factors are being read from the topology file.

| Note: 1-4 VDW scale factors are being read from the topology file.
| Duplicated    0 dihedrals

| Duplicated    0 dihedrals

--------------------------------------------------------------------------------
   1.  RESOURCE   USE: 
--------------------------------------------------------------------------------

 getting new box info from bottom of inpcrd
 NATOM  =    9221 NTYPES =      11 NBONH =    9065 MBONA  =     155
 NTHETH =     148 MTHETA =     231 NPHIH =     343 MPHIA  =     362
 NHPARM =       0 NPARM  =       0 NNB   =   13205 NRES   =    3022
 NBONA  =     155 NTHETA =     231 NPHIA =     362 NUMBND =      16
 NUMANG =      28 NPTRA  =      15 NATYP =      14 NPHB   =       0
 IFBOX  =       1 NMXRS  =     184 IFCAP =       0 NEXTRA =       0
 NCOPY  =       0

| Coordinate Index Table dimensions:     8    8   14
| Direct force subcell size =     5.4385    5.2364    5.0387

     BOX TYPE: RECTILINEAR

--------------------------------------------------------------------------------
   2.  CONTROL  DATA  FOR  THE  RUN
--------------------------------------------------------------------------------

default_name                                                                    

General flags:
     imin    =       0, nmropt  =       1

Nature and format of input:
     ntx     =       1, irest   =       0, ntrx    =       1

Nature and format of output:
     ntxo    =       1, ntpr    =     500, ntrx    =       1, ntwr    =     250
     iwrap   =       0, ntwx    =     250, ntwv    =       0, ntwe    =     500
     ioutfm  =       1, ntwprt  =     204, idecomp =       0, rbornstat=      0

Potential function:
     ntf     =       2, ntb     =       2, igb     =       0, nsnb    =      25
     ipol    =       0, gbsa    =       0, iesp    =       0
     dielc   =   1.00000, cut     =   9.00000, intdiel =   1.00000

Frozen or restrained atoms:
     ibelly  =       0, ntr     =       1
     restraint_wt =  50.00000

Molecular dynamics:
     nstlim  =    500000, nscm    =         0, nrespa  =         1
     t       =   0.00000, dt      =   0.00200, vlimit  =  -1.00000

Langevin dynamics temperature regulation:
     ig      =   27285
     temp0   = 298.15000, tempi   = 298.15000, gamma_ln=   1.00000

Pressure regulation:
     ntp     =       1
     pres0   =   1.00000, comp    =  44.60000, taup    =   1.00000
     Monte-Carlo Barostat:
     mcbarint  =     100

SHAKE:
     ntc     =       2, jfastw  =       0
     tol     =   0.00001

NMR refinement options:
     iscale  =       0, noeskp  =       1, ipnlty  =       1, mxsub   =       1
     scalm   = 100.00000, pencut  =  -1.00000, tausw   =   0.10000

| Intermolecular bonds treatment:
|     no_intermolecular_bonds =       1

| Energy averages sample interval:
|     ene_avg_sampling =     500

Ewald parameters:
     verbose =       0, ew_type =       0, nbflag  =       1, use_pme =       1
     vdwmeth =       1, eedmeth =       1, netfrc  =       1
     Box X =   43.508   Box Y =   41.891   Box Z =   70.541
     Alpha =   90.000   Beta  =   90.000   Gamma =   90.000
     NFFT1 =   48       NFFT2 =   48       NFFT3 =   72
     Cutoff=    9.000   Tol   =0.100E-04
     Ewald Coefficient =  0.30768
     Interpolation order =    4

    LOADING THE CONSTRAINED ATOMS AS GROUPS


   5.  REFERENCE ATOM COORDINATES

  default_name                                                                    
     Mask @DUM; matches     3 atoms
| MONTE CARLO BAROSTAT IMPORTANT NOTE:
|   The Monte-Carlo barostat does not require the virial to adjust the system volume.
|   Since it is an expensive calculation, it is skipped for efficiency. A side-effect
|   is that the reported pressure is always 0 because it is not calculated.

--------------------------------------------------------------------------------
   3.  ATOMIC COORDINATES AND VELOCITIES
--------------------------------------------------------------------------------

default_name                                                                    
 begin time read from input coords =     0.000 ps



           Begin reading energy term weight changes/NMR restraints
 WEIGHT CHANGES:
                         ** No weight changes given **

 RESTRAINTS:
 Requested file redirections:
  DISANG    = disang.rest
  LISTOUT   = POUT
 Restraints will be read from file: disang.rest
Here are comments from the DISANG input file:

                       Number of restraints read =     9

                  Done reading weight changes/NMR restraints


 
 Number of triangulated 3-point waters found:     3000

     Sum of charges from parm topology file =   0.00000002
     Forcing neutrality...

| Dynamic Memory, Types Used:
| Reals              528869
| Integers           283979

| Nonbonded Pairs Initial Allocation:     2102388

| GPU memory information (estimate):
| KB of GPU memory in use:         0
| KB of CPU memory in use:         0

--------------------------------------------------------------------------------
   4.  RESULTS
--------------------------------------------------------------------------------


 NSTEP =        0   TIME(PS) =       0.000  TEMP(K) =   445.11  PRESS =     0.0
 Etot   =    -30679.3317  EKtot   =      8225.1632  EPtot      =    -38904.4948
 BOND   =        15.1493  ANGLE   =        54.8499  DIHED      =       105.4507
 1-4 NB =        66.6451  1-4 EEL =        60.1583  VDWAALS    =      6243.7914
 EELEC  =    -45451.4651  EHBOND  =         0.0000  RESTRAINT  =         0.9256
 EAMBER (non-restraint)  =    -38905.4204
 EKCMT  =         0.0000  VIRIAL  =         0.0000  VOLUME     =    128569.1850
                                                    Density    =         0.7355
 ------------------------------------------------------------------------------

 NMR restraints: Bond =    0.262   Angle =     0.369   Torsion =     0.228
===============================================================================

 NSTEP =      500   TIME(PS) =       1.000  TEMP(K) =   266.03  PRESS =     0.0
 Etot   =    -25727.6340  EKtot   =      4915.9409  EPtot      =    -30643.5750
 BOND   =        43.7538  ANGLE   =       102.1591  DIHED      =       124.3396
 1-4 NB =        75.5515  1-4 EEL =        61.7621  VDWAALS    =      4871.5313
 EELEC  =    -35925.3993  EHBOND  =         0.0000  RESTRAINT  =         2.7269
 EAMBER (non-restraint)  =    -30646.3019
 EKCMT  =         0.0000  VIRIAL  =         0.0000  VOLUME     =    126289.7157
                                                    Density    =         0.7488
 ------------------------------------------------------------------------------

 NMR restraints: Bond =    0.151   Angle =     1.439   Torsion =     0.516
===============================================================================

 NSTEP =     1000   TIME(PS) =       2.000  TEMP(K) =   286.96  PRESS =     0.0
 Etot   =    -25032.3174  EKtot   =      5302.7583  EPtot      =    -30335.0757
 BOND   =        50.4718  ANGLE   =       100.0564  DIHED      =       129.6342
 1-4 NB =        76.9103  1-4 EEL =        60.1492  VDWAALS    =      4428.5254
 EELEC  =    -35185.7593  EHBOND  =         0.0000  RESTRAINT  =         4.9363
 EAMBER (non-restraint)  =    -30340.0120
 EKCMT  =         0.0000  VIRIAL  =         0.0000  VOLUME     =    123481.0298
                                                    Density    =         0.7658
 ------------------------------------------------------------------------------

 NMR restraints: Bond =    0.572   Angle =     1.867   Torsion =     0.060
===============================================================================

 NSTEP =     1500   TIME(PS) =       3.000  TEMP(K) =   291.99  PRESS =     0.0
 Etot   =    -24835.1066  EKtot   =      5395.6792  EPtot      =    -30230.7858
 BOND   =        64.4294  ANGLE   =       110.7825  DIHED      =       134.8881
 1-4 NB =        73.6271  1-4 EEL =        62.4067  VDWAALS    =      4310.3054
 EELEC  =    -34990.0474  EHBOND  =         0.0000  RESTRAINT  =         2.8224
 EAMBER (non-restraint)  =    -30233.6082
 EKCMT  =         0.0000  VIRIAL  =         0.0000  VOLUME     =    121328.4523
                                                    Density    =         0.7794
 ------------------------------------------------------------------------------

 NMR restraints: Bond =    0.099   Angle =     1.464   Torsion =     0.258
===============================================================================

 NSTEP =     2000   TIME(PS) =       4.000  TEMP(K) =   297.40  PRESS =     0.0
 Etot   =    -24646.3506  EKtot   =      5495.6235  EPtot      =    -30141.9742
 BOND   =        52.7869  ANGLE   =       103.5970  DIHED      =       135.3904
 1-4 NB =        77.7259  1-4 EEL =        63.0513  VDWAALS    =      4144.7785
 EELEC  =    -34723.5250  EHBOND  =         0.0000  RESTRAINT  =         4.2207
 EAMBER (non-restraint)  =    -30146.1949
 EKCMT  =         0.0000  VIRIAL  =         0.0000  VOLUME     =    120177.2795
                                                    Density    =         0.7869
 ------------------------------------------------------------------------------

 NMR restraints: Bond =    0.233   Angle =     1.269   Torsion =     0.552
===============================================================================

 NSTEP =     2500   TIME(PS) =       5.000  TEMP(K) =   298.82  PRESS =     0.0
 Etot   =    -24566.8640  EKtot   =      5521.7871  EPtot      =    -30088.6511
 BOND   =        64.9355  ANGLE   =       106.2252  DIHED      =       131.0311
 1-4 NB =        74.5881  1-4 EEL =        64.3590  VDWAALS    =      4200.5669
 EELEC  =    -34736.5545  EHBOND  =         0.0000  RESTRAINT  =         6.1977
 EAMBER (non-restraint)  =    -30094.8488
 EKCMT  =         0.0000  VIRIAL  =         0.0000  VOLUME     =    120127.6422
                                                    Density    =         0.7872
 ------------------------------------------------------------------------------

 NMR restraints: Bond =    0.067   Angle =     1.915   Torsion =     1.457
===============================================================================

 NSTEP =     3000   TIME(PS) =       6.000  TEMP(K) =   294.87  PRESS =     0.0
 Etot   =    -24597.2956  EKtot   =      5448.9624  EPtot      =    -30046.2580
 BOND   =        53.5785  ANGLE   =       106.1965  DIHED      =       128.8395
 1-4 NB =        76.0718  1-4 EEL =        57.6313  VDWAALS    =      4178.2118
 EELEC  =    -34652.9343  EHBOND  =         0.0000  RESTRAINT  =         6.1470
 EAMBER (non-restraint)  =    -30052.4050
 EKCMT  =         0.0000  VIRIAL  =         0.0000  VOLUME     =    120127.6422
                                                    Density    =         0.7872
 ------------------------------------------------------------------------------

 NMR restraints: Bond =    0.194   Angle =     2.307   Torsion =     0.507
===============================================================================

 NSTEP =     3500   TIME(PS) =       7.000  TEMP(K) =   299.68  PRESS =     0.0
 Etot   =    -24620.0453  EKtot   =      5537.6875  EPtot      =    -30157.7328
 BOND   =        46.6683  ANGLE   =       118.0009  DIHED      =       139.2490
 1-4 NB =        72.9294  1-4 EEL =        61.7457  VDWAALS    =      4134.0601
 EELEC  =    -34734.3826  EHBOND  =         0.0000  RESTRAINT  =         3.9965
 EAMBER (non-restraint)  =    -30161.7293
 EKCMT  =         0.0000  VIRIAL  =         0.0000  VOLUME     =    118111.2358
                                                    Density    =         0.8006
 ------------------------------------------------------------------------------

 NMR restraints: Bond =    0.180   Angle =     1.082   Torsion =     0.878
===============================================================================

 NSTEP =     4000   TIME(PS) =       8.000  TEMP(K) =   299.70  PRESS =     0.0
 Etot   =    -24702.8788  EKtot   =      5538.1201  EPtot      =    -30240.9989
 BOND   =        67.4432  ANGLE   =       114.6986  DIHED      =       134.3180
 1-4 NB =        71.6519  1-4 EEL =        59.1150  VDWAALS    =      4186.8931
 EELEC  =    -34878.3458  EHBOND  =         0.0000  RESTRAINT  =         3.2271
 EAMBER (non-restraint)  =    -30244.2260
 EKCMT  =         0.0000  VIRIAL  =         0.0000  VOLUME     =    116716.5858
                                                    Density    =         0.8102
 ------------------------------------------------------------------------------

 NMR restraints: Bond =    0.504   Angle =     0.472   Torsion =     0.776
===============================================================================

 NSTEP =     4500   TIME(PS) =       9.000  TEMP(K) =   296.44  PRESS =     0.0
 Etot   =    -24766.6773  EKtot   =      5477.8838  EPtot      =    -30244.5610
 BOND   =        59.4704  ANGLE   =       112.5501  DIHED      =       132.7547
 1-4 NB =        76.1431  1-4 EEL =        65.3646  VDWAALS    =      4283.9983
 EELEC  =    -34979.0385  EHBOND  =         0.0000  RESTRAINT  =         4.1963
 EAMBER (non-restraint)  =    -30248.7573
 EKCMT  =         0.0000  VIRIAL  =         0.0000  VOLUME     =    115909.3105
                                                    Density    =         0.8159
 ------------------------------------------------------------------------------

 NMR restraints: Bond =    0.425   Angle =     1.422   Torsion =     0.733
===============================================================================

 NSTEP =     5000   TIME(PS) =      10.000  TEMP(K) =   299.59  PRESS =     0.0
 Etot   =    -24810.2448  EKtot   =      5536.0449  EPtot      =    -30346.2897
 BOND   =        53.8887  ANGLE   =       112.8945  DIHED      =       128.0845
 1-4 NB =        76.8961  1-4 EEL =        64.1468  VDWAALS    =      4264.7577
 EELEC  =    -35049.6431  EHBOND  =         0.0000  RESTRAINT  =         2.6850
 EAMBER (non-restraint)  =    -30348.9747
 EKCMT  =         0.0000  VIRIAL  =         0.0000  VOLUME     =    114783.7082
                                                    Density    =         0.8239
 ------------------------------------------------------------------------------

 NMR restraints: Bond =    0.588   Angle =     0.508   Torsion =     0.358
===============================================================================

 NSTEP =     5500   TIME(PS) =      11.000  TEMP(K) =   303.64  PRESS =     0.0
 Etot   =    -24778.2227  EKtot   =      5610.9175  EPtot      =    -30389.1402
 BOND   =        56.4585  ANGLE   =       112.5116  DIHED      =       126.6096
 1-4 NB =        67.1166  1-4 EEL =        60.9936  VDWAALS    =      4189.2354
 EELEC  =    -35007.2473  EHBOND  =         0.0000  RESTRAINT  =         5.1818
 EAMBER (non-restraint)  =    -30394.3220
 EKCMT  =         0.0000  VIRIAL  =         0.0000  VOLUME     =    113494.9585
                                                    Density    =         0.8332
 ------------------------------------------------------------------------------

 NMR restraints: Bond =    0.793   Angle =     1.832   Torsion =     0.766
===============================================================================

 NSTEP =     6000   TIME(PS) =      12.000  TEMP(K) =   296.97  PRESS =     0.0
 Etot   =    -24848.6618  EKtot   =      5487.7422  EPtot      =    -30336.4040
 BOND   =        48.4791  ANGLE   =       109.8073  DIHED      =       129.2829
 1-4 NB =        77.4637  1-4 EEL =        69.5680  VDWAALS    =      4205.0533
 EELEC  =    -34982.4634  EHBOND  =         0.0000  RESTRAINT  =         6.4052
 EAMBER (non-restraint)  =    -30342.8091
 EKCMT  =         0.0000  VIRIAL  =         0.0000  VOLUME     =    112809.4788
                                                    Density    =         0.8383
 ------------------------------------------------------------------------------

 NMR restraints: Bond =    0.602   Angle =     2.524   Torsion =     1.368
===============================================================================

 NSTEP =     6500   TIME(PS) =      13.000  TEMP(K) =   299.00  PRESS =     0.0
 Etot   =    -24925.8689  EKtot   =      5525.1479  EPtot      =    -30451.0169
 BOND   =        61.1080  ANGLE   =        91.0935  DIHED      =       129.9739
 1-4 NB =        77.8297  1-4 EEL =        63.8025  VDWAALS    =      4324.8742
 EELEC  =    -35202.7624  EHBOND  =         0.0000  RESTRAINT  =         3.0636
 EAMBER (non-restraint)  =    -30454.0805
 EKCMT  =         0.0000  VIRIAL  =         0.0000  VOLUME     =    111270.8665
                                                    Density    =         0.8499
 ------------------------------------------------------------------------------

 NMR restraints: Bond =    0.158   Angle =     0.752   Torsion =     0.681
===============================================================================

 NSTEP =     7000   TIME(PS) =      14.000  TEMP(K) =   301.50  PRESS =     0.0
 Etot   =    -24960.1119  EKtot   =      5571.3145  EPtot      =    -30531.4263
 BOND   =        50.0190  ANGLE   =       112.6310  DIHED      =       136.9427
 1-4 NB =        76.5406  1-4 EEL =        61.3123  VDWAALS    =      4199.2247
 EELEC  =    -35173.1326  EHBOND  =         0.0000  RESTRAINT  =         5.0360
 EAMBER (non-restraint)  =    -30536.4623
 EKCMT  =         0.0000  VIRIAL  =         0.0000  VOLUME     =    111270.8665
                                                    Density    =         0.8499
 ------------------------------------------------------------------------------

 NMR restraints: Bond =    0.478   Angle =     1.234   Torsion =     1.507
===============================================================================

 NSTEP =     7500   TIME(PS) =      15.000  TEMP(K) =   296.09  PRESS =     0.0
 Etot   =    -24892.2412  EKtot   =      5471.4282  EPtot      =    -30363.6695
 BOND   =        59.3319  ANGLE   =       109.1584  DIHED      =       130.8065
 1-4 NB =        72.0903  1-4 EEL =        64.8540  VDWAALS    =      4246.3908
 EELEC  =    -35050.0735  EHBOND  =         0.0000  RESTRAINT  =         3.7721
 EAMBER (non-restraint)  =    -30367.4415
 EKCMT  =         0.0000  VIRIAL  =         0.0000  VOLUME     =    110609.1297
                                                    Density    =         0.8549
 ------------------------------------------------------------------------------

 NMR restraints: Bond =    1.653   Angle =     0.462   Torsion =     0.193
===============================================================================

 NSTEP =     8000   TIME(PS) =      16.000  TEMP(K) =   299.46  PRESS =     0.0
 Etot   =    -24877.8988  EKtot   =      5533.7310  EPtot      =    -30411.6297
 BOND   =        52.8057  ANGLE   =       103.5739  DIHED      =       120.4264
 1-4 NB =        75.5023  1-4 EEL =        59.7914  VDWAALS    =      4525.8586
 EELEC  =    -35356.0485  EHBOND  =         0.0000  RESTRAINT  =         6.4605
 EAMBER (non-restraint)  =    -30418.0903
 EKCMT  =         0.0000  VIRIAL  =         0.0000  VOLUME     =    109020.0397
                                                    Density    =         0.8674
 ------------------------------------------------------------------------------

 NMR restraints: Bond =    3.354   Angle =     0.993   Torsion =     1.025
===============================================================================

 NSTEP =     8500   TIME(PS) =      17.000  TEMP(K) =   299.58  PRESS =     0.0
 Etot   =    -24918.8252  EKtot   =      5535.9175  EPtot      =    -30454.7427
 BOND   =        59.8478  ANGLE   =       107.2983  DIHED      =       119.6359
 1-4 NB =        75.0523  1-4 EEL =        61.5961  VDWAALS    =      4039.0781
 EELEC  =    -34922.7764  EHBOND  =         0.0000  RESTRAINT  =         5.5252
 EAMBER (non-restraint)  =    -30460.2679
 EKCMT  =         0.0000  VIRIAL  =         0.0000  VOLUME     =    108388.7324
                                                    Density    =         0.8725
 ------------------------------------------------------------------------------

 NMR restraints: Bond =    1.022   Angle =     1.952   Torsion =     0.992
===============================================================================
