
          -------------------------------------------------------
          Amber 18 PMEMD                              2018
          -------------------------------------------------------

| PMEMD implementation of SANDER, Release 18

| Run on 05/02/2018 at 12:31:58

|   Executable path: pmemd.cuda
| Working directory: /oasis/tscc/scratch/davids4/SAMPLing-cut9/11499341.tscc-mgr.local
|          Hostname: tscc-gpu-5-9.sdsc.edu

  [-O]verwriting output

File Assignments:
|   MDIN: minimize.in                                                           
|  MDOUT: minimize.out                                                          
| INPCRD: solvate.rst7                                                          
|   PARM: solvate.prmtop                                                        
| RESTRT: minimize.rst7                                                         
|   REFC: solvate.rst7                                                          
|  MDVEL: mdvel                                                                 
|   MDEN: mden                                                                  
|  MDCRD: mdcrd                                                                 
| MDINFO: minimize.mdinfo                                                       
|  MDFRC: mdfrc                                                                 


 Here is the input file:

PBC Minimization                                                               
 &cntrl                                                                        
  imin =          1,                                                           
  ntx =           1,                                                           
  irest =         0,                                                           
  maxcyc =        500,                                                         
  ncyc =          400,                                                         
  dt =            0.0,                                                         
  nstlim =        0,                                                           
  ntpr =          100,                                                         
  ntwe =          0,                                                           
  ntwr =          5000,                                                        
  ntwx =          0,                                                           
  ntxo =          1,                                                           
  ioutfm =        1,                                                           
  ntf =           1,                                                           
  ntc =           1,                                                           
  cut =           9.0,                                                         
  igb =           0,                                                           
  tempi =         298.15,                                                      
  temp0 =         298.15,                                                      
  ntt =           0,                                                           
  gamma_ln =      0.0,                                                         
  ig =            0,                                                           
  ntp =           0,                                                           
  barostat =      0,                                                           
  ntr =           1,                                                           
  restraint_wt =  50.0,                                                        
  restraintmask = '@DUM',                                                      
  nmropt =        1,                                                           
  pencut =        -1,                                                          
 /                                                                             
 &wt type = 'END', /                                                           
DISANG = disang.rest                                                           
LISTOUT = POUT                                                                 
                                                                               


| irandom = 1, using AMBER's internal random number generator (default).
 
|--------------------- INFORMATION ----------------------
| GPU (CUDA) Version of PMEMD in use: NVIDIA GPU IN USE.
|                    Version 18.0.0
| 
|                      03/25/2018
| 
| Implementation by:
|                    Ross C. Walker     (SDSC)
|                    Scott Le Grand     (nVIDIA)
| 
| Version 18 performance extensions by:
|                    David Cerutti     (Rutgers)
| 
| Precision model in use:
|      [SPFP] - Single Precision Forces, 64-bit Fixed Point
|               Accumulation. (Default)
| 
|--------------------------------------------------------
 
|----------------- CITATION INFORMATION -----------------
|
|    When publishing work that utilized the CUDA version
|    of AMBER, please cite the following in addition to
|    the regular AMBER citations:
|
|  - Romelia Salomon-Ferrer; Andreas W. Goetz; Duncan
|    Poole; Scott Le Grand; Ross C. Walker "Routine
|    microsecond molecular dynamics simulations with
|    AMBER - Part II: Particle Mesh Ewald", J. Chem.
|    Theory Comput., 2013, 9 (9), pp3878-3888,
|    DOI: 10.1021/ct400314y.
|
|  - Andreas W. Goetz; Mark J. Williamson; Dong Xu;
|    Duncan Poole; Scott Le Grand; Ross C. Walker
|    "Routine microsecond molecular dynamics simulations
|    with AMBER - Part I: Generalized Born", J. Chem.
|    Theory Comput., 2012, 8 (5), pp1542-1555.
|
|  - Scott Le Grand; Andreas W. Goetz; Ross C. Walker
|    "SPFP: Speed without compromise - a mixed precision
|    model for GPU accelerated molecular dynamics
|    simulations.", Comp. Phys. Comm., 2013, 184
|    pp374-380, DOI: 10.1016/j.cpc.2012.09.022
|
|--------------------------------------------------------
 
|------------------- GPU DEVICE INFO --------------------
|
|            CUDA_VISIBLE_DEVICES: 2
|   CUDA Capable Devices Detected:      1
|           CUDA Device ID in use:      0
|                CUDA Device Name: GeForce GTX TITAN X
|     CUDA Device Global Mem Size:  12207 MB
| CUDA Device Num Multiprocessors:     24
|           CUDA Device Core Freq:   1.08 GHz
|
|--------------------------------------------------------
 
 
| Conditional Compilation Defines Used:
| PUBFFT
| BINTRAJ
| CUDA
| EMIL

| Largest sphere to fit in unit cell has radius =    20.946

| New format PARM file being parsed.
| Version =    1.000 Date = 04/23/18 Time = 20:05:37

| Note: 1-4 EEL scale factors are being read from the topology file.

| Note: 1-4 VDW scale factors are being read from the topology file.
| Duplicated    0 dihedrals

| Duplicated    0 dihedrals

--------------------------------------------------------------------------------
   1.  RESOURCE   USE: 
--------------------------------------------------------------------------------

 getting new box info from bottom of inpcrd
 NATOM  =    9221 NTYPES =      11 NBONH =    9065 MBONA  =     155
 NTHETH =     148 MTHETA =     231 NPHIH =     343 MPHIA  =     362
 NHPARM =       0 NPARM  =       0 NNB   =   13205 NRES   =    3022
 NBONA  =     155 NTHETA =     231 NPHIA =     362 NUMBND =      16
 NUMANG =      28 NPTRA  =      15 NATYP =      14 NPHB   =       0
 IFBOX  =       1 NMXRS  =     184 IFCAP =       0 NEXTRA =       0
 NCOPY  =       0

| Coordinate Index Table dimensions:     8    8   14
| Direct force subcell size =     5.4385    5.2364    5.0387

     BOX TYPE: RECTILINEAR

--------------------------------------------------------------------------------
   2.  CONTROL  DATA  FOR  THE  RUN
--------------------------------------------------------------------------------

default_name                                                                    

General flags:
     imin    =       1, nmropt  =       1

Nature and format of input:
     ntx     =       1, irest   =       0, ntrx    =       1

Nature and format of output:
     ntxo    =       1, ntpr    =     100, ntrx    =       1, ntwr    =       1
     iwrap   =       0, ntwx    =       0, ntwv    =       0, ntwe    =       0
     ioutfm  =       1, ntwprt  =       0, idecomp =       0, rbornstat=      0

Potential function:
     ntf     =       1, ntb     =       1, igb     =       0, nsnb    =      25
     ipol    =       0, gbsa    =       0, iesp    =       0
     dielc   =   1.00000, cut     =   9.00000, intdiel =   1.00000

Frozen or restrained atoms:
     ibelly  =       0, ntr     =       1
     restraint_wt =  50.00000

Energy minimization:
     maxcyc  =     500, ncyc    =     400, ntmin   =       1
     dx0     =   0.01000, drms    =   0.00010

NMR refinement options:
     iscale  =       0, noeskp  =       1, ipnlty  =       1, mxsub   =       1
     scalm   = 100.00000, pencut  =  -1.00000, tausw   =   0.10000

| Intermolecular bonds treatment:
|     no_intermolecular_bonds =       1

| Energy averages sample interval:
|     ene_avg_sampling =       1

Ewald parameters:
     verbose =       0, ew_type =       0, nbflag  =       1, use_pme =       1
     vdwmeth =       1, eedmeth =       1, netfrc  =       0
     Box X =   43.508   Box Y =   41.891   Box Z =   70.541
     Alpha =   90.000   Beta  =   90.000   Gamma =   90.000
     NFFT1 =   48       NFFT2 =   48       NFFT3 =   72
     Cutoff=    9.000   Tol   =0.100E-04
     Ewald Coefficient =  0.30768
     Interpolation order =    4

    LOADING THE CONSTRAINED ATOMS AS GROUPS


   5.  REFERENCE ATOM COORDINATES

  default_name                                                                    
     Mask @DUM; matches     3 atoms

--------------------------------------------------------------------------------
   3.  ATOMIC COORDINATES AND VELOCITIES
--------------------------------------------------------------------------------

default_name                                                                    
 begin time read from input coords =     0.000 ps



           Begin reading energy term weight changes/NMR restraints
 WEIGHT CHANGES:
                         ** No weight changes given **

 RESTRAINTS:
 Requested file redirections:
  DISANG    = disang.rest
  LISTOUT   = POUT
 Restraints will be read from file: disang.rest
Here are comments from the DISANG input file:

                       Number of restraints read =     9

                  Done reading weight changes/NMR restraints


 
 Number of triangulated 3-point waters found:     3000

     Sum of charges from parm topology file =   0.00000002
     Forcing neutrality...

| Dynamic Memory, Types Used:
| Reals              372822
| Integers           259518

| Nonbonded Pairs Initial Allocation:     2102388

| GPU memory information (estimate):
| KB of GPU memory in use:         0
| KB of CPU memory in use:         0

--------------------------------------------------------------------------------
   4.  RESULTS
--------------------------------------------------------------------------------



   NSTEP       ENERGY          RMS            GMAX         NAME    NUMBER
      1      -2.4381E+04     1.3251E+01     1.4485E+02     O        1734

 BOND    =       63.0486  ANGLE   =      117.3285  DIHED      =      134.9434
 VDWAALS =     3077.3850  EEL     =   -27920.3875  HBOND      =        0.0000
 1-4 VDW =       77.5600  1-4 EEL =       65.5245  RESTRAINT  =        3.5268
 EAMBER  =   -24384.5975
 NMR restraints: Bond =    0.000   Angle =     3.527   Torsion =     0.000
===============================================================================


   NSTEP       ENERGY          RMS            GMAX         NAME    NUMBER
    100      -3.2240E+04     2.5051E+00     4.6246E+01     C2        186

 BOND    =     1709.5774  ANGLE   =       43.9406  DIHED      =      104.2904
 VDWAALS =     3374.6675  EEL     =   -37605.9562  HBOND      =        0.0000
 1-4 VDW =       69.4713  1-4 EEL =       62.0327  RESTRAINT  =        1.9960
 EAMBER  =   -32241.9762
 NMR restraints: Bond =    0.006   Angle =     1.954   Torsion =     0.015
===============================================================================


   NSTEP       ENERGY          RMS            GMAX         NAME    NUMBER
    200      -3.3539E+04     2.0878E+00     1.6481E+02     C2        186

 BOND    =     2038.3726  ANGLE   =       46.0362  DIHED      =      102.7174
 VDWAALS =     3958.9072  EEL     =   -39814.9996  HBOND      =        0.0000
 1-4 VDW =       67.6922  1-4 EEL =       60.9742  RESTRAINT  =        1.1586
 EAMBER  =   -33540.2999
 NMR restraints: Bond =    0.046   Angle =     1.055   Torsion =     0.040
===============================================================================


   NSTEP       ENERGY          RMS            GMAX         NAME    NUMBER
    300      -3.4323E+04     1.8115E+00     1.1239E+02     C88       109

 BOND    =     2150.6819  ANGLE   =       47.2541  DIHED      =      102.4066
 VDWAALS =     4479.7473  EEL     =   -41230.9034  HBOND      =        0.0000
 1-4 VDW =       66.6484  1-4 EEL =       60.5725  RESTRAINT  =        0.6500
 EAMBER  =   -34323.5927
 NMR restraints: Bond =    0.027   Angle =     0.528   Torsion =     0.075
===============================================================================


   NSTEP       ENERGY          RMS            GMAX         NAME    NUMBER
    400      -3.4868E+04     1.4540E+00     4.8202E+01     C1          1

 BOND    =     2244.4125  ANGLE   =       47.3189  DIHED      =      102.6232
 VDWAALS =     4900.5006  EEL     =   -42289.6446  HBOND      =        0.0000
 1-4 VDW =       65.9231  1-4 EEL =       60.3801  RESTRAINT  =        0.5373
 EAMBER  =   -34868.4863
 NMR restraints: Bond =    0.056   Angle =     0.338   Torsion =     0.119
===============================================================================


   NSTEP       ENERGY          RMS            GMAX         NAME    NUMBER
    500      -3.6360E+04     1.5881E+00     6.1823E+01     O        8970

 BOND    =     2559.6219  ANGLE   =       54.8499  DIHED      =      105.4506
 VDWAALS =     6243.8006  EEL     =   -45451.4545  HBOND      =        0.0000
 1-4 VDW =       66.6451  1-4 EEL =       60.1583  RESTRAINT  =        0.9256
 EAMBER  =   -36360.9280
 NMR restraints: Bond =    0.262   Angle =     0.369   Torsion =     0.228
===============================================================================


  Maximum number of minimization cycles reached.


                    FINAL RESULTS



   NSTEP       ENERGY          RMS            GMAX         NAME    NUMBER
    500      -3.6360E+04     1.5881E+00     6.1823E+01     O        8970

 BOND    =     2559.6219  ANGLE   =       54.8499  DIHED      =      105.4506
 VDWAALS =     6243.8006  EEL     =   -45451.4545  HBOND      =        0.0000
 1-4 VDW =       66.6451  1-4 EEL =       60.1583  RESTRAINT  =        0.9256
 EAMBER  =   -36360.9280
 NMR restraints: Bond =    0.262   Angle =     0.369   Torsion =     0.228
===============================================================================
 ------------------------------------------------------------------------------


 Final Restraint Analysis for coords: minimize.rst7                           


 Restraints, deviations, and energy contributions:    pencut =   -1.00

 ------------------------------------------------------------------------------
     First atom        Last atom    curr. value target deviation  penalty
 ------------------------------------------------------------------------------
  DUM  DM1    3 --  C26  HST    1:    8.342    8.517    0.176    0.154 d    0: 0
  DUM  DM2    4 --  C26  HST    1:  151.183  151.050    0.133    0.001 a
  DUM  DM2    4 --  DUM  DM1    3:   87.007   86.955    0.052    0.000 t
  DUM  DM1    3 --  C18  HST    1:   64.754   64.991    0.237    0.002 a
  DUM  DM1    3 --  C26  HST    1:  138.069  140.141    2.072    0.131 t
  C26  HST    1 --  C18  HST    1:   72.712   70.928    1.784    0.097 t
  DUM  DM1    3 --  C1   GST    2:   12.179   12.032    0.147    0.108 d    0: 0
  DUM  DM2    4 --  C1   GST    2:  177.026  180.000    2.974    0.269 a
  DUM  DM1    3 --  C3   GST    2:  178.209  180.000    1.791    0.098 a
                                       Total distance penalty:      0.262
                                       Total angle    penalty:      0.369
                                       Total torsion  penalty:      0.228
 ------------------------------------------------------------------------------
--------------------------------------------------------------------------------
   5.  TIMINGS
--------------------------------------------------------------------------------

|  NonSetup CPU Time in Major Routines:
|
|     Routine           Sec        %
|     ------------------------------
|     Nonbond           0.26   50.19
|     Bond              0.00    0.00
|     Angle             0.00    0.00
|     Dihedral          0.00    0.00
|     Shake             0.00    0.00
|     Other             0.26   49.81
|     ------------------------------
|     Total             0.52

|  PME Nonbond Pairlist CPU Time:
|
|     Routine              Sec        %
|     ---------------------------------
|     Set Up Cit           0.00    0.00
|     Build List           0.00    0.00
|     ---------------------------------
|     Total                0.00    0.00

|  PME Direct Force CPU Time:
|
|     Routine              Sec        %
|     ---------------------------------
|     NonBonded Calc       0.00    0.00
|     Exclude Masked       0.00    0.00
|     Other                0.00    0.77
|     ---------------------------------
|     Total                0.00    0.77

|  PME Reciprocal Force CPU Time:
|
|     Routine              Sec        %
|     ---------------------------------
|     1D bspline           0.00    0.00
|     Grid Charges         0.00    0.00
|     Scalar Sum           0.00    0.00
|     Gradient Sum         0.00    0.00
|     FFT                  0.00    0.00
|     ---------------------------------
|     Total                0.00    0.00

|  Setup CPU time:            1.45 seconds
|  NonSetup CPU time:         0.52 seconds
|  Total CPU time:            1.98 seconds     0.00 hours

|  Setup wall time:           1    seconds
|  NonSetup wall time:        1    seconds
|  Total wall time:           2    seconds     0.00 hours
