
          -------------------------------------------------------
          Amber 18 PMEMD                              2018
          -------------------------------------------------------

| PMEMD implementation of SANDER, Release 18

| Run on 05/02/2018 at 11:43:16

|   Executable path: pmemd.cuda
| Working directory: /oasis/tscc/scratch/davids4/SAMPLing-cut9/11499524.tscc-mgr.local
|          Hostname: tscc-gpu-8-8.sdsc.edu

  [-O]verwriting output

File Assignments:
|   MDIN: equil.000.in                                                          
|  MDOUT: equil.000.out                                                         
| INPCRD: minimize.rst7                                                         
|   PARM: solvate.prmtop                                                        
| RESTRT: equil.000.rst7                                                        
|   REFC: solvate.rst7                                                          
|  MDVEL: mdvel                                                                 
|   MDEN: equil.000.mden                                                        
|  MDCRD: equil.000.nc                                                          
| MDINFO: equil.000.mdinfo                                                      
|  MDFRC: mdfrc                                                                 


 Here is the input file:

PBC MD Simulation                                                              
 &cntrl                                                                        
  imin =          0,                                                           
  ntx =           1,                                                           
  irest =         0,                                                           
  maxcyc =        0,                                                           
  ncyc =          0,                                                           
  dt =            0.002,                                                       
  nstlim =        500000,                                                      
  ntpr =          500,                                                         
  ntwe =          500,                                                         
  ntwr =          250,                                                         
  ntwx =          250,                                                         
  ntxo =          1,                                                           
  ioutfm =        1,                                                           
  ntf =           2,                                                           
  ntc =           2,                                                           
  cut =           9.0,                                                         
  igb =           0,                                                           
  tempi =         298.15,                                                      
  temp0 =         298.15,                                                      
  ntt =           3,                                                           
  gamma_ln =      1.0,                                                         
  ig =            -1,                                                          
  ntp =           1,                                                           
  barostat =      2,                                                           
  ntr =           1,                                                           
  restraint_wt =  50.0,                                                        
  restraintmask = '@DUM',                                                      
  nmropt =        1,                                                           
  pencut =        -1,                                                          
  ntwprt =        206,                                                         
 /                                                                             
 &wt type = 'END', /                                                           
DISANG = disang.rest                                                           
LISTOUT = POUT                                                                 
                                                                               


Note: ig = -1. Setting random seed to   894530 based on wallclock time in 
      microseconds.
| irandom = 1, using AMBER's internal random number generator (default).
 
|--------------------- INFORMATION ----------------------
| GPU (CUDA) Version of PMEMD in use: NVIDIA GPU IN USE.
|                    Version 18.0.0
| 
|                      03/25/2018
| 
| Implementation by:
|                    Ross C. Walker     (SDSC)
|                    Scott Le Grand     (nVIDIA)
| 
| Version 18 performance extensions by:
|                    David Cerutti     (Rutgers)
| 
| Precision model in use:
|      [SPFP] - Single Precision Forces, 64-bit Fixed Point
|               Accumulation. (Default)
| 
|--------------------------------------------------------
 
|----------------- CITATION INFORMATION -----------------
|
|    When publishing work that utilized the CUDA version
|    of AMBER, please cite the following in addition to
|    the regular AMBER citations:
|
|  - Romelia Salomon-Ferrer; Andreas W. Goetz; Duncan
|    Poole; Scott Le Grand; Ross C. Walker "Routine
|    microsecond molecular dynamics simulations with
|    AMBER - Part II: Particle Mesh Ewald", J. Chem.
|    Theory Comput., 2013, 9 (9), pp3878-3888,
|    DOI: 10.1021/ct400314y.
|
|  - Andreas W. Goetz; Mark J. Williamson; Dong Xu;
|    Duncan Poole; Scott Le Grand; Ross C. Walker
|    "Routine microsecond molecular dynamics simulations
|    with AMBER - Part I: Generalized Born", J. Chem.
|    Theory Comput., 2012, 8 (5), pp1542-1555.
|
|  - Scott Le Grand; Andreas W. Goetz; Ross C. Walker
|    "SPFP: Speed without compromise - a mixed precision
|    model for GPU accelerated molecular dynamics
|    simulations.", Comp. Phys. Comm., 2013, 184
|    pp374-380, DOI: 10.1016/j.cpc.2012.09.022
|
|--------------------------------------------------------
 
|------------------- GPU DEVICE INFO --------------------
|
|            CUDA_VISIBLE_DEVICES: 2
|   CUDA Capable Devices Detected:      1
|           CUDA Device ID in use:      0
|                CUDA Device Name: GeForce GTX TITAN X
|     CUDA Device Global Mem Size:  12207 MB
| CUDA Device Num Multiprocessors:     24
|           CUDA Device Core Freq:   1.08 GHz
|
|--------------------------------------------------------
 
 
| Conditional Compilation Defines Used:
| PUBFFT
| BINTRAJ
| CUDA
| EMIL

| Largest sphere to fit in unit cell has radius =    22.541

| New format PARM file being parsed.
| Version =    1.000 Date = 04/23/18 Time = 20:11:48

| Note: 1-4 EEL scale factors are being read from the topology file.

| Note: 1-4 VDW scale factors are being read from the topology file.
| Duplicated    0 dihedrals

| Duplicated    0 dihedrals

--------------------------------------------------------------------------------
   1.  RESOURCE   USE: 
--------------------------------------------------------------------------------

 getting new box info from bottom of inpcrd
 NATOM  =    9223 NTYPES =      11 NBONH =    9067 MBONA  =     155
 NTHETH =     153 MTHETA =     232 NPHIH =     345 MPHIA  =     366
 NHPARM =       0 NPARM  =       0 NNB   =   13221 NRES   =    3022
 NBONA  =     155 NTHETA =     232 NPHIA =     366 NUMBND =      13
 NUMANG =      22 NPTRA  =      15 NATYP =      13 NPHB   =       0
 IFBOX  =       1 NMXRS  =     184 IFCAP =       0 NEXTRA =       0
 NCOPY  =       0

| Coordinate Index Table dimensions:     9    9   12
| Direct force subcell size =     5.1070    5.0092    5.0679

     BOX TYPE: RECTILINEAR

--------------------------------------------------------------------------------
   2.  CONTROL  DATA  FOR  THE  RUN
--------------------------------------------------------------------------------

default_name                                                                    

General flags:
     imin    =       0, nmropt  =       1

Nature and format of input:
     ntx     =       1, irest   =       0, ntrx    =       1

Nature and format of output:
     ntxo    =       1, ntpr    =     500, ntrx    =       1, ntwr    =     250
     iwrap   =       0, ntwx    =     250, ntwv    =       0, ntwe    =     500
     ioutfm  =       1, ntwprt  =     206, idecomp =       0, rbornstat=      0

Potential function:
     ntf     =       2, ntb     =       2, igb     =       0, nsnb    =      25
     ipol    =       0, gbsa    =       0, iesp    =       0
     dielc   =   1.00000, cut     =   9.00000, intdiel =   1.00000

Frozen or restrained atoms:
     ibelly  =       0, ntr     =       1
     restraint_wt =  50.00000

Molecular dynamics:
     nstlim  =    500000, nscm    =         0, nrespa  =         1
     t       =   0.00000, dt      =   0.00200, vlimit  =  -1.00000

Langevin dynamics temperature regulation:
     ig      =  894530
     temp0   = 298.15000, tempi   = 298.15000, gamma_ln=   1.00000

Pressure regulation:
     ntp     =       1
     pres0   =   1.00000, comp    =  44.60000, taup    =   1.00000
     Monte-Carlo Barostat:
     mcbarint  =     100

SHAKE:
     ntc     =       2, jfastw  =       0
     tol     =   0.00001

NMR refinement options:
     iscale  =       0, noeskp  =       1, ipnlty  =       1, mxsub   =       1
     scalm   = 100.00000, pencut  =  -1.00000, tausw   =   0.10000

| Intermolecular bonds treatment:
|     no_intermolecular_bonds =       1

| Energy averages sample interval:
|     ene_avg_sampling =     500

Ewald parameters:
     verbose =       0, ew_type =       0, nbflag  =       1, use_pme =       1
     vdwmeth =       1, eedmeth =       1, netfrc  =       1
     Box X =   45.963   Box Y =   45.083   Box Z =   60.815
     Alpha =   90.000   Beta  =   90.000   Gamma =   90.000
     NFFT1 =   48       NFFT2 =   48       NFFT3 =   64
     Cutoff=    9.000   Tol   =0.100E-04
     Ewald Coefficient =  0.30768
     Interpolation order =    4

    LOADING THE CONSTRAINED ATOMS AS GROUPS


   5.  REFERENCE ATOM COORDINATES

  default_name                                                                    
     Mask @DUM; matches     3 atoms
| MONTE CARLO BAROSTAT IMPORTANT NOTE:
|   The Monte-Carlo barostat does not require the virial to adjust the system volume.
|   Since it is an expensive calculation, it is skipped for efficiency. A side-effect
|   is that the reported pressure is always 0 because it is not calculated.

--------------------------------------------------------------------------------
   3.  ATOMIC COORDINATES AND VELOCITIES
--------------------------------------------------------------------------------

default_name                                                                    
 begin time read from input coords =     0.000 ps



           Begin reading energy term weight changes/NMR restraints
 WEIGHT CHANGES:
                         ** No weight changes given **

 RESTRAINTS:
 Requested file redirections:
  DISANG    = disang.rest
  LISTOUT   = POUT
 Restraints will be read from file: disang.rest
Here are comments from the DISANG input file:

                       Number of restraints read =     9

                  Done reading weight changes/NMR restraints


 
 Number of triangulated 3-point waters found:     3000

     Sum of charges from parm topology file =   0.00000002
     Forcing neutrality...

| Dynamic Memory, Types Used:
| Reals              528921
| Integers           284277

| Nonbonded Pairs Initial Allocation:     2102844

| GPU memory information (estimate):
| KB of GPU memory in use:         0
| KB of CPU memory in use:         0

--------------------------------------------------------------------------------
   4.  RESULTS
--------------------------------------------------------------------------------


 NSTEP =        0   TIME(PS) =       0.000  TEMP(K) =   440.86  PRESS =     0.0
 Etot   =    -30705.1693  EKtot   =      8148.2734  EPtot      =    -38853.4426
 BOND   =        13.4472  ANGLE   =        57.4456  DIHED      =       103.5000
 1-4 NB =        67.6963  1-4 EEL =        59.3076  VDWAALS    =      6085.4574
 EELEC  =    -45241.5549  EHBOND  =         0.0000  RESTRAINT  =         1.2583
 EAMBER (non-restraint)  =    -38854.7010
 EKCMT  =         0.0000  VIRIAL  =         0.0000  VOLUME     =    126014.5159
                                                    Density    =         0.7505
 ------------------------------------------------------------------------------

 NMR restraints: Bond =    0.328   Angle =     0.799   Torsion =     0.078
===============================================================================

 NSTEP =      500   TIME(PS) =       1.000  TEMP(K) =   264.51  PRESS =     0.0
 Etot   =    -25953.9958  EKtot   =      4888.8442  EPtot      =    -30842.8400
 BOND   =        52.2496  ANGLE   =       104.7373  DIHED      =       128.5408
 1-4 NB =        75.3689  1-4 EEL =        62.9391  VDWAALS    =      4533.8903
 EELEC  =    -35807.9933  EHBOND  =         0.0000  RESTRAINT  =         7.4273
 EAMBER (non-restraint)  =    -30850.2673
 EKCMT  =         0.0000  VIRIAL  =         0.0000  VOLUME     =    123956.0934
                                                    Density    =         0.7629
 ------------------------------------------------------------------------------

 NMR restraints: Bond =    0.522   Angle =     2.982   Torsion =     0.591
===============================================================================

 NSTEP =     1000   TIME(PS) =       2.000  TEMP(K) =   287.80  PRESS =     0.0
 Etot   =    -25074.5626  EKtot   =      5319.4326  EPtot      =    -30393.9952
 BOND   =        56.1367  ANGLE   =       108.8178  DIHED      =       132.6069
 1-4 NB =        77.1133  1-4 EEL =        58.2161  VDWAALS    =      4542.5114
 EELEC  =    -35375.4799  EHBOND  =         0.0000  RESTRAINT  =         6.0825
 EAMBER (non-restraint)  =    -30400.0777
 EKCMT  =         0.0000  VIRIAL  =         0.0000  VOLUME     =    121295.0312
                                                    Density    =         0.7797
 ------------------------------------------------------------------------------

 NMR restraints: Bond =    0.005   Angle =     1.331   Torsion =     0.263
===============================================================================

 NSTEP =     1500   TIME(PS) =       3.000  TEMP(K) =   290.03  PRESS =     0.0
 Etot   =    -24779.9224  EKtot   =      5360.6025  EPtot      =    -30140.5250
 BOND   =        49.9804  ANGLE   =       112.5500  DIHED      =       133.8078
 1-4 NB =        74.9443  1-4 EEL =        60.8321  VDWAALS    =      4176.4295
 EELEC  =    -34752.0393  EHBOND  =         0.0000  RESTRAINT  =         2.9702
 EAMBER (non-restraint)  =    -30143.4952
 EKCMT  =         0.0000  VIRIAL  =         0.0000  VOLUME     =    120710.0971
                                                    Density    =         0.7834
 ------------------------------------------------------------------------------

 NMR restraints: Bond =    0.570   Angle =     0.691   Torsion =     0.649
===============================================================================

 NSTEP =     2000   TIME(PS) =       4.000  TEMP(K) =   295.32  PRESS =     0.0
 Etot   =    -24628.2148  EKtot   =      5458.4482  EPtot      =    -30086.6630
 BOND   =        60.1568  ANGLE   =       108.3063  DIHED      =       133.9234
 1-4 NB =        78.0115  1-4 EEL =        58.0355  VDWAALS    =      4218.9352
 EELEC  =    -34747.4685  EHBOND  =         0.0000  RESTRAINT  =         3.4368
 EAMBER (non-restraint)  =    -30090.0998
 EKCMT  =         0.0000  VIRIAL  =         0.0000  VOLUME     =    118568.7928
                                                    Density    =         0.7976
 ------------------------------------------------------------------------------

 NMR restraints: Bond =    0.152   Angle =     0.608   Torsion =     0.566
===============================================================================

 NSTEP =     2500   TIME(PS) =       5.000  TEMP(K) =   294.80  PRESS =     0.0
 Etot   =    -24696.8152  EKtot   =      5448.6997  EPtot      =    -30145.5149
 BOND   =        50.4622  ANGLE   =       118.8592  DIHED      =       127.5722
 1-4 NB =        77.7465  1-4 EEL =        62.9938  VDWAALS    =      4158.6595
 EELEC  =    -34747.5582  EHBOND  =         0.0000  RESTRAINT  =         5.7499
 EAMBER (non-restraint)  =    -30151.2648
 EKCMT  =         0.0000  VIRIAL  =         0.0000  VOLUME     =    117284.6953
                                                    Density    =         0.8063
 ------------------------------------------------------------------------------

 NMR restraints: Bond =    0.054   Angle =     2.276   Torsion =     2.305
===============================================================================

 NSTEP =     3000   TIME(PS) =       6.000  TEMP(K) =   302.73  PRESS =     0.0
 Etot   =    -24544.1245  EKtot   =      5595.3906  EPtot      =    -30139.5151
 BOND   =        61.9954  ANGLE   =       107.2911  DIHED      =       132.0269
 1-4 NB =        78.7084  1-4 EEL =        60.0330  VDWAALS    =      4168.5271
 EELEC  =    -34753.6527  EHBOND  =         0.0000  RESTRAINT  =         5.5556
 EAMBER (non-restraint)  =    -30145.0707
 EKCMT  =         0.0000  VIRIAL  =         0.0000  VOLUME     =    115909.0489
                                                    Density    =         0.8159
 ------------------------------------------------------------------------------

 NMR restraints: Bond =    0.232   Angle =     0.908   Torsion =     0.110
===============================================================================

 NSTEP =     3500   TIME(PS) =       7.000  TEMP(K) =   302.06  PRESS =     0.0
 Etot   =    -24503.6465  EKtot   =      5582.8853  EPtot      =    -30086.5317
 BOND   =        52.1560  ANGLE   =       113.4185  DIHED      =       125.7520
 1-4 NB =        79.5083  1-4 EEL =        60.6065  VDWAALS    =      4480.2144
 EELEC  =    -35002.9476  EHBOND  =         0.0000  RESTRAINT  =         4.7601
 EAMBER (non-restraint)  =    -30091.2918
 EKCMT  =         0.0000  VIRIAL  =         0.0000  VOLUME     =    114629.4852
                                                    Density    =         0.8250
 ------------------------------------------------------------------------------

 NMR restraints: Bond =    0.084   Angle =     1.097   Torsion =     1.611
===============================================================================

 NSTEP =     4000   TIME(PS) =       8.000  TEMP(K) =   304.24  PRESS =     0.0
 Etot   =    -24653.0317  EKtot   =      5623.2397  EPtot      =    -30276.2715
 BOND   =        58.2010  ANGLE   =        96.6479  DIHED      =       137.6597
 1-4 NB =        79.9912  1-4 EEL =        60.9963  VDWAALS    =      4217.4012
 EELEC  =    -34930.5721  EHBOND  =         0.0000  RESTRAINT  =         3.4033
 EAMBER (non-restraint)  =    -30279.6748
 EKCMT  =         0.0000  VIRIAL  =         0.0000  VOLUME     =    112444.9177
                                                    Density    =         0.8410
 ------------------------------------------------------------------------------

 NMR restraints: Bond =    0.117   Angle =     1.379   Torsion =     0.684
===============================================================================

 NSTEP =     4500   TIME(PS) =       9.000  TEMP(K) =   301.25  PRESS =     0.0
 Etot   =    -24641.9699  EKtot   =      5567.9360  EPtot      =    -30209.9060
 BOND   =        45.9355  ANGLE   =       118.2613  DIHED      =       131.5070
 1-4 NB =        79.8971  1-4 EEL =        62.7890  VDWAALS    =      4176.2390
 EELEC  =    -34832.1412  EHBOND  =         0.0000  RESTRAINT  =         7.6064
 EAMBER (non-restraint)  =    -30217.5124
 EKCMT  =         0.0000  VIRIAL  =         0.0000  VOLUME     =    111692.8028
                                                    Density    =         0.8467
 ------------------------------------------------------------------------------

 NMR restraints: Bond =    0.030   Angle =     2.386   Torsion =     1.644
===============================================================================

 NSTEP =     5000   TIME(PS) =      10.000  TEMP(K) =   306.18  PRESS =     0.0
 Etot   =    -24813.2814  EKtot   =      5658.9985  EPtot      =    -30472.2799
 BOND   =        46.8090  ANGLE   =       110.3317  DIHED      =       134.2012
 1-4 NB =        77.4364  1-4 EEL =        59.9121  VDWAALS    =      4288.2643
 EELEC  =    -35198.0329  EHBOND  =         0.0000  RESTRAINT  =         8.7982
 EAMBER (non-restraint)  =    -30481.0782
 EKCMT  =         0.0000  VIRIAL  =         0.0000  VOLUME     =    110127.5788
                                                    Density    =         0.8587
 ------------------------------------------------------------------------------

 NMR restraints: Bond =    0.184   Angle =     3.681   Torsion =     0.457
===============================================================================

 NSTEP =     5500   TIME(PS) =      11.000  TEMP(K) =   305.94  PRESS =     0.0
 Etot   =    -24824.0114  EKtot   =      5654.6670  EPtot      =    -30478.6784
 BOND   =        56.3806  ANGLE   =       112.0246  DIHED      =       129.5696
 1-4 NB =        70.8433  1-4 EEL =        57.9215  VDWAALS    =      4155.2427
 EELEC  =    -35067.3412  EHBOND  =         0.0000  RESTRAINT  =         6.6805
 EAMBER (non-restraint)  =    -30485.3589
 EKCMT  =         0.0000  VIRIAL  =         0.0000  VOLUME     =    109092.2481
                                                    Density    =         0.8669
 ------------------------------------------------------------------------------

 NMR restraints: Bond =    0.139   Angle =     2.282   Torsion =     0.668
===============================================================================

 NSTEP =     6000   TIME(PS) =      12.000  TEMP(K) =   300.73  PRESS =     0.0
 Etot   =    -24885.6993  EKtot   =      5558.2905  EPtot      =    -30443.9898
 BOND   =        56.6578  ANGLE   =       101.9762  DIHED      =       129.2009
 1-4 NB =        80.4648  1-4 EEL =        59.1200  VDWAALS    =      4439.6073
 EELEC  =    -35320.4625  EHBOND  =         0.0000  RESTRAINT  =         9.4456
 EAMBER (non-restraint)  =    -30453.4354
 EKCMT  =         0.0000  VIRIAL  =         0.0000  VOLUME     =    107551.0511
                                                    Density    =         0.8793
 ------------------------------------------------------------------------------

 NMR restraints: Bond =    0.904   Angle =     2.306   Torsion =     1.437
===============================================================================

 NSTEP =     6500   TIME(PS) =      13.000  TEMP(K) =   301.49  PRESS =     0.0
 Etot   =    -24906.3500  EKtot   =      5572.3530  EPtot      =    -30478.7031
 BOND   =        50.0537  ANGLE   =       101.2618  DIHED      =       132.8577
 1-4 NB =        75.2925  1-4 EEL =        60.4830  VDWAALS    =      4388.3553
 EELEC  =    -35297.3349  EHBOND  =         0.0000  RESTRAINT  =        10.3278
 EAMBER (non-restraint)  =    -30489.0308
 EKCMT  =         0.0000  VIRIAL  =         0.0000  VOLUME     =    105751.5813
                                                    Density    =         0.8942
 ------------------------------------------------------------------------------

 NMR restraints: Bond =    1.130   Angle =     4.838   Torsion =     1.281
===============================================================================

 NSTEP =     7000   TIME(PS) =      14.000  TEMP(K) =   300.72  PRESS =     0.0
 Etot   =    -24876.3282  EKtot   =      5558.1426  EPtot      =    -30434.4708
 BOND   =        58.2744  ANGLE   =       111.2336  DIHED      =       126.2043
 1-4 NB =        73.7389  1-4 EEL =        59.3993  VDWAALS    =      4148.4283
 EELEC  =    -35018.1145  EHBOND  =         0.0000  RESTRAINT  =         6.3649
 EAMBER (non-restraint)  =    -30440.8357
 EKCMT  =         0.0000  VIRIAL  =         0.0000  VOLUME     =    105074.6915
                                                    Density    =         0.9000
 ------------------------------------------------------------------------------

 NMR restraints: Bond =    0.500   Angle =     1.543   Torsion =     2.008
===============================================================================

 NSTEP =     7500   TIME(PS) =      15.000  TEMP(K) =   299.53  PRESS =     0.0
 Etot   =    -24910.1473  EKtot   =      5536.2134  EPtot      =    -30446.3607
 BOND   =        59.2451  ANGLE   =       107.8523  DIHED      =       135.9425
 1-4 NB =        74.2105  1-4 EEL =        63.7498  VDWAALS    =      4048.6904
 EELEC  =    -34943.4885  EHBOND  =         0.0000  RESTRAINT  =         7.4373
 EAMBER (non-restraint)  =    -30453.7979
 EKCMT  =         0.0000  VIRIAL  =         0.0000  VOLUME     =    104588.6450
                                                    Density    =         0.9042
 ------------------------------------------------------------------------------

 NMR restraints: Bond =    1.412   Angle =     3.032   Torsion =     1.309
===============================================================================

 NSTEP =     8000   TIME(PS) =      16.000  TEMP(K) =   292.28  PRESS =     0.0
 Etot   =    -25118.7937  EKtot   =      5402.1309  EPtot      =    -30520.9246
 BOND   =        56.3306  ANGLE   =        99.8978  DIHED      =       130.3501
 1-4 NB =        74.0513  1-4 EEL =        61.2720  VDWAALS    =      4159.3542
 EELEC  =    -35105.6317  EHBOND  =         0.0000  RESTRAINT  =         3.4512
 EAMBER (non-restraint)  =    -30524.3757
 EKCMT  =         0.0000  VIRIAL  =         0.0000  VOLUME     =    104149.1664
                                                    Density    =         0.9080
 ------------------------------------------------------------------------------

 NMR restraints: Bond =    0.496   Angle =     2.197   Torsion =     0.458
===============================================================================
