
          -------------------------------------------------------
          Amber 18 PMEMD                              2018
          -------------------------------------------------------

| PMEMD implementation of SANDER, Release 18

| Run on 05/02/2018 at 11:37:43

|   Executable path: pmemd.cuda
| Working directory: /oasis/tscc/scratch/davids4/SAMPLing-cut9/11499498.tscc-mgr.local
|          Hostname: tscc-gpu-8-1.sdsc.edu

  [-O]verwriting output

File Assignments:
|   MDIN: equil.000.in                                                          
|  MDOUT: equil.000.out                                                         
| INPCRD: minimize.rst7                                                         
|   PARM: solvate.prmtop                                                        
| RESTRT: equil.000.rst7                                                        
|   REFC: solvate.rst7                                                          
|  MDVEL: mdvel                                                                 
|   MDEN: equil.000.mden                                                        
|  MDCRD: equil.000.nc                                                          
| MDINFO: equil.000.mdinfo                                                      
|  MDFRC: mdfrc                                                                 


 Here is the input file:

PBC MD Simulation                                                              
 &cntrl                                                                        
  imin =          0,                                                           
  ntx =           1,                                                           
  irest =         0,                                                           
  maxcyc =        0,                                                           
  ncyc =          0,                                                           
  dt =            0.002,                                                       
  nstlim =        500000,                                                      
  ntpr =          500,                                                         
  ntwe =          500,                                                         
  ntwr =          250,                                                         
  ntwx =          250,                                                         
  ntxo =          1,                                                           
  ioutfm =        1,                                                           
  ntf =           2,                                                           
  ntc =           2,                                                           
  cut =           9.0,                                                         
  igb =           0,                                                           
  tempi =         298.15,                                                      
  temp0 =         298.15,                                                      
  ntt =           3,                                                           
  gamma_ln =      1.0,                                                         
  ig =            -1,                                                          
  ntp =           1,                                                           
  barostat =      2,                                                           
  ntr =           1,                                                           
  restraint_wt =  50.0,                                                        
  restraintmask = '@DUM',                                                      
  nmropt =        1,                                                           
  pencut =        -1,                                                          
  ntwprt =        206,                                                         
 /                                                                             
 &wt type = 'END', /                                                           
DISANG = disang.rest                                                           
LISTOUT = POUT                                                                 
                                                                               


Note: ig = -1. Setting random seed to   608995 based on wallclock time in 
      microseconds.
| irandom = 1, using AMBER's internal random number generator (default).
 
|--------------------- INFORMATION ----------------------
| GPU (CUDA) Version of PMEMD in use: NVIDIA GPU IN USE.
|                    Version 18.0.0
| 
|                      03/25/2018
| 
| Implementation by:
|                    Ross C. Walker     (SDSC)
|                    Scott Le Grand     (nVIDIA)
| 
| Version 18 performance extensions by:
|                    David Cerutti     (Rutgers)
| 
| Precision model in use:
|      [SPFP] - Single Precision Forces, 64-bit Fixed Point
|               Accumulation. (Default)
| 
|--------------------------------------------------------
 
|----------------- CITATION INFORMATION -----------------
|
|    When publishing work that utilized the CUDA version
|    of AMBER, please cite the following in addition to
|    the regular AMBER citations:
|
|  - Romelia Salomon-Ferrer; Andreas W. Goetz; Duncan
|    Poole; Scott Le Grand; Ross C. Walker "Routine
|    microsecond molecular dynamics simulations with
|    AMBER - Part II: Particle Mesh Ewald", J. Chem.
|    Theory Comput., 2013, 9 (9), pp3878-3888,
|    DOI: 10.1021/ct400314y.
|
|  - Andreas W. Goetz; Mark J. Williamson; Dong Xu;
|    Duncan Poole; Scott Le Grand; Ross C. Walker
|    "Routine microsecond molecular dynamics simulations
|    with AMBER - Part I: Generalized Born", J. Chem.
|    Theory Comput., 2012, 8 (5), pp1542-1555.
|
|  - Scott Le Grand; Andreas W. Goetz; Ross C. Walker
|    "SPFP: Speed without compromise - a mixed precision
|    model for GPU accelerated molecular dynamics
|    simulations.", Comp. Phys. Comm., 2013, 184
|    pp374-380, DOI: 10.1016/j.cpc.2012.09.022
|
|--------------------------------------------------------
 
|------------------- GPU DEVICE INFO --------------------
|
|            CUDA_VISIBLE_DEVICES: 0
|   CUDA Capable Devices Detected:      1
|           CUDA Device ID in use:      0
|                CUDA Device Name: GeForce GTX TITAN X
|     CUDA Device Global Mem Size:  12207 MB
| CUDA Device Num Multiprocessors:     24
|           CUDA Device Core Freq:   1.08 GHz
|
|--------------------------------------------------------
 
 
| Conditional Compilation Defines Used:
| PUBFFT
| BINTRAJ
| CUDA
| EMIL

| Largest sphere to fit in unit cell has radius =    22.338

| New format PARM file being parsed.
| Version =    1.000 Date = 04/23/18 Time = 20:17:43

| Note: 1-4 EEL scale factors are being read from the topology file.

| Note: 1-4 VDW scale factors are being read from the topology file.
| Duplicated    0 dihedrals

| Duplicated    0 dihedrals

--------------------------------------------------------------------------------
   1.  RESOURCE   USE: 
--------------------------------------------------------------------------------

 getting new box info from bottom of inpcrd
 NATOM  =    9223 NTYPES =      11 NBONH =    9067 MBONA  =     155
 NTHETH =     153 MTHETA =     232 NPHIH =     345 MPHIA  =     366
 NHPARM =       0 NPARM  =       0 NNB   =   13221 NRES   =    3022
 NBONA  =     155 NTHETA =     232 NPHIA =     366 NUMBND =      13
 NUMANG =      22 NPTRA  =      15 NATYP =      13 NPHB   =       0
 IFBOX  =       1 NMXRS  =     184 IFCAP =       0 NEXTRA =       0
 NCOPY  =       0

| Coordinate Index Table dimensions:     8    9   12
| Direct force subcell size =     5.5844    5.1077    5.0310

     BOX TYPE: RECTILINEAR

--------------------------------------------------------------------------------
   2.  CONTROL  DATA  FOR  THE  RUN
--------------------------------------------------------------------------------

default_name                                                                    

General flags:
     imin    =       0, nmropt  =       1

Nature and format of input:
     ntx     =       1, irest   =       0, ntrx    =       1

Nature and format of output:
     ntxo    =       1, ntpr    =     500, ntrx    =       1, ntwr    =     250
     iwrap   =       0, ntwx    =     250, ntwv    =       0, ntwe    =     500
     ioutfm  =       1, ntwprt  =     206, idecomp =       0, rbornstat=      0

Potential function:
     ntf     =       2, ntb     =       2, igb     =       0, nsnb    =      25
     ipol    =       0, gbsa    =       0, iesp    =       0
     dielc   =   1.00000, cut     =   9.00000, intdiel =   1.00000

Frozen or restrained atoms:
     ibelly  =       0, ntr     =       1
     restraint_wt =  50.00000

Molecular dynamics:
     nstlim  =    500000, nscm    =         0, nrespa  =         1
     t       =   0.00000, dt      =   0.00200, vlimit  =  -1.00000

Langevin dynamics temperature regulation:
     ig      =  608995
     temp0   = 298.15000, tempi   = 298.15000, gamma_ln=   1.00000

Pressure regulation:
     ntp     =       1
     pres0   =   1.00000, comp    =  44.60000, taup    =   1.00000
     Monte-Carlo Barostat:
     mcbarint  =     100

SHAKE:
     ntc     =       2, jfastw  =       0
     tol     =   0.00001

NMR refinement options:
     iscale  =       0, noeskp  =       1, ipnlty  =       1, mxsub   =       1
     scalm   = 100.00000, pencut  =  -1.00000, tausw   =   0.10000

| Intermolecular bonds treatment:
|     no_intermolecular_bonds =       1

| Energy averages sample interval:
|     ene_avg_sampling =     500

Ewald parameters:
     verbose =       0, ew_type =       0, nbflag  =       1, use_pme =       1
     vdwmeth =       1, eedmeth =       1, netfrc  =       1
     Box X =   44.675   Box Y =   45.969   Box Z =   60.372
     Alpha =   90.000   Beta  =   90.000   Gamma =   90.000
     NFFT1 =   48       NFFT2 =   48       NFFT3 =   64
     Cutoff=    9.000   Tol   =0.100E-04
     Ewald Coefficient =  0.30768
     Interpolation order =    4

    LOADING THE CONSTRAINED ATOMS AS GROUPS


   5.  REFERENCE ATOM COORDINATES

  default_name                                                                    
     Mask @DUM; matches     3 atoms
| MONTE CARLO BAROSTAT IMPORTANT NOTE:
|   The Monte-Carlo barostat does not require the virial to adjust the system volume.
|   Since it is an expensive calculation, it is skipped for efficiency. A side-effect
|   is that the reported pressure is always 0 because it is not calculated.

--------------------------------------------------------------------------------
   3.  ATOMIC COORDINATES AND VELOCITIES
--------------------------------------------------------------------------------

default_name                                                                    
 begin time read from input coords =     0.000 ps



           Begin reading energy term weight changes/NMR restraints
 WEIGHT CHANGES:
                         ** No weight changes given **

 RESTRAINTS:
 Requested file redirections:
  DISANG    = disang.rest
  LISTOUT   = POUT
 Restraints will be read from file: disang.rest
Here are comments from the DISANG input file:

                       Number of restraints read =     9

                  Done reading weight changes/NMR restraints


 
 Number of triangulated 3-point waters found:     3000

     Sum of charges from parm topology file =   0.00000002
     Forcing neutrality...

| Dynamic Memory, Types Used:
| Reals              528921
| Integers           284277

| Nonbonded Pairs Initial Allocation:     2102844

| GPU memory information (estimate):
| KB of GPU memory in use:         0
| KB of CPU memory in use:         0

--------------------------------------------------------------------------------
   4.  RESULTS
--------------------------------------------------------------------------------


 NSTEP =        0   TIME(PS) =       0.000  TEMP(K) =   447.80  PRESS =     0.0
 Etot   =    -30634.2535  EKtot   =      8276.7145  EPtot      =    -38910.9680
 BOND   =        12.5048  ANGLE   =        51.3913  DIHED      =       106.6184
 1-4 NB =        67.7012  1-4 EEL =        61.4751  VDWAALS    =      6165.5541
 EELEC  =    -45378.3276  EHBOND  =         0.0000  RESTRAINT  =         2.1146
 EAMBER (non-restraint)  =    -38913.0826
 EKCMT  =         0.0000  VIRIAL  =         0.0000  VOLUME     =    123985.7247
                                                    Density    =         0.7627
 ------------------------------------------------------------------------------

 NMR restraints: Bond =    0.221   Angle =     1.814   Torsion =     0.024
===============================================================================

 NSTEP =      500   TIME(PS) =       1.000  TEMP(K) =   266.53  PRESS =     0.0
 Etot   =    -25846.6658  EKtot   =      4926.1890  EPtot      =    -30772.8548
 BOND   =        40.9827  ANGLE   =       100.4973  DIHED      =       130.8304
 1-4 NB =        77.2842  1-4 EEL =        61.5265  VDWAALS    =      4821.2971
 EELEC  =    -36009.6959  EHBOND  =         0.0000  RESTRAINT  =         4.4229
 EAMBER (non-restraint)  =    -30777.2777
 EKCMT  =         0.0000  VIRIAL  =         0.0000  VOLUME     =    121672.3126
                                                    Density    =         0.7772
 ------------------------------------------------------------------------------

 NMR restraints: Bond =    1.047   Angle =     1.701   Torsion =     0.258
===============================================================================

 NSTEP =     1000   TIME(PS) =       2.000  TEMP(K) =   284.50  PRESS =     0.0
 Etot   =    -25125.4090  EKtot   =      5258.4150  EPtot      =    -30383.8240
 BOND   =        47.2687  ANGLE   =       109.1966  DIHED      =       141.8244
 1-4 NB =        76.0208  1-4 EEL =        65.1761  VDWAALS    =      4398.1320
 EELEC  =    -35224.8758  EHBOND  =         0.0000  RESTRAINT  =         3.4332
 EAMBER (non-restraint)  =    -30387.2571
 EKCMT  =         0.0000  VIRIAL  =         0.0000  VOLUME     =    120498.3641
                                                    Density    =         0.7848
 ------------------------------------------------------------------------------

 NMR restraints: Bond =    1.079   Angle =     1.045   Torsion =     0.614
===============================================================================

 NSTEP =     1500   TIME(PS) =       3.000  TEMP(K) =   290.64  PRESS =     0.0
 Etot   =    -24941.1271  EKtot   =      5371.8140  EPtot      =    -30312.9411
 BOND   =        54.2708  ANGLE   =       102.3164  DIHED      =       125.5877
 1-4 NB =        76.2039  1-4 EEL =        63.3737  VDWAALS    =      4237.2584
 EELEC  =    -34977.4072  EHBOND  =         0.0000  RESTRAINT  =         5.4552
 EAMBER (non-restraint)  =    -30318.3963
 EKCMT  =         0.0000  VIRIAL  =         0.0000  VOLUME     =    117566.2116
                                                    Density    =         0.8044
 ------------------------------------------------------------------------------

 NMR restraints: Bond =    1.448   Angle =     1.433   Torsion =     0.464
===============================================================================

 NSTEP =     2000   TIME(PS) =       4.000  TEMP(K) =   295.99  PRESS =     0.0
 Etot   =    -24856.3333  EKtot   =      5470.6719  EPtot      =    -30327.0052
 BOND   =        50.6687  ANGLE   =       104.6149  DIHED      =       130.4266
 1-4 NB =        79.4589  1-4 EEL =        67.0627  VDWAALS    =      4134.9489
 EELEC  =    -34899.7804  EHBOND  =         0.0000  RESTRAINT  =         5.5944
 EAMBER (non-restraint)  =    -30332.5997
 EKCMT  =         0.0000  VIRIAL  =         0.0000  VOLUME     =    116592.5796
                                                    Density    =         0.8111
 ------------------------------------------------------------------------------

 NMR restraints: Bond =    0.192   Angle =     0.567   Torsion =     1.156
===============================================================================

 NSTEP =     2500   TIME(PS) =       5.000  TEMP(K) =   292.28  PRESS =     0.0
 Etot   =    -24841.6637  EKtot   =      5402.1777  EPtot      =    -30243.8415
 BOND   =        44.7377  ANGLE   =       103.2215  DIHED      =       124.6912
 1-4 NB =        74.5852  1-4 EEL =        65.5286  VDWAALS    =      4392.6822
 EELEC  =    -35057.0371  EHBOND  =         0.0000  RESTRAINT  =         7.7494
 EAMBER (non-restraint)  =    -30251.5908
 EKCMT  =         0.0000  VIRIAL  =         0.0000  VOLUME     =    116028.5289
                                                    Density    =         0.8150
 ------------------------------------------------------------------------------

 NMR restraints: Bond =    0.785   Angle =     0.610   Torsion =     1.531
===============================================================================

 NSTEP =     3000   TIME(PS) =       6.000  TEMP(K) =   300.99  PRESS =     0.0
 Etot   =    -24757.3308  EKtot   =      5563.1396  EPtot      =    -30320.4704
 BOND   =        52.9088  ANGLE   =       111.8191  DIHED      =       137.4586
 1-4 NB =        77.7357  1-4 EEL =        63.3647  VDWAALS    =      4477.2043
 EELEC  =    -35246.6356  EHBOND  =         0.0000  RESTRAINT  =         5.6739
 EAMBER (non-restraint)  =    -30326.1443
 EKCMT  =         0.0000  VIRIAL  =         0.0000  VOLUME     =    113587.7651
                                                    Density    =         0.8326
 ------------------------------------------------------------------------------

 NMR restraints: Bond =    1.336   Angle =     0.886   Torsion =     1.393
===============================================================================

 NSTEP =     3500   TIME(PS) =       7.000  TEMP(K) =   302.98  PRESS =     0.0
 Etot   =    -24851.2459  EKtot   =      5600.0073  EPtot      =    -30451.2532
 BOND   =        53.4407  ANGLE   =       110.8061  DIHED      =       133.5970
 1-4 NB =        76.1467  1-4 EEL =        59.9043  VDWAALS    =      4241.6375
 EELEC  =    -35131.7979  EHBOND  =         0.0000  RESTRAINT  =         5.0125
 EAMBER (non-restraint)  =    -30456.2657
 EKCMT  =         0.0000  VIRIAL  =         0.0000  VOLUME     =    111724.1750
                                                    Density    =         0.8464
 ------------------------------------------------------------------------------

 NMR restraints: Bond =    0.240   Angle =     2.301   Torsion =     1.100
===============================================================================

 NSTEP =     4000   TIME(PS) =       8.000  TEMP(K) =   295.82  PRESS =     0.0
 Etot   =    -25011.2430  EKtot   =      5467.6494  EPtot      =    -30478.8924
 BOND   =        56.0289  ANGLE   =       101.6033  DIHED      =       130.3480
 1-4 NB =        76.4260  1-4 EEL =        62.1193  VDWAALS    =      4135.4041
 EELEC  =    -35047.4152  EHBOND  =         0.0000  RESTRAINT  =         6.5932
 EAMBER (non-restraint)  =    -30485.4855
 EKCMT  =         0.0000  VIRIAL  =         0.0000  VOLUME     =    110877.4632
                                                    Density    =         0.8529
 ------------------------------------------------------------------------------

 NMR restraints: Bond =    0.324   Angle =     1.684   Torsion =     1.366
===============================================================================

 NSTEP =     4500   TIME(PS) =       9.000  TEMP(K) =   303.59  PRESS =     0.0
 Etot   =    -24948.2518  EKtot   =      5611.2456  EPtot      =    -30559.4974
 BOND   =        54.3223  ANGLE   =       100.4790  DIHED      =       133.6187
 1-4 NB =        79.1575  1-4 EEL =        61.5821  VDWAALS    =      4415.0389
 EELEC  =    -35410.1651  EHBOND  =         0.0000  RESTRAINT  =         6.4691
 EAMBER (non-restraint)  =    -30565.9666
 EKCMT  =         0.0000  VIRIAL  =         0.0000  VOLUME     =    109507.5088
                                                    Density    =         0.8636
 ------------------------------------------------------------------------------

 NMR restraints: Bond =    1.136   Angle =     1.134   Torsion =     2.453
===============================================================================

 NSTEP =     5000   TIME(PS) =      10.000  TEMP(K) =   300.37  PRESS =     0.0
 Etot   =    -25042.5868  EKtot   =      5551.7686  EPtot      =    -30594.3554
 BOND   =        48.5046  ANGLE   =       104.0365  DIHED      =       136.8004
 1-4 NB =        77.5725  1-4 EEL =        60.2400  VDWAALS    =      4475.4450
 EELEC  =    -35506.9170  EHBOND  =         0.0000  RESTRAINT  =         9.9625
 EAMBER (non-restraint)  =    -30604.3179
 EKCMT  =         0.0000  VIRIAL  =         0.0000  VOLUME     =    106467.1098
                                                    Density    =         0.8882
 ------------------------------------------------------------------------------

 NMR restraints: Bond =    0.680   Angle =     1.744   Torsion =     2.618
===============================================================================

 NSTEP =     5500   TIME(PS) =      11.000  TEMP(K) =   294.91  PRESS =     0.0
 Etot   =    -25188.2575  EKtot   =      5450.8350  EPtot      =    -30639.0925
 BOND   =        49.6806  ANGLE   =       104.9439  DIHED      =       135.2271
 1-4 NB =        83.0205  1-4 EEL =        64.1388  VDWAALS    =      4461.1622
 EELEC  =    -35545.5916  EHBOND  =         0.0000  RESTRAINT  =         8.3259
 EAMBER (non-restraint)  =    -30647.4184
 EKCMT  =         0.0000  VIRIAL  =         0.0000  VOLUME     =    105161.5825
                                                    Density    =         0.8993
 ------------------------------------------------------------------------------

 NMR restraints: Bond =    2.391   Angle =     0.674   Torsion =     3.747
===============================================================================
