
          -------------------------------------------------------
          Amber 18 PMEMD                              2018
          -------------------------------------------------------

| PMEMD implementation of SANDER, Release 18

| Run on 05/02/2018 at 10:30:42

|   Executable path: pmemd.cuda
| Working directory: /oasis/tscc/scratch/davids4/SAMPLing-cut9/11499223.tscc-mgr.local
|          Hostname: tscc-gpu-8-8.sdsc.edu

  [-O]verwriting output

File Assignments:
|   MDIN: equil.000.in                                                          
|  MDOUT: equil.000.out                                                         
| INPCRD: minimize.rst7                                                         
|   PARM: solvate.prmtop                                                        
| RESTRT: equil.000.rst7                                                        
|   REFC: solvate.rst7                                                          
|  MDVEL: mdvel                                                                 
|   MDEN: equil.000.mden                                                        
|  MDCRD: equil.000.nc                                                          
| MDINFO: equil.000.mdinfo                                                      
|  MDFRC: mdfrc                                                                 


 Here is the input file:

PBC MD Simulation                                                              
 &cntrl                                                                        
  imin =          0,                                                           
  ntx =           1,                                                           
  irest =         0,                                                           
  maxcyc =        0,                                                           
  ncyc =          0,                                                           
  dt =            0.002,                                                       
  nstlim =        500000,                                                      
  ntpr =          500,                                                         
  ntwe =          500,                                                         
  ntwr =          250,                                                         
  ntwx =          250,                                                         
  ntxo =          1,                                                           
  ioutfm =        1,                                                           
  ntf =           2,                                                           
  ntc =           2,                                                           
  cut =           9.0,                                                         
  igb =           0,                                                           
  tempi =         298.15,                                                      
  temp0 =         298.15,                                                      
  ntt =           3,                                                           
  gamma_ln =      1.0,                                                         
  ig =            -1,                                                          
  ntp =           1,                                                           
  barostat =      2,                                                           
  ntr =           1,                                                           
  restraint_wt =  50.0,                                                        
  restraintmask = '@DUM',                                                      
  nmropt =        1,                                                           
  pencut =        -1,                                                          
  ntwprt =        204,                                                         
 /                                                                             
 &wt type = 'END', /                                                           
DISANG = disang.rest                                                           
LISTOUT = POUT                                                                 
                                                                               


Note: ig = -1. Setting random seed to   470765 based on wallclock time in 
      microseconds.
| irandom = 1, using AMBER's internal random number generator (default).
 
|--------------------- INFORMATION ----------------------
| GPU (CUDA) Version of PMEMD in use: NVIDIA GPU IN USE.
|                    Version 18.0.0
| 
|                      03/25/2018
| 
| Implementation by:
|                    Ross C. Walker     (SDSC)
|                    Scott Le Grand     (nVIDIA)
| 
| Version 18 performance extensions by:
|                    David Cerutti     (Rutgers)
| 
| Precision model in use:
|      [SPFP] - Single Precision Forces, 64-bit Fixed Point
|               Accumulation. (Default)
| 
|--------------------------------------------------------
 
|----------------- CITATION INFORMATION -----------------
|
|    When publishing work that utilized the CUDA version
|    of AMBER, please cite the following in addition to
|    the regular AMBER citations:
|
|  - Romelia Salomon-Ferrer; Andreas W. Goetz; Duncan
|    Poole; Scott Le Grand; Ross C. Walker "Routine
|    microsecond molecular dynamics simulations with
|    AMBER - Part II: Particle Mesh Ewald", J. Chem.
|    Theory Comput., 2013, 9 (9), pp3878-3888,
|    DOI: 10.1021/ct400314y.
|
|  - Andreas W. Goetz; Mark J. Williamson; Dong Xu;
|    Duncan Poole; Scott Le Grand; Ross C. Walker
|    "Routine microsecond molecular dynamics simulations
|    with AMBER - Part I: Generalized Born", J. Chem.
|    Theory Comput., 2012, 8 (5), pp1542-1555.
|
|  - Scott Le Grand; Andreas W. Goetz; Ross C. Walker
|    "SPFP: Speed without compromise - a mixed precision
|    model for GPU accelerated molecular dynamics
|    simulations.", Comp. Phys. Comm., 2013, 184
|    pp374-380, DOI: 10.1016/j.cpc.2012.09.022
|
|--------------------------------------------------------
 
|------------------- GPU DEVICE INFO --------------------
|
|            CUDA_VISIBLE_DEVICES: 0
|   CUDA Capable Devices Detected:      1
|           CUDA Device ID in use:      0
|                CUDA Device Name: GeForce GTX TITAN X
|     CUDA Device Global Mem Size:  12207 MB
| CUDA Device Num Multiprocessors:     24
|           CUDA Device Core Freq:   1.08 GHz
|
|--------------------------------------------------------
 
 
| Conditional Compilation Defines Used:
| PUBFFT
| BINTRAJ
| CUDA
| EMIL

| Largest sphere to fit in unit cell has radius =    21.056

| New format PARM file being parsed.
| Version =    1.000 Date = 04/23/18 Time = 19:57:11

| Note: 1-4 EEL scale factors are being read from the topology file.

| Note: 1-4 VDW scale factors are being read from the topology file.
| Duplicated    0 dihedrals

| Duplicated    0 dihedrals

--------------------------------------------------------------------------------
   1.  RESOURCE   USE: 
--------------------------------------------------------------------------------

 getting new box info from bottom of inpcrd
 NATOM  =    9221 NTYPES =      11 NBONH =    9065 MBONA  =     155
 NTHETH =     148 MTHETA =     231 NPHIH =     343 MPHIA  =     362
 NHPARM =       0 NPARM  =       0 NNB   =   13205 NRES   =    3022
 NBONA  =     155 NTHETA =     231 NPHIA =     362 NUMBND =      16
 NUMANG =      28 NPTRA  =      15 NATYP =      14 NPHB   =       0
 IFBOX  =       1 NMXRS  =     184 IFCAP =       0 NEXTRA =       0
 NCOPY  =       0

| Coordinate Index Table dimensions:     8    8   14
| Direct force subcell size =     5.2641    5.3276    5.0585

     BOX TYPE: RECTILINEAR

--------------------------------------------------------------------------------
   2.  CONTROL  DATA  FOR  THE  RUN
--------------------------------------------------------------------------------

default_name                                                                    

General flags:
     imin    =       0, nmropt  =       1

Nature and format of input:
     ntx     =       1, irest   =       0, ntrx    =       1

Nature and format of output:
     ntxo    =       1, ntpr    =     500, ntrx    =       1, ntwr    =     250
     iwrap   =       0, ntwx    =     250, ntwv    =       0, ntwe    =     500
     ioutfm  =       1, ntwprt  =     204, idecomp =       0, rbornstat=      0

Potential function:
     ntf     =       2, ntb     =       2, igb     =       0, nsnb    =      25
     ipol    =       0, gbsa    =       0, iesp    =       0
     dielc   =   1.00000, cut     =   9.00000, intdiel =   1.00000

Frozen or restrained atoms:
     ibelly  =       0, ntr     =       1
     restraint_wt =  50.00000

Molecular dynamics:
     nstlim  =    500000, nscm    =         0, nrespa  =         1
     t       =   0.00000, dt      =   0.00200, vlimit  =  -1.00000

Langevin dynamics temperature regulation:
     ig      =  470765
     temp0   = 298.15000, tempi   = 298.15000, gamma_ln=   1.00000

Pressure regulation:
     ntp     =       1
     pres0   =   1.00000, comp    =  44.60000, taup    =   1.00000
     Monte-Carlo Barostat:
     mcbarint  =     100

SHAKE:
     ntc     =       2, jfastw  =       0
     tol     =   0.00001

NMR refinement options:
     iscale  =       0, noeskp  =       1, ipnlty  =       1, mxsub   =       1
     scalm   = 100.00000, pencut  =  -1.00000, tausw   =   0.10000

| Intermolecular bonds treatment:
|     no_intermolecular_bonds =       1

| Energy averages sample interval:
|     ene_avg_sampling =     500

Ewald parameters:
     verbose =       0, ew_type =       0, nbflag  =       1, use_pme =       1
     vdwmeth =       1, eedmeth =       1, netfrc  =       1
     Box X =   42.113   Box Y =   42.620   Box Z =   70.818
     Alpha =   90.000   Beta  =   90.000   Gamma =   90.000
     NFFT1 =   48       NFFT2 =   48       NFFT3 =   72
     Cutoff=    9.000   Tol   =0.100E-04
     Ewald Coefficient =  0.30768
     Interpolation order =    4

    LOADING THE CONSTRAINED ATOMS AS GROUPS


   5.  REFERENCE ATOM COORDINATES

  default_name                                                                    
     Mask @DUM; matches     3 atoms
| MONTE CARLO BAROSTAT IMPORTANT NOTE:
|   The Monte-Carlo barostat does not require the virial to adjust the system volume.
|   Since it is an expensive calculation, it is skipped for efficiency. A side-effect
|   is that the reported pressure is always 0 because it is not calculated.

--------------------------------------------------------------------------------
   3.  ATOMIC COORDINATES AND VELOCITIES
--------------------------------------------------------------------------------

default_name                                                                    
 begin time read from input coords =     0.000 ps



           Begin reading energy term weight changes/NMR restraints
 WEIGHT CHANGES:
                         ** No weight changes given **

 RESTRAINTS:
 Requested file redirections:
  DISANG    = disang.rest
  LISTOUT   = POUT
 Restraints will be read from file: disang.rest
Here are comments from the DISANG input file:

                       Number of restraints read =     9

                  Done reading weight changes/NMR restraints


 
 Number of triangulated 3-point waters found:     3000

     Sum of charges from parm topology file =   0.00000002
     Forcing neutrality...

| Dynamic Memory, Types Used:
| Reals              528869
| Integers           283979

| Nonbonded Pairs Initial Allocation:     2102388

| GPU memory information (estimate):
| KB of GPU memory in use:         0
| KB of CPU memory in use:         0

--------------------------------------------------------------------------------
   4.  RESULTS
--------------------------------------------------------------------------------


 NSTEP =        0   TIME(PS) =       0.000  TEMP(K) =   449.43  PRESS =     0.0
 Etot   =    -30490.9281  EKtot   =      8305.0001  EPtot      =    -38795.9282
 BOND   =        14.9005  ANGLE   =        56.8655  DIHED      =       104.1160
 1-4 NB =        66.2979  1-4 EEL =        61.4433  VDWAALS    =      6101.8724
 EELEC  =    -45202.5689  EHBOND  =         0.0000  RESTRAINT  =         1.1451
 EAMBER (non-restraint)  =    -38797.0733
 EKCMT  =         0.0000  VIRIAL  =         0.0000  VOLUME     =    127108.9996
                                                    Density    =         0.7440
 ------------------------------------------------------------------------------

 NMR restraints: Bond =    0.246   Angle =     0.748   Torsion =     0.124
===============================================================================

 NSTEP =      500   TIME(PS) =       1.000  TEMP(K) =   267.32  PRESS =     0.0
 Etot   =    -25862.1518  EKtot   =      4939.8433  EPtot      =    -30801.9951
 BOND   =        35.3924  ANGLE   =       101.1329  DIHED      =       139.4803
 1-4 NB =        80.8583  1-4 EEL =        64.1609  VDWAALS    =      5005.7720
 EELEC  =    -36236.4794  EHBOND  =         0.0000  RESTRAINT  =         7.6875
 EAMBER (non-restraint)  =    -30809.6826
 EKCMT  =         0.0000  VIRIAL  =         0.0000  VOLUME     =    124300.3968
                                                    Density    =         0.7608
 ------------------------------------------------------------------------------

 NMR restraints: Bond =    0.953   Angle =     3.060   Torsion =     2.069
===============================================================================

 NSTEP =     1000   TIME(PS) =       2.000  TEMP(K) =   283.29  PRESS =     0.0
 Etot   =    -25131.0851  EKtot   =      5234.8145  EPtot      =    -30365.8996
 BOND   =        61.7311  ANGLE   =       108.7115  DIHED      =       128.3612
 1-4 NB =        75.8487  1-4 EEL =        57.0643  VDWAALS    =      4490.3650
 EELEC  =    -35296.2066  EHBOND  =         0.0000  RESTRAINT  =         8.2252
 EAMBER (non-restraint)  =    -30374.1248
 EKCMT  =         0.0000  VIRIAL  =         0.0000  VOLUME     =    123324.3530
                                                    Density    =         0.7668
 ------------------------------------------------------------------------------

 NMR restraints: Bond =    0.034   Angle =     1.911   Torsion =     3.564
===============================================================================

 NSTEP =     1500   TIME(PS) =       3.000  TEMP(K) =   287.50  PRESS =     0.0
 Etot   =    -24827.6050  EKtot   =      5312.6763  EPtot      =    -30140.2812
 BOND   =        58.5722  ANGLE   =        99.7777  DIHED      =       137.5038
 1-4 NB =        75.4675  1-4 EEL =        60.3373  VDWAALS    =      4243.7463
 EELEC  =    -34820.8511  EHBOND  =         0.0000  RESTRAINT  =         5.1650
 EAMBER (non-restraint)  =    -30145.4462
 EKCMT  =         0.0000  VIRIAL  =         0.0000  VOLUME     =    121773.8380
                                                    Density    =         0.7766
 ------------------------------------------------------------------------------

 NMR restraints: Bond =    0.091   Angle =     0.980   Torsion =     1.263
===============================================================================

 NSTEP =     2000   TIME(PS) =       4.000  TEMP(K) =   298.28  PRESS =     0.0
 Etot   =    -24564.4519  EKtot   =      5511.9478  EPtot      =    -30076.3997
 BOND   =        52.6129  ANGLE   =       115.4391  DIHED      =       132.7344
 1-4 NB =        74.5757  1-4 EEL =        60.2662  VDWAALS    =      4109.3690
 EELEC  =    -34625.0827  EHBOND  =         0.0000  RESTRAINT  =         3.6857
 EAMBER (non-restraint)  =    -30080.0854
 EKCMT  =         0.0000  VIRIAL  =         0.0000  VOLUME     =    121082.4041
                                                    Density    =         0.7810
 ------------------------------------------------------------------------------

 NMR restraints: Bond =    0.442   Angle =     0.364   Torsion =     0.945
===============================================================================

 NSTEP =     2500   TIME(PS) =       5.000  TEMP(K) =   292.46  PRESS =     0.0
 Etot   =    -24541.1416  EKtot   =      5404.3018  EPtot      =    -29945.4433
 BOND   =        47.3549  ANGLE   =        95.5141  DIHED      =       128.4230
 1-4 NB =        74.3756  1-4 EEL =        60.2848  VDWAALS    =      4502.2883
 EELEC  =    -34860.3713  EHBOND  =         0.0000  RESTRAINT  =         6.6872
 EAMBER (non-restraint)  =    -29952.1305
 EKCMT  =         0.0000  VIRIAL  =         0.0000  VOLUME     =    119197.2871
                                                    Density    =         0.7933
 ------------------------------------------------------------------------------

 NMR restraints: Bond =    1.319   Angle =     1.806   Torsion =     2.437
===============================================================================

 NSTEP =     3000   TIME(PS) =       6.000  TEMP(K) =   297.71  PRESS =     0.0
 Etot   =    -24647.2676  EKtot   =      5501.3887  EPtot      =    -30148.6562
 BOND   =        53.1787  ANGLE   =       106.8023  DIHED      =       136.8500
 1-4 NB =        76.6335  1-4 EEL =        59.2009  VDWAALS    =      4264.4481
 EELEC  =    -34852.6407  EHBOND  =         0.0000  RESTRAINT  =         6.8710
 EAMBER (non-restraint)  =    -30155.5272
 EKCMT  =         0.0000  VIRIAL  =         0.0000  VOLUME     =    117285.5837
                                                    Density    =         0.8063
 ------------------------------------------------------------------------------

 NMR restraints: Bond =    0.403   Angle =     0.930   Torsion =     2.513
===============================================================================

 NSTEP =     3500   TIME(PS) =       7.000  TEMP(K) =   299.65  PRESS =     0.0
 Etot   =    -24693.5563  EKtot   =      5537.1592  EPtot      =    -30230.7155
 BOND   =        44.1902  ANGLE   =       100.0980  DIHED      =       140.0823
 1-4 NB =        80.3319  1-4 EEL =        57.6964  VDWAALS    =      4098.9360
 EELEC  =    -34755.3895  EHBOND  =         0.0000  RESTRAINT  =         3.3393
 EAMBER (non-restraint)  =    -30234.0548
 EKCMT  =         0.0000  VIRIAL  =         0.0000  VOLUME     =    116389.1552
                                                    Density    =         0.8125
 ------------------------------------------------------------------------------

 NMR restraints: Bond =    0.162   Angle =     0.503   Torsion =     0.492
===============================================================================

 NSTEP =     4000   TIME(PS) =       8.000  TEMP(K) =   300.06  PRESS =     0.0
 Etot   =    -24702.8083  EKtot   =      5544.8306  EPtot      =    -30247.6388
 BOND   =        40.3348  ANGLE   =       107.2052  DIHED      =       134.9639
 1-4 NB =        81.0094  1-4 EEL =        62.8308  VDWAALS    =      4224.6202
 EELEC  =    -34906.2125  EHBOND  =         0.0000  RESTRAINT  =         7.6093
 EAMBER (non-restraint)  =    -30255.2481
 EKCMT  =         0.0000  VIRIAL  =         0.0000  VOLUME     =    115392.9271
                                                    Density    =         0.8195
 ------------------------------------------------------------------------------

 NMR restraints: Bond =    0.395   Angle =     2.598   Torsion =     0.723
===============================================================================

 NSTEP =     4500   TIME(PS) =       9.000  TEMP(K) =   299.17  PRESS =     0.0
 Etot   =    -24691.2571  EKtot   =      5528.3960  EPtot      =    -30219.6531
 BOND   =        56.5038  ANGLE   =       111.1002  DIHED      =       138.6724
 1-4 NB =        78.3389  1-4 EEL =        60.6043  VDWAALS    =      4125.7252
 EELEC  =    -34797.0330  EHBOND  =         0.0000  RESTRAINT  =         6.4350
 EAMBER (non-restraint)  =    -30226.0881
 EKCMT  =         0.0000  VIRIAL  =         0.0000  VOLUME     =    114892.7307
                                                    Density    =         0.8231
 ------------------------------------------------------------------------------

 NMR restraints: Bond =    0.235   Angle =     0.696   Torsion =     0.730
===============================================================================

 NSTEP =     5000   TIME(PS) =      10.000  TEMP(K) =   296.59  PRESS =     0.0
 Etot   =    -24839.7861  EKtot   =      5480.5874  EPtot      =    -30320.3735
 BOND   =        60.2934  ANGLE   =       119.1114  DIHED      =       133.3940
 1-4 NB =        71.8258  1-4 EEL =        62.7575  VDWAALS    =      4508.9492
 EELEC  =    -35284.2307  EHBOND  =         0.0000  RESTRAINT  =         7.5258
 EAMBER (non-restraint)  =    -30327.8993
 EKCMT  =         0.0000  VIRIAL  =         0.0000  VOLUME     =    112387.6503
                                                    Density    =         0.8414
 ------------------------------------------------------------------------------

 NMR restraints: Bond =    1.085   Angle =     1.747   Torsion =     0.699
===============================================================================

 NSTEP =     5500   TIME(PS) =      11.000  TEMP(K) =   298.22  PRESS =     0.0
 Etot   =    -24911.4746  EKtot   =      5510.7612  EPtot      =    -30422.2358
 BOND   =        54.3945  ANGLE   =       108.7705  DIHED      =       137.5895
 1-4 NB =        71.3991  1-4 EEL =        57.2575  VDWAALS    =      4602.0914
 EELEC  =    -35458.5226  EHBOND  =         0.0000  RESTRAINT  =         4.7843
 EAMBER (non-restraint)  =    -30427.0202
 EKCMT  =         0.0000  VIRIAL  =         0.0000  VOLUME     =    110174.4135
                                                    Density    =         0.8583
 ------------------------------------------------------------------------------

 NMR restraints: Bond =    0.997   Angle =     0.083   Torsion =     0.575
===============================================================================

 NSTEP =     6000   TIME(PS) =      12.000  TEMP(K) =   301.77  PRESS =     0.0
 Etot   =    -24856.2798  EKtot   =      5576.4155  EPtot      =    -30432.6953
 BOND   =        43.7874  ANGLE   =        91.6401  DIHED      =       140.6553
 1-4 NB =        80.2517  1-4 EEL =        64.2709  VDWAALS    =      4083.8989
 EELEC  =    -34941.3255  EHBOND  =         0.0000  RESTRAINT  =         4.1259
 EAMBER (non-restraint)  =    -30436.8212
 EKCMT  =         0.0000  VIRIAL  =         0.0000  VOLUME     =    109495.0147
                                                    Density    =         0.8636
 ------------------------------------------------------------------------------

 NMR restraints: Bond =    0.309   Angle =     0.134   Torsion =     0.245
===============================================================================

 NSTEP =     6500   TIME(PS) =      13.000  TEMP(K) =   292.52  PRESS =     0.0
 Etot   =    -25002.3604  EKtot   =      5405.4331  EPtot      =    -30407.7936
 BOND   =        49.3716  ANGLE   =        89.8538  DIHED      =       141.5560
 1-4 NB =        76.1463  1-4 EEL =        63.6320  VDWAALS    =      4166.4760
 EELEC  =    -35003.7289  EHBOND  =         0.0000  RESTRAINT  =         8.8997
 EAMBER (non-restraint)  =    -30416.6933
 EKCMT  =         0.0000  VIRIAL  =         0.0000  VOLUME     =    108911.5133
                                                    Density    =         0.8683
 ------------------------------------------------------------------------------

 NMR restraints: Bond =    1.609   Angle =     2.576   Torsion =     0.220
===============================================================================

 NSTEP =     7000   TIME(PS) =      14.000  TEMP(K) =   296.58  PRESS =     0.0
 Etot   =    -24881.6857  EKtot   =      5480.4067  EPtot      =    -30362.0924
 BOND   =        51.8260  ANGLE   =       106.5171  DIHED      =       131.3852
 1-4 NB =        72.1319  1-4 EEL =        62.5144  VDWAALS    =      3974.2816
 EELEC  =    -34767.9269  EHBOND  =         0.0000  RESTRAINT  =         7.1783
 EAMBER (non-restraint)  =    -30369.2707
 EKCMT  =         0.0000  VIRIAL  =         0.0000  VOLUME     =    108482.9134
                                                    Density    =         0.8717
 ------------------------------------------------------------------------------

 NMR restraints: Bond =    2.706   Angle =     0.892   Torsion =     0.879
===============================================================================

 NSTEP =     7500   TIME(PS) =      15.000  TEMP(K) =   302.42  PRESS =     0.0
 Etot   =    -24930.4412  EKtot   =      5588.4565  EPtot      =    -30518.8977
 BOND   =        49.6337  ANGLE   =       108.7991  DIHED      =       141.7662
 1-4 NB =        74.9126  1-4 EEL =        63.0105  VDWAALS    =      4626.4818
 EELEC  =    -35596.9842  EHBOND  =         0.0000  RESTRAINT  =        13.4826
 EAMBER (non-restraint)  =    -30532.3803
 EKCMT  =         0.0000  VIRIAL  =         0.0000  VOLUME     =    106020.8186
                                                    Density    =         0.8919
 ------------------------------------------------------------------------------

 NMR restraints: Bond =    6.544   Angle =     2.852   Torsion =     1.826
===============================================================================
