
          -------------------------------------------------------
          Amber 18 PMEMD                              2018
          -------------------------------------------------------

| PMEMD implementation of SANDER, Release 18

| Run on 05/02/2018 at 11:32:21

|   Executable path: pmemd.cuda
| Working directory: /oasis/tscc/scratch/davids4/SAMPLing-cut9/11499469.tscc-mgr.local
|          Hostname: tscc-gpu-7-9.sdsc.edu

  [-O]verwriting output

File Assignments:
|   MDIN: minimize.in                                                           
|  MDOUT: minimize.out                                                          
| INPCRD: solvate.rst7                                                          
|   PARM: solvate.prmtop                                                        
| RESTRT: minimize.rst7                                                         
|   REFC: solvate.rst7                                                          
|  MDVEL: mdvel                                                                 
|   MDEN: mden                                                                  
|  MDCRD: mdcrd                                                                 
| MDINFO: minimize.mdinfo                                                       
|  MDFRC: mdfrc                                                                 


 Here is the input file:

PBC Minimization                                                               
 &cntrl                                                                        
  imin =          1,                                                           
  ntx =           1,                                                           
  irest =         0,                                                           
  maxcyc =        500,                                                         
  ncyc =          400,                                                         
  dt =            0.0,                                                         
  nstlim =        0,                                                           
  ntpr =          100,                                                         
  ntwe =          0,                                                           
  ntwr =          5000,                                                        
  ntwx =          0,                                                           
  ntxo =          1,                                                           
  ioutfm =        1,                                                           
  ntf =           1,                                                           
  ntc =           1,                                                           
  cut =           9.0,                                                         
  igb =           0,                                                           
  tempi =         298.15,                                                      
  temp0 =         298.15,                                                      
  ntt =           0,                                                           
  gamma_ln =      0.0,                                                         
  ig =            0,                                                           
  ntp =           0,                                                           
  barostat =      0,                                                           
  ntr =           1,                                                           
  restraint_wt =  50.0,                                                        
  restraintmask = '@DUM',                                                      
  nmropt =        1,                                                           
  pencut =        -1,                                                          
 /                                                                             
 &wt type = 'END', /                                                           
DISANG = disang.rest                                                           
LISTOUT = POUT                                                                 
                                                                               


| irandom = 1, using AMBER's internal random number generator (default).
 
|--------------------- INFORMATION ----------------------
| GPU (CUDA) Version of PMEMD in use: NVIDIA GPU IN USE.
|                    Version 18.0.0
| 
|                      03/25/2018
| 
| Implementation by:
|                    Ross C. Walker     (SDSC)
|                    Scott Le Grand     (nVIDIA)
| 
| Version 18 performance extensions by:
|                    David Cerutti     (Rutgers)
| 
| Precision model in use:
|      [SPFP] - Single Precision Forces, 64-bit Fixed Point
|               Accumulation. (Default)
| 
|--------------------------------------------------------
 
|----------------- CITATION INFORMATION -----------------
|
|    When publishing work that utilized the CUDA version
|    of AMBER, please cite the following in addition to
|    the regular AMBER citations:
|
|  - Romelia Salomon-Ferrer; Andreas W. Goetz; Duncan
|    Poole; Scott Le Grand; Ross C. Walker "Routine
|    microsecond molecular dynamics simulations with
|    AMBER - Part II: Particle Mesh Ewald", J. Chem.
|    Theory Comput., 2013, 9 (9), pp3878-3888,
|    DOI: 10.1021/ct400314y.
|
|  - Andreas W. Goetz; Mark J. Williamson; Dong Xu;
|    Duncan Poole; Scott Le Grand; Ross C. Walker
|    "Routine microsecond molecular dynamics simulations
|    with AMBER - Part I: Generalized Born", J. Chem.
|    Theory Comput., 2012, 8 (5), pp1542-1555.
|
|  - Scott Le Grand; Andreas W. Goetz; Ross C. Walker
|    "SPFP: Speed without compromise - a mixed precision
|    model for GPU accelerated molecular dynamics
|    simulations.", Comp. Phys. Comm., 2013, 184
|    pp374-380, DOI: 10.1016/j.cpc.2012.09.022
|
|--------------------------------------------------------
 
|------------------- GPU DEVICE INFO --------------------
|
|            CUDA_VISIBLE_DEVICES: 0
|   CUDA Capable Devices Detected:      1
|           CUDA Device ID in use:      0
|                CUDA Device Name: GeForce GTX TITAN X
|     CUDA Device Global Mem Size:  12207 MB
| CUDA Device Num Multiprocessors:     24
|           CUDA Device Core Freq:   1.08 GHz
|
|--------------------------------------------------------
 
 
| Conditional Compilation Defines Used:
| PUBFFT
| BINTRAJ
| CUDA
| EMIL

| Largest sphere to fit in unit cell has radius =    22.338

| New format PARM file being parsed.
| Version =    1.000 Date = 04/23/18 Time = 20:19:53

| Note: 1-4 EEL scale factors are being read from the topology file.

| Note: 1-4 VDW scale factors are being read from the topology file.
| Duplicated    0 dihedrals

| Duplicated    0 dihedrals

--------------------------------------------------------------------------------
   1.  RESOURCE   USE: 
--------------------------------------------------------------------------------

 getting new box info from bottom of inpcrd
 NATOM  =    9223 NTYPES =      11 NBONH =    9067 MBONA  =     155
 NTHETH =     153 MTHETA =     232 NPHIH =     345 MPHIA  =     366
 NHPARM =       0 NPARM  =       0 NNB   =   13221 NRES   =    3022
 NBONA  =     155 NTHETA =     232 NPHIA =     366 NUMBND =      13
 NUMANG =      22 NPTRA  =      15 NATYP =      13 NPHB   =       0
 IFBOX  =       1 NMXRS  =     184 IFCAP =       0 NEXTRA =       0
 NCOPY  =       0

| Coordinate Index Table dimensions:     8    9   12
| Direct force subcell size =     5.5844    5.1077    5.0591

     BOX TYPE: RECTILINEAR

--------------------------------------------------------------------------------
   2.  CONTROL  DATA  FOR  THE  RUN
--------------------------------------------------------------------------------

default_name                                                                    

General flags:
     imin    =       1, nmropt  =       1

Nature and format of input:
     ntx     =       1, irest   =       0, ntrx    =       1

Nature and format of output:
     ntxo    =       1, ntpr    =     100, ntrx    =       1, ntwr    =       1
     iwrap   =       0, ntwx    =       0, ntwv    =       0, ntwe    =       0
     ioutfm  =       1, ntwprt  =       0, idecomp =       0, rbornstat=      0

Potential function:
     ntf     =       1, ntb     =       1, igb     =       0, nsnb    =      25
     ipol    =       0, gbsa    =       0, iesp    =       0
     dielc   =   1.00000, cut     =   9.00000, intdiel =   1.00000

Frozen or restrained atoms:
     ibelly  =       0, ntr     =       1
     restraint_wt =  50.00000

Energy minimization:
     maxcyc  =     500, ncyc    =     400, ntmin   =       1
     dx0     =   0.01000, drms    =   0.00010

NMR refinement options:
     iscale  =       0, noeskp  =       1, ipnlty  =       1, mxsub   =       1
     scalm   = 100.00000, pencut  =  -1.00000, tausw   =   0.10000

| Intermolecular bonds treatment:
|     no_intermolecular_bonds =       1

| Energy averages sample interval:
|     ene_avg_sampling =       1

Ewald parameters:
     verbose =       0, ew_type =       0, nbflag  =       1, use_pme =       1
     vdwmeth =       1, eedmeth =       1, netfrc  =       0
     Box X =   44.675   Box Y =   45.969   Box Z =   60.709
     Alpha =   90.000   Beta  =   90.000   Gamma =   90.000
     NFFT1 =   48       NFFT2 =   48       NFFT3 =   64
     Cutoff=    9.000   Tol   =0.100E-04
     Ewald Coefficient =  0.30768
     Interpolation order =    4

    LOADING THE CONSTRAINED ATOMS AS GROUPS


   5.  REFERENCE ATOM COORDINATES

  default_name                                                                    
     Mask @DUM; matches     3 atoms

--------------------------------------------------------------------------------
   3.  ATOMIC COORDINATES AND VELOCITIES
--------------------------------------------------------------------------------

default_name                                                                    
 begin time read from input coords =     0.000 ps



           Begin reading energy term weight changes/NMR restraints
 WEIGHT CHANGES:
                         ** No weight changes given **

 RESTRAINTS:
 Requested file redirections:
  DISANG    = disang.rest
  LISTOUT   = POUT
 Restraints will be read from file: disang.rest
Here are comments from the DISANG input file:

                       Number of restraints read =     9

                  Done reading weight changes/NMR restraints


 
 Number of triangulated 3-point waters found:     3000

     Sum of charges from parm topology file =   0.00000002
     Forcing neutrality...

| Dynamic Memory, Types Used:
| Reals              372848
| Integers           259810

| Nonbonded Pairs Initial Allocation:     2102844

| GPU memory information (estimate):
| KB of GPU memory in use:         0
| KB of CPU memory in use:         0

--------------------------------------------------------------------------------
   4.  RESULTS
--------------------------------------------------------------------------------



   NSTEP       ENERGY          RMS            GMAX         NAME    NUMBER
      1      -2.3911E+04     1.3214E+01     1.0059E+02     C6        190

 BOND    =       53.6500  ANGLE   =      120.7347  DIHED      =      126.5500
 VDWAALS =     3011.8441  EEL     =   -27451.2136  HBOND      =        0.0000
 1-4 VDW =       78.0391  1-4 EEL =       61.5285  RESTRAINT  =       87.7162
 EAMBER  =   -23998.8672
 NMR restraints: Bond =    0.001   Angle =    87.716   Torsion =     0.000
===============================================================================


   NSTEP       ENERGY          RMS            GMAX         NAME    NUMBER
    100      -3.2107E+04     1.5768E+00     1.9427E+01     C94       126

 BOND    =     1785.9925  ANGLE   =       46.3696  DIHED      =      104.2521
 VDWAALS =     3387.0152  EEL     =   -37610.8701  HBOND      =        0.0000
 1-4 VDW =       69.8344  1-4 EEL =       64.6192  RESTRAINT  =       46.2741
 EAMBER  =   -32152.7871
 NMR restraints: Bond =    0.296   Angle =    45.848   Torsion =     0.000
===============================================================================


   NSTEP       ENERGY          RMS            GMAX         NAME    NUMBER
    200      -3.3476E+04     1.9693E+00     7.6024E+01     C95       127

 BOND    =     2064.5428  ANGLE   =       48.7636  DIHED      =      104.4247
 VDWAALS =     3960.0141  EEL     =   -39814.4652  HBOND      =        0.0000
 1-4 VDW =       68.1794  1-4 EEL =       63.7344  RESTRAINT  =       28.8702
 EAMBER  =   -33504.8063
 NMR restraints: Bond =    0.439   Angle =    28.325   Torsion =     0.001
===============================================================================


   NSTEP       ENERGY          RMS            GMAX         NAME    NUMBER
    300      -3.4275E+04     1.8179E+00     1.1769E+02     C89       111

 BOND    =     2156.1265  ANGLE   =       49.0524  DIHED      =      105.4837
 VDWAALS =     4422.8213  EEL     =   -41156.9236  HBOND      =        0.0000
 1-4 VDW =       67.2479  1-4 EEL =       63.1443  RESTRAINT  =       17.9960
 EAMBER  =   -34293.0475
 NMR restraints: Bond =    0.510   Angle =    17.394   Torsion =     0.002
===============================================================================


   NSTEP       ENERGY          RMS            GMAX         NAME    NUMBER
    400      -3.4822E+04     1.6228E+00     5.4862E+01     C89       111

 BOND    =     2243.4656  ANGLE   =       49.0340  DIHED      =      106.5993
 VDWAALS =     4800.9320  EEL     =   -42162.6819  HBOND      =        0.0000
 1-4 VDW =       66.5393  1-4 EEL =       62.7621  RESTRAINT  =       11.5807
 EAMBER  =   -34833.3495
 NMR restraints: Bond =    0.522   Angle =    10.974   Torsion =     0.004
===============================================================================


   NSTEP       ENERGY          RMS            GMAX         NAME    NUMBER
    500      -3.6513E+04     1.3217E+00     5.8599E+01     C1        185

 BOND    =     2540.8698  ANGLE   =       57.8470  DIHED      =      109.2572
 VDWAALS =     6315.7813  EEL     =   -45667.1536  HBOND      =        0.0000
 1-4 VDW =       66.7351  1-4 EEL =       61.0047  RESTRAINT  =        2.2283
 EAMBER  =   -36515.6586
 NMR restraints: Bond =    0.399   Angle =     1.724   Torsion =     0.018
===============================================================================


  Maximum number of minimization cycles reached.


                    FINAL RESULTS



   NSTEP       ENERGY          RMS            GMAX         NAME    NUMBER
    500      -3.6513E+04     1.3217E+00     5.8599E+01     C1        185

 BOND    =     2540.8698  ANGLE   =       57.8470  DIHED      =      109.2572
 VDWAALS =     6315.7813  EEL     =   -45667.1536  HBOND      =        0.0000
 1-4 VDW =       66.7351  1-4 EEL =       61.0047  RESTRAINT  =        2.2283
 EAMBER  =   -36515.6586
 NMR restraints: Bond =    0.399   Angle =     1.724   Torsion =     0.018
===============================================================================
 ------------------------------------------------------------------------------


 Final Restraint Analysis for coords: minimize.rst7                           


 Restraints, deviations, and energy contributions:    pencut =   -1.00

 ------------------------------------------------------------------------------
     First atom        Last atom    curr. value target deviation  penalty
 ------------------------------------------------------------------------------
  DUM  DM1    3 --  C26  HST    1:    8.461    8.554    0.093    0.043 d    0: 0
  DUM  DM2    4 --  C26  HST    1:  150.367  150.564    0.196    0.001 a
  DUM  DM2    4 --  DUM  DM1    3: -157.191 -157.039    0.152    0.001 t
  DUM  DM1    3 --  C18  HST    1:   69.473   70.649    1.176    0.042 a
  DUM  DM1    3 --  C26  HST    1:  134.284  135.041    0.756    0.017 t
  C26  HST    1 --  C18  HST    1:   66.866   66.811    0.055    0.000 t
  DUM  DM1    3 --  C6   GST    2:   25.714   25.980    0.267    0.355 d    0: 0
  DUM  DM2    4 --  C6   GST    2:  179.622  180.000    0.378    0.004 a
  DUM  DM1    3 --  C1   GST    2:  172.581  180.000    7.419    1.677 a
                                       Total distance penalty:      0.399
                                       Total angle    penalty:      1.724
                                       Total torsion  penalty:      0.018
 ------------------------------------------------------------------------------
--------------------------------------------------------------------------------
   5.  TIMINGS
--------------------------------------------------------------------------------

|  NonSetup CPU Time in Major Routines:
|
|     Routine           Sec        %
|     ------------------------------
|     Nonbond           0.26   49.25
|     Bond              0.00    0.00
|     Angle             0.00    0.00
|     Dihedral          0.00    0.00
|     Shake             0.00    0.00
|     Other             0.27   50.75
|     ------------------------------
|     Total             0.53

|  PME Nonbond Pairlist CPU Time:
|
|     Routine              Sec        %
|     ---------------------------------
|     Set Up Cit           0.00    0.00
|     Build List           0.00    0.00
|     ---------------------------------
|     Total                0.00    0.00

|  PME Direct Force CPU Time:
|
|     Routine              Sec        %
|     ---------------------------------
|     NonBonded Calc       0.00    0.00
|     Exclude Masked       0.00    0.00
|     Other                0.00    0.00
|     ---------------------------------
|     Total                0.00    0.00

|  PME Reciprocal Force CPU Time:
|
|     Routine              Sec        %
|     ---------------------------------
|     1D bspline           0.00    0.00
|     Grid Charges         0.00    0.00
|     Scalar Sum           0.00    0.00
|     Gradient Sum         0.00    0.00
|     FFT                  0.00    0.00
|     ---------------------------------
|     Total                0.00    0.00

|  Setup CPU time:            2.86 seconds
|  NonSetup CPU time:         0.53 seconds
|  Total CPU time:            3.39 seconds     0.00 hours

|  Setup wall time:           3    seconds
|  NonSetup wall time:        0    seconds
|  Total wall time:           3    seconds     0.00 hours
