
          -------------------------------------------------------
          Amber 18 PMEMD                              2018
          -------------------------------------------------------

| PMEMD implementation of SANDER, Release 18

| Run on 05/02/2018 at 10:08:37

|   Executable path: pmemd.cuda
| Working directory: /oasis/tscc/scratch/davids4/SAMPLing-cut9/11499193.tscc-mgr.local
|          Hostname: tscc-gpu-9-6.sdsc.edu

  [-O]verwriting output

File Assignments:
|   MDIN: minimize.in                                                           
|  MDOUT: minimize.out                                                          
| INPCRD: solvate.rst7                                                          
|   PARM: solvate.prmtop                                                        
| RESTRT: minimize.rst7                                                         
|   REFC: solvate.rst7                                                          
|  MDVEL: mdvel                                                                 
|   MDEN: mden                                                                  
|  MDCRD: mdcrd                                                                 
| MDINFO: minimize.mdinfo                                                       
|  MDFRC: mdfrc                                                                 


 Here is the input file:

PBC Minimization                                                               
 &cntrl                                                                        
  imin =          1,                                                           
  ntx =           1,                                                           
  irest =         0,                                                           
  maxcyc =        500,                                                         
  ncyc =          400,                                                         
  dt =            0.0,                                                         
  nstlim =        0,                                                           
  ntpr =          100,                                                         
  ntwe =          0,                                                           
  ntwr =          5000,                                                        
  ntwx =          0,                                                           
  ntxo =          1,                                                           
  ioutfm =        1,                                                           
  ntf =           1,                                                           
  ntc =           1,                                                           
  cut =           9.0,                                                         
  igb =           0,                                                           
  tempi =         298.15,                                                      
  temp0 =         298.15,                                                      
  ntt =           0,                                                           
  gamma_ln =      0.0,                                                         
  ig =            0,                                                           
  ntp =           0,                                                           
  barostat =      0,                                                           
  ntr =           1,                                                           
  restraint_wt =  50.0,                                                        
  restraintmask = '@DUM',                                                      
  nmropt =        1,                                                           
  pencut =        -1,                                                          
 /                                                                             
 &wt type = 'END', /                                                           
DISANG = disang.rest                                                           
LISTOUT = POUT                                                                 
                                                                               


| irandom = 1, using AMBER's internal random number generator (default).
 
|--------------------- INFORMATION ----------------------
| GPU (CUDA) Version of PMEMD in use: NVIDIA GPU IN USE.
|                    Version 18.0.0
| 
|                      03/25/2018
| 
| Implementation by:
|                    Ross C. Walker     (SDSC)
|                    Scott Le Grand     (nVIDIA)
| 
| Version 18 performance extensions by:
|                    David Cerutti     (Rutgers)
| 
| Precision model in use:
|      [SPFP] - Single Precision Forces, 64-bit Fixed Point
|               Accumulation. (Default)
| 
|--------------------------------------------------------
 
|----------------- CITATION INFORMATION -----------------
|
|    When publishing work that utilized the CUDA version
|    of AMBER, please cite the following in addition to
|    the regular AMBER citations:
|
|  - Romelia Salomon-Ferrer; Andreas W. Goetz; Duncan
|    Poole; Scott Le Grand; Ross C. Walker "Routine
|    microsecond molecular dynamics simulations with
|    AMBER - Part II: Particle Mesh Ewald", J. Chem.
|    Theory Comput., 2013, 9 (9), pp3878-3888,
|    DOI: 10.1021/ct400314y.
|
|  - Andreas W. Goetz; Mark J. Williamson; Dong Xu;
|    Duncan Poole; Scott Le Grand; Ross C. Walker
|    "Routine microsecond molecular dynamics simulations
|    with AMBER - Part I: Generalized Born", J. Chem.
|    Theory Comput., 2012, 8 (5), pp1542-1555.
|
|  - Scott Le Grand; Andreas W. Goetz; Ross C. Walker
|    "SPFP: Speed without compromise - a mixed precision
|    model for GPU accelerated molecular dynamics
|    simulations.", Comp. Phys. Comm., 2013, 184
|    pp374-380, DOI: 10.1016/j.cpc.2012.09.022
|
|--------------------------------------------------------
 
|------------------- GPU DEVICE INFO --------------------
|
|            CUDA_VISIBLE_DEVICES: 2
|   CUDA Capable Devices Detected:      1
|           CUDA Device ID in use:      0
|                CUDA Device Name: GeForce GTX TITAN X
|     CUDA Device Global Mem Size:  12207 MB
| CUDA Device Num Multiprocessors:     24
|           CUDA Device Core Freq:   1.08 GHz
|
|--------------------------------------------------------
 
 
| Conditional Compilation Defines Used:
| PUBFFT
| BINTRAJ
| CUDA
| EMIL

| Largest sphere to fit in unit cell has radius =    20.773

| New format PARM file being parsed.
| Version =    1.000 Date = 04/23/18 Time = 20:09:29

| Note: 1-4 EEL scale factors are being read from the topology file.

| Note: 1-4 VDW scale factors are being read from the topology file.
| Duplicated    0 dihedrals

| Duplicated    0 dihedrals

--------------------------------------------------------------------------------
   1.  RESOURCE   USE: 
--------------------------------------------------------------------------------

 getting new box info from bottom of inpcrd
 NATOM  =    9223 NTYPES =      11 NBONH =    9067 MBONA  =     155
 NTHETH =     153 MTHETA =     232 NPHIH =     345 MPHIA  =     366
 NHPARM =       0 NPARM  =       0 NNB   =   13221 NRES   =    3022
 NBONA  =     155 NTHETA =     232 NPHIA =     366 NUMBND =      13
 NUMANG =      22 NPTRA  =      15 NATYP =      13 NPHB   =       0
 IFBOX  =       1 NMXRS  =     184 IFCAP =       0 NEXTRA =       0
 NCOPY  =       0

| Coordinate Index Table dimensions:     8    8   13
| Direct force subcell size =     5.1932    5.4715    5.2911

     BOX TYPE: RECTILINEAR

--------------------------------------------------------------------------------
   2.  CONTROL  DATA  FOR  THE  RUN
--------------------------------------------------------------------------------

default_name                                                                    

General flags:
     imin    =       1, nmropt  =       1

Nature and format of input:
     ntx     =       1, irest   =       0, ntrx    =       1

Nature and format of output:
     ntxo    =       1, ntpr    =     100, ntrx    =       1, ntwr    =       1
     iwrap   =       0, ntwx    =       0, ntwv    =       0, ntwe    =       0
     ioutfm  =       1, ntwprt  =       0, idecomp =       0, rbornstat=      0

Potential function:
     ntf     =       1, ntb     =       1, igb     =       0, nsnb    =      25
     ipol    =       0, gbsa    =       0, iesp    =       0
     dielc   =   1.00000, cut     =   9.00000, intdiel =   1.00000

Frozen or restrained atoms:
     ibelly  =       0, ntr     =       1
     restraint_wt =  50.00000

Energy minimization:
     maxcyc  =     500, ncyc    =     400, ntmin   =       1
     dx0     =   0.01000, drms    =   0.00010

NMR refinement options:
     iscale  =       0, noeskp  =       1, ipnlty  =       1, mxsub   =       1
     scalm   = 100.00000, pencut  =  -1.00000, tausw   =   0.10000

| Intermolecular bonds treatment:
|     no_intermolecular_bonds =       1

| Energy averages sample interval:
|     ene_avg_sampling =       1

Ewald parameters:
     verbose =       0, ew_type =       0, nbflag  =       1, use_pme =       1
     vdwmeth =       1, eedmeth =       1, netfrc  =       0
     Box X =   41.545   Box Y =   43.772   Box Z =   68.784
     Alpha =   90.000   Beta  =   90.000   Gamma =   90.000
     NFFT1 =   48       NFFT2 =   48       NFFT3 =   72
     Cutoff=    9.000   Tol   =0.100E-04
     Ewald Coefficient =  0.30768
     Interpolation order =    4

    LOADING THE CONSTRAINED ATOMS AS GROUPS


   5.  REFERENCE ATOM COORDINATES

  default_name                                                                    
     Mask @DUM; matches     3 atoms

--------------------------------------------------------------------------------
   3.  ATOMIC COORDINATES AND VELOCITIES
--------------------------------------------------------------------------------

default_name                                                                    
 begin time read from input coords =     0.000 ps



           Begin reading energy term weight changes/NMR restraints
 WEIGHT CHANGES:
                         ** No weight changes given **

 RESTRAINTS:
 Requested file redirections:
  DISANG    = disang.rest
  LISTOUT   = POUT
 Restraints will be read from file: disang.rest
Here are comments from the DISANG input file:

                       Number of restraints read =     9

                  Done reading weight changes/NMR restraints


 
 Number of triangulated 3-point waters found:     3000

     Sum of charges from parm topology file =   0.00000002
     Forcing neutrality...

| Dynamic Memory, Types Used:
| Reals              372856
| Integers           259810

| Nonbonded Pairs Initial Allocation:     2102844

| GPU memory information (estimate):
| KB of GPU memory in use:         0
| KB of CPU memory in use:         0

--------------------------------------------------------------------------------
   4.  RESULTS
--------------------------------------------------------------------------------



   NSTEP       ENERGY          RMS            GMAX         NAME    NUMBER
      1      -2.4550E+04     1.3173E+01     1.7143E+02     O        1685

 BOND    =       61.9615  ANGLE   =      109.7243  DIHED      =      120.4416
 VDWAALS =     2963.9309  EEL     =   -27963.2666  HBOND      =        0.0000
 1-4 VDW =       74.8726  1-4 EEL =       62.3214  RESTRAINT  =       20.2943
 EAMBER  =   -24570.0143
 NMR restraints: Bond =    0.001   Angle =    20.293   Torsion =     0.000
===============================================================================


   NSTEP       ENERGY          RMS            GMAX         NAME    NUMBER
    100      -3.2220E+04     2.5076E+00     4.3552E+01     C91       123

 BOND    =     1702.2727  ANGLE   =       43.7527  DIHED      =      102.4674
 VDWAALS =     3325.2096  EEL     =   -37535.7319  HBOND      =        0.0000
 1-4 VDW =       69.4842  1-4 EEL =       62.3895  RESTRAINT  =       10.4735
 EAMBER  =   -32230.1557
 NMR restraints: Bond =    0.017   Angle =    10.416   Torsion =     0.009
===============================================================================


   NSTEP       ENERGY          RMS            GMAX         NAME    NUMBER
    200      -3.3565E+04     1.9448E+00     7.1714E+01     C45        57

 BOND    =     2015.2830  ANGLE   =       47.0961  DIHED      =      102.6817
 VDWAALS =     3918.4034  EEL     =   -39783.8478  HBOND      =        0.0000
 1-4 VDW =       67.8796  1-4 EEL =       61.8657  RESTRAINT  =        5.8009
 EAMBER  =   -33570.6383
 NMR restraints: Bond =    0.006   Angle =     5.765   Torsion =     0.010
===============================================================================


   NSTEP       ENERGY          RMS            GMAX         NAME    NUMBER
    300      -3.4326E+04     1.7937E+00     1.1914E+02     C88       109

 BOND    =     2131.5689  ANGLE   =       47.3984  DIHED      =      103.2264
 VDWAALS =     4404.9070  EEL     =   -41146.0218  HBOND      =        0.0000
 1-4 VDW =       67.1816  1-4 EEL =       61.8946  RESTRAINT  =        3.3998
 EAMBER  =   -34329.8450
 NMR restraints: Bond =    0.011   Angle =     3.366   Torsion =     0.010
===============================================================================


   NSTEP       ENERGY          RMS            GMAX         NAME    NUMBER
    400      -3.4859E+04     1.5240E+00     7.1794E+01     C88       109

 BOND    =     2220.9052  ANGLE   =       46.4700  DIHED      =      103.6910
 VDWAALS =     4799.7606  EEL     =   -42160.2867  HBOND      =        0.0000
 1-4 VDW =       66.2457  1-4 EEL =       62.0815  RESTRAINT  =        2.2014
 EAMBER  =   -34861.1328
 NMR restraints: Bond =    0.045   Angle =     2.127   Torsion =     0.019
===============================================================================


   NSTEP       ENERGY          RMS            GMAX         NAME    NUMBER
    500      -3.6428E+04     1.6834E+00     4.8450E+01     C87       107

 BOND    =     2523.6315  ANGLE   =       61.4275  DIHED      =      106.7948
 VDWAALS =     6209.4070  EEL     =   -45458.0076  HBOND      =        0.0000
 1-4 VDW =       67.1370  1-4 EEL =       60.4063  RESTRAINT  =        1.4940
 EAMBER  =   -36429.2036
 NMR restraints: Bond =    0.529   Angle =     0.864   Torsion =     0.092
===============================================================================


  Maximum number of minimization cycles reached.


                    FINAL RESULTS



   NSTEP       ENERGY          RMS            GMAX         NAME    NUMBER
    500      -3.6428E+04     1.6834E+00     4.8450E+01     C87       107

 BOND    =     2523.6315  ANGLE   =       61.4275  DIHED      =      106.7948
 VDWAALS =     6209.4070  EEL     =   -45458.0076  HBOND      =        0.0000
 1-4 VDW =       67.1370  1-4 EEL =       60.4063  RESTRAINT  =        1.4940
 EAMBER  =   -36429.2036
 NMR restraints: Bond =    0.529   Angle =     0.864   Torsion =     0.092
===============================================================================
 ------------------------------------------------------------------------------


 Final Restraint Analysis for coords: minimize.rst7                           


 Restraints, deviations, and energy contributions:    pencut =   -1.00

 ------------------------------------------------------------------------------
     First atom        Last atom    curr. value target deviation  penalty
 ------------------------------------------------------------------------------
  DUM  DM1    3 --  C26  HST    1:    8.057    8.212    0.154    0.119 d    0: 0
  DUM  DM2    4 --  C26  HST    1:  150.581  152.593    2.012    0.123 a
  DUM  DM2    4 --  DUM  DM1    3:   93.262   92.942    0.320    0.003 t
  DUM  DM1    3 --  C18  HST    1:   70.837   71.827    0.990    0.030 a
  DUM  DM1    3 --  C26  HST    1:  133.383  134.182    0.799    0.019 t
  C26  HST    1 --  C18  HST    1:   71.458   72.964    1.505    0.069 t
  DUM  DM1    3 --  C6   GST    2:   17.918   17.631    0.286    0.410 d    0: 0
  DUM  DM2    4 --  C6   GST    2:  176.442  180.000    3.558    0.386 a
  DUM  DM1    3 --  C1   GST    2:  176.734  180.000    3.266    0.325 a
                                       Total distance penalty:      0.529
                                       Total angle    penalty:      0.864
                                       Total torsion  penalty:      0.092
 ------------------------------------------------------------------------------
--------------------------------------------------------------------------------
   5.  TIMINGS
--------------------------------------------------------------------------------

|  NonSetup CPU Time in Major Routines:
|
|     Routine           Sec        %
|     ------------------------------
|     Nonbond           0.24   43.22
|     Bond              0.00    0.00
|     Angle             0.00    0.00
|     Dihedral          0.00    0.00
|     Shake             0.00    0.00
|     Other             0.31   56.78
|     ------------------------------
|     Total             0.55

|  PME Nonbond Pairlist CPU Time:
|
|     Routine              Sec        %
|     ---------------------------------
|     Set Up Cit           0.00    0.00
|     Build List           0.00    0.00
|     ---------------------------------
|     Total                0.00    0.00

|  PME Direct Force CPU Time:
|
|     Routine              Sec        %
|     ---------------------------------
|     NonBonded Calc       0.00    0.00
|     Exclude Masked       0.00    0.00
|     Other                0.00    0.00
|     ---------------------------------
|     Total                0.00    0.00

|  PME Reciprocal Force CPU Time:
|
|     Routine              Sec        %
|     ---------------------------------
|     1D bspline           0.00    0.00
|     Grid Charges         0.00    0.00
|     Scalar Sum           0.00    0.00
|     Gradient Sum         0.00    0.00
|     FFT                  0.00    0.00
|     ---------------------------------
|     Total                0.00    0.00

|  Setup CPU time:            2.11 seconds
|  NonSetup CPU time:         0.55 seconds
|  Total CPU time:            2.65 seconds     0.00 hours

|  Setup wall time:           3    seconds
|  NonSetup wall time:        0    seconds
|  Total wall time:           3    seconds     0.00 hours
