
          -------------------------------------------------------
          Amber 18 PMEMD                              2018
          -------------------------------------------------------

| PMEMD implementation of SANDER, Release 18

| Run on 05/02/2018 at 11:05:29

|   Executable path: pmemd.cuda
| Working directory: /oasis/tscc/scratch/davids4/SAMPLing-cut9/11499392.tscc-mgr.local
|          Hostname: tscc-gpu-9-6.sdsc.edu

  [-O]verwriting output

File Assignments:
|   MDIN: equil.000.in                                                          
|  MDOUT: equil.000.out                                                         
| INPCRD: minimize.rst7                                                         
|   PARM: solvate.prmtop                                                        
| RESTRT: equil.000.rst7                                                        
|   REFC: solvate.rst7                                                          
|  MDVEL: mdvel                                                                 
|   MDEN: equil.000.mden                                                        
|  MDCRD: equil.000.nc                                                          
| MDINFO: equil.000.mdinfo                                                      
|  MDFRC: mdfrc                                                                 


 Here is the input file:

PBC MD Simulation                                                              
 &cntrl                                                                        
  imin =          0,                                                           
  ntx =           1,                                                           
  irest =         0,                                                           
  maxcyc =        0,                                                           
  ncyc =          0,                                                           
  dt =            0.002,                                                       
  nstlim =        500000,                                                      
  ntpr =          500,                                                         
  ntwe =          500,                                                         
  ntwr =          250,                                                         
  ntwx =          250,                                                         
  ntxo =          1,                                                           
  ioutfm =        1,                                                           
  ntf =           2,                                                           
  ntc =           2,                                                           
  cut =           9.0,                                                         
  igb =           0,                                                           
  tempi =         298.15,                                                      
  temp0 =         298.15,                                                      
  ntt =           3,                                                           
  gamma_ln =      1.0,                                                         
  ig =            -1,                                                          
  ntp =           1,                                                           
  barostat =      2,                                                           
  ntr =           1,                                                           
  restraint_wt =  50.0,                                                        
  restraintmask = '@DUM',                                                      
  nmropt =        1,                                                           
  pencut =        -1,                                                          
  ntwprt =        204,                                                         
 /                                                                             
 &wt type = 'END', /                                                           
DISANG = disang.rest                                                           
LISTOUT = POUT                                                                 
                                                                               


Note: ig = -1. Setting random seed to   869957 based on wallclock time in 
      microseconds.
| irandom = 1, using AMBER's internal random number generator (default).
 
|--------------------- INFORMATION ----------------------
| GPU (CUDA) Version of PMEMD in use: NVIDIA GPU IN USE.
|                    Version 18.0.0
| 
|                      03/25/2018
| 
| Implementation by:
|                    Ross C. Walker     (SDSC)
|                    Scott Le Grand     (nVIDIA)
| 
| Version 18 performance extensions by:
|                    David Cerutti     (Rutgers)
| 
| Precision model in use:
|      [SPFP] - Single Precision Forces, 64-bit Fixed Point
|               Accumulation. (Default)
| 
|--------------------------------------------------------
 
|----------------- CITATION INFORMATION -----------------
|
|    When publishing work that utilized the CUDA version
|    of AMBER, please cite the following in addition to
|    the regular AMBER citations:
|
|  - Romelia Salomon-Ferrer; Andreas W. Goetz; Duncan
|    Poole; Scott Le Grand; Ross C. Walker "Routine
|    microsecond molecular dynamics simulations with
|    AMBER - Part II: Particle Mesh Ewald", J. Chem.
|    Theory Comput., 2013, 9 (9), pp3878-3888,
|    DOI: 10.1021/ct400314y.
|
|  - Andreas W. Goetz; Mark J. Williamson; Dong Xu;
|    Duncan Poole; Scott Le Grand; Ross C. Walker
|    "Routine microsecond molecular dynamics simulations
|    with AMBER - Part I: Generalized Born", J. Chem.
|    Theory Comput., 2012, 8 (5), pp1542-1555.
|
|  - Scott Le Grand; Andreas W. Goetz; Ross C. Walker
|    "SPFP: Speed without compromise - a mixed precision
|    model for GPU accelerated molecular dynamics
|    simulations.", Comp. Phys. Comm., 2013, 184
|    pp374-380, DOI: 10.1016/j.cpc.2012.09.022
|
|--------------------------------------------------------
 
|------------------- GPU DEVICE INFO --------------------
|
|            CUDA_VISIBLE_DEVICES: 5
|   CUDA Capable Devices Detected:      1
|           CUDA Device ID in use:      0
|                CUDA Device Name: GeForce GTX TITAN X
|     CUDA Device Global Mem Size:  12207 MB
| CUDA Device Num Multiprocessors:     24
|           CUDA Device Core Freq:   1.08 GHz
|
|--------------------------------------------------------
 
 
| Conditional Compilation Defines Used:
| PUBFFT
| BINTRAJ
| CUDA
| EMIL

| Largest sphere to fit in unit cell has radius =    20.946

| New format PARM file being parsed.
| Version =    1.000 Date = 04/23/18 Time = 20:04:59

| Note: 1-4 EEL scale factors are being read from the topology file.

| Note: 1-4 VDW scale factors are being read from the topology file.
| Duplicated    0 dihedrals

| Duplicated    0 dihedrals

--------------------------------------------------------------------------------
   1.  RESOURCE   USE: 
--------------------------------------------------------------------------------

 getting new box info from bottom of inpcrd
 NATOM  =    9221 NTYPES =      11 NBONH =    9065 MBONA  =     155
 NTHETH =     148 MTHETA =     231 NPHIH =     343 MPHIA  =     362
 NHPARM =       0 NPARM  =       0 NNB   =   13205 NRES   =    3022
 NBONA  =     155 NTHETA =     231 NPHIA =     362 NUMBND =      16
 NUMANG =      28 NPTRA  =      15 NATYP =      14 NPHB   =       0
 IFBOX  =       1 NMXRS  =     184 IFCAP =       0 NEXTRA =       0
 NCOPY  =       0

| Coordinate Index Table dimensions:     8    8   13
| Direct force subcell size =     5.4385    5.2364    5.2998

     BOX TYPE: RECTILINEAR

--------------------------------------------------------------------------------
   2.  CONTROL  DATA  FOR  THE  RUN
--------------------------------------------------------------------------------

default_name                                                                    

General flags:
     imin    =       0, nmropt  =       1

Nature and format of input:
     ntx     =       1, irest   =       0, ntrx    =       1

Nature and format of output:
     ntxo    =       1, ntpr    =     500, ntrx    =       1, ntwr    =     250
     iwrap   =       0, ntwx    =     250, ntwv    =       0, ntwe    =     500
     ioutfm  =       1, ntwprt  =     204, idecomp =       0, rbornstat=      0

Potential function:
     ntf     =       2, ntb     =       2, igb     =       0, nsnb    =      25
     ipol    =       0, gbsa    =       0, iesp    =       0
     dielc   =   1.00000, cut     =   9.00000, intdiel =   1.00000

Frozen or restrained atoms:
     ibelly  =       0, ntr     =       1
     restraint_wt =  50.00000

Molecular dynamics:
     nstlim  =    500000, nscm    =         0, nrespa  =         1
     t       =   0.00000, dt      =   0.00200, vlimit  =  -1.00000

Langevin dynamics temperature regulation:
     ig      =  869957
     temp0   = 298.15000, tempi   = 298.15000, gamma_ln=   1.00000

Pressure regulation:
     ntp     =       1
     pres0   =   1.00000, comp    =  44.60000, taup    =   1.00000
     Monte-Carlo Barostat:
     mcbarint  =     100

SHAKE:
     ntc     =       2, jfastw  =       0
     tol     =   0.00001

NMR refinement options:
     iscale  =       0, noeskp  =       1, ipnlty  =       1, mxsub   =       1
     scalm   = 100.00000, pencut  =  -1.00000, tausw   =   0.10000

| Intermolecular bonds treatment:
|     no_intermolecular_bonds =       1

| Energy averages sample interval:
|     ene_avg_sampling =     500

Ewald parameters:
     verbose =       0, ew_type =       0, nbflag  =       1, use_pme =       1
     vdwmeth =       1, eedmeth =       1, netfrc  =       1
     Box X =   43.508   Box Y =   41.891   Box Z =   68.898
     Alpha =   90.000   Beta  =   90.000   Gamma =   90.000
     NFFT1 =   48       NFFT2 =   48       NFFT3 =   72
     Cutoff=    9.000   Tol   =0.100E-04
     Ewald Coefficient =  0.30768
     Interpolation order =    4

    LOADING THE CONSTRAINED ATOMS AS GROUPS


   5.  REFERENCE ATOM COORDINATES

  default_name                                                                    
     Mask @DUM; matches     3 atoms
| MONTE CARLO BAROSTAT IMPORTANT NOTE:
|   The Monte-Carlo barostat does not require the virial to adjust the system volume.
|   Since it is an expensive calculation, it is skipped for efficiency. A side-effect
|   is that the reported pressure is always 0 because it is not calculated.

--------------------------------------------------------------------------------
   3.  ATOMIC COORDINATES AND VELOCITIES
--------------------------------------------------------------------------------

default_name                                                                    
 begin time read from input coords =     0.000 ps



           Begin reading energy term weight changes/NMR restraints
 WEIGHT CHANGES:
                         ** No weight changes given **

 RESTRAINTS:
 Requested file redirections:
  DISANG    = disang.rest
  LISTOUT   = POUT
 Restraints will be read from file: disang.rest
Here are comments from the DISANG input file:

                       Number of restraints read =     9

                  Done reading weight changes/NMR restraints


 
 Number of triangulated 3-point waters found:     3000

     Sum of charges from parm topology file =   0.00000002
     Forcing neutrality...

| Dynamic Memory, Types Used:
| Reals              528869
| Integers           283979

| Nonbonded Pairs Initial Allocation:     2102388

| GPU memory information (estimate):
| KB of GPU memory in use:         0
| KB of CPU memory in use:         0

--------------------------------------------------------------------------------
   4.  RESULTS
--------------------------------------------------------------------------------


 NSTEP =        0   TIME(PS) =       0.000  TEMP(K) =   439.62  PRESS =     0.0
 Etot   =    -30718.8413  EKtot   =      8123.6136  EPtot      =    -38842.4549
 BOND   =        14.8662  ANGLE   =        67.5078  DIHED      =       107.7388
 1-4 NB =        65.6754  1-4 EEL =        60.1416  VDWAALS    =      6174.8895
 EELEC  =    -45335.0695  EHBOND  =         0.0000  RESTRAINT  =         1.7954
 EAMBER (non-restraint)  =    -38844.2503
 EKCMT  =         0.0000  VIRIAL  =         0.0000  VOLUME     =    125573.7567
                                                    Density    =         0.7531
 ------------------------------------------------------------------------------

 NMR restraints: Bond =    0.379   Angle =     1.035   Torsion =     0.261
===============================================================================

 NSTEP =      500   TIME(PS) =       1.000  TEMP(K) =   265.70  PRESS =     0.0
 Etot   =    -25941.3100  EKtot   =      4909.8647  EPtot      =    -30851.1747
 BOND   =        47.7885  ANGLE   =       111.0718  DIHED      =       132.7950
 1-4 NB =        75.7645  1-4 EEL =        59.9837  VDWAALS    =      4690.3325
 EELEC  =    -35971.9910  EHBOND  =         0.0000  RESTRAINT  =         3.0803
 EAMBER (non-restraint)  =    -30854.2551
 EKCMT  =         0.0000  VIRIAL  =         0.0000  VOLUME     =    123837.9292
                                                    Density    =         0.7636
 ------------------------------------------------------------------------------

 NMR restraints: Bond =    0.566   Angle =     0.653   Torsion =     0.366
===============================================================================

 NSTEP =     1000   TIME(PS) =       2.000  TEMP(K) =   282.11  PRESS =     0.0
 Etot   =    -25149.7289  EKtot   =      5213.0059  EPtot      =    -30362.7348
 BOND   =        63.4410  ANGLE   =       107.5417  DIHED      =       135.7784
 1-4 NB =        71.5191  1-4 EEL =        63.8785  VDWAALS    =      4450.2236
 EELEC  =    -35259.2505  EHBOND  =         0.0000  RESTRAINT  =         4.1334
 EAMBER (non-restraint)  =    -30366.8682
 EKCMT  =         0.0000  VIRIAL  =         0.0000  VOLUME     =    121555.2579
                                                    Density    =         0.7780
 ------------------------------------------------------------------------------

 NMR restraints: Bond =    0.266   Angle =     1.593   Torsion =     0.521
===============================================================================

 NSTEP =     1500   TIME(PS) =       3.000  TEMP(K) =   298.94  PRESS =     0.0
 Etot   =    -24622.0675  EKtot   =      5524.0342  EPtot      =    -30146.1017
 BOND   =        64.6613  ANGLE   =        99.8146  DIHED      =       134.0124
 1-4 NB =        68.9831  1-4 EEL =        64.2147  VDWAALS    =      4197.1139
 EELEC  =    -34782.7719  EHBOND  =         0.0000  RESTRAINT  =         7.8702
 EAMBER (non-restraint)  =    -30153.9718
 EKCMT  =         0.0000  VIRIAL  =         0.0000  VOLUME     =    119288.5873
                                                    Density    =         0.7927
 ------------------------------------------------------------------------------

 NMR restraints: Bond =    0.787   Angle =     3.128   Torsion =     0.255
===============================================================================

 NSTEP =     2000   TIME(PS) =       4.000  TEMP(K) =   297.36  PRESS =     0.0
 Etot   =    -24683.0996  EKtot   =      5494.8960  EPtot      =    -30177.9956
 BOND   =        51.8153  ANGLE   =        98.3553  DIHED      =       136.5158
 1-4 NB =        76.9622  1-4 EEL =        67.6712  VDWAALS    =      4320.6987
 EELEC  =    -34935.5238  EHBOND  =         0.0000  RESTRAINT  =         5.5098
 EAMBER (non-restraint)  =    -30183.5053
 EKCMT  =         0.0000  VIRIAL  =         0.0000  VOLUME     =    117366.5461
                                                    Density    =         0.8057
 ------------------------------------------------------------------------------

 NMR restraints: Bond =    0.667   Angle =     1.327   Torsion =     0.645
===============================================================================

 NSTEP =     2500   TIME(PS) =       5.000  TEMP(K) =   301.21  PRESS =     0.0
 Etot   =    -24561.5291  EKtot   =      5566.0430  EPtot      =    -30127.5721
 BOND   =        57.5069  ANGLE   =        99.3095  DIHED      =       144.2934
 1-4 NB =        73.9143  1-4 EEL =        61.5576  VDWAALS    =      4160.4175
 EELEC  =    -34729.3877  EHBOND  =         0.0000  RESTRAINT  =         4.8165
 EAMBER (non-restraint)  =    -30132.3886
 EKCMT  =         0.0000  VIRIAL  =         0.0000  VOLUME     =    117428.2654
                                                    Density    =         0.8053
 ------------------------------------------------------------------------------

 NMR restraints: Bond =    0.942   Angle =     0.825   Torsion =     1.126
===============================================================================

 NSTEP =     3000   TIME(PS) =       6.000  TEMP(K) =   299.51  PRESS =     0.0
 Etot   =    -24760.6074  EKtot   =      5534.6973  EPtot      =    -30295.3046
 BOND   =        50.4603  ANGLE   =       106.4270  DIHED      =       131.6611
 1-4 NB =        75.2616  1-4 EEL =        63.7656  VDWAALS    =      4496.7235
 EELEC  =    -35223.3566  EHBOND  =         0.0000  RESTRAINT  =         3.7529
 EAMBER (non-restraint)  =    -30299.0575
 EKCMT  =         0.0000  VIRIAL  =         0.0000  VOLUME     =    114426.7289
                                                    Density    =         0.8264
 ------------------------------------------------------------------------------

 NMR restraints: Bond =    0.164   Angle =     0.876   Torsion =     0.086
===============================================================================

 NSTEP =     3500   TIME(PS) =       7.000  TEMP(K) =   289.56  PRESS =     0.0
 Etot   =    -25019.9804  EKtot   =      5350.8081  EPtot      =    -30370.7885
 BOND   =        56.4732  ANGLE   =        95.6133  DIHED      =       139.9056
 1-4 NB =        76.9254  1-4 EEL =        59.0613  VDWAALS    =      4086.4452
 EELEC  =    -34888.3942  EHBOND  =         0.0000  RESTRAINT  =         3.1818
 EAMBER (non-restraint)  =    -30373.9702
 EKCMT  =         0.0000  VIRIAL  =         0.0000  VOLUME     =    114400.4103
                                                    Density    =         0.8266
 ------------------------------------------------------------------------------

 NMR restraints: Bond =    1.192   Angle =     0.926   Torsion =     0.114
===============================================================================

 NSTEP =     4000   TIME(PS) =       8.000  TEMP(K) =   296.84  PRESS =     0.0
 Etot   =    -24899.6920  EKtot   =      5485.3379  EPtot      =    -30385.0299
 BOND   =        42.0391  ANGLE   =       118.3377  DIHED      =       140.4538
 1-4 NB =        81.6443  1-4 EEL =        63.2257  VDWAALS    =      4049.0288
 EELEC  =    -34882.9392  EHBOND  =         0.0000  RESTRAINT  =         3.1799
 EAMBER (non-restraint)  =    -30388.2098
 EKCMT  =         0.0000  VIRIAL  =         0.0000  VOLUME     =    112305.0397
                                                    Density    =         0.8420
 ------------------------------------------------------------------------------

 NMR restraints: Bond =    0.989   Angle =     0.211   Torsion =     0.166
===============================================================================

 NSTEP =     4500   TIME(PS) =       9.000  TEMP(K) =   294.36  PRESS =     0.0
 Etot   =    -24890.6466  EKtot   =      5439.3921  EPtot      =    -30330.0387
 BOND   =        44.0686  ANGLE   =       110.4934  DIHED      =       139.8757
 1-4 NB =        78.3791  1-4 EEL =        61.9681  VDWAALS    =      4155.0840
 EELEC  =    -34926.5391  EHBOND  =         0.0000  RESTRAINT  =         6.6315
 EAMBER (non-restraint)  =    -30336.6703
 EKCMT  =         0.0000  VIRIAL  =         0.0000  VOLUME     =    111492.0521
                                                    Density    =         0.8482
 ------------------------------------------------------------------------------

 NMR restraints: Bond =    0.821   Angle =     0.510   Torsion =     0.759
===============================================================================

 NSTEP =     5000   TIME(PS) =      10.000  TEMP(K) =   303.99  PRESS =     0.0
 Etot   =    -24797.5423  EKtot   =      5617.4443  EPtot      =    -30414.9866
 BOND   =        60.8640  ANGLE   =       111.7711  DIHED      =       138.2494
 1-4 NB =        75.8305  1-4 EEL =        58.3073  VDWAALS    =      4321.9546
 EELEC  =    -35186.2022  EHBOND  =         0.0000  RESTRAINT  =         4.2386
 EAMBER (non-restraint)  =    -30419.2252
 EKCMT  =         0.0000  VIRIAL  =         0.0000  VOLUME     =    109323.6203
                                                    Density    =         0.8650
 ------------------------------------------------------------------------------

 NMR restraints: Bond =    0.417   Angle =     0.393   Torsion =     0.763
===============================================================================

 NSTEP =     5500   TIME(PS) =      11.000  TEMP(K) =   295.97  PRESS =     0.0
 Etot   =    -24919.5660  EKtot   =      5469.2412  EPtot      =    -30388.8072
 BOND   =        55.7523  ANGLE   =       103.8990  DIHED      =       145.3075
 1-4 NB =        75.3700  1-4 EEL =        62.3195  VDWAALS    =      4041.8096
 EELEC  =    -34880.2087  EHBOND  =         0.0000  RESTRAINT  =         6.9436
 EAMBER (non-restraint)  =    -30395.7508
 EKCMT  =         0.0000  VIRIAL  =         0.0000  VOLUME     =    108682.4117
                                                    Density    =         0.8701
 ------------------------------------------------------------------------------

 NMR restraints: Bond =    1.564   Angle =     2.405   Torsion =     1.502
===============================================================================

 NSTEP =     6000   TIME(PS) =      12.000  TEMP(K) =   300.43  PRESS =     0.0
 Etot   =    -24802.2051  EKtot   =      5551.7056  EPtot      =    -30353.9107
 BOND   =        46.3012  ANGLE   =       109.9660  DIHED      =       140.2904
 1-4 NB =        75.8023  1-4 EEL =        62.0677  VDWAALS    =      4101.6527
 EELEC  =    -34894.5581  EHBOND  =         0.0000  RESTRAINT  =         4.5670
 EAMBER (non-restraint)  =    -30358.4777
 EKCMT  =         0.0000  VIRIAL  =         0.0000  VOLUME     =    107907.3300
                                                    Density    =         0.8764
 ------------------------------------------------------------------------------

 NMR restraints: Bond =    0.729   Angle =     1.298   Torsion =     0.783
===============================================================================

 NSTEP =     6500   TIME(PS) =      13.000  TEMP(K) =   297.02  PRESS =     0.0
 Etot   =    -25052.1623  EKtot   =      5488.6768  EPtot      =    -30540.8390
 BOND   =        48.9101  ANGLE   =       113.6739  DIHED      =       129.7721
 1-4 NB =        75.7471  1-4 EEL =        62.8249  VDWAALS    =      4411.1514
 EELEC  =    -35388.0326  EHBOND  =         0.0000  RESTRAINT  =         5.1139
 EAMBER (non-restraint)  =    -30545.9530
 EKCMT  =         0.0000  VIRIAL  =         0.0000  VOLUME     =    106566.7971
                                                    Density    =         0.8874
 ------------------------------------------------------------------------------

 NMR restraints: Bond =    0.449   Angle =     1.427   Torsion =     0.134
===============================================================================

 NSTEP =     7000   TIME(PS) =      14.000  TEMP(K) =   296.45  PRESS =     0.0
 Etot   =    -25160.3452  EKtot   =      5478.0488  EPtot      =    -30638.3940
 BOND   =        42.3135  ANGLE   =        91.6880  DIHED      =       129.7009
 1-4 NB =        79.2549  1-4 EEL =        61.9257  VDWAALS    =      4469.2650
 EELEC  =    -35517.3173  EHBOND  =         0.0000  RESTRAINT  =         4.7754
 EAMBER (non-restraint)  =    -30643.1694
 EKCMT  =         0.0000  VIRIAL  =         0.0000  VOLUME     =    105177.1496
                                                    Density    =         0.8991
 ------------------------------------------------------------------------------

 NMR restraints: Bond =    0.937   Angle =     0.955   Torsion =     0.283
===============================================================================

 NSTEP =     7500   TIME(PS) =      15.000  TEMP(K) =   299.62  PRESS =     0.0
 Etot   =    -25212.4937  EKtot   =      5536.6377  EPtot      =    -30749.1314
 BOND   =        50.2990  ANGLE   =       103.6224  DIHED      =       133.5277
 1-4 NB =        77.5450  1-4 EEL =        63.7013  VDWAALS    =      4315.7194
 EELEC  =    -35500.1603  EHBOND  =         0.0000  RESTRAINT  =         6.6142
 EAMBER (non-restraint)  =    -30755.7455
 EKCMT  =         0.0000  VIRIAL  =         0.0000  VOLUME     =    103220.1149
                                                    Density    =         0.9161
 ------------------------------------------------------------------------------

 NMR restraints: Bond =    1.172   Angle =     0.592   Torsion =     0.860
===============================================================================

 NSTEP =     8000   TIME(PS) =      16.000  TEMP(K) =   293.51  PRESS =     0.0
 Etot   =    -25323.5387  EKtot   =      5423.8296  EPtot      =    -30747.3683
 BOND   =        54.0392  ANGLE   =        97.1241  DIHED      =       137.8441
 1-4 NB =        72.9852  1-4 EEL =        63.7037  VDWAALS    =      4119.9334
 EELEC  =    -35298.3008  EHBOND  =         0.0000  RESTRAINT  =         5.3028
 EAMBER (non-restraint)  =    -30752.6711
 EKCMT  =         0.0000  VIRIAL  =         0.0000  VOLUME     =    102721.9111
                                                    Density    =         0.9206
 ------------------------------------------------------------------------------

 NMR restraints: Bond =    2.072   Angle =     0.866   Torsion =     0.450
===============================================================================

 NSTEP =     8500   TIME(PS) =      17.000  TEMP(K) =   294.32  PRESS =     0.0
 Etot   =    -25459.8838  EKtot   =      5438.7456  EPtot      =    -30898.6294
 BOND   =        45.3996  ANGLE   =        99.6812  DIHED      =       132.6459
 1-4 NB =        79.3568  1-4 EEL =        63.6494  VDWAALS    =      4484.1248
 EELEC  =    -35807.1431  EHBOND  =         0.0000  RESTRAINT  =         3.6559
 EAMBER (non-restraint)  =    -30902.2853
 EKCMT  =         0.0000  VIRIAL  =         0.0000  VOLUME     =    100835.2454
                                                    Density    =         0.9378
 ------------------------------------------------------------------------------

 NMR restraints: Bond =    0.504   Angle =     1.163   Torsion =     0.328
===============================================================================

 NSTEP =     9000   TIME(PS) =      18.000  TEMP(K) =   293.35  PRESS =     0.0
 Etot   =    -25377.8487  EKtot   =      5420.8223  EPtot      =    -30798.6710
 BOND   =        53.5080  ANGLE   =        97.1859  DIHED      =       139.8141
 1-4 NB =        78.3679  1-4 EEL =        66.0704  VDWAALS    =      4187.1200
 EELEC  =    -35425.3184  EHBOND  =         0.0000  RESTRAINT  =         4.5812
 EAMBER (non-restraint)  =    -30803.2522
 EKCMT  =         0.0000  VIRIAL  =         0.0000  VOLUME     =    100835.2454
                                                    Density    =         0.9378
 ------------------------------------------------------------------------------

 NMR restraints: Bond =    1.464   Angle =     0.802   Torsion =     0.118
===============================================================================

 NSTEP =     9500   TIME(PS) =      19.000  TEMP(K) =   295.70  PRESS =     0.0
 Etot   =    -25353.7157  EKtot   =      5464.2212  EPtot      =    -30817.9368
 BOND   =        45.7081  ANGLE   =       108.7122  DIHED      =       136.1269
 1-4 NB =        73.2699  1-4 EEL =        61.4304  VDWAALS    =      4120.3703
 EELEC  =    -35366.2977  EHBOND  =         0.0000  RESTRAINT  =         2.7431
 EAMBER (non-restraint)  =    -30820.6800
 EKCMT  =         0.0000  VIRIAL  =         0.0000  VOLUME     =     99892.4444
                                                    Density    =         0.9467
 ------------------------------------------------------------------------------

 NMR restraints: Bond =    0.628   Angle =     1.040   Torsion =     0.319
===============================================================================

 NSTEP =    10000   TIME(PS) =      20.000  TEMP(K) =   298.38  PRESS =     0.0
 Etot   =    -25378.5806  EKtot   =      5513.7183  EPtot      =    -30892.2989
 BOND   =        56.1742  ANGLE   =       110.6506  DIHED      =       137.0898
 1-4 NB =        81.1657  1-4 EEL =        56.0739  VDWAALS    =      4225.5453
 EELEC  =    -35562.3131  EHBOND  =         0.0000  RESTRAINT  =         3.3147
 EAMBER (non-restraint)  =    -30895.6136
 EKCMT  =         0.0000  VIRIAL  =         0.0000  VOLUME     =     99024.5433
                                                    Density    =         0.9550
 ------------------------------------------------------------------------------

 NMR restraints: Bond =    0.331   Angle =     0.536   Torsion =     0.186
===============================================================================

 NSTEP =    10500   TIME(PS) =      21.000  TEMP(K) =   297.44  PRESS =     0.0
 Etot   =    -25439.7564  EKtot   =      5496.3481  EPtot      =    -30936.1045
 BOND   =        49.5217  ANGLE   =       118.4660  DIHED      =       133.1891
 1-4 NB =        78.1817  1-4 EEL =        61.5786  VDWAALS    =      4256.9984
 EELEC  =    -35636.0982  EHBOND  =         0.0000  RESTRAINT  =         2.0581
 EAMBER (non-restraint)  =    -30938.1626
 EKCMT  =         0.0000  VIRIAL  =         0.0000  VOLUME     =     98299.2174
                                                    Density    =         0.9620
 ------------------------------------------------------------------------------

 NMR restraints: Bond =    0.416   Angle =     0.469   Torsion =     0.012
===============================================================================

 NSTEP =    11000   TIME(PS) =      22.000  TEMP(K) =   295.54  PRESS =     0.0
 Etot   =    -25444.9682  EKtot   =      5461.3408  EPtot      =    -30906.3090
 BOND   =        59.8718  ANGLE   =       122.4187  DIHED      =       128.8034
 1-4 NB =        76.0581  1-4 EEL =        61.5136  VDWAALS    =      4233.9664
 EELEC  =    -35594.7946  EHBOND  =         0.0000  RESTRAINT  =         5.8535
 EAMBER (non-restraint)  =    -30912.1625
 EKCMT  =         0.0000  VIRIAL  =         0.0000  VOLUME     =     98070.8281
                                                    Density    =         0.9642
 ------------------------------------------------------------------------------

 NMR restraints: Bond =    0.051   Angle =     1.154   Torsion =     0.401
===============================================================================

 NSTEP =    11500   TIME(PS) =      23.000  TEMP(K) =   297.19  PRESS =     0.0
 Etot   =    -25530.9897  EKtot   =      5491.7031  EPtot      =    -31022.6928
 BOND   =        49.0250  ANGLE   =       124.6108  DIHED      =       146.0765
 1-4 NB =        77.8083  1-4 EEL =        58.2930  VDWAALS    =      4295.1836
 EELEC  =    -35776.4401  EHBOND  =         0.0000  RESTRAINT  =         2.7500
 EAMBER (non-restraint)  =    -31025.4429
 EKCMT  =         0.0000  VIRIAL  =         0.0000  VOLUME     =     98070.8281
                                                    Density    =         0.9642
 ------------------------------------------------------------------------------

 NMR restraints: Bond =    0.176   Angle =     0.512   Torsion =     0.709
===============================================================================

 NSTEP =    12000   TIME(PS) =      24.000  TEMP(K) =   295.83  PRESS =     0.0
 Etot   =    -25534.8662  EKtot   =      5466.5825  EPtot      =    -31001.4487
 BOND   =        48.9101  ANGLE   =       110.3728  DIHED      =       121.1956
 1-4 NB =        69.5719  1-4 EEL =        62.0205  VDWAALS    =      4306.3023
 EELEC  =    -35723.2592  EHBOND  =         0.0000  RESTRAINT  =         3.4373
 EAMBER (non-restraint)  =    -31004.8861
 EKCMT  =         0.0000  VIRIAL  =         0.0000  VOLUME     =     97606.8031
                                                    Density    =         0.9688
 ------------------------------------------------------------------------------

 NMR restraints: Bond =    0.294   Angle =     1.486   Torsion =     0.246
===============================================================================

 NSTEP =    12500   TIME(PS) =      25.000  TEMP(K) =   295.88  PRESS =     0.0
 Etot   =    -25522.6778  EKtot   =      5467.4985  EPtot      =    -30990.1763
 BOND   =        51.6057  ANGLE   =       102.2234  DIHED      =       130.0470
 1-4 NB =        75.4954  1-4 EEL =        59.6362  VDWAALS    =      4215.9436
 EELEC  =    -35629.9305  EHBOND  =         0.0000  RESTRAINT  =         4.8030
 EAMBER (non-restraint)  =    -30994.9793
 EKCMT  =         0.0000  VIRIAL  =         0.0000  VOLUME     =     96757.8355
                                                    Density    =         0.9773
 ------------------------------------------------------------------------------

 NMR restraints: Bond =    0.666   Angle =     1.194   Torsion =     0.917
===============================================================================

 NSTEP =    13000   TIME(PS) =      26.000  TEMP(K) =   294.10  PRESS =     0.0
 Etot   =    -25530.7183  EKtot   =      5434.6260  EPtot      =    -30965.3443
 BOND   =        43.0136  ANGLE   =       115.7604  DIHED      =       120.7282
 1-4 NB =        76.9058  1-4 EEL =        61.2185  VDWAALS    =      4214.0351
 EELEC  =    -35602.6539  EHBOND  =         0.0000  RESTRAINT  =         5.6481
 EAMBER (non-restraint)  =    -30970.9923
 EKCMT  =         0.0000  VIRIAL  =         0.0000  VOLUME     =     95887.2026
                                                    Density    =         0.9862
 ------------------------------------------------------------------------------

 NMR restraints: Bond =    0.686   Angle =     1.893   Torsion =     0.403
===============================================================================

 NSTEP =    13500   TIME(PS) =      27.000  TEMP(K) =   299.61  PRESS =     0.0
 Etot   =    -25380.1396  EKtot   =      5536.3984  EPtot      =    -30916.5380
 BOND   =        46.8525  ANGLE   =       100.9417  DIHED      =       130.1988
 1-4 NB =        75.4359  1-4 EEL =        57.3904  VDWAALS    =      4251.1201
 EELEC  =    -35583.8988  EHBOND  =         0.0000  RESTRAINT  =         5.4214
 EAMBER (non-restraint)  =    -30921.9594
 EKCMT  =         0.0000  VIRIAL  =         0.0000  VOLUME     =     95350.4834
                                                    Density    =         0.9918
 ------------------------------------------------------------------------------

 NMR restraints: Bond =    0.526   Angle =     1.005   Torsion =     1.606
===============================================================================

 NSTEP =    14000   TIME(PS) =      28.000  TEMP(K) =   297.36  PRESS =     0.0
 Etot   =    -25387.8486  EKtot   =      5494.8135  EPtot      =    -30882.6621
 BOND   =        53.1199  ANGLE   =       100.2507  DIHED      =       128.9895
 1-4 NB =        77.9860  1-4 EEL =        62.2760  VDWAALS    =      4356.8620
 EELEC  =    -35669.0754  EHBOND  =         0.0000  RESTRAINT  =         6.9293
 EAMBER (non-restraint)  =    -30889.5914
 EKCMT  =         0.0000  VIRIAL  =         0.0000  VOLUME     =     94793.2932
                                                    Density    =         0.9976
 ------------------------------------------------------------------------------

 NMR restraints: Bond =    0.187   Angle =     2.616   Torsion =     0.463
===============================================================================
