
          -------------------------------------------------------
          Amber 18 PMEMD                              2018
          -------------------------------------------------------

| PMEMD implementation of SANDER, Release 18

| Run on 05/02/2018 at 11:59:55

|   Executable path: pmemd.cuda
| Working directory: /oasis/tscc/scratch/davids4/SAMPLing-cut9/11499572.tscc-mgr.local
|          Hostname: tscc-gpu-9-2.sdsc.edu

  [-O]verwriting output

File Assignments:
|   MDIN: equil.000.in                                                          
|  MDOUT: equil.000.out                                                         
| INPCRD: minimize.rst7                                                         
|   PARM: solvate.prmtop                                                        
| RESTRT: equil.000.rst7                                                        
|   REFC: solvate.rst7                                                          
|  MDVEL: mdvel                                                                 
|   MDEN: equil.000.mden                                                        
|  MDCRD: equil.000.nc                                                          
| MDINFO: equil.000.mdinfo                                                      
|  MDFRC: mdfrc                                                                 


 Here is the input file:

PBC MD Simulation                                                              
 &cntrl                                                                        
  imin =          0,                                                           
  ntx =           1,                                                           
  irest =         0,                                                           
  maxcyc =        0,                                                           
  ncyc =          0,                                                           
  dt =            0.002,                                                       
  nstlim =        500000,                                                      
  ntpr =          500,                                                         
  ntwe =          500,                                                         
  ntwr =          250,                                                         
  ntwx =          250,                                                         
  ntxo =          1,                                                           
  ioutfm =        1,                                                           
  ntf =           2,                                                           
  ntc =           2,                                                           
  cut =           9.0,                                                         
  igb =           0,                                                           
  tempi =         298.15,                                                      
  temp0 =         298.15,                                                      
  ntt =           3,                                                           
  gamma_ln =      1.0,                                                         
  ig =            -1,                                                          
  ntp =           1,                                                           
  barostat =      2,                                                           
  ntr =           1,                                                           
  restraint_wt =  50.0,                                                        
  restraintmask = '@DUM',                                                      
  nmropt =        1,                                                           
  pencut =        -1,                                                          
  ntwprt =        206,                                                         
 /                                                                             
 &wt type = 'END', /                                                           
DISANG = disang.rest                                                           
LISTOUT = POUT                                                                 
                                                                               


Note: ig = -1. Setting random seed to   936302 based on wallclock time in 
      microseconds.
| irandom = 1, using AMBER's internal random number generator (default).
 
|--------------------- INFORMATION ----------------------
| GPU (CUDA) Version of PMEMD in use: NVIDIA GPU IN USE.
|                    Version 18.0.0
| 
|                      03/25/2018
| 
| Implementation by:
|                    Ross C. Walker     (SDSC)
|                    Scott Le Grand     (nVIDIA)
| 
| Version 18 performance extensions by:
|                    David Cerutti     (Rutgers)
| 
| Precision model in use:
|      [SPFP] - Single Precision Forces, 64-bit Fixed Point
|               Accumulation. (Default)
| 
|--------------------------------------------------------
 
|----------------- CITATION INFORMATION -----------------
|
|    When publishing work that utilized the CUDA version
|    of AMBER, please cite the following in addition to
|    the regular AMBER citations:
|
|  - Romelia Salomon-Ferrer; Andreas W. Goetz; Duncan
|    Poole; Scott Le Grand; Ross C. Walker "Routine
|    microsecond molecular dynamics simulations with
|    AMBER - Part II: Particle Mesh Ewald", J. Chem.
|    Theory Comput., 2013, 9 (9), pp3878-3888,
|    DOI: 10.1021/ct400314y.
|
|  - Andreas W. Goetz; Mark J. Williamson; Dong Xu;
|    Duncan Poole; Scott Le Grand; Ross C. Walker
|    "Routine microsecond molecular dynamics simulations
|    with AMBER - Part I: Generalized Born", J. Chem.
|    Theory Comput., 2012, 8 (5), pp1542-1555.
|
|  - Scott Le Grand; Andreas W. Goetz; Ross C. Walker
|    "SPFP: Speed without compromise - a mixed precision
|    model for GPU accelerated molecular dynamics
|    simulations.", Comp. Phys. Comm., 2013, 184
|    pp374-380, DOI: 10.1016/j.cpc.2012.09.022
|
|--------------------------------------------------------
 
|------------------- GPU DEVICE INFO --------------------
|
|            CUDA_VISIBLE_DEVICES: 1
|   CUDA Capable Devices Detected:      1
|           CUDA Device ID in use:      0
|                CUDA Device Name: GeForce GTX TITAN X
|     CUDA Device Global Mem Size:  12207 MB
| CUDA Device Num Multiprocessors:     24
|           CUDA Device Core Freq:   1.08 GHz
|
|--------------------------------------------------------
 
 
| Conditional Compilation Defines Used:
| PUBFFT
| BINTRAJ
| CUDA
| EMIL

| Largest sphere to fit in unit cell has radius =    22.541

| New format PARM file being parsed.
| Version =    1.000 Date = 04/23/18 Time = 20:13:55

| Note: 1-4 EEL scale factors are being read from the topology file.

| Note: 1-4 VDW scale factors are being read from the topology file.
| Duplicated    0 dihedrals

| Duplicated    0 dihedrals

--------------------------------------------------------------------------------
   1.  RESOURCE   USE: 
--------------------------------------------------------------------------------

 getting new box info from bottom of inpcrd
 NATOM  =    9223 NTYPES =      11 NBONH =    9067 MBONA  =     155
 NTHETH =     153 MTHETA =     232 NPHIH =     345 MPHIA  =     366
 NHPARM =       0 NPARM  =       0 NNB   =   13221 NRES   =    3022
 NBONA  =     155 NTHETA =     232 NPHIA =     366 NUMBND =      13
 NUMANG =      22 NPTRA  =      15 NATYP =      13 NPHB   =       0
 IFBOX  =       1 NMXRS  =     184 IFCAP =       0 NEXTRA =       0
 NCOPY  =       0

| Coordinate Index Table dimensions:     9    9   12
| Direct force subcell size =     5.1070    5.0092    5.0851

     BOX TYPE: RECTILINEAR

--------------------------------------------------------------------------------
   2.  CONTROL  DATA  FOR  THE  RUN
--------------------------------------------------------------------------------

default_name                                                                    

General flags:
     imin    =       0, nmropt  =       1

Nature and format of input:
     ntx     =       1, irest   =       0, ntrx    =       1

Nature and format of output:
     ntxo    =       1, ntpr    =     500, ntrx    =       1, ntwr    =     250
     iwrap   =       0, ntwx    =     250, ntwv    =       0, ntwe    =     500
     ioutfm  =       1, ntwprt  =     206, idecomp =       0, rbornstat=      0

Potential function:
     ntf     =       2, ntb     =       2, igb     =       0, nsnb    =      25
     ipol    =       0, gbsa    =       0, iesp    =       0
     dielc   =   1.00000, cut     =   9.00000, intdiel =   1.00000

Frozen or restrained atoms:
     ibelly  =       0, ntr     =       1
     restraint_wt =  50.00000

Molecular dynamics:
     nstlim  =    500000, nscm    =         0, nrespa  =         1
     t       =   0.00000, dt      =   0.00200, vlimit  =  -1.00000

Langevin dynamics temperature regulation:
     ig      =  936302
     temp0   = 298.15000, tempi   = 298.15000, gamma_ln=   1.00000

Pressure regulation:
     ntp     =       1
     pres0   =   1.00000, comp    =  44.60000, taup    =   1.00000
     Monte-Carlo Barostat:
     mcbarint  =     100

SHAKE:
     ntc     =       2, jfastw  =       0
     tol     =   0.00001

NMR refinement options:
     iscale  =       0, noeskp  =       1, ipnlty  =       1, mxsub   =       1
     scalm   = 100.00000, pencut  =  -1.00000, tausw   =   0.10000

| Intermolecular bonds treatment:
|     no_intermolecular_bonds =       1

| Energy averages sample interval:
|     ene_avg_sampling =     500

Ewald parameters:
     verbose =       0, ew_type =       0, nbflag  =       1, use_pme =       1
     vdwmeth =       1, eedmeth =       1, netfrc  =       1
     Box X =   45.963   Box Y =   45.083   Box Z =   61.021
     Alpha =   90.000   Beta  =   90.000   Gamma =   90.000
     NFFT1 =   48       NFFT2 =   48       NFFT3 =   64
     Cutoff=    9.000   Tol   =0.100E-04
     Ewald Coefficient =  0.30768
     Interpolation order =    4

    LOADING THE CONSTRAINED ATOMS AS GROUPS


   5.  REFERENCE ATOM COORDINATES

  default_name                                                                    
     Mask @DUM; matches     3 atoms
| MONTE CARLO BAROSTAT IMPORTANT NOTE:
|   The Monte-Carlo barostat does not require the virial to adjust the system volume.
|   Since it is an expensive calculation, it is skipped for efficiency. A side-effect
|   is that the reported pressure is always 0 because it is not calculated.

--------------------------------------------------------------------------------
   3.  ATOMIC COORDINATES AND VELOCITIES
--------------------------------------------------------------------------------

default_name                                                                    
 begin time read from input coords =     0.000 ps



           Begin reading energy term weight changes/NMR restraints
 WEIGHT CHANGES:
                         ** No weight changes given **

 RESTRAINTS:
 Requested file redirections:
  DISANG    = disang.rest
  LISTOUT   = POUT
 Restraints will be read from file: disang.rest
Here are comments from the DISANG input file:

                       Number of restraints read =     9

                  Done reading weight changes/NMR restraints


 
 Number of triangulated 3-point waters found:     3000

     Sum of charges from parm topology file =   0.00000002
     Forcing neutrality...

| Dynamic Memory, Types Used:
| Reals              528921
| Integers           284277

| Nonbonded Pairs Initial Allocation:     2102844

| GPU memory information (estimate):
| KB of GPU memory in use:         0
| KB of CPU memory in use:         0

--------------------------------------------------------------------------------
   4.  RESULTS
--------------------------------------------------------------------------------


 NSTEP =        0   TIME(PS) =       0.000  TEMP(K) =   451.26  PRESS =     0.0
 Etot   =    -30545.4469  EKtot   =      8340.6421  EPtot      =    -38886.0890
 BOND   =        12.4508  ANGLE   =        56.6412  DIHED      =       105.8437
 1-4 NB =        67.6836  1-4 EEL =        59.9606  VDWAALS    =      6220.6889
 EELEC  =    -45410.1847  EHBOND  =         0.0000  RESTRAINT  =         0.8269
 EAMBER (non-restraint)  =    -38886.9159
 EKCMT  =         0.0000  VIRIAL  =         0.0000  VOLUME     =    126442.6554
                                                    Density    =         0.7479
 ------------------------------------------------------------------------------

 NMR restraints: Bond =    0.143   Angle =     0.630   Torsion =     0.041
===============================================================================

 NSTEP =      500   TIME(PS) =       1.000  TEMP(K) =   261.05  PRESS =     0.0
 Etot   =    -25926.3785  EKtot   =      4824.9185  EPtot      =    -30751.2970
 BOND   =        42.6763  ANGLE   =        93.4649  DIHED      =       133.2442
 1-4 NB =        75.4964  1-4 EEL =        61.9197  VDWAALS    =      4968.1432
 EELEC  =    -36130.8892  EHBOND  =         0.0000  RESTRAINT  =         4.6475
 EAMBER (non-restraint)  =    -30755.9445
 EKCMT  =         0.0000  VIRIAL  =         0.0000  VOLUME     =    124810.6667
                                                    Density    =         0.7577
 ------------------------------------------------------------------------------

 NMR restraints: Bond =    0.935   Angle =     1.662   Torsion =     0.835
===============================================================================

 NSTEP =     1000   TIME(PS) =       2.000  TEMP(K) =   281.73  PRESS =     0.0
 Etot   =    -25024.6658  EKtot   =      5207.2036  EPtot      =    -30231.8694
 BOND   =        44.6663  ANGLE   =       105.3219  DIHED      =       131.9031
 1-4 NB =        79.8290  1-4 EEL =        61.7232  VDWAALS    =      4628.7975
 EELEC  =    -35289.5049  EHBOND  =         0.0000  RESTRAINT  =         5.3944
 EAMBER (non-restraint)  =    -30237.2638
 EKCMT  =         0.0000  VIRIAL  =         0.0000  VOLUME     =    123775.3690
                                                    Density    =         0.7640
 ------------------------------------------------------------------------------

 NMR restraints: Bond =    0.590   Angle =     1.592   Torsion =     0.405
===============================================================================

 NSTEP =     1500   TIME(PS) =       3.000  TEMP(K) =   286.67  PRESS =     0.0
 Etot   =    -24870.5080  EKtot   =      5298.5747  EPtot      =    -30169.0827
 BOND   =        57.0594  ANGLE   =       110.9815  DIHED      =       130.4468
 1-4 NB =        75.0571  1-4 EEL =        57.2589  VDWAALS    =      4224.0204
 EELEC  =    -34827.8322  EHBOND  =         0.0000  RESTRAINT  =         3.9254
 EAMBER (non-restraint)  =    -30173.0081
 EKCMT  =         0.0000  VIRIAL  =         0.0000  VOLUME     =    122211.0388
                                                    Density    =         0.7738
 ------------------------------------------------------------------------------

 NMR restraints: Bond =    0.240   Angle =     1.757   Torsion =     0.116
===============================================================================

 NSTEP =     2000   TIME(PS) =       4.000  TEMP(K) =   294.85  PRESS =     0.0
 Etot   =    -24672.0211  EKtot   =      5449.6709  EPtot      =    -30121.6920
 BOND   =        53.2202  ANGLE   =       115.9225  DIHED      =       142.7869
 1-4 NB =        76.4432  1-4 EEL =        59.3201  VDWAALS    =      4243.5775
 EELEC  =    -34818.9116  EHBOND  =         0.0000  RESTRAINT  =         5.9493
 EAMBER (non-restraint)  =    -30127.6413
 EKCMT  =         0.0000  VIRIAL  =         0.0000  VOLUME     =    118812.0193
                                                    Density    =         0.7959
 ------------------------------------------------------------------------------

 NMR restraints: Bond =    2.166   Angle =     1.414   Torsion =     0.602
===============================================================================

 NSTEP =     2500   TIME(PS) =       5.000  TEMP(K) =   293.18  PRESS =     0.0
 Etot   =    -24638.0194  EKtot   =      5418.8027  EPtot      =    -30056.8222
 BOND   =        50.8196  ANGLE   =       119.0287  DIHED      =       135.9905
 1-4 NB =        76.8713  1-4 EEL =        65.2663  VDWAALS    =      4162.3875
 EELEC  =    -34670.7133  EHBOND  =         0.0000  RESTRAINT  =         3.5272
 EAMBER (non-restraint)  =    -30060.3493
 EKCMT  =         0.0000  VIRIAL  =         0.0000  VOLUME     =    118707.3141
                                                    Density    =         0.7966
 ------------------------------------------------------------------------------

 NMR restraints: Bond =    0.440   Angle =     0.672   Torsion =     1.621
===============================================================================

 NSTEP =     3000   TIME(PS) =       6.000  TEMP(K) =   288.07  PRESS =     0.0
 Etot   =    -24651.5190  EKtot   =      5324.4038  EPtot      =    -29975.9228
 BOND   =        52.4876  ANGLE   =       112.4095  DIHED      =       137.7172
 1-4 NB =        77.4458  1-4 EEL =        59.5134  VDWAALS    =      4537.4130
 EELEC  =    -34958.5637  EHBOND  =         0.0000  RESTRAINT  =         5.6544
 EAMBER (non-restraint)  =    -29981.5773
 EKCMT  =         0.0000  VIRIAL  =         0.0000  VOLUME     =    116944.9814
                                                    Density    =         0.8087
 ------------------------------------------------------------------------------

 NMR restraints: Bond =    0.106   Angle =     1.192   Torsion =     1.711
===============================================================================

 NSTEP =     3500   TIME(PS) =       7.000  TEMP(K) =   297.53  PRESS =     0.0
 Etot   =    -24708.5016  EKtot   =      5499.2578  EPtot      =    -30207.7594
 BOND   =        48.4349  ANGLE   =       107.9672  DIHED      =       130.1185
 1-4 NB =        72.2466  1-4 EEL =        58.4768  VDWAALS    =      4308.0881
 EELEC  =    -34938.8950  EHBOND  =         0.0000  RESTRAINT  =         5.8036
 EAMBER (non-restraint)  =    -30213.5630
 EKCMT  =         0.0000  VIRIAL  =         0.0000  VOLUME     =    116637.2422
                                                    Density    =         0.8108
 ------------------------------------------------------------------------------

 NMR restraints: Bond =    0.944   Angle =     2.554   Torsion =     0.937
===============================================================================

 NSTEP =     4000   TIME(PS) =       8.000  TEMP(K) =   295.86  PRESS =     0.0
 Etot   =    -24710.4305  EKtot   =      5468.3223  EPtot      =    -30178.7528
 BOND   =        59.8243  ANGLE   =       103.4353  DIHED      =       142.4309
 1-4 NB =        71.5514  1-4 EEL =        64.0711  VDWAALS    =      4276.8224
 EELEC  =    -34901.4515  EHBOND  =         0.0000  RESTRAINT  =         4.5634
 EAMBER (non-restraint)  =    -30183.3162
 EKCMT  =         0.0000  VIRIAL  =         0.0000  VOLUME     =    115661.9967
                                                    Density    =         0.8176
 ------------------------------------------------------------------------------

 NMR restraints: Bond =    0.101   Angle =     2.659   Torsion =     0.351
===============================================================================

 NSTEP =     4500   TIME(PS) =       9.000  TEMP(K) =   297.67  PRESS =     0.0
 Etot   =    -24863.4726  EKtot   =      5501.8794  EPtot      =    -30365.3520
 BOND   =        56.7624  ANGLE   =        99.9041  DIHED      =       132.1441
 1-4 NB =        75.3890  1-4 EEL =        58.0183  VDWAALS    =      4138.9072
 EELEC  =    -34929.5682  EHBOND  =         0.0000  RESTRAINT  =         3.0911
 EAMBER (non-restraint)  =    -30368.4431
 EKCMT  =         0.0000  VIRIAL  =         0.0000  VOLUME     =    113912.7452
                                                    Density    =         0.8302
 ------------------------------------------------------------------------------

 NMR restraints: Bond =    0.203   Angle =     1.312   Torsion =     0.167
===============================================================================

 NSTEP =     5000   TIME(PS) =      10.000  TEMP(K) =   294.38  PRESS =     0.0
 Etot   =    -24772.8705  EKtot   =      5440.9385  EPtot      =    -30213.8090
 BOND   =        41.3319  ANGLE   =       103.8093  DIHED      =       126.2495
 1-4 NB =        75.9118  1-4 EEL =        62.9506  VDWAALS    =      4103.3498
 EELEC  =    -34731.4016  EHBOND  =         0.0000  RESTRAINT  =         3.9897
 EAMBER (non-restraint)  =    -30217.7987
 EKCMT  =         0.0000  VIRIAL  =         0.0000  VOLUME     =    113482.5922
                                                    Density    =         0.8333
 ------------------------------------------------------------------------------

 NMR restraints: Bond =    0.207   Angle =     1.560   Torsion =     0.099
===============================================================================

 NSTEP =     5500   TIME(PS) =      11.000  TEMP(K) =   303.48  PRESS =     0.0
 Etot   =    -24743.6364  EKtot   =      5609.1108  EPtot      =    -30352.7473
 BOND   =        54.1655  ANGLE   =       107.6656  DIHED      =       129.1656
 1-4 NB =        74.9363  1-4 EEL =        64.1879  VDWAALS    =      4270.4785
 EELEC  =    -35059.4902  EHBOND  =         0.0000  RESTRAINT  =         6.1435
 EAMBER (non-restraint)  =    -30358.8907
 EKCMT  =         0.0000  VIRIAL  =         0.0000  VOLUME     =    111906.8773
                                                    Density    =         0.8451
 ------------------------------------------------------------------------------

 NMR restraints: Bond =    0.382   Angle =     1.806   Torsion =     0.261
===============================================================================

 NSTEP =     6000   TIME(PS) =      12.000  TEMP(K) =   298.91  PRESS =     0.0
 Etot   =    -24962.6965  EKtot   =      5524.7661  EPtot      =    -30487.4626
 BOND   =        63.6401  ANGLE   =       109.1767  DIHED      =       130.4844
 1-4 NB =        75.1522  1-4 EEL =        56.9533  VDWAALS    =      4263.2732
 EELEC  =    -35192.5544  EHBOND  =         0.0000  RESTRAINT  =         6.4119
 EAMBER (non-restraint)  =    -30493.8745
 EKCMT  =         0.0000  VIRIAL  =         0.0000  VOLUME     =    110464.2064
                                                    Density    =         0.8561
 ------------------------------------------------------------------------------

 NMR restraints: Bond =    0.841   Angle =     1.304   Torsion =     0.168
===============================================================================

 NSTEP =     6500   TIME(PS) =      13.000  TEMP(K) =   296.88  PRESS =     0.0
 Etot   =    -25171.4736  EKtot   =      5487.2031  EPtot      =    -30658.6767
 BOND   =        49.9255  ANGLE   =       107.8084  DIHED      =       133.9348
 1-4 NB =        75.8022  1-4 EEL =        59.5406  VDWAALS    =      4499.1624
 EELEC  =    -35591.3756  EHBOND  =         0.0000  RESTRAINT  =         6.5248
 EAMBER (non-restraint)  =    -30665.2016
 EKCMT  =         0.0000  VIRIAL  =         0.0000  VOLUME     =    108703.9416
                                                    Density    =         0.8700
 ------------------------------------------------------------------------------

 NMR restraints: Bond =    0.879   Angle =     0.433   Torsion =     0.917
===============================================================================

 NSTEP =     7000   TIME(PS) =      14.000  TEMP(K) =   299.55  PRESS =     0.0
 Etot   =    -25091.1784  EKtot   =      5536.5127  EPtot      =    -30627.6911
 BOND   =        67.6308  ANGLE   =       102.0956  DIHED      =       131.8212
 1-4 NB =        77.0488  1-4 EEL =        59.9948  VDWAALS    =      4156.7711
 EELEC  =    -35229.3269  EHBOND  =         0.0000  RESTRAINT  =         6.2734
 EAMBER (non-restraint)  =    -30633.9645
 EKCMT  =         0.0000  VIRIAL  =         0.0000  VOLUME     =    106111.9984
                                                    Density    =         0.8912
 ------------------------------------------------------------------------------

 NMR restraints: Bond =    0.254   Angle =     1.110   Torsion =     0.431
===============================================================================

 NSTEP =     7500   TIME(PS) =      15.000  TEMP(K) =   299.11  PRESS =     0.0
 Etot   =    -25131.9559  EKtot   =      5528.4219  EPtot      =    -30660.3777
 BOND   =        50.6405  ANGLE   =        97.6491  DIHED      =       133.1452
 1-4 NB =        80.7387  1-4 EEL =        65.9223  VDWAALS    =      4267.3153
 EELEC  =    -35363.5635  EHBOND  =         0.0000  RESTRAINT  =         7.7748
 EAMBER (non-restraint)  =    -30668.1525
 EKCMT  =         0.0000  VIRIAL  =         0.0000  VOLUME     =    105220.9565
                                                    Density    =         0.8988
 ------------------------------------------------------------------------------

 NMR restraints: Bond =    0.941   Angle =     2.622   Torsion =     0.474
===============================================================================
