2018-04-30 07:06:50 PM Started logging...
2018-04-30 07:06:50 PM 2018-04-27_16:08:13_-0700-3c20478-0.0.3
2018-04-30 07:06:50 PM Writing minimize.in
2018-04-30 07:06:50 PM Running Minimization at ./
2018-04-30 07:06:50 PM Exec line: pmemd.cuda -O -p solvate.prmtop -ref solvate.rst7 -c solvate.rst7 -i minimize.in -o minimize.out -r minimize.rst7 -inf minimize.mdinfo
2018-04-30 07:06:52 PM Minimization completed...
2018-04-30 07:06:52 PM Writing equil.000.in
2018-04-30 07:06:52 PM Running MD at ./
2018-04-30 07:06:52 PM Exec line: pmemd.cuda -O -p solvate.prmtop -ref solvate.rst7 -c minimize.rst7 -i equil.000.in -o equil.000.out -r equil.000.rst7 -x equil.000.nc -inf equil.000.mdinfo -e equil.000.mden
2018-04-30 07:12:34 PM MD completed ...
2018-04-30 07:12:35 PM Writing prod.000.in
2018-04-30 07:12:35 PM Running MD at ./
2018-04-30 07:12:35 PM Exec line: pmemd.cuda -O -p solvate.prmtop -ref solvate.rst7 -c equil.rst7 -i prod.000.in -o prod.000.out -r prod.000.rst7 -x prod.000.nc -inf prod.000.mdinfo -e prod.000.mden
2018-04-30 07:16:51 PM MD completed ...
2018-04-30 07:16:51 PM Writing prod.001.in
2018-04-30 07:16:51 PM Running MD at ./
2018-04-30 07:16:51 PM Exec line: pmemd.cuda -O -p solvate.prmtop -ref solvate.rst7 -c prod.000.rst7 -i prod.001.in -o prod.001.out -r prod.001.rst7 -x prod.001.nc -inf prod.001.mdinfo -e prod.001.mden
2018-04-30 07:21:08 PM MD completed ...
2018-04-30 07:21:08 PM Writing prod.002.in
2018-04-30 07:21:08 PM Running MD at ./
2018-04-30 07:21:08 PM Exec line: pmemd.cuda -O -p solvate.prmtop -ref solvate.rst7 -c prod.001.rst7 -i prod.002.in -o prod.002.out -r prod.002.rst7 -x prod.002.nc -inf prod.002.mdinfo -e prod.002.mden
2018-04-30 07:25:26 PM MD completed ...
2018-04-30 07:25:26 PM Writing prod.003.in
2018-04-30 07:25:26 PM Running MD at ./
2018-04-30 07:25:26 PM Exec line: pmemd.cuda -O -p solvate.prmtop -ref solvate.rst7 -c prod.002.rst7 -i prod.003.in -o prod.003.out -r prod.003.rst7 -x prod.003.nc -inf prod.003.mdinfo -e prod.003.mden
2018-04-30 07:29:45 PM MD completed ...
2018-04-30 07:29:45 PM Writing prod.004.in
2018-04-30 07:29:45 PM Running MD at ./
2018-04-30 07:29:45 PM Exec line: pmemd.cuda -O -p solvate.prmtop -ref solvate.rst7 -c prod.003.rst7 -i prod.004.in -o prod.004.out -r prod.004.rst7 -x prod.004.nc -inf prod.004.mdinfo -e prod.004.mden
2018-04-30 07:34:02 PM MD completed ...
2018-04-30 09:22:37 PM Started logging...
2018-04-30 09:22:37 PM 2018-04-27_16:08:13_-0700-3c20478-0.0.3
2018-04-30 09:22:37 PM Completed output detected ... Skipping. Use: run(overwrite=True) to overwrite
2018-04-30 09:22:37 PM Completed output detected ... Skipping. Use: run(overwrite=True) to overwrite
2018-04-30 09:22:37 PM Completed output detected ... Skipping. Use: run(overwrite=True) to overwrite
2018-04-30 09:22:37 PM Completed output detected ... Skipping. Use: run(overwrite=True) to overwrite
2018-04-30 09:22:37 PM Completed output detected ... Skipping. Use: run(overwrite=True) to overwrite
2018-04-30 09:22:37 PM Completed output detected ... Skipping. Use: run(overwrite=True) to overwrite
2018-05-01 07:34:29 AM Started logging...
2018-05-01 07:34:29 AM 2018-04-30_14:45:29_-0700-dff30ec-0.0.3
2018-05-01 07:34:29 AM Completed output detected ... Skipping. Use: run(overwrite=True) to overwrite
2018-05-01 07:34:29 AM Completed output detected ... Skipping. Use: run(overwrite=True) to overwrite
2018-05-01 07:34:29 AM Completed output detected ... Skipping. Use: run(overwrite=True) to overwrite
2018-05-01 07:34:29 AM Completed output detected ... Skipping. Use: run(overwrite=True) to overwrite
2018-05-01 07:34:29 AM Completed output detected ... Skipping. Use: run(overwrite=True) to overwrite
2018-05-01 07:34:29 AM Completed output detected ... Skipping. Use: run(overwrite=True) to overwrite
2018-05-01 01:44:50 PM Started logging...
2018-05-01 01:44:50 PM 2018-04-30_14:45:29_-0700-dff30ec-0.0.3
2018-05-01 01:44:50 PM Completed output detected ... Skipping. Use: run(overwrite=True) to overwrite
2018-05-01 01:44:50 PM Completed output detected ... Skipping. Use: run(overwrite=True) to overwrite
2018-05-01 01:44:50 PM Completed output detected ... Skipping. Use: run(overwrite=True) to overwrite
2018-05-01 01:44:50 PM Completed output detected ... Skipping. Use: run(overwrite=True) to overwrite
2018-05-01 01:44:50 PM Completed output detected ... Skipping. Use: run(overwrite=True) to overwrite
2018-05-01 01:44:50 PM Writing prod.005.in
2018-05-01 01:44:50 PM Running MD at ./
2018-05-01 01:44:50 PM Exec line: pmemd.cuda -O -p solvate.prmtop -ref solvate.rst7 -c prod.004.rst7 -i prod.005.in -o prod.005.out -r prod.005.rst7 -x prod.005.nc -inf prod.005.mdinfo -e prod.005.mden
2018-05-01 01:49:08 PM MD completed ...
2018-05-01 01:49:08 PM Writing prod.006.in
2018-05-01 01:49:08 PM Running MD at ./
2018-05-01 01:49:08 PM Exec line: pmemd.cuda -O -p solvate.prmtop -ref solvate.rst7 -c prod.005.rst7 -i prod.006.in -o prod.006.out -r prod.006.rst7 -x prod.006.nc -inf prod.006.mdinfo -e prod.006.mden
2018-05-01 01:53:30 PM MD completed ...
2018-05-01 01:53:30 PM Writing prod.007.in
2018-05-01 01:53:30 PM Running MD at ./
2018-05-01 01:53:30 PM Exec line: pmemd.cuda -O -p solvate.prmtop -ref solvate.rst7 -c prod.006.rst7 -i prod.007.in -o prod.007.out -r prod.007.rst7 -x prod.007.nc -inf prod.007.mdinfo -e prod.007.mden
2018-05-01 01:57:48 PM MD completed ...
2018-05-01 01:57:48 PM Writing prod.008.in
2018-05-01 01:57:48 PM Running MD at ./
2018-05-01 01:57:48 PM Exec line: pmemd.cuda -O -p solvate.prmtop -ref solvate.rst7 -c prod.007.rst7 -i prod.008.in -o prod.008.out -r prod.008.rst7 -x prod.008.nc -inf prod.008.mdinfo -e prod.008.mden
2018-05-01 02:02:03 PM MD completed ...
2018-05-01 02:02:03 PM Writing prod.009.in
2018-05-01 02:02:03 PM Running MD at ./
2018-05-01 02:02:03 PM Exec line: pmemd.cuda -O -p solvate.prmtop -ref solvate.rst7 -c prod.008.rst7 -i prod.009.in -o prod.009.out -r prod.009.rst7 -x prod.009.nc -inf prod.009.mdinfo -e prod.009.mden
2018-05-01 02:06:23 PM MD completed ...
2018-05-01 02:06:23 PM Writing prod.010.in
2018-05-01 02:06:23 PM Running MD at ./
2018-05-01 02:06:23 PM Exec line: pmemd.cuda -O -p solvate.prmtop -ref solvate.rst7 -c prod.009.rst7 -i prod.010.in -o prod.010.out -r prod.010.rst7 -x prod.010.nc -inf prod.010.mdinfo -e prod.010.mden
2018-05-01 02:10:39 PM MD completed ...
2018-05-01 02:10:39 PM Writing prod.011.in
2018-05-01 02:10:39 PM Running MD at ./
2018-05-01 02:10:39 PM Exec line: pmemd.cuda -O -p solvate.prmtop -ref solvate.rst7 -c prod.010.rst7 -i prod.011.in -o prod.011.out -r prod.011.rst7 -x prod.011.nc -inf prod.011.mdinfo -e prod.011.mden
2018-05-01 02:14:56 PM MD completed ...
2018-05-01 02:14:56 PM Writing prod.012.in
2018-05-01 02:14:56 PM Running MD at ./
2018-05-01 02:14:56 PM Exec line: pmemd.cuda -O -p solvate.prmtop -ref solvate.rst7 -c prod.011.rst7 -i prod.012.in -o prod.012.out -r prod.012.rst7 -x prod.012.nc -inf prod.012.mdinfo -e prod.012.mden
2018-05-01 02:19:09 PM MD completed ...
2018-05-01 02:19:09 PM Writing prod.013.in
2018-05-01 02:19:09 PM Running MD at ./
2018-05-01 02:19:09 PM Exec line: pmemd.cuda -O -p solvate.prmtop -ref solvate.rst7 -c prod.012.rst7 -i prod.013.in -o prod.013.out -r prod.013.rst7 -x prod.013.nc -inf prod.013.mdinfo -e prod.013.mden
2018-05-01 02:23:21 PM MD completed ...
2018-05-01 02:23:21 PM Writing prod.014.in
2018-05-01 02:23:21 PM Running MD at ./
2018-05-01 02:23:21 PM Exec line: pmemd.cuda -O -p solvate.prmtop -ref solvate.rst7 -c prod.013.rst7 -i prod.014.in -o prod.014.out -r prod.014.rst7 -x prod.014.nc -inf prod.014.mdinfo -e prod.014.mden
2018-05-01 02:27:34 PM MD completed ...
2018-05-01 02:27:34 PM Writing prod.015.in
2018-05-01 02:27:34 PM Running MD at ./
2018-05-01 02:27:34 PM Exec line: pmemd.cuda -O -p solvate.prmtop -ref solvate.rst7 -c prod.014.rst7 -i prod.015.in -o prod.015.out -r prod.015.rst7 -x prod.015.nc -inf prod.015.mdinfo -e prod.015.mden
2018-05-01 02:31:45 PM MD completed ...
2018-05-01 02:31:45 PM Writing prod.016.in
2018-05-01 02:31:45 PM Running MD at ./
2018-05-01 02:31:45 PM Exec line: pmemd.cuda -O -p solvate.prmtop -ref solvate.rst7 -c prod.015.rst7 -i prod.016.in -o prod.016.out -r prod.016.rst7 -x prod.016.nc -inf prod.016.mdinfo -e prod.016.mden
2018-05-01 02:35:55 PM MD completed ...
2018-05-01 02:35:55 PM Writing prod.017.in
2018-05-01 02:35:55 PM Running MD at ./
2018-05-01 02:35:55 PM Exec line: pmemd.cuda -O -p solvate.prmtop -ref solvate.rst7 -c prod.016.rst7 -i prod.017.in -o prod.017.out -r prod.017.rst7 -x prod.017.nc -inf prod.017.mdinfo -e prod.017.mden
2018-05-01 02:40:07 PM MD completed ...
2018-05-01 02:40:07 PM Writing prod.018.in
2018-05-01 02:40:07 PM Running MD at ./
2018-05-01 02:40:07 PM Exec line: pmemd.cuda -O -p solvate.prmtop -ref solvate.rst7 -c prod.017.rst7 -i prod.018.in -o prod.018.out -r prod.018.rst7 -x prod.018.nc -inf prod.018.mdinfo -e prod.018.mden
2018-05-01 02:44:19 PM MD completed ...
2018-05-01 02:44:19 PM Writing prod.019.in
2018-05-01 02:44:19 PM Running MD at ./
2018-05-01 02:44:19 PM Exec line: pmemd.cuda -O -p solvate.prmtop -ref solvate.rst7 -c prod.018.rst7 -i prod.019.in -o prod.019.out -r prod.019.rst7 -x prod.019.nc -inf prod.019.mdinfo -e prod.019.mden
2018-05-01 02:48:30 PM MD completed ...
2018-05-02 11:14:22 AM Started logging...
2018-05-02 11:14:22 AM 2018-04-30_14:45:29_-0700-dff30ec-0.0.3
2018-05-02 11:14:22 AM Writing minimize.in
2018-05-02 11:14:22 AM Running Minimization at ./
2018-05-02 11:14:22 AM Exec line: pmemd.cuda -O -p solvate.prmtop -ref solvate.rst7 -c solvate.rst7 -i minimize.in -o minimize.out -r minimize.rst7 -inf minimize.mdinfo
2018-05-02 11:14:25 AM Minimization completed...
2018-05-02 11:14:25 AM Writing equil.000.in
2018-05-02 11:14:25 AM Running MD at ./
2018-05-02 11:14:25 AM Exec line: pmemd.cuda -O -p solvate.prmtop -ref solvate.rst7 -c minimize.rst7 -i equil.000.in -o equil.000.out -r equil.000.rst7 -x equil.000.nc -inf equil.000.mdinfo -e equil.000.mden
2018-05-02 11:14:37 AM STDOUT/STDERR received from AMBER execution
2018-05-02 11:14:37 AM b'ERROR: Calculation halted.  Periodic box dimensions have changed too much from their initial values.'
2018-05-02 11:14:37 AM b'  Your system density has likely changed by a large amount, probably from'
2018-05-02 11:14:37 AM b'  starting the simulation from a structure a long way from equilibrium.'
2018-05-02 11:14:37 AM b''
2018-05-02 11:14:37 AM b'  [Although this error can also occur if the simulation has blown up for some reason]'
2018-05-02 11:14:37 AM b''
2018-05-02 11:14:37 AM b'  The GPU code does not automatically reorganize grid cells and thus you'
2018-05-02 11:14:37 AM b'  will need to restart the calculation from the previous restart file.'
2018-05-02 11:14:37 AM b'  This will generate new grid cells and allow the calculation to continue.'
2018-05-02 11:14:37 AM b'  It may be necessary to repeat this restarting multiple times if your system'
2018-05-02 11:14:37 AM b'  is a long way from an equilibrated density.'
2018-05-02 11:14:37 AM b''
2018-05-02 11:14:37 AM b'  Alternatively you can run with the CPU code until the density has converged'
2018-05-02 11:14:37 AM b'  and then switch back to the GPU code.'
2018-05-02 11:14:37 AM b''
2018-05-02 11:14:37 AM Simulation did not complete when executing the following ....
2018-05-02 11:14:37 AM pmemd.cuda -O -p solvate.prmtop -ref solvate.rst7 -c minimize.rst7 -i equil.000.in -o equil.000.out -r equil.000.rst7 -x equil.000.nc -inf equil.000.mdinfo -e equil.000.mden
2018-05-02 11:14:37 AM Writing equil.001.in
2018-05-02 11:14:37 AM Running MD at ./
2018-05-02 11:14:37 AM Exec line: pmemd.cuda -O -p solvate.prmtop -ref solvate.rst7 -c equil.000.rst7 -i equil.001.in -o equil.001.out -r equil.001.rst7 -x equil.001.nc -inf equil.001.mdinfo -e equil.001.mden
2018-05-02 11:20:38 AM MD completed ...
2018-05-02 11:20:38 AM Writing prod.000.in
2018-05-02 11:20:38 AM Running MD at ./
2018-05-02 11:20:38 AM Exec line: pmemd.cuda -O -p solvate.prmtop -ref solvate.rst7 -c equil.rst7 -i prod.000.in -o prod.000.out -r prod.000.rst7 -x prod.000.nc -inf prod.000.mdinfo -e prod.000.mden
2018-05-02 11:25:15 AM MD completed ...
2018-05-02 11:25:15 AM Writing prod.001.in
2018-05-02 11:25:15 AM Running MD at ./
2018-05-02 11:25:15 AM Exec line: pmemd.cuda -O -p solvate.prmtop -ref solvate.rst7 -c prod.000.rst7 -i prod.001.in -o prod.001.out -r prod.001.rst7 -x prod.001.nc -inf prod.001.mdinfo -e prod.001.mden
2018-05-02 11:29:52 AM MD completed ...
2018-05-02 11:29:52 AM Writing prod.002.in
2018-05-02 11:29:52 AM Running MD at ./
2018-05-02 11:29:52 AM Exec line: pmemd.cuda -O -p solvate.prmtop -ref solvate.rst7 -c prod.001.rst7 -i prod.002.in -o prod.002.out -r prod.002.rst7 -x prod.002.nc -inf prod.002.mdinfo -e prod.002.mden
2018-05-02 11:34:29 AM MD completed ...
2018-05-02 11:34:29 AM Writing prod.003.in
2018-05-02 11:34:29 AM Running MD at ./
2018-05-02 11:34:29 AM Exec line: pmemd.cuda -O -p solvate.prmtop -ref solvate.rst7 -c prod.002.rst7 -i prod.003.in -o prod.003.out -r prod.003.rst7 -x prod.003.nc -inf prod.003.mdinfo -e prod.003.mden
2018-05-02 11:39:07 AM MD completed ...
2018-05-02 11:39:07 AM Writing prod.004.in
2018-05-02 11:39:07 AM Running MD at ./
2018-05-02 11:39:07 AM Exec line: pmemd.cuda -O -p solvate.prmtop -ref solvate.rst7 -c prod.003.rst7 -i prod.004.in -o prod.004.out -r prod.004.rst7 -x prod.004.nc -inf prod.004.mdinfo -e prod.004.mden
2018-05-02 11:43:46 AM MD completed ...
2018-05-04 09:37:58 AM Started logging...
2018-05-04 09:37:58 AM 2018-04-30_14:45:29_-0700-dff30ec-0.0.3
2018-05-04 09:37:58 AM Completed output detected ... Skipping. Use: run(overwrite=True) to overwrite
2018-05-04 09:37:58 AM Completed output detected ... Skipping. Use: run(overwrite=True) to overwrite
2018-05-04 09:37:58 AM Completed output detected ... Skipping. Use: run(overwrite=True) to overwrite
2018-05-04 09:37:58 AM Completed output detected ... Skipping. Use: run(overwrite=True) to overwrite
2018-05-04 09:37:58 AM Completed output detected ... Skipping. Use: run(overwrite=True) to overwrite
2018-05-04 09:37:58 AM Completed output detected ... Skipping. Use: run(overwrite=True) to overwrite
2018-05-04 09:37:58 AM Writing prod.005.in
2018-05-04 09:37:58 AM Running MD at ./
2018-05-04 09:37:58 AM Exec line: pmemd.cuda -O -p solvate.prmtop -ref solvate.rst7 -c prod.004.rst7 -i prod.005.in -o prod.005.out -r prod.005.rst7 -x prod.005.nc -inf prod.005.mdinfo -e prod.005.mden
2018-05-04 09:42:35 AM MD completed ...
2018-05-04 09:42:35 AM Writing prod.006.in
2018-05-04 09:42:35 AM Running MD at ./
2018-05-04 09:42:35 AM Exec line: pmemd.cuda -O -p solvate.prmtop -ref solvate.rst7 -c prod.005.rst7 -i prod.006.in -o prod.006.out -r prod.006.rst7 -x prod.006.nc -inf prod.006.mdinfo -e prod.006.mden
2018-05-04 09:47:11 AM MD completed ...
2018-05-04 09:47:11 AM Writing prod.007.in
2018-05-04 09:47:11 AM Running MD at ./
2018-05-04 09:47:11 AM Exec line: pmemd.cuda -O -p solvate.prmtop -ref solvate.rst7 -c prod.006.rst7 -i prod.007.in -o prod.007.out -r prod.007.rst7 -x prod.007.nc -inf prod.007.mdinfo -e prod.007.mden
2018-05-04 09:51:54 AM MD completed ...
2018-05-04 09:51:54 AM Writing prod.008.in
2018-05-04 09:51:54 AM Running MD at ./
2018-05-04 09:51:54 AM Exec line: pmemd.cuda -O -p solvate.prmtop -ref solvate.rst7 -c prod.007.rst7 -i prod.008.in -o prod.008.out -r prod.008.rst7 -x prod.008.nc -inf prod.008.mdinfo -e prod.008.mden
2018-05-04 09:56:33 AM MD completed ...
2018-05-04 09:56:33 AM Writing prod.009.in
2018-05-04 09:56:33 AM Running MD at ./
2018-05-04 09:56:33 AM Exec line: pmemd.cuda -O -p solvate.prmtop -ref solvate.rst7 -c prod.008.rst7 -i prod.009.in -o prod.009.out -r prod.009.rst7 -x prod.009.nc -inf prod.009.mdinfo -e prod.009.mden
2018-05-04 10:01:10 AM MD completed ...
2018-05-04 10:01:10 AM Writing prod.010.in
2018-05-04 10:01:10 AM Running MD at ./
2018-05-04 10:01:10 AM Exec line: pmemd.cuda -O -p solvate.prmtop -ref solvate.rst7 -c prod.009.rst7 -i prod.010.in -o prod.010.out -r prod.010.rst7 -x prod.010.nc -inf prod.010.mdinfo -e prod.010.mden
2018-05-04 10:05:50 AM MD completed ...
2018-05-04 10:05:50 AM Writing prod.011.in
2018-05-04 10:05:50 AM Running MD at ./
2018-05-04 10:05:50 AM Exec line: pmemd.cuda -O -p solvate.prmtop -ref solvate.rst7 -c prod.010.rst7 -i prod.011.in -o prod.011.out -r prod.011.rst7 -x prod.011.nc -inf prod.011.mdinfo -e prod.011.mden
2018-05-04 10:10:28 AM MD completed ...
2018-05-04 10:10:28 AM Writing prod.012.in
2018-05-04 10:10:28 AM Running MD at ./
2018-05-04 10:10:28 AM Exec line: pmemd.cuda -O -p solvate.prmtop -ref solvate.rst7 -c prod.011.rst7 -i prod.012.in -o prod.012.out -r prod.012.rst7 -x prod.012.nc -inf prod.012.mdinfo -e prod.012.mden
2018-05-04 10:15:05 AM MD completed ...
2018-05-04 10:15:05 AM Writing prod.013.in
2018-05-04 10:15:05 AM Running MD at ./
2018-05-04 10:15:05 AM Exec line: pmemd.cuda -O -p solvate.prmtop -ref solvate.rst7 -c prod.012.rst7 -i prod.013.in -o prod.013.out -r prod.013.rst7 -x prod.013.nc -inf prod.013.mdinfo -e prod.013.mden
2018-05-04 10:19:44 AM MD completed ...
2018-05-04 10:19:44 AM Writing prod.014.in
2018-05-04 10:19:44 AM Running MD at ./
2018-05-04 10:19:44 AM Exec line: pmemd.cuda -O -p solvate.prmtop -ref solvate.rst7 -c prod.013.rst7 -i prod.014.in -o prod.014.out -r prod.014.rst7 -x prod.014.nc -inf prod.014.mdinfo -e prod.014.mden
2018-05-04 10:24:23 AM MD completed ...
