
          -------------------------------------------------------
          Amber 18 PMEMD                              2018
          -------------------------------------------------------

| PMEMD implementation of SANDER, Release 18

| Run on 05/02/2018 at 10:02:29

|   Executable path: pmemd.cuda
| Working directory: /oasis/tscc/scratch/davids4/SAMPLing-cut9/11499134.tscc-mgr.local
|          Hostname: tscc-gpu-9-2.sdsc.edu

  [-O]verwriting output

File Assignments:
|   MDIN: equil.000.in                                                          
|  MDOUT: equil.000.out                                                         
| INPCRD: minimize.rst7                                                         
|   PARM: solvate.prmtop                                                        
| RESTRT: equil.000.rst7                                                        
|   REFC: solvate.rst7                                                          
|  MDVEL: mdvel                                                                 
|   MDEN: equil.000.mden                                                        
|  MDCRD: equil.000.nc                                                          
| MDINFO: equil.000.mdinfo                                                      
|  MDFRC: mdfrc                                                                 


 Here is the input file:

PBC MD Simulation                                                              
 &cntrl                                                                        
  imin =          0,                                                           
  ntx =           1,                                                           
  irest =         0,                                                           
  maxcyc =        0,                                                           
  ncyc =          0,                                                           
  dt =            0.002,                                                       
  nstlim =        500000,                                                      
  ntpr =          500,                                                         
  ntwe =          500,                                                         
  ntwr =          250,                                                         
  ntwx =          250,                                                         
  ntxo =          1,                                                           
  ioutfm =        1,                                                           
  ntf =           2,                                                           
  ntc =           2,                                                           
  cut =           9.0,                                                         
  igb =           0,                                                           
  tempi =         298.15,                                                      
  temp0 =         298.15,                                                      
  ntt =           3,                                                           
  gamma_ln =      1.0,                                                         
  ig =            -1,                                                          
  ntp =           1,                                                           
  barostat =      2,                                                           
  ntr =           1,                                                           
  restraint_wt =  50.0,                                                        
  restraintmask = '@DUM',                                                      
  nmropt =        1,                                                           
  pencut =        -1,                                                          
  ntwprt =        204,                                                         
 /                                                                             
 &wt type = 'END', /                                                           
DISANG = disang.rest                                                           
LISTOUT = POUT                                                                 
                                                                               


Note: ig = -1. Setting random seed to   828848 based on wallclock time in 
      microseconds.
| irandom = 1, using AMBER's internal random number generator (default).
 
|--------------------- INFORMATION ----------------------
| GPU (CUDA) Version of PMEMD in use: NVIDIA GPU IN USE.
|                    Version 18.0.0
| 
|                      03/25/2018
| 
| Implementation by:
|                    Ross C. Walker     (SDSC)
|                    Scott Le Grand     (nVIDIA)
| 
| Version 18 performance extensions by:
|                    David Cerutti     (Rutgers)
| 
| Precision model in use:
|      [SPFP] - Single Precision Forces, 64-bit Fixed Point
|               Accumulation. (Default)
| 
|--------------------------------------------------------
 
|----------------- CITATION INFORMATION -----------------
|
|    When publishing work that utilized the CUDA version
|    of AMBER, please cite the following in addition to
|    the regular AMBER citations:
|
|  - Romelia Salomon-Ferrer; Andreas W. Goetz; Duncan
|    Poole; Scott Le Grand; Ross C. Walker "Routine
|    microsecond molecular dynamics simulations with
|    AMBER - Part II: Particle Mesh Ewald", J. Chem.
|    Theory Comput., 2013, 9 (9), pp3878-3888,
|    DOI: 10.1021/ct400314y.
|
|  - Andreas W. Goetz; Mark J. Williamson; Dong Xu;
|    Duncan Poole; Scott Le Grand; Ross C. Walker
|    "Routine microsecond molecular dynamics simulations
|    with AMBER - Part I: Generalized Born", J. Chem.
|    Theory Comput., 2012, 8 (5), pp1542-1555.
|
|  - Scott Le Grand; Andreas W. Goetz; Ross C. Walker
|    "SPFP: Speed without compromise - a mixed precision
|    model for GPU accelerated molecular dynamics
|    simulations.", Comp. Phys. Comm., 2013, 184
|    pp374-380, DOI: 10.1016/j.cpc.2012.09.022
|
|--------------------------------------------------------
 
|------------------- GPU DEVICE INFO --------------------
|
|            CUDA_VISIBLE_DEVICES: 5
|   CUDA Capable Devices Detected:      1
|           CUDA Device ID in use:      0
|                CUDA Device Name: GeForce GTX TITAN X
|     CUDA Device Global Mem Size:  12207 MB
| CUDA Device Num Multiprocessors:     24
|           CUDA Device Core Freq:   1.08 GHz
|
|--------------------------------------------------------
 
 
| Conditional Compilation Defines Used:
| PUBFFT
| BINTRAJ
| CUDA
| EMIL

| Largest sphere to fit in unit cell has radius =    21.886

| New format PARM file being parsed.
| Version =    1.000 Date = 04/23/18 Time = 20:15:24

| Note: 1-4 EEL scale factors are being read from the topology file.

| Note: 1-4 VDW scale factors are being read from the topology file.
| Duplicated    0 dihedrals

| Duplicated    0 dihedrals

--------------------------------------------------------------------------------
   1.  RESOURCE   USE: 
--------------------------------------------------------------------------------

 getting new box info from bottom of inpcrd
 NATOM  =    9221 NTYPES =      11 NBONH =    9065 MBONA  =     155
 NTHETH =     148 MTHETA =     231 NPHIH =     343 MPHIA  =     362
 NHPARM =       0 NPARM  =       0 NNB   =   13205 NRES   =    3022
 NBONA  =     155 NTHETA =     231 NPHIA =     362 NUMBND =      16
 NUMANG =      28 NPTRA  =      15 NATYP =      14 NPHB   =       0
 IFBOX  =       1 NMXRS  =     184 IFCAP =       0 NEXTRA =       0
 NCOPY  =       0

| Coordinate Index Table dimensions:     9    8   12
| Direct force subcell size =     5.1070    5.4715    5.1664

     BOX TYPE: RECTILINEAR

--------------------------------------------------------------------------------
   2.  CONTROL  DATA  FOR  THE  RUN
--------------------------------------------------------------------------------

default_name                                                                    

General flags:
     imin    =       0, nmropt  =       1

Nature and format of input:
     ntx     =       1, irest   =       0, ntrx    =       1

Nature and format of output:
     ntxo    =       1, ntpr    =     500, ntrx    =       1, ntwr    =     250
     iwrap   =       0, ntwx    =     250, ntwv    =       0, ntwe    =     500
     ioutfm  =       1, ntwprt  =     204, idecomp =       0, rbornstat=      0

Potential function:
     ntf     =       2, ntb     =       2, igb     =       0, nsnb    =      25
     ipol    =       0, gbsa    =       0, iesp    =       0
     dielc   =   1.00000, cut     =   9.00000, intdiel =   1.00000

Frozen or restrained atoms:
     ibelly  =       0, ntr     =       1
     restraint_wt =  50.00000

Molecular dynamics:
     nstlim  =    500000, nscm    =         0, nrespa  =         1
     t       =   0.00000, dt      =   0.00200, vlimit  =  -1.00000

Langevin dynamics temperature regulation:
     ig      =  828848
     temp0   = 298.15000, tempi   = 298.15000, gamma_ln=   1.00000

Pressure regulation:
     ntp     =       1
     pres0   =   1.00000, comp    =  44.60000, taup    =   1.00000
     Monte-Carlo Barostat:
     mcbarint  =     100

SHAKE:
     ntc     =       2, jfastw  =       0
     tol     =   0.00001

NMR refinement options:
     iscale  =       0, noeskp  =       1, ipnlty  =       1, mxsub   =       1
     scalm   = 100.00000, pencut  =  -1.00000, tausw   =   0.10000

| Intermolecular bonds treatment:
|     no_intermolecular_bonds =       1

| Energy averages sample interval:
|     ene_avg_sampling =     500

Ewald parameters:
     verbose =       0, ew_type =       0, nbflag  =       1, use_pme =       1
     vdwmeth =       1, eedmeth =       1, netfrc  =       1
     Box X =   45.963   Box Y =   43.772   Box Z =   61.996
     Alpha =   90.000   Beta  =   90.000   Gamma =   90.000
     NFFT1 =   48       NFFT2 =   48       NFFT3 =   64
     Cutoff=    9.000   Tol   =0.100E-04
     Ewald Coefficient =  0.30768
     Interpolation order =    4

    LOADING THE CONSTRAINED ATOMS AS GROUPS


   5.  REFERENCE ATOM COORDINATES

  default_name                                                                    
     Mask @DUM; matches     3 atoms
| MONTE CARLO BAROSTAT IMPORTANT NOTE:
|   The Monte-Carlo barostat does not require the virial to adjust the system volume.
|   Since it is an expensive calculation, it is skipped for efficiency. A side-effect
|   is that the reported pressure is always 0 because it is not calculated.

--------------------------------------------------------------------------------
   3.  ATOMIC COORDINATES AND VELOCITIES
--------------------------------------------------------------------------------

default_name                                                                    
 begin time read from input coords =     0.000 ps



           Begin reading energy term weight changes/NMR restraints
 WEIGHT CHANGES:
                         ** No weight changes given **

 RESTRAINTS:
 Requested file redirections:
  DISANG    = disang.rest
  LISTOUT   = POUT
 Restraints will be read from file: disang.rest
Here are comments from the DISANG input file:

                       Number of restraints read =     9

                  Done reading weight changes/NMR restraints


 
 Number of triangulated 3-point waters found:     3000

     Sum of charges from parm topology file =   0.00000002
     Forcing neutrality...

| Dynamic Memory, Types Used:
| Reals              528861
| Integers           283979

| Nonbonded Pairs Initial Allocation:     2102388

| GPU memory information (estimate):
| KB of GPU memory in use:         0
| KB of CPU memory in use:         0

--------------------------------------------------------------------------------
   4.  RESULTS
--------------------------------------------------------------------------------


 NSTEP =        0   TIME(PS) =       0.000  TEMP(K) =   443.02  PRESS =     0.0
 Etot   =    -30802.2370  EKtot   =      8186.5935  EPtot      =    -38988.8305
 BOND   =        16.4389  ANGLE   =        68.2442  DIHED      =       110.5873
 1-4 NB =        67.3959  1-4 EEL =        60.1113  VDWAALS    =      6360.0309
 EELEC  =    -45672.5816  EHBOND  =         0.0000  RESTRAINT  =         0.9426
 EAMBER (non-restraint)  =    -38989.7731
 EKCMT  =         0.0000  VIRIAL  =         0.0000  VOLUME     =    124728.5189
                                                    Density    =         0.7582
 ------------------------------------------------------------------------------

 NMR restraints: Bond =    0.507   Angle =     0.385   Torsion =     0.011
===============================================================================

 NSTEP =      500   TIME(PS) =       1.000  TEMP(K) =   260.12  PRESS =     0.0
 Etot   =    -26038.4943  EKtot   =      4806.6763  EPtot      =    -30845.1706
 BOND   =        53.1124  ANGLE   =       111.6606  DIHED      =       135.0860
 1-4 NB =        72.5662  1-4 EEL =        63.0859  VDWAALS    =      4859.4305
 EELEC  =    -36147.0548  EHBOND  =         0.0000  RESTRAINT  =         6.9426
 EAMBER (non-restraint)  =    -30852.1131
 EKCMT  =         0.0000  VIRIAL  =         0.0000  VOLUME     =    121447.7115
                                                    Density    =         0.7786
 ------------------------------------------------------------------------------

 NMR restraints: Bond =    0.994   Angle =     1.644   Torsion =     0.325
===============================================================================

 NSTEP =     1000   TIME(PS) =       2.000  TEMP(K) =   281.88  PRESS =     0.0
 Etot   =    -25344.4594  EKtot   =      5208.7690  EPtot      =    -30553.2284
 BOND   =        52.2323  ANGLE   =        92.3904  DIHED      =       137.4233
 1-4 NB =        71.4016  1-4 EEL =        65.2932  VDWAALS    =      4430.2550
 EELEC  =    -35407.5087  EHBOND  =         0.0000  RESTRAINT  =         5.2845
 EAMBER (non-restraint)  =    -30558.5129
 EKCMT  =         0.0000  VIRIAL  =         0.0000  VOLUME     =    119000.4792
                                                    Density    =         0.7947
 ------------------------------------------------------------------------------

 NMR restraints: Bond =    1.068   Angle =     1.902   Torsion =     0.028
===============================================================================

 NSTEP =     1500   TIME(PS) =       3.000  TEMP(K) =   290.30  PRESS =     0.0
 Etot   =    -24917.4251  EKtot   =      5364.4512  EPtot      =    -30281.8762
 BOND   =        44.7541  ANGLE   =       105.9142  DIHED      =       131.7486
 1-4 NB =        73.3634  1-4 EEL =        65.4640  VDWAALS    =      4407.3804
 EELEC  =    -35114.8936  EHBOND  =         0.0000  RESTRAINT  =         4.3928
 EAMBER (non-restraint)  =    -30286.2690
 EKCMT  =         0.0000  VIRIAL  =         0.0000  VOLUME     =    117325.7350
                                                    Density    =         0.8060
 ------------------------------------------------------------------------------

 NMR restraints: Bond =    0.494   Angle =     0.813   Torsion =     1.507
===============================================================================
| MC Barostat: Increasing size of volume moves

 NSTEP =     2000   TIME(PS) =       4.000  TEMP(K) =   295.73  PRESS =     0.0
 Etot   =    -24674.5488  EKtot   =      5464.7339  EPtot      =    -30139.2827
 BOND   =        63.0341  ANGLE   =       108.7062  DIHED      =       135.1503
 1-4 NB =        75.4982  1-4 EEL =        66.6290  VDWAALS    =      4644.4373
 EELEC  =    -35236.2934  EHBOND  =         0.0000  RESTRAINT  =         3.5556
 EAMBER (non-restraint)  =    -30142.8382
 EKCMT  =         0.0000  VIRIAL  =         0.0000  VOLUME     =    115495.7972
                                                    Density    =         0.8188
 ------------------------------------------------------------------------------

 NMR restraints: Bond =    0.290   Angle =     1.381   Torsion =     0.446
===============================================================================

 NSTEP =     2500   TIME(PS) =       5.000  TEMP(K) =   289.91  PRESS =     0.0
 Etot   =    -24772.4595  EKtot   =      5357.2866  EPtot      =    -30129.7462
 BOND   =        59.4045  ANGLE   =        94.3545  DIHED      =       135.2458
 1-4 NB =        76.0947  1-4 EEL =        65.7121  VDWAALS    =      4123.6326
 EELEC  =    -34692.0501  EHBOND  =         0.0000  RESTRAINT  =         7.8597
 EAMBER (non-restraint)  =    -30137.6059
 EKCMT  =         0.0000  VIRIAL  =         0.0000  VOLUME     =    114187.5779
                                                    Density    =         0.8282
 ------------------------------------------------------------------------------

 NMR restraints: Bond =    3.000   Angle =     0.957   Torsion =     2.356
===============================================================================

 NSTEP =     3000   TIME(PS) =       6.000  TEMP(K) =   296.11  PRESS =     0.0
 Etot   =    -24697.4808  EKtot   =      5471.7163  EPtot      =    -30169.1971
 BOND   =        56.7603  ANGLE   =       100.4396  DIHED      =       136.6738
 1-4 NB =        72.6795  1-4 EEL =        62.3769  VDWAALS    =      4076.6895
 EELEC  =    -34683.5561  EHBOND  =         0.0000  RESTRAINT  =         8.7394
 EAMBER (non-restraint)  =    -30177.9365
 EKCMT  =         0.0000  VIRIAL  =         0.0000  VOLUME     =    112879.2199
                                                    Density    =         0.8378
 ------------------------------------------------------------------------------

 NMR restraints: Bond =    0.762   Angle =     4.254   Torsion =     0.664
===============================================================================

 NSTEP =     3500   TIME(PS) =       7.000  TEMP(K) =   300.38  PRESS =     0.0
 Etot   =    -24655.5471  EKtot   =      5550.7349  EPtot      =    -30206.2819
 BOND   =        51.8561  ANGLE   =       112.3813  DIHED      =       148.0084
 1-4 NB =        76.7987  1-4 EEL =        63.8350  VDWAALS    =      4334.9119
 EELEC  =    -34997.9975  EHBOND  =         0.0000  RESTRAINT  =         3.9241
 EAMBER (non-restraint)  =    -30210.2060
 EKCMT  =         0.0000  VIRIAL  =         0.0000  VOLUME     =    111251.4446
                                                    Density    =         0.8500
 ------------------------------------------------------------------------------

 NMR restraints: Bond =    0.417   Angle =     0.492   Torsion =     0.053
===============================================================================

 NSTEP =     4000   TIME(PS) =       8.000  TEMP(K) =   293.90  PRESS =     0.0
 Etot   =    -24736.0282  EKtot   =      5430.9521  EPtot      =    -30166.9804
 BOND   =        43.1913  ANGLE   =       103.3997  DIHED      =       132.7831
 1-4 NB =        74.7171  1-4 EEL =        64.6959  VDWAALS    =      4172.7194
 EELEC  =    -34766.0012  EHBOND  =         0.0000  RESTRAINT  =         7.5144
 EAMBER (non-restraint)  =    -30174.4948
 EKCMT  =         0.0000  VIRIAL  =         0.0000  VOLUME     =    110568.9751
                                                    Density    =         0.8553
 ------------------------------------------------------------------------------

 NMR restraints: Bond =    0.697   Angle =     1.527   Torsion =     0.292
===============================================================================

 NSTEP =     4500   TIME(PS) =       9.000  TEMP(K) =   295.54  PRESS =     0.0
 Etot   =    -24925.6992  EKtot   =      5461.3438  EPtot      =    -30387.0429
 BOND   =        57.3327  ANGLE   =        96.1886  DIHED      =       139.2492
 1-4 NB =        76.7300  1-4 EEL =        61.6568  VDWAALS    =      4144.5209
 EELEC  =    -34968.7026  EHBOND  =         0.0000  RESTRAINT  =         5.9815
 EAMBER (non-restraint)  =    -30393.0244
 EKCMT  =         0.0000  VIRIAL  =         0.0000  VOLUME     =    109408.8666
                                                    Density    =         0.8643
 ------------------------------------------------------------------------------

 NMR restraints: Bond =    0.039   Angle =     1.093   Torsion =     1.295
===============================================================================

 NSTEP =     5000   TIME(PS) =      10.000  TEMP(K) =   299.30  PRESS =     0.0
 Etot   =    -24872.9436  EKtot   =      5530.6865  EPtot      =    -30403.6301
 BOND   =        48.7424  ANGLE   =       103.0193  DIHED      =       139.5007
 1-4 NB =        75.3938  1-4 EEL =        65.8356  VDWAALS    =      4181.8855
 EELEC  =    -35024.2996  EHBOND  =         0.0000  RESTRAINT  =         6.2922
 EAMBER (non-restraint)  =    -30409.9223
 EKCMT  =         0.0000  VIRIAL  =         0.0000  VOLUME     =    108683.2530
                                                    Density    =         0.8701
 ------------------------------------------------------------------------------

 NMR restraints: Bond =    0.243   Angle =     0.987   Torsion =     1.560
===============================================================================

 NSTEP =     5500   TIME(PS) =      11.000  TEMP(K) =   299.41  PRESS =     0.0
 Etot   =    -24834.3446  EKtot   =      5532.7173  EPtot      =    -30367.0619
 BOND   =        53.5154  ANGLE   =       117.6361  DIHED      =       146.2666
 1-4 NB =        75.3299  1-4 EEL =        65.5852  VDWAALS    =      4078.6081
 EELEC  =    -34907.5771  EHBOND  =         0.0000  RESTRAINT  =         3.5739
 EAMBER (non-restraint)  =    -30370.6358
 EKCMT  =         0.0000  VIRIAL  =         0.0000  VOLUME     =    108683.2530
                                                    Density    =         0.8701
 ------------------------------------------------------------------------------

 NMR restraints: Bond =    0.060   Angle =     1.562   Torsion =     0.391
===============================================================================

 NSTEP =     6000   TIME(PS) =      12.000  TEMP(K) =   294.35  PRESS =     0.0
 Etot   =    -24857.9434  EKtot   =      5439.2891  EPtot      =    -30297.2324
 BOND   =        56.4234  ANGLE   =       107.1390  DIHED      =       138.3956
 1-4 NB =        76.5765  1-4 EEL =        64.4261  VDWAALS    =      3955.3682
 EELEC  =    -34700.8993  EHBOND  =         0.0000  RESTRAINT  =         5.3381
 EAMBER (non-restraint)  =    -30302.5705
 EKCMT  =         0.0000  VIRIAL  =         0.0000  VOLUME     =    107542.8318
                                                    Density    =         0.8793
 ------------------------------------------------------------------------------

 NMR restraints: Bond =    0.115   Angle =     2.129   Torsion =     0.808
===============================================================================

 NSTEP =     6500   TIME(PS) =      13.000  TEMP(K) =   302.83  PRESS =     0.0
 Etot   =    -24947.1711  EKtot   =      5596.0332  EPtot      =    -30543.2043
 BOND   =        48.4690  ANGLE   =       106.2878  DIHED      =       142.6670
 1-4 NB =        81.1359  1-4 EEL =        64.6571  VDWAALS    =      4471.7738
 EELEC  =    -35463.9759  EHBOND  =         0.0000  RESTRAINT  =         5.7809
 EAMBER (non-restraint)  =    -30548.9852
 EKCMT  =         0.0000  VIRIAL  =         0.0000  VOLUME     =    105245.2736
                                                    Density    =         0.8985
 ------------------------------------------------------------------------------

 NMR restraints: Bond =    0.117   Angle =     0.928   Torsion =     1.280
===============================================================================

 NSTEP =     7000   TIME(PS) =      14.000  TEMP(K) =   294.44  PRESS =     0.0
 Etot   =    -25066.2806  EKtot   =      5441.0137  EPtot      =    -30507.2942
 BOND   =        54.7360  ANGLE   =       113.0147  DIHED      =       129.7216
 1-4 NB =        76.3347  1-4 EEL =        67.5410  VDWAALS    =      4142.9106
 EELEC  =    -35096.3122  EHBOND  =         0.0000  RESTRAINT  =         4.7594
 EAMBER (non-restraint)  =    -30512.0536
 EKCMT  =         0.0000  VIRIAL  =         0.0000  VOLUME     =    104159.7417
                                                    Density    =         0.9079
 ------------------------------------------------------------------------------

 NMR restraints: Bond =    0.398   Angle =     2.302   Torsion =     0.077
===============================================================================

 NSTEP =     7500   TIME(PS) =      15.000  TEMP(K) =   295.55  PRESS =     0.0
 Etot   =    -25014.6275  EKtot   =      5461.4932  EPtot      =    -30476.1206
 BOND   =        52.8391  ANGLE   =       105.2237  DIHED      =       147.8416
 1-4 NB =        73.3171  1-4 EEL =        63.4028  VDWAALS    =      4458.4311
 EELEC  =    -35380.7899  EHBOND  =         0.0000  RESTRAINT  =         3.6138
 EAMBER (non-restraint)  =    -30479.7344
 EKCMT  =         0.0000  VIRIAL  =         0.0000  VOLUME     =    103477.3888
                                                    Density    =         0.9139
 ------------------------------------------------------------------------------

 NMR restraints: Bond =    0.362   Angle =     0.618   Torsion =     0.769
===============================================================================

 NSTEP =     8000   TIME(PS) =      16.000  TEMP(K) =   303.39  PRESS =     0.0
 Etot   =    -25121.8829  EKtot   =      5606.3008  EPtot      =    -30728.1837
 BOND   =        55.4466  ANGLE   =        94.2913  DIHED      =       137.4943
 1-4 NB =        72.7940  1-4 EEL =        66.6503  VDWAALS    =      4624.6583
 EELEC  =    -35787.0440  EHBOND  =         0.0000  RESTRAINT  =         7.5257
 EAMBER (non-restraint)  =    -30735.7094
 EKCMT  =         0.0000  VIRIAL  =         0.0000  VOLUME     =    100641.7054
                                                    Density    =         0.9396
 ------------------------------------------------------------------------------

 NMR restraints: Bond =    0.710   Angle =     1.903   Torsion =     1.001
===============================================================================

 NSTEP =     8500   TIME(PS) =      17.000  TEMP(K) =   301.51  PRESS =     0.0
 Etot   =    -25166.2383  EKtot   =      5571.5913  EPtot      =    -30737.8297
 BOND   =        49.9166  ANGLE   =       106.7173  DIHED      =       142.9522
 1-4 NB =        74.8067  1-4 EEL =        62.4650  VDWAALS    =      4382.4118
 EELEC  =    -35564.6698  EHBOND  =         0.0000  RESTRAINT  =         7.5705
 EAMBER (non-restraint)  =    -30745.4001
 EKCMT  =         0.0000  VIRIAL  =         0.0000  VOLUME     =     99681.7381
                                                    Density    =         0.9487
 ------------------------------------------------------------------------------

 NMR restraints: Bond =    0.812   Angle =     2.396   Torsion =     1.947
===============================================================================

 NSTEP =     9000   TIME(PS) =      18.000  TEMP(K) =   303.81  PRESS =     0.0
 Etot   =    -25249.8437  EKtot   =      5614.0981  EPtot      =    -30863.9418
 BOND   =        59.3758  ANGLE   =       102.9454  DIHED      =       141.8603
 1-4 NB =        71.9617  1-4 EEL =        71.2825  VDWAALS    =      4206.0765
 EELEC  =    -35522.9676  EHBOND  =         0.0000  RESTRAINT  =         5.5236
 EAMBER (non-restraint)  =    -30869.4655
 EKCMT  =         0.0000  VIRIAL  =         0.0000  VOLUME     =     99439.5554
                                                    Density    =         0.9510
 ------------------------------------------------------------------------------

 NMR restraints: Bond =    0.245   Angle =     2.970   Torsion =     1.193
===============================================================================

 NSTEP =     9500   TIME(PS) =      19.000  TEMP(K) =   300.36  PRESS =     0.0
 Etot   =    -25286.0392  EKtot   =      5550.2739  EPtot      =    -30836.3131
 BOND   =        56.0215  ANGLE   =        98.4160  DIHED      =       143.3088
 1-4 NB =        73.8093  1-4 EEL =        63.7811  VDWAALS    =      4234.8486
 EELEC  =    -35512.5197  EHBOND  =         0.0000  RESTRAINT  =         6.0214
 EAMBER (non-restraint)  =    -30842.3345
 EKCMT  =         0.0000  VIRIAL  =         0.0000  VOLUME     =     98376.7984
                                                    Density    =         0.9612
 ------------------------------------------------------------------------------

 NMR restraints: Bond =    0.926   Angle =     2.850   Torsion =     0.563
===============================================================================

 NSTEP =    10000   TIME(PS) =      20.000  TEMP(K) =   298.87  PRESS =     0.0
 Etot   =    -25242.5717  EKtot   =      5522.8789  EPtot      =    -30765.4506
 BOND   =        54.1693  ANGLE   =       110.3429  DIHED      =       126.8102
 1-4 NB =        74.7135  1-4 EEL =        60.3194  VDWAALS    =      4134.7588
 EELEC  =    -35332.6385  EHBOND  =         0.0000  RESTRAINT  =         6.0739
 EAMBER (non-restraint)  =    -30771.5245
 EKCMT  =         0.0000  VIRIAL  =         0.0000  VOLUME     =     97885.2810
                                                    Density    =         0.9661
 ------------------------------------------------------------------------------

 NMR restraints: Bond =    0.203   Angle =     3.723   Torsion =     0.464
===============================================================================
