2018-04-30 06:46:28 PM Started logging...
2018-04-30 06:46:28 PM 2018-04-27_16:08:13_-0700-3c20478-0.0.3
2018-04-30 06:46:28 PM Writing minimize.in
2018-04-30 06:46:28 PM Running Minimization at ./
2018-04-30 06:46:28 PM Exec line: pmemd.cuda -O -p solvate.prmtop -ref solvate.rst7 -c solvate.rst7 -i minimize.in -o minimize.out -r minimize.rst7 -inf minimize.mdinfo
2018-04-30 06:46:32 PM Minimization completed...
2018-04-30 06:46:32 PM Writing equil.000.in
2018-04-30 06:46:32 PM Running MD at ./
2018-04-30 06:46:32 PM Exec line: pmemd.cuda -O -p solvate.prmtop -ref solvate.rst7 -c minimize.rst7 -i equil.000.in -o equil.000.out -r equil.000.rst7 -x equil.000.nc -inf equil.000.mdinfo -e equil.000.mden
2018-04-30 06:46:43 PM STDOUT/STDERR received from AMBER execution
2018-04-30 06:46:43 PM b'ERROR: Calculation halted.  Periodic box dimensions have changed too much from their initial values.'
2018-04-30 06:46:43 PM b'  Your system density has likely changed by a large amount, probably from'
2018-04-30 06:46:43 PM b'  starting the simulation from a structure a long way from equilibrium.'
2018-04-30 06:46:43 PM b''
2018-04-30 06:46:43 PM b'  [Although this error can also occur if the simulation has blown up for some reason]'
2018-04-30 06:46:43 PM b''
2018-04-30 06:46:43 PM b'  The GPU code does not automatically reorganize grid cells and thus you'
2018-04-30 06:46:43 PM b'  will need to restart the calculation from the previous restart file.'
2018-04-30 06:46:43 PM b'  This will generate new grid cells and allow the calculation to continue.'
2018-04-30 06:46:43 PM b'  It may be necessary to repeat this restarting multiple times if your system'
2018-04-30 06:46:43 PM b'  is a long way from an equilibrated density.'
2018-04-30 06:46:43 PM b''
2018-04-30 06:46:43 PM b'  Alternatively you can run with the CPU code until the density has converged'
2018-04-30 06:46:43 PM b'  and then switch back to the GPU code.'
2018-04-30 06:46:43 PM b''
2018-04-30 06:46:43 PM Simulation did not complete when executing the following ....
2018-04-30 06:46:43 PM pmemd.cuda -O -p solvate.prmtop -ref solvate.rst7 -c minimize.rst7 -i equil.000.in -o equil.000.out -r equil.000.rst7 -x equil.000.nc -inf equil.000.mdinfo -e equil.000.mden
2018-04-30 06:46:43 PM Writing equil.001.in
2018-04-30 06:46:43 PM Running MD at ./
2018-04-30 06:46:43 PM Exec line: pmemd.cuda -O -p solvate.prmtop -ref equil.001.inpcrd -c equil.000.rst7 -i equil.001.in -o equil.001.out -r equil.001.rst7 -x equil.001.nc -inf equil.001.mdinfo -e equil.001.mden
2018-04-30 06:46:45 PM Simulation did not complete when executing the following ....
2018-04-30 06:46:45 PM pmemd.cuda -O -p solvate.prmtop -ref equil.001.inpcrd -c equil.000.rst7 -i equil.001.in -o equil.001.out -r equil.001.rst7 -x equil.001.nc -inf equil.001.mdinfo -e equil.001.mden
2018-04-30 06:46:45 PM Writing equil.002.in
2018-04-30 06:46:45 PM Running MD at ./
2018-04-30 06:46:45 PM Exec line: pmemd.cuda -O -p solvate.prmtop -ref equil.002.inpcrd -c equil.001.rst7 -i equil.002.in -o equil.002.out -r equil.002.rst7 -x equil.002.nc -inf equil.002.mdinfo -e equil.002.mden
2018-04-30 06:46:47 PM Simulation did not complete when executing the following ....
2018-04-30 06:46:47 PM pmemd.cuda -O -p solvate.prmtop -ref equil.002.inpcrd -c equil.001.rst7 -i equil.002.in -o equil.002.out -r equil.002.rst7 -x equil.002.nc -inf equil.002.mdinfo -e equil.002.mden
2018-04-30 06:46:47 PM Writing equil.003.in
2018-04-30 06:46:47 PM Running MD at ./
2018-04-30 06:46:47 PM Exec line: pmemd.cuda -O -p solvate.prmtop -ref equil.003.inpcrd -c equil.002.rst7 -i equil.003.in -o equil.003.out -r equil.003.rst7 -x equil.003.nc -inf equil.003.mdinfo -e equil.003.mden
2018-04-30 06:46:49 PM Simulation did not complete when executing the following ....
2018-04-30 06:46:49 PM pmemd.cuda -O -p solvate.prmtop -ref equil.003.inpcrd -c equil.002.rst7 -i equil.003.in -o equil.003.out -r equil.003.rst7 -x equil.003.nc -inf equil.003.mdinfo -e equil.003.mden
2018-04-30 06:46:49 PM Writing equil.004.in
2018-04-30 06:46:49 PM Running MD at ./
2018-04-30 06:46:49 PM Exec line: pmemd.cuda -O -p solvate.prmtop -ref equil.004.inpcrd -c equil.003.rst7 -i equil.004.in -o equil.004.out -r equil.004.rst7 -x equil.004.nc -inf equil.004.mdinfo -e equil.004.mden
2018-04-30 06:46:51 PM Simulation did not complete when executing the following ....
2018-04-30 06:46:51 PM pmemd.cuda -O -p solvate.prmtop -ref equil.004.inpcrd -c equil.003.rst7 -i equil.004.in -o equil.004.out -r equil.004.rst7 -x equil.004.nc -inf equil.004.mdinfo -e equil.004.mden
2018-04-30 06:46:51 PM Writing equil.005.in
2018-04-30 06:46:51 PM Running MD at ./
2018-04-30 06:46:51 PM Exec line: pmemd.cuda -O -p solvate.prmtop -ref equil.005.inpcrd -c equil.004.rst7 -i equil.005.in -o equil.005.out -r equil.005.rst7 -x equil.005.nc -inf equil.005.mdinfo -e equil.005.mden
2018-04-30 06:46:53 PM Simulation did not complete when executing the following ....
2018-04-30 06:46:53 PM pmemd.cuda -O -p solvate.prmtop -ref equil.005.inpcrd -c equil.004.rst7 -i equil.005.in -o equil.005.out -r equil.005.rst7 -x equil.005.nc -inf equil.005.mdinfo -e equil.005.mden
2018-04-30 06:46:53 PM Writing equil.006.in
2018-04-30 06:46:53 PM Running MD at ./
2018-04-30 06:46:53 PM Exec line: pmemd.cuda -O -p solvate.prmtop -ref equil.006.inpcrd -c equil.005.rst7 -i equil.006.in -o equil.006.out -r equil.006.rst7 -x equil.006.nc -inf equil.006.mdinfo -e equil.006.mden
2018-04-30 06:46:55 PM Simulation did not complete when executing the following ....
2018-04-30 06:46:55 PM pmemd.cuda -O -p solvate.prmtop -ref equil.006.inpcrd -c equil.005.rst7 -i equil.006.in -o equil.006.out -r equil.006.rst7 -x equil.006.nc -inf equil.006.mdinfo -e equil.006.mden
2018-04-30 06:46:55 PM Writing equil.007.in
2018-04-30 06:46:55 PM Running MD at ./
2018-04-30 06:46:55 PM Exec line: pmemd.cuda -O -p solvate.prmtop -ref equil.007.inpcrd -c equil.006.rst7 -i equil.007.in -o equil.007.out -r equil.007.rst7 -x equil.007.nc -inf equil.007.mdinfo -e equil.007.mden
2018-04-30 06:46:57 PM Simulation did not complete when executing the following ....
2018-04-30 06:46:57 PM pmemd.cuda -O -p solvate.prmtop -ref equil.007.inpcrd -c equil.006.rst7 -i equil.007.in -o equil.007.out -r equil.007.rst7 -x equil.007.nc -inf equil.007.mdinfo -e equil.007.mden
2018-04-30 06:46:57 PM Writing equil.008.in
2018-04-30 06:46:57 PM Running MD at ./
2018-04-30 06:46:57 PM Exec line: pmemd.cuda -O -p solvate.prmtop -ref equil.008.inpcrd -c equil.007.rst7 -i equil.008.in -o equil.008.out -r equil.008.rst7 -x equil.008.nc -inf equil.008.mdinfo -e equil.008.mden
2018-04-30 06:46:59 PM Simulation did not complete when executing the following ....
2018-04-30 06:46:59 PM pmemd.cuda -O -p solvate.prmtop -ref equil.008.inpcrd -c equil.007.rst7 -i equil.008.in -o equil.008.out -r equil.008.rst7 -x equil.008.nc -inf equil.008.mdinfo -e equil.008.mden
2018-04-30 06:46:59 PM Writing equil.009.in
2018-04-30 06:46:59 PM Running MD at ./
2018-04-30 06:46:59 PM Exec line: pmemd.cuda -O -p solvate.prmtop -ref equil.009.inpcrd -c equil.008.rst7 -i equil.009.in -o equil.009.out -r equil.009.rst7 -x equil.009.nc -inf equil.009.mdinfo -e equil.009.mden
2018-04-30 06:47:01 PM Simulation did not complete when executing the following ....
2018-04-30 06:47:01 PM pmemd.cuda -O -p solvate.prmtop -ref equil.009.inpcrd -c equil.008.rst7 -i equil.009.in -o equil.009.out -r equil.009.rst7 -x equil.009.nc -inf equil.009.mdinfo -e equil.009.mden
2018-04-30 06:47:01 PM Writing prod.000.in
2018-04-30 06:47:01 PM Running MD at ./
2018-04-30 06:47:01 PM Exec line: pmemd.cuda -O -p solvate.prmtop -ref solvate.rst7 -c equil.rst7 -i prod.000.in -o prod.000.out -r prod.000.rst7 -x prod.000.nc -inf prod.000.mdinfo -e prod.000.mden
2018-04-30 06:47:04 PM Simulation did not complete when executing the following ....
2018-04-30 06:47:04 PM pmemd.cuda -O -p solvate.prmtop -ref solvate.rst7 -c equil.rst7 -i prod.000.in -o prod.000.out -r prod.000.rst7 -x prod.000.nc -inf prod.000.mdinfo -e prod.000.mden
2018-04-30 09:07:49 PM Started logging...
2018-04-30 09:07:49 PM 2018-04-27_16:08:13_-0700-3c20478-0.0.3
2018-04-30 09:07:49 PM Completed output detected ... Skipping. Use: run(overwrite=True) to overwrite
2018-04-30 09:07:49 PM Writing equil.000.in
2018-04-30 09:07:49 PM Running MD at ./
2018-04-30 09:07:49 PM Exec line: pmemd.cuda -O -p solvate.prmtop -ref solvate.rst7 -c minimize.rst7 -i equil.000.in -o equil.000.out -r equil.000.rst7 -x equil.000.nc -inf equil.000.mdinfo -e equil.000.mden
2018-04-30 09:08:00 PM STDOUT/STDERR received from AMBER execution
2018-04-30 09:08:00 PM b'ERROR: Calculation halted.  Periodic box dimensions have changed too much from their initial values.'
2018-04-30 09:08:00 PM b'  Your system density has likely changed by a large amount, probably from'
2018-04-30 09:08:00 PM b'  starting the simulation from a structure a long way from equilibrium.'
2018-04-30 09:08:00 PM b''
2018-04-30 09:08:00 PM b'  [Although this error can also occur if the simulation has blown up for some reason]'
2018-04-30 09:08:00 PM b''
2018-04-30 09:08:00 PM b'  The GPU code does not automatically reorganize grid cells and thus you'
2018-04-30 09:08:00 PM b'  will need to restart the calculation from the previous restart file.'
2018-04-30 09:08:00 PM b'  This will generate new grid cells and allow the calculation to continue.'
2018-04-30 09:08:00 PM b'  It may be necessary to repeat this restarting multiple times if your system'
2018-04-30 09:08:00 PM b'  is a long way from an equilibrated density.'
2018-04-30 09:08:00 PM b''
2018-04-30 09:08:00 PM b'  Alternatively you can run with the CPU code until the density has converged'
2018-04-30 09:08:00 PM b'  and then switch back to the GPU code.'
2018-04-30 09:08:00 PM b''
2018-04-30 09:08:00 PM Simulation did not complete when executing the following ....
2018-04-30 09:08:00 PM pmemd.cuda -O -p solvate.prmtop -ref solvate.rst7 -c minimize.rst7 -i equil.000.in -o equil.000.out -r equil.000.rst7 -x equil.000.nc -inf equil.000.mdinfo -e equil.000.mden
2018-04-30 09:08:00 PM Writing equil.001.in
2018-04-30 09:08:00 PM Running MD at ./
2018-04-30 09:08:00 PM Exec line: pmemd.cuda -O -p solvate.prmtop -ref solvate.rst7 -c equil.000.rst7 -i equil.001.in -o equil.001.out -r equil.001.rst7 -x equil.001.nc -inf equil.001.mdinfo -e equil.001.mden
2018-04-30 09:13:52 PM MD completed ...
2018-04-30 09:13:52 PM Writing prod.000.in
2018-04-30 09:13:52 PM Running MD at ./
2018-04-30 09:13:52 PM Exec line: pmemd.cuda -O -p solvate.prmtop -ref solvate.rst7 -c equil.rst7 -i prod.000.in -o prod.000.out -r prod.000.rst7 -x prod.000.nc -inf prod.000.mdinfo -e prod.000.mden
2018-04-30 09:18:18 PM MD completed ...
2018-04-30 09:18:18 PM Writing prod.001.in
2018-04-30 09:18:18 PM Running MD at ./
2018-04-30 09:18:18 PM Exec line: pmemd.cuda -O -p solvate.prmtop -ref solvate.rst7 -c prod.000.rst7 -i prod.001.in -o prod.001.out -r prod.001.rst7 -x prod.001.nc -inf prod.001.mdinfo -e prod.001.mden
2018-04-30 09:22:45 PM MD completed ...
2018-04-30 09:22:45 PM Writing prod.002.in
2018-04-30 09:22:45 PM Running MD at ./
2018-04-30 09:22:45 PM Exec line: pmemd.cuda -O -p solvate.prmtop -ref solvate.rst7 -c prod.001.rst7 -i prod.002.in -o prod.002.out -r prod.002.rst7 -x prod.002.nc -inf prod.002.mdinfo -e prod.002.mden
2018-04-30 09:27:10 PM MD completed ...
2018-04-30 09:27:10 PM Writing prod.003.in
2018-04-30 09:27:10 PM Running MD at ./
2018-04-30 09:27:10 PM Exec line: pmemd.cuda -O -p solvate.prmtop -ref solvate.rst7 -c prod.002.rst7 -i prod.003.in -o prod.003.out -r prod.003.rst7 -x prod.003.nc -inf prod.003.mdinfo -e prod.003.mden
2018-04-30 09:31:37 PM MD completed ...
2018-04-30 09:31:37 PM Writing prod.004.in
2018-04-30 09:31:37 PM Running MD at ./
2018-04-30 09:31:37 PM Exec line: pmemd.cuda -O -p solvate.prmtop -ref solvate.rst7 -c prod.003.rst7 -i prod.004.in -o prod.004.out -r prod.004.rst7 -x prod.004.nc -inf prod.004.mdinfo -e prod.004.mden
2018-04-30 09:36:03 PM MD completed ...
2018-05-01 07:29:18 AM Started logging...
2018-05-01 07:29:18 AM 2018-04-30_14:45:29_-0700-dff30ec-0.0.3
2018-05-01 07:29:18 AM Completed output detected ... Skipping. Use: run(overwrite=True) to overwrite
2018-05-01 07:29:18 AM Completed output detected ... Skipping. Use: run(overwrite=True) to overwrite
2018-05-01 07:29:18 AM Completed output detected ... Skipping. Use: run(overwrite=True) to overwrite
2018-05-01 07:29:18 AM Completed output detected ... Skipping. Use: run(overwrite=True) to overwrite
2018-05-01 07:29:18 AM Completed output detected ... Skipping. Use: run(overwrite=True) to overwrite
2018-05-01 07:29:18 AM Completed output detected ... Skipping. Use: run(overwrite=True) to overwrite
2018-05-02 10:45:35 AM Started logging...
2018-05-02 10:45:35 AM 2018-04-30_14:45:29_-0700-dff30ec-0.0.3
2018-05-02 10:45:35 AM Writing minimize.in
2018-05-02 10:45:35 AM Running Minimization at ./
2018-05-02 10:45:35 AM Exec line: pmemd.cuda -O -p solvate.prmtop -ref solvate.rst7 -c solvate.rst7 -i minimize.in -o minimize.out -r minimize.rst7 -inf minimize.mdinfo
2018-05-02 10:45:37 AM Minimization completed...
2018-05-02 10:45:37 AM Writing equil.000.in
2018-05-02 10:45:37 AM Running MD at ./
2018-05-02 10:45:37 AM Exec line: pmemd.cuda -O -p solvate.prmtop -ref solvate.rst7 -c minimize.rst7 -i equil.000.in -o equil.000.out -r equil.000.rst7 -x equil.000.nc -inf equil.000.mdinfo -e equil.000.mden
2018-05-02 10:45:47 AM STDOUT/STDERR received from AMBER execution
2018-05-02 10:45:47 AM b'ERROR: Calculation halted.  Periodic box dimensions have changed too much from their initial values.'
2018-05-02 10:45:47 AM b'  Your system density has likely changed by a large amount, probably from'
2018-05-02 10:45:47 AM b'  starting the simulation from a structure a long way from equilibrium.'
2018-05-02 10:45:47 AM b''
2018-05-02 10:45:47 AM b'  [Although this error can also occur if the simulation has blown up for some reason]'
2018-05-02 10:45:47 AM b''
2018-05-02 10:45:47 AM b'  The GPU code does not automatically reorganize grid cells and thus you'
2018-05-02 10:45:47 AM b'  will need to restart the calculation from the previous restart file.'
2018-05-02 10:45:47 AM b'  This will generate new grid cells and allow the calculation to continue.'
2018-05-02 10:45:47 AM b'  It may be necessary to repeat this restarting multiple times if your system'
2018-05-02 10:45:47 AM b'  is a long way from an equilibrated density.'
2018-05-02 10:45:47 AM b''
2018-05-02 10:45:47 AM b'  Alternatively you can run with the CPU code until the density has converged'
2018-05-02 10:45:47 AM b'  and then switch back to the GPU code.'
2018-05-02 10:45:47 AM b''
2018-05-02 10:45:47 AM Simulation did not complete when executing the following ....
2018-05-02 10:45:47 AM pmemd.cuda -O -p solvate.prmtop -ref solvate.rst7 -c minimize.rst7 -i equil.000.in -o equil.000.out -r equil.000.rst7 -x equil.000.nc -inf equil.000.mdinfo -e equil.000.mden
2018-05-02 10:45:47 AM Writing equil.001.in
2018-05-02 10:45:47 AM Running MD at ./
2018-05-02 10:45:47 AM Exec line: pmemd.cuda -O -p solvate.prmtop -ref solvate.rst7 -c equil.000.rst7 -i equil.001.in -o equil.001.out -r equil.001.rst7 -x equil.001.nc -inf equil.001.mdinfo -e equil.001.mden
2018-05-02 10:51:51 AM MD completed ...
2018-05-02 10:51:51 AM Writing prod.000.in
2018-05-02 10:51:51 AM Running MD at ./
2018-05-02 10:51:51 AM Exec line: pmemd.cuda -O -p solvate.prmtop -ref solvate.rst7 -c equil.rst7 -i prod.000.in -o prod.000.out -r prod.000.rst7 -x prod.000.nc -inf prod.000.mdinfo -e prod.000.mden
2018-05-02 10:56:28 AM MD completed ...
2018-05-02 10:56:28 AM Writing prod.001.in
2018-05-02 10:56:28 AM Running MD at ./
2018-05-02 10:56:28 AM Exec line: pmemd.cuda -O -p solvate.prmtop -ref solvate.rst7 -c prod.000.rst7 -i prod.001.in -o prod.001.out -r prod.001.rst7 -x prod.001.nc -inf prod.001.mdinfo -e prod.001.mden
2018-05-02 11:01:04 AM MD completed ...
2018-05-02 11:01:04 AM Writing prod.002.in
2018-05-02 11:01:04 AM Running MD at ./
2018-05-02 11:01:04 AM Exec line: pmemd.cuda -O -p solvate.prmtop -ref solvate.rst7 -c prod.001.rst7 -i prod.002.in -o prod.002.out -r prod.002.rst7 -x prod.002.nc -inf prod.002.mdinfo -e prod.002.mden
2018-05-02 11:05:39 AM MD completed ...
2018-05-02 11:05:39 AM Writing prod.003.in
2018-05-02 11:05:39 AM Running MD at ./
2018-05-02 11:05:39 AM Exec line: pmemd.cuda -O -p solvate.prmtop -ref solvate.rst7 -c prod.002.rst7 -i prod.003.in -o prod.003.out -r prod.003.rst7 -x prod.003.nc -inf prod.003.mdinfo -e prod.003.mden
2018-05-02 11:10:16 AM MD completed ...
2018-05-02 11:10:16 AM Writing prod.004.in
2018-05-02 11:10:16 AM Running MD at ./
2018-05-02 11:10:16 AM Exec line: pmemd.cuda -O -p solvate.prmtop -ref solvate.rst7 -c prod.003.rst7 -i prod.004.in -o prod.004.out -r prod.004.rst7 -x prod.004.nc -inf prod.004.mdinfo -e prod.004.mden
2018-05-02 11:14:51 AM MD completed ...
2018-05-05 07:47:36 PM Started logging...
2018-05-05 07:47:36 PM 2018-04-30_14:45:29_-0700-dff30ec-0.0.3
2018-05-05 07:47:36 PM Completed output detected ... Skipping. Use: run(overwrite=True) to overwrite
2018-05-05 07:47:36 PM Completed output detected ... Skipping. Use: run(overwrite=True) to overwrite
2018-05-05 07:47:36 PM Completed output detected ... Skipping. Use: run(overwrite=True) to overwrite
2018-05-05 07:47:36 PM Completed output detected ... Skipping. Use: run(overwrite=True) to overwrite
2018-05-05 07:47:36 PM Completed output detected ... Skipping. Use: run(overwrite=True) to overwrite
2018-05-05 07:47:36 PM Completed output detected ... Skipping. Use: run(overwrite=True) to overwrite
2018-05-05 07:47:36 PM Writing prod.005.in
2018-05-05 07:47:36 PM Running MD at ./
2018-05-05 07:47:36 PM Exec line: pmemd.cuda -O -p solvate.prmtop -ref solvate.rst7 -c prod.004.rst7 -i prod.005.in -o prod.005.out -r prod.005.rst7 -x prod.005.nc -inf prod.005.mdinfo -e prod.005.mden
2018-05-05 07:52:11 PM MD completed ...
2018-05-05 07:52:11 PM Writing prod.006.in
2018-05-05 07:52:11 PM Running MD at ./
2018-05-05 07:52:11 PM Exec line: pmemd.cuda -O -p solvate.prmtop -ref solvate.rst7 -c prod.005.rst7 -i prod.006.in -o prod.006.out -r prod.006.rst7 -x prod.006.nc -inf prod.006.mdinfo -e prod.006.mden
2018-05-05 07:56:47 PM MD completed ...
2018-05-05 07:56:47 PM Writing prod.007.in
2018-05-05 07:56:47 PM Running MD at ./
2018-05-05 07:56:47 PM Exec line: pmemd.cuda -O -p solvate.prmtop -ref solvate.rst7 -c prod.006.rst7 -i prod.007.in -o prod.007.out -r prod.007.rst7 -x prod.007.nc -inf prod.007.mdinfo -e prod.007.mden
2018-05-05 08:01:21 PM MD completed ...
2018-05-05 08:01:21 PM Writing prod.008.in
2018-05-05 08:01:21 PM Running MD at ./
2018-05-05 08:01:21 PM Exec line: pmemd.cuda -O -p solvate.prmtop -ref solvate.rst7 -c prod.007.rst7 -i prod.008.in -o prod.008.out -r prod.008.rst7 -x prod.008.nc -inf prod.008.mdinfo -e prod.008.mden
2018-05-05 08:05:56 PM MD completed ...
2018-05-05 08:05:56 PM Writing prod.009.in
2018-05-05 08:05:56 PM Running MD at ./
2018-05-05 08:05:56 PM Exec line: pmemd.cuda -O -p solvate.prmtop -ref solvate.rst7 -c prod.008.rst7 -i prod.009.in -o prod.009.out -r prod.009.rst7 -x prod.009.nc -inf prod.009.mdinfo -e prod.009.mden
2018-05-05 08:10:32 PM MD completed ...
