1.000000000000000021e-02 2.902517589106558660e+00 1.073564784305850311e-01 4.500000000000000000e+03 1.152622789885231036e+01 8.427025603505727824e-01 1.360000000000000000e+04 -7.080123838744677656e+00
2.000000000000000042e-02 2.950108388697723516e+00 7.751891012385492274e-02 9.000000000000000000e+03 1.104875059195473952e+01 6.935328512711774751e-01 2.720000000000000000e+04 -7.080123838744677656e+00
2.999999999999999889e-02 2.946240113708099795e+00 7.260953546084188137e-02 1.350000000000000000e+04 1.116660336354599714e+01 5.870832013010087724e-01 4.080000000000000000e+04 -7.080123838744677656e+00
4.000000000000000083e-02 2.989041906376062041e+00 6.230066023602238989e-02 1.800000000000000000e+04 1.105638342349280379e+01 4.808042373798350200e-01 5.440000000000000000e+04 -7.080123838744677656e+00
5.000000000000000278e-02 2.980414500244635612e+00 6.154536848962866707e-02 2.250000000000000000e+04 1.082669818764012248e+01 4.431880247130087769e-01 6.800000000000000000e+04 -7.080123838744677656e+00
6.000000000000000472e-02 2.994011723947209269e+00 4.998166035585317052e-02 2.700000000000000000e+04 1.062791101422885198e+01 4.156523260982392109e-01 8.280000000000000000e+04 -7.080123838744677656e+00
6.999999999999999278e-02 3.032934398259533371e+00 5.310341274828794811e-02 3.150000000000000000e+04 1.054598281544809701e+01 4.074418438531805520e-01 9.660000000000000000e+04 -7.080123838744677656e+00
8.000000000000000167e-02 3.047669382047718756e+00 5.267416059494423042e-02 3.600000000000000000e+04 1.061445405482003146e+01 3.849196377834367966e-01 1.104000000000000000e+05 -7.080123838744677656e+00
8.999999999999999667e-02 3.061093182168771243e+00 5.231448726374444275e-02 4.050000000000000000e+04 1.068499660356349246e+01 3.533277518202334599e-01 1.242000000000000000e+05 -7.080123838744677656e+00
9.999999999999999167e-02 3.042507548679779461e+00 4.968623699773996177e-02 4.498500000000000000e+04 1.065013750720047625e+01 3.707689117217484176e-01 1.379540000000000000e+05 -7.080123838744677656e+00
1.100000000000000006e-01 3.047367464678173654e+00 4.471164820632916176e-02 4.950000000000000000e+04 1.074108618947284199e+01 3.252272369659204854e-01 1.518000000000000000e+05 -7.080123838744677656e+00
1.199999999999999956e-01 3.029916676837247191e+00 4.405853361177965860e-02 5.400000000000000000e+04 1.078211086875440827e+01 3.131309784761531212e-01 1.656000000000000000e+05 -7.080123838744677656e+00
1.300000000000000044e-01 3.026470709525493685e+00 4.645990697235458100e-02 5.850000000000000000e+04 1.076140770699673688e+01 2.921638343705182939e-01 1.794000000000000000e+05 -7.080123838744677656e+00
1.400000000000000133e-01 3.037333267355947886e+00 4.159223156776799268e-02 6.300000000000000000e+04 1.062033977808391505e+01 2.893061923585134032e-01 1.932000000000000000e+05 -7.080123838744677656e+00
1.500000000000000222e-01 3.033719681592545570e+00 4.241450629678071571e-02 6.750000000000000000e+04 1.060281696265455942e+01 2.715361525096617878e-01 2.070000000000000000e+05 -7.080123838744677656e+00
1.600000000000000033e-01 3.037894799902224996e+00 4.007099810961227415e-02 7.200000000000000000e+04 1.056564329453841111e+01 2.812540790615806197e-01 2.208000000000000000e+05 -7.080123838744677656e+00
1.700000000000000122e-01 3.041267474377229885e+00 3.846624141567279304e-02 7.650000000000000000e+04 1.056650911783956381e+01 2.765047939621212425e-01 2.346000000000000000e+05 -7.080123838744677656e+00
1.800000000000000211e-01 3.034689590904744438e+00 3.506824187202713800e-02 8.100000000000000000e+04 1.060055009084406130e+01 2.743331376391968113e-01 2.484000000000000000e+05 -7.080123838744677656e+00
1.900000000000000022e-01 3.029687349165264276e+00 3.511025318516644567e-02 8.550000000000000000e+04 1.060894084258403680e+01 2.324654016817461755e-01 2.622000000000000000e+05 -7.080123838744677656e+00
2.000000000000000111e-01 3.014889471452111280e+00 3.487260617392673456e-02 9.000000000000000000e+04 1.060075019348781566e+01 2.509542804086655754e-01 2.760000000000000000e+05 -7.080123838744677656e+00
2.100000000000000200e-01 3.014497379010780076e+00 3.314824031340095345e-02 9.450000000000000000e+04 1.058162537448102825e+01 2.484257000699820472e-01 2.898000000000000000e+05 -7.080123838744677656e+00
2.200000000000000011e-01 3.004434313467636120e+00 3.405860173695695464e-02 9.900000000000000000e+04 1.060979995735882753e+01 2.483865188748158870e-01 3.036000000000000000e+05 -7.080123838744677656e+00
2.300000000000000100e-01 3.000783844366177622e+00 3.049551178350253314e-02 1.035000000000000000e+05 1.064880860516936423e+01 2.428596033509614338e-01 3.174000000000000000e+05 -7.080123838744677656e+00
2.400000000000000189e-01 2.995917141690028984e+00 3.277492505552189600e-02 1.080000000000000000e+05 1.064457992738181957e+01 2.426649188354352837e-01 3.312000000000000000e+05 -7.080123838744677656e+00
2.500000000000000000e-01 2.994470493653700771e+00 2.960561496512168975e-02 1.125000000000000000e+05 1.059034742167835397e+01 2.255518570668758882e-01 3.450000000000000000e+05 -7.080123838744677656e+00
2.600000000000000089e-01 2.998055759753692762e+00 2.863736340190569524e-02 1.170000000000000000e+05 1.061792840434962315e+01 2.220603589974547432e-01 3.588000000000000000e+05 -7.080123838744677656e+00
2.700000000000000178e-01 3.000638683690599606e+00 2.730786297357374812e-02 1.215000000000000000e+05 1.059348351149946055e+01 2.175206310236978413e-01 3.726000000000000000e+05 -7.080123838744677656e+00
2.800000000000000266e-01 2.999381626786362887e+00 2.653760002003469759e-02 1.260000000000000000e+05 1.057482692969376892e+01 2.125630400407387821e-01 3.864000000000000000e+05 -7.080123838744677656e+00
2.900000000000000355e-01 2.992732549637287853e+00 2.561321167168345569e-02 1.305000000000000000e+05 1.061467869957349386e+01 2.154745591669243454e-01 4.002000000000000000e+05 -7.080123838744677656e+00
2.999999999999999889e-01 2.993174344722391744e+00 2.641850712086571754e-02 1.350000000000000000e+05 1.066265070339373366e+01 2.117507758020891750e-01 4.140000000000000000e+05 -7.080123838744677656e+00
3.099999999999999978e-01 2.992842856328136847e+00 2.711270123667817306e-02 1.395000000000000000e+05 1.065421157856482814e+01 2.121800560719386830e-01 4.278000000000000000e+05 -7.080123838744677656e+00
3.200000000000000067e-01 2.997938344668854782e+00 2.253016136149589566e-02 1.440000000000000000e+05 1.062450291078577003e+01 2.124360689731786545e-01 4.416000000000000000e+05 -7.080123838744677656e+00
3.300000000000000155e-01 2.995262296854301898e+00 2.349731814655260306e-02 1.485000000000000000e+05 1.065737322486707050e+01 2.046694808259084952e-01 4.554000000000000000e+05 -7.080123838744677656e+00
3.400000000000000244e-01 2.995857602716185397e+00 2.222571592244038108e-02 1.530000000000000000e+05 1.065861317478021775e+01 2.020138925049200784e-01 4.692000000000000000e+05 -7.080123838744677656e+00
3.500000000000000333e-01 2.995245748954446618e+00 2.497438247558165028e-02 1.575000000000000000e+05 1.068400621524353156e+01 2.033479777151423751e-01 4.830000000000000000e+05 -7.080123838744677656e+00
3.600000000000000422e-01 2.998952187772850220e+00 2.319939852768397245e-02 1.620000000000000000e+05 1.065846833131099913e+01 1.957444055361825253e-01 4.968000000000000000e+05 -7.080123838744677656e+00
3.699999999999999956e-01 2.999330796036816960e+00 2.160823782560254355e-02 1.665000000000000000e+05 1.063242957653048038e+01 1.958480257318062079e-01 5.106000000000000000e+05 -7.080123838744677656e+00
3.800000000000000044e-01 2.997797336402617585e+00 2.188861427493041592e-02 1.710000000000000000e+05 1.058597105607435473e+01 2.074475982038682109e-01 5.244000000000000000e+05 -7.080123838744677656e+00
3.900000000000000133e-01 2.995490546815178678e+00 2.261531291269533103e-02 1.755000000000000000e+05 1.059793611423855531e+01 1.836147317653286093e-01 5.382000000000000000e+05 -7.080123838744677656e+00
4.000000000000000222e-01 2.992220156454994395e+00 2.192759124347326907e-02 1.800000000000000000e+05 1.059974659398625718e+01 1.945234064157677079e-01 5.520000000000000000e+05 -7.080123838744677656e+00
4.100000000000000311e-01 2.993608547785826079e+00 2.129591958097222862e-02 1.845000000000000000e+05 1.060400811105625429e+01 1.985252042728140598e-01 5.658000000000000000e+05 -7.080123838744677656e+00
4.200000000000000400e-01 2.992611423662610903e+00 2.374993159701799250e-02 1.890000000000000000e+05 1.062261812596100263e+01 1.896557813741078236e-01 5.796000000000000000e+05 -7.080123838744677656e+00
4.299999999999999933e-01 2.994088222159847490e+00 2.204300909752520202e-02 1.935000000000000000e+05 1.060424923589649282e+01 1.864566770139791108e-01 5.934000000000000000e+05 -7.080123838744677656e+00
4.400000000000000022e-01 2.989342157550269441e+00 2.113306048864488362e-02 1.980000000000000000e+05 1.058129980535933434e+01 1.879709973737448969e-01 6.072000000000000000e+05 -7.080123838744677656e+00
4.500000000000000111e-01 2.985978720349786286e+00 2.152067573999522782e-02 2.025000000000000000e+05 1.059908841033398197e+01 1.824789393185884123e-01 6.210000000000000000e+05 -7.080123838744677656e+00
4.600000000000000200e-01 2.984821401082411896e+00 1.983475697088884701e-02 2.070000000000000000e+05 1.059950409281930916e+01 1.697244832182141783e-01 6.348000000000000000e+05 -7.080123838744677656e+00
4.700000000000000289e-01 2.984133392809543484e+00 2.130705325529408389e-02 2.115000000000000000e+05 1.059442265739611067e+01 1.851311660508479229e-01 6.486000000000000000e+05 -7.080123838744677656e+00
4.800000000000000377e-01 2.984016328682037145e+00 2.128416943280960968e-02 2.160000000000000000e+05 1.057420933376307559e+01 1.773151345782931765e-01 6.624000000000000000e+05 -7.080123838744677656e+00
4.899999999999999911e-01 2.980429363803931420e+00 2.100205487681913730e-02 2.205000000000000000e+05 1.055196892693268218e+01 1.762764319953122327e-01 6.762000000000000000e+05 -7.080123838744677656e+00
5.000000000000000000e-01 2.978289140427389459e+00 2.067094906953424391e-02 2.250000000000000000e+05 1.050654921030612066e+01 1.746808493938109552e-01 6.900000000000000000e+05 -7.080123838744677656e+00
5.100000000000000089e-01 2.974064814402863188e+00 1.990628944202941022e-02 2.295000000000000000e+05 1.052312052184501567e+01 1.698926009186460251e-01 7.038000000000000000e+05 -7.080123838744677656e+00
5.200000000000000178e-01 2.970982241684817282e+00 2.206738741030551954e-02 2.340000000000000000e+05 1.051294322631867395e+01 1.725332133796607936e-01 7.176000000000000000e+05 -7.080123838744677656e+00
5.300000000000000266e-01 2.972253376447328677e+00 2.134060845747266094e-02 2.385000000000000000e+05 1.052904416053101500e+01 1.668151026014999816e-01 7.314000000000000000e+05 -7.080123838744677656e+00
5.400000000000000355e-01 2.972174303715052535e+00 2.153607326929764948e-02 2.430000000000000000e+05 1.053637754119697334e+01 1.658081692097801985e-01 7.452000000000000000e+05 -7.080123838744677656e+00
5.500000000000000444e-01 2.973486720346290912e+00 2.263102392525714532e-02 2.475000000000000000e+05 1.053218672451758486e+01 1.652657888312557555e-01 7.590000000000000000e+05 -7.080123838744677656e+00
5.600000000000000533e-01 2.972637907558187464e+00 2.116483645313469927e-02 2.520000000000000000e+05 1.053123569358919376e+01 1.705840116748599256e-01 7.728000000000000000e+05 -7.080123838744677656e+00
5.700000000000000622e-01 2.972260635061332312e+00 2.068873432034198240e-02 2.565000000000000000e+05 1.055698490935061962e+01 1.734106135147655270e-01 7.866000000000000000e+05 -7.080123838744677656e+00
5.800000000000000711e-01 2.970915399971980175e+00 2.049221182084807677e-02 2.610000000000000000e+05 1.054968285576468467e+01 1.642998209003422028e-01 8.004000000000000000e+05 -7.080123838744677656e+00
5.899999999999999689e-01 2.974074896245793020e+00 1.924230169316209355e-02 2.655000000000000000e+05 1.054647086468736994e+01 1.606058219295393164e-01 8.142000000000000000e+05 -7.080123838744677656e+00
5.999999999999999778e-01 2.974159625468694834e+00 1.877347070640264515e-02 2.700000000000000000e+05 1.054088278517718358e+01 1.504119402220352453e-01 8.280000000000000000e+05 -7.080123838744677656e+00
6.099999999999999867e-01 2.973967978080950925e+00 1.828940149433830667e-02 2.745000000000000000e+05 1.053025091058889728e+01 1.538535999263523635e-01 8.418000000000000000e+05 -7.080123838744677656e+00
6.199999999999999956e-01 2.973574583735601351e+00 1.949395515042464180e-02 2.790000000000000000e+05 1.052236595709430134e+01 1.632520400370166269e-01 8.556000000000000000e+05 -7.080123838744677656e+00
6.300000000000000044e-01 2.974746205597975646e+00 1.952604954115974914e-02 2.835000000000000000e+05 1.053868475626055812e+01 1.601787846905572688e-01 8.694000000000000000e+05 -7.080123838744677656e+00
6.400000000000000133e-01 2.975933305022908648e+00 1.904421051863577907e-02 2.880000000000000000e+05 1.054376302561790801e+01 1.602499529336578743e-01 8.832000000000000000e+05 -7.080123838744677656e+00
6.500000000000000222e-01 2.979983639070103774e+00 1.793429658817375857e-02 2.925000000000000000e+05 1.052518910604432811e+01 1.506682089161016092e-01 8.970000000000000000e+05 -7.080123838744677656e+00
6.600000000000000311e-01 2.980295465526756615e+00 1.786610743166587578e-02 2.970000000000000000e+05 1.049764026159141217e+01 1.567342258018317169e-01 9.108000000000000000e+05 -7.080123838744677656e+00
6.700000000000000400e-01 2.979416090840043996e+00 1.749230744041788133e-02 3.015000000000000000e+05 1.051185808169733527e+01 1.576008097863862423e-01 9.246000000000000000e+05 -7.080123838744677656e+00
6.800000000000000488e-01 2.978355145338545285e+00 1.711154035639250379e-02 3.060000000000000000e+05 1.051781034545541260e+01 1.509297287045422986e-01 9.384000000000000000e+05 -7.080123838744677656e+00
6.900000000000000577e-01 2.976752785295003090e+00 1.699888330740898998e-02 3.105000000000000000e+05 1.050795036964385254e+01 1.486496270350500803e-01 9.522000000000000000e+05 -7.080123838744677656e+00
7.000000000000000666e-01 2.978972166459643578e+00 1.838192069136777851e-02 3.150000000000000000e+05 1.050995344068740778e+01 1.623496944145184639e-01 9.660000000000000000e+05 -7.080123838744677656e+00
7.100000000000000755e-01 2.977232885931111905e+00 1.813956784040465786e-02 3.195000000000000000e+05 1.050289590038969756e+01 1.440038372558886115e-01 9.798000000000000000e+05 -7.080123838744677656e+00
7.199999999999999734e-01 2.975720463672897331e+00 1.810199270819403197e-02 3.240000000000000000e+05 1.048926030146865429e+01 1.444197462143796407e-01 9.936000000000000000e+05 -7.080123838744677656e+00
7.299999999999999822e-01 2.974292678851638616e+00 1.855381075912188732e-02 3.285000000000000000e+05 1.048763811321526696e+01 1.511843057817929825e-01 1.007400000000000000e+06 -7.080123838744677656e+00
7.399999999999999911e-01 2.974712272951154368e+00 1.747760796218757184e-02 3.330000000000000000e+05 1.048049300242852411e+01 1.552308837902713623e-01 1.021200000000000000e+06 -7.080123838744677656e+00
7.500000000000000000e-01 2.973259815327435884e+00 1.711857923791803085e-02 3.375000000000000000e+05 1.047177242673669006e+01 1.490659651582985357e-01 1.035000000000000000e+06 -7.080123838744677656e+00
7.600000000000000089e-01 2.974075295140616415e+00 1.688082183525107041e-02 3.420000000000000000e+05 1.044336597666405986e+01 1.518457413706050807e-01 1.048800000000000000e+06 -7.080123838744677656e+00
7.700000000000000178e-01 2.973190220093061331e+00 1.706172573803819981e-02 3.465000000000000000e+05 1.045421099128792797e+01 1.489552383532010971e-01 1.062600000000000000e+06 -7.080123838744677656e+00
7.800000000000000266e-01 2.973745673021749969e+00 1.741678575325643005e-02 3.510000000000000000e+05 1.046374598922896304e+01 1.499401999812185748e-01 1.076400000000000000e+06 -7.080123838744677656e+00
7.900000000000000355e-01 2.973443494743245541e+00 1.731484158191597469e-02 3.555000000000000000e+05 1.047876664362972754e+01 1.428684052871249666e-01 1.090200000000000000e+06 -7.080123838744677656e+00
8.000000000000000444e-01 2.973369783674874256e+00 1.799932183354640072e-02 3.600000000000000000e+05 1.047913109935010567e+01 1.429159676023258607e-01 1.104000000000000000e+06 -7.080123838744677656e+00
8.100000000000000533e-01 2.972643076116773031e+00 1.744091776342148251e-02 3.645000000000000000e+05 1.047349136684260529e+01 1.413074358921677098e-01 1.117800000000000000e+06 -7.080123838744677656e+00
8.200000000000000622e-01 2.971196638977546822e+00 1.649433965536541147e-02 3.690000000000000000e+05 1.048675101433955170e+01 1.404737016133674465e-01 1.131600000000000000e+06 -7.080123838744677656e+00
8.300000000000000711e-01 2.970792470616056669e+00 1.766372319169233485e-02 3.735000000000000000e+05 1.048329410744354462e+01 1.483689505398237407e-01 1.145400000000000000e+06 -7.080123838744677656e+00
8.400000000000000799e-01 2.972388346602948150e+00 1.665983397414159614e-02 3.780000000000000000e+05 1.047245376041575504e+01 1.415875442855117072e-01 1.159200000000000000e+06 -7.080123838744677656e+00
8.499999999999999778e-01 2.972056023225749577e+00 1.730295991039721912e-02 3.825000000000000000e+05 1.047814021766921577e+01 1.378625781670924089e-01 1.173000000000000000e+06 -7.080123838744677656e+00
8.599999999999999867e-01 2.972688054903747989e+00 1.767174146107925239e-02 3.870000000000000000e+05 1.045670798790414402e+01 1.417810094200885884e-01 1.186800000000000000e+06 -7.080123838744677656e+00
8.699999999999999956e-01 2.973183313452911314e+00 1.751094748685809097e-02 3.915000000000000000e+05 1.045168200421084670e+01 1.375724643142352821e-01 1.200600000000000000e+06 -7.080123838744677656e+00
8.800000000000000044e-01 2.972988970486843296e+00 1.628142972537078431e-02 3.960000000000000000e+05 1.046215594334676346e+01 1.414405734043117369e-01 1.214400000000000000e+06 -7.080123838744677656e+00
8.900000000000000133e-01 2.973907022751384410e+00 1.498999437397310897e-02 4.005000000000000000e+05 1.045841869709987471e+01 1.386626203126990753e-01 1.228200000000000000e+06 -7.080123838744677656e+00
9.000000000000000222e-01 2.973804625878919694e+00 1.526635889121395230e-02 4.050000000000000000e+05 1.045373155470555560e+01 1.373288806012191721e-01 1.242000000000000000e+06 -7.080123838744677656e+00
9.100000000000000311e-01 2.974497745210890720e+00 1.534100965652687026e-02 4.095000000000000000e+05 1.046375871674363189e+01 1.315872041278068894e-01 1.255800000000000000e+06 -7.080123838744677656e+00
9.200000000000000400e-01 2.973445692283577468e+00 1.495866411250936119e-02 4.140000000000000000e+05 1.046103793311195851e+01 1.354895001023880829e-01 1.269600000000000000e+06 -7.080123838744677656e+00
9.300000000000000488e-01 2.972806510721100359e+00 1.561098050798172786e-02 4.185000000000000000e+05 1.047899152990409810e+01 1.302198286758569634e-01 1.283400000000000000e+06 -7.080123838744677656e+00
9.400000000000000577e-01 2.973042549301075255e+00 1.463752060929183856e-02 4.230000000000000000e+05 1.048350780266409821e+01 1.257124685071473180e-01 1.297200000000000000e+06 -7.080123838744677656e+00
9.500000000000000666e-01 2.972932356738648974e+00 1.453143294519172214e-02 4.275000000000000000e+05 1.048403892666546788e+01 1.307358225314789180e-01 1.311000000000000000e+06 -7.080123838744677656e+00
9.600000000000000755e-01 2.974204426128506551e+00 1.431266159162778058e-02 4.320000000000000000e+05 1.047108584522433716e+01 1.239324371554128279e-01 1.324800000000000000e+06 -7.080123838744677656e+00
9.699999999999999734e-01 2.974384779588211902e+00 1.385629468102914097e-02 4.365000000000000000e+05 1.044201184628855117e+01 1.270310792625418128e-01 1.338600000000000000e+06 -7.080123838744677656e+00
9.799999999999999822e-01 2.973877253163522472e+00 1.425987231648394131e-02 4.410000000000000000e+05 1.043194916009349704e+01 1.307698042133959293e-01 1.352400000000000000e+06 -7.080123838744677656e+00
9.899999999999999911e-01 2.973469679983629987e+00 1.363783282410522407e-02 4.455000000000000000e+05 1.041685792774748265e+01 1.284011086336744045e-01 1.366200000000000000e+06 -7.080123838744677656e+00
1.000000000000000000e+00 2.973703555678033794e+00 1.375828011216081830e-02 4.500000000000000000e+05 1.042249670092356162e+01 1.272829860315613515e-01 1.380000000000000000e+06 -7.080123838744677656e+00
