1.000000000000000021e-02 3.965876400189729534e+00 1.342851341146876765e-01 3.000000000000000000e+03 9.941755750053685503e+00 1.079883288922454110e+00 9.200000000000000000e+03 -6.957543013407546439e+00
2.000000000000000042e-02 3.918064785647420223e+00 1.024108474279918635e-01 6.000000000000000000e+03 1.016380920021832424e+01 8.083075147869354105e-01 1.840000000000000000e+04 -6.957543013407546439e+00
2.999999999999999889e-02 3.873299871361678637e+00 8.479543009117715413e-02 9.000000000000000000e+03 1.050347073918311480e+01 7.272294423815746089e-01 2.760000000000000000e+04 -6.957543013407546439e+00
4.000000000000000083e-02 3.888727054460360488e+00 7.795364488922396085e-02 1.200000000000000000e+04 1.031439252114668825e+01 6.475888237968329131e-01 3.680000000000000000e+04 -6.957543013407546439e+00
5.000000000000000278e-02 3.856695650301169120e+00 6.749213141240449632e-02 1.500000000000000000e+04 1.042605654513658209e+01 6.126225488553671550e-01 4.600000000000000000e+04 -6.957543013407546439e+00
6.000000000000000472e-02 3.855992523803291938e+00 6.109772954826053065e-02 1.800000000000000000e+04 1.021725195857842117e+01 5.120412563308475162e-01 5.520000000000000000e+04 -6.957543013407546439e+00
6.999999999999999278e-02 3.824356850537002028e+00 5.970392996081429898e-02 2.098500000000000000e+04 1.002862994172186895e+01 4.860091858641457652e-01 6.435400000000000000e+04 -6.957543013407546439e+00
8.000000000000000167e-02 3.818726532884114011e+00 6.343050049124812628e-02 2.400000000000000000e+04 9.936561266734781128e+00 4.708240313590002502e-01 7.360000000000000000e+04 -6.957543013407546439e+00
8.999999999999999667e-02 3.817869822050762085e+00 6.149315766780968223e-02 2.700000000000000000e+04 9.990105841260740860e+00 4.610183302013326490e-01 8.280000000000000000e+04 -6.957543013407546439e+00
9.999999999999999167e-02 3.829687047324608962e+00 5.691039229259139270e-02 2.998500000000000000e+04 9.864220831837029024e+00 4.401591245966223753e-01 9.195400000000000000e+04 -6.957543013407546439e+00
1.100000000000000006e-01 3.824948278697493542e+00 6.213114169661707736e-02 3.300000000000000000e+04 9.898392262139497078e+00 4.094727466719610964e-01 1.012000000000000000e+05 -6.957543013407546439e+00
1.199999999999999956e-01 3.813032156421110042e+00 5.501625429584839494e-02 3.600000000000000000e+04 9.883880091589581696e+00 4.466630030101061410e-01 1.104000000000000000e+05 -6.957543013407546439e+00
1.300000000000000044e-01 3.839805957465594943e+00 5.917560546048643288e-02 3.900000000000000000e+04 9.840490431203361865e+00 4.123021942399555662e-01 1.196000000000000000e+05 -6.957543013407546439e+00
1.400000000000000133e-01 3.848964919644856320e+00 5.917667791346326034e-02 4.200000000000000000e+04 9.891944206197615941e+00 4.234013836794876529e-01 1.288000000000000000e+05 -6.957543013407546439e+00
1.500000000000000222e-01 3.847210054389221145e+00 5.327976367762148058e-02 4.500000000000000000e+04 9.840992042503643233e+00 4.217054153022787299e-01 1.380000000000000000e+05 -6.957543013407546439e+00
1.600000000000000033e-01 3.837800832904849635e+00 5.206841757501262657e-02 4.800000000000000000e+04 9.797269121798576563e+00 4.296681144810052810e-01 1.472000000000000000e+05 -6.957543013407546439e+00
1.700000000000000122e-01 3.822959419779968115e+00 5.689985377688627083e-02 5.100000000000000000e+04 9.826384178043420903e+00 4.396246360616422044e-01 1.564000000000000000e+05 -6.957543013407546439e+00
1.800000000000000211e-01 3.836757999400617347e+00 5.398884564899329719e-02 5.400000000000000000e+04 9.864742092848480581e+00 4.056199896519266934e-01 1.656000000000000000e+05 -6.957543013407546439e+00
1.900000000000000022e-01 3.839420905804841855e+00 5.011713276849517201e-02 5.700000000000000000e+04 9.871574608215611946e+00 4.128003753822180322e-01 1.748000000000000000e+05 -6.957543013407546439e+00
2.000000000000000111e-01 3.837017246609792931e+00 4.679807602621428864e-02 6.000000000000000000e+04 9.954852916936967944e+00 3.845802668680413094e-01 1.840000000000000000e+05 -6.957543013407546439e+00
2.100000000000000200e-01 3.833449864611826463e+00 4.934832720680670110e-02 6.300000000000000000e+04 9.946329037602703593e+00 3.933008287198317410e-01 1.932000000000000000e+05 -6.957543013407546439e+00
2.200000000000000011e-01 3.821786765324376667e+00 4.824757170929086514e-02 6.600000000000000000e+04 9.946954293810687631e+00 3.927292409464017142e-01 2.024000000000000000e+05 -6.957543013407546439e+00
2.300000000000000100e-01 3.810455819207497541e+00 4.878373505311539571e-02 6.900000000000000000e+04 9.923291768752383391e+00 4.226598538549489747e-01 2.116000000000000000e+05 -6.957543013407546439e+00
2.400000000000000189e-01 3.809507053988820946e+00 4.618230134878102688e-02 7.200000000000000000e+04 9.814853988736540913e+00 4.143485950993464062e-01 2.208000000000000000e+05 -6.957543013407546439e+00
2.500000000000000000e-01 3.806223211702406850e+00 4.337392609142467353e-02 7.500000000000000000e+04 9.877815294734290319e+00 3.829265972099312187e-01 2.300000000000000000e+05 -6.957543013407546439e+00
2.600000000000000089e-01 3.803611774776558097e+00 4.562367098032650559e-02 7.800000000000000000e+04 9.798884356426716735e+00 3.557521344109330630e-01 2.392000000000000000e+05 -6.957543013407546439e+00
2.700000000000000178e-01 3.807859117172053054e+00 4.120531660952660158e-02 8.100000000000000000e+04 9.856714256348267256e+00 3.601272156138010105e-01 2.484000000000000000e+05 -6.957543013407546439e+00
2.800000000000000266e-01 3.797509172798857247e+00 4.117561890831267918e-02 8.400000000000000000e+04 9.719676930586262031e+00 3.596852318527519743e-01 2.576000000000000000e+05 -6.957543013407546439e+00
2.900000000000000355e-01 3.792159122344323841e+00 4.199355831871498523e-02 8.700000000000000000e+04 9.724751507233289516e+00 3.603156225855129735e-01 2.668000000000000000e+05 -6.957543013407546439e+00
2.999999999999999889e-01 3.786014953969703889e+00 4.153330321423698984e-02 9.000000000000000000e+04 9.753872384229314463e+00 3.376416304518680689e-01 2.760000000000000000e+05 -6.957543013407546439e+00
3.099999999999999978e-01 3.781639981405783058e+00 3.883202584771648647e-02 9.300000000000000000e+04 9.763725571703911754e+00 3.619543008511927340e-01 2.852000000000000000e+05 -6.957543013407546439e+00
3.200000000000000067e-01 3.779729448474879128e+00 4.092294466428353372e-02 9.600000000000000000e+04 9.814787676241651937e+00 3.443627880782242356e-01 2.944000000000000000e+05 -6.957543013407546439e+00
3.300000000000000155e-01 3.783959590906142534e+00 4.041987331639483594e-02 9.900000000000000000e+04 9.797020374783787844e+00 3.457100393890963907e-01 3.036000000000000000e+05 -6.957543013407546439e+00
3.400000000000000244e-01 3.775270804451456019e+00 3.741311043004971748e-02 1.020000000000000000e+05 9.740056018072403177e+00 3.667059137404623526e-01 3.128000000000000000e+05 -6.957543013407546439e+00
3.500000000000000333e-01 3.774400619058452477e+00 3.703441398240139154e-02 1.050000000000000000e+05 9.731931518548408988e+00 3.286393464832408351e-01 3.220000000000000000e+05 -6.957543013407546439e+00
3.600000000000000422e-01 3.766250712663258948e+00 3.716185861089594394e-02 1.080000000000000000e+05 9.727921447235713615e+00 3.293744975120768692e-01 3.312000000000000000e+05 -6.957543013407546439e+00
3.699999999999999956e-01 3.767160410901472467e+00 3.533150403654262972e-02 1.110000000000000000e+05 9.689000183050128001e+00 3.106829766929129488e-01 3.404000000000000000e+05 -6.957543013407546439e+00
3.800000000000000044e-01 3.765885736312082788e+00 3.441903977962024186e-02 1.140000000000000000e+05 9.762216732573552491e+00 2.918287819791285931e-01 3.496000000000000000e+05 -6.957543013407546439e+00
3.900000000000000133e-01 3.765521522771082541e+00 3.603596580899758733e-02 1.170000000000000000e+05 9.784804701880467803e+00 2.796343127782841553e-01 3.588000000000000000e+05 -6.957543013407546439e+00
4.000000000000000222e-01 3.767306678165869727e+00 3.535107842131313821e-02 1.200000000000000000e+05 9.778441805996381575e+00 2.849443388169683455e-01 3.680000000000000000e+05 -6.957543013407546439e+00
4.100000000000000311e-01 3.771788329085386859e+00 3.410154163671126615e-02 1.230000000000000000e+05 9.794407561813191165e+00 2.816100631757338935e-01 3.772000000000000000e+05 -6.957543013407546439e+00
4.200000000000000400e-01 3.778279506386474917e+00 3.502707805027246296e-02 1.260000000000000000e+05 9.761698662644699098e+00 2.897278146866765214e-01 3.864000000000000000e+05 -6.957543013407546439e+00
4.299999999999999933e-01 3.773969349340950963e+00 3.482027310006088200e-02 1.290000000000000000e+05 9.743395820409448405e+00 2.684360688662743577e-01 3.956000000000000000e+05 -6.957543013407546439e+00
4.400000000000000022e-01 3.773483082230357333e+00 3.793941534410665006e-02 1.320000000000000000e+05 9.779338914194795507e+00 2.740314102928539941e-01 4.048000000000000000e+05 -6.957543013407546439e+00
4.500000000000000111e-01 3.774991650210831828e+00 3.505687018446444758e-02 1.350000000000000000e+05 9.736410898078196041e+00 2.817433140783804357e-01 4.140000000000000000e+05 -6.957543013407546439e+00
4.600000000000000200e-01 3.775196120108256004e+00 3.530622185492243714e-02 1.380000000000000000e+05 9.774974495847251532e+00 2.857266248942727516e-01 4.232000000000000000e+05 -6.957543013407546439e+00
4.700000000000000289e-01 3.772259892639083567e+00 3.808167893511892749e-02 1.410000000000000000e+05 9.809324522509836441e+00 2.795839578644612744e-01 4.324000000000000000e+05 -6.957543013407546439e+00
4.800000000000000377e-01 3.773525947630383737e+00 3.786430902993323522e-02 1.440000000000000000e+05 9.788457353351386558e+00 2.783334235625443687e-01 4.416000000000000000e+05 -6.957543013407546439e+00
4.899999999999999911e-01 3.776041414129394092e+00 3.733354860650255069e-02 1.470000000000000000e+05 9.766013599396112355e+00 2.785835782957685747e-01 4.508000000000000000e+05 -6.957543013407546439e+00
5.000000000000000000e-01 3.776798328097203949e+00 3.620168240735298359e-02 1.500000000000000000e+05 9.730482256649040096e+00 2.668355985482439574e-01 4.600000000000000000e+05 -6.957543013407546439e+00
5.100000000000000089e-01 3.780812761057140925e+00 3.658186384090923032e-02 1.530000000000000000e+05 9.752351305344889809e+00 2.596320867042026248e-01 4.692000000000000000e+05 -6.957543013407546439e+00
5.200000000000000178e-01 3.788123377050035767e+00 3.475386654089818173e-02 1.560000000000000000e+05 9.782124372732067030e+00 2.524631999102934232e-01 4.784000000000000000e+05 -6.957543013407546439e+00
5.300000000000000266e-01 3.791733780195641668e+00 3.576623053267153490e-02 1.590000000000000000e+05 9.837035347492316006e+00 2.559286689703469397e-01 4.876000000000000000e+05 -6.957543013407546439e+00
5.400000000000000355e-01 3.796101431727028075e+00 3.696407611943982457e-02 1.620000000000000000e+05 9.876706340738772738e+00 2.404530596436998124e-01 4.968000000000000000e+05 -6.957543013407546439e+00
5.500000000000000444e-01 3.796227997442831015e+00 3.879805101472778850e-02 1.650000000000000000e+05 9.900318432375941669e+00 2.410712680716262379e-01 5.060000000000000000e+05 -6.957543013407546439e+00
5.600000000000000533e-01 3.794638965023747978e+00 4.038774812955064908e-02 1.680000000000000000e+05 9.914205814510877346e+00 2.423322174842868215e-01 5.152000000000000000e+05 -6.957543013407546439e+00
5.700000000000000622e-01 3.801797181327513542e+00 3.662408206294921059e-02 1.710000000000000000e+05 9.932361334852997103e+00 2.492768397528956348e-01 5.244000000000000000e+05 -6.957543013407546439e+00
5.800000000000000711e-01 3.801045068439358410e+00 3.936541612146400582e-02 1.740000000000000000e+05 9.927285215839464882e+00 2.397433409107586622e-01 5.336000000000000000e+05 -6.957543013407546439e+00
5.899999999999999689e-01 3.804828169948679228e+00 3.610154921249260351e-02 1.770000000000000000e+05 9.965983904775493230e+00 2.266896677375228875e-01 5.428000000000000000e+05 -6.957543013407546439e+00
5.999999999999999778e-01 3.802915412480769586e+00 3.613587991539180672e-02 1.800000000000000000e+05 9.943326743519172339e+00 2.333890090892847824e-01 5.520000000000000000e+05 -6.957543013407546439e+00
6.099999999999999867e-01 3.804844177116115223e+00 3.303942706064304236e-02 1.830000000000000000e+05 9.948894342700345561e+00 2.336151805586971775e-01 5.612000000000000000e+05 -6.957543013407546439e+00
6.199999999999999956e-01 3.804001028657192585e+00 3.109534073873887472e-02 1.860000000000000000e+05 9.948009999378024659e+00 2.192990267926661074e-01 5.704000000000000000e+05 -6.957543013407546439e+00
6.300000000000000044e-01 3.804794418989263516e+00 3.479867929065953713e-02 1.890000000000000000e+05 9.942347210042317585e+00 2.331198377160914326e-01 5.796000000000000000e+05 -6.957543013407546439e+00
6.400000000000000133e-01 3.805741792878166052e+00 3.360734566424878472e-02 1.920000000000000000e+05 9.940688632805498415e+00 2.327249201405791890e-01 5.888000000000000000e+05 -6.957543013407546439e+00
6.500000000000000222e-01 3.801337709841801971e+00 3.155028925222948949e-02 1.950000000000000000e+05 9.939097442434519536e+00 2.284861334494898699e-01 5.980000000000000000e+05 -6.957543013407546439e+00
6.600000000000000311e-01 3.802305877382884169e+00 3.198939073496046698e-02 1.980000000000000000e+05 9.963772152086134426e+00 2.233250675184056122e-01 6.072000000000000000e+05 -6.957543013407546439e+00
6.700000000000000400e-01 3.808195808918622305e+00 3.031481377187578846e-02 2.010000000000000000e+05 9.981896064449308881e+00 2.282510128381253778e-01 6.164000000000000000e+05 -6.957543013407546439e+00
6.800000000000000488e-01 3.807038749576630909e+00 3.043068857424547496e-02 2.040000000000000000e+05 9.969294056711783369e+00 2.157824514603685351e-01 6.256000000000000000e+05 -6.957543013407546439e+00
6.900000000000000577e-01 3.807302344797677485e+00 3.077596380083337871e-02 2.070000000000000000e+05 9.965236818252506623e+00 2.305768868313196052e-01 6.348000000000000000e+05 -6.957543013407546439e+00
7.000000000000000666e-01 3.804113976804181174e+00 2.978562385877304292e-02 2.100000000000000000e+05 9.927300080301170837e+00 2.236309812870766744e-01 6.440000000000000000e+05 -6.957543013407546439e+00
7.100000000000000755e-01 3.805414072280621340e+00 2.991682127515867679e-02 2.130000000000000000e+05 9.944685533631410834e+00 2.085473222961853335e-01 6.532000000000000000e+05 -6.957543013407546439e+00
7.199999999999999734e-01 3.807477537133161949e+00 3.166506684216151973e-02 2.160000000000000000e+05 9.929739110771553356e+00 2.183628525149824973e-01 6.624000000000000000e+05 -6.957543013407546439e+00
7.299999999999999822e-01 3.810022025799164158e+00 3.081909486297646286e-02 2.190000000000000000e+05 9.930202228802510689e+00 2.114535666467897423e-01 6.716000000000000000e+05 -6.957543013407546439e+00
7.399999999999999911e-01 3.809928277202732527e+00 3.126641549258621366e-02 2.220000000000000000e+05 9.910978677912236634e+00 2.223664023153912594e-01 6.808000000000000000e+05 -6.957543013407546439e+00
7.500000000000000000e-01 3.812950049954517251e+00 3.199071401953487714e-02 2.250000000000000000e+05 9.908031863995386601e+00 2.098561161623246074e-01 6.900000000000000000e+05 -6.957543013407546439e+00
7.600000000000000089e-01 3.810694750467792602e+00 3.094409557422890880e-02 2.280000000000000000e+05 9.876606901065013489e+00 2.179967540963379247e-01 6.992000000000000000e+05 -6.957543013407546439e+00
7.700000000000000178e-01 3.809124018691989466e+00 3.086721514681164263e-02 2.310000000000000000e+05 9.877207392726351287e+00 2.037452437026206764e-01 7.084000000000000000e+05 -6.957543013407546439e+00
7.800000000000000266e-01 3.808608863697460656e+00 3.024332458142436550e-02 2.340000000000000000e+05 9.892927316760394163e+00 2.058404573654757097e-01 7.176000000000000000e+05 -6.957543013407546439e+00
7.900000000000000355e-01 3.808079122169376163e+00 2.808150782592039318e-02 2.370000000000000000e+05 9.884819909979263741e+00 1.994847207494730712e-01 7.268000000000000000e+05 -6.957543013407546439e+00
8.000000000000000444e-01 3.804927186959073726e+00 2.871406423569661248e-02 2.400000000000000000e+05 9.886723247364269440e+00 1.998976548758029104e-01 7.360000000000000000e+05 -6.957543013407546439e+00
8.100000000000000533e-01 3.806071063666723209e+00 2.898460322394512748e-02 2.430000000000000000e+05 9.895634492141853755e+00 1.933231854614438638e-01 7.452000000000000000e+05 -6.957543013407546439e+00
8.200000000000000622e-01 3.806455128210703975e+00 2.959666064382702327e-02 2.460000000000000000e+05 9.896790301631375186e+00 2.023115455592351952e-01 7.544000000000000000e+05 -6.957543013407546439e+00
8.300000000000000711e-01 3.805756723963341415e+00 3.042994430608129269e-02 2.490000000000000000e+05 9.904811396666499235e+00 1.994425329443312300e-01 7.636000000000000000e+05 -6.957543013407546439e+00
8.400000000000000799e-01 3.804047795447854874e+00 2.856969472461583573e-02 2.520000000000000000e+05 9.932117333696645289e+00 1.997181504872088953e-01 7.728000000000000000e+05 -6.957543013407546439e+00
8.499999999999999778e-01 3.802151780633034051e+00 2.982158954999477099e-02 2.550000000000000000e+05 9.957122077088939704e+00 2.107720292729230172e-01 7.820000000000000000e+05 -6.957543013407546439e+00
8.599999999999999867e-01 3.802661806401332445e+00 2.858957385691511879e-02 2.580000000000000000e+05 9.943416562050067853e+00 2.011819390285619069e-01 7.912000000000000000e+05 -6.957543013407546439e+00
8.699999999999999956e-01 3.800477909138291199e+00 2.960535562151790645e-02 2.610000000000000000e+05 9.948012959771643793e+00 1.892456189898491792e-01 8.004000000000000000e+05 -6.957543013407546439e+00
8.800000000000000044e-01 3.806070850971058572e+00 2.827675030264239706e-02 2.640000000000000000e+05 9.964511231100916078e+00 1.888370704144749779e-01 8.096000000000000000e+05 -6.957543013407546439e+00
8.900000000000000133e-01 3.802739013455293637e+00 2.919409506256115047e-02 2.670000000000000000e+05 9.976219838383087790e+00 1.844311926658399048e-01 8.188000000000000000e+05 -6.957543013407546439e+00
9.000000000000000222e-01 3.800628644171180959e+00 2.834526861480018284e-02 2.700000000000000000e+05 9.992328506806618549e+00 1.877160876461736461e-01 8.280000000000000000e+05 -6.957543013407546439e+00
9.100000000000000311e-01 3.801653362570969641e+00 2.765667601211302742e-02 2.730000000000000000e+05 9.991510406787277532e+00 1.752509281111002404e-01 8.372000000000000000e+05 -6.957543013407546439e+00
9.200000000000000400e-01 3.802018870950729212e+00 2.851527535452469744e-02 2.760000000000000000e+05 9.991057115814795608e+00 1.836495503549139263e-01 8.464000000000000000e+05 -6.957543013407546439e+00
9.300000000000000488e-01 3.806262518677421713e+00 2.907132627414942688e-02 2.790000000000000000e+05 9.995829728812450909e+00 1.789946132201915563e-01 8.556000000000000000e+05 -6.957543013407546439e+00
9.400000000000000577e-01 3.807688396291739164e+00 2.819607785691160759e-02 2.820000000000000000e+05 9.978820791066420171e+00 1.858969489710028122e-01 8.648000000000000000e+05 -6.957543013407546439e+00
9.500000000000000666e-01 3.808226584016694449e+00 2.667080081449265186e-02 2.850000000000000000e+05 9.991513486301030866e+00 1.896326463271134355e-01 8.740000000000000000e+05 -6.957543013407546439e+00
9.600000000000000755e-01 3.808989720663372491e+00 2.649753909965933338e-02 2.880000000000000000e+05 9.995216632924289968e+00 1.816343477564149045e-01 8.832000000000000000e+05 -6.957543013407546439e+00
9.699999999999999734e-01 3.805944155950192087e+00 2.664976392884932030e-02 2.910000000000000000e+05 9.998521270624188162e+00 1.827364382492555894e-01 8.924000000000000000e+05 -6.957543013407546439e+00
9.799999999999999822e-01 3.803482292286405997e+00 2.622997301254611016e-02 2.940000000000000000e+05 1.001784055034877419e+01 1.773491112499841482e-01 9.016000000000000000e+05 -6.957543013407546439e+00
9.899999999999999911e-01 3.803137243583445848e+00 2.658930892646285682e-02 2.970000000000000000e+05 1.002159126421650548e+01 1.802979966972765025e-01 9.108000000000000000e+05 -6.957543013407546439e+00
1.000000000000000000e+00 3.802600852047400615e+00 2.498878449384901376e-02 3.000000000000000000e+05 1.002146865296608347e+01 1.710353473185379225e-01 9.200000000000000000e+05 -6.957543013407546439e+00
