1.000000000000000021e-02 3.857269106524000346e+00 1.350718795904723157e-01 1.500000000000000000e+03 1.206725731895497411e+01 1.003696359266345040e+00 4.600000000000000000e+03 -6.959707034926449154e+00
2.000000000000000042e-02 3.792322062835125518e+00 1.005638566159993974e-01 3.000000000000000000e+03 1.109442871815683240e+01 7.233824430098261260e-01 9.200000000000000000e+03 -6.959707034926449154e+00
2.999999999999999889e-02 3.788671441893944003e+00 9.702290485907547057e-02 4.500000000000000000e+03 1.046588808733778997e+01 6.538871198495338488e-01 1.380000000000000000e+04 -6.959707034926449154e+00
4.000000000000000083e-02 3.837742021434008777e+00 8.278574119195714065e-02 6.000000000000000000e+03 9.624430075235071769e+00 5.598060364029866509e-01 1.840000000000000000e+04 -6.959707034926449154e+00
5.000000000000000278e-02 3.864976788504956851e+00 7.749679115761931580e-02 7.500000000000000000e+03 9.582914163834274746e+00 5.054108803800090310e-01 2.300000000000000000e+04 -6.959707034926449154e+00
6.000000000000000472e-02 3.826364192126814334e+00 6.802748425468130300e-02 9.000000000000000000e+03 9.413316743895453698e+00 4.283684639226509883e-01 2.760000000000000000e+04 -6.959707034926449154e+00
6.999999999999999278e-02 3.792936439898574097e+00 6.941147824523301313e-02 1.048500000000000000e+04 9.610511197608003542e+00 4.330979796726567299e-01 3.215400000000000000e+04 -6.959707034926449154e+00
8.000000000000000167e-02 3.793199547801041849e+00 6.505845756622818943e-02 1.200000000000000000e+04 9.775938455998515408e+00 4.144010476819330879e-01 3.680000000000000000e+04 -6.959707034926449154e+00
8.999999999999999667e-02 3.791612291719687278e+00 6.384916732343171031e-02 1.350000000000000000e+04 9.693393745323902522e+00 3.759168060421657631e-01 4.140000000000000000e+04 -6.959707034926449154e+00
9.999999999999999167e-02 3.775986531212257358e+00 6.414850544121908360e-02 1.498500000000000000e+04 9.680096872630517879e+00 3.406587092769567948e-01 4.595400000000000000e+04 -6.959707034926449154e+00
1.100000000000000006e-01 3.731415318384881274e+00 5.658570664962418034e-02 1.650000000000000000e+04 9.667856603332806387e+00 3.461634881304426203e-01 5.060000000000000000e+04 -6.959707034926449154e+00
1.199999999999999956e-01 3.708216156379288808e+00 5.870532549794982985e-02 1.800000000000000000e+04 9.608720943141955573e+00 3.229112899151866389e-01 5.520000000000000000e+04 -6.959707034926449154e+00
1.300000000000000044e-01 3.703005499435002346e+00 5.699087659496365060e-02 1.950000000000000000e+04 9.571976678407102312e+00 3.253726245522988725e-01 5.980000000000000000e+04 -6.959707034926449154e+00
1.400000000000000133e-01 3.694292876511863000e+00 5.583185611158714839e-02 2.100000000000000000e+04 9.708534037539420680e+00 3.258916177708533479e-01 6.440000000000000000e+04 -6.959707034926449154e+00
1.500000000000000222e-01 3.709169812124642363e+00 5.451844643452369993e-02 2.250000000000000000e+04 9.754838958504695512e+00 3.201378094340249225e-01 6.900000000000000000e+04 -6.959707034926449154e+00
1.600000000000000033e-01 3.722915151190371308e+00 4.862421985307335132e-02 2.400000000000000000e+04 9.670014562434785077e+00 3.042483663307778974e-01 7.360000000000000000e+04 -6.959707034926449154e+00
1.700000000000000122e-01 3.704799770235112089e+00 5.016467637531682455e-02 2.550000000000000000e+04 9.790047430640818504e+00 2.926350668068256056e-01 7.820000000000000000e+04 -6.959707034926449154e+00
1.800000000000000211e-01 3.704661900762452387e+00 4.999710917044616204e-02 2.700000000000000000e+04 9.724741179243109102e+00 2.950759945991620059e-01 8.280000000000000000e+04 -6.959707034926449154e+00
1.900000000000000022e-01 3.712861100994370389e+00 4.918027666207516746e-02 2.850000000000000000e+04 9.631801255955021901e+00 2.926195044393496425e-01 8.740000000000000000e+04 -6.959707034926449154e+00
2.000000000000000111e-01 3.712797019940346832e+00 4.903034698610388847e-02 3.000000000000000000e+04 9.655447612959850545e+00 2.817927296044351881e-01 9.200000000000000000e+04 -6.959707034926449154e+00
2.100000000000000200e-01 3.714630483651655268e+00 4.449570195843024351e-02 3.150000000000000000e+04 9.543617551796900855e+00 2.704255804830940635e-01 9.660000000000000000e+04 -6.959707034926449154e+00
2.200000000000000011e-01 3.720838921860165627e+00 4.659552558071938105e-02 3.300000000000000000e+04 9.511484180776665909e+00 2.634566894225516820e-01 1.012000000000000000e+05 -6.959707034926449154e+00
2.300000000000000100e-01 3.716913484395566236e+00 4.661625540149849645e-02 3.450000000000000000e+04 9.520590879317259336e+00 2.676432100096589606e-01 1.058000000000000000e+05 -6.959707034926449154e+00
2.400000000000000189e-01 3.713843800081840563e+00 4.751917915727540270e-02 3.600000000000000000e+04 9.519283766271620095e+00 2.526310366046188305e-01 1.104000000000000000e+05 -6.959707034926449154e+00
2.500000000000000000e-01 3.713089847791631648e+00 4.688592926281201501e-02 3.750000000000000000e+04 9.635082893942827909e+00 2.511971680291701370e-01 1.150000000000000000e+05 -6.959707034926449154e+00
2.600000000000000089e-01 3.714928781986089668e+00 4.507831247167857353e-02 3.900000000000000000e+04 9.644298863904733565e+00 2.590195079175622306e-01 1.196000000000000000e+05 -6.959707034926449154e+00
2.700000000000000178e-01 3.715443604546909473e+00 4.445245721093761537e-02 4.050000000000000000e+04 9.631786268968955511e+00 2.576284895643112804e-01 1.242000000000000000e+05 -6.959707034926449154e+00
2.800000000000000266e-01 3.722621868141628099e+00 4.250884198542706494e-02 4.200000000000000000e+04 9.675214860328397393e+00 2.493971691386196454e-01 1.288000000000000000e+05 -6.959707034926449154e+00
2.900000000000000355e-01 3.725501231906047650e+00 4.058344832099453764e-02 4.350000000000000000e+04 9.700738519749698696e+00 2.456992246025943016e-01 1.334000000000000000e+05 -6.959707034926449154e+00
2.999999999999999889e-01 3.726866574473224780e+00 4.029622481860339195e-02 4.500000000000000000e+04 9.714085417934592570e+00 2.446404048495927630e-01 1.380000000000000000e+05 -6.959707034926449154e+00
3.099999999999999978e-01 3.724226551082557624e+00 4.182653061741974793e-02 4.650000000000000000e+04 9.774613356843829592e+00 2.459774399152280522e-01 1.426000000000000000e+05 -6.959707034926449154e+00
3.200000000000000067e-01 3.729708747015044512e+00 4.105402553592071846e-02 4.800000000000000000e+04 9.807554161035236362e+00 2.429401616582168577e-01 1.472000000000000000e+05 -6.959707034926449154e+00
3.300000000000000155e-01 3.737811312840908951e+00 4.003238661518253999e-02 4.950000000000000000e+04 9.899612415961653866e+00 2.415459383315019248e-01 1.518000000000000000e+05 -6.959707034926449154e+00
3.400000000000000244e-01 3.743004821473713939e+00 3.719649947618389185e-02 5.100000000000000000e+04 9.963462155488295835e+00 2.442700286942278975e-01 1.564000000000000000e+05 -6.959707034926449154e+00
3.500000000000000333e-01 3.752685821450442383e+00 3.685307168461786353e-02 5.250000000000000000e+04 9.960192654380895405e+00 2.452967795525607397e-01 1.610000000000000000e+05 -6.959707034926449154e+00
3.600000000000000422e-01 3.756320900955875342e+00 3.784122445610691582e-02 5.400000000000000000e+04 9.945483363030595214e+00 2.399522839944786823e-01 1.656000000000000000e+05 -6.959707034926449154e+00
3.699999999999999956e-01 3.760121285259583779e+00 3.732241306958423988e-02 5.550000000000000000e+04 9.916674757012033936e+00 2.382012125596737750e-01 1.702000000000000000e+05 -6.959707034926449154e+00
3.800000000000000044e-01 3.763618760217373183e+00 4.045907145078369432e-02 5.700000000000000000e+04 9.931433963772104079e+00 2.261114987166621682e-01 1.748000000000000000e+05 -6.959707034926449154e+00
3.900000000000000133e-01 3.760804454480972225e+00 3.769792172630132693e-02 5.850000000000000000e+04 9.995066994148684714e+00 2.235210312553531364e-01 1.794000000000000000e+05 -6.959707034926449154e+00
4.000000000000000222e-01 3.762751926507233335e+00 3.958894769731430285e-02 6.000000000000000000e+04 1.004611437381699268e+01 2.176191339631961541e-01 1.840000000000000000e+05 -6.959707034926449154e+00
4.100000000000000311e-01 3.760927773213002645e+00 3.776672378234163102e-02 6.150000000000000000e+04 1.004603805442309472e+01 2.101500715515309259e-01 1.886000000000000000e+05 -6.959707034926449154e+00
4.200000000000000400e-01 3.757568457514305127e+00 3.772751667064380698e-02 6.300000000000000000e+04 1.005143982293846783e+01 2.115031670496543004e-01 1.932000000000000000e+05 -6.959707034926449154e+00
4.299999999999999933e-01 3.756989684881129943e+00 3.724437118284931736e-02 6.450000000000000000e+04 1.001270670333881796e+01 2.110622677142173220e-01 1.978000000000000000e+05 -6.959707034926449154e+00
4.400000000000000022e-01 3.752909774791998387e+00 3.666740522765794125e-02 6.600000000000000000e+04 9.990941455685122818e+00 2.057184955491635769e-01 2.024000000000000000e+05 -6.959707034926449154e+00
4.500000000000000111e-01 3.753095942961889975e+00 3.688495561724391275e-02 6.750000000000000000e+04 1.000053911798379858e+01 2.018805104375606674e-01 2.070000000000000000e+05 -6.959707034926449154e+00
4.600000000000000200e-01 3.757880822945876442e+00 3.612282529901380407e-02 6.900000000000000000e+04 9.996377912330993709e+00 2.026511813418177821e-01 2.116000000000000000e+05 -6.959707034926449154e+00
4.700000000000000289e-01 3.762970669930575163e+00 3.673571860577609649e-02 7.050000000000000000e+04 1.000010913092887677e+01 2.028880912795609781e-01 2.162000000000000000e+05 -6.959707034926449154e+00
4.800000000000000377e-01 3.764249374541329463e+00 3.434862928795051618e-02 7.200000000000000000e+04 1.003404386701519080e+01 2.037702300521383181e-01 2.208000000000000000e+05 -6.959707034926449154e+00
4.899999999999999911e-01 3.773093055582104949e+00 3.502834927957357986e-02 7.350000000000000000e+04 1.007058672468749450e+01 2.035245268990644452e-01 2.254000000000000000e+05 -6.959707034926449154e+00
5.000000000000000000e-01 3.775528894082078146e+00 3.438985141304244653e-02 7.500000000000000000e+04 1.007565882531362789e+01 1.868758302699236040e-01 2.300000000000000000e+05 -6.959707034926449154e+00
5.100000000000000089e-01 3.779611088080769399e+00 3.510590570984472442e-02 7.650000000000000000e+04 1.006259161255783852e+01 1.950020145821254880e-01 2.346000000000000000e+05 -6.959707034926449154e+00
5.200000000000000178e-01 3.776262156654130120e+00 3.168586395031769420e-02 7.800000000000000000e+04 1.005404808357037538e+01 1.897246977568789184e-01 2.392000000000000000e+05 -6.959707034926449154e+00
5.300000000000000266e-01 3.776463801385748109e+00 3.209262844992078617e-02 7.950000000000000000e+04 1.006595248498389417e+01 1.878844790565162848e-01 2.438000000000000000e+05 -6.959707034926449154e+00
5.400000000000000355e-01 3.778236162013299815e+00 3.273185649405879055e-02 8.100000000000000000e+04 1.008887653498283399e+01 1.867523158779986758e-01 2.484000000000000000e+05 -6.959707034926449154e+00
5.500000000000000444e-01 3.779907960793941868e+00 3.313114011023573363e-02 8.250000000000000000e+04 1.011074173280226418e+01 1.864303357945167328e-01 2.530000000000000000e+05 -6.959707034926449154e+00
5.600000000000000533e-01 3.775961832176617072e+00 3.209831122246420421e-02 8.400000000000000000e+04 1.014427577783447099e+01 1.871775012830896590e-01 2.576000000000000000e+05 -6.959707034926449154e+00
5.700000000000000622e-01 3.770822781890003750e+00 3.144457997777461156e-02 8.550000000000000000e+04 1.017241797225383060e+01 1.851973414622036240e-01 2.622000000000000000e+05 -6.959707034926449154e+00
5.800000000000000711e-01 3.773107560541868910e+00 3.108881072273079332e-02 8.700000000000000000e+04 1.015011177727648572e+01 1.830149146893338685e-01 2.668000000000000000e+05 -6.959707034926449154e+00
5.899999999999999689e-01 3.771980058552556248e+00 3.217162479666843544e-02 8.850000000000000000e+04 1.018665184456139272e+01 1.788693455220186912e-01 2.714000000000000000e+05 -6.959707034926449154e+00
5.999999999999999778e-01 3.771529869794441936e+00 3.148343668834530790e-02 9.000000000000000000e+04 1.019300924949637022e+01 1.823872039961407787e-01 2.760000000000000000e+05 -6.959707034926449154e+00
6.099999999999999867e-01 3.771010495785602323e+00 3.087545250780954903e-02 9.150000000000000000e+04 1.016631283156002930e+01 1.777432865638596815e-01 2.806000000000000000e+05 -6.959707034926449154e+00
6.199999999999999956e-01 3.775550902329638081e+00 3.040571161018497046e-02 9.300000000000000000e+04 1.016197942183597824e+01 1.826959934963592047e-01 2.852000000000000000e+05 -6.959707034926449154e+00
6.300000000000000044e-01 3.777192588409074681e+00 3.085224496506768291e-02 9.450000000000000000e+04 1.016616672288975742e+01 1.797068268871713226e-01 2.898000000000000000e+05 -6.959707034926449154e+00
6.400000000000000133e-01 3.781020711428737080e+00 3.095160218111668235e-02 9.600000000000000000e+04 1.015855848342861911e+01 1.807796890361087205e-01 2.944000000000000000e+05 -6.959707034926449154e+00
6.500000000000000222e-01 3.777915701584726449e+00 3.171531403576365038e-02 9.750000000000000000e+04 1.015868091722328437e+01 1.788336163370267129e-01 2.990000000000000000e+05 -6.959707034926449154e+00
6.600000000000000311e-01 3.779989522933933976e+00 3.013640054236898028e-02 9.900000000000000000e+04 1.015148469025537104e+01 1.749345315922785637e-01 3.036000000000000000e+05 -6.959707034926449154e+00
6.700000000000000400e-01 3.780930143530312648e+00 3.027461061343201740e-02 1.005000000000000000e+05 1.015423686519191904e+01 1.758954722287272565e-01 3.082000000000000000e+05 -6.959707034926449154e+00
6.800000000000000488e-01 3.780440794834408091e+00 2.963028719269129863e-02 1.020000000000000000e+05 1.015388828338113925e+01 1.741091297190222320e-01 3.128000000000000000e+05 -6.959707034926449154e+00
6.900000000000000577e-01 3.780209282070748689e+00 2.926912465099329452e-02 1.035000000000000000e+05 1.011607515958559667e+01 1.708305450528609659e-01 3.174000000000000000e+05 -6.959707034926449154e+00
7.000000000000000666e-01 3.780901495588007588e+00 2.899696200399539542e-02 1.050000000000000000e+05 1.008129403972776572e+01 1.698027141827543052e-01 3.220000000000000000e+05 -6.959707034926449154e+00
7.100000000000000755e-01 3.782266195625912264e+00 2.910888499266743243e-02 1.065000000000000000e+05 1.007558489477083263e+01 1.708894801393286977e-01 3.266000000000000000e+05 -6.959707034926449154e+00
7.199999999999999734e-01 3.782532817498595268e+00 3.034361062472733933e-02 1.080000000000000000e+05 1.004354231053364366e+01 1.742574793998856453e-01 3.312000000000000000e+05 -6.959707034926449154e+00
7.299999999999999822e-01 3.783687680601891756e+00 2.988272741959985962e-02 1.095000000000000000e+05 1.000733409350954872e+01 1.755120008547588484e-01 3.358000000000000000e+05 -6.959707034926449154e+00
7.399999999999999911e-01 3.783670479595114600e+00 3.030027641326876395e-02 1.110000000000000000e+05 1.002993713382296370e+01 1.714062727540561493e-01 3.404000000000000000e+05 -6.959707034926449154e+00
7.500000000000000000e-01 3.782749131113861907e+00 2.873202932853317557e-02 1.125000000000000000e+05 1.001963124065878397e+01 1.722297596765846872e-01 3.450000000000000000e+05 -6.959707034926449154e+00
7.600000000000000089e-01 3.784490729624688576e+00 3.108019085596392880e-02 1.140000000000000000e+05 1.001426667078989929e+01 1.735783296436433365e-01 3.496000000000000000e+05 -6.959707034926449154e+00
7.700000000000000178e-01 3.786645288112857166e+00 2.807112294152674589e-02 1.155000000000000000e+05 1.002500254977226213e+01 1.678944055046185657e-01 3.542000000000000000e+05 -6.959707034926449154e+00
7.800000000000000266e-01 3.785892823866071399e+00 3.012863707396467444e-02 1.170000000000000000e+05 9.995121202461588084e+00 1.697564004177483099e-01 3.588000000000000000e+05 -6.959707034926449154e+00
7.900000000000000355e-01 3.784697595119490554e+00 3.012601248295911083e-02 1.185000000000000000e+05 9.963395217093328426e+00 1.704544742955927117e-01 3.634000000000000000e+05 -6.959707034926449154e+00
8.000000000000000444e-01 3.783103407200390844e+00 2.872753835020406057e-02 1.200000000000000000e+05 9.963124317862504853e+00 1.674435918770635079e-01 3.680000000000000000e+05 -6.959707034926449154e+00
8.100000000000000533e-01 3.779968786836815475e+00 2.840454973622293447e-02 1.215000000000000000e+05 9.978935744993751911e+00 1.637160570875137167e-01 3.726000000000000000e+05 -6.959707034926449154e+00
8.200000000000000622e-01 3.781764430695116808e+00 2.888407121421935134e-02 1.230000000000000000e+05 1.000079006717297148e+01 1.627022793820753210e-01 3.772000000000000000e+05 -6.959707034926449154e+00
8.300000000000000711e-01 3.781513113415190919e+00 2.919003528665475508e-02 1.245000000000000000e+05 1.001811135910877582e+01 1.687830744791061210e-01 3.818000000000000000e+05 -6.959707034926449154e+00
8.400000000000000799e-01 3.780627188546652029e+00 2.956310372203513337e-02 1.260000000000000000e+05 1.001360777448564576e+01 1.697523980516437436e-01 3.864000000000000000e+05 -6.959707034926449154e+00
8.499999999999999778e-01 3.778309328390909716e+00 2.951541262563396953e-02 1.275000000000000000e+05 1.001837077740019843e+01 1.689648203472108035e-01 3.910000000000000000e+05 -6.959707034926449154e+00
8.599999999999999867e-01 3.776718191941699221e+00 2.900903465696329231e-02 1.290000000000000000e+05 1.003587263068516222e+01 1.655371977652975168e-01 3.956000000000000000e+05 -6.959707034926449154e+00
8.699999999999999956e-01 3.777808993566357909e+00 2.856248726767697532e-02 1.305000000000000000e+05 1.003673798564026853e+01 1.619763846270776964e-01 4.002000000000000000e+05 -6.959707034926449154e+00
8.800000000000000044e-01 3.782239539025828989e+00 3.040755574361092908e-02 1.320000000000000000e+05 1.005123468829208200e+01 1.651285854159054989e-01 4.048000000000000000e+05 -6.959707034926449154e+00
8.900000000000000133e-01 3.782785794805544555e+00 2.953012604848483103e-02 1.335000000000000000e+05 1.008845948075389565e+01 1.613627503221342629e-01 4.094000000000000000e+05 -6.959707034926449154e+00
9.000000000000000222e-01 3.783200810130602054e+00 2.963579316147493814e-02 1.350000000000000000e+05 1.010608718927221261e+01 1.572617677480696308e-01 4.140000000000000000e+05 -6.959707034926449154e+00
9.100000000000000311e-01 3.783549728446260474e+00 2.911910847359180238e-02 1.365000000000000000e+05 1.005377547752987333e+01 1.559922449728801119e-01 4.186000000000000000e+05 -6.959707034926449154e+00
9.200000000000000400e-01 3.784483335833601636e+00 3.040294699230770836e-02 1.380000000000000000e+05 1.000887539357970368e+01 1.597837053415855912e-01 4.232000000000000000e+05 -6.959707034926449154e+00
9.300000000000000488e-01 3.786951272277026437e+00 2.913024030588589469e-02 1.395000000000000000e+05 9.993955480711356643e+00 1.619536350833640781e-01 4.278000000000000000e+05 -6.959707034926449154e+00
9.400000000000000577e-01 3.790655704220815991e+00 2.950567372417741210e-02 1.410000000000000000e+05 9.975293990289463508e+00 1.608307237448483029e-01 4.324000000000000000e+05 -6.959707034926449154e+00
9.500000000000000666e-01 3.794485021593109852e+00 2.971545279227592526e-02 1.425000000000000000e+05 9.972878232289945188e+00 1.577427039028319322e-01 4.370000000000000000e+05 -6.959707034926449154e+00
9.600000000000000755e-01 3.794744122036943779e+00 2.982615595745373438e-02 1.440000000000000000e+05 9.980110679050971711e+00 1.585615257702183145e-01 4.416000000000000000e+05 -6.959707034926449154e+00
9.699999999999999734e-01 3.794102329689192477e+00 3.024954845067588660e-02 1.455000000000000000e+05 9.996675248188696017e+00 1.545669453230222035e-01 4.462000000000000000e+05 -6.959707034926449154e+00
9.799999999999999822e-01 3.792492122252018039e+00 3.000449783586592312e-02 1.470000000000000000e+05 1.000343303031424824e+01 1.554709529774208898e-01 4.508000000000000000e+05 -6.959707034926449154e+00
9.899999999999999911e-01 3.792731478645208654e+00 2.916227057865925648e-02 1.485000000000000000e+05 1.000860857989688490e+01 1.526582016675557818e-01 4.554000000000000000e+05 -6.959707034926449154e+00
1.000000000000000000e+00 3.793008962282426122e+00 2.965852755147001252e-02 1.500000000000000000e+05 1.002446249933207234e+01 1.527296224643974742e-01 4.600000000000000000e+05 -6.959707034926449154e+00
