1.000000000000000021e-02 4.152320400091615404e+00 1.702048370106767072e-01 1.500000000000000000e+03 9.268884790194626078e+00 1.023007491452075035e+00 4.600000000000000000e+03 -7.160034219467988237e+00
2.000000000000000042e-02 3.977632154895797800e+00 1.145470080292447235e-01 3.000000000000000000e+03 9.058136082579149928e+00 7.130511769980549808e-01 9.200000000000000000e+03 -7.160034219467988237e+00
2.999999999999999889e-02 3.892998054082379422e+00 1.042987990227145917e-01 4.500000000000000000e+03 9.392840248813552506e+00 6.467131256406082329e-01 1.380000000000000000e+04 -7.160034219467988237e+00
4.000000000000000083e-02 3.852573195278863771e+00 9.234931261066865738e-02 6.000000000000000000e+03 9.305707431129571106e+00 5.194400079784662339e-01 1.840000000000000000e+04 -7.160034219467988237e+00
5.000000000000000278e-02 3.755071629225330110e+00 8.847217071042901004e-02 7.500000000000000000e+03 9.370308262867117932e+00 4.874136355471509474e-01 2.300000000000000000e+04 -7.160034219467988237e+00
6.000000000000000472e-02 3.717788798717304388e+00 8.063229656972566162e-02 9.000000000000000000e+03 9.673161114757432344e+00 4.188010497694043544e-01 2.760000000000000000e+04 -7.160034219467988237e+00
6.999999999999999278e-02 3.642357184230900380e+00 7.991055805628620445e-02 1.048500000000000000e+04 9.723797199196031471e+00 4.221751847644787392e-01 3.215400000000000000e+04 -7.160034219467988237e+00
8.000000000000000167e-02 3.608212973916869348e+00 7.507321448948248155e-02 1.200000000000000000e+04 9.610427994745363023e+00 3.817801666511297931e-01 3.680000000000000000e+04 -7.160034219467988237e+00
8.999999999999999667e-02 3.603332774327605570e+00 6.769335476394787443e-02 1.350000000000000000e+04 9.580693629449637427e+00 3.461361530721068780e-01 4.140000000000000000e+04 -7.160034219467988237e+00
9.999999999999999167e-02 3.618461511224644767e+00 6.551867777064790399e-02 1.498500000000000000e+04 9.494963485773961764e+00 3.280836496120558832e-01 4.595400000000000000e+04 -7.160034219467988237e+00
1.100000000000000006e-01 3.631005670777065486e+00 5.939951441941768856e-02 1.650000000000000000e+04 9.564542304606693079e+00 3.095485866810970266e-01 5.060000000000000000e+04 -7.160034219467988237e+00
1.199999999999999956e-01 3.624665370432618605e+00 6.112869697078787690e-02 1.800000000000000000e+04 9.655177501546003072e+00 2.962073465455685728e-01 5.520000000000000000e+04 -7.160034219467988237e+00
1.300000000000000044e-01 3.608797488778863638e+00 5.711922471733024698e-02 1.950000000000000000e+04 9.594941728389954960e+00 2.951306423407938362e-01 5.980000000000000000e+04 -7.160034219467988237e+00
1.400000000000000133e-01 3.581067804689841427e+00 5.576991631822899448e-02 2.100000000000000000e+04 9.651292221302311347e+00 2.976054408913447191e-01 6.440000000000000000e+04 -7.160034219467988237e+00
1.500000000000000222e-01 3.590749545840318468e+00 5.621352936966380470e-02 2.250000000000000000e+04 9.750115169420954686e+00 2.894786644193840242e-01 6.900000000000000000e+04 -7.160034219467988237e+00
1.600000000000000033e-01 3.581457578849403856e+00 5.163241346340917415e-02 2.400000000000000000e+04 9.848734806660413454e+00 2.780044543546401625e-01 7.360000000000000000e+04 -7.160034219467988237e+00
1.700000000000000122e-01 3.565593858961535023e+00 5.003964613795822830e-02 2.550000000000000000e+04 9.847614468316198355e+00 2.653824868679202642e-01 7.820000000000000000e+04 -7.160034219467988237e+00
1.800000000000000211e-01 3.559697207863551149e+00 4.763473735190058844e-02 2.700000000000000000e+04 9.834394131767528080e+00 2.523340880219761551e-01 8.280000000000000000e+04 -7.160034219467988237e+00
1.900000000000000022e-01 3.561424652318312400e+00 4.900122629183662620e-02 2.850000000000000000e+04 9.790461245346323338e+00 2.521729872348863477e-01 8.740000000000000000e+04 -7.160034219467988237e+00
2.000000000000000111e-01 3.548167757395614963e+00 4.313124544954440726e-02 3.000000000000000000e+04 9.759563683736773854e+00 2.444861287401036976e-01 9.200000000000000000e+04 -7.160034219467988237e+00
2.100000000000000200e-01 3.548819841951812215e+00 4.221380740099971163e-02 3.150000000000000000e+04 9.698684350176892011e+00 2.393738452677471318e-01 9.660000000000000000e+04 -7.160034219467988237e+00
2.200000000000000011e-01 3.555592964292802360e+00 4.461653222359045212e-02 3.300000000000000000e+04 9.686675893190658471e+00 2.418754264221996131e-01 1.012000000000000000e+05 -7.160034219467988237e+00
2.300000000000000100e-01 3.546134965989507393e+00 4.244802223492873811e-02 3.450000000000000000e+04 9.585459426981394415e+00 2.405704744103593085e-01 1.058000000000000000e+05 -7.160034219467988237e+00
2.400000000000000189e-01 3.547934222004389682e+00 4.231861148626436114e-02 3.600000000000000000e+04 9.651245055200963208e+00 2.223751704036775190e-01 1.104000000000000000e+05 -7.160034219467988237e+00
2.500000000000000000e-01 3.556348938222487543e+00 4.337095969064071188e-02 3.750000000000000000e+04 9.594076711250702161e+00 2.218416278138442832e-01 1.150000000000000000e+05 -7.160034219467988237e+00
2.600000000000000089e-01 3.558238548801484491e+00 4.386688190872117116e-02 3.900000000000000000e+04 9.509758645853633396e+00 2.144900134270671110e-01 1.196000000000000000e+05 -7.160034219467988237e+00
2.700000000000000178e-01 3.546730357231231867e+00 4.063055216716979917e-02 4.050000000000000000e+04 9.467563435413886452e+00 2.113737893156076020e-01 1.242000000000000000e+05 -7.160034219467988237e+00
2.800000000000000266e-01 3.549639557964439529e+00 3.839498086444839697e-02 4.200000000000000000e+04 9.503951812861096471e+00 2.028653072710414063e-01 1.288000000000000000e+05 -7.160034219467988237e+00
2.900000000000000355e-01 3.548994011722536257e+00 3.891947946733940317e-02 4.350000000000000000e+04 9.578994340965238052e+00 2.139724115054535414e-01 1.334000000000000000e+05 -7.160034219467988237e+00
2.999999999999999889e-01 3.535227117173872724e+00 3.814447786905006410e-02 4.500000000000000000e+04 9.607943136627984160e+00 2.041046030672840350e-01 1.380000000000000000e+05 -7.160034219467988237e+00
3.099999999999999978e-01 3.528423572117147078e+00 3.863562765753551786e-02 4.650000000000000000e+04 9.630020495119138602e+00 1.997436931706374208e-01 1.426000000000000000e+05 -7.160034219467988237e+00
3.200000000000000067e-01 3.531129520451654180e+00 3.743046040287269227e-02 4.800000000000000000e+04 9.577962698340229508e+00 1.943143761612564080e-01 1.472000000000000000e+05 -7.160034219467988237e+00
3.300000000000000155e-01 3.536773773071100635e+00 3.622842691325746378e-02 4.950000000000000000e+04 9.549521686060847614e+00 1.935150956646955467e-01 1.518000000000000000e+05 -7.160034219467988237e+00
3.400000000000000244e-01 3.538281664750383637e+00 3.729334786365073179e-02 5.100000000000000000e+04 9.561812548228303399e+00 1.918412730071494265e-01 1.564000000000000000e+05 -7.160034219467988237e+00
3.500000000000000333e-01 3.537267412902114216e+00 3.620099265924602017e-02 5.250000000000000000e+04 9.544576953601557889e+00 1.924351664342236201e-01 1.610000000000000000e+05 -7.160034219467988237e+00
3.600000000000000422e-01 3.541170983735112188e+00 3.648335862476943803e-02 5.400000000000000000e+04 9.534001553890071534e+00 1.895636851452469629e-01 1.656000000000000000e+05 -7.160034219467988237e+00
3.699999999999999956e-01 3.534116543289544499e+00 3.494561370106169518e-02 5.550000000000000000e+04 9.600117715152954645e+00 1.891458662411611702e-01 1.702000000000000000e+05 -7.160034219467988237e+00
3.800000000000000044e-01 3.532231742210156344e+00 3.438703429906975195e-02 5.700000000000000000e+04 9.569196777218696326e+00 1.791238374064161309e-01 1.748000000000000000e+05 -7.160034219467988237e+00
3.900000000000000133e-01 3.531145867067543964e+00 3.372446604250980279e-02 5.850000000000000000e+04 9.612536732724505484e+00 1.756643846767774741e-01 1.794000000000000000e+05 -7.160034219467988237e+00
4.000000000000000222e-01 3.526464492302066933e+00 3.513122754819295729e-02 6.000000000000000000e+04 9.661768825892860235e+00 1.802332126844685134e-01 1.840000000000000000e+05 -7.160034219467988237e+00
4.100000000000000311e-01 3.532528812536109619e+00 3.366395765122537354e-02 6.150000000000000000e+04 9.658028868500808883e+00 1.804373972399962445e-01 1.886000000000000000e+05 -7.160034219467988237e+00
4.200000000000000400e-01 3.536620248153989454e+00 3.206308212185437351e-02 6.300000000000000000e+04 9.674490408483039872e+00 1.786858126783128498e-01 1.932000000000000000e+05 -7.160034219467988237e+00
4.299999999999999933e-01 3.538105839235037298e+00 3.188573840126074366e-02 6.450000000000000000e+04 9.696138203478895434e+00 1.795357289213938001e-01 1.978000000000000000e+05 -7.160034219467988237e+00
4.400000000000000022e-01 3.534649078691030955e+00 3.239459188427770003e-02 6.600000000000000000e+04 9.699203644025997662e+00 1.818399609291814767e-01 2.024000000000000000e+05 -7.160034219467988237e+00
4.500000000000000111e-01 3.537237425232818921e+00 3.000405570018542176e-02 6.750000000000000000e+04 9.667008132598738257e+00 1.782942600574021208e-01 2.070000000000000000e+05 -7.160034219467988237e+00
4.600000000000000200e-01 3.541297068185459640e+00 3.081552027928193341e-02 6.900000000000000000e+04 9.614743592875727884e+00 1.771451617104982390e-01 2.116000000000000000e+05 -7.160034219467988237e+00
4.700000000000000289e-01 3.542440011935886091e+00 3.061890143089646479e-02 7.050000000000000000e+04 9.628797087454030290e+00 1.762876674347835793e-01 2.162000000000000000e+05 -7.160034219467988237e+00
4.800000000000000377e-01 3.545921938394723583e+00 2.940953528184154370e-02 7.200000000000000000e+04 9.601325961601034464e+00 1.807707708780331435e-01 2.208000000000000000e+05 -7.160034219467988237e+00
4.899999999999999911e-01 3.545115389316757959e+00 2.963490828207109365e-02 7.350000000000000000e+04 9.555043913838215275e+00 1.811055165972212389e-01 2.254000000000000000e+05 -7.160034219467988237e+00
5.000000000000000000e-01 3.544007088069561107e+00 3.006771797163006882e-02 7.500000000000000000e+04 9.567154738947499126e+00 1.753791742212906790e-01 2.300000000000000000e+05 -7.160034219467988237e+00
5.100000000000000089e-01 3.541299723082039108e+00 2.992240624030337651e-02 7.650000000000000000e+04 9.534362423006237819e+00 1.745794327699801696e-01 2.346000000000000000e+05 -7.160034219467988237e+00
5.200000000000000178e-01 3.538101131343049932e+00 2.929679662370885534e-02 7.800000000000000000e+04 9.505260745855471427e+00 1.715614872183196249e-01 2.392000000000000000e+05 -7.160034219467988237e+00
5.300000000000000266e-01 3.533861499060623412e+00 2.951836341443868708e-02 7.950000000000000000e+04 9.508984202838584920e+00 1.702909672418098930e-01 2.438000000000000000e+05 -7.160034219467988237e+00
5.400000000000000355e-01 3.535616630316918751e+00 2.998147175589174762e-02 8.100000000000000000e+04 9.558348814404139304e+00 1.673111946633342451e-01 2.484000000000000000e+05 -7.160034219467988237e+00
5.500000000000000444e-01 3.538872380295398301e+00 2.957177274362780481e-02 8.250000000000000000e+04 9.579269258770272799e+00 1.659471945255160952e-01 2.530000000000000000e+05 -7.160034219467988237e+00
5.600000000000000533e-01 3.539390431926555003e+00 2.968189437384533003e-02 8.400000000000000000e+04 9.609739330563707327e+00 1.650793917071954331e-01 2.576000000000000000e+05 -7.160034219467988237e+00
5.700000000000000622e-01 3.534311770501257666e+00 2.733496576425708743e-02 8.550000000000000000e+04 9.599594725306271670e+00 1.613741600888988215e-01 2.622000000000000000e+05 -7.160034219467988237e+00
5.800000000000000711e-01 3.533694815233795694e+00 2.748785776533148317e-02 8.700000000000000000e+04 9.591949391136324721e+00 1.588957892048263876e-01 2.668000000000000000e+05 -7.160034219467988237e+00
5.899999999999999689e-01 3.534834050659437565e+00 2.679145346690408810e-02 8.850000000000000000e+04 9.585817195958801662e+00 1.601347466332896097e-01 2.714000000000000000e+05 -7.160034219467988237e+00
5.999999999999999778e-01 3.536382930692521853e+00 2.714286242829654083e-02 9.000000000000000000e+04 9.576305229454261436e+00 1.597211982162873023e-01 2.760000000000000000e+05 -7.160034219467988237e+00
6.099999999999999867e-01 3.530372033106711882e+00 2.734364259868270544e-02 9.150000000000000000e+04 9.568098207191297888e+00 1.576720857315642432e-01 2.806000000000000000e+05 -7.160034219467988237e+00
6.199999999999999956e-01 3.529147409093746024e+00 2.852891631291293306e-02 9.300000000000000000e+04 9.581828889611660571e+00 1.546091279735490598e-01 2.852000000000000000e+05 -7.160034219467988237e+00
6.300000000000000044e-01 3.531102210063985058e+00 2.766798210271829636e-02 9.450000000000000000e+04 9.568524491563129786e+00 1.587831839241358456e-01 2.898000000000000000e+05 -7.160034219467988237e+00
6.400000000000000133e-01 3.530153825605080620e+00 2.753168093935227587e-02 9.600000000000000000e+04 9.583131449487746423e+00 1.595391460314480592e-01 2.944000000000000000e+05 -7.160034219467988237e+00
6.500000000000000222e-01 3.530903562002609242e+00 2.773023977850827201e-02 9.750000000000000000e+04 9.582188142464262981e+00 1.624233590106005931e-01 2.990000000000000000e+05 -7.160034219467988237e+00
6.600000000000000311e-01 3.529697260658260394e+00 2.742595507084066159e-02 9.900000000000000000e+04 9.610830033377691706e+00 1.589739947760140659e-01 3.036000000000000000e+05 -7.160034219467988237e+00
6.700000000000000400e-01 3.532943255785990555e+00 2.751568365305656627e-02 1.005000000000000000e+05 9.629421267563611053e+00 1.596011545999788395e-01 3.082000000000000000e+05 -7.160034219467988237e+00
6.800000000000000488e-01 3.529293890781241227e+00 2.770169430646334668e-02 1.020000000000000000e+05 9.636809401102516048e+00 1.621566829773870289e-01 3.128000000000000000e+05 -7.160034219467988237e+00
6.900000000000000577e-01 3.528798939665078294e+00 2.798477203686674727e-02 1.035000000000000000e+05 9.666582335456080699e+00 1.587845608317187684e-01 3.174000000000000000e+05 -7.160034219467988237e+00
7.000000000000000666e-01 3.527828204459146466e+00 2.837840770553041667e-02 1.050000000000000000e+05 9.625138943224062160e+00 1.521953535061182361e-01 3.220000000000000000e+05 -7.160034219467988237e+00
7.100000000000000755e-01 3.532148643425940815e+00 2.719632323044367597e-02 1.065000000000000000e+05 9.609781798984739609e+00 1.601991553131830170e-01 3.266000000000000000e+05 -7.160034219467988237e+00
7.199999999999999734e-01 3.528340719552150340e+00 2.660170894403220479e-02 1.080000000000000000e+05 9.597537443548247893e+00 1.590809322245109181e-01 3.312000000000000000e+05 -7.160034219467988237e+00
7.299999999999999822e-01 3.523509275393398088e+00 2.634246743786413519e-02 1.095000000000000000e+05 9.583685906507970031e+00 1.596132497514936299e-01 3.358000000000000000e+05 -7.160034219467988237e+00
7.399999999999999911e-01 3.523539152348077685e+00 2.675916689165904611e-02 1.110000000000000000e+05 9.553538045436035020e+00 1.519684959776937960e-01 3.404000000000000000e+05 -7.160034219467988237e+00
7.500000000000000000e-01 3.522073023464032282e+00 2.544860635056426026e-02 1.125000000000000000e+05 9.555010265037873651e+00 1.513967165729164788e-01 3.450000000000000000e+05 -7.160034219467988237e+00
7.600000000000000089e-01 3.521324211775839430e+00 2.684942226471939003e-02 1.140000000000000000e+05 9.523945762343977606e+00 1.494575730341596576e-01 3.496000000000000000e+05 -7.160034219467988237e+00
7.700000000000000178e-01 3.521605342851608089e+00 2.670111524331573311e-02 1.155000000000000000e+05 9.542161591085619676e+00 1.438469156418253903e-01 3.542000000000000000e+05 -7.160034219467988237e+00
7.800000000000000266e-01 3.525337507103281087e+00 2.683644407294355494e-02 1.170000000000000000e+05 9.542859863916302032e+00 1.498711325494772040e-01 3.588000000000000000e+05 -7.160034219467988237e+00
7.900000000000000355e-01 3.527761980242556383e+00 2.670800779812910336e-02 1.185000000000000000e+05 9.558192947161941788e+00 1.500792543206708463e-01 3.634000000000000000e+05 -7.160034219467988237e+00
8.000000000000000444e-01 3.526459116126952509e+00 2.644535035993959837e-02 1.200000000000000000e+05 9.553098749185794603e+00 1.537513214445943299e-01 3.680000000000000000e+05 -7.160034219467988237e+00
8.100000000000000533e-01 3.527746495616987055e+00 2.568841471529889620e-02 1.215000000000000000e+05 9.560748899503900944e+00 1.537501951865897498e-01 3.726000000000000000e+05 -7.160034219467988237e+00
8.200000000000000622e-01 3.529288672829304030e+00 2.543387754579699150e-02 1.230000000000000000e+05 9.584018728277271748e+00 1.554462679443955608e-01 3.772000000000000000e+05 -7.160034219467988237e+00
8.300000000000000711e-01 3.527738907607784746e+00 2.583051958659006095e-02 1.245000000000000000e+05 9.588805765932294278e+00 1.542003496081516822e-01 3.818000000000000000e+05 -7.160034219467988237e+00
8.400000000000000799e-01 3.529617301066417134e+00 2.601237723168186439e-02 1.260000000000000000e+05 9.581795962384303422e+00 1.583642414685931255e-01 3.864000000000000000e+05 -7.160034219467988237e+00
8.499999999999999778e-01 3.528883527420361599e+00 2.567743998452898246e-02 1.275000000000000000e+05 9.585918742197289788e+00 1.587112622175224363e-01 3.910000000000000000e+05 -7.160034219467988237e+00
8.599999999999999867e-01 3.529347980066992463e+00 2.517872445149603455e-02 1.290000000000000000e+05 9.592480429789512542e+00 1.508470445204642685e-01 3.956000000000000000e+05 -7.160034219467988237e+00
8.699999999999999956e-01 3.531125332457770050e+00 2.634007001526027583e-02 1.305000000000000000e+05 9.615510604181679355e+00 1.490231172998914000e-01 4.002000000000000000e+05 -7.160034219467988237e+00
8.800000000000000044e-01 3.532696577109302183e+00 2.632733056898938287e-02 1.320000000000000000e+05 9.631284850787350749e+00 1.403991524311011541e-01 4.048000000000000000e+05 -7.160034219467988237e+00
8.900000000000000133e-01 3.532713423962233978e+00 2.519996762381000732e-02 1.335000000000000000e+05 9.638274021307022821e+00 1.441819567079473119e-01 4.094000000000000000e+05 -7.160034219467988237e+00
9.000000000000000222e-01 3.533847796522050277e+00 2.544456918600526349e-02 1.350000000000000000e+05 9.639760318364800185e+00 1.434864854861371553e-01 4.140000000000000000e+05 -7.160034219467988237e+00
9.100000000000000311e-01 3.533124883760065060e+00 2.658100343548120206e-02 1.365000000000000000e+05 9.655587755614094547e+00 1.348982705523721626e-01 4.186000000000000000e+05 -7.160034219467988237e+00
9.200000000000000400e-01 3.535486122364938311e+00 2.580453258582710019e-02 1.380000000000000000e+05 9.639266200172381005e+00 1.378697659600157943e-01 4.232000000000000000e+05 -7.160034219467988237e+00
9.300000000000000488e-01 3.538427534853171519e+00 2.660328452934046517e-02 1.395000000000000000e+05 9.657256682639930645e+00 1.400963664150385868e-01 4.278000000000000000e+05 -7.160034219467988237e+00
9.400000000000000577e-01 3.536836407602406585e+00 2.570366193408386152e-02 1.410000000000000000e+05 9.669954898342169258e+00 1.393616255692712580e-01 4.324000000000000000e+05 -7.160034219467988237e+00
9.500000000000000666e-01 3.534117153145144297e+00 2.493048459629192831e-02 1.425000000000000000e+05 9.680195940530429866e+00 1.376089828275210980e-01 4.370000000000000000e+05 -7.160034219467988237e+00
9.600000000000000755e-01 3.533262740367923094e+00 2.623272860926450026e-02 1.440000000000000000e+05 9.693871804343809018e+00 1.409565475978148963e-01 4.416000000000000000e+05 -7.160034219467988237e+00
9.699999999999999734e-01 3.535940382380216906e+00 2.523661488905335273e-02 1.455000000000000000e+05 9.708380806387413742e+00 1.404878268868053892e-01 4.462000000000000000e+05 -7.160034219467988237e+00
9.799999999999999822e-01 3.537441852827481359e+00 2.411516069073075044e-02 1.470000000000000000e+05 9.705863751217657764e+00 1.371293113819241627e-01 4.508000000000000000e+05 -7.160034219467988237e+00
9.899999999999999911e-01 3.535246303783408983e+00 2.423774600021825348e-02 1.485000000000000000e+05 9.682818119235493626e+00 1.370963120551658976e-01 4.554000000000000000e+05 -7.160034219467988237e+00
1.000000000000000000e+00 3.534518298256532631e+00 2.416336222825342731e-02 1.500000000000000000e+05 9.668034401337802564e+00 1.368494279193483709e-01 4.600000000000000000e+05 -7.160034219467988237e+00
