1.000000000000000021e-02 4.315593111539552496e+00 1.700314208292844909e-01 1.500000000000000000e+03 1.071026182176969144e+01 9.042922771117185565e-01 4.600000000000000000e+03 -7.024204337779943685e+00
2.000000000000000042e-02 4.283719962135209336e+00 1.489038083395445577e-01 3.000000000000000000e+03 1.096015283100633653e+01 7.045922325924216523e-01 9.200000000000000000e+03 -7.024204337779943685e+00
2.999999999999999889e-02 4.220409062497943786e+00 1.431125594868236373e-01 4.500000000000000000e+03 1.026827830283164289e+01 6.828733036693079850e-01 1.380000000000000000e+04 -7.024204337779943685e+00
4.000000000000000083e-02 4.174963416901193547e+00 1.132944238131034231e-01 6.000000000000000000e+03 1.046592965288064470e+01 5.407820746415334945e-01 1.840000000000000000e+04 -7.024204337779943685e+00
5.000000000000000278e-02 4.147832680150147056e+00 1.170280871303504694e-01 7.500000000000000000e+03 1.046518218682032497e+01 5.059010530735994493e-01 2.300000000000000000e+04 -7.024204337779943685e+00
6.000000000000000472e-02 4.128599120833538194e+00 9.316334436324945345e-02 9.000000000000000000e+03 1.019834961061963341e+01 4.222005162154865987e-01 2.760000000000000000e+04 -7.024204337779943685e+00
6.999999999999999278e-02 4.174210389983072034e+00 9.201448280930409063e-02 1.048500000000000000e+04 1.014970924753624715e+01 4.231400002537502036e-01 3.215400000000000000e+04 -7.024204337779943685e+00
8.000000000000000167e-02 4.133727049879898807e+00 9.674770739026039568e-02 1.200000000000000000e+04 9.885550706352374206e+00 4.135437999912624507e-01 3.680000000000000000e+04 -7.024204337779943685e+00
8.999999999999999667e-02 4.108547321929524543e+00 8.370060574458842995e-02 1.350000000000000000e+04 9.550676907978040475e+00 3.897800996628138503e-01 4.140000000000000000e+04 -7.024204337779943685e+00
9.999999999999999167e-02 4.103419716087240765e+00 8.840177706753783726e-02 1.498500000000000000e+04 9.523135661755468107e+00 3.939842603372359919e-01 4.595400000000000000e+04 -7.024204337779943685e+00
1.100000000000000006e-01 4.058814944102414835e+00 8.606729541661710392e-02 1.650000000000000000e+04 9.607737552868632847e+00 3.638900632427116699e-01 5.060000000000000000e+04 -7.024204337779943685e+00
1.199999999999999956e-01 4.060019033549657763e+00 7.774958053501003497e-02 1.800000000000000000e+04 9.671604767382364187e+00 3.559662683957777185e-01 5.520000000000000000e+04 -7.024204337779943685e+00
1.300000000000000044e-01 4.054733437956851816e+00 7.739835530604549652e-02 1.950000000000000000e+04 9.532562910430931069e+00 3.550063004027991798e-01 5.980000000000000000e+04 -7.024204337779943685e+00
1.400000000000000133e-01 4.055988823698717383e+00 7.945920953282196997e-02 2.100000000000000000e+04 9.386291514734677932e+00 3.495060120265218728e-01 6.440000000000000000e+04 -7.024204337779943685e+00
1.500000000000000222e-01 4.064103356197313666e+00 7.646351973338522123e-02 2.250000000000000000e+04 9.354358580749602581e+00 3.421215571100354458e-01 6.900000000000000000e+04 -7.024204337779943685e+00
1.600000000000000033e-01 4.073785342002378407e+00 7.751032769496757346e-02 2.400000000000000000e+04 9.321163755725752509e+00 3.318484234980568770e-01 7.360000000000000000e+04 -7.024204337779943685e+00
1.700000000000000122e-01 4.068779482499566669e+00 7.777880041002831202e-02 2.550000000000000000e+04 9.380343447472492713e+00 3.129875017926220249e-01 7.820000000000000000e+04 -7.024204337779943685e+00
1.800000000000000211e-01 4.067227711258128764e+00 8.039033093131035812e-02 2.700000000000000000e+04 9.550826179560125695e+00 2.977049009898105059e-01 8.280000000000000000e+04 -7.024204337779943685e+00
1.900000000000000022e-01 4.060482241706529827e+00 7.763901101541724470e-02 2.850000000000000000e+04 9.621433953073154299e+00 2.986520539477249270e-01 8.740000000000000000e+04 -7.024204337779943685e+00
2.000000000000000111e-01 4.059427095568532096e+00 8.781155446279730048e-02 3.000000000000000000e+04 9.594004060327883110e+00 2.929388166675228056e-01 9.200000000000000000e+04 -7.024204337779943685e+00
2.100000000000000200e-01 4.068744231786259213e+00 8.151499026058180164e-02 3.150000000000000000e+04 9.704177711455102440e+00 2.927568645738992115e-01 9.660000000000000000e+04 -7.024204337779943685e+00
2.200000000000000011e-01 4.066894018486089557e+00 7.571694620062312253e-02 3.300000000000000000e+04 9.633960508188840421e+00 2.890799155526728725e-01 1.012000000000000000e+05 -7.024204337779943685e+00
2.300000000000000100e-01 4.067095117569378360e+00 7.115030231445838849e-02 3.450000000000000000e+04 9.680129353156740279e+00 2.898260717388559948e-01 1.058000000000000000e+05 -7.024204337779943685e+00
2.400000000000000189e-01 4.069049962230899986e+00 7.462681567881494782e-02 3.600000000000000000e+04 9.703271990177851691e+00 2.850932998559207454e-01 1.104000000000000000e+05 -7.024204337779943685e+00
2.500000000000000000e-01 4.068958611327064823e+00 7.443788924399140361e-02 3.750000000000000000e+04 9.756716807804910019e+00 2.853537676157151814e-01 1.150000000000000000e+05 -7.024204337779943685e+00
2.600000000000000089e-01 4.063825483881989165e+00 7.395628874835590005e-02 3.900000000000000000e+04 9.852029699681917663e+00 2.835364039267486147e-01 1.196000000000000000e+05 -7.024204337779943685e+00
2.700000000000000178e-01 4.065046311527582112e+00 7.348441979081037079e-02 4.050000000000000000e+04 9.861921500777656391e+00 2.677792821484675234e-01 1.242000000000000000e+05 -7.024204337779943685e+00
2.800000000000000266e-01 4.059494403930905548e+00 7.031851206766642770e-02 4.200000000000000000e+04 9.800444894146446373e+00 2.633681514837734605e-01 1.288000000000000000e+05 -7.024204337779943685e+00
2.900000000000000355e-01 4.052483842596060981e+00 7.189387285710205355e-02 4.350000000000000000e+04 9.727820907764536784e+00 2.616386215533596515e-01 1.334000000000000000e+05 -7.024204337779943685e+00
2.999999999999999889e-01 4.051036793562804661e+00 7.006945392122931882e-02 4.500000000000000000e+04 9.715673039522519261e+00 2.587262323586143609e-01 1.380000000000000000e+05 -7.024204337779943685e+00
3.099999999999999978e-01 4.053114656992258702e+00 7.017002227858568086e-02 4.650000000000000000e+04 9.775594427092801908e+00 2.472319284604474754e-01 1.426000000000000000e+05 -7.024204337779943685e+00
3.200000000000000067e-01 4.051988150252692655e+00 7.093103702369370211e-02 4.800000000000000000e+04 9.743822240678433388e+00 2.504275424930973437e-01 1.472000000000000000e+05 -7.024204337779943685e+00
3.300000000000000155e-01 4.062059467012845815e+00 7.258538635044869958e-02 4.950000000000000000e+04 9.722144702175270936e+00 2.406683703423867782e-01 1.518000000000000000e+05 -7.024204337779943685e+00
3.400000000000000244e-01 4.059755692477700961e+00 6.801829724436429803e-02 5.100000000000000000e+04 9.766971529036453603e+00 2.363951199607702280e-01 1.564000000000000000e+05 -7.024204337779943685e+00
3.500000000000000333e-01 4.049135029904368466e+00 6.468942246367351268e-02 5.250000000000000000e+04 9.719343855935040466e+00 2.263681051870919669e-01 1.610000000000000000e+05 -7.024204337779943685e+00
3.600000000000000422e-01 4.045912121971326769e+00 6.595820435879283516e-02 5.400000000000000000e+04 9.680253574858063814e+00 2.276769390932261439e-01 1.656000000000000000e+05 -7.024204337779943685e+00
3.699999999999999956e-01 4.048678005893011189e+00 6.517300643842428853e-02 5.550000000000000000e+04 9.613297678917717803e+00 2.256362014495364166e-01 1.702000000000000000e+05 -7.024204337779943685e+00
3.800000000000000044e-01 4.045843398506073108e+00 6.120132497596425525e-02 5.700000000000000000e+04 9.609623907128499454e+00 2.148637515322796010e-01 1.748000000000000000e+05 -7.024204337779943685e+00
3.900000000000000133e-01 4.048476809044851521e+00 6.321686465431378132e-02 5.850000000000000000e+04 9.624287849052597821e+00 2.175309594816050018e-01 1.794000000000000000e+05 -7.024204337779943685e+00
4.000000000000000222e-01 4.062779824640107229e+00 6.225679326520568158e-02 6.000000000000000000e+04 9.622238651964414302e+00 2.178897575313709645e-01 1.840000000000000000e+05 -7.024204337779943685e+00
4.100000000000000311e-01 4.070370799568963527e+00 5.868272047078867959e-02 6.150000000000000000e+04 9.632890846437051735e+00 2.135848504333074105e-01 1.886000000000000000e+05 -7.024204337779943685e+00
4.200000000000000400e-01 4.080623401322081456e+00 6.097179817785820799e-02 6.300000000000000000e+04 9.611313857357002277e+00 2.138235914822543549e-01 1.932000000000000000e+05 -7.024204337779943685e+00
4.299999999999999933e-01 4.078680662703729531e+00 6.059029104952282779e-02 6.450000000000000000e+04 9.538340309530429550e+00 2.143977414368679890e-01 1.978000000000000000e+05 -7.024204337779943685e+00
4.400000000000000022e-01 4.077595033247054523e+00 5.661823192668601068e-02 6.600000000000000000e+04 9.485245591343858251e+00 2.094235311987093784e-01 2.024000000000000000e+05 -7.024204337779943685e+00
4.500000000000000111e-01 4.078754718510768207e+00 5.452149252261113965e-02 6.750000000000000000e+04 9.485608380564469755e+00 2.045455148608725793e-01 2.070000000000000000e+05 -7.024204337779943685e+00
4.600000000000000200e-01 4.072650692620685575e+00 5.667008571289142843e-02 6.900000000000000000e+04 9.447229793739897019e+00 2.038709477896736011e-01 2.116000000000000000e+05 -7.024204337779943685e+00
4.700000000000000289e-01 4.075409508723517149e+00 5.386467776083171677e-02 7.050000000000000000e+04 9.396977211696494692e+00 2.039842151052251307e-01 2.162000000000000000e+05 -7.024204337779943685e+00
4.800000000000000377e-01 4.076374625368699434e+00 5.514966803841014203e-02 7.200000000000000000e+04 9.378884234477663284e+00 1.996537899475978595e-01 2.208000000000000000e+05 -7.024204337779943685e+00
4.899999999999999911e-01 4.074486177188811453e+00 5.542631276811293972e-02 7.350000000000000000e+04 9.423076792198129326e+00 1.995405739783721599e-01 2.254000000000000000e+05 -7.024204337779943685e+00
5.000000000000000000e-01 4.069855049186837270e+00 5.274114945815776972e-02 7.500000000000000000e+04 9.442193423892833337e+00 1.907075262206394395e-01 2.300000000000000000e+05 -7.024204337779943685e+00
5.100000000000000089e-01 4.073166710006374203e+00 5.403414958923224987e-02 7.650000000000000000e+04 9.450126974790483914e+00 1.937157073070935043e-01 2.346000000000000000e+05 -7.024204337779943685e+00
5.200000000000000178e-01 4.074068011186008142e+00 5.044115310871898766e-02 7.800000000000000000e+04 9.419813309759694775e+00 1.924355373853044171e-01 2.392000000000000000e+05 -7.024204337779943685e+00
5.300000000000000266e-01 4.076858716967771024e+00 5.401039545157022143e-02 7.950000000000000000e+04 9.354227538205812209e+00 1.948345258379257927e-01 2.438000000000000000e+05 -7.024204337779943685e+00
5.400000000000000355e-01 4.074752490930763749e+00 5.220494021070516688e-02 8.100000000000000000e+04 9.355063679369648000e+00 1.905933596433823374e-01 2.484000000000000000e+05 -7.024204337779943685e+00
5.500000000000000444e-01 4.070975697948175487e+00 5.220554109983515517e-02 8.250000000000000000e+04 9.359420206844992762e+00 1.895167084607873587e-01 2.530000000000000000e+05 -7.024204337779943685e+00
5.600000000000000533e-01 4.075986886768882655e+00 4.825046116804184576e-02 8.400000000000000000e+04 9.393040543835059708e+00 1.894100701244939011e-01 2.576000000000000000e+05 -7.024204337779943685e+00
5.700000000000000622e-01 4.086373970421877111e+00 4.726651714624847955e-02 8.550000000000000000e+04 9.410466978879954425e+00 1.877167108015827812e-01 2.622000000000000000e+05 -7.024204337779943685e+00
5.800000000000000711e-01 4.090416574900488378e+00 4.687063119813222184e-02 8.700000000000000000e+04 9.461983501888852288e+00 1.895997831810287138e-01 2.668000000000000000e+05 -7.024204337779943685e+00
5.899999999999999689e-01 4.094303625314766215e+00 4.938565080058298501e-02 8.850000000000000000e+04 9.493984889647421710e+00 1.909190355659525495e-01 2.714000000000000000e+05 -7.024204337779943685e+00
5.999999999999999778e-01 4.097532156678293624e+00 4.739444043099672738e-02 9.000000000000000000e+04 9.491423775977501975e+00 1.880193098800801710e-01 2.760000000000000000e+05 -7.024204337779943685e+00
6.099999999999999867e-01 4.098561244601248710e+00 4.433534606511179560e-02 9.150000000000000000e+04 9.498780957390735580e+00 1.911881911347034779e-01 2.806000000000000000e+05 -7.024204337779943685e+00
6.199999999999999956e-01 4.099838564112158856e+00 4.816401719859359637e-02 9.300000000000000000e+04 9.505077673078575984e+00 1.912687885024404733e-01 2.852000000000000000e+05 -7.024204337779943685e+00
6.300000000000000044e-01 4.100188891910323541e+00 5.098211412751126742e-02 9.450000000000000000e+04 9.540331382504870561e+00 1.911408670933822385e-01 2.898000000000000000e+05 -7.024204337779943685e+00
6.400000000000000133e-01 4.106151662391621215e+00 5.071314177499878367e-02 9.600000000000000000e+04 9.535366895211335958e+00 1.911006559603416199e-01 2.944000000000000000e+05 -7.024204337779943685e+00
6.500000000000000222e-01 4.107823944952550654e+00 5.037473495930869932e-02 9.750000000000000000e+04 9.533764087225783612e+00 1.835999753495806963e-01 2.990000000000000000e+05 -7.024204337779943685e+00
6.600000000000000311e-01 4.111053730296442055e+00 4.811169706334295776e-02 9.900000000000000000e+04 9.513661131207816979e+00 1.826347498423546711e-01 3.036000000000000000e+05 -7.024204337779943685e+00
6.700000000000000400e-01 4.109089486342323738e+00 4.892189267422949323e-02 1.005000000000000000e+05 9.517040153216582254e+00 1.828480803279660671e-01 3.082000000000000000e+05 -7.024204337779943685e+00
6.800000000000000488e-01 4.107658983332592939e+00 4.772743964621317669e-02 1.020000000000000000e+05 9.555954089335072510e+00 1.760165978240613993e-01 3.128000000000000000e+05 -7.024204337779943685e+00
6.900000000000000577e-01 4.107374946642527114e+00 4.603492336706375282e-02 1.035000000000000000e+05 9.546188942677416023e+00 1.684852639207565783e-01 3.174000000000000000e+05 -7.024204337779943685e+00
7.000000000000000666e-01 4.102442401284139173e+00 4.514473687607076235e-02 1.050000000000000000e+05 9.534398678823297502e+00 1.710016555058587739e-01 3.220000000000000000e+05 -7.024204337779943685e+00
7.100000000000000755e-01 4.106641820173070556e+00 4.697534145279431972e-02 1.065000000000000000e+05 9.513722096649530613e+00 1.644438248042168760e-01 3.266000000000000000e+05 -7.024204337779943685e+00
7.199999999999999734e-01 4.106822903813390546e+00 4.472456362747311009e-02 1.080000000000000000e+05 9.523159102028204259e+00 1.682616156982039146e-01 3.312000000000000000e+05 -7.024204337779943685e+00
7.299999999999999822e-01 4.105223795879296311e+00 4.485154052754414949e-02 1.095000000000000000e+05 9.539910520933169380e+00 1.680121604550922909e-01 3.358000000000000000e+05 -7.024204337779943685e+00
7.399999999999999911e-01 4.106662818169572127e+00 4.629300568440055524e-02 1.110000000000000000e+05 9.531898933249740580e+00 1.612366383287722749e-01 3.404000000000000000e+05 -7.024204337779943685e+00
7.500000000000000000e-01 4.105479496600533018e+00 4.640687283679932607e-02 1.125000000000000000e+05 9.529642335228121652e+00 1.585938726642811547e-01 3.450000000000000000e+05 -7.024204337779943685e+00
7.600000000000000089e-01 4.105630424442763271e+00 4.706210426831911042e-02 1.140000000000000000e+05 9.515633030486853272e+00 1.642996766767134686e-01 3.496000000000000000e+05 -7.024204337779943685e+00
7.700000000000000178e-01 4.099129775791464425e+00 4.597898758493955407e-02 1.155000000000000000e+05 9.542341123623696575e+00 1.618253963988202371e-01 3.542000000000000000e+05 -7.024204337779943685e+00
7.800000000000000266e-01 4.097177921152784563e+00 4.546167825978946614e-02 1.170000000000000000e+05 9.582276977183736832e+00 1.625472837655666247e-01 3.588000000000000000e+05 -7.024204337779943685e+00
7.900000000000000355e-01 4.092899833941534560e+00 4.550382475600181498e-02 1.185000000000000000e+05 9.572569057594076725e+00 1.637543118224746852e-01 3.634000000000000000e+05 -7.024204337779943685e+00
8.000000000000000444e-01 4.091685550307476049e+00 4.430644687543639632e-02 1.200000000000000000e+05 9.578166920927962735e+00 1.664062583739932266e-01 3.680000000000000000e+05 -7.024204337779943685e+00
8.100000000000000533e-01 4.089763996809770319e+00 4.185720501945110195e-02 1.215000000000000000e+05 9.572905462240626662e+00 1.581930655780130479e-01 3.726000000000000000e+05 -7.024204337779943685e+00
8.200000000000000622e-01 4.086318075654218340e+00 4.206092835823524445e-02 1.230000000000000000e+05 9.562405361198269560e+00 1.566087719120240196e-01 3.772000000000000000e+05 -7.024204337779943685e+00
8.300000000000000711e-01 4.081974453612401632e+00 4.214236424926612323e-02 1.245000000000000000e+05 9.579332453868365960e+00 1.580046571775745867e-01 3.818000000000000000e+05 -7.024204337779943685e+00
8.400000000000000799e-01 4.083047759909852914e+00 4.147837578268135511e-02 1.260000000000000000e+05 9.602666470386335362e+00 1.578620383361714063e-01 3.864000000000000000e+05 -7.024204337779943685e+00
8.499999999999999778e-01 4.083516936567084699e+00 4.268012144480105852e-02 1.275000000000000000e+05 9.605088655089666361e+00 1.577628458263491407e-01 3.910000000000000000e+05 -7.024204337779943685e+00
8.599999999999999867e-01 4.084191749436700825e+00 4.106739583403168359e-02 1.290000000000000000e+05 9.597133096251390327e+00 1.525439276836621505e-01 3.956000000000000000e+05 -7.024204337779943685e+00
8.699999999999999956e-01 4.083752575378881033e+00 4.269093636054623053e-02 1.305000000000000000e+05 9.614020865431582408e+00 1.535598952610604251e-01 4.002000000000000000e+05 -7.024204337779943685e+00
8.800000000000000044e-01 4.085914966052790476e+00 4.249042134163722589e-02 1.320000000000000000e+05 9.633263717291212558e+00 1.507811339154714880e-01 4.048000000000000000e+05 -7.024204337779943685e+00
8.900000000000000133e-01 4.087455984015805122e+00 4.175351218067506476e-02 1.335000000000000000e+05 9.642182022067204983e+00 1.543367202746565581e-01 4.094000000000000000e+05 -7.024204337779943685e+00
9.000000000000000222e-01 4.088496065469979790e+00 3.931553253830856465e-02 1.350000000000000000e+05 9.654170799202161035e+00 1.513201031820377296e-01 4.140000000000000000e+05 -7.024204337779943685e+00
9.100000000000000311e-01 4.092575328538412549e+00 4.093338324142592466e-02 1.365000000000000000e+05 9.671384142750234503e+00 1.500939950879952578e-01 4.186000000000000000e+05 -7.024204337779943685e+00
9.200000000000000400e-01 4.092235519170235314e+00 3.821993012742275903e-02 1.380000000000000000e+05 9.663588810246311667e+00 1.508624487237454903e-01 4.232000000000000000e+05 -7.024204337779943685e+00
9.300000000000000488e-01 4.090631622890476216e+00 4.064553791797975019e-02 1.395000000000000000e+05 9.673093854803864744e+00 1.535184432503861052e-01 4.278000000000000000e+05 -7.024204337779943685e+00
9.400000000000000577e-01 4.087447076559462822e+00 4.092033938617973404e-02 1.410000000000000000e+05 9.688409638597770268e+00 1.544284330302728714e-01 4.324000000000000000e+05 -7.024204337779943685e+00
9.500000000000000666e-01 4.087739751760781637e+00 4.270641392586731894e-02 1.425000000000000000e+05 9.678885774610973769e+00 1.515577651064427267e-01 4.370000000000000000e+05 -7.024204337779943685e+00
9.600000000000000755e-01 4.085637527695376470e+00 4.161320182750744001e-02 1.440000000000000000e+05 9.698100908291900524e+00 1.535932929502959177e-01 4.416000000000000000e+05 -7.024204337779943685e+00
9.699999999999999734e-01 4.082933420382392598e+00 4.265885277883973981e-02 1.455000000000000000e+05 9.715150569978794337e+00 1.516573984105164530e-01 4.462000000000000000e+05 -7.024204337779943685e+00
9.799999999999999822e-01 4.082128724889807714e+00 4.172615168581431805e-02 1.470000000000000000e+05 9.726158962027669830e+00 1.479949979859563058e-01 4.508000000000000000e+05 -7.024204337779943685e+00
9.899999999999999911e-01 4.075050640601872942e+00 4.112695550517286858e-02 1.485000000000000000e+05 9.745564584082815784e+00 1.477170025943042309e-01 4.554000000000000000e+05 -7.024204337779943685e+00
1.000000000000000000e+00 4.073912774894353106e+00 4.163054746863148470e-02 1.500000000000000000e+05 9.730051114397543444e+00 1.476652710507846411e-01 4.600000000000000000e+05 -7.024204337779943685e+00
