1.000000000000000021e-02 4.041627938677212484e+00 2.423012412675894789e-01 4.500000000000000000e+03 9.349726207282365920e+00 8.852522840364202006e-01 1.380000000000000000e+04 -7.160034219467988237e+00
2.000000000000000042e-02 3.785766384447531774e+00 1.314270692266787388e-01 9.000000000000000000e+03 9.660065444776169130e+00 6.466350579050325065e-01 2.760000000000000000e+04 -7.160034219467988237e+00
2.999999999999999889e-02 3.676679214801644502e+00 1.015321954859323555e-01 1.350000000000000000e+04 9.548959434226915732e+00 5.960379903854307049e-01 4.140000000000000000e+04 -7.160034219467988237e+00
4.000000000000000083e-02 3.695192793676735477e+00 8.323096772887664252e-02 1.800000000000000000e+04 9.635177943947907053e+00 5.239162503631918932e-01 5.520000000000000000e+04 -7.160034219467988237e+00
5.000000000000000278e-02 3.631410579736407573e+00 8.115312859699942705e-02 2.250000000000000000e+04 9.712017055301588542e+00 5.110393114194426989e-01 6.900000000000000000e+04 -7.160034219467988237e+00
6.000000000000000472e-02 3.599636140067087542e+00 6.566457564688929494e-02 2.700000000000000000e+04 9.830294511270949442e+00 4.649781751497309434e-01 8.280000000000000000e+04 -7.160034219467988237e+00
6.999999999999999278e-02 3.612500038542401537e+00 5.863358458540160467e-02 3.150000000000000000e+04 9.671509954950561649e+00 4.241815300750020334e-01 9.660000000000000000e+04 -7.160034219467988237e+00
8.000000000000000167e-02 3.595480751779301709e+00 5.980317968772690812e-02 3.600000000000000000e+04 9.638913939481343007e+00 4.024431160133005725e-01 1.104000000000000000e+05 -7.160034219467988237e+00
8.999999999999999667e-02 3.590378060928018478e+00 5.190164538069483996e-02 4.050000000000000000e+04 9.450519849776149783e+00 3.564717761736052593e-01 1.242000000000000000e+05 -7.160034219467988237e+00
9.999999999999999167e-02 3.572960500314158683e+00 5.222226476098644488e-02 4.498500000000000000e+04 9.576468572449833516e+00 3.480514821223379407e-01 1.379540000000000000e+05 -7.160034219467988237e+00
1.100000000000000006e-01 3.568196030202095415e+00 4.837123283601690166e-02 4.950000000000000000e+04 9.545945097958901115e+00 3.262720331659698103e-01 1.518000000000000000e+05 -7.160034219467988237e+00
1.199999999999999956e-01 3.575946358443692574e+00 4.698014511241602881e-02 5.400000000000000000e+04 9.539249830277535480e+00 3.296709045997693321e-01 1.656000000000000000e+05 -7.160034219467988237e+00
1.300000000000000044e-01 3.558194967605530667e+00 4.550828051721288181e-02 5.850000000000000000e+04 9.619525283236237456e+00 3.000863911002744633e-01 1.794000000000000000e+05 -7.160034219467988237e+00
1.400000000000000133e-01 3.567571377400767574e+00 4.280277361270286296e-02 6.300000000000000000e+04 9.666045251238783109e+00 3.090609024453535025e-01 1.932000000000000000e+05 -7.160034219467988237e+00
1.500000000000000222e-01 3.567616464528663656e+00 4.282482561008632560e-02 6.750000000000000000e+04 9.660915263793565799e+00 3.224336821039548440e-01 2.070000000000000000e+05 -7.160034219467988237e+00
1.600000000000000033e-01 3.568657797547671873e+00 3.837170863545517896e-02 7.200000000000000000e+04 9.598060296786799839e+00 2.974831383673139373e-01 2.208000000000000000e+05 -7.160034219467988237e+00
1.700000000000000122e-01 3.564087930350133160e+00 3.904065064965471510e-02 7.650000000000000000e+04 9.527291527025411710e+00 3.032851467305655024e-01 2.346000000000000000e+05 -7.160034219467988237e+00
1.800000000000000211e-01 3.561112320170932044e+00 3.834665387485759747e-02 8.100000000000000000e+04 9.553420378622723419e+00 2.979258203542785588e-01 2.484000000000000000e+05 -7.160034219467988237e+00
1.900000000000000022e-01 3.570186428144478619e+00 3.621719455656477460e-02 8.550000000000000000e+04 9.593793327898508139e+00 3.000141561126904444e-01 2.622000000000000000e+05 -7.160034219467988237e+00
2.000000000000000111e-01 3.568131248528128019e+00 3.728196330534617325e-02 9.000000000000000000e+04 9.558663188010545042e+00 2.827652721996213314e-01 2.760000000000000000e+05 -7.160034219467988237e+00
2.100000000000000200e-01 3.564226008838148108e+00 3.892164136032195271e-02 9.450000000000000000e+04 9.531019799205390441e+00 2.678269139645577113e-01 2.898000000000000000e+05 -7.160034219467988237e+00
2.200000000000000011e-01 3.556471106652550951e+00 3.530274485267122925e-02 9.900000000000000000e+04 9.594695441221126941e+00 2.666962447471084574e-01 3.036000000000000000e+05 -7.160034219467988237e+00
2.300000000000000100e-01 3.555624190177539390e+00 3.845067816604734456e-02 1.035000000000000000e+05 9.656981612179027508e+00 2.694246570730235990e-01 3.174000000000000000e+05 -7.160034219467988237e+00
2.400000000000000189e-01 3.551095593747931378e+00 3.525567301552845478e-02 1.080000000000000000e+05 9.588564782079632920e+00 2.834387442440345350e-01 3.312000000000000000e+05 -7.160034219467988237e+00
2.500000000000000000e-01 3.551849257364054324e+00 3.270205953786774894e-02 1.125000000000000000e+05 9.548566499550117825e+00 2.676063125224861783e-01 3.450000000000000000e+05 -7.160034219467988237e+00
2.600000000000000089e-01 3.552391921315970702e+00 3.508263055670080705e-02 1.170000000000000000e+05 9.526975901787283263e+00 2.664546840563709051e-01 3.588000000000000000e+05 -7.160034219467988237e+00
2.700000000000000178e-01 3.552237926306648585e+00 3.387754904843048864e-02 1.215000000000000000e+05 9.556979167377205542e+00 2.785448907040354305e-01 3.726000000000000000e+05 -7.160034219467988237e+00
2.800000000000000266e-01 3.557760556726105250e+00 3.573498804740739970e-02 1.260000000000000000e+05 9.563913970179052981e+00 2.738480380434482608e-01 3.864000000000000000e+05 -7.160034219467988237e+00
2.900000000000000355e-01 3.556903080130112471e+00 3.555660998810869500e-02 1.305000000000000000e+05 9.609976505979423322e+00 2.579607279109870643e-01 4.002000000000000000e+05 -7.160034219467988237e+00
2.999999999999999889e-01 3.564369632389947640e+00 3.603087827454690140e-02 1.350000000000000000e+05 9.628132953335891031e+00 2.516474268298416472e-01 4.140000000000000000e+05 -7.160034219467988237e+00
3.099999999999999978e-01 3.567712908593239085e+00 3.447655848844272120e-02 1.395000000000000000e+05 9.642418428549287768e+00 2.426721074889238716e-01 4.278000000000000000e+05 -7.160034219467988237e+00
3.200000000000000067e-01 3.563157656921732475e+00 3.254587041633206362e-02 1.440000000000000000e+05 9.676685749396991554e+00 2.228987348954840908e-01 4.416000000000000000e+05 -7.160034219467988237e+00
3.300000000000000155e-01 3.564871966679141302e+00 2.955073633378451844e-02 1.485000000000000000e+05 9.676925390561303075e+00 2.518008581791294498e-01 4.554000000000000000e+05 -7.160034219467988237e+00
3.400000000000000244e-01 3.561869143532094384e+00 3.024415467303469968e-02 1.530000000000000000e+05 9.679030137295333347e+00 2.336775247073406003e-01 4.692000000000000000e+05 -7.160034219467988237e+00
3.500000000000000333e-01 3.563246431420879379e+00 3.049679772553931870e-02 1.575000000000000000e+05 9.689933127456148654e+00 2.369998274332304478e-01 4.830000000000000000e+05 -7.160034219467988237e+00
3.600000000000000422e-01 3.559271781646924815e+00 3.085586922768697796e-02 1.620000000000000000e+05 9.683739846965423226e+00 2.261433771678490190e-01 4.968000000000000000e+05 -7.160034219467988237e+00
3.699999999999999956e-01 3.563161219106247835e+00 2.784060612432086995e-02 1.665000000000000000e+05 9.680615322546808343e+00 2.284422456413962021e-01 5.106000000000000000e+05 -7.160034219467988237e+00
3.800000000000000044e-01 3.564666226504637159e+00 2.747899182460588133e-02 1.710000000000000000e+05 9.657645252599488472e+00 2.303767927676541316e-01 5.244000000000000000e+05 -7.160034219467988237e+00
3.900000000000000133e-01 3.562556355577149780e+00 2.653530734100952720e-02 1.755000000000000000e+05 9.641211361758822207e+00 2.218616509693227545e-01 5.382000000000000000e+05 -7.160034219467988237e+00
4.000000000000000222e-01 3.564762989378775782e+00 2.689605125809940364e-02 1.800000000000000000e+05 9.648442526674774200e+00 2.081470726117650993e-01 5.520000000000000000e+05 -7.160034219467988237e+00
4.100000000000000311e-01 3.567271391612011122e+00 2.845034409728252819e-02 1.845000000000000000e+05 9.677096541708696265e+00 2.070300955587113800e-01 5.658000000000000000e+05 -7.160034219467988237e+00
4.200000000000000400e-01 3.565228901846238863e+00 2.704519613813871973e-02 1.890000000000000000e+05 9.691487821240603040e+00 2.102619609457915817e-01 5.796000000000000000e+05 -7.160034219467988237e+00
4.299999999999999933e-01 3.564898387102950483e+00 2.441614615907462815e-02 1.935000000000000000e+05 9.671511403233077786e+00 1.973372096924660701e-01 5.934000000000000000e+05 -7.160034219467988237e+00
4.400000000000000022e-01 3.568527943009018433e+00 2.631209552564600651e-02 1.980000000000000000e+05 9.665420796878120058e+00 2.042530706189144007e-01 6.072000000000000000e+05 -7.160034219467988237e+00
4.500000000000000111e-01 3.566462094797916649e+00 2.435988246516834071e-02 2.025000000000000000e+05 9.671981437594185493e+00 2.111880208395547631e-01 6.210000000000000000e+05 -7.160034219467988237e+00
4.600000000000000200e-01 3.561418721870738935e+00 2.680600673421073415e-02 2.070000000000000000e+05 9.659315862510455375e+00 1.972096468702778937e-01 6.348000000000000000e+05 -7.160034219467988237e+00
4.700000000000000289e-01 3.560586047888903760e+00 2.603063951483009300e-02 2.115000000000000000e+05 9.645913869645424299e+00 2.005150381105216817e-01 6.486000000000000000e+05 -7.160034219467988237e+00
4.800000000000000377e-01 3.560133037450977866e+00 2.540922441038451218e-02 2.160000000000000000e+05 9.622836930784146148e+00 1.923721649225920982e-01 6.624000000000000000e+05 -7.160034219467988237e+00
4.899999999999999911e-01 3.559512788939990457e+00 2.701903233155416098e-02 2.205000000000000000e+05 9.589655815875376632e+00 1.905321924362893826e-01 6.762000000000000000e+05 -7.160034219467988237e+00
5.000000000000000000e-01 3.557685264065367114e+00 2.479632808656321089e-02 2.250000000000000000e+05 9.586279716641644910e+00 1.909230534659056844e-01 6.900000000000000000e+05 -7.160034219467988237e+00
5.100000000000000089e-01 3.555332784414914293e+00 2.629491149069216813e-02 2.295000000000000000e+05 9.552435826221501003e+00 1.905527368923423948e-01 7.038000000000000000e+05 -7.160034219467988237e+00
5.200000000000000178e-01 3.553009537065259682e+00 2.712530660450598180e-02 2.340000000000000000e+05 9.552085225882191111e+00 2.021270278358180961e-01 7.176000000000000000e+05 -7.160034219467988237e+00
5.300000000000000266e-01 3.554212401425474344e+00 2.708782895257295584e-02 2.385000000000000000e+05 9.562146960309199528e+00 1.833782924516446922e-01 7.314000000000000000e+05 -7.160034219467988237e+00
5.400000000000000355e-01 3.553021892848986507e+00 2.747360390058848495e-02 2.430000000000000000e+05 9.564414298117990043e+00 1.912975619385057502e-01 7.452000000000000000e+05 -7.160034219467988237e+00
5.500000000000000444e-01 3.549222756681959190e+00 2.716437964177140924e-02 2.475000000000000000e+05 9.573545961942768301e+00 1.804590810884016683e-01 7.590000000000000000e+05 -7.160034219467988237e+00
5.600000000000000533e-01 3.545505128139615270e+00 2.650327533121248080e-02 2.520000000000000000e+05 9.581693429701084952e+00 1.832449830857686146e-01 7.728000000000000000e+05 -7.160034219467988237e+00
5.700000000000000622e-01 3.544904117877954342e+00 2.612733314247504823e-02 2.565000000000000000e+05 9.590944761279908803e+00 1.806274601568073346e-01 7.866000000000000000e+05 -7.160034219467988237e+00
5.800000000000000711e-01 3.544539712781692220e+00 2.524892957071521102e-02 2.610000000000000000e+05 9.607446173700765257e+00 1.724342973847310112e-01 8.004000000000000000e+05 -7.160034219467988237e+00
5.899999999999999689e-01 3.544038912953160647e+00 2.547196741714701992e-02 2.655000000000000000e+05 9.599268781775277759e+00 1.806857426978417391e-01 8.142000000000000000e+05 -7.160034219467988237e+00
5.999999999999999778e-01 3.542736882984575786e+00 2.629594748875686144e-02 2.700000000000000000e+05 9.593096092486995019e+00 1.712616509077510840e-01 8.280000000000000000e+05 -7.160034219467988237e+00
6.099999999999999867e-01 3.547487987876296600e+00 2.684281650597922231e-02 2.745000000000000000e+05 9.590188723538769722e+00 1.784098335901405097e-01 8.418000000000000000e+05 -7.160034219467988237e+00
6.199999999999999956e-01 3.547840005641097694e+00 2.516007915884738155e-02 2.790000000000000000e+05 9.595656693610468579e+00 1.735123850429795278e-01 8.556000000000000000e+05 -7.160034219467988237e+00
6.300000000000000044e-01 3.547366039123660997e+00 2.546917828156868360e-02 2.835000000000000000e+05 9.624850729485100231e+00 1.771878204380632760e-01 8.694000000000000000e+05 -7.160034219467988237e+00
6.400000000000000133e-01 3.547560151303811082e+00 2.525094327255284279e-02 2.880000000000000000e+05 9.620677610256446854e+00 1.755451931582142078e-01 8.832000000000000000e+05 -7.160034219467988237e+00
6.500000000000000222e-01 3.547173559595062642e+00 2.416759604162049824e-02 2.925000000000000000e+05 9.649735301699523760e+00 1.703925502799138181e-01 8.970000000000000000e+05 -7.160034219467988237e+00
6.600000000000000311e-01 3.544464369365273537e+00 2.389702445369507045e-02 2.970000000000000000e+05 9.657469381308212419e+00 1.632599708329874610e-01 9.108000000000000000e+05 -7.160034219467988237e+00
6.700000000000000400e-01 3.546100209341599196e+00 2.229366364645584547e-02 3.015000000000000000e+05 9.670651122830115298e+00 1.627515683991040685e-01 9.246000000000000000e+05 -7.160034219467988237e+00
6.800000000000000488e-01 3.546376900117717668e+00 2.187776814488574806e-02 3.060000000000000000e+05 9.685373353340498426e+00 1.602012951024263665e-01 9.384000000000000000e+05 -7.160034219467988237e+00
6.900000000000000577e-01 3.546309821896965087e+00 2.092361361158271912e-02 3.105000000000000000e+05 9.684112075452572910e+00 1.549242459010145845e-01 9.522000000000000000e+05 -7.160034219467988237e+00
7.000000000000000666e-01 3.545592669079639769e+00 2.293159165971197025e-02 3.150000000000000000e+05 9.712260736623102630e+00 1.510414691944940990e-01 9.660000000000000000e+05 -7.160034219467988237e+00
7.100000000000000755e-01 3.540919175558542520e+00 2.351892302144887453e-02 3.195000000000000000e+05 9.711299427830635267e+00 1.589552479207914371e-01 9.798000000000000000e+05 -7.160034219467988237e+00
7.199999999999999734e-01 3.542969972107827825e+00 2.172905520607005744e-02 3.240000000000000000e+05 9.706742597989892474e+00 1.557068502490713546e-01 9.936000000000000000e+05 -7.160034219467988237e+00
7.299999999999999822e-01 3.544053666166741223e+00 2.206276640800992200e-02 3.285000000000000000e+05 9.710979371014774486e+00 1.548467703172239918e-01 1.007400000000000000e+06 -7.160034219467988237e+00
7.399999999999999911e-01 3.546961616585590615e+00 2.204750745094376241e-02 3.330000000000000000e+05 9.718234138935276434e+00 1.488173877032168690e-01 1.021200000000000000e+06 -7.160034219467988237e+00
7.500000000000000000e-01 3.547150242753692506e+00 2.157551525825178451e-02 3.375000000000000000e+05 9.719516048611891890e+00 1.498562267863436659e-01 1.035000000000000000e+06 -7.160034219467988237e+00
7.600000000000000089e-01 3.547040687801297221e+00 2.127484762024261372e-02 3.420000000000000000e+05 9.698264459385944392e+00 1.555381312003444039e-01 1.048800000000000000e+06 -7.160034219467988237e+00
7.700000000000000178e-01 3.545858888196822267e+00 2.030328968442664250e-02 3.465000000000000000e+05 9.702946206646657856e+00 1.582839234466283940e-01 1.062600000000000000e+06 -7.160034219467988237e+00
7.800000000000000266e-01 3.545879769034629092e+00 2.160221198176965132e-02 3.510000000000000000e+05 9.696759610226033388e+00 1.468137274773983203e-01 1.076400000000000000e+06 -7.160034219467988237e+00
7.900000000000000355e-01 3.545561332956831180e+00 2.097064225672744947e-02 3.555000000000000000e+05 9.699416651844455117e+00 1.517176796579384201e-01 1.090200000000000000e+06 -7.160034219467988237e+00
8.000000000000000444e-01 3.540617882579987885e+00 2.122526571871474060e-02 3.600000000000000000e+05 9.707989547872847069e+00 1.529230451192652163e-01 1.104000000000000000e+06 -7.160034219467988237e+00
8.100000000000000533e-01 3.540733732846512716e+00 2.066240678622114496e-02 3.645000000000000000e+05 9.701456821977760825e+00 1.472868174655097284e-01 1.117800000000000000e+06 -7.160034219467988237e+00
8.200000000000000622e-01 3.540879646413806814e+00 1.989540161738637125e-02 3.690000000000000000e+05 9.704677954487658909e+00 1.408574491632288705e-01 1.131600000000000000e+06 -7.160034219467988237e+00
8.300000000000000711e-01 3.538132730461668984e+00 1.909481597812447487e-02 3.735000000000000000e+05 9.730435799332120439e+00 1.573948306262079877e-01 1.145400000000000000e+06 -7.160034219467988237e+00
8.400000000000000799e-01 3.538065081539118584e+00 1.958764746039785842e-02 3.780000000000000000e+05 9.725475135393928383e+00 1.509947141453051034e-01 1.159200000000000000e+06 -7.160034219467988237e+00
8.499999999999999778e-01 3.538309415817089132e+00 2.006569510464885006e-02 3.825000000000000000e+05 9.744387914178590293e+00 1.462303585583166754e-01 1.173000000000000000e+06 -7.160034219467988237e+00
8.599999999999999867e-01 3.539135112266821093e+00 1.978533796775541059e-02 3.870000000000000000e+05 9.721067928320019647e+00 1.498923304471484752e-01 1.186800000000000000e+06 -7.160034219467988237e+00
8.699999999999999956e-01 3.539881077932956366e+00 2.009048360799980601e-02 3.915000000000000000e+05 9.701067988964735989e+00 1.506640205473872562e-01 1.200600000000000000e+06 -7.160034219467988237e+00
8.800000000000000044e-01 3.540337742495090367e+00 1.955830342391734825e-02 3.960000000000000000e+05 9.719221889025048355e+00 1.520852465510380558e-01 1.214400000000000000e+06 -7.160034219467988237e+00
8.900000000000000133e-01 3.539715118572139385e+00 1.953984996066881336e-02 4.005000000000000000e+05 9.755378023883134020e+00 1.472987021674859731e-01 1.228200000000000000e+06 -7.160034219467988237e+00
9.000000000000000222e-01 3.538520720589482416e+00 1.890492983009322767e-02 4.050000000000000000e+05 9.757972222458301204e+00 1.441231763566308832e-01 1.242000000000000000e+06 -7.160034219467988237e+00
9.100000000000000311e-01 3.538822435160227542e+00 1.817060067224639253e-02 4.095000000000000000e+05 9.757721777581425115e+00 1.429413759208209844e-01 1.255800000000000000e+06 -7.160034219467988237e+00
9.200000000000000400e-01 3.536218489810339705e+00 1.897925524260183489e-02 4.140000000000000000e+05 9.753346148328375875e+00 1.418748061651350922e-01 1.269600000000000000e+06 -7.160034219467988237e+00
9.300000000000000488e-01 3.535768883010913743e+00 1.957507532206842482e-02 4.185000000000000000e+05 9.766028760513354001e+00 1.415005527878829272e-01 1.283400000000000000e+06 -7.160034219467988237e+00
9.400000000000000577e-01 3.535270163266631460e+00 1.874614198724972730e-02 4.230000000000000000e+05 9.773799752966885634e+00 1.405410636615508635e-01 1.297200000000000000e+06 -7.160034219467988237e+00
9.500000000000000666e-01 3.535219277926308301e+00 1.873392334974412557e-02 4.275000000000000000e+05 9.781522347830687636e+00 1.424356425163309237e-01 1.311000000000000000e+06 -7.160034219467988237e+00
9.600000000000000755e-01 3.535528669764257614e+00 1.998800022987975988e-02 4.320000000000000000e+05 9.787474966618834316e+00 1.413256636857475046e-01 1.324800000000000000e+06 -7.160034219467988237e+00
9.699999999999999734e-01 3.534413035816153847e+00 1.907533413486128815e-02 4.365000000000000000e+05 9.785886999538805142e+00 1.387870916697197532e-01 1.338600000000000000e+06 -7.160034219467988237e+00
9.799999999999999822e-01 3.535274439080651643e+00 1.953325083890792777e-02 4.410000000000000000e+05 9.801402812955203103e+00 1.399406728439651915e-01 1.352400000000000000e+06 -7.160034219467988237e+00
9.899999999999999911e-01 3.536875112618432571e+00 1.910211157780025704e-02 4.455000000000000000e+05 9.808713463996587834e+00 1.427356084468484609e-01 1.366200000000000000e+06 -7.160034219467988237e+00
1.000000000000000000e+00 3.534887266599255451e+00 1.875244216078593776e-02 4.500000000000000000e+05 9.813822245944512801e+00 1.429490981201231026e-01 1.380000000000000000e+06 -7.160034219467988237e+00
