1.000000000000000021e-02 4.283241852895673496e+00 1.915289391062834079e-01 3.000000000000000000e+03 1.106658865468567399e+01 9.984930675903775921e-01 9.200000000000000000e+03 -7.024204337779943685e+00
2.000000000000000042e-02 4.219446135504026252e+00 1.534532413349715962e-01 6.000000000000000000e+03 1.048974244381042809e+01 8.129660168887256066e-01 1.840000000000000000e+04 -7.024204337779943685e+00
2.999999999999999889e-02 4.156728643593907258e+00 1.223502879865059900e-01 9.000000000000000000e+03 1.018838614689936328e+01 6.874021139071372355e-01 2.760000000000000000e+04 -7.024204337779943685e+00
4.000000000000000083e-02 4.132299143587665036e+00 1.148527147231133000e-01 1.200000000000000000e+04 9.884658211314366838e+00 6.369706681095930190e-01 3.680000000000000000e+04 -7.024204337779943685e+00
5.000000000000000278e-02 4.120858718831941658e+00 1.123590082512811728e-01 1.500000000000000000e+04 9.503999533763392904e+00 6.457010538708226610e-01 4.600000000000000000e+04 -7.024204337779943685e+00
6.000000000000000472e-02 4.054768925000463042e+00 9.474650337109905007e-02 1.800000000000000000e+04 9.624089267716820828e+00 5.654791943760100192e-01 5.520000000000000000e+04 -7.024204337779943685e+00
6.999999999999999278e-02 4.041743688399780154e+00 1.011238726226664358e-01 2.098500000000000000e+04 9.307446038187288551e+00 5.238708465385755186e-01 6.435400000000000000e+04 -7.024204337779943685e+00
8.000000000000000167e-02 4.056982577981909088e+00 1.058284119229210285e-01 2.400000000000000000e+04 9.259516261351803834e+00 5.333195715118633773e-01 7.360000000000000000e+04 -7.024204337779943685e+00
8.999999999999999667e-02 4.046778631378230351e+00 9.676745145952767024e-02 2.700000000000000000e+04 9.460587157591053398e+00 4.731357050392320795e-01 8.280000000000000000e+04 -7.024204337779943685e+00
9.999999999999999167e-02 4.078110887057716738e+00 1.078151968632900942e-01 2.998500000000000000e+04 9.502325049815670610e+00 4.487993170426894385e-01 9.195400000000000000e+04 -7.024204337779943685e+00
1.100000000000000006e-01 4.082446143734754784e+00 9.787267620804483703e-02 3.300000000000000000e+04 9.555265677817093461e+00 4.748209342911896558e-01 1.012000000000000000e+05 -7.024204337779943685e+00
1.199999999999999956e-01 4.078644237600944855e+00 8.877213781491173628e-02 3.600000000000000000e+04 9.607226829437315985e+00 4.650027470398496177e-01 1.104000000000000000e+05 -7.024204337779943685e+00
1.300000000000000044e-01 4.102671086151158164e+00 8.964073623199519947e-02 3.900000000000000000e+04 9.774995611055290468e+00 4.583057405428149211e-01 1.196000000000000000e+05 -7.024204337779943685e+00
1.400000000000000133e-01 4.113674923745242573e+00 8.481959841952446677e-02 4.200000000000000000e+04 9.685630159239703829e+00 4.428268967133978107e-01 1.288000000000000000e+05 -7.024204337779943685e+00
1.500000000000000222e-01 4.106440502242473478e+00 9.032735788424170464e-02 4.500000000000000000e+04 9.622561870169178633e+00 4.094816592378555109e-01 1.380000000000000000e+05 -7.024204337779943685e+00
1.600000000000000033e-01 4.114444223964145664e+00 9.323092726442624989e-02 4.800000000000000000e+04 9.651278947059706681e+00 4.248810304407085736e-01 1.472000000000000000e+05 -7.024204337779943685e+00
1.700000000000000122e-01 4.118085203305994035e+00 8.965263317878124916e-02 5.100000000000000000e+04 9.669797558851577435e+00 3.939170631366752939e-01 1.564000000000000000e+05 -7.024204337779943685e+00
1.800000000000000211e-01 4.106951387134953890e+00 8.041825614893906293e-02 5.400000000000000000e+04 9.600626875980474040e+00 3.735092023613059142e-01 1.656000000000000000e+05 -7.024204337779943685e+00
1.900000000000000022e-01 4.103656428099853315e+00 8.238805557936507151e-02 5.700000000000000000e+04 9.522720762095465474e+00 3.460299814206491686e-01 1.748000000000000000e+05 -7.024204337779943685e+00
2.000000000000000111e-01 4.119854815259804681e+00 8.139524278066463669e-02 6.000000000000000000e+04 9.526672110772796742e+00 3.593542361081408232e-01 1.840000000000000000e+05 -7.024204337779943685e+00
2.100000000000000200e-01 4.138384922954044143e+00 7.826876962020642980e-02 6.300000000000000000e+04 9.528337472701149835e+00 3.515677832505696987e-01 1.932000000000000000e+05 -7.024204337779943685e+00
2.200000000000000011e-01 4.133983652460700320e+00 7.272887585852008674e-02 6.600000000000000000e+04 9.381381683309466979e+00 3.508126049258836754e-01 2.024000000000000000e+05 -7.024204337779943685e+00
2.300000000000000100e-01 4.121392929368515645e+00 7.036914201936501911e-02 6.900000000000000000e+04 9.353587685451545397e+00 3.584949868595375122e-01 2.116000000000000000e+05 -7.024204337779943685e+00
2.400000000000000189e-01 4.120057781069342617e+00 6.635620214523921256e-02 7.200000000000000000e+04 9.269356088528239113e+00 3.482938846166824254e-01 2.208000000000000000e+05 -7.024204337779943685e+00
2.500000000000000000e-01 4.112035607159598705e+00 6.505516855109783059e-02 7.500000000000000000e+04 9.345765258759298533e+00 3.225749316967759239e-01 2.300000000000000000e+05 -7.024204337779943685e+00
2.600000000000000089e-01 4.115574573344057185e+00 6.266961066100969202e-02 7.800000000000000000e+04 9.328220059685266463e+00 3.229413225282251054e-01 2.392000000000000000e+05 -7.024204337779943685e+00
2.700000000000000178e-01 4.112974030183588425e+00 6.698422051829459878e-02 8.100000000000000000e+04 9.259390369573965884e+00 3.193231196036325215e-01 2.484000000000000000e+05 -7.024204337779943685e+00
2.800000000000000266e-01 4.115979425520569279e+00 6.032727178567518639e-02 8.400000000000000000e+04 9.310685150378128938e+00 3.148368698529395715e-01 2.576000000000000000e+05 -7.024204337779943685e+00
2.900000000000000355e-01 4.131091271829681055e+00 6.343246638560325057e-02 8.700000000000000000e+04 9.368679430217831339e+00 3.022578771495090799e-01 2.668000000000000000e+05 -7.024204337779943685e+00
2.999999999999999889e-01 4.136181275244964262e+00 6.383422006313682617e-02 9.000000000000000000e+04 9.408595585288081153e+00 3.014148783266912823e-01 2.760000000000000000e+05 -7.024204337779943685e+00
3.099999999999999978e-01 4.132342481081145102e+00 6.176082661430559728e-02 9.300000000000000000e+04 9.411743266303172817e+00 3.130535423975069342e-01 2.852000000000000000e+05 -7.024204337779943685e+00
3.200000000000000067e-01 4.137973899261816690e+00 6.715118071189266069e-02 9.600000000000000000e+04 9.447389379082926197e+00 3.164777200102601440e-01 2.944000000000000000e+05 -7.024204337779943685e+00
3.300000000000000155e-01 4.149783122033228189e+00 6.580117874628735319e-02 9.900000000000000000e+04 9.427528805228003961e+00 3.019126336910256114e-01 3.036000000000000000e+05 -7.024204337779943685e+00
3.400000000000000244e-01 4.145845122270084282e+00 6.954734629825656822e-02 1.020000000000000000e+05 9.469127362306739570e+00 2.830547945401892806e-01 3.128000000000000000e+05 -7.024204337779943685e+00
3.500000000000000333e-01 4.146221493887613185e+00 6.345934132584424292e-02 1.050000000000000000e+05 9.442099213797563451e+00 2.781599724397503803e-01 3.220000000000000000e+05 -7.024204337779943685e+00
3.600000000000000422e-01 4.150848899098822820e+00 5.571370060626135851e-02 1.080000000000000000e+05 9.430690446124273763e+00 2.673739858589175844e-01 3.312000000000000000e+05 -7.024204337779943685e+00
3.699999999999999956e-01 4.150151767731757424e+00 5.604916619937527072e-02 1.110000000000000000e+05 9.435722403216757925e+00 2.702256744117724763e-01 3.404000000000000000e+05 -7.024204337779943685e+00
3.800000000000000044e-01 4.146174511596286472e+00 5.769847825421938609e-02 1.140000000000000000e+05 9.426073471569528905e+00 2.655242727418850590e-01 3.496000000000000000e+05 -7.024204337779943685e+00
3.900000000000000133e-01 4.141494807701073810e+00 5.480240351382310166e-02 1.170000000000000000e+05 9.495371316838246756e+00 2.722274077473138543e-01 3.588000000000000000e+05 -7.024204337779943685e+00
4.000000000000000222e-01 4.127930744495629689e+00 5.350127200667689764e-02 1.200000000000000000e+05 9.483657956918326803e+00 2.639927656998988237e-01 3.680000000000000000e+05 -7.024204337779943685e+00
4.100000000000000311e-01 4.124583242784767734e+00 5.132146992508661992e-02 1.230000000000000000e+05 9.486170313163951207e+00 2.530545656932669529e-01 3.772000000000000000e+05 -7.024204337779943685e+00
4.200000000000000400e-01 4.115224727568207896e+00 5.486810912095985843e-02 1.260000000000000000e+05 9.539636504175719622e+00 2.523450517604544641e-01 3.864000000000000000e+05 -7.024204337779943685e+00
4.299999999999999933e-01 4.122039614215388781e+00 5.292573251626119663e-02 1.290000000000000000e+05 9.520749695188802875e+00 2.409844205416528939e-01 3.956000000000000000e+05 -7.024204337779943685e+00
4.400000000000000022e-01 4.131912045997310656e+00 5.528965571790612349e-02 1.320000000000000000e+05 9.557753232517992359e+00 2.517801131625671540e-01 4.048000000000000000e+05 -7.024204337779943685e+00
4.500000000000000111e-01 4.134036279868946728e+00 5.565547972407212246e-02 1.350000000000000000e+05 9.571815525654265855e+00 2.521348967663045726e-01 4.140000000000000000e+05 -7.024204337779943685e+00
4.600000000000000200e-01 4.136200703361744502e+00 4.928232230319926077e-02 1.380000000000000000e+05 9.583817828288454521e+00 2.354099651067616261e-01 4.232000000000000000e+05 -7.024204337779943685e+00
4.700000000000000289e-01 4.129132139728126205e+00 4.793444387751844005e-02 1.410000000000000000e+05 9.594280993273024194e+00 2.464323333159581519e-01 4.324000000000000000e+05 -7.024204337779943685e+00
4.800000000000000377e-01 4.129974553886659017e+00 4.992956930648857761e-02 1.440000000000000000e+05 9.630725364003916766e+00 2.482851341759212127e-01 4.416000000000000000e+05 -7.024204337779943685e+00
4.899999999999999911e-01 4.124845850792650204e+00 4.744038872552357872e-02 1.470000000000000000e+05 9.680307209664045232e+00 2.511422259214834418e-01 4.508000000000000000e+05 -7.024204337779943685e+00
5.000000000000000000e-01 4.122579259264847806e+00 4.810869392294422897e-02 1.500000000000000000e+05 9.655058931860390103e+00 2.476445555012682931e-01 4.600000000000000000e+05 -7.024204337779943685e+00
5.100000000000000089e-01 4.125345108578242659e+00 4.688189602265576544e-02 1.530000000000000000e+05 9.624993661267074785e+00 2.479952125095678805e-01 4.692000000000000000e+05 -7.024204337779943685e+00
5.200000000000000178e-01 4.129619776278422805e+00 4.560249101276995370e-02 1.560000000000000000e+05 9.647276658692348406e+00 2.557227254329154098e-01 4.784000000000000000e+05 -7.024204337779943685e+00
5.300000000000000266e-01 4.130965380065872772e+00 4.478637835629626501e-02 1.590000000000000000e+05 9.678342847372551461e+00 2.592261049239583670e-01 4.876000000000000000e+05 -7.024204337779943685e+00
5.400000000000000355e-01 4.127983102777368352e+00 4.783849547975387029e-02 1.620000000000000000e+05 9.724067125927925659e+00 2.600973666108716276e-01 4.968000000000000000e+05 -7.024204337779943685e+00
5.500000000000000444e-01 4.137194113691538888e+00 4.654624348279703255e-02 1.650000000000000000e+05 9.721465974593375137e+00 2.728673662366370989e-01 5.060000000000000000e+05 -7.024204337779943685e+00
5.600000000000000533e-01 4.135758422098207099e+00 4.742724609987131884e-02 1.680000000000000000e+05 9.731248527949873051e+00 2.411929379421149655e-01 5.152000000000000000e+05 -7.024204337779943685e+00
5.700000000000000622e-01 4.134753751211805550e+00 4.610522572012712428e-02 1.710000000000000000e+05 9.741933754133395240e+00 2.563673165763565298e-01 5.244000000000000000e+05 -7.024204337779943685e+00
5.800000000000000711e-01 4.135268385714557127e+00 4.437531518049774720e-02 1.740000000000000000e+05 9.723063404594077141e+00 2.395755586801691095e-01 5.336000000000000000e+05 -7.024204337779943685e+00
5.899999999999999689e-01 4.136904381310341883e+00 4.393975796112428028e-02 1.770000000000000000e+05 9.730826313108790870e+00 2.465971199054276253e-01 5.428000000000000000e+05 -7.024204337779943685e+00
5.999999999999999778e-01 4.140883487937085938e+00 4.208643842916974520e-02 1.800000000000000000e+05 9.720168347373400408e+00 2.413866122708442641e-01 5.520000000000000000e+05 -7.024204337779943685e+00
6.099999999999999867e-01 4.131722422993098220e+00 4.099200932085312471e-02 1.830000000000000000e+05 9.715509175175503387e+00 2.325355318980413533e-01 5.612000000000000000e+05 -7.024204337779943685e+00
6.199999999999999956e-01 4.129262705794080723e+00 3.980565903033392305e-02 1.860000000000000000e+05 9.702200707834087723e+00 2.262373921656302411e-01 5.704000000000000000e+05 -7.024204337779943685e+00
6.300000000000000044e-01 4.128508353348064652e+00 4.233844615882017409e-02 1.890000000000000000e+05 9.690984944305212068e+00 2.266189979259715104e-01 5.796000000000000000e+05 -7.024204337779943685e+00
6.400000000000000133e-01 4.134714109595550191e+00 4.140250266033145693e-02 1.920000000000000000e+05 9.672885305731066197e+00 2.357009245311298962e-01 5.888000000000000000e+05 -7.024204337779943685e+00
6.500000000000000222e-01 4.134848711007693467e+00 4.270495316405927000e-02 1.950000000000000000e+05 9.666051568798488702e+00 2.312201424351462697e-01 5.980000000000000000e+05 -7.024204337779943685e+00
6.600000000000000311e-01 4.133919335246684312e+00 4.418485106235239823e-02 1.980000000000000000e+05 9.636719723943347304e+00 2.398823672484454439e-01 6.072000000000000000e+05 -7.024204337779943685e+00
6.700000000000000400e-01 4.137221664245438468e+00 4.305617547758506386e-02 2.010000000000000000e+05 9.618700899943101845e+00 2.280536692622593675e-01 6.164000000000000000e+05 -7.024204337779943685e+00
6.800000000000000488e-01 4.141182043518687905e+00 4.157714944675850594e-02 2.040000000000000000e+05 9.629044890157182124e+00 2.243214663299504807e-01 6.256000000000000000e+05 -7.024204337779943685e+00
6.900000000000000577e-01 4.141685263650771276e+00 4.115385110653845685e-02 2.070000000000000000e+05 9.645204825683492800e+00 2.302091763185394602e-01 6.348000000000000000e+05 -7.024204337779943685e+00
7.000000000000000666e-01 4.141976556751615135e+00 4.049266205865896529e-02 2.100000000000000000e+05 9.628702374438814715e+00 2.240340952592271284e-01 6.440000000000000000e+05 -7.024204337779943685e+00
7.100000000000000755e-01 4.142192577113164909e+00 4.076141319881289998e-02 2.130000000000000000e+05 9.604050317706718687e+00 2.210699535747490119e-01 6.532000000000000000e+05 -7.024204337779943685e+00
7.199999999999999734e-01 4.145260504490082987e+00 3.955305535154200053e-02 2.160000000000000000e+05 9.607976677171603086e+00 2.277579374346928309e-01 6.624000000000000000e+05 -7.024204337779943685e+00
7.299999999999999822e-01 4.149335029984714929e+00 3.904578281073905338e-02 2.190000000000000000e+05 9.640674854335394173e+00 2.234839707742352910e-01 6.716000000000000000e+05 -7.024204337779943685e+00
7.399999999999999911e-01 4.151137970456602488e+00 4.044781406937410229e-02 2.220000000000000000e+05 9.658716379944806363e+00 2.011167111150141962e-01 6.808000000000000000e+05 -7.024204337779943685e+00
7.500000000000000000e-01 4.149468517461209593e+00 3.782433564461643721e-02 2.250000000000000000e+05 9.646019582602461284e+00 1.988233331242867108e-01 6.900000000000000000e+05 -7.024204337779943685e+00
7.600000000000000089e-01 4.148052292133883157e+00 4.021905553354836876e-02 2.280000000000000000e+05 9.653142771718474791e+00 2.030350933816633396e-01 6.992000000000000000e+05 -7.024204337779943685e+00
7.700000000000000178e-01 4.148690492971440769e+00 3.775899153615847048e-02 2.310000000000000000e+05 9.671695281872027650e+00 2.073676314634412543e-01 7.084000000000000000e+05 -7.024204337779943685e+00
7.800000000000000266e-01 4.149832313319341104e+00 3.802220816141108073e-02 2.340000000000000000e+05 9.665740649814887675e+00 2.040270757067105534e-01 7.176000000000000000e+05 -7.024204337779943685e+00
7.900000000000000355e-01 4.155491217272511584e+00 3.922080660545747971e-02 2.370000000000000000e+05 9.684780535972757676e+00 1.856962344826528499e-01 7.268000000000000000e+05 -7.024204337779943685e+00
8.000000000000000444e-01 4.153520563972055157e+00 3.847434762303891809e-02 2.400000000000000000e+05 9.693477210041866243e+00 2.009656145836807295e-01 7.360000000000000000e+05 -7.024204337779943685e+00
8.100000000000000533e-01 4.145780122940585066e+00 3.696330915571295617e-02 2.430000000000000000e+05 9.730068240724067508e+00 1.925229826655999732e-01 7.452000000000000000e+05 -7.024204337779943685e+00
8.200000000000000622e-01 4.145588387712671796e+00 3.679313369722887056e-02 2.460000000000000000e+05 9.726816829372245010e+00 1.973587688021387621e-01 7.544000000000000000e+05 -7.024204337779943685e+00
8.300000000000000711e-01 4.148048478625729452e+00 3.657034483516941048e-02 2.490000000000000000e+05 9.709159004213079314e+00 1.976202658306559223e-01 7.636000000000000000e+05 -7.024204337779943685e+00
8.400000000000000799e-01 4.147010167722457119e+00 3.520055153928957486e-02 2.520000000000000000e+05 9.701024641528897874e+00 1.980555914848320942e-01 7.728000000000000000e+05 -7.024204337779943685e+00
8.499999999999999778e-01 4.145753700596331193e+00 3.478852799959727266e-02 2.550000000000000000e+05 9.686157444660860705e+00 1.887730483008546734e-01 7.820000000000000000e+05 -7.024204337779943685e+00
8.599999999999999867e-01 4.148093082921816332e+00 3.380740739084753255e-02 2.580000000000000000e+05 9.704556278695998017e+00 1.933478854610789222e-01 7.912000000000000000e+05 -7.024204337779943685e+00
8.699999999999999956e-01 4.151873225291624614e+00 3.610697626947956956e-02 2.610000000000000000e+05 9.671812534836961461e+00 2.006643046844687472e-01 8.004000000000000000e+05 -7.024204337779943685e+00
8.800000000000000044e-01 4.145357476441033029e+00 3.454463544231665961e-02 2.640000000000000000e+05 9.662330847418953539e+00 2.016166209210569771e-01 8.096000000000000000e+05 -7.024204337779943685e+00
8.900000000000000133e-01 4.139956268451695287e+00 3.514461664515782652e-02 2.670000000000000000e+05 9.692415801318993829e+00 1.841306908013346788e-01 8.188000000000000000e+05 -7.024204337779943685e+00
9.000000000000000222e-01 4.137711060002926544e+00 3.616340744455863454e-02 2.700000000000000000e+05 9.701903493135960233e+00 1.926320588791553545e-01 8.280000000000000000e+05 -7.024204337779943685e+00
9.100000000000000311e-01 4.132512881275951955e+00 3.632175816516811789e-02 2.730000000000000000e+05 9.701323131354046225e+00 1.774077311844456106e-01 8.372000000000000000e+05 -7.024204337779943685e+00
9.200000000000000400e-01 4.132546030982154228e+00 3.608801118648967410e-02 2.760000000000000000e+05 9.705818747404649116e+00 1.915019302341897101e-01 8.464000000000000000e+05 -7.024204337779943685e+00
9.300000000000000488e-01 4.131773382412974094e+00 3.618031747421403266e-02 2.790000000000000000e+05 9.694563118154215786e+00 1.899938158534719423e-01 8.556000000000000000e+05 -7.024204337779943685e+00
9.400000000000000577e-01 4.130399022351722849e+00 3.674046502875342318e-02 2.820000000000000000e+05 9.676467423977021198e+00 1.817523990011627177e-01 8.648000000000000000e+05 -7.024204337779943685e+00
9.500000000000000666e-01 4.125038345522701100e+00 3.718701392886446244e-02 2.850000000000000000e+05 9.670415688816307309e+00 1.839748874799711498e-01 8.740000000000000000e+05 -7.024204337779943685e+00
9.600000000000000755e-01 4.122762268796489771e+00 3.333667692221801981e-02 2.880000000000000000e+05 9.687208061256479041e+00 1.799913296528053430e-01 8.832000000000000000e+05 -7.024204337779943685e+00
9.699999999999999734e-01 4.113915139922233344e+00 3.618376923037803367e-02 2.910000000000000000e+05 9.670462172349536090e+00 1.778241326539783396e-01 8.924000000000000000e+05 -7.024204337779943685e+00
9.799999999999999822e-01 4.114443664207209750e+00 3.574212287788607056e-02 2.940000000000000000e+05 9.655455256759328364e+00 1.725596586531345789e-01 9.016000000000000000e+05 -7.024204337779943685e+00
9.899999999999999911e-01 4.113386165257988836e+00 3.451153759165905693e-02 2.970000000000000000e+05 9.666065929233278453e+00 1.740242106314367765e-01 9.108000000000000000e+05 -7.024204337779943685e+00
1.000000000000000000e+00 4.110129875101280028e+00 3.661590062128304568e-02 3.000000000000000000e+05 9.660319289628468198e+00 1.710803379364048415e-01 9.200000000000000000e+05 -7.024204337779943685e+00
