
          -------------------------------------------------------
          Amber 18 PMEMD                              2018
          -------------------------------------------------------

| PMEMD implementation of SANDER, Release 18

| Run on 05/02/2018 at 12:00:24

|   Executable path: pmemd.cuda
| Working directory: /oasis/tscc/scratch/davids4/SAMPLing-cut9/11499574.tscc-mgr.local
|          Hostname: tscc-gpu-5-10.sdsc.edu

  [-O]verwriting output

File Assignments:
|   MDIN: equil.000.in                                                          
|  MDOUT: equil.000.out                                                         
| INPCRD: minimize.rst7                                                         
|   PARM: solvate.prmtop                                                        
| RESTRT: equil.000.rst7                                                        
|   REFC: solvate.rst7                                                          
|  MDVEL: mdvel                                                                 
|   MDEN: equil.000.mden                                                        
|  MDCRD: equil.000.nc                                                          
| MDINFO: equil.000.mdinfo                                                      
|  MDFRC: mdfrc                                                                 


 Here is the input file:

PBC MD Simulation                                                              
 &cntrl                                                                        
  imin =          0,                                                           
  ntx =           1,                                                           
  irest =         0,                                                           
  maxcyc =        0,                                                           
  ncyc =          0,                                                           
  dt =            0.002,                                                       
  nstlim =        500000,                                                      
  ntpr =          500,                                                         
  ntwe =          500,                                                         
  ntwr =          250,                                                         
  ntwx =          250,                                                         
  ntxo =          1,                                                           
  ioutfm =        1,                                                           
  ntf =           2,                                                           
  ntc =           2,                                                           
  cut =           9.0,                                                         
  igb =           0,                                                           
  tempi =         298.15,                                                      
  temp0 =         298.15,                                                      
  ntt =           3,                                                           
  gamma_ln =      1.0,                                                         
  ig =            -1,                                                          
  ntp =           1,                                                           
  barostat =      2,                                                           
  ntr =           1,                                                           
  restraint_wt =  50.0,                                                        
  restraintmask = '@DUM',                                                      
  nmropt =        1,                                                           
  pencut =        -1,                                                          
  ntwprt =        206,                                                         
 /                                                                             
 &wt type = 'END', /                                                           
DISANG = disang.rest                                                           
LISTOUT = POUT                                                                 
                                                                               


Note: ig = -1. Setting random seed to   656487 based on wallclock time in 
      microseconds.
| irandom = 1, using AMBER's internal random number generator (default).
 
|--------------------- INFORMATION ----------------------
| GPU (CUDA) Version of PMEMD in use: NVIDIA GPU IN USE.
|                    Version 18.0.0
| 
|                      03/25/2018
| 
| Implementation by:
|                    Ross C. Walker     (SDSC)
|                    Scott Le Grand     (nVIDIA)
| 
| Version 18 performance extensions by:
|                    David Cerutti     (Rutgers)
| 
| Precision model in use:
|      [SPFP] - Single Precision Forces, 64-bit Fixed Point
|               Accumulation. (Default)
| 
|--------------------------------------------------------
 
|----------------- CITATION INFORMATION -----------------
|
|    When publishing work that utilized the CUDA version
|    of AMBER, please cite the following in addition to
|    the regular AMBER citations:
|
|  - Romelia Salomon-Ferrer; Andreas W. Goetz; Duncan
|    Poole; Scott Le Grand; Ross C. Walker "Routine
|    microsecond molecular dynamics simulations with
|    AMBER - Part II: Particle Mesh Ewald", J. Chem.
|    Theory Comput., 2013, 9 (9), pp3878-3888,
|    DOI: 10.1021/ct400314y.
|
|  - Andreas W. Goetz; Mark J. Williamson; Dong Xu;
|    Duncan Poole; Scott Le Grand; Ross C. Walker
|    "Routine microsecond molecular dynamics simulations
|    with AMBER - Part I: Generalized Born", J. Chem.
|    Theory Comput., 2012, 8 (5), pp1542-1555.
|
|  - Scott Le Grand; Andreas W. Goetz; Ross C. Walker
|    "SPFP: Speed without compromise - a mixed precision
|    model for GPU accelerated molecular dynamics
|    simulations.", Comp. Phys. Comm., 2013, 184
|    pp374-380, DOI: 10.1016/j.cpc.2012.09.022
|
|--------------------------------------------------------
 
|------------------- GPU DEVICE INFO --------------------
|
|            CUDA_VISIBLE_DEVICES: 2
|   CUDA Capable Devices Detected:      1
|           CUDA Device ID in use:      0
|                CUDA Device Name: GeForce GTX TITAN X
|     CUDA Device Global Mem Size:  12207 MB
| CUDA Device Num Multiprocessors:     24
|           CUDA Device Core Freq:   1.08 GHz
|
|--------------------------------------------------------
 
 
| Conditional Compilation Defines Used:
| PUBFFT
| BINTRAJ
| CUDA
| EMIL

| Largest sphere to fit in unit cell has radius =    22.541

| New format PARM file being parsed.
| Version =    1.000 Date = 04/23/18 Time = 20:12:37

| Note: 1-4 EEL scale factors are being read from the topology file.

| Note: 1-4 VDW scale factors are being read from the topology file.
| Duplicated    0 dihedrals

| Duplicated    0 dihedrals

--------------------------------------------------------------------------------
   1.  RESOURCE   USE: 
--------------------------------------------------------------------------------

 getting new box info from bottom of inpcrd
 NATOM  =    9223 NTYPES =      11 NBONH =    9067 MBONA  =     155
 NTHETH =     153 MTHETA =     232 NPHIH =     345 MPHIA  =     366
 NHPARM =       0 NPARM  =       0 NNB   =   13221 NRES   =    3022
 NBONA  =     155 NTHETA =     232 NPHIA =     366 NUMBND =      13
 NUMANG =      22 NPTRA  =      15 NATYP =      13 NPHB   =       0
 IFBOX  =       1 NMXRS  =     184 IFCAP =       0 NEXTRA =       0
 NCOPY  =       0

| Coordinate Index Table dimensions:     9    9   12
| Direct force subcell size =     5.1070    5.0092    5.0679

     BOX TYPE: RECTILINEAR

--------------------------------------------------------------------------------
   2.  CONTROL  DATA  FOR  THE  RUN
--------------------------------------------------------------------------------

default_name                                                                    

General flags:
     imin    =       0, nmropt  =       1

Nature and format of input:
     ntx     =       1, irest   =       0, ntrx    =       1

Nature and format of output:
     ntxo    =       1, ntpr    =     500, ntrx    =       1, ntwr    =     250
     iwrap   =       0, ntwx    =     250, ntwv    =       0, ntwe    =     500
     ioutfm  =       1, ntwprt  =     206, idecomp =       0, rbornstat=      0

Potential function:
     ntf     =       2, ntb     =       2, igb     =       0, nsnb    =      25
     ipol    =       0, gbsa    =       0, iesp    =       0
     dielc   =   1.00000, cut     =   9.00000, intdiel =   1.00000

Frozen or restrained atoms:
     ibelly  =       0, ntr     =       1
     restraint_wt =  50.00000

Molecular dynamics:
     nstlim  =    500000, nscm    =         0, nrespa  =         1
     t       =   0.00000, dt      =   0.00200, vlimit  =  -1.00000

Langevin dynamics temperature regulation:
     ig      =  656487
     temp0   = 298.15000, tempi   = 298.15000, gamma_ln=   1.00000

Pressure regulation:
     ntp     =       1
     pres0   =   1.00000, comp    =  44.60000, taup    =   1.00000
     Monte-Carlo Barostat:
     mcbarint  =     100

SHAKE:
     ntc     =       2, jfastw  =       0
     tol     =   0.00001

NMR refinement options:
     iscale  =       0, noeskp  =       1, ipnlty  =       1, mxsub   =       1
     scalm   = 100.00000, pencut  =  -1.00000, tausw   =   0.10000

| Intermolecular bonds treatment:
|     no_intermolecular_bonds =       1

| Energy averages sample interval:
|     ene_avg_sampling =     500

Ewald parameters:
     verbose =       0, ew_type =       0, nbflag  =       1, use_pme =       1
     vdwmeth =       1, eedmeth =       1, netfrc  =       1
     Box X =   45.963   Box Y =   45.083   Box Z =   60.815
     Alpha =   90.000   Beta  =   90.000   Gamma =   90.000
     NFFT1 =   48       NFFT2 =   48       NFFT3 =   64
     Cutoff=    9.000   Tol   =0.100E-04
     Ewald Coefficient =  0.30768
     Interpolation order =    4

    LOADING THE CONSTRAINED ATOMS AS GROUPS


   5.  REFERENCE ATOM COORDINATES

  default_name                                                                    
     Mask @DUM; matches     3 atoms
| MONTE CARLO BAROSTAT IMPORTANT NOTE:
|   The Monte-Carlo barostat does not require the virial to adjust the system volume.
|   Since it is an expensive calculation, it is skipped for efficiency. A side-effect
|   is that the reported pressure is always 0 because it is not calculated.

--------------------------------------------------------------------------------
   3.  ATOMIC COORDINATES AND VELOCITIES
--------------------------------------------------------------------------------

default_name                                                                    
 begin time read from input coords =     0.000 ps



           Begin reading energy term weight changes/NMR restraints
 WEIGHT CHANGES:
                         ** No weight changes given **

 RESTRAINTS:
 Requested file redirections:
  DISANG    = disang.rest
  LISTOUT   = POUT
 Restraints will be read from file: disang.rest
Here are comments from the DISANG input file:

                       Number of restraints read =     9

                  Done reading weight changes/NMR restraints


 
 Number of triangulated 3-point waters found:     3000

     Sum of charges from parm topology file =   0.00000002
     Forcing neutrality...

| Dynamic Memory, Types Used:
| Reals              528921
| Integers           284277

| Nonbonded Pairs Initial Allocation:     2102844

| GPU memory information (estimate):
| KB of GPU memory in use:         0
| KB of CPU memory in use:         0

--------------------------------------------------------------------------------
   4.  RESULTS
--------------------------------------------------------------------------------


 NSTEP =        0   TIME(PS) =       0.000  TEMP(K) =   436.83  PRESS =     0.0
 Etot   =    -30776.0123  EKtot   =      8073.9163  EPtot      =    -38849.9286
 BOND   =        13.2736  ANGLE   =        52.4106  DIHED      =       104.2368
 1-4 NB =        67.5388  1-4 EEL =        59.3463  VDWAALS    =      6174.1280
 EELEC  =    -45321.6758  EHBOND  =         0.0000  RESTRAINT  =         0.8131
 EAMBER (non-restraint)  =    -38850.7417
 EKCMT  =         0.0000  VIRIAL  =         0.0000  VOLUME     =    126014.5159
                                                    Density    =         0.7505
 ------------------------------------------------------------------------------

 NMR restraints: Bond =    0.607   Angle =     0.177   Torsion =     0.005
===============================================================================

 NSTEP =      500   TIME(PS) =       1.000  TEMP(K) =   263.04  PRESS =     0.0
 Etot   =    -25906.3856  EKtot   =      4861.7070  EPtot      =    -30768.0927
 BOND   =        45.2882  ANGLE   =       104.4445  DIHED      =       127.8373
 1-4 NB =        69.7854  1-4 EEL =        62.7918  VDWAALS    =      4952.7028
 EELEC  =    -36136.4425  EHBOND  =         0.0000  RESTRAINT  =         5.4998
 EAMBER (non-restraint)  =    -30773.5925
 EKCMT  =         0.0000  VIRIAL  =         0.0000  VOLUME     =    123677.3930
                                                    Density    =         0.7646
 ------------------------------------------------------------------------------

 NMR restraints: Bond =    1.474   Angle =     0.999   Torsion =     0.825
===============================================================================

 NSTEP =     1000   TIME(PS) =       2.000  TEMP(K) =   286.26  PRESS =     0.0
 Etot   =    -25103.9483  EKtot   =      5290.9985  EPtot      =    -30394.9468
 BOND   =        48.2052  ANGLE   =       111.7787  DIHED      =       135.2735
 1-4 NB =        75.0418  1-4 EEL =        60.5588  VDWAALS    =      4314.1238
 EELEC  =    -35146.8069  EHBOND  =         0.0000  RESTRAINT  =         6.8782
 EAMBER (non-restraint)  =    -30401.8250
 EKCMT  =         0.0000  VIRIAL  =         0.0000  VOLUME     =    121344.2229
                                                    Density    =         0.7793
 ------------------------------------------------------------------------------

 NMR restraints: Bond =    0.633   Angle =     1.301   Torsion =     1.200
===============================================================================

 NSTEP =     1500   TIME(PS) =       3.000  TEMP(K) =   293.25  PRESS =     0.0
 Etot   =    -24759.2897  EKtot   =      5420.0820  EPtot      =    -30179.3718
 BOND   =        65.3353  ANGLE   =       113.9697  DIHED      =       135.3572
 1-4 NB =        71.9719  1-4 EEL =        58.0386  VDWAALS    =      4410.8765
 EELEC  =    -35042.5392  EHBOND  =         0.0000  RESTRAINT  =         7.6181
 EAMBER (non-restraint)  =    -30186.9899
 EKCMT  =         0.0000  VIRIAL  =         0.0000  VOLUME     =    120382.9018
                                                    Density    =         0.7856
 ------------------------------------------------------------------------------

 NMR restraints: Bond =    1.550   Angle =     3.112   Torsion =     0.683
===============================================================================

 NSTEP =     2000   TIME(PS) =       4.000  TEMP(K) =   297.19  PRESS =     0.0
 Etot   =    -24540.9531  EKtot   =      5492.9390  EPtot      =    -30033.8921
 BOND   =        55.5119  ANGLE   =       106.6001  DIHED      =       132.2005
 1-4 NB =        73.2811  1-4 EEL =        62.5411  VDWAALS    =      4345.5029
 EELEC  =    -34814.3271  EHBOND  =         0.0000  RESTRAINT  =         4.7975
 EAMBER (non-restraint)  =    -30038.6895
 EKCMT  =         0.0000  VIRIAL  =         0.0000  VOLUME     =    117517.0046
                                                    Density    =         0.8047
 ------------------------------------------------------------------------------

 NMR restraints: Bond =    0.444   Angle =     0.765   Torsion =     0.528
===============================================================================

 NSTEP =     2500   TIME(PS) =       5.000  TEMP(K) =   300.61  PRESS =     0.0
 Etot   =    -24488.4598  EKtot   =      5556.0967  EPtot      =    -30044.5565
 BOND   =        56.0253  ANGLE   =       110.9775  DIHED      =       133.2268
 1-4 NB =        71.0534  1-4 EEL =        58.7354  VDWAALS    =      4296.8758
 EELEC  =    -34776.8956  EHBOND  =         0.0000  RESTRAINT  =         5.4449
 EAMBER (non-restraint)  =    -30050.0014
 EKCMT  =         0.0000  VIRIAL  =         0.0000  VOLUME     =    116770.3452
                                                    Density    =         0.8099
 ------------------------------------------------------------------------------

 NMR restraints: Bond =    0.298   Angle =     2.064   Torsion =     0.960
===============================================================================

 NSTEP =     3000   TIME(PS) =       6.000  TEMP(K) =   299.94  PRESS =     0.0
 Etot   =    -24565.0124  EKtot   =      5543.8042  EPtot      =    -30108.8166
 BOND   =        54.4091  ANGLE   =        99.0702  DIHED      =       132.6204
 1-4 NB =        74.8030  1-4 EEL =        66.4841  VDWAALS    =      4204.5622
 EELEC  =    -34745.2272  EHBOND  =         0.0000  RESTRAINT  =         4.4615
 EAMBER (non-restraint)  =    -30113.2781
 EKCMT  =         0.0000  VIRIAL  =         0.0000  VOLUME     =    114549.5300
                                                    Density    =         0.8256
 ------------------------------------------------------------------------------

 NMR restraints: Bond =    0.277   Angle =     2.177   Torsion =     0.007
===============================================================================

 NSTEP =     3500   TIME(PS) =       7.000  TEMP(K) =   294.10  PRESS =     0.0
 Etot   =    -24701.4068  EKtot   =      5435.8428  EPtot      =    -30137.2496
 BOND   =        53.0172  ANGLE   =       108.1775  DIHED      =       138.1361
 1-4 NB =        73.4264  1-4 EEL =        63.1049  VDWAALS    =      3999.7270
 EELEC  =    -34580.6861  EHBOND  =         0.0000  RESTRAINT  =         7.8473
 EAMBER (non-restraint)  =    -30145.0969
 EKCMT  =         0.0000  VIRIAL  =         0.0000  VOLUME     =    113858.5974
                                                    Density    =         0.8306
 ------------------------------------------------------------------------------

 NMR restraints: Bond =    1.069   Angle =     3.886   Torsion =     0.018
===============================================================================

 NSTEP =     4000   TIME(PS) =       8.000  TEMP(K) =   297.97  PRESS =     0.0
 Etot   =    -24727.9222  EKtot   =      5507.3091  EPtot      =    -30235.2313
 BOND   =        56.7949  ANGLE   =       104.0388  DIHED      =       134.3467
 1-4 NB =        76.5444  1-4 EEL =        60.1783  VDWAALS    =      4187.0948
 EELEC  =    -34861.3248  EHBOND  =         0.0000  RESTRAINT  =         7.0956
 EAMBER (non-restraint)  =    -30242.3269
 EKCMT  =         0.0000  VIRIAL  =         0.0000  VOLUME     =    112909.9314
                                                    Density    =         0.8376
 ------------------------------------------------------------------------------

 NMR restraints: Bond =    0.458   Angle =     3.422   Torsion =     0.916
===============================================================================

 NSTEP =     4500   TIME(PS) =       9.000  TEMP(K) =   303.11  PRESS =     0.0
 Etot   =    -24773.1493  EKtot   =      5602.3765  EPtot      =    -30375.5258
 BOND   =        47.5236  ANGLE   =       106.1813  DIHED      =       133.4419
 1-4 NB =        77.1448  1-4 EEL =        63.5673  VDWAALS    =      4280.0041
 EELEC  =    -35090.2802  EHBOND  =         0.0000  RESTRAINT  =         6.8914
 EAMBER (non-restraint)  =    -30382.4171
 EKCMT  =         0.0000  VIRIAL  =         0.0000  VOLUME     =    111012.1899
                                                    Density    =         0.8519
 ------------------------------------------------------------------------------

 NMR restraints: Bond =    0.079   Angle =     2.253   Torsion =     1.032
===============================================================================

 NSTEP =     5000   TIME(PS) =      10.000  TEMP(K) =   301.68  PRESS =     0.0
 Etot   =    -24836.4980  EKtot   =      5575.8545  EPtot      =    -30412.3525
 BOND   =        57.7029  ANGLE   =       115.8716  DIHED      =       131.2538
 1-4 NB =        77.1050  1-4 EEL =        59.4083  VDWAALS    =      4277.9504
 EELEC  =    -35138.0553  EHBOND  =         0.0000  RESTRAINT  =         6.4108
 EAMBER (non-restraint)  =    -30418.7633
 EKCMT  =         0.0000  VIRIAL  =         0.0000  VOLUME     =    109455.7372
                                                    Density    =         0.8640
 ------------------------------------------------------------------------------

 NMR restraints: Bond =    0.011   Angle =     4.225   Torsion =     0.789
===============================================================================

 NSTEP =     5500   TIME(PS) =      11.000  TEMP(K) =   294.02  PRESS =     0.0
 Etot   =    -25049.1417  EKtot   =      5434.3750  EPtot      =    -30483.5167
 BOND   =        52.5358  ANGLE   =       112.7433  DIHED      =       132.4874
 1-4 NB =        81.9353  1-4 EEL =        63.9089  VDWAALS    =      4134.3977
 EELEC  =    -35068.5232  EHBOND  =         0.0000  RESTRAINT  =         6.9981
 EAMBER (non-restraint)  =    -30490.5148
 EKCMT  =         0.0000  VIRIAL  =         0.0000  VOLUME     =    108035.6503
                                                    Density    =         0.8753
 ------------------------------------------------------------------------------

 NMR restraints: Bond =    0.422   Angle =     2.662   Torsion =     0.329
===============================================================================

 NSTEP =     6000   TIME(PS) =      12.000  TEMP(K) =   297.70  PRESS =     0.0
 Etot   =    -25134.2000  EKtot   =      5502.2900  EPtot      =    -30636.4901
 BOND   =        56.6794  ANGLE   =       112.2382  DIHED      =       130.3430
 1-4 NB =        73.8384  1-4 EEL =        59.7963  VDWAALS    =      4167.4692
 EELEC  =    -35243.6605  EHBOND  =         0.0000  RESTRAINT  =         6.8059
 EAMBER (non-restraint)  =    -30643.2960
 EKCMT  =         0.0000  VIRIAL  =         0.0000  VOLUME     =    105723.6972
                                                    Density    =         0.8945
 ------------------------------------------------------------------------------

 NMR restraints: Bond =    0.963   Angle =     2.815   Torsion =     0.829
===============================================================================

 NSTEP =     6500   TIME(PS) =      13.000  TEMP(K) =   297.44  PRESS =     0.0
 Etot   =    -25076.6843  EKtot   =      5497.6094  EPtot      =    -30574.2937
 BOND   =        52.7604  ANGLE   =       112.5866  DIHED      =       143.0184
 1-4 NB =        77.6056  1-4 EEL =        59.9449  VDWAALS    =      4176.5292
 EELEC  =    -35203.6034  EHBOND  =         0.0000  RESTRAINT  =         6.8647
 EAMBER (non-restraint)  =    -30581.1584
 EKCMT  =         0.0000  VIRIAL  =         0.0000  VOLUME     =    104531.5635
                                                    Density    =         0.9047
 ------------------------------------------------------------------------------

 NMR restraints: Bond =    0.926   Angle =     3.396   Torsion =     0.487
===============================================================================
