2018-04-30 05:45:47 PM Started logging...
2018-04-30 05:45:47 PM 2018-04-27_16:08:13_-0700-3c20478-0.0.3
2018-04-30 05:45:47 PM Writing minimize.in
2018-04-30 05:45:47 PM Running Minimization at ./
2018-04-30 05:45:47 PM Exec line: pmemd.cuda -O -p solvate.prmtop -ref solvate.rst7 -c solvate.rst7 -i minimize.in -o minimize.out -r minimize.rst7 -inf minimize.mdinfo
2018-04-30 05:45:51 PM Minimization completed...
2018-04-30 05:45:51 PM Writing equil.000.in
2018-04-30 05:45:51 PM Running MD at ./
2018-04-30 05:45:51 PM Exec line: pmemd.cuda -O -p solvate.prmtop -ref solvate.rst7 -c minimize.rst7 -i equil.000.in -o equil.000.out -r equil.000.rst7 -x equil.000.nc -inf equil.000.mdinfo -e equil.000.mden
2018-04-30 05:51:32 PM MD completed ...
2018-04-30 05:51:32 PM Writing prod.000.in
2018-04-30 05:51:32 PM Running MD at ./
2018-04-30 05:51:32 PM Exec line: pmemd.cuda -O -p solvate.prmtop -ref solvate.rst7 -c equil.rst7 -i prod.000.in -o prod.000.out -r prod.000.rst7 -x prod.000.nc -inf prod.000.mdinfo -e prod.000.mden
2018-04-30 05:55:47 PM MD completed ...
2018-04-30 05:55:47 PM Writing prod.001.in
2018-04-30 05:55:47 PM Running MD at ./
2018-04-30 05:55:47 PM Exec line: pmemd.cuda -O -p solvate.prmtop -ref solvate.rst7 -c prod.000.rst7 -i prod.001.in -o prod.001.out -r prod.001.rst7 -x prod.001.nc -inf prod.001.mdinfo -e prod.001.mden
2018-04-30 06:00:02 PM MD completed ...
2018-04-30 06:00:02 PM Writing prod.002.in
2018-04-30 06:00:02 PM Running MD at ./
2018-04-30 06:00:02 PM Exec line: pmemd.cuda -O -p solvate.prmtop -ref solvate.rst7 -c prod.001.rst7 -i prod.002.in -o prod.002.out -r prod.002.rst7 -x prod.002.nc -inf prod.002.mdinfo -e prod.002.mden
2018-04-30 06:04:17 PM MD completed ...
2018-04-30 06:04:17 PM Writing prod.003.in
2018-04-30 06:04:17 PM Running MD at ./
2018-04-30 06:04:17 PM Exec line: pmemd.cuda -O -p solvate.prmtop -ref solvate.rst7 -c prod.002.rst7 -i prod.003.in -o prod.003.out -r prod.003.rst7 -x prod.003.nc -inf prod.003.mdinfo -e prod.003.mden
2018-04-30 06:08:33 PM MD completed ...
2018-04-30 06:08:33 PM Writing prod.004.in
2018-04-30 06:08:33 PM Running MD at ./
2018-04-30 06:08:33 PM Exec line: pmemd.cuda -O -p solvate.prmtop -ref solvate.rst7 -c prod.003.rst7 -i prod.004.in -o prod.004.out -r prod.004.rst7 -x prod.004.nc -inf prod.004.mdinfo -e prod.004.mden
2018-04-30 06:12:50 PM MD completed ...
2018-04-30 08:42:05 PM Started logging...
2018-04-30 08:42:05 PM 2018-04-27_16:08:13_-0700-3c20478-0.0.3
2018-04-30 08:42:05 PM Completed output detected ... Skipping. Use: run(overwrite=True) to overwrite
2018-04-30 08:42:05 PM Completed output detected ... Skipping. Use: run(overwrite=True) to overwrite
2018-04-30 08:42:05 PM Completed output detected ... Skipping. Use: run(overwrite=True) to overwrite
2018-04-30 08:42:05 PM Completed output detected ... Skipping. Use: run(overwrite=True) to overwrite
2018-04-30 08:42:05 PM Completed output detected ... Skipping. Use: run(overwrite=True) to overwrite
2018-04-30 08:42:05 PM Completed output detected ... Skipping. Use: run(overwrite=True) to overwrite
2018-05-01 07:36:02 AM Started logging...
2018-05-01 07:36:02 AM 2018-04-30_14:45:29_-0700-dff30ec-0.0.3
2018-05-01 07:36:02 AM Completed output detected ... Skipping. Use: run(overwrite=True) to overwrite
2018-05-01 07:36:02 AM Completed output detected ... Skipping. Use: run(overwrite=True) to overwrite
2018-05-01 07:36:02 AM Completed output detected ... Skipping. Use: run(overwrite=True) to overwrite
2018-05-01 07:36:02 AM Completed output detected ... Skipping. Use: run(overwrite=True) to overwrite
2018-05-01 07:36:02 AM Completed output detected ... Skipping. Use: run(overwrite=True) to overwrite
2018-05-01 07:36:02 AM Completed output detected ... Skipping. Use: run(overwrite=True) to overwrite
2018-05-02 10:04:36 AM Started logging...
2018-05-02 10:04:36 AM 2018-04-30_14:45:29_-0700-dff30ec-0.0.3
2018-05-02 10:04:36 AM Writing minimize.in
2018-05-02 10:04:36 AM Running Minimization at ./
2018-05-02 10:04:36 AM Exec line: pmemd.cuda -O -p solvate.prmtop -ref solvate.rst7 -c solvate.rst7 -i minimize.in -o minimize.out -r minimize.rst7 -inf minimize.mdinfo
2018-05-02 10:04:40 AM Minimization completed...
2018-05-02 10:04:40 AM Writing equil.000.in
2018-05-02 10:04:40 AM Running MD at ./
2018-05-02 10:04:40 AM Exec line: pmemd.cuda -O -p solvate.prmtop -ref solvate.rst7 -c minimize.rst7 -i equil.000.in -o equil.000.out -r equil.000.rst7 -x equil.000.nc -inf equil.000.mdinfo -e equil.000.mden
2018-05-02 10:04:52 AM STDOUT/STDERR received from AMBER execution
2018-05-02 10:04:52 AM b'ERROR: Calculation halted.  Periodic box dimensions have changed too much from their initial values.'
2018-05-02 10:04:52 AM b'  Your system density has likely changed by a large amount, probably from'
2018-05-02 10:04:52 AM b'  starting the simulation from a structure a long way from equilibrium.'
2018-05-02 10:04:52 AM b''
2018-05-02 10:04:52 AM b'  [Although this error can also occur if the simulation has blown up for some reason]'
2018-05-02 10:04:52 AM b''
2018-05-02 10:04:52 AM b'  The GPU code does not automatically reorganize grid cells and thus you'
2018-05-02 10:04:52 AM b'  will need to restart the calculation from the previous restart file.'
2018-05-02 10:04:52 AM b'  This will generate new grid cells and allow the calculation to continue.'
2018-05-02 10:04:52 AM b'  It may be necessary to repeat this restarting multiple times if your system'
2018-05-02 10:04:52 AM b'  is a long way from an equilibrated density.'
2018-05-02 10:04:52 AM b''
2018-05-02 10:04:52 AM b'  Alternatively you can run with the CPU code until the density has converged'
2018-05-02 10:04:52 AM b'  and then switch back to the GPU code.'
2018-05-02 10:04:52 AM b''
2018-05-02 10:04:52 AM Simulation did not complete when executing the following ....
2018-05-02 10:04:52 AM pmemd.cuda -O -p solvate.prmtop -ref solvate.rst7 -c minimize.rst7 -i equil.000.in -o equil.000.out -r equil.000.rst7 -x equil.000.nc -inf equil.000.mdinfo -e equil.000.mden
2018-05-02 10:04:52 AM Writing equil.001.in
2018-05-02 10:04:52 AM Running MD at ./
2018-05-02 10:04:52 AM Exec line: pmemd.cuda -O -p solvate.prmtop -ref solvate.rst7 -c equil.000.rst7 -i equil.001.in -o equil.001.out -r equil.001.rst7 -x equil.001.nc -inf equil.001.mdinfo -e equil.001.mden
2018-05-02 10:10:54 AM MD completed ...
2018-05-02 10:10:54 AM Writing prod.000.in
2018-05-02 10:10:54 AM Running MD at ./
2018-05-02 10:10:54 AM Exec line: pmemd.cuda -O -p solvate.prmtop -ref solvate.rst7 -c equil.rst7 -i prod.000.in -o prod.000.out -r prod.000.rst7 -x prod.000.nc -inf prod.000.mdinfo -e prod.000.mden
2018-05-02 10:15:32 AM MD completed ...
2018-05-02 10:15:32 AM Writing prod.001.in
2018-05-02 10:15:32 AM Running MD at ./
2018-05-02 10:15:32 AM Exec line: pmemd.cuda -O -p solvate.prmtop -ref solvate.rst7 -c prod.000.rst7 -i prod.001.in -o prod.001.out -r prod.001.rst7 -x prod.001.nc -inf prod.001.mdinfo -e prod.001.mden
2018-05-02 10:20:10 AM MD completed ...
2018-05-02 10:20:10 AM Writing prod.002.in
2018-05-02 10:20:10 AM Running MD at ./
2018-05-02 10:20:10 AM Exec line: pmemd.cuda -O -p solvate.prmtop -ref solvate.rst7 -c prod.001.rst7 -i prod.002.in -o prod.002.out -r prod.002.rst7 -x prod.002.nc -inf prod.002.mdinfo -e prod.002.mden
2018-05-02 10:24:46 AM MD completed ...
2018-05-02 10:24:46 AM Writing prod.003.in
2018-05-02 10:24:46 AM Running MD at ./
2018-05-02 10:24:46 AM Exec line: pmemd.cuda -O -p solvate.prmtop -ref solvate.rst7 -c prod.002.rst7 -i prod.003.in -o prod.003.out -r prod.003.rst7 -x prod.003.nc -inf prod.003.mdinfo -e prod.003.mden
2018-05-02 10:29:23 AM MD completed ...
2018-05-02 10:29:23 AM Writing prod.004.in
2018-05-02 10:29:23 AM Running MD at ./
2018-05-02 10:29:23 AM Exec line: pmemd.cuda -O -p solvate.prmtop -ref solvate.rst7 -c prod.003.rst7 -i prod.004.in -o prod.004.out -r prod.004.rst7 -x prod.004.nc -inf prod.004.mdinfo -e prod.004.mden
2018-05-02 10:34:02 AM MD completed ...
2018-05-05 10:21:10 AM Started logging...
2018-05-05 10:21:10 AM 2018-04-30_14:45:29_-0700-dff30ec-0.0.3
2018-05-05 10:21:10 AM Completed output detected ... Skipping. Use: run(overwrite=True) to overwrite
2018-05-05 10:21:10 AM Completed output detected ... Skipping. Use: run(overwrite=True) to overwrite
2018-05-05 10:21:10 AM Completed output detected ... Skipping. Use: run(overwrite=True) to overwrite
2018-05-05 10:21:10 AM Completed output detected ... Skipping. Use: run(overwrite=True) to overwrite
2018-05-05 10:21:10 AM Completed output detected ... Skipping. Use: run(overwrite=True) to overwrite
2018-05-05 10:21:10 AM Completed output detected ... Skipping. Use: run(overwrite=True) to overwrite
2018-05-05 10:21:10 AM Writing prod.005.in
2018-05-05 10:21:10 AM Running MD at ./
2018-05-05 10:21:10 AM Exec line: pmemd.cuda -O -p solvate.prmtop -ref solvate.rst7 -c prod.004.rst7 -i prod.005.in -o prod.005.out -r prod.005.rst7 -x prod.005.nc -inf prod.005.mdinfo -e prod.005.mden
2018-05-05 10:25:49 AM MD completed ...
2018-05-05 10:25:49 AM Writing prod.006.in
2018-05-05 10:25:49 AM Running MD at ./
2018-05-05 10:25:49 AM Exec line: pmemd.cuda -O -p solvate.prmtop -ref solvate.rst7 -c prod.005.rst7 -i prod.006.in -o prod.006.out -r prod.006.rst7 -x prod.006.nc -inf prod.006.mdinfo -e prod.006.mden
2018-05-05 10:30:29 AM MD completed ...
2018-05-05 10:30:29 AM Writing prod.007.in
2018-05-05 10:30:29 AM Running MD at ./
2018-05-05 10:30:29 AM Exec line: pmemd.cuda -O -p solvate.prmtop -ref solvate.rst7 -c prod.006.rst7 -i prod.007.in -o prod.007.out -r prod.007.rst7 -x prod.007.nc -inf prod.007.mdinfo -e prod.007.mden
2018-05-05 10:35:08 AM MD completed ...
2018-05-05 10:35:08 AM Writing prod.008.in
2018-05-05 10:35:08 AM Running MD at ./
2018-05-05 10:35:08 AM Exec line: pmemd.cuda -O -p solvate.prmtop -ref solvate.rst7 -c prod.007.rst7 -i prod.008.in -o prod.008.out -r prod.008.rst7 -x prod.008.nc -inf prod.008.mdinfo -e prod.008.mden
2018-05-05 10:39:48 AM MD completed ...
2018-05-05 10:39:48 AM Writing prod.009.in
2018-05-05 10:39:48 AM Running MD at ./
2018-05-05 10:39:48 AM Exec line: pmemd.cuda -O -p solvate.prmtop -ref solvate.rst7 -c prod.008.rst7 -i prod.009.in -o prod.009.out -r prod.009.rst7 -x prod.009.nc -inf prod.009.mdinfo -e prod.009.mden
2018-05-05 10:44:28 AM MD completed ...
