
          -------------------------------------------------------
          Amber 18 PMEMD                              2018
          -------------------------------------------------------

| PMEMD implementation of SANDER, Release 18

| Run on 05/02/2018 at 11:34:31

|   Executable path: pmemd.cuda
| Working directory: /oasis/tscc/scratch/davids4/SAMPLing-cut9/11499485.tscc-mgr.local
|          Hostname: tscc-gpu-9-4.sdsc.edu

  [-O]verwriting output

File Assignments:
|   MDIN: equil.000.in                                                          
|  MDOUT: equil.000.out                                                         
| INPCRD: minimize.rst7                                                         
|   PARM: solvate.prmtop                                                        
| RESTRT: equil.000.rst7                                                        
|   REFC: solvate.rst7                                                          
|  MDVEL: mdvel                                                                 
|   MDEN: equil.000.mden                                                        
|  MDCRD: equil.000.nc                                                          
| MDINFO: equil.000.mdinfo                                                      
|  MDFRC: mdfrc                                                                 


 Here is the input file:

PBC MD Simulation                                                              
 &cntrl                                                                        
  imin =          0,                                                           
  ntx =           1,                                                           
  irest =         0,                                                           
  maxcyc =        0,                                                           
  ncyc =          0,                                                           
  dt =            0.002,                                                       
  nstlim =        500000,                                                      
  ntpr =          500,                                                         
  ntwe =          500,                                                         
  ntwr =          250,                                                         
  ntwx =          250,                                                         
  ntxo =          1,                                                           
  ioutfm =        1,                                                           
  ntf =           2,                                                           
  ntc =           2,                                                           
  cut =           9.0,                                                         
  igb =           0,                                                           
  tempi =         298.15,                                                      
  temp0 =         298.15,                                                      
  ntt =           3,                                                           
  gamma_ln =      1.0,                                                         
  ig =            -1,                                                          
  ntp =           1,                                                           
  barostat =      2,                                                           
  ntr =           1,                                                           
  restraint_wt =  50.0,                                                        
  restraintmask = '@DUM',                                                      
  nmropt =        1,                                                           
  pencut =        -1,                                                          
  ntwprt =        206,                                                         
 /                                                                             
 &wt type = 'END', /                                                           
DISANG = disang.rest                                                           
LISTOUT = POUT                                                                 
                                                                               


Note: ig = -1. Setting random seed to    39491 based on wallclock time in 
      microseconds.
| irandom = 1, using AMBER's internal random number generator (default).
 
|--------------------- INFORMATION ----------------------
| GPU (CUDA) Version of PMEMD in use: NVIDIA GPU IN USE.
|                    Version 18.0.0
| 
|                      03/25/2018
| 
| Implementation by:
|                    Ross C. Walker     (SDSC)
|                    Scott Le Grand     (nVIDIA)
| 
| Version 18 performance extensions by:
|                    David Cerutti     (Rutgers)
| 
| Precision model in use:
|      [SPFP] - Single Precision Forces, 64-bit Fixed Point
|               Accumulation. (Default)
| 
|--------------------------------------------------------
 
|----------------- CITATION INFORMATION -----------------
|
|    When publishing work that utilized the CUDA version
|    of AMBER, please cite the following in addition to
|    the regular AMBER citations:
|
|  - Romelia Salomon-Ferrer; Andreas W. Goetz; Duncan
|    Poole; Scott Le Grand; Ross C. Walker "Routine
|    microsecond molecular dynamics simulations with
|    AMBER - Part II: Particle Mesh Ewald", J. Chem.
|    Theory Comput., 2013, 9 (9), pp3878-3888,
|    DOI: 10.1021/ct400314y.
|
|  - Andreas W. Goetz; Mark J. Williamson; Dong Xu;
|    Duncan Poole; Scott Le Grand; Ross C. Walker
|    "Routine microsecond molecular dynamics simulations
|    with AMBER - Part I: Generalized Born", J. Chem.
|    Theory Comput., 2012, 8 (5), pp1542-1555.
|
|  - Scott Le Grand; Andreas W. Goetz; Ross C. Walker
|    "SPFP: Speed without compromise - a mixed precision
|    model for GPU accelerated molecular dynamics
|    simulations.", Comp. Phys. Comm., 2013, 184
|    pp374-380, DOI: 10.1016/j.cpc.2012.09.022
|
|--------------------------------------------------------
 
|------------------- GPU DEVICE INFO --------------------
|
|            CUDA_VISIBLE_DEVICES: 1
|   CUDA Capable Devices Detected:      1
|           CUDA Device ID in use:      0
|                CUDA Device Name: GeForce GTX TITAN X
|     CUDA Device Global Mem Size:  12207 MB
| CUDA Device Num Multiprocessors:     24
|           CUDA Device Core Freq:   1.08 GHz
|
|--------------------------------------------------------
 
 
| Conditional Compilation Defines Used:
| PUBFFT
| BINTRAJ
| CUDA
| EMIL

| Largest sphere to fit in unit cell has radius =    22.338

| New format PARM file being parsed.
| Version =    1.000 Date = 04/23/18 Time = 20:19:29

| Note: 1-4 EEL scale factors are being read from the topology file.

| Note: 1-4 VDW scale factors are being read from the topology file.
| Duplicated    0 dihedrals

| Duplicated    0 dihedrals

--------------------------------------------------------------------------------
   1.  RESOURCE   USE: 
--------------------------------------------------------------------------------

 getting new box info from bottom of inpcrd
 NATOM  =    9223 NTYPES =      11 NBONH =    9067 MBONA  =     155
 NTHETH =     153 MTHETA =     232 NPHIH =     345 MPHIA  =     366
 NHPARM =       0 NPARM  =       0 NNB   =   13221 NRES   =    3022
 NBONA  =     155 NTHETA =     232 NPHIA =     366 NUMBND =      13
 NUMANG =      22 NPTRA  =      15 NATYP =      13 NPHB   =       0
 IFBOX  =       1 NMXRS  =     184 IFCAP =       0 NEXTRA =       0
 NCOPY  =       0

| Coordinate Index Table dimensions:     8    9   12
| Direct force subcell size =     5.5844    5.1077    5.0591

     BOX TYPE: RECTILINEAR

--------------------------------------------------------------------------------
   2.  CONTROL  DATA  FOR  THE  RUN
--------------------------------------------------------------------------------

default_name                                                                    

General flags:
     imin    =       0, nmropt  =       1

Nature and format of input:
     ntx     =       1, irest   =       0, ntrx    =       1

Nature and format of output:
     ntxo    =       1, ntpr    =     500, ntrx    =       1, ntwr    =     250
     iwrap   =       0, ntwx    =     250, ntwv    =       0, ntwe    =     500
     ioutfm  =       1, ntwprt  =     206, idecomp =       0, rbornstat=      0

Potential function:
     ntf     =       2, ntb     =       2, igb     =       0, nsnb    =      25
     ipol    =       0, gbsa    =       0, iesp    =       0
     dielc   =   1.00000, cut     =   9.00000, intdiel =   1.00000

Frozen or restrained atoms:
     ibelly  =       0, ntr     =       1
     restraint_wt =  50.00000

Molecular dynamics:
     nstlim  =    500000, nscm    =         0, nrespa  =         1
     t       =   0.00000, dt      =   0.00200, vlimit  =  -1.00000

Langevin dynamics temperature regulation:
     ig      =   39491
     temp0   = 298.15000, tempi   = 298.15000, gamma_ln=   1.00000

Pressure regulation:
     ntp     =       1
     pres0   =   1.00000, comp    =  44.60000, taup    =   1.00000
     Monte-Carlo Barostat:
     mcbarint  =     100

SHAKE:
     ntc     =       2, jfastw  =       0
     tol     =   0.00001

NMR refinement options:
     iscale  =       0, noeskp  =       1, ipnlty  =       1, mxsub   =       1
     scalm   = 100.00000, pencut  =  -1.00000, tausw   =   0.10000

| Intermolecular bonds treatment:
|     no_intermolecular_bonds =       1

| Energy averages sample interval:
|     ene_avg_sampling =     500

Ewald parameters:
     verbose =       0, ew_type =       0, nbflag  =       1, use_pme =       1
     vdwmeth =       1, eedmeth =       1, netfrc  =       1
     Box X =   44.675   Box Y =   45.969   Box Z =   60.709
     Alpha =   90.000   Beta  =   90.000   Gamma =   90.000
     NFFT1 =   48       NFFT2 =   48       NFFT3 =   64
     Cutoff=    9.000   Tol   =0.100E-04
     Ewald Coefficient =  0.30768
     Interpolation order =    4

    LOADING THE CONSTRAINED ATOMS AS GROUPS


   5.  REFERENCE ATOM COORDINATES

  default_name                                                                    
     Mask @DUM; matches     3 atoms
| MONTE CARLO BAROSTAT IMPORTANT NOTE:
|   The Monte-Carlo barostat does not require the virial to adjust the system volume.
|   Since it is an expensive calculation, it is skipped for efficiency. A side-effect
|   is that the reported pressure is always 0 because it is not calculated.

--------------------------------------------------------------------------------
   3.  ATOMIC COORDINATES AND VELOCITIES
--------------------------------------------------------------------------------

default_name                                                                    
 begin time read from input coords =     0.000 ps



           Begin reading energy term weight changes/NMR restraints
 WEIGHT CHANGES:
                         ** No weight changes given **

 RESTRAINTS:
 Requested file redirections:
  DISANG    = disang.rest
  LISTOUT   = POUT
 Restraints will be read from file: disang.rest
Here are comments from the DISANG input file:

                       Number of restraints read =     9

                  Done reading weight changes/NMR restraints


 
 Number of triangulated 3-point waters found:     3000

     Sum of charges from parm topology file =   0.00000002
     Forcing neutrality...

| Dynamic Memory, Types Used:
| Reals              528921
| Integers           284277

| Nonbonded Pairs Initial Allocation:     2102844

| GPU memory information (estimate):
| KB of GPU memory in use:         0
| KB of CPU memory in use:         0

--------------------------------------------------------------------------------
   4.  RESULTS
--------------------------------------------------------------------------------


 NSTEP =        0   TIME(PS) =       0.000  TEMP(K) =   444.79  PRESS =     0.0
 Etot   =    -30577.9965  EKtot   =      8221.0555  EPtot      =    -38799.0520
 BOND   =        13.4460  ANGLE   =        54.4153  DIHED      =       106.1818
 1-4 NB =        67.2008  1-4 EEL =        62.2412  VDWAALS    =      6103.2221
 EELEC  =    -45208.7977  EHBOND  =         0.0000  RESTRAINT  =         3.0385
 EAMBER (non-restraint)  =    -38802.0905
 EKCMT  =         0.0000  VIRIAL  =         0.0000  VOLUME     =    124678.1347
                                                    Density    =         0.7585
 ------------------------------------------------------------------------------

 NMR restraints: Bond =    0.333   Angle =     2.622   Torsion =     0.008
===============================================================================

 NSTEP =      500   TIME(PS) =       1.000  TEMP(K) =   264.65  PRESS =     0.0
 Etot   =    -25901.3287  EKtot   =      4891.4805  EPtot      =    -30792.8092
 BOND   =        60.4716  ANGLE   =       101.2722  DIHED      =       137.0983
 1-4 NB =        72.7082  1-4 EEL =        63.4163  VDWAALS    =      4576.5601
 EELEC  =    -35808.3537  EHBOND  =         0.0000  RESTRAINT  =         4.0178
 EAMBER (non-restraint)  =    -30796.8270
 EKCMT  =         0.0000  VIRIAL  =         0.0000  VOLUME     =    123430.6819
                                                    Density    =         0.7662
 ------------------------------------------------------------------------------

 NMR restraints: Bond =    1.391   Angle =     1.361   Torsion =     0.191
===============================================================================

 NSTEP =     1000   TIME(PS) =       2.000  TEMP(K) =   275.45  PRESS =     0.0
 Etot   =    -25218.9212  EKtot   =      5091.0269  EPtot      =    -30309.9481
 BOND   =        52.6628  ANGLE   =       107.2526  DIHED      =       135.7190
 1-4 NB =        74.1549  1-4 EEL =        61.2308  VDWAALS    =      4310.6383
 EELEC  =    -35055.4554  EHBOND  =         0.0000  RESTRAINT  =         3.8490
 EAMBER (non-restraint)  =    -30313.7970
 EKCMT  =         0.0000  VIRIAL  =         0.0000  VOLUME     =    121859.1045
                                                    Density    =         0.7760
 ------------------------------------------------------------------------------

 NMR restraints: Bond =    1.877   Angle =     0.335   Torsion =     0.543
===============================================================================

 NSTEP =     1500   TIME(PS) =       3.000  TEMP(K) =   288.43  PRESS =     0.0
 Etot   =    -24880.0349  EKtot   =      5331.0244  EPtot      =    -30211.0593
 BOND   =        49.5804  ANGLE   =       113.8724  DIHED      =       129.2781
 1-4 NB =        73.4041  1-4 EEL =        59.5045  VDWAALS    =      4419.4191
 EELEC  =    -35059.4649  EHBOND  =         0.0000  RESTRAINT  =         3.3470
 EAMBER (non-restraint)  =    -30214.4064
 EKCMT  =         0.0000  VIRIAL  =         0.0000  VOLUME     =    120729.5033
                                                    Density    =         0.7833
 ------------------------------------------------------------------------------

 NMR restraints: Bond =    0.332   Angle =     0.662   Torsion =     0.618
===============================================================================

 NSTEP =     2000   TIME(PS) =       4.000  TEMP(K) =   294.91  PRESS =     0.0
 Etot   =    -24686.2148  EKtot   =      5450.7739  EPtot      =    -30136.9887
 BOND   =        53.1449  ANGLE   =       101.1974  DIHED      =       136.0661
 1-4 NB =        74.5429  1-4 EEL =        63.2032  VDWAALS    =      4330.9875
 EELEC  =    -34898.9176  EHBOND  =         0.0000  RESTRAINT  =         2.7869
 EAMBER (non-restraint)  =    -30139.7756
 EKCMT  =         0.0000  VIRIAL  =         0.0000  VOLUME     =    118439.3706
                                                    Density    =         0.7985
 ------------------------------------------------------------------------------

 NMR restraints: Bond =    0.117   Angle =     0.328   Torsion =     0.301
===============================================================================

 NSTEP =     2500   TIME(PS) =       5.000  TEMP(K) =   295.77  PRESS =     0.0
 Etot   =    -24665.1767  EKtot   =      5466.7319  EPtot      =    -30131.9087
 BOND   =        44.9365  ANGLE   =       110.6396  DIHED      =       134.6142
 1-4 NB =        80.4644  1-4 EEL =        61.8928  VDWAALS    =      4221.9407
 EELEC  =    -34788.4092  EHBOND  =         0.0000  RESTRAINT  =         2.0122
 EAMBER (non-restraint)  =    -30133.9209
 EKCMT  =         0.0000  VIRIAL  =         0.0000  VOLUME     =    117700.1709
                                                    Density    =         0.8035
 ------------------------------------------------------------------------------

 NMR restraints: Bond =    0.060   Angle =     0.377   Torsion =     0.178
===============================================================================

 NSTEP =     3000   TIME(PS) =       6.000  TEMP(K) =   299.82  PRESS =     0.0
 Etot   =    -24795.3337  EKtot   =      5541.4502  EPtot      =    -30336.7839
 BOND   =        64.8348  ANGLE   =       105.0364  DIHED      =       138.3040
 1-4 NB =        74.8246  1-4 EEL =        65.4899  VDWAALS    =      4191.0737
 EELEC  =    -34979.1427  EHBOND  =         0.0000  RESTRAINT  =         2.7954
 EAMBER (non-restraint)  =    -30339.5793
 EKCMT  =         0.0000  VIRIAL  =         0.0000  VOLUME     =    116338.2013
                                                    Density    =         0.8129
 ------------------------------------------------------------------------------

 NMR restraints: Bond =    0.379   Angle =     0.467   Torsion =     0.289
===============================================================================

 NSTEP =     3500   TIME(PS) =       7.000  TEMP(K) =   294.17  PRESS =     0.0
 Etot   =    -24775.0507  EKtot   =      5437.0566  EPtot      =    -30212.1073
 BOND   =        60.8447  ANGLE   =       119.4102  DIHED      =       125.5850
 1-4 NB =        76.6923  1-4 EEL =        61.1861  VDWAALS    =      4185.7910
 EELEC  =    -34847.9740  EHBOND  =         0.0000  RESTRAINT  =         6.3573
 EAMBER (non-restraint)  =    -30218.4647
 EKCMT  =         0.0000  VIRIAL  =         0.0000  VOLUME     =    116205.2953
                                                    Density    =         0.8138
 ------------------------------------------------------------------------------

 NMR restraints: Bond =    0.516   Angle =     1.067   Torsion =     2.347
===============================================================================

 NSTEP =     4000   TIME(PS) =       8.000  TEMP(K) =   300.20  PRESS =     0.0
 Etot   =    -24680.9396  EKtot   =      5548.5181  EPtot      =    -30229.4577
 BOND   =        56.8302  ANGLE   =       107.6520  DIHED      =       127.6573
 1-4 NB =        79.1314  1-4 EEL =        60.5592  VDWAALS    =      4245.4221
 EELEC  =    -34911.1761  EHBOND  =         0.0000  RESTRAINT  =         4.4662
 EAMBER (non-restraint)  =    -30233.9239
 EKCMT  =         0.0000  VIRIAL  =         0.0000  VOLUME     =    113159.5861
                                                    Density    =         0.8357
 ------------------------------------------------------------------------------

 NMR restraints: Bond =    0.079   Angle =     3.167   Torsion =     0.300
===============================================================================

 NSTEP =     4500   TIME(PS) =       9.000  TEMP(K) =   298.24  PRESS =     0.0
 Etot   =    -24783.7435  EKtot   =      5512.2524  EPtot      =    -30295.9959
 BOND   =        57.5719  ANGLE   =       121.7644  DIHED      =       126.0918
 1-4 NB =        77.6764  1-4 EEL =        58.9204  VDWAALS    =      4357.1073
 EELEC  =    -35100.2982  EHBOND  =         0.0000  RESTRAINT  =         5.1700
 EAMBER (non-restraint)  =    -30301.1660
 EKCMT  =         0.0000  VIRIAL  =         0.0000  VOLUME     =    112024.6231
                                                    Density    =         0.8442
 ------------------------------------------------------------------------------

 NMR restraints: Bond =    0.514   Angle =     1.380   Torsion =     0.795
===============================================================================

 NSTEP =     5000   TIME(PS) =      10.000  TEMP(K) =   298.36  PRESS =     0.0
 Etot   =    -24910.7520  EKtot   =      5514.5371  EPtot      =    -30425.2891
 BOND   =        42.7818  ANGLE   =       101.4368  DIHED      =       126.1579
 1-4 NB =        77.9683  1-4 EEL =        66.3144  VDWAALS    =      4229.7228
 EELEC  =    -35072.6146  EHBOND  =         0.0000  RESTRAINT  =         2.9435
 EAMBER (non-restraint)  =    -30428.2326
 EKCMT  =         0.0000  VIRIAL  =         0.0000  VOLUME     =    110421.4327
                                                    Density    =         0.8564
 ------------------------------------------------------------------------------

 NMR restraints: Bond =    0.602   Angle =     1.077   Torsion =     0.388
===============================================================================

 NSTEP =     5500   TIME(PS) =      11.000  TEMP(K) =   300.03  PRESS =     0.0
 Etot   =    -25042.4157  EKtot   =      5545.4526  EPtot      =    -30587.8684
 BOND   =        57.2042  ANGLE   =       118.4368  DIHED      =       128.3499
 1-4 NB =        76.9332  1-4 EEL =        63.6058  VDWAALS    =      4348.7254
 EELEC  =    -35383.7043  EHBOND  =         0.0000  RESTRAINT  =         2.5806
 EAMBER (non-restraint)  =    -30590.4490
 EKCMT  =         0.0000  VIRIAL  =         0.0000  VOLUME     =    108336.0034
                                                    Density    =         0.8729
 ------------------------------------------------------------------------------

 NMR restraints: Bond =    0.443   Angle =     0.703   Torsion =     0.473
===============================================================================

 NSTEP =     6000   TIME(PS) =      12.000  TEMP(K) =   306.09  PRESS =     0.0
 Etot   =    -24892.1820  EKtot   =      5657.4409  EPtot      =    -30549.6229
 BOND   =        64.0517  ANGLE   =       103.6361  DIHED      =       130.4596
 1-4 NB =        71.9669  1-4 EEL =        61.6846  VDWAALS    =      4195.4365
 EELEC  =    -35179.7581  EHBOND  =         0.0000  RESTRAINT  =         2.8997
 EAMBER (non-restraint)  =    -30552.5226
 EKCMT  =         0.0000  VIRIAL  =         0.0000  VOLUME     =    106719.9350
                                                    Density    =         0.8861
 ------------------------------------------------------------------------------

 NMR restraints: Bond =    0.202   Angle =     1.865   Torsion =     0.041
===============================================================================

 NSTEP =     6500   TIME(PS) =      13.000  TEMP(K) =   293.83  PRESS =     0.0
 Etot   =    -25025.6166  EKtot   =      5430.8999  EPtot      =    -30456.5165
 BOND   =        60.8439  ANGLE   =       106.8417  DIHED      =       141.0591
 1-4 NB =        73.3396  1-4 EEL =        62.5527  VDWAALS    =      4111.6206
 EELEC  =    -35018.4085  EHBOND  =         0.0000  RESTRAINT  =         5.6344
 EAMBER (non-restraint)  =    -30462.1509
 EKCMT  =         0.0000  VIRIAL  =         0.0000  VOLUME     =    105112.8191
                                                    Density    =         0.8997
 ------------------------------------------------------------------------------

 NMR restraints: Bond =    0.282   Angle =     3.500   Torsion =     0.352
===============================================================================

 NSTEP =     7000   TIME(PS) =      14.000  TEMP(K) =   295.49  PRESS =     0.0
 Etot   =    -25225.5264  EKtot   =      5461.5171  EPtot      =    -30687.0435
 BOND   =        52.7747  ANGLE   =       109.2236  DIHED      =       134.6196
 1-4 NB =        77.7429  1-4 EEL =        66.8231  VDWAALS    =      4294.0052
 EELEC  =    -35430.1776  EHBOND  =         0.0000  RESTRAINT  =         7.9451
 EAMBER (non-restraint)  =    -30694.9885
 EKCMT  =         0.0000  VIRIAL  =         0.0000  VOLUME     =    103415.4894
                                                    Density    =         0.9144
 ------------------------------------------------------------------------------

 NMR restraints: Bond =    0.462   Angle =     2.853   Torsion =     0.470
===============================================================================
