
          -------------------------------------------------------
          Amber 18 PMEMD                              2018
          -------------------------------------------------------

| PMEMD implementation of SANDER, Release 18

| Run on 05/02/2018 at 11:32:58

|   Executable path: pmemd.cuda
| Working directory: /oasis/tscc/scratch/davids4/SAMPLing-cut9/11499472.tscc-mgr.local
|          Hostname: tscc-gpu-7-9.sdsc.edu

  [-O]verwriting output

File Assignments:
|   MDIN: equil.000.in                                                          
|  MDOUT: equil.000.out                                                         
| INPCRD: minimize.rst7                                                         
|   PARM: solvate.prmtop                                                        
| RESTRT: equil.000.rst7                                                        
|   REFC: solvate.rst7                                                          
|  MDVEL: mdvel                                                                 
|   MDEN: equil.000.mden                                                        
|  MDCRD: equil.000.nc                                                          
| MDINFO: equil.000.mdinfo                                                      
|  MDFRC: mdfrc                                                                 


 Here is the input file:

PBC MD Simulation                                                              
 &cntrl                                                                        
  imin =          0,                                                           
  ntx =           1,                                                           
  irest =         0,                                                           
  maxcyc =        0,                                                           
  ncyc =          0,                                                           
  dt =            0.002,                                                       
  nstlim =        500000,                                                      
  ntpr =          500,                                                         
  ntwe =          500,                                                         
  ntwr =          250,                                                         
  ntwx =          250,                                                         
  ntxo =          1,                                                           
  ioutfm =        1,                                                           
  ntf =           2,                                                           
  ntc =           2,                                                           
  cut =           9.0,                                                         
  igb =           0,                                                           
  tempi =         298.15,                                                      
  temp0 =         298.15,                                                      
  ntt =           3,                                                           
  gamma_ln =      1.0,                                                         
  ig =            -1,                                                          
  ntp =           1,                                                           
  barostat =      2,                                                           
  ntr =           1,                                                           
  restraint_wt =  50.0,                                                        
  restraintmask = '@DUM',                                                      
  nmropt =        1,                                                           
  pencut =        -1,                                                          
  ntwprt =        206,                                                         
 /                                                                             
 &wt type = 'END', /                                                           
DISANG = disang.rest                                                           
LISTOUT = POUT                                                                 
                                                                               


Note: ig = -1. Setting random seed to   420876 based on wallclock time in 
      microseconds.
| irandom = 1, using AMBER's internal random number generator (default).
 
|--------------------- INFORMATION ----------------------
| GPU (CUDA) Version of PMEMD in use: NVIDIA GPU IN USE.
|                    Version 18.0.0
| 
|                      03/25/2018
| 
| Implementation by:
|                    Ross C. Walker     (SDSC)
|                    Scott Le Grand     (nVIDIA)
| 
| Version 18 performance extensions by:
|                    David Cerutti     (Rutgers)
| 
| Precision model in use:
|      [SPFP] - Single Precision Forces, 64-bit Fixed Point
|               Accumulation. (Default)
| 
|--------------------------------------------------------
 
|----------------- CITATION INFORMATION -----------------
|
|    When publishing work that utilized the CUDA version
|    of AMBER, please cite the following in addition to
|    the regular AMBER citations:
|
|  - Romelia Salomon-Ferrer; Andreas W. Goetz; Duncan
|    Poole; Scott Le Grand; Ross C. Walker "Routine
|    microsecond molecular dynamics simulations with
|    AMBER - Part II: Particle Mesh Ewald", J. Chem.
|    Theory Comput., 2013, 9 (9), pp3878-3888,
|    DOI: 10.1021/ct400314y.
|
|  - Andreas W. Goetz; Mark J. Williamson; Dong Xu;
|    Duncan Poole; Scott Le Grand; Ross C. Walker
|    "Routine microsecond molecular dynamics simulations
|    with AMBER - Part I: Generalized Born", J. Chem.
|    Theory Comput., 2012, 8 (5), pp1542-1555.
|
|  - Scott Le Grand; Andreas W. Goetz; Ross C. Walker
|    "SPFP: Speed without compromise - a mixed precision
|    model for GPU accelerated molecular dynamics
|    simulations.", Comp. Phys. Comm., 2013, 184
|    pp374-380, DOI: 10.1016/j.cpc.2012.09.022
|
|--------------------------------------------------------
 
|------------------- GPU DEVICE INFO --------------------
|
|            CUDA_VISIBLE_DEVICES: 3
|   CUDA Capable Devices Detected:      1
|           CUDA Device ID in use:      0
|                CUDA Device Name: GeForce GTX TITAN X
|     CUDA Device Global Mem Size:  12207 MB
| CUDA Device Num Multiprocessors:     24
|           CUDA Device Core Freq:   1.08 GHz
|
|--------------------------------------------------------
 
 
| Conditional Compilation Defines Used:
| PUBFFT
| BINTRAJ
| CUDA
| EMIL

| Largest sphere to fit in unit cell has radius =    22.338

| New format PARM file being parsed.
| Version =    1.000 Date = 04/23/18 Time = 20:17:27

| Note: 1-4 EEL scale factors are being read from the topology file.

| Note: 1-4 VDW scale factors are being read from the topology file.
| Duplicated    0 dihedrals

| Duplicated    0 dihedrals

--------------------------------------------------------------------------------
   1.  RESOURCE   USE: 
--------------------------------------------------------------------------------

 getting new box info from bottom of inpcrd
 NATOM  =    9223 NTYPES =      11 NBONH =    9067 MBONA  =     155
 NTHETH =     153 MTHETA =     232 NPHIH =     345 MPHIA  =     366
 NHPARM =       0 NPARM  =       0 NNB   =   13221 NRES   =    3022
 NBONA  =     155 NTHETA =     232 NPHIA =     366 NUMBND =      13
 NUMANG =      22 NPTRA  =      15 NATYP =      13 NPHB   =       0
 IFBOX  =       1 NMXRS  =     184 IFCAP =       0 NEXTRA =       0
 NCOPY  =       0

| Coordinate Index Table dimensions:     8    9   12
| Direct force subcell size =     5.5844    5.1077    5.0124

     BOX TYPE: RECTILINEAR

--------------------------------------------------------------------------------
   2.  CONTROL  DATA  FOR  THE  RUN
--------------------------------------------------------------------------------

default_name                                                                    

General flags:
     imin    =       0, nmropt  =       1

Nature and format of input:
     ntx     =       1, irest   =       0, ntrx    =       1

Nature and format of output:
     ntxo    =       1, ntpr    =     500, ntrx    =       1, ntwr    =     250
     iwrap   =       0, ntwx    =     250, ntwv    =       0, ntwe    =     500
     ioutfm  =       1, ntwprt  =     206, idecomp =       0, rbornstat=      0

Potential function:
     ntf     =       2, ntb     =       2, igb     =       0, nsnb    =      25
     ipol    =       0, gbsa    =       0, iesp    =       0
     dielc   =   1.00000, cut     =   9.00000, intdiel =   1.00000

Frozen or restrained atoms:
     ibelly  =       0, ntr     =       1
     restraint_wt =  50.00000

Molecular dynamics:
     nstlim  =    500000, nscm    =         0, nrespa  =         1
     t       =   0.00000, dt      =   0.00200, vlimit  =  -1.00000

Langevin dynamics temperature regulation:
     ig      =  420876
     temp0   = 298.15000, tempi   = 298.15000, gamma_ln=   1.00000

Pressure regulation:
     ntp     =       1
     pres0   =   1.00000, comp    =  44.60000, taup    =   1.00000
     Monte-Carlo Barostat:
     mcbarint  =     100

SHAKE:
     ntc     =       2, jfastw  =       0
     tol     =   0.00001

NMR refinement options:
     iscale  =       0, noeskp  =       1, ipnlty  =       1, mxsub   =       1
     scalm   = 100.00000, pencut  =  -1.00000, tausw   =   0.10000

| Intermolecular bonds treatment:
|     no_intermolecular_bonds =       1

| Energy averages sample interval:
|     ene_avg_sampling =     500

Ewald parameters:
     verbose =       0, ew_type =       0, nbflag  =       1, use_pme =       1
     vdwmeth =       1, eedmeth =       1, netfrc  =       1
     Box X =   44.675   Box Y =   45.969   Box Z =   60.149
     Alpha =   90.000   Beta  =   90.000   Gamma =   90.000
     NFFT1 =   48       NFFT2 =   48       NFFT3 =   64
     Cutoff=    9.000   Tol   =0.100E-04
     Ewald Coefficient =  0.30768
     Interpolation order =    4

    LOADING THE CONSTRAINED ATOMS AS GROUPS


   5.  REFERENCE ATOM COORDINATES

  default_name                                                                    
     Mask @DUM; matches     3 atoms
| MONTE CARLO BAROSTAT IMPORTANT NOTE:
|   The Monte-Carlo barostat does not require the virial to adjust the system volume.
|   Since it is an expensive calculation, it is skipped for efficiency. A side-effect
|   is that the reported pressure is always 0 because it is not calculated.

--------------------------------------------------------------------------------
   3.  ATOMIC COORDINATES AND VELOCITIES
--------------------------------------------------------------------------------

default_name                                                                    
 begin time read from input coords =     0.000 ps



           Begin reading energy term weight changes/NMR restraints
 WEIGHT CHANGES:
                         ** No weight changes given **

 RESTRAINTS:
 Requested file redirections:
  DISANG    = disang.rest
  LISTOUT   = POUT
 Restraints will be read from file: disang.rest
Here are comments from the DISANG input file:

                       Number of restraints read =     9

                  Done reading weight changes/NMR restraints


 
 Number of triangulated 3-point waters found:     3000

     Sum of charges from parm topology file =   0.00000002
     Forcing neutrality...

| Dynamic Memory, Types Used:
| Reals              528921
| Integers           284277

| Nonbonded Pairs Initial Allocation:     2102844

| GPU memory information (estimate):
| KB of GPU memory in use:         0
| KB of CPU memory in use:         0

--------------------------------------------------------------------------------
   4.  RESULTS
--------------------------------------------------------------------------------


 NSTEP =        0   TIME(PS) =       0.000  TEMP(K) =   444.82  PRESS =     0.0
 Etot   =    -30681.3337  EKtot   =      8221.5424  EPtot      =    -38902.8761
 BOND   =        15.2910  ANGLE   =        57.9596  DIHED      =       106.6099
 1-4 NB =        66.2697  1-4 EEL =        61.6906  VDWAALS    =      6079.7868
 EELEC  =    -45299.0302  EHBOND  =         0.0000  RESTRAINT  =         8.5466
 EAMBER (non-restraint)  =    -38911.4227
 EKCMT  =         0.0000  VIRIAL  =         0.0000  VOLUME     =    123527.0761
                                                    Density    =         0.7656
 ------------------------------------------------------------------------------

 NMR restraints: Bond =    0.095   Angle =     8.364   Torsion =     0.028
===============================================================================

 NSTEP =      500   TIME(PS) =       1.000  TEMP(K) =   259.34  PRESS =     0.0
 Etot   =    -26025.9239  EKtot   =      4793.2720  EPtot      =    -30819.1959
 BOND   =        50.2317  ANGLE   =        96.6231  DIHED      =       132.4055
 1-4 NB =        77.0024  1-4 EEL =        68.5506  VDWAALS    =      4677.1576
 EELEC  =    -35926.3836  EHBOND  =         0.0000  RESTRAINT  =         5.2167
 EAMBER (non-restraint)  =    -30824.4126
 EKCMT  =         0.0000  VIRIAL  =         0.0000  VOLUME     =    122061.5337
                                                    Density    =         0.7748
 ------------------------------------------------------------------------------

 NMR restraints: Bond =    0.283   Angle =     0.816   Torsion =     0.675
===============================================================================

 NSTEP =     1000   TIME(PS) =       2.000  TEMP(K) =   285.11  PRESS =     0.0
 Etot   =    -25231.0152  EKtot   =      5269.7197  EPtot      =    -30500.7350
 BOND   =        43.4779  ANGLE   =       106.8987  DIHED      =       132.0522
 1-4 NB =        77.1384  1-4 EEL =        63.1240  VDWAALS    =      4370.8861
 EELEC  =    -35298.5715  EHBOND  =         0.0000  RESTRAINT  =         4.2592
 EAMBER (non-restraint)  =    -30504.9942
 EKCMT  =         0.0000  VIRIAL  =         0.0000  VOLUME     =    120097.2916
                                                    Density    =         0.7874
 ------------------------------------------------------------------------------

 NMR restraints: Bond =    0.634   Angle =     0.959   Torsion =     0.079
===============================================================================

 NSTEP =     1500   TIME(PS) =       3.000  TEMP(K) =   292.92  PRESS =     0.0
 Etot   =    -24822.3133  EKtot   =      5414.0527  EPtot      =    -30236.3661
 BOND   =        64.2916  ANGLE   =       100.9761  DIHED      =       124.8908
 1-4 NB =        72.6754  1-4 EEL =        62.1992  VDWAALS    =      4324.3722
 EELEC  =    -34991.8610  EHBOND  =         0.0000  RESTRAINT  =         6.0897
 EAMBER (non-restraint)  =    -30242.4558
 EKCMT  =         0.0000  VIRIAL  =         0.0000  VOLUME     =    118721.6118
                                                    Density    =         0.7966
 ------------------------------------------------------------------------------

 NMR restraints: Bond =    0.211   Angle =     0.441   Torsion =     1.660
===============================================================================

 NSTEP =     2000   TIME(PS) =       4.000  TEMP(K) =   291.73  PRESS =     0.0
 Etot   =    -24677.0586  EKtot   =      5391.9692  EPtot      =    -30069.0278
 BOND   =        46.9772  ANGLE   =       107.1171  DIHED      =       133.4283
 1-4 NB =        77.1988  1-4 EEL =        68.0857  VDWAALS    =      4379.0214
 EELEC  =    -34888.8519  EHBOND  =         0.0000  RESTRAINT  =         7.9956
 EAMBER (non-restraint)  =    -30077.0234
 EKCMT  =         0.0000  VIRIAL  =         0.0000  VOLUME     =    116796.4646
                                                    Density    =         0.8097
 ------------------------------------------------------------------------------

 NMR restraints: Bond =    0.016   Angle =     1.825   Torsion =     2.007
===============================================================================

 NSTEP =     2500   TIME(PS) =       5.000  TEMP(K) =   297.10  PRESS =     0.0
 Etot   =    -24633.8335  EKtot   =      5491.2866  EPtot      =    -30125.1201
 BOND   =        56.4808  ANGLE   =       119.9571  DIHED      =       135.2838
 1-4 NB =        72.6408  1-4 EEL =        62.2656  VDWAALS    =      4132.7956
 EELEC  =    -34712.9997  EHBOND  =         0.0000  RESTRAINT  =         8.4560
 EAMBER (non-restraint)  =    -30133.5761
 EKCMT  =         0.0000  VIRIAL  =         0.0000  VOLUME     =    115668.2652
                                                    Density    =         0.8176
 ------------------------------------------------------------------------------

 NMR restraints: Bond =    0.182   Angle =     2.007   Torsion =     1.922
===============================================================================

 NSTEP =     3000   TIME(PS) =       6.000  TEMP(K) =   295.50  PRESS =     0.0
 Etot   =    -24727.6078  EKtot   =      5461.7446  EPtot      =    -30189.3524
 BOND   =        49.9418  ANGLE   =       124.8746  DIHED      =       132.6825
 1-4 NB =        74.5718  1-4 EEL =        62.0027  VDWAALS    =      4332.3434
 EELEC  =    -34969.7772  EHBOND  =         0.0000  RESTRAINT  =         4.0080
 EAMBER (non-restraint)  =    -30193.3605
 EKCMT  =         0.0000  VIRIAL  =         0.0000  VOLUME     =    113078.2168
                                                    Density    =         0.8363
 ------------------------------------------------------------------------------

 NMR restraints: Bond =    0.431   Angle =     0.333   Torsion =     1.242
===============================================================================

 NSTEP =     3500   TIME(PS) =       7.000  TEMP(K) =   301.91  PRESS =     0.0
 Etot   =    -24558.6510  EKtot   =      5580.2119  EPtot      =    -30138.8629
 BOND   =        46.2208  ANGLE   =       118.3890  DIHED      =       148.1428
 1-4 NB =        80.9891  1-4 EEL =        61.6676  VDWAALS    =      4085.0397
 EELEC  =    -34683.6924  EHBOND  =         0.0000  RESTRAINT  =         4.3804
 EAMBER (non-restraint)  =    -30143.2433
 EKCMT  =         0.0000  VIRIAL  =         0.0000  VOLUME     =    112201.2586
                                                    Density    =         0.8428
 ------------------------------------------------------------------------------

 NMR restraints: Bond =    0.016   Angle =     0.518   Torsion =     0.494
===============================================================================

 NSTEP =     4000   TIME(PS) =       8.000  TEMP(K) =   304.20  PRESS =     0.0
 Etot   =    -24581.6228  EKtot   =      5622.4722  EPtot      =    -30204.0949
 BOND   =        54.6310  ANGLE   =       114.2981  DIHED      =       134.4020
 1-4 NB =        75.8295  1-4 EEL =        60.7923  VDWAALS    =      4088.2117
 EELEC  =    -34738.2377  EHBOND  =         0.0000  RESTRAINT  =         5.9781
 EAMBER (non-restraint)  =    -30210.0730
 EKCMT  =         0.0000  VIRIAL  =         0.0000  VOLUME     =    110715.7703
                                                    Density    =         0.8542
 ------------------------------------------------------------------------------

 NMR restraints: Bond =    0.622   Angle =     2.635   Torsion =     0.600
===============================================================================

 NSTEP =     4500   TIME(PS) =       9.000  TEMP(K) =   304.40  PRESS =     0.0
 Etot   =    -24657.8505  EKtot   =      5626.1982  EPtot      =    -30284.0487
 BOND   =        49.9624  ANGLE   =       114.7846  DIHED      =       129.1941
 1-4 NB =        78.6749  1-4 EEL =        59.8538  VDWAALS    =      4546.4761
 EELEC  =    -35268.6733  EHBOND  =         0.0000  RESTRAINT  =         5.6786
 EAMBER (non-restraint)  =    -30289.7274
 EKCMT  =         0.0000  VIRIAL  =         0.0000  VOLUME     =    109218.4591
                                                    Density    =         0.8659
 ------------------------------------------------------------------------------

 NMR restraints: Bond =    0.133   Angle =     2.953   Torsion =     0.225
===============================================================================

 NSTEP =     5000   TIME(PS) =      10.000  TEMP(K) =   302.59  PRESS =     0.0
 Etot   =    -24747.0921  EKtot   =      5592.7388  EPtot      =    -30339.8308
 BOND   =        55.0528  ANGLE   =       113.4028  DIHED      =       139.9343
 1-4 NB =        74.2112  1-4 EEL =        67.1111  VDWAALS    =      3909.9857
 EELEC  =    -34705.8761  EHBOND  =         0.0000  RESTRAINT  =         6.3473
 EAMBER (non-restraint)  =    -30346.1781
 EKCMT  =         0.0000  VIRIAL  =         0.0000  VOLUME     =    108097.3084
                                                    Density    =         0.8748
 ------------------------------------------------------------------------------

 NMR restraints: Bond =    0.425   Angle =     1.245   Torsion =     1.094
===============================================================================

 NSTEP =     5500   TIME(PS) =      11.000  TEMP(K) =   302.36  PRESS =     0.0
 Etot   =    -24788.0467  EKtot   =      5588.5508  EPtot      =    -30376.5975
 BOND   =        42.1537  ANGLE   =       107.9600  DIHED      =       130.6602
 1-4 NB =        76.7878  1-4 EEL =        66.0577  VDWAALS    =      4203.9107
 EELEC  =    -35011.7220  EHBOND  =         0.0000  RESTRAINT  =         7.5945
 EAMBER (non-restraint)  =    -30384.1919
 EKCMT  =         0.0000  VIRIAL  =         0.0000  VOLUME     =    107368.9979
                                                    Density    =         0.8808
 ------------------------------------------------------------------------------

 NMR restraints: Bond =    0.512   Angle =     1.339   Torsion =     3.543
===============================================================================

 NSTEP =     6000   TIME(PS) =      12.000  TEMP(K) =   297.73  PRESS =     0.0
 Etot   =    -25022.1435  EKtot   =      5502.8413  EPtot      =    -30524.9848
 BOND   =        59.9565  ANGLE   =       113.9513  DIHED      =       140.3343
 1-4 NB =        70.9083  1-4 EEL =        64.3723  VDWAALS    =      4080.5345
 EELEC  =    -35059.9003  EHBOND  =         0.0000  RESTRAINT  =         4.8584
 EAMBER (non-restraint)  =    -30529.8432
 EKCMT  =         0.0000  VIRIAL  =         0.0000  VOLUME     =    107259.9647
                                                    Density    =         0.8817
 ------------------------------------------------------------------------------

 NMR restraints: Bond =    0.317   Angle =     1.105   Torsion =     1.441
===============================================================================

 NSTEP =     6500   TIME(PS) =      13.000  TEMP(K) =   299.75  PRESS =     0.0
 Etot   =    -24996.0638  EKtot   =      5540.1792  EPtot      =    -30536.2430
 BOND   =        56.1511  ANGLE   =       100.4398  DIHED      =       130.4821
 1-4 NB =        77.8397  1-4 EEL =        68.2736  VDWAALS    =      4583.8792
 EELEC  =    -35560.3089  EHBOND  =         0.0000  RESTRAINT  =         7.0004
 EAMBER (non-restraint)  =    -30543.2434
 EKCMT  =         0.0000  VIRIAL  =         0.0000  VOLUME     =    106091.4840
                                                    Density    =         0.8914
 ------------------------------------------------------------------------------

 NMR restraints: Bond =    0.717   Angle =     2.018   Torsion =     1.216
===============================================================================
