
          -------------------------------------------------------
          Amber 18 PMEMD                              2018
          -------------------------------------------------------

| PMEMD implementation of SANDER, Release 18

| Run on 05/02/2018 at 11:35:33

|   Executable path: pmemd.cuda
| Working directory: /oasis/tscc/scratch/davids4/SAMPLing-cut9/11499494.tscc-mgr.local
|          Hostname: tscc-gpu-8-0.sdsc.edu

  [-O]verwriting output

File Assignments:
|   MDIN: equil.000.in                                                          
|  MDOUT: equil.000.out                                                         
| INPCRD: minimize.rst7                                                         
|   PARM: solvate.prmtop                                                        
| RESTRT: equil.000.rst7                                                        
|   REFC: solvate.rst7                                                          
|  MDVEL: mdvel                                                                 
|   MDEN: equil.000.mden                                                        
|  MDCRD: equil.000.nc                                                          
| MDINFO: equil.000.mdinfo                                                      
|  MDFRC: mdfrc                                                                 


 Here is the input file:

PBC MD Simulation                                                              
 &cntrl                                                                        
  imin =          0,                                                           
  ntx =           1,                                                           
  irest =         0,                                                           
  maxcyc =        0,                                                           
  ncyc =          0,                                                           
  dt =            0.002,                                                       
  nstlim =        500000,                                                      
  ntpr =          500,                                                         
  ntwe =          500,                                                         
  ntwr =          250,                                                         
  ntwx =          250,                                                         
  ntxo =          1,                                                           
  ioutfm =        1,                                                           
  ntf =           2,                                                           
  ntc =           2,                                                           
  cut =           9.0,                                                         
  igb =           0,                                                           
  tempi =         298.15,                                                      
  temp0 =         298.15,                                                      
  ntt =           3,                                                           
  gamma_ln =      1.0,                                                         
  ig =            -1,                                                          
  ntp =           1,                                                           
  barostat =      2,                                                           
  ntr =           1,                                                           
  restraint_wt =  50.0,                                                        
  restraintmask = '@DUM',                                                      
  nmropt =        1,                                                           
  pencut =        -1,                                                          
  ntwprt =        206,                                                         
 /                                                                             
 &wt type = 'END', /                                                           
DISANG = disang.rest                                                           
LISTOUT = POUT                                                                 
                                                                               


Note: ig = -1. Setting random seed to   617637 based on wallclock time in 
      microseconds.
| irandom = 1, using AMBER's internal random number generator (default).
 
|--------------------- INFORMATION ----------------------
| GPU (CUDA) Version of PMEMD in use: NVIDIA GPU IN USE.
|                    Version 18.0.0
| 
|                      03/25/2018
| 
| Implementation by:
|                    Ross C. Walker     (SDSC)
|                    Scott Le Grand     (nVIDIA)
| 
| Version 18 performance extensions by:
|                    David Cerutti     (Rutgers)
| 
| Precision model in use:
|      [SPFP] - Single Precision Forces, 64-bit Fixed Point
|               Accumulation. (Default)
| 
|--------------------------------------------------------
 
|----------------- CITATION INFORMATION -----------------
|
|    When publishing work that utilized the CUDA version
|    of AMBER, please cite the following in addition to
|    the regular AMBER citations:
|
|  - Romelia Salomon-Ferrer; Andreas W. Goetz; Duncan
|    Poole; Scott Le Grand; Ross C. Walker "Routine
|    microsecond molecular dynamics simulations with
|    AMBER - Part II: Particle Mesh Ewald", J. Chem.
|    Theory Comput., 2013, 9 (9), pp3878-3888,
|    DOI: 10.1021/ct400314y.
|
|  - Andreas W. Goetz; Mark J. Williamson; Dong Xu;
|    Duncan Poole; Scott Le Grand; Ross C. Walker
|    "Routine microsecond molecular dynamics simulations
|    with AMBER - Part I: Generalized Born", J. Chem.
|    Theory Comput., 2012, 8 (5), pp1542-1555.
|
|  - Scott Le Grand; Andreas W. Goetz; Ross C. Walker
|    "SPFP: Speed without compromise - a mixed precision
|    model for GPU accelerated molecular dynamics
|    simulations.", Comp. Phys. Comm., 2013, 184
|    pp374-380, DOI: 10.1016/j.cpc.2012.09.022
|
|--------------------------------------------------------
 
|------------------- GPU DEVICE INFO --------------------
|
|            CUDA_VISIBLE_DEVICES: 2
|   CUDA Capable Devices Detected:      1
|           CUDA Device ID in use:      0
|                CUDA Device Name: GeForce GTX TITAN X
|     CUDA Device Global Mem Size:  12207 MB
| CUDA Device Num Multiprocessors:     24
|           CUDA Device Core Freq:   1.08 GHz
|
|--------------------------------------------------------
 
 
| Conditional Compilation Defines Used:
| PUBFFT
| BINTRAJ
| CUDA
| EMIL

| Largest sphere to fit in unit cell has radius =    22.338

| New format PARM file being parsed.
| Version =    1.000 Date = 04/23/18 Time = 20:18:03

| Note: 1-4 EEL scale factors are being read from the topology file.

| Note: 1-4 VDW scale factors are being read from the topology file.
| Duplicated    0 dihedrals

| Duplicated    0 dihedrals

--------------------------------------------------------------------------------
   1.  RESOURCE   USE: 
--------------------------------------------------------------------------------

 getting new box info from bottom of inpcrd
 NATOM  =    9223 NTYPES =      11 NBONH =    9067 MBONA  =     155
 NTHETH =     153 MTHETA =     232 NPHIH =     345 MPHIA  =     366
 NHPARM =       0 NPARM  =       0 NNB   =   13221 NRES   =    3022
 NBONA  =     155 NTHETA =     232 NPHIA =     366 NUMBND =      13
 NUMANG =      22 NPTRA  =      15 NATYP =      13 NPHB   =       0
 IFBOX  =       1 NMXRS  =     184 IFCAP =       0 NEXTRA =       0
 NCOPY  =       0

| Coordinate Index Table dimensions:     8    9   12
| Direct force subcell size =     5.5844    5.1077    5.0310

     BOX TYPE: RECTILINEAR

--------------------------------------------------------------------------------
   2.  CONTROL  DATA  FOR  THE  RUN
--------------------------------------------------------------------------------

default_name                                                                    

General flags:
     imin    =       0, nmropt  =       1

Nature and format of input:
     ntx     =       1, irest   =       0, ntrx    =       1

Nature and format of output:
     ntxo    =       1, ntpr    =     500, ntrx    =       1, ntwr    =     250
     iwrap   =       0, ntwx    =     250, ntwv    =       0, ntwe    =     500
     ioutfm  =       1, ntwprt  =     206, idecomp =       0, rbornstat=      0

Potential function:
     ntf     =       2, ntb     =       2, igb     =       0, nsnb    =      25
     ipol    =       0, gbsa    =       0, iesp    =       0
     dielc   =   1.00000, cut     =   9.00000, intdiel =   1.00000

Frozen or restrained atoms:
     ibelly  =       0, ntr     =       1
     restraint_wt =  50.00000

Molecular dynamics:
     nstlim  =    500000, nscm    =         0, nrespa  =         1
     t       =   0.00000, dt      =   0.00200, vlimit  =  -1.00000

Langevin dynamics temperature regulation:
     ig      =  617637
     temp0   = 298.15000, tempi   = 298.15000, gamma_ln=   1.00000

Pressure regulation:
     ntp     =       1
     pres0   =   1.00000, comp    =  44.60000, taup    =   1.00000
     Monte-Carlo Barostat:
     mcbarint  =     100

SHAKE:
     ntc     =       2, jfastw  =       0
     tol     =   0.00001

NMR refinement options:
     iscale  =       0, noeskp  =       1, ipnlty  =       1, mxsub   =       1
     scalm   = 100.00000, pencut  =  -1.00000, tausw   =   0.10000

| Intermolecular bonds treatment:
|     no_intermolecular_bonds =       1

| Energy averages sample interval:
|     ene_avg_sampling =     500

Ewald parameters:
     verbose =       0, ew_type =       0, nbflag  =       1, use_pme =       1
     vdwmeth =       1, eedmeth =       1, netfrc  =       1
     Box X =   44.675   Box Y =   45.969   Box Z =   60.372
     Alpha =   90.000   Beta  =   90.000   Gamma =   90.000
     NFFT1 =   48       NFFT2 =   48       NFFT3 =   64
     Cutoff=    9.000   Tol   =0.100E-04
     Ewald Coefficient =  0.30768
     Interpolation order =    4

    LOADING THE CONSTRAINED ATOMS AS GROUPS


   5.  REFERENCE ATOM COORDINATES

  default_name                                                                    
     Mask @DUM; matches     3 atoms
| MONTE CARLO BAROSTAT IMPORTANT NOTE:
|   The Monte-Carlo barostat does not require the virial to adjust the system volume.
|   Since it is an expensive calculation, it is skipped for efficiency. A side-effect
|   is that the reported pressure is always 0 because it is not calculated.

--------------------------------------------------------------------------------
   3.  ATOMIC COORDINATES AND VELOCITIES
--------------------------------------------------------------------------------

default_name                                                                    
 begin time read from input coords =     0.000 ps



           Begin reading energy term weight changes/NMR restraints
 WEIGHT CHANGES:
                         ** No weight changes given **

 RESTRAINTS:
 Requested file redirections:
  DISANG    = disang.rest
  LISTOUT   = POUT
 Restraints will be read from file: disang.rest
Here are comments from the DISANG input file:

                       Number of restraints read =     9

                  Done reading weight changes/NMR restraints


 
 Number of triangulated 3-point waters found:     3000

     Sum of charges from parm topology file =   0.00000002
     Forcing neutrality...

| Dynamic Memory, Types Used:
| Reals              528921
| Integers           284277

| Nonbonded Pairs Initial Allocation:     2102844

| GPU memory information (estimate):
| KB of GPU memory in use:         0
| KB of CPU memory in use:         0

--------------------------------------------------------------------------------
   4.  RESULTS
--------------------------------------------------------------------------------


 NSTEP =        0   TIME(PS) =       0.000  TEMP(K) =   444.64  PRESS =     0.0
 Etot   =    -30741.9916  EKtot   =      8218.1381  EPtot      =    -38960.1298
 BOND   =        16.6587  ANGLE   =        58.3852  DIHED      =       107.0697
 1-4 NB =        68.6117  1-4 EEL =        63.9820  VDWAALS    =      6197.3294
 EELEC  =    -45474.3345  EHBOND  =         0.0000  RESTRAINT  =         2.1679
 EAMBER (non-restraint)  =    -38962.2977
 EKCMT  =         0.0000  VIRIAL  =         0.0000  VOLUME     =    123985.7247
                                                    Density    =         0.7627
 ------------------------------------------------------------------------------

 NMR restraints: Bond =    0.386   Angle =     1.705   Torsion =     0.012
===============================================================================

 NSTEP =      500   TIME(PS) =       1.000  TEMP(K) =   260.54  PRESS =     0.0
 Etot   =    -25902.9000  EKtot   =      4815.4600  EPtot      =    -30718.3600
 BOND   =        53.3048  ANGLE   =       116.4911  DIHED      =       132.3061
 1-4 NB =        71.4916  1-4 EEL =        63.0100  VDWAALS    =      4742.1873
 EELEC  =    -35905.7933  EHBOND  =         0.0000  RESTRAINT  =         8.6425
 EAMBER (non-restraint)  =    -30727.0025
 EKCMT  =         0.0000  VIRIAL  =         0.0000  VOLUME     =    123304.3805
                                                    Density    =         0.7669
 ------------------------------------------------------------------------------

 NMR restraints: Bond =    0.891   Angle =     4.150   Torsion =     0.845
===============================================================================

 NSTEP =     1000   TIME(PS) =       2.000  TEMP(K) =   284.40  PRESS =     0.0
 Etot   =    -25017.0771  EKtot   =      5256.5771  EPtot      =    -30273.6543
 BOND   =        34.5280  ANGLE   =       111.1726  DIHED      =       136.3487
 1-4 NB =        75.1262  1-4 EEL =        63.1090  VDWAALS    =      4355.1329
 EELEC  =    -35055.4473  EHBOND  =         0.0000  RESTRAINT  =         6.3756
 EAMBER (non-restraint)  =    -30280.0299
 EKCMT  =         0.0000  VIRIAL  =         0.0000  VOLUME     =    121313.7729
                                                    Density    =         0.7795
 ------------------------------------------------------------------------------

 NMR restraints: Bond =    0.960   Angle =     1.285   Torsion =     0.562
===============================================================================

 NSTEP =     1500   TIME(PS) =       3.000  TEMP(K) =   289.45  PRESS =     0.0
 Etot   =    -24718.9234  EKtot   =      5349.7852  EPtot      =    -30068.7085
 BOND   =        49.0485  ANGLE   =       112.1400  DIHED      =       134.5717
 1-4 NB =        76.7563  1-4 EEL =        60.8996  VDWAALS    =      4392.5078
 EELEC  =    -34901.5096  EHBOND  =         0.0000  RESTRAINT  =         6.8773
 EAMBER (non-restraint)  =    -30075.5858
 EKCMT  =         0.0000  VIRIAL  =         0.0000  VOLUME     =    121117.0027
                                                    Density    =         0.7808
 ------------------------------------------------------------------------------

 NMR restraints: Bond =    0.354   Angle =     3.160   Torsion =     0.429
===============================================================================

 NSTEP =     2000   TIME(PS) =       4.000  TEMP(K) =   297.08  PRESS =     0.0
 Etot   =    -24494.3014  EKtot   =      5490.9443  EPtot      =    -29985.2457
 BOND   =        48.6205  ANGLE   =       107.4630  DIHED      =       127.9584
 1-4 NB =        73.6942  1-4 EEL =        63.4087  VDWAALS    =      4250.1496
 EELEC  =    -34661.7331  EHBOND  =         0.0000  RESTRAINT  =         5.1929
 EAMBER (non-restraint)  =    -29990.4386
 EKCMT  =         0.0000  VIRIAL  =         0.0000  VOLUME     =    120922.0699
                                                    Density    =         0.7821
 ------------------------------------------------------------------------------

 NMR restraints: Bond =    0.242   Angle =     2.021   Torsion =     0.571
===============================================================================

 NSTEP =     2500   TIME(PS) =       5.000  TEMP(K) =   300.64  PRESS =     0.0
 Etot   =    -24619.2088  EKtot   =      5556.7173  EPtot      =    -30175.9261
 BOND   =        50.2090  ANGLE   =       107.6895  DIHED      =       128.9576
 1-4 NB =        74.1969  1-4 EEL =        61.8598  VDWAALS    =      4269.9217
 EELEC  =    -34872.1210  EHBOND  =         0.0000  RESTRAINT  =         3.3605
 EAMBER (non-restraint)  =    -30179.2866
 EKCMT  =         0.0000  VIRIAL  =         0.0000  VOLUME     =    119446.1444
                                                    Density    =         0.7917
 ------------------------------------------------------------------------------

 NMR restraints: Bond =    0.011   Angle =     0.556   Torsion =     0.775
===============================================================================

 NSTEP =     3000   TIME(PS) =       6.000  TEMP(K) =   299.23  PRESS =     0.0
 Etot   =    -24516.5806  EKtot   =      5530.6709  EPtot      =    -30047.2515
 BOND   =        50.7497  ANGLE   =       106.6732  DIHED      =       129.9868
 1-4 NB =        78.6232  1-4 EEL =        63.6598  VDWAALS    =      4276.8205
 EELEC  =    -34758.5448  EHBOND  =         0.0000  RESTRAINT  =         4.7800
 EAMBER (non-restraint)  =    -30052.0315
 EKCMT  =         0.0000  VIRIAL  =         0.0000  VOLUME     =    118572.5002
                                                    Density    =         0.7976
 ------------------------------------------------------------------------------

 NMR restraints: Bond =    0.052   Angle =     2.504   Torsion =     0.634
===============================================================================

 NSTEP =     3500   TIME(PS) =       7.000  TEMP(K) =   294.62  PRESS =     0.0
 Etot   =    -24699.4847  EKtot   =      5445.4229  EPtot      =    -30144.9076
 BOND   =        54.2686  ANGLE   =       109.9148  DIHED      =       128.6349
 1-4 NB =        73.2767  1-4 EEL =        64.2435  VDWAALS    =      4126.7210
 EELEC  =    -34705.6289  EHBOND  =         0.0000  RESTRAINT  =         3.6618
 EAMBER (non-restraint)  =    -30148.5694
 EKCMT  =         0.0000  VIRIAL  =         0.0000  VOLUME     =    115432.2118
                                                    Density    =         0.8193
 ------------------------------------------------------------------------------

 NMR restraints: Bond =    0.031   Angle =     2.285   Torsion =     0.173
===============================================================================

 NSTEP =     4000   TIME(PS) =       8.000  TEMP(K) =   297.14  PRESS =     0.0
 Etot   =    -24800.3611  EKtot   =      5491.9111  EPtot      =    -30292.2723
 BOND   =        48.8212  ANGLE   =       104.7770  DIHED      =       131.4786
 1-4 NB =        75.3049  1-4 EEL =        66.4733  VDWAALS    =      4631.1794
 EELEC  =    -35360.2937  EHBOND  =         0.0000  RESTRAINT  =         9.9871
 EAMBER (non-restraint)  =    -30302.2593
 EKCMT  =         0.0000  VIRIAL  =         0.0000  VOLUME     =    113976.9026
                                                    Density    =         0.8297
 ------------------------------------------------------------------------------

 NMR restraints: Bond =    0.556   Angle =     5.338   Torsion =     1.330
===============================================================================

 NSTEP =     4500   TIME(PS) =       9.000  TEMP(K) =   297.34  PRESS =     0.0
 Etot   =    -24812.3222  EKtot   =      5495.6226  EPtot      =    -30307.9448
 BOND   =        61.3277  ANGLE   =       113.6171  DIHED      =       131.3864
 1-4 NB =        78.1956  1-4 EEL =        61.9468  VDWAALS    =      4175.1788
 EELEC  =    -34935.0514  EHBOND  =         0.0000  RESTRAINT  =         5.4543
 EAMBER (non-restraint)  =    -30313.3990
 EKCMT  =         0.0000  VIRIAL  =         0.0000  VOLUME     =    111824.4087
                                                    Density    =         0.8457
 ------------------------------------------------------------------------------

 NMR restraints: Bond =    0.025   Angle =     2.147   Torsion =     0.970
===============================================================================

 NSTEP =     5000   TIME(PS) =      10.000  TEMP(K) =   298.37  PRESS =     0.0
 Etot   =    -24863.7539  EKtot   =      5514.7173  EPtot      =    -30378.4711
 BOND   =        50.3664  ANGLE   =       124.5302  DIHED      =       133.3180
 1-4 NB =        78.1658  1-4 EEL =        60.7854  VDWAALS    =      4630.8176
 EELEC  =    -35464.2356  EHBOND  =         0.0000  RESTRAINT  =         7.7810
 EAMBER (non-restraint)  =    -30386.2521
 EKCMT  =         0.0000  VIRIAL  =         0.0000  VOLUME     =    108567.5180
                                                    Density    =         0.8711
 ------------------------------------------------------------------------------

 NMR restraints: Bond =    2.881   Angle =     1.968   Torsion =     0.187
===============================================================================

 NSTEP =     5500   TIME(PS) =      11.000  TEMP(K) =   301.27  PRESS =     0.0
 Etot   =    -24871.2908  EKtot   =      5568.3369  EPtot      =    -30439.6277
 BOND   =        46.6318  ANGLE   =       121.8434  DIHED      =       132.2932
 1-4 NB =        76.7754  1-4 EEL =        64.5918  VDWAALS    =      4119.5408
 EELEC  =    -35008.4584  EHBOND  =         0.0000  RESTRAINT  =         7.1542
 EAMBER (non-restraint)  =    -30446.7819
 EKCMT  =         0.0000  VIRIAL  =         0.0000  VOLUME     =    107645.1274
                                                    Density    =         0.8785
 ------------------------------------------------------------------------------

 NMR restraints: Bond =    0.713   Angle =     4.099   Torsion =     0.233
===============================================================================

 NSTEP =     6000   TIME(PS) =      12.000  TEMP(K) =   297.83  PRESS =     0.0
 Etot   =    -24981.3691  EKtot   =      5504.7393  EPtot      =    -30486.1083
 BOND   =        64.4244  ANGLE   =       112.7903  DIHED      =       132.8197
 1-4 NB =        70.9928  1-4 EEL =        61.9271  VDWAALS    =      4338.6177
 EELEC  =    -35273.9855  EHBOND  =         0.0000  RESTRAINT  =         6.3051
 EAMBER (non-restraint)  =    -30492.4135
 EKCMT  =         0.0000  VIRIAL  =         0.0000  VOLUME     =    105843.8241
                                                    Density    =         0.8935
 ------------------------------------------------------------------------------

 NMR restraints: Bond =    0.392   Angle =     2.327   Torsion =     0.692
===============================================================================
