
          -------------------------------------------------------
          Amber 18 PMEMD                              2018
          -------------------------------------------------------

| PMEMD implementation of SANDER, Release 18

| Run on 05/02/2018 at 11:08:44

|   Executable path: pmemd.cuda
| Working directory: /oasis/tscc/scratch/davids4/SAMPLing-cut9/11499411.tscc-mgr.local
|          Hostname: tscc-gpu-9-3.sdsc.edu

  [-O]verwriting output

File Assignments:
|   MDIN: equil.000.in                                                          
|  MDOUT: equil.000.out                                                         
| INPCRD: minimize.rst7                                                         
|   PARM: solvate.prmtop                                                        
| RESTRT: equil.000.rst7                                                        
|   REFC: solvate.rst7                                                          
|  MDVEL: mdvel                                                                 
|   MDEN: equil.000.mden                                                        
|  MDCRD: equil.000.nc                                                          
| MDINFO: equil.000.mdinfo                                                      
|  MDFRC: mdfrc                                                                 


 Here is the input file:

PBC MD Simulation                                                              
 &cntrl                                                                        
  imin =          0,                                                           
  ntx =           1,                                                           
  irest =         0,                                                           
  maxcyc =        0,                                                           
  ncyc =          0,                                                           
  dt =            0.002,                                                       
  nstlim =        500000,                                                      
  ntpr =          500,                                                         
  ntwe =          500,                                                         
  ntwr =          250,                                                         
  ntwx =          250,                                                         
  ntxo =          1,                                                           
  ioutfm =        1,                                                           
  ntf =           2,                                                           
  ntc =           2,                                                           
  cut =           9.0,                                                         
  igb =           0,                                                           
  tempi =         298.15,                                                      
  temp0 =         298.15,                                                      
  ntt =           3,                                                           
  gamma_ln =      1.0,                                                         
  ig =            -1,                                                          
  ntp =           1,                                                           
  barostat =      2,                                                           
  ntr =           1,                                                           
  restraint_wt =  50.0,                                                        
  restraintmask = '@DUM',                                                      
  nmropt =        1,                                                           
  pencut =        -1,                                                          
  ntwprt =        204,                                                         
 /                                                                             
 &wt type = 'END', /                                                           
DISANG = disang.rest                                                           
LISTOUT = POUT                                                                 
                                                                               


Note: ig = -1. Setting random seed to   341459 based on wallclock time in 
      microseconds.
| irandom = 1, using AMBER's internal random number generator (default).
 
|--------------------- INFORMATION ----------------------
| GPU (CUDA) Version of PMEMD in use: NVIDIA GPU IN USE.
|                    Version 18.0.0
| 
|                      03/25/2018
| 
| Implementation by:
|                    Ross C. Walker     (SDSC)
|                    Scott Le Grand     (nVIDIA)
| 
| Version 18 performance extensions by:
|                    David Cerutti     (Rutgers)
| 
| Precision model in use:
|      [SPFP] - Single Precision Forces, 64-bit Fixed Point
|               Accumulation. (Default)
| 
|--------------------------------------------------------
 
|----------------- CITATION INFORMATION -----------------
|
|    When publishing work that utilized the CUDA version
|    of AMBER, please cite the following in addition to
|    the regular AMBER citations:
|
|  - Romelia Salomon-Ferrer; Andreas W. Goetz; Duncan
|    Poole; Scott Le Grand; Ross C. Walker "Routine
|    microsecond molecular dynamics simulations with
|    AMBER - Part II: Particle Mesh Ewald", J. Chem.
|    Theory Comput., 2013, 9 (9), pp3878-3888,
|    DOI: 10.1021/ct400314y.
|
|  - Andreas W. Goetz; Mark J. Williamson; Dong Xu;
|    Duncan Poole; Scott Le Grand; Ross C. Walker
|    "Routine microsecond molecular dynamics simulations
|    with AMBER - Part I: Generalized Born", J. Chem.
|    Theory Comput., 2012, 8 (5), pp1542-1555.
|
|  - Scott Le Grand; Andreas W. Goetz; Ross C. Walker
|    "SPFP: Speed without compromise - a mixed precision
|    model for GPU accelerated molecular dynamics
|    simulations.", Comp. Phys. Comm., 2013, 184
|    pp374-380, DOI: 10.1016/j.cpc.2012.09.022
|
|--------------------------------------------------------
 
|------------------- GPU DEVICE INFO --------------------
|
|            CUDA_VISIBLE_DEVICES: 1
|   CUDA Capable Devices Detected:      1
|           CUDA Device ID in use:      0
|                CUDA Device Name: GeForce GTX TITAN X
|     CUDA Device Global Mem Size:  12207 MB
| CUDA Device Num Multiprocessors:     24
|           CUDA Device Core Freq:   1.08 GHz
|
|--------------------------------------------------------
 
 
| Conditional Compilation Defines Used:
| PUBFFT
| BINTRAJ
| CUDA
| EMIL

| Largest sphere to fit in unit cell has radius =    21.059

| New format PARM file being parsed.
| Version =    1.000 Date = 04/23/18 Time = 20:26:01

| Note: 1-4 EEL scale factors are being read from the topology file.

| Note: 1-4 VDW scale factors are being read from the topology file.
| Duplicated    0 dihedrals

| Duplicated    0 dihedrals

--------------------------------------------------------------------------------
   1.  RESOURCE   USE: 
--------------------------------------------------------------------------------

 getting new box info from bottom of inpcrd
 NATOM  =    9221 NTYPES =      11 NBONH =    9065 MBONA  =     155
 NTHETH =     148 MTHETA =     231 NPHIH =     343 MPHIA  =     362
 NHPARM =       0 NPARM  =       0 NNB   =   13205 NRES   =    3022
 NBONA  =     155 NTHETA =     231 NPHIA =     362 NUMBND =      16
 NUMANG =      28 NPTRA  =      15 NATYP =      14 NPHB   =       0
 IFBOX  =       1 NMXRS  =     184 IFCAP =       0 NEXTRA =       0
 NCOPY  =       0

| Coordinate Index Table dimensions:     8    8   14
| Direct force subcell size =     5.4385    5.2647    5.0455

     BOX TYPE: RECTILINEAR

--------------------------------------------------------------------------------
   2.  CONTROL  DATA  FOR  THE  RUN
--------------------------------------------------------------------------------

default_name                                                                    

General flags:
     imin    =       0, nmropt  =       1

Nature and format of input:
     ntx     =       1, irest   =       0, ntrx    =       1

Nature and format of output:
     ntxo    =       1, ntpr    =     500, ntrx    =       1, ntwr    =     250
     iwrap   =       0, ntwx    =     250, ntwv    =       0, ntwe    =     500
     ioutfm  =       1, ntwprt  =     204, idecomp =       0, rbornstat=      0

Potential function:
     ntf     =       2, ntb     =       2, igb     =       0, nsnb    =      25
     ipol    =       0, gbsa    =       0, iesp    =       0
     dielc   =   1.00000, cut     =   9.00000, intdiel =   1.00000

Frozen or restrained atoms:
     ibelly  =       0, ntr     =       1
     restraint_wt =  50.00000

Molecular dynamics:
     nstlim  =    500000, nscm    =         0, nrespa  =         1
     t       =   0.00000, dt      =   0.00200, vlimit  =  -1.00000

Langevin dynamics temperature regulation:
     ig      =  341459
     temp0   = 298.15000, tempi   = 298.15000, gamma_ln=   1.00000

Pressure regulation:
     ntp     =       1
     pres0   =   1.00000, comp    =  44.60000, taup    =   1.00000
     Monte-Carlo Barostat:
     mcbarint  =     100

SHAKE:
     ntc     =       2, jfastw  =       0
     tol     =   0.00001

NMR refinement options:
     iscale  =       0, noeskp  =       1, ipnlty  =       1, mxsub   =       1
     scalm   = 100.00000, pencut  =  -1.00000, tausw   =   0.10000

| Intermolecular bonds treatment:
|     no_intermolecular_bonds =       1

| Energy averages sample interval:
|     ene_avg_sampling =     500

Ewald parameters:
     verbose =       0, ew_type =       0, nbflag  =       1, use_pme =       1
     vdwmeth =       1, eedmeth =       1, netfrc  =       1
     Box X =   43.508   Box Y =   42.118   Box Z =   70.636
     Alpha =   90.000   Beta  =   90.000   Gamma =   90.000
     NFFT1 =   48       NFFT2 =   48       NFFT3 =   72
     Cutoff=    9.000   Tol   =0.100E-04
     Ewald Coefficient =  0.30768
     Interpolation order =    4

    LOADING THE CONSTRAINED ATOMS AS GROUPS


   5.  REFERENCE ATOM COORDINATES

  default_name                                                                    
     Mask @DUM; matches     3 atoms
| MONTE CARLO BAROSTAT IMPORTANT NOTE:
|   The Monte-Carlo barostat does not require the virial to adjust the system volume.
|   Since it is an expensive calculation, it is skipped for efficiency. A side-effect
|   is that the reported pressure is always 0 because it is not calculated.

--------------------------------------------------------------------------------
   3.  ATOMIC COORDINATES AND VELOCITIES
--------------------------------------------------------------------------------

default_name                                                                    
 begin time read from input coords =     0.000 ps



           Begin reading energy term weight changes/NMR restraints
 WEIGHT CHANGES:
                         ** No weight changes given **

 RESTRAINTS:
 Requested file redirections:
  DISANG    = disang.rest
  LISTOUT   = POUT
 Restraints will be read from file: disang.rest
Here are comments from the DISANG input file:

                       Number of restraints read =     9

                  Done reading weight changes/NMR restraints


 
 Number of triangulated 3-point waters found:     3000

     Sum of charges from parm topology file =   0.00000002
     Forcing neutrality...

| Dynamic Memory, Types Used:
| Reals              528869
| Integers           283979

| Nonbonded Pairs Initial Allocation:     2102388

| GPU memory information (estimate):
| KB of GPU memory in use:         0
| KB of CPU memory in use:         0

--------------------------------------------------------------------------------
   4.  RESULTS
--------------------------------------------------------------------------------


 NSTEP =        0   TIME(PS) =       0.000  TEMP(K) =   436.77  PRESS =     0.0
 Etot   =    -30753.8880  EKtot   =      8070.9560  EPtot      =    -38824.8440
 BOND   =        18.5553  ANGLE   =        48.8312  DIHED      =       104.7223
 1-4 NB =        67.4361  1-4 EEL =        61.9380  VDWAALS    =      6172.3297
 EELEC  =    -45299.0833  EHBOND  =         0.0000  RESTRAINT  =         0.4267
 EAMBER (non-restraint)  =    -38825.2707
 EKCMT  =         0.0000  VIRIAL  =         0.0000  VOLUME     =    129438.7046
                                                    Density    =         0.7306
 ------------------------------------------------------------------------------

 NMR restraints: Bond =    0.326   Angle =     0.074   Torsion =     0.015
===============================================================================

 NSTEP =      500   TIME(PS) =       1.000  TEMP(K) =   265.97  PRESS =     0.0
 Etot   =    -25930.4863  EKtot   =      4914.7725  EPtot      =    -30845.2588
 BOND   =        44.2394  ANGLE   =       106.7396  DIHED      =       130.6161
 1-4 NB =        79.2190  1-4 EEL =        63.9123  VDWAALS    =      4625.8001
 EELEC  =    -35902.7149  EHBOND  =         0.0000  RESTRAINT  =         6.9296
 EAMBER (non-restraint)  =    -30852.1884
 EKCMT  =         0.0000  VIRIAL  =         0.0000  VOLUME     =    128825.0837
                                                    Density    =         0.7341
 ------------------------------------------------------------------------------

 NMR restraints: Bond =    2.811   Angle =     1.606   Torsion =     1.142
===============================================================================

 NSTEP =     1000   TIME(PS) =       2.000  TEMP(K) =   280.65  PRESS =     0.0
 Etot   =    -25018.0962  EKtot   =      5186.1309  EPtot      =    -30204.2271
 BOND   =        42.0555  ANGLE   =       117.2735  DIHED      =       139.2125
 1-4 NB =        79.3977  1-4 EEL =        62.8188  VDWAALS    =      4492.1453
 EELEC  =    -35141.9501  EHBOND  =         0.0000  RESTRAINT  =         4.8197
 EAMBER (non-restraint)  =    -30209.0468
 EKCMT  =         0.0000  VIRIAL  =         0.0000  VOLUME     =    126587.6929
                                                    Density    =         0.7470
 ------------------------------------------------------------------------------

 NMR restraints: Bond =    0.650   Angle =     2.062   Torsion =     0.408
===============================================================================

 NSTEP =     1500   TIME(PS) =       3.000  TEMP(K) =   291.69  PRESS =     0.0
 Etot   =    -24685.8809  EKtot   =      5390.0220  EPtot      =    -30075.9028
 BOND   =        45.7201  ANGLE   =        86.6990  DIHED      =       135.2576
 1-4 NB =        81.7959  1-4 EEL =        67.6304  VDWAALS    =      4209.7310
 EELEC  =    -34708.1254  EHBOND  =         0.0000  RESTRAINT  =         5.3886
 EAMBER (non-restraint)  =    -30081.2914
 EKCMT  =         0.0000  VIRIAL  =         0.0000  VOLUME     =    124206.6644
                                                    Density    =         0.7613
 ------------------------------------------------------------------------------

 NMR restraints: Bond =    1.739   Angle =     1.043   Torsion =     1.531
===============================================================================

 NSTEP =     2000   TIME(PS) =       4.000  TEMP(K) =   301.71  PRESS =     0.0
 Etot   =    -24598.7398  EKtot   =      5575.2568  EPtot      =    -30173.9967
 BOND   =        58.4329  ANGLE   =       106.9826  DIHED      =       134.1780
 1-4 NB =        75.6930  1-4 EEL =        68.8901  VDWAALS    =      4492.1202
 EELEC  =    -35114.9412  EHBOND  =         0.0000  RESTRAINT  =         4.6477
 EAMBER (non-restraint)  =    -30178.6443
 EKCMT  =         0.0000  VIRIAL  =         0.0000  VOLUME     =    121979.4624
                                                    Density    =         0.7753
 ------------------------------------------------------------------------------

 NMR restraints: Bond =    0.361   Angle =     1.172   Torsion =     1.461
===============================================================================

 NSTEP =     2500   TIME(PS) =       5.000  TEMP(K) =   300.30  PRESS =     0.0
 Etot   =    -24595.0554  EKtot   =      5549.2261  EPtot      =    -30144.2815
 BOND   =        47.9960  ANGLE   =       116.1506  DIHED      =       134.6466
 1-4 NB =        76.6498  1-4 EEL =        62.4038  VDWAALS    =      4209.6984
 EELEC  =    -34795.5380  EHBOND  =         0.0000  RESTRAINT  =         3.7113
 EAMBER (non-restraint)  =    -30147.9928
 EKCMT  =         0.0000  VIRIAL  =         0.0000  VOLUME     =    121540.9075
                                                    Density    =         0.7780
 ------------------------------------------------------------------------------

 NMR restraints: Bond =    0.080   Angle =     1.226   Torsion =     0.632
===============================================================================

 NSTEP =     3000   TIME(PS) =       6.000  TEMP(K) =   298.97  PRESS =     0.0
 Etot   =    -24640.6188  EKtot   =      5524.5767  EPtot      =    -30165.1955
 BOND   =        60.8019  ANGLE   =       100.4109  DIHED      =       142.9260
 1-4 NB =        75.3947  1-4 EEL =        63.6529  VDWAALS    =      4148.9410
 EELEC  =    -34764.2126  EHBOND  =         0.0000  RESTRAINT  =         6.8898
 EAMBER (non-restraint)  =    -30172.0853
 EKCMT  =         0.0000  VIRIAL  =         0.0000  VOLUME     =    119106.8303
                                                    Density    =         0.7939
 ------------------------------------------------------------------------------

 NMR restraints: Bond =    0.012   Angle =     1.053   Torsion =     1.069
===============================================================================

 NSTEP =     3500   TIME(PS) =       7.000  TEMP(K) =   296.31  PRESS =     0.0
 Etot   =    -24653.6919  EKtot   =      5475.4814  EPtot      =    -30129.1734
 BOND   =        47.8719  ANGLE   =       108.9195  DIHED      =       127.5940
 1-4 NB =        80.1812  1-4 EEL =        65.3828  VDWAALS    =      4211.9820
 EELEC  =    -34775.1443  EHBOND  =         0.0000  RESTRAINT  =         4.0396
 EAMBER (non-restraint)  =    -30133.2130
 EKCMT  =         0.0000  VIRIAL  =         0.0000  VOLUME     =    118204.9047
                                                    Density    =         0.8000
 ------------------------------------------------------------------------------

 NMR restraints: Bond =    0.399   Angle =     0.477   Torsion =     1.469
===============================================================================

 NSTEP =     4000   TIME(PS) =       8.000  TEMP(K) =   295.42  PRESS =     0.0
 Etot   =    -24773.2626  EKtot   =      5459.0938  EPtot      =    -30232.3564
 BOND   =        58.2791  ANGLE   =       115.3200  DIHED      =       133.6867
 1-4 NB =        73.8489  1-4 EEL =        63.8498  VDWAALS    =      4262.1853
 EELEC  =    -34945.4721  EHBOND  =         0.0000  RESTRAINT  =         5.9459
 EAMBER (non-restraint)  =    -30238.3023
 EKCMT  =         0.0000  VIRIAL  =         0.0000  VOLUME     =    115087.5637
                                                    Density    =         0.8217
 ------------------------------------------------------------------------------

 NMR restraints: Bond =    0.139   Angle =     0.890   Torsion =     0.939
===============================================================================

 NSTEP =     4500   TIME(PS) =       9.000  TEMP(K) =   299.58  PRESS =     0.0
 Etot   =    -24822.2277  EKtot   =      5535.8345  EPtot      =    -30358.0622
 BOND   =        50.7052  ANGLE   =       108.3928  DIHED      =       134.4500
 1-4 NB =        75.6990  1-4 EEL =        66.0075  VDWAALS    =      4211.3598
 EELEC  =    -35007.6746  EHBOND  =         0.0000  RESTRAINT  =         2.9980
 EAMBER (non-restraint)  =    -30361.0602
 EKCMT  =         0.0000  VIRIAL  =         0.0000  VOLUME     =    113780.5802
                                                    Density    =         0.8311
 ------------------------------------------------------------------------------

 NMR restraints: Bond =    1.026   Angle =     0.495   Torsion =     0.460
===============================================================================

 NSTEP =     5000   TIME(PS) =      10.000  TEMP(K) =   299.55  PRESS =     0.0
 Etot   =    -24881.5434  EKtot   =      5535.3813  EPtot      =    -30416.9247
 BOND   =        53.7998  ANGLE   =       114.0127  DIHED      =       145.6266
 1-4 NB =        74.9147  1-4 EEL =        66.7275  VDWAALS    =      4346.2625
 EELEC  =    -35222.0232  EHBOND  =         0.0000  RESTRAINT  =         3.7548
 EAMBER (non-restraint)  =    -30420.6795
 EKCMT  =         0.0000  VIRIAL  =         0.0000  VOLUME     =    112524.2725
                                                    Density    =         0.8404
 ------------------------------------------------------------------------------

 NMR restraints: Bond =    0.141   Angle =     1.030   Torsion =     1.975
===============================================================================

 NSTEP =     5500   TIME(PS) =      11.000  TEMP(K) =   290.69  PRESS =     0.0
 Etot   =    -24923.5083  EKtot   =      5371.6836  EPtot      =    -30295.1919
 BOND   =        44.6605  ANGLE   =       104.5690  DIHED      =       129.1970
 1-4 NB =        76.5610  1-4 EEL =        58.1855  VDWAALS    =      4560.0910
 EELEC  =    -35271.0110  EHBOND  =         0.0000  RESTRAINT  =         2.5551
 EAMBER (non-restraint)  =    -30297.7470
 EKCMT  =         0.0000  VIRIAL  =         0.0000  VOLUME     =    110415.8374
                                                    Density    =         0.8564
 ------------------------------------------------------------------------------

 NMR restraints: Bond =    0.040   Angle =     0.672   Torsion =     0.775
===============================================================================

 NSTEP =     6000   TIME(PS) =      12.000  TEMP(K) =   299.86  PRESS =     0.0
 Etot   =    -25025.7189  EKtot   =      5541.1045  EPtot      =    -30566.8234
 BOND   =        56.1470  ANGLE   =        84.4798  DIHED      =       130.0235
 1-4 NB =        77.8152  1-4 EEL =        63.9965  VDWAALS    =      4085.9926
 EELEC  =    -35067.3182  EHBOND  =         0.0000  RESTRAINT  =         2.0402
 EAMBER (non-restraint)  =    -30568.8636
 EKCMT  =         0.0000  VIRIAL  =         0.0000  VOLUME     =    109814.1120
                                                    Density    =         0.8611
 ------------------------------------------------------------------------------

 NMR restraints: Bond =    0.234   Angle =     0.078   Torsion =     0.441
===============================================================================

 NSTEP =     6500   TIME(PS) =      13.000  TEMP(K) =   295.26  PRESS =     0.0
 Etot   =    -24918.7090  EKtot   =      5456.0620  EPtot      =    -30374.7710
 BOND   =        54.2622  ANGLE   =       114.4216  DIHED      =       135.2214
 1-4 NB =        75.3848  1-4 EEL =        63.1728  VDWAALS    =      4132.6009
 EELEC  =    -34955.2292  EHBOND  =         0.0000  RESTRAINT  =         5.3944
 EAMBER (non-restraint)  =    -30380.1655
 EKCMT  =         0.0000  VIRIAL  =         0.0000  VOLUME     =    108755.8235
                                                    Density    =         0.8695
 ------------------------------------------------------------------------------

 NMR restraints: Bond =    0.098   Angle =     1.973   Torsion =     1.082
===============================================================================
