
          -------------------------------------------------------
          Amber 18 PMEMD                              2018
          -------------------------------------------------------

| PMEMD implementation of SANDER, Release 18

| Run on 05/02/2018 at 11:20:14

|   Executable path: pmemd.cuda
| Working directory: /oasis/tscc/scratch/davids4/SAMPLing-cut9/11499449.tscc-mgr.local
|          Hostname: tscc-gpu-8-8.sdsc.edu

  [-O]verwriting output

File Assignments:
|   MDIN: equil.000.in                                                          
|  MDOUT: equil.000.out                                                         
| INPCRD: minimize.rst7                                                         
|   PARM: solvate.prmtop                                                        
| RESTRT: equil.000.rst7                                                        
|   REFC: solvate.rst7                                                          
|  MDVEL: mdvel                                                                 
|   MDEN: equil.000.mden                                                        
|  MDCRD: equil.000.nc                                                          
| MDINFO: equil.000.mdinfo                                                      
|  MDFRC: mdfrc                                                                 


 Here is the input file:

PBC MD Simulation                                                              
 &cntrl                                                                        
  imin =          0,                                                           
  ntx =           1,                                                           
  irest =         0,                                                           
  maxcyc =        0,                                                           
  ncyc =          0,                                                           
  dt =            0.002,                                                       
  nstlim =        500000,                                                      
  ntpr =          500,                                                         
  ntwe =          500,                                                         
  ntwr =          250,                                                         
  ntwx =          250,                                                         
  ntxo =          1,                                                           
  ioutfm =        1,                                                           
  ntf =           2,                                                           
  ntc =           2,                                                           
  cut =           9.0,                                                         
  igb =           0,                                                           
  tempi =         298.15,                                                      
  temp0 =         298.15,                                                      
  ntt =           3,                                                           
  gamma_ln =      1.0,                                                         
  ig =            -1,                                                          
  ntp =           1,                                                           
  barostat =      2,                                                           
  ntr =           1,                                                           
  restraint_wt =  50.0,                                                        
  restraintmask = '@DUM',                                                      
  nmropt =        1,                                                           
  pencut =        -1,                                                          
  ntwprt =        204,                                                         
 /                                                                             
 &wt type = 'END', /                                                           
DISANG = disang.rest                                                           
LISTOUT = POUT                                                                 
                                                                               


Note: ig = -1. Setting random seed to   903369 based on wallclock time in 
      microseconds.
| irandom = 1, using AMBER's internal random number generator (default).
 
|--------------------- INFORMATION ----------------------
| GPU (CUDA) Version of PMEMD in use: NVIDIA GPU IN USE.
|                    Version 18.0.0
| 
|                      03/25/2018
| 
| Implementation by:
|                    Ross C. Walker     (SDSC)
|                    Scott Le Grand     (nVIDIA)
| 
| Version 18 performance extensions by:
|                    David Cerutti     (Rutgers)
| 
| Precision model in use:
|      [SPFP] - Single Precision Forces, 64-bit Fixed Point
|               Accumulation. (Default)
| 
|--------------------------------------------------------
 
|----------------- CITATION INFORMATION -----------------
|
|    When publishing work that utilized the CUDA version
|    of AMBER, please cite the following in addition to
|    the regular AMBER citations:
|
|  - Romelia Salomon-Ferrer; Andreas W. Goetz; Duncan
|    Poole; Scott Le Grand; Ross C. Walker "Routine
|    microsecond molecular dynamics simulations with
|    AMBER - Part II: Particle Mesh Ewald", J. Chem.
|    Theory Comput., 2013, 9 (9), pp3878-3888,
|    DOI: 10.1021/ct400314y.
|
|  - Andreas W. Goetz; Mark J. Williamson; Dong Xu;
|    Duncan Poole; Scott Le Grand; Ross C. Walker
|    "Routine microsecond molecular dynamics simulations
|    with AMBER - Part I: Generalized Born", J. Chem.
|    Theory Comput., 2012, 8 (5), pp1542-1555.
|
|  - Scott Le Grand; Andreas W. Goetz; Ross C. Walker
|    "SPFP: Speed without compromise - a mixed precision
|    model for GPU accelerated molecular dynamics
|    simulations.", Comp. Phys. Comm., 2013, 184
|    pp374-380, DOI: 10.1016/j.cpc.2012.09.022
|
|--------------------------------------------------------
 
|------------------- GPU DEVICE INFO --------------------
|
|            CUDA_VISIBLE_DEVICES: 3
|   CUDA Capable Devices Detected:      1
|           CUDA Device ID in use:      0
|                CUDA Device Name: GeForce GTX TITAN X
|     CUDA Device Global Mem Size:  12207 MB
| CUDA Device Num Multiprocessors:     24
|           CUDA Device Core Freq:   1.08 GHz
|
|--------------------------------------------------------
 
 
| Conditional Compilation Defines Used:
| PUBFFT
| BINTRAJ
| CUDA
| EMIL

| Largest sphere to fit in unit cell has radius =    21.059

| New format PARM file being parsed.
| Version =    1.000 Date = 04/23/18 Time = 20:23:24

| Note: 1-4 EEL scale factors are being read from the topology file.

| Note: 1-4 VDW scale factors are being read from the topology file.
| Duplicated    0 dihedrals

| Duplicated    0 dihedrals

--------------------------------------------------------------------------------
   1.  RESOURCE   USE: 
--------------------------------------------------------------------------------

 getting new box info from bottom of inpcrd
 NATOM  =    9221 NTYPES =      11 NBONH =    9065 MBONA  =     155
 NTHETH =     148 MTHETA =     231 NPHIH =     343 MPHIA  =     362
 NHPARM =       0 NPARM  =       0 NNB   =   13205 NRES   =    3022
 NBONA  =     155 NTHETA =     231 NPHIA =     362 NUMBND =      16
 NUMANG =      28 NPTRA  =      15 NATYP =      14 NPHB   =       0
 IFBOX  =       1 NMXRS  =     184 IFCAP =       0 NEXTRA =       0
 NCOPY  =       0

| Coordinate Index Table dimensions:     8    8   13
| Direct force subcell size =     5.4385    5.2647    5.3161

     BOX TYPE: RECTILINEAR

--------------------------------------------------------------------------------
   2.  CONTROL  DATA  FOR  THE  RUN
--------------------------------------------------------------------------------

default_name                                                                    

General flags:
     imin    =       0, nmropt  =       1

Nature and format of input:
     ntx     =       1, irest   =       0, ntrx    =       1

Nature and format of output:
     ntxo    =       1, ntpr    =     500, ntrx    =       1, ntwr    =     250
     iwrap   =       0, ntwx    =     250, ntwv    =       0, ntwe    =     500
     ioutfm  =       1, ntwprt  =     204, idecomp =       0, rbornstat=      0

Potential function:
     ntf     =       2, ntb     =       2, igb     =       0, nsnb    =      25
     ipol    =       0, gbsa    =       0, iesp    =       0
     dielc   =   1.00000, cut     =   9.00000, intdiel =   1.00000

Frozen or restrained atoms:
     ibelly  =       0, ntr     =       1
     restraint_wt =  50.00000

Molecular dynamics:
     nstlim  =    500000, nscm    =         0, nrespa  =         1
     t       =   0.00000, dt      =   0.00200, vlimit  =  -1.00000

Langevin dynamics temperature regulation:
     ig      =  903369
     temp0   = 298.15000, tempi   = 298.15000, gamma_ln=   1.00000

Pressure regulation:
     ntp     =       1
     pres0   =   1.00000, comp    =  44.60000, taup    =   1.00000
     Monte-Carlo Barostat:
     mcbarint  =     100

SHAKE:
     ntc     =       2, jfastw  =       0
     tol     =   0.00001

NMR refinement options:
     iscale  =       0, noeskp  =       1, ipnlty  =       1, mxsub   =       1
     scalm   = 100.00000, pencut  =  -1.00000, tausw   =   0.10000

| Intermolecular bonds treatment:
|     no_intermolecular_bonds =       1

| Energy averages sample interval:
|     ene_avg_sampling =     500

Ewald parameters:
     verbose =       0, ew_type =       0, nbflag  =       1, use_pme =       1
     vdwmeth =       1, eedmeth =       1, netfrc  =       1
     Box X =   43.508   Box Y =   42.118   Box Z =   69.110
     Alpha =   90.000   Beta  =   90.000   Gamma =   90.000
     NFFT1 =   48       NFFT2 =   48       NFFT3 =   72
     Cutoff=    9.000   Tol   =0.100E-04
     Ewald Coefficient =  0.30768
     Interpolation order =    4

    LOADING THE CONSTRAINED ATOMS AS GROUPS


   5.  REFERENCE ATOM COORDINATES

  default_name                                                                    
     Mask @DUM; matches     3 atoms
| MONTE CARLO BAROSTAT IMPORTANT NOTE:
|   The Monte-Carlo barostat does not require the virial to adjust the system volume.
|   Since it is an expensive calculation, it is skipped for efficiency. A side-effect
|   is that the reported pressure is always 0 because it is not calculated.

--------------------------------------------------------------------------------
   3.  ATOMIC COORDINATES AND VELOCITIES
--------------------------------------------------------------------------------

default_name                                                                    
 begin time read from input coords =     0.000 ps



           Begin reading energy term weight changes/NMR restraints
 WEIGHT CHANGES:
                         ** No weight changes given **

 RESTRAINTS:
 Requested file redirections:
  DISANG    = disang.rest
  LISTOUT   = POUT
 Restraints will be read from file: disang.rest
Here are comments from the DISANG input file:

                       Number of restraints read =     9

                  Done reading weight changes/NMR restraints


 
 Number of triangulated 3-point waters found:     3000

     Sum of charges from parm topology file =   0.00000002
     Forcing neutrality...

| Dynamic Memory, Types Used:
| Reals              528869
| Integers           283979

| Nonbonded Pairs Initial Allocation:     2102388

| GPU memory information (estimate):
| KB of GPU memory in use:         0
| KB of CPU memory in use:         0

--------------------------------------------------------------------------------
   4.  RESULTS
--------------------------------------------------------------------------------


 NSTEP =        0   TIME(PS) =       0.000  TEMP(K) =   441.55  PRESS =     0.0
 Etot   =    -30769.6058  EKtot   =      8159.3767  EPtot      =    -38928.9825
 BOND   =        17.7484  ANGLE   =        53.9958  DIHED      =       105.6003
 1-4 NB =        67.5496  1-4 EEL =        61.4418  VDWAALS    =      6215.4127
 EELEC  =    -45450.9862  EHBOND  =         0.0000  RESTRAINT  =         0.2552
 EAMBER (non-restraint)  =    -38929.2377
 EKCMT  =         0.0000  VIRIAL  =         0.0000  VOLUME     =    126640.7721
                                                    Density    =         0.7467
 ------------------------------------------------------------------------------

 NMR restraints: Bond =    0.147   Angle =     0.058   Torsion =     0.030
===============================================================================

 NSTEP =      500   TIME(PS) =       1.000  TEMP(K) =   263.75  PRESS =     0.0
 Etot   =    -25928.0915  EKtot   =      4873.8267  EPtot      =    -30801.9182
 BOND   =        39.3301  ANGLE   =        97.9548  DIHED      =       130.6374
 1-4 NB =        76.3387  1-4 EEL =        66.5296  VDWAALS    =      4651.8589
 EELEC  =    -35869.1679  EHBOND  =         0.0000  RESTRAINT  =         4.6002
 EAMBER (non-restraint)  =    -30806.5184
 EKCMT  =         0.0000  VIRIAL  =         0.0000  VOLUME     =    124676.2442
                                                    Density    =         0.7585
 ------------------------------------------------------------------------------

 NMR restraints: Bond =    0.097   Angle =     0.281   Torsion =     2.194
===============================================================================

 NSTEP =     1000   TIME(PS) =       2.000  TEMP(K) =   282.82  PRESS =     0.0
 Etot   =    -25104.3941  EKtot   =      5226.1660  EPtot      =    -30330.5601
 BOND   =        60.4484  ANGLE   =       103.1889  DIHED      =       131.3389
 1-4 NB =        73.0878  1-4 EEL =        67.6348  VDWAALS    =      4448.6991
 EELEC  =    -35217.7863  EHBOND  =         0.0000  RESTRAINT  =         2.8284
 EAMBER (non-restraint)  =    -30333.3885
 EKCMT  =         0.0000  VIRIAL  =         0.0000  VOLUME     =    123954.2473
                                                    Density    =         0.7629
 ------------------------------------------------------------------------------

 NMR restraints: Bond =    0.104   Angle =     0.199   Torsion =     0.899
===============================================================================

 NSTEP =     1500   TIME(PS) =       3.000  TEMP(K) =   291.02  PRESS =     0.0
 Etot   =    -24860.5953  EKtot   =      5377.7710  EPtot      =    -30238.3663
 BOND   =        47.3273  ANGLE   =        98.2114  DIHED      =       143.2815
 1-4 NB =        73.1647  1-4 EEL =        69.5120  VDWAALS    =      4608.9442
 EELEC  =    -35283.0724  EHBOND  =         0.0000  RESTRAINT  =         4.2652
 EAMBER (non-restraint)  =    -30242.6314
 EKCMT  =         0.0000  VIRIAL  =         0.0000  VOLUME     =    121916.9449
                                                    Density    =         0.7756
 ------------------------------------------------------------------------------

 NMR restraints: Bond =    0.295   Angle =     0.527   Torsion =     0.853
===============================================================================

 NSTEP =     2000   TIME(PS) =       4.000  TEMP(K) =   291.33  PRESS =     0.0
 Etot   =    -24707.9638  EKtot   =      5383.5103  EPtot      =    -30091.4741
 BOND   =        40.8514  ANGLE   =        93.6519  DIHED      =       129.7315
 1-4 NB =        76.6005  1-4 EEL =        66.2493  VDWAALS    =      4271.8805
 EELEC  =    -34774.6774  EHBOND  =         0.0000  RESTRAINT  =         4.2382
 EAMBER (non-restraint)  =    -30095.7123
 EKCMT  =         0.0000  VIRIAL  =         0.0000  VOLUME     =    121864.9773
                                                    Density    =         0.7760
 ------------------------------------------------------------------------------

 NMR restraints: Bond =    0.078   Angle =     0.625   Torsion =     1.202
===============================================================================

 NSTEP =     2500   TIME(PS) =       5.000  TEMP(K) =   296.28  PRESS =     0.0
 Etot   =    -24618.5920  EKtot   =      5474.9951  EPtot      =    -30093.5871
 BOND   =        46.9617  ANGLE   =       113.3108  DIHED      =       129.6084
 1-4 NB =        79.9799  1-4 EEL =        68.9817  VDWAALS    =      4258.2135
 EELEC  =    -34797.7571  EHBOND  =         0.0000  RESTRAINT  =         7.1140
 EAMBER (non-restraint)  =    -30100.7011
 EKCMT  =         0.0000  VIRIAL  =         0.0000  VOLUME     =    120585.3890
                                                    Density    =         0.7842
 ------------------------------------------------------------------------------

 NMR restraints: Bond =    0.044   Angle =     1.567   Torsion =     1.061
===============================================================================

 NSTEP =     3000   TIME(PS) =       6.000  TEMP(K) =   295.86  PRESS =     0.0
 Etot   =    -24657.9624  EKtot   =      5467.1904  EPtot      =    -30125.1528
 BOND   =        49.6465  ANGLE   =       108.3796  DIHED      =       141.1629
 1-4 NB =        70.6392  1-4 EEL =        61.8378  VDWAALS    =      4343.3310
 EELEC  =    -34903.8476  EHBOND  =         0.0000  RESTRAINT  =         3.6978
 EAMBER (non-restraint)  =    -30128.8506
 EKCMT  =         0.0000  VIRIAL  =         0.0000  VOLUME     =    119266.4896
                                                    Density    =         0.7929
 ------------------------------------------------------------------------------

 NMR restraints: Bond =    0.201   Angle =     0.698   Torsion =     0.970
===============================================================================

 NSTEP =     3500   TIME(PS) =       7.000  TEMP(K) =   295.91  PRESS =     0.0
 Etot   =    -24682.4478  EKtot   =      5468.1416  EPtot      =    -30150.5894
 BOND   =        55.9377  ANGLE   =        99.0845  DIHED      =       140.8718
 1-4 NB =        75.9658  1-4 EEL =        61.3281  VDWAALS    =      4231.9509
 EELEC  =    -34819.5424  EHBOND  =         0.0000  RESTRAINT  =         3.8141
 EAMBER (non-restraint)  =    -30154.4036
 EKCMT  =         0.0000  VIRIAL  =         0.0000  VOLUME     =    118085.1459
                                                    Density    =         0.8008
 ------------------------------------------------------------------------------

 NMR restraints: Bond =    0.028   Angle =     0.552   Torsion =     0.709
===============================================================================

 NSTEP =     4000   TIME(PS) =       8.000  TEMP(K) =   303.18  PRESS =     0.0
 Etot   =    -24798.7366  EKtot   =      5602.4746  EPtot      =    -30401.2112
 BOND   =        46.4927  ANGLE   =       109.1041  DIHED      =       132.0608
 1-4 NB =        76.7305  1-4 EEL =        70.3558  VDWAALS    =      4242.4809
 EELEC  =    -35083.5569  EHBOND  =         0.0000  RESTRAINT  =         5.1208
 EAMBER (non-restraint)  =    -30406.3321
 EKCMT  =         0.0000  VIRIAL  =         0.0000  VOLUME     =    116942.0494
                                                    Density    =         0.8086
 ------------------------------------------------------------------------------

 NMR restraints: Bond =    0.098   Angle =     0.869   Torsion =     0.946
===============================================================================

 NSTEP =     4500   TIME(PS) =       9.000  TEMP(K) =   301.49  PRESS =     0.0
 Etot   =    -24815.6929  EKtot   =      5571.2368  EPtot      =    -30386.9297
 BOND   =        57.6741  ANGLE   =       105.7111  DIHED      =       136.1377
 1-4 NB =        75.9134  1-4 EEL =        64.1605  VDWAALS    =      4509.3002
 EELEC  =    -35343.8377  EHBOND  =         0.0000  RESTRAINT  =         8.0109
 EAMBER (non-restraint)  =    -30394.9406
 EKCMT  =         0.0000  VIRIAL  =         0.0000  VOLUME     =    114684.7246
                                                    Density    =         0.8246
 ------------------------------------------------------------------------------

 NMR restraints: Bond =    0.660   Angle =     0.808   Torsion =     1.675
===============================================================================

 NSTEP =     5000   TIME(PS) =      10.000  TEMP(K) =   293.50  PRESS =     0.0
 Etot   =    -24821.6689  EKtot   =      5423.4946  EPtot      =    -30245.1635
 BOND   =        58.0875  ANGLE   =       113.0034  DIHED      =       138.3376
 1-4 NB =        77.6747  1-4 EEL =        64.0443  VDWAALS    =      4179.4821
 EELEC  =    -34879.5727  EHBOND  =         0.0000  RESTRAINT  =         3.7795
 EAMBER (non-restraint)  =    -30248.9430
 EKCMT  =         0.0000  VIRIAL  =         0.0000  VOLUME     =    114016.5781
                                                    Density    =         0.8294
 ------------------------------------------------------------------------------

 NMR restraints: Bond =    0.306   Angle =     0.662   Torsion =     1.681
===============================================================================

 NSTEP =     5500   TIME(PS) =      11.000  TEMP(K) =   300.35  PRESS =     0.0
 Etot   =    -24857.5142  EKtot   =      5550.1138  EPtot      =    -30407.6280
 BOND   =        50.0762  ANGLE   =       102.9793  DIHED      =       135.8714
 1-4 NB =        71.6596  1-4 EEL =        67.6235  VDWAALS    =      4255.4443
 EELEC  =    -35095.7406  EHBOND  =         0.0000  RESTRAINT  =         4.4583
 EAMBER (non-restraint)  =    -30412.0863
 EKCMT  =         0.0000  VIRIAL  =         0.0000  VOLUME     =    113424.0884
                                                    Density    =         0.8337
 ------------------------------------------------------------------------------

 NMR restraints: Bond =    0.021   Angle =     0.573   Torsion =     0.946
===============================================================================

 NSTEP =     6000   TIME(PS) =      12.000  TEMP(K) =   294.18  PRESS =     0.0
 Etot   =    -25091.1269  EKtot   =      5436.1099  EPtot      =    -30527.2367
 BOND   =        47.1849  ANGLE   =       112.2034  DIHED      =       144.8002
 1-4 NB =        74.7227  1-4 EEL =        63.2038  VDWAALS    =      4290.4215
 EELEC  =    -35262.5333  EHBOND  =         0.0000  RESTRAINT  =         2.7601
 EAMBER (non-restraint)  =    -30529.9968
 EKCMT  =         0.0000  VIRIAL  =         0.0000  VOLUME     =    111541.1180
                                                    Density    =         0.8478
 ------------------------------------------------------------------------------

 NMR restraints: Bond =    0.135   Angle =     0.260   Torsion =     0.521
===============================================================================

 NSTEP =     6500   TIME(PS) =      13.000  TEMP(K) =   295.77  PRESS =     0.0
 Etot   =    -25122.8529  EKtot   =      5465.4766  EPtot      =    -30588.3295
 BOND   =        46.8685  ANGLE   =       105.2074  DIHED      =       138.6874
 1-4 NB =        73.5366  1-4 EEL =        66.6448  VDWAALS    =      4457.0910
 EELEC  =    -35480.5641  EHBOND  =         0.0000  RESTRAINT  =         4.1988
 EAMBER (non-restraint)  =    -30592.5283
 EKCMT  =         0.0000  VIRIAL  =         0.0000  VOLUME     =    109180.2351
                                                    Density    =         0.8661
 ------------------------------------------------------------------------------

 NMR restraints: Bond =    0.223   Angle =     0.511   Torsion =     0.977
===============================================================================

 NSTEP =     7000   TIME(PS) =      14.000  TEMP(K) =   295.81  PRESS =     0.0
 Etot   =    -25138.9023  EKtot   =      5466.1782  EPtot      =    -30605.0805
 BOND   =        49.2923  ANGLE   =       100.7338  DIHED      =       136.2724
 1-4 NB =        77.0098  1-4 EEL =        64.1585  VDWAALS    =      4140.9422
 EELEC  =    -35178.1218  EHBOND  =         0.0000  RESTRAINT  =         4.6324
 EAMBER (non-restraint)  =    -30609.7130
 EKCMT  =         0.0000  VIRIAL  =         0.0000  VOLUME     =    107984.2200
                                                    Density    =         0.8757
 ------------------------------------------------------------------------------

 NMR restraints: Bond =    1.167   Angle =     0.953   Torsion =     0.738
===============================================================================

 NSTEP =     7500   TIME(PS) =      15.000  TEMP(K) =   296.71  PRESS =     0.0
 Etot   =    -25064.8898  EKtot   =      5482.7959  EPtot      =    -30547.6857
 BOND   =        50.3798  ANGLE   =       105.7885  DIHED      =       127.1232
 1-4 NB =        74.5280  1-4 EEL =        65.3809  VDWAALS    =      4228.5517
 EELEC  =    -35208.7698  EHBOND  =         0.0000  RESTRAINT  =         9.3321
 EAMBER (non-restraint)  =    -30557.0177
 EKCMT  =         0.0000  VIRIAL  =         0.0000  VOLUME     =    106521.2330
                                                    Density    =         0.8878
 ------------------------------------------------------------------------------

 NMR restraints: Bond =    1.439   Angle =     0.427   Torsion =     4.266
===============================================================================

 NSTEP =     8000   TIME(PS) =      16.000  TEMP(K) =   299.89  PRESS =     0.0
 Etot   =    -25101.3136  EKtot   =      5541.5601  EPtot      =    -30642.8737
 BOND   =        52.3795  ANGLE   =       110.0062  DIHED      =       133.0753
 1-4 NB =        75.8339  1-4 EEL =        66.6898  VDWAALS    =      4225.4006
 EELEC  =    -35309.0828  EHBOND  =         0.0000  RESTRAINT  =         2.8238
 EAMBER (non-restraint)  =    -30645.6975
 EKCMT  =         0.0000  VIRIAL  =         0.0000  VOLUME     =    105109.0112
                                                    Density    =         0.8997
 ------------------------------------------------------------------------------

 NMR restraints: Bond =    0.105   Angle =     0.463   Torsion =     0.604
===============================================================================

 NSTEP =     8500   TIME(PS) =      17.000  TEMP(K) =   296.33  PRESS =     0.0
 Etot   =    -25206.2797  EKtot   =      5475.8022  EPtot      =    -30682.0819
 BOND   =        56.9906  ANGLE   =       113.3012  DIHED      =       132.9651
 1-4 NB =        75.2962  1-4 EEL =        62.8049  VDWAALS    =      4200.3717
 EELEC  =    -35328.2339  EHBOND  =         0.0000  RESTRAINT  =         4.4223
 EAMBER (non-restraint)  =    -30686.5042
 EKCMT  =         0.0000  VIRIAL  =         0.0000  VOLUME     =    105338.7218
                                                    Density    =         0.8977
 ------------------------------------------------------------------------------

 NMR restraints: Bond =    0.425   Angle =     0.297   Torsion =     0.201
===============================================================================

 NSTEP =     9000   TIME(PS) =      18.000  TEMP(K) =   296.34  PRESS =     0.0
 Etot   =    -25303.1551  EKtot   =      5475.9604  EPtot      =    -30779.1155
 BOND   =        59.6394  ANGLE   =       101.7445  DIHED      =       130.8517
 1-4 NB =        76.8484  1-4 EEL =        66.9296  VDWAALS    =      4473.0238
 EELEC  =    -35694.1270  EHBOND  =         0.0000  RESTRAINT  =         5.9742
 EAMBER (non-restraint)  =    -30785.0897
 EKCMT  =         0.0000  VIRIAL  =         0.0000  VOLUME     =    103946.0886
                                                    Density    =         0.9097
 ------------------------------------------------------------------------------

 NMR restraints: Bond =    0.030   Angle =     0.722   Torsion =     0.290
===============================================================================

 NSTEP =     9500   TIME(PS) =      19.000  TEMP(K) =   301.55  PRESS =     0.0
 Etot   =    -25087.6212  EKtot   =      5572.2339  EPtot      =    -30659.8551
 BOND   =        46.7236  ANGLE   =       106.8417  DIHED      =       131.4958
 1-4 NB =        74.1738  1-4 EEL =        63.4832  VDWAALS    =      4064.5982
 EELEC  =    -35152.0705  EHBOND  =         0.0000  RESTRAINT  =         4.8992
 EAMBER (non-restraint)  =    -30664.7544
 EKCMT  =         0.0000  VIRIAL  =         0.0000  VOLUME     =    102834.3918
                                                    Density    =         0.9196
 ------------------------------------------------------------------------------

 NMR restraints: Bond =    1.111   Angle =     0.601   Torsion =     0.797
===============================================================================

 NSTEP =    10000   TIME(PS) =      20.000  TEMP(K) =   301.58  PRESS =     0.0
 Etot   =    -25115.3105  EKtot   =      5572.9072  EPtot      =    -30688.2177
 BOND   =        45.7209  ANGLE   =       103.7737  DIHED      =       139.1612
 1-4 NB =        74.1489  1-4 EEL =        63.1115  VDWAALS    =      4288.7606
 EELEC  =    -35406.1629  EHBOND  =         0.0000  RESTRAINT  =         3.2684
 EAMBER (non-restraint)  =    -30691.4861
 EKCMT  =         0.0000  VIRIAL  =         0.0000  VOLUME     =    102069.2242
                                                    Density    =         0.9265
 ------------------------------------------------------------------------------

 NMR restraints: Bond =    0.175   Angle =     0.072   Torsion =     0.955
===============================================================================

 NSTEP =    10500   TIME(PS) =      21.000  TEMP(K) =   298.91  PRESS =     0.0
 Etot   =    -25009.9792  EKtot   =      5523.6040  EPtot      =    -30533.5832
 BOND   =        50.6696  ANGLE   =       113.4213  DIHED      =       131.4932
 1-4 NB =        74.1405  1-4 EEL =        64.4132  VDWAALS    =      4006.9215
 EELEC  =    -34981.9814  EHBOND  =         0.0000  RESTRAINT  =         7.3390
 EAMBER (non-restraint)  =    -30540.9222
 EKCMT  =         0.0000  VIRIAL  =         0.0000  VOLUME     =    101476.9213
                                                    Density    =         0.9319
 ------------------------------------------------------------------------------

 NMR restraints: Bond =    0.195   Angle =     0.300   Torsion =     5.392
===============================================================================

 NSTEP =    11000   TIME(PS) =      22.000  TEMP(K) =   296.95  PRESS =     0.0
 Etot   =    -25110.8662  EKtot   =      5487.2993  EPtot      =    -30598.1656
 BOND   =        53.9924  ANGLE   =       110.6712  DIHED      =       143.2783
 1-4 NB =        71.0730  1-4 EEL =        62.8541  VDWAALS    =      4313.7225
 EELEC  =    -35358.0616  EHBOND  =         0.0000  RESTRAINT  =         4.3045
 EAMBER (non-restraint)  =    -30602.4701
 EKCMT  =         0.0000  VIRIAL  =         0.0000  VOLUME     =    100216.3455
                                                    Density    =         0.9436
 ------------------------------------------------------------------------------

 NMR restraints: Bond =    0.012   Angle =     0.776   Torsion =     0.677
===============================================================================

 NSTEP =    11500   TIME(PS) =      23.000  TEMP(K) =   296.72  PRESS =     0.0
 Etot   =    -25261.7889  EKtot   =      5483.0659  EPtot      =    -30744.8548
 BOND   =        51.7471  ANGLE   =       112.5499  DIHED      =       133.8233
 1-4 NB =        74.9618  1-4 EEL =        68.4863  VDWAALS    =      4268.6265
 EELEC  =    -35458.6739  EHBOND  =         0.0000  RESTRAINT  =         3.6241
 EAMBER (non-restraint)  =    -30748.4789
 EKCMT  =         0.0000  VIRIAL  =         0.0000  VOLUME     =     98818.6730
                                                    Density    =         0.9570
 ------------------------------------------------------------------------------

 NMR restraints: Bond =    0.218   Angle =     0.440   Torsion =     1.812
===============================================================================

 NSTEP =    12000   TIME(PS) =      24.000  TEMP(K) =   300.66  PRESS =     0.0
 Etot   =    -25246.7465  EKtot   =      5555.8892  EPtot      =    -30802.6357
 BOND   =        45.8032  ANGLE   =       105.5027  DIHED      =       136.5369
 1-4 NB =        77.3326  1-4 EEL =        63.3232  VDWAALS    =      4151.4624
 EELEC  =    -35386.5391  EHBOND  =         0.0000  RESTRAINT  =         3.9425
 EAMBER (non-restraint)  =    -30806.5782
 EKCMT  =         0.0000  VIRIAL  =         0.0000  VOLUME     =     98750.1368
                                                    Density    =         0.9576
 ------------------------------------------------------------------------------

 NMR restraints: Bond =    0.429   Angle =     1.299   Torsion =     0.245
===============================================================================

 NSTEP =    12500   TIME(PS) =      25.000  TEMP(K) =   298.67  PRESS =     0.0
 Etot   =    -25362.2570  EKtot   =      5519.1426  EPtot      =    -30881.3995
 BOND   =        55.1054  ANGLE   =       110.1393  DIHED      =       128.0104
 1-4 NB =        76.6068  1-4 EEL =        67.3817  VDWAALS    =      4125.2321
 EELEC  =    -35446.3327  EHBOND  =         0.0000  RESTRAINT  =         2.4576
 EAMBER (non-restraint)  =    -30883.8571
 EKCMT  =         0.0000  VIRIAL  =         0.0000  VOLUME     =     97301.0332
                                                    Density    =         0.9719
 ------------------------------------------------------------------------------

 NMR restraints: Bond =    0.492   Angle =     0.159   Torsion =     0.365
===============================================================================

 NSTEP =    13000   TIME(PS) =      26.000  TEMP(K) =   294.54  PRESS =     0.0
 Etot   =    -25473.3397  EKtot   =      5442.6816  EPtot      =    -30916.0214
 BOND   =        56.8557  ANGLE   =       104.6498  DIHED      =       132.1161
 1-4 NB =        77.1436  1-4 EEL =        62.5676  VDWAALS    =      4254.1271
 EELEC  =    -35606.9288  EHBOND  =         0.0000  RESTRAINT  =         3.4476
 EAMBER (non-restraint)  =    -30919.4689
 EKCMT  =         0.0000  VIRIAL  =         0.0000  VOLUME     =     95968.7862
                                                    Density    =         0.9854
 ------------------------------------------------------------------------------

 NMR restraints: Bond =    1.027   Angle =     0.453   Torsion =     0.221
===============================================================================

 NSTEP =    13500   TIME(PS) =      27.000  TEMP(K) =   299.95  PRESS =     0.0
 Etot   =    -25496.8926  EKtot   =      5542.8066  EPtot      =    -31039.6993
 BOND   =        51.2619  ANGLE   =       110.3429  DIHED      =       133.7427
 1-4 NB =        79.0404  1-4 EEL =        65.7633  VDWAALS    =      4255.8831
 EELEC  =    -35740.4198  EHBOND  =         0.0000  RESTRAINT  =         4.6863
 EAMBER (non-restraint)  =    -31044.3856
 EKCMT  =         0.0000  VIRIAL  =         0.0000  VOLUME     =     95085.4552
                                                    Density    =         0.9945
 ------------------------------------------------------------------------------

 NMR restraints: Bond =    0.215   Angle =     0.488   Torsion =     0.306
===============================================================================

 NSTEP =    14000   TIME(PS) =      28.000  TEMP(K) =   299.52  PRESS =     0.0
 Etot   =    -25571.9555  EKtot   =      5534.8218  EPtot      =    -31106.7773
 BOND   =        50.9583  ANGLE   =       107.3031  DIHED      =       128.0457
 1-4 NB =        75.3367  1-4 EEL =        67.4713  VDWAALS    =      4131.9584
 EELEC  =    -35672.5181  EHBOND  =         0.0000  RESTRAINT  =         4.6674
 EAMBER (non-restraint)  =    -31111.4447
 EKCMT  =         0.0000  VIRIAL  =         0.0000  VOLUME     =     94797.7535
                                                    Density    =         0.9975
 ------------------------------------------------------------------------------

 NMR restraints: Bond =    1.872   Angle =     0.581   Torsion =     0.775
===============================================================================

 NSTEP =    14500   TIME(PS) =      29.000  TEMP(K) =   306.76  PRESS =     0.0
 Etot   =    -25480.9823  EKtot   =      5668.5332  EPtot      =    -31149.5155
 BOND   =        48.8266  ANGLE   =       118.7097  DIHED      =       140.4484
 1-4 NB =        77.5323  1-4 EEL =        65.7150  VDWAALS    =      4452.4612
 EELEC  =    -36057.2764  EHBOND  =         0.0000  RESTRAINT  =         4.0676
 EAMBER (non-restraint)  =    -31153.5831
 EKCMT  =         0.0000  VIRIAL  =         0.0000  VOLUME     =     93889.0856
                                                    Density    =         1.0072
 ------------------------------------------------------------------------------

 NMR restraints: Bond =    0.351   Angle =     2.251   Torsion =     0.030
===============================================================================

 NSTEP =    15000   TIME(PS) =      30.000  TEMP(K) =   304.47  PRESS =     0.0
 Etot   =    -25610.0966  EKtot   =      5626.2720  EPtot      =    -31236.3686
 BOND   =        51.0037  ANGLE   =       119.8983  DIHED      =       139.1048
 1-4 NB =        73.9134  1-4 EEL =        58.2741  VDWAALS    =      4440.6665
 EELEC  =    -36124.1087  EHBOND  =         0.0000  RESTRAINT  =         4.8794
 EAMBER (non-restraint)  =    -31241.2479
 EKCMT  =         0.0000  VIRIAL  =         0.0000  VOLUME     =     93141.3864
                                                    Density    =         1.0153
 ------------------------------------------------------------------------------

 NMR restraints: Bond =    0.075   Angle =     0.513   Torsion =     0.280
===============================================================================
