
          -------------------------------------------------------
          Amber 18 PMEMD                              2018
          -------------------------------------------------------

| PMEMD implementation of SANDER, Release 18

| Run on 05/02/2018 at 11:00:26

|   Executable path: pmemd.cuda
| Working directory: /oasis/tscc/scratch/davids4/SAMPLing-cut9/11499338.tscc-mgr.local
|          Hostname: tscc-gpu-9-2.sdsc.edu

  [-O]verwriting output

File Assignments:
|   MDIN: equil.000.in                                                          
|  MDOUT: equil.000.out                                                         
| INPCRD: minimize.rst7                                                         
|   PARM: solvate.prmtop                                                        
| RESTRT: equil.000.rst7                                                        
|   REFC: solvate.rst7                                                          
|  MDVEL: mdvel                                                                 
|   MDEN: equil.000.mden                                                        
|  MDCRD: equil.000.nc                                                          
| MDINFO: equil.000.mdinfo                                                      
|  MDFRC: mdfrc                                                                 


 Here is the input file:

PBC MD Simulation                                                              
 &cntrl                                                                        
  imin =          0,                                                           
  ntx =           1,                                                           
  irest =         0,                                                           
  maxcyc =        0,                                                           
  ncyc =          0,                                                           
  dt =            0.002,                                                       
  nstlim =        500000,                                                      
  ntpr =          500,                                                         
  ntwe =          500,                                                         
  ntwr =          250,                                                         
  ntwx =          250,                                                         
  ntxo =          1,                                                           
  ioutfm =        1,                                                           
  ntf =           2,                                                           
  ntc =           2,                                                           
  cut =           9.0,                                                         
  igb =           0,                                                           
  tempi =         298.15,                                                      
  temp0 =         298.15,                                                      
  ntt =           3,                                                           
  gamma_ln =      1.0,                                                         
  ig =            -1,                                                          
  ntp =           1,                                                           
  barostat =      2,                                                           
  ntr =           1,                                                           
  restraint_wt =  50.0,                                                        
  restraintmask = '@DUM',                                                      
  nmropt =        1,                                                           
  pencut =        -1,                                                          
  ntwprt =        204,                                                         
 /                                                                             
 &wt type = 'END', /                                                           
DISANG = disang.rest                                                           
LISTOUT = POUT                                                                 
                                                                               


Note: ig = -1. Setting random seed to   662384 based on wallclock time in 
      microseconds.
| irandom = 1, using AMBER's internal random number generator (default).
 
|--------------------- INFORMATION ----------------------
| GPU (CUDA) Version of PMEMD in use: NVIDIA GPU IN USE.
|                    Version 18.0.0
| 
|                      03/25/2018
| 
| Implementation by:
|                    Ross C. Walker     (SDSC)
|                    Scott Le Grand     (nVIDIA)
| 
| Version 18 performance extensions by:
|                    David Cerutti     (Rutgers)
| 
| Precision model in use:
|      [SPFP] - Single Precision Forces, 64-bit Fixed Point
|               Accumulation. (Default)
| 
|--------------------------------------------------------
 
|----------------- CITATION INFORMATION -----------------
|
|    When publishing work that utilized the CUDA version
|    of AMBER, please cite the following in addition to
|    the regular AMBER citations:
|
|  - Romelia Salomon-Ferrer; Andreas W. Goetz; Duncan
|    Poole; Scott Le Grand; Ross C. Walker "Routine
|    microsecond molecular dynamics simulations with
|    AMBER - Part II: Particle Mesh Ewald", J. Chem.
|    Theory Comput., 2013, 9 (9), pp3878-3888,
|    DOI: 10.1021/ct400314y.
|
|  - Andreas W. Goetz; Mark J. Williamson; Dong Xu;
|    Duncan Poole; Scott Le Grand; Ross C. Walker
|    "Routine microsecond molecular dynamics simulations
|    with AMBER - Part I: Generalized Born", J. Chem.
|    Theory Comput., 2012, 8 (5), pp1542-1555.
|
|  - Scott Le Grand; Andreas W. Goetz; Ross C. Walker
|    "SPFP: Speed without compromise - a mixed precision
|    model for GPU accelerated molecular dynamics
|    simulations.", Comp. Phys. Comm., 2013, 184
|    pp374-380, DOI: 10.1016/j.cpc.2012.09.022
|
|--------------------------------------------------------
 
|------------------- GPU DEVICE INFO --------------------
|
|            CUDA_VISIBLE_DEVICES: 1
|   CUDA Capable Devices Detected:      1
|           CUDA Device ID in use:      0
|                CUDA Device Name: GeForce GTX TITAN X
|     CUDA Device Global Mem Size:  12207 MB
| CUDA Device Num Multiprocessors:     24
|           CUDA Device Core Freq:   1.08 GHz
|
|--------------------------------------------------------
 
 
| Conditional Compilation Defines Used:
| PUBFFT
| BINTRAJ
| CUDA
| EMIL

| Largest sphere to fit in unit cell has radius =    20.946

| New format PARM file being parsed.
| Version =    1.000 Date = 04/23/18 Time = 20:05:15

| Note: 1-4 EEL scale factors are being read from the topology file.

| Note: 1-4 VDW scale factors are being read from the topology file.
| Duplicated    0 dihedrals

| Duplicated    0 dihedrals

--------------------------------------------------------------------------------
   1.  RESOURCE   USE: 
--------------------------------------------------------------------------------

 getting new box info from bottom of inpcrd
 NATOM  =    9221 NTYPES =      11 NBONH =    9065 MBONA  =     155
 NTHETH =     148 MTHETA =     231 NPHIH =     343 MPHIA  =     362
 NHPARM =       0 NPARM  =       0 NNB   =   13205 NRES   =    3022
 NBONA  =     155 NTHETA =     231 NPHIA =     362 NUMBND =      16
 NUMANG =      28 NPTRA  =      15 NATYP =      14 NPHB   =       0
 IFBOX  =       1 NMXRS  =     184 IFCAP =       0 NEXTRA =       0
 NCOPY  =       0

| Coordinate Index Table dimensions:     8    8   13
| Direct force subcell size =     5.4385    5.2364    5.3161

     BOX TYPE: RECTILINEAR

--------------------------------------------------------------------------------
   2.  CONTROL  DATA  FOR  THE  RUN
--------------------------------------------------------------------------------

default_name                                                                    

General flags:
     imin    =       0, nmropt  =       1

Nature and format of input:
     ntx     =       1, irest   =       0, ntrx    =       1

Nature and format of output:
     ntxo    =       1, ntpr    =     500, ntrx    =       1, ntwr    =     250
     iwrap   =       0, ntwx    =     250, ntwv    =       0, ntwe    =     500
     ioutfm  =       1, ntwprt  =     204, idecomp =       0, rbornstat=      0

Potential function:
     ntf     =       2, ntb     =       2, igb     =       0, nsnb    =      25
     ipol    =       0, gbsa    =       0, iesp    =       0
     dielc   =   1.00000, cut     =   9.00000, intdiel =   1.00000

Frozen or restrained atoms:
     ibelly  =       0, ntr     =       1
     restraint_wt =  50.00000

Molecular dynamics:
     nstlim  =    500000, nscm    =         0, nrespa  =         1
     t       =   0.00000, dt      =   0.00200, vlimit  =  -1.00000

Langevin dynamics temperature regulation:
     ig      =  662384
     temp0   = 298.15000, tempi   = 298.15000, gamma_ln=   1.00000

Pressure regulation:
     ntp     =       1
     pres0   =   1.00000, comp    =  44.60000, taup    =   1.00000
     Monte-Carlo Barostat:
     mcbarint  =     100

SHAKE:
     ntc     =       2, jfastw  =       0
     tol     =   0.00001

NMR refinement options:
     iscale  =       0, noeskp  =       1, ipnlty  =       1, mxsub   =       1
     scalm   = 100.00000, pencut  =  -1.00000, tausw   =   0.10000

| Intermolecular bonds treatment:
|     no_intermolecular_bonds =       1

| Energy averages sample interval:
|     ene_avg_sampling =     500

Ewald parameters:
     verbose =       0, ew_type =       0, nbflag  =       1, use_pme =       1
     vdwmeth =       1, eedmeth =       1, netfrc  =       1
     Box X =   43.508   Box Y =   41.891   Box Z =   69.110
     Alpha =   90.000   Beta  =   90.000   Gamma =   90.000
     NFFT1 =   48       NFFT2 =   48       NFFT3 =   72
     Cutoff=    9.000   Tol   =0.100E-04
     Ewald Coefficient =  0.30768
     Interpolation order =    4

    LOADING THE CONSTRAINED ATOMS AS GROUPS


   5.  REFERENCE ATOM COORDINATES

  default_name                                                                    
     Mask @DUM; matches     3 atoms
| MONTE CARLO BAROSTAT IMPORTANT NOTE:
|   The Monte-Carlo barostat does not require the virial to adjust the system volume.
|   Since it is an expensive calculation, it is skipped for efficiency. A side-effect
|   is that the reported pressure is always 0 because it is not calculated.

--------------------------------------------------------------------------------
   3.  ATOMIC COORDINATES AND VELOCITIES
--------------------------------------------------------------------------------

default_name                                                                    
 begin time read from input coords =     0.000 ps



           Begin reading energy term weight changes/NMR restraints
 WEIGHT CHANGES:
                         ** No weight changes given **

 RESTRAINTS:
 Requested file redirections:
  DISANG    = disang.rest
  LISTOUT   = POUT
 Restraints will be read from file: disang.rest
Here are comments from the DISANG input file:

                       Number of restraints read =     9

                  Done reading weight changes/NMR restraints


 
 Number of triangulated 3-point waters found:     3000

     Sum of charges from parm topology file =   0.00000002
     Forcing neutrality...

| Dynamic Memory, Types Used:
| Reals              528869
| Integers           283979

| Nonbonded Pairs Initial Allocation:     2102388

| GPU memory information (estimate):
| KB of GPU memory in use:         0
| KB of CPU memory in use:         0

--------------------------------------------------------------------------------
   4.  RESULTS
--------------------------------------------------------------------------------


 NSTEP =        0   TIME(PS) =       0.000  TEMP(K) =   444.25  PRESS =     0.0
 Etot   =    -30683.0298  EKtot   =      8209.2815  EPtot      =    -38892.3113
 BOND   =        18.9099  ANGLE   =        70.2043  DIHED      =       108.5213
 1-4 NB =        65.9428  1-4 EEL =        59.0907  VDWAALS    =      6222.7568
 EELEC  =    -45439.0077  EHBOND  =         0.0000  RESTRAINT  =         1.2705
 EAMBER (non-restraint)  =    -38893.5818
 EKCMT  =         0.0000  VIRIAL  =         0.0000  VOLUME     =    125959.3742
                                                    Density    =         0.7508
 ------------------------------------------------------------------------------

 NMR restraints: Bond =    0.374   Angle =     0.463   Torsion =     0.363
===============================================================================

 NSTEP =      500   TIME(PS) =       1.000  TEMP(K) =   265.87  PRESS =     0.0
 Etot   =    -25849.5613  EKtot   =      4913.0210  EPtot      =    -30762.5823
 BOND   =        40.4482  ANGLE   =       109.5655  DIHED      =       145.3764
 1-4 NB =        75.9742  1-4 EEL =        58.3232  VDWAALS    =      4489.3323
 EELEC  =    -35691.4186  EHBOND  =         0.0000  RESTRAINT  =         9.8166
 EAMBER (non-restraint)  =    -30772.3989
 EKCMT  =         0.0000  VIRIAL  =         0.0000  VOLUME     =    124401.9458
                                                    Density    =         0.7602
 ------------------------------------------------------------------------------

 NMR restraints: Bond =    3.034   Angle =     0.971   Torsion =     1.033
===============================================================================

 NSTEP =     1000   TIME(PS) =       2.000  TEMP(K) =   291.71  PRESS =     0.0
 Etot   =    -25020.1497  EKtot   =      5390.4795  EPtot      =    -30410.6292
 BOND   =        60.3815  ANGLE   =       107.6649  DIHED      =       137.2072
 1-4 NB =        71.9179  1-4 EEL =        64.4838  VDWAALS    =      4376.8590
 EELEC  =    -35234.6491  EHBOND  =         0.0000  RESTRAINT  =         5.5056
 EAMBER (non-restraint)  =    -30416.1348
 EKCMT  =         0.0000  VIRIAL  =         0.0000  VOLUME     =    123287.2722
                                                    Density    =         0.7670
 ------------------------------------------------------------------------------

 NMR restraints: Bond =    1.057   Angle =     2.068   Torsion =     0.255
===============================================================================

 NSTEP =     1500   TIME(PS) =       3.000  TEMP(K) =   296.81  PRESS =     0.0
 Etot   =    -24765.7633  EKtot   =      5484.6328  EPtot      =    -30250.3962
 BOND   =        42.7130  ANGLE   =       106.0976  DIHED      =       139.6139
 1-4 NB =        74.1881  1-4 EEL =        60.8702  VDWAALS    =      4262.1483
 EELEC  =    -34940.9820  EHBOND  =         0.0000  RESTRAINT  =         4.9548
 EAMBER (non-restraint)  =    -30255.3510
 EKCMT  =         0.0000  VIRIAL  =         0.0000  VOLUME     =    122530.4486
                                                    Density    =         0.7718
 ------------------------------------------------------------------------------

 NMR restraints: Bond =    0.480   Angle =     1.892   Torsion =     0.694
===============================================================================

 NSTEP =     2000   TIME(PS) =       4.000  TEMP(K) =   300.63  PRESS =     0.0
 Etot   =    -24486.7754  EKtot   =      5555.2251  EPtot      =    -30042.0005
 BOND   =        55.4307  ANGLE   =       103.8948  DIHED      =       139.1805
 1-4 NB =        79.6849  1-4 EEL =        63.7739  VDWAALS    =      4323.0024
 EELEC  =    -34810.9936  EHBOND  =         0.0000  RESTRAINT  =         4.0258
 EAMBER (non-restraint)  =    -30046.0264
 EKCMT  =         0.0000  VIRIAL  =         0.0000  VOLUME     =    121508.6031
                                                    Density    =         0.7783
 ------------------------------------------------------------------------------

 NMR restraints: Bond =    0.172   Angle =     1.494   Torsion =     0.649
===============================================================================

 NSTEP =     2500   TIME(PS) =       5.000  TEMP(K) =   301.71  PRESS =     0.0
 Etot   =    -24575.3215  EKtot   =      5575.1948  EPtot      =    -30150.5163
 BOND   =        52.2591  ANGLE   =       108.1372  DIHED      =       140.1118
 1-4 NB =        73.8041  1-4 EEL =        60.2162  VDWAALS    =      4323.7828
 EELEC  =    -34914.8442  EHBOND  =         0.0000  RESTRAINT  =         6.0166
 EAMBER (non-restraint)  =    -30156.5329
 EKCMT  =         0.0000  VIRIAL  =         0.0000  VOLUME     =    119301.9658
                                                    Density    =         0.7926
 ------------------------------------------------------------------------------

 NMR restraints: Bond =    0.243   Angle =     1.568   Torsion =     0.978
===============================================================================

 NSTEP =     3000   TIME(PS) =       6.000  TEMP(K) =   299.02  PRESS =     0.0
 Etot   =    -24712.7233  EKtot   =      5525.5537  EPtot      =    -30238.2771
 BOND   =        50.7289  ANGLE   =        97.1451  DIHED      =       141.2994
 1-4 NB =        70.7806  1-4 EEL =        65.4978  VDWAALS    =      4568.9927
 EELEC  =    -35240.2271  EHBOND  =         0.0000  RESTRAINT  =         7.5054
 EAMBER (non-restraint)  =    -30245.7824
 EKCMT  =         0.0000  VIRIAL  =         0.0000  VOLUME     =    116804.2120
                                                    Density    =         0.8096
 ------------------------------------------------------------------------------

 NMR restraints: Bond =    1.214   Angle =     0.647   Torsion =     0.752
===============================================================================

 NSTEP =     3500   TIME(PS) =       7.000  TEMP(K) =   297.13  PRESS =     0.0
 Etot   =    -24609.7861  EKtot   =      5490.6860  EPtot      =    -30100.4722
 BOND   =        60.2917  ANGLE   =       108.9407  DIHED      =       123.6195
 1-4 NB =        78.3328  1-4 EEL =        63.2209  VDWAALS    =      4119.0189
 EELEC  =    -34662.1222  EHBOND  =         0.0000  RESTRAINT  =         8.2255
 EAMBER (non-restraint)  =    -30108.6977
 EKCMT  =         0.0000  VIRIAL  =         0.0000  VOLUME     =    115706.0917
                                                    Density    =         0.8173
 ------------------------------------------------------------------------------

 NMR restraints: Bond =    1.163   Angle =     1.664   Torsion =     0.795
===============================================================================

 NSTEP =     4000   TIME(PS) =       8.000  TEMP(K) =   300.93  PRESS =     0.0
 Etot   =    -24758.8405  EKtot   =      5560.9268  EPtot      =    -30319.7673
 BOND   =        56.6081  ANGLE   =        91.6753  DIHED      =       137.9109
 1-4 NB =        77.1977  1-4 EEL =        59.6396  VDWAALS    =      4256.8495
 EELEC  =    -35005.5162  EHBOND  =         0.0000  RESTRAINT  =         5.8679
 EAMBER (non-restraint)  =    -30325.6351
 EKCMT  =         0.0000  VIRIAL  =         0.0000  VOLUME     =    115449.7186
                                                    Density    =         0.8191
 ------------------------------------------------------------------------------

 NMR restraints: Bond =    0.573   Angle =     1.532   Torsion =     0.401
===============================================================================

 NSTEP =     4500   TIME(PS) =       9.000  TEMP(K) =   296.10  PRESS =     0.0
 Etot   =    -24848.4237  EKtot   =      5471.5483  EPtot      =    -30319.9720
 BOND   =        55.1299  ANGLE   =       110.5115  DIHED      =       135.4249
 1-4 NB =        73.0960  1-4 EEL =        60.4674  VDWAALS    =      4134.3526
 EELEC  =    -34897.7362  EHBOND  =         0.0000  RESTRAINT  =         8.7819
 EAMBER (non-restraint)  =    -30328.7539
 EKCMT  =         0.0000  VIRIAL  =         0.0000  VOLUME     =    115449.7186
                                                    Density    =         0.8191
 ------------------------------------------------------------------------------

 NMR restraints: Bond =    1.141   Angle =     2.924   Torsion =     0.710
===============================================================================

 NSTEP =     5000   TIME(PS) =      10.000  TEMP(K) =   299.80  PRESS =     0.0
 Etot   =    -24857.7004  EKtot   =      5539.9062  EPtot      =    -30397.6067
 BOND   =        55.8651  ANGLE   =       116.7662  DIHED      =       130.9703
 1-4 NB =        72.6424  1-4 EEL =        60.6565  VDWAALS    =      4165.4878
 EELEC  =    -35011.8990  EHBOND  =         0.0000  RESTRAINT  =        11.9040
 EAMBER (non-restraint)  =    -30409.5107
 EKCMT  =         0.0000  VIRIAL  =         0.0000  VOLUME     =    114238.0462
                                                    Density    =         0.8278
 ------------------------------------------------------------------------------

 NMR restraints: Bond =    1.690   Angle =     3.841   Torsion =     1.702
===============================================================================

 NSTEP =     5500   TIME(PS) =      11.000  TEMP(K) =   298.40  PRESS =     0.0
 Etot   =    -24837.8469  EKtot   =      5514.0615  EPtot      =    -30351.9085
 BOND   =        62.5613  ANGLE   =        99.4101  DIHED      =       128.5616
 1-4 NB =        78.9381  1-4 EEL =        55.5051  VDWAALS    =      4391.4423
 EELEC  =    -35174.7840  EHBOND  =         0.0000  RESTRAINT  =         6.4571
 EAMBER (non-restraint)  =    -30358.3655
 EKCMT  =         0.0000  VIRIAL  =         0.0000  VOLUME     =    112545.8819
                                                    Density    =         0.8402
 ------------------------------------------------------------------------------

 NMR restraints: Bond =    0.078   Angle =     1.607   Torsion =     0.615
===============================================================================

 NSTEP =     6000   TIME(PS) =      12.000  TEMP(K) =   299.58  PRESS =     0.0
 Etot   =    -24892.5471  EKtot   =      5535.9902  EPtot      =    -30428.5373
 BOND   =        54.5600  ANGLE   =        94.7495  DIHED      =       138.2250
 1-4 NB =        76.9793  1-4 EEL =        60.9486  VDWAALS    =      4143.2094
 EELEC  =    -35003.5428  EHBOND  =         0.0000  RESTRAINT  =         6.3337
 EAMBER (non-restraint)  =    -30434.8710
 EKCMT  =         0.0000  VIRIAL  =         0.0000  VOLUME     =    110415.7473
                                                    Density    =         0.8564
 ------------------------------------------------------------------------------

 NMR restraints: Bond =    1.801   Angle =     1.551   Torsion =     0.277
===============================================================================

 NSTEP =     6500   TIME(PS) =      13.000  TEMP(K) =   300.07  PRESS =     0.0
 Etot   =    -24977.0854  EKtot   =      5545.0083  EPtot      =    -30522.0937
 BOND   =        53.3640  ANGLE   =       114.2674  DIHED      =       130.4976
 1-4 NB =        70.8068  1-4 EEL =        58.4041  VDWAALS    =      4267.7588
 EELEC  =    -35224.2818  EHBOND  =         0.0000  RESTRAINT  =         7.0893
 EAMBER (non-restraint)  =    -30529.1831
 EKCMT  =         0.0000  VIRIAL  =         0.0000  VOLUME     =    109881.7583
                                                    Density    =         0.8606
 ------------------------------------------------------------------------------

 NMR restraints: Bond =    0.004   Angle =     2.090   Torsion =     0.648
===============================================================================

 NSTEP =     7000   TIME(PS) =      14.000  TEMP(K) =   297.03  PRESS =     0.0
 Etot   =    -25081.7833  EKtot   =      5488.8174  EPtot      =    -30570.6007
 BOND   =        48.8604  ANGLE   =       101.8343  DIHED      =       129.4696
 1-4 NB =        76.4983  1-4 EEL =        64.0426  VDWAALS    =      4330.8762
 EELEC  =    -35328.6551  EHBOND  =         0.0000  RESTRAINT  =         6.4730
 EAMBER (non-restraint)  =    -30577.0737
 EKCMT  =         0.0000  VIRIAL  =         0.0000  VOLUME     =    108185.0822
                                                    Density    =         0.8741
 ------------------------------------------------------------------------------

 NMR restraints: Bond =    1.171   Angle =     1.219   Torsion =     1.923
===============================================================================

 NSTEP =     7500   TIME(PS) =      15.000  TEMP(K) =   296.59  PRESS =     0.0
 Etot   =    -25118.7116  EKtot   =      5480.6426  EPtot      =    -30599.3541
 BOND   =        52.6880  ANGLE   =        86.9928  DIHED      =       126.1280
 1-4 NB =        76.1851  1-4 EEL =        59.3124  VDWAALS    =      4215.3138
 EELEC  =    -35223.2258  EHBOND  =         0.0000  RESTRAINT  =         7.2515
 EAMBER (non-restraint)  =    -30606.6056
 EKCMT  =         0.0000  VIRIAL  =         0.0000  VOLUME     =    106726.2116
                                                    Density    =         0.8860
 ------------------------------------------------------------------------------

 NMR restraints: Bond =    0.229   Angle =     2.962   Torsion =     0.141
===============================================================================

 NSTEP =     8000   TIME(PS) =      16.000  TEMP(K) =   295.21  PRESS =     0.0
 Etot   =    -25231.3841  EKtot   =      5455.1670  EPtot      =    -30686.5511
 BOND   =        40.9651  ANGLE   =       103.8028  DIHED      =       122.1751
 1-4 NB =        78.5059  1-4 EEL =        59.7865  VDWAALS    =      4269.1022
 EELEC  =    -35367.5014  EHBOND  =         0.0000  RESTRAINT  =         6.6129
 EAMBER (non-restraint)  =    -30693.1639
 EKCMT  =         0.0000  VIRIAL  =         0.0000  VOLUME     =    104737.7697
                                                    Density    =         0.9029
 ------------------------------------------------------------------------------

 NMR restraints: Bond =    1.382   Angle =     1.077   Torsion =     1.805
===============================================================================

 NSTEP =     8500   TIME(PS) =      17.000  TEMP(K) =   296.64  PRESS =     0.0
 Etot   =    -25160.0485  EKtot   =      5481.5835  EPtot      =    -30641.6320
 BOND   =        39.0559  ANGLE   =       109.6693  DIHED      =       134.6264
 1-4 NB =        77.6439  1-4 EEL =        60.4197  VDWAALS    =      4274.9391
 EELEC  =    -35343.3895  EHBOND  =         0.0000  RESTRAINT  =         5.4031
 EAMBER (non-restraint)  =    -30647.0352
 EKCMT  =         0.0000  VIRIAL  =         0.0000  VOLUME     =    103098.4251
                                                    Density    =         0.9172
 ------------------------------------------------------------------------------

 NMR restraints: Bond =    0.413   Angle =     1.169   Torsion =     0.600
===============================================================================

 NSTEP =     9000   TIME(PS) =      18.000  TEMP(K) =   294.12  PRESS =     0.0
 Etot   =    -25120.6447  EKtot   =      5435.0835  EPtot      =    -30555.7282
 BOND   =        50.9661  ANGLE   =       103.4230  DIHED      =       140.6437
 1-4 NB =        76.9684  1-4 EEL =        59.6056  VDWAALS    =      4300.8217
 EELEC  =    -35295.4526  EHBOND  =         0.0000  RESTRAINT  =         7.2960
 EAMBER (non-restraint)  =    -30563.0242
 EKCMT  =         0.0000  VIRIAL  =         0.0000  VOLUME     =    103159.0328
                                                    Density    =         0.9167
 ------------------------------------------------------------------------------

 NMR restraints: Bond =    0.707   Angle =     4.537   Torsion =     0.071
===============================================================================

 NSTEP =     9500   TIME(PS) =      19.000  TEMP(K) =   297.33  PRESS =     0.0
 Etot   =    -25252.4418  EKtot   =      5494.2935  EPtot      =    -30746.7353
 BOND   =        39.5600  ANGLE   =       115.1121  DIHED      =       134.1384
 1-4 NB =        79.9551  1-4 EEL =        64.5346  VDWAALS    =      4349.9117
 EELEC  =    -35534.2044  EHBOND  =         0.0000  RESTRAINT  =         4.2572
 EAMBER (non-restraint)  =    -30750.9925
 EKCMT  =         0.0000  VIRIAL  =         0.0000  VOLUME     =    102483.3651
                                                    Density    =         0.9227
 ------------------------------------------------------------------------------

 NMR restraints: Bond =    0.821   Angle =     0.617   Torsion =     1.257
===============================================================================

 NSTEP =    10000   TIME(PS) =      20.000  TEMP(K) =   298.25  PRESS =     0.0
 Etot   =    -25237.4702  EKtot   =      5511.3413  EPtot      =    -30748.8115
 BOND   =        54.4351  ANGLE   =       101.7241  DIHED      =       138.6099
 1-4 NB =        78.7919  1-4 EEL =        61.7387  VDWAALS    =      4250.2841
 EELEC  =    -35440.4279  EHBOND  =         0.0000  RESTRAINT  =         6.0327
 EAMBER (non-restraint)  =    -30754.8441
 EKCMT  =         0.0000  VIRIAL  =         0.0000  VOLUME     =    100688.4954
                                                    Density    =         0.9392
 ------------------------------------------------------------------------------

 NMR restraints: Bond =    4.081   Angle =     0.231   Torsion =     0.726
===============================================================================

 NSTEP =    10500   TIME(PS) =      21.000  TEMP(K) =   303.16  PRESS =     0.0
 Etot   =    -25111.9012  EKtot   =      5602.0508  EPtot      =    -30713.9520
 BOND   =        48.7321  ANGLE   =        97.0027  DIHED      =       136.4172
 1-4 NB =        79.1052  1-4 EEL =        62.7857  VDWAALS    =      4334.5612
 EELEC  =    -35478.1415  EHBOND  =         0.0000  RESTRAINT  =         5.5853
 EAMBER (non-restraint)  =    -30719.5373
 EKCMT  =         0.0000  VIRIAL  =         0.0000  VOLUME     =     99307.7224
                                                    Density    =         0.9522
 ------------------------------------------------------------------------------

 NMR restraints: Bond =    1.489   Angle =     0.345   Torsion =     0.719
===============================================================================

 NSTEP =    11000   TIME(PS) =      22.000  TEMP(K) =   301.12  PRESS =     0.0
 Etot   =    -25292.1719  EKtot   =      5564.2788  EPtot      =    -30856.4507
 BOND   =        54.5917  ANGLE   =       113.7982  DIHED      =       133.1708
 1-4 NB =        74.6784  1-4 EEL =        62.4723  VDWAALS    =      4129.0569
 EELEC  =    -35431.3356  EHBOND  =         0.0000  RESTRAINT  =         7.1166
 EAMBER (non-restraint)  =    -30863.5673
 EKCMT  =         0.0000  VIRIAL  =         0.0000  VOLUME     =     98513.9332
                                                    Density    =         0.9599
 ------------------------------------------------------------------------------

 NMR restraints: Bond =    1.047   Angle =     1.906   Torsion =     0.432
===============================================================================

 NSTEP =    11500   TIME(PS) =      23.000  TEMP(K) =   299.67  PRESS =     0.0
 Etot   =    -25297.2009  EKtot   =      5537.6597  EPtot      =    -30834.8605
 BOND   =        51.6455  ANGLE   =       105.4220  DIHED      =       135.0169
 1-4 NB =        75.5040  1-4 EEL =        63.6635  VDWAALS    =      4222.2094
 EELEC  =    -35494.5862  EHBOND  =         0.0000  RESTRAINT  =         6.2643
 EAMBER (non-restraint)  =    -30841.1248
 EKCMT  =         0.0000  VIRIAL  =         0.0000  VOLUME     =     98155.1996
                                                    Density    =         0.9634
 ------------------------------------------------------------------------------

 NMR restraints: Bond =    3.332   Angle =     0.987   Torsion =     0.136
===============================================================================

 NSTEP =    12000   TIME(PS) =      24.000  TEMP(K) =   302.45  PRESS =     0.0
 Etot   =    -25289.5013  EKtot   =      5588.9868  EPtot      =    -30878.4881
 BOND   =        57.8945  ANGLE   =       111.4867  DIHED      =       126.1658
 1-4 NB =        77.2393  1-4 EEL =        59.5604  VDWAALS    =      4397.6837
 EELEC  =    -35714.9015  EHBOND  =         0.0000  RESTRAINT  =         6.3829
 EAMBER (non-restraint)  =    -30884.8710
 EKCMT  =         0.0000  VIRIAL  =         0.0000  VOLUME     =     97049.2919
                                                    Density    =         0.9744
 ------------------------------------------------------------------------------

 NMR restraints: Bond =    1.655   Angle =     1.528   Torsion =     0.148
===============================================================================

 NSTEP =    12500   TIME(PS) =      25.000  TEMP(K) =   307.16  PRESS =     0.0
 Etot   =    -25360.5197  EKtot   =      5676.0352  EPtot      =    -31036.5549
 BOND   =        57.3289  ANGLE   =       104.8142  DIHED      =       136.1271
 1-4 NB =        76.2329  1-4 EEL =        60.0165  VDWAALS    =      4266.9669
 EELEC  =    -35743.0893  EHBOND  =         0.0000  RESTRAINT  =         5.0478
 EAMBER (non-restraint)  =    -31041.6027
 EKCMT  =         0.0000  VIRIAL  =         0.0000  VOLUME     =     95986.5113
                                                    Density    =         0.9852
 ------------------------------------------------------------------------------

 NMR restraints: Bond =    0.902   Angle =     3.086   Torsion =     0.416
===============================================================================

 NSTEP =    13000   TIME(PS) =      26.000  TEMP(K) =   301.26  PRESS =     0.0
 Etot   =    -25471.9954  EKtot   =      5566.9141  EPtot      =    -31038.9094
 BOND   =        54.9621  ANGLE   =       100.5452  DIHED      =       137.0413
 1-4 NB =        77.7438  1-4 EEL =        64.9118  VDWAALS    =      4347.0251
 EELEC  =    -35826.2999  EHBOND  =         0.0000  RESTRAINT  =         5.1612
 EAMBER (non-restraint)  =    -31044.0706
 EKCMT  =         0.0000  VIRIAL  =         0.0000  VOLUME     =     95419.6417
                                                    Density    =         0.9910
 ------------------------------------------------------------------------------

 NMR restraints: Bond =    2.604   Angle =     0.940   Torsion =     0.403
===============================================================================

 NSTEP =    13500   TIME(PS) =      27.000  TEMP(K) =   296.15  PRESS =     0.0
 Etot   =    -25440.4719  EKtot   =      5472.5786  EPtot      =    -30913.0505
 BOND   =        58.1649  ANGLE   =       102.3181  DIHED      =       131.2115
 1-4 NB =        71.7835  1-4 EEL =        56.7394  VDWAALS    =      4300.0208
 EELEC  =    -35637.3757  EHBOND  =         0.0000  RESTRAINT  =         4.0870
 EAMBER (non-restraint)  =    -30917.1376
 EKCMT  =         0.0000  VIRIAL  =         0.0000  VOLUME     =     95218.4731
                                                    Density    =         0.9931
 ------------------------------------------------------------------------------

 NMR restraints: Bond =    0.646   Angle =     0.641   Torsion =     0.936
===============================================================================

 NSTEP =    14000   TIME(PS) =      28.000  TEMP(K) =   293.15  PRESS =     0.0
 Etot   =    -25562.0730  EKtot   =      5417.1304  EPtot      =    -30979.2034
 BOND   =        50.4107  ANGLE   =       131.6008  DIHED      =       128.2519
 1-4 NB =        80.4592  1-4 EEL =        60.8595  VDWAALS    =      4465.0161
 EELEC  =    -35899.4613  EHBOND  =         0.0000  RESTRAINT  =         3.6597
 EAMBER (non-restraint)  =    -30982.8631
 EKCMT  =         0.0000  VIRIAL  =         0.0000  VOLUME     =     94307.2605
                                                    Density    =         1.0027
 ------------------------------------------------------------------------------

 NMR restraints: Bond =    1.321   Angle =     0.640   Torsion =     0.401
===============================================================================
