
          -------------------------------------------------------
          Amber 18 PMEMD                              2018
          -------------------------------------------------------

| PMEMD implementation of SANDER, Release 18

| Run on 05/02/2018 at 10:44:41

|   Executable path: pmemd.cuda
| Working directory: /oasis/tscc/scratch/davids4/SAMPLing-cut9/11499310.tscc-mgr.local
|          Hostname: tscc-gpu-8-0.sdsc.edu

  [-O]verwriting output

File Assignments:
|   MDIN: equil.000.in                                                          
|  MDOUT: equil.000.out                                                         
| INPCRD: minimize.rst7                                                         
|   PARM: solvate.prmtop                                                        
| RESTRT: equil.000.rst7                                                        
|   REFC: solvate.rst7                                                          
|  MDVEL: mdvel                                                                 
|   MDEN: equil.000.mden                                                        
|  MDCRD: equil.000.nc                                                          
| MDINFO: equil.000.mdinfo                                                      
|  MDFRC: mdfrc                                                                 


 Here is the input file:

PBC MD Simulation                                                              
 &cntrl                                                                        
  imin =          0,                                                           
  ntx =           1,                                                           
  irest =         0,                                                           
  maxcyc =        0,                                                           
  ncyc =          0,                                                           
  dt =            0.002,                                                       
  nstlim =        500000,                                                      
  ntpr =          500,                                                         
  ntwe =          500,                                                         
  ntwr =          250,                                                         
  ntwx =          250,                                                         
  ntxo =          1,                                                           
  ioutfm =        1,                                                           
  ntf =           2,                                                           
  ntc =           2,                                                           
  cut =           9.0,                                                         
  igb =           0,                                                           
  tempi =         298.15,                                                      
  temp0 =         298.15,                                                      
  ntt =           3,                                                           
  gamma_ln =      1.0,                                                         
  ig =            -1,                                                          
  ntp =           1,                                                           
  barostat =      2,                                                           
  ntr =           1,                                                           
  restraint_wt =  50.0,                                                        
  restraintmask = '@DUM',                                                      
  nmropt =        1,                                                           
  pencut =        -1,                                                          
  ntwprt =        206,                                                         
 /                                                                             
 &wt type = 'END', /                                                           
DISANG = disang.rest                                                           
LISTOUT = POUT                                                                 
                                                                               


Note: ig = -1. Setting random seed to   201850 based on wallclock time in 
      microseconds.
| irandom = 1, using AMBER's internal random number generator (default).
 
|--------------------- INFORMATION ----------------------
| GPU (CUDA) Version of PMEMD in use: NVIDIA GPU IN USE.
|                    Version 18.0.0
| 
|                      03/25/2018
| 
| Implementation by:
|                    Ross C. Walker     (SDSC)
|                    Scott Le Grand     (nVIDIA)
| 
| Version 18 performance extensions by:
|                    David Cerutti     (Rutgers)
| 
| Precision model in use:
|      [SPFP] - Single Precision Forces, 64-bit Fixed Point
|               Accumulation. (Default)
| 
|--------------------------------------------------------
 
|----------------- CITATION INFORMATION -----------------
|
|    When publishing work that utilized the CUDA version
|    of AMBER, please cite the following in addition to
|    the regular AMBER citations:
|
|  - Romelia Salomon-Ferrer; Andreas W. Goetz; Duncan
|    Poole; Scott Le Grand; Ross C. Walker "Routine
|    microsecond molecular dynamics simulations with
|    AMBER - Part II: Particle Mesh Ewald", J. Chem.
|    Theory Comput., 2013, 9 (9), pp3878-3888,
|    DOI: 10.1021/ct400314y.
|
|  - Andreas W. Goetz; Mark J. Williamson; Dong Xu;
|    Duncan Poole; Scott Le Grand; Ross C. Walker
|    "Routine microsecond molecular dynamics simulations
|    with AMBER - Part I: Generalized Born", J. Chem.
|    Theory Comput., 2012, 8 (5), pp1542-1555.
|
|  - Scott Le Grand; Andreas W. Goetz; Ross C. Walker
|    "SPFP: Speed without compromise - a mixed precision
|    model for GPU accelerated molecular dynamics
|    simulations.", Comp. Phys. Comm., 2013, 184
|    pp374-380, DOI: 10.1016/j.cpc.2012.09.022
|
|--------------------------------------------------------
 
|------------------- GPU DEVICE INFO --------------------
|
|            CUDA_VISIBLE_DEVICES: 1
|   CUDA Capable Devices Detected:      1
|           CUDA Device ID in use:      0
|                CUDA Device Name: GeForce GTX TITAN X
|     CUDA Device Global Mem Size:  12207 MB
| CUDA Device Num Multiprocessors:     24
|           CUDA Device Core Freq:   1.08 GHz
|
|--------------------------------------------------------
 
 
| Conditional Compilation Defines Used:
| PUBFFT
| BINTRAJ
| CUDA
| EMIL

| Largest sphere to fit in unit cell has radius =    21.886

| New format PARM file being parsed.
| Version =    1.000 Date = 04/23/18 Time = 20:22:25

| Note: 1-4 EEL scale factors are being read from the topology file.

| Note: 1-4 VDW scale factors are being read from the topology file.
| Duplicated    0 dihedrals

| Duplicated    0 dihedrals

--------------------------------------------------------------------------------
   1.  RESOURCE   USE: 
--------------------------------------------------------------------------------

 getting new box info from bottom of inpcrd
 NATOM  =    9223 NTYPES =      11 NBONH =    9067 MBONA  =     155
 NTHETH =     153 MTHETA =     232 NPHIH =     345 MPHIA  =     366
 NHPARM =       0 NPARM  =       0 NNB   =   13221 NRES   =    3022
 NBONA  =     155 NTHETA =     232 NPHIA =     366 NUMBND =      13
 NUMANG =      22 NPTRA  =      15 NATYP =      13 NPHB   =       0
 IFBOX  =       1 NMXRS  =     184 IFCAP =       0 NEXTRA =       0
 NCOPY  =       0

| Coordinate Index Table dimensions:     9    8   12
| Direct force subcell size =     5.1790    5.4715    5.1664

     BOX TYPE: RECTILINEAR

--------------------------------------------------------------------------------
   2.  CONTROL  DATA  FOR  THE  RUN
--------------------------------------------------------------------------------

default_name                                                                    

General flags:
     imin    =       0, nmropt  =       1

Nature and format of input:
     ntx     =       1, irest   =       0, ntrx    =       1

Nature and format of output:
     ntxo    =       1, ntpr    =     500, ntrx    =       1, ntwr    =     250
     iwrap   =       0, ntwx    =     250, ntwv    =       0, ntwe    =     500
     ioutfm  =       1, ntwprt  =     206, idecomp =       0, rbornstat=      0

Potential function:
     ntf     =       2, ntb     =       2, igb     =       0, nsnb    =      25
     ipol    =       0, gbsa    =       0, iesp    =       0
     dielc   =   1.00000, cut     =   9.00000, intdiel =   1.00000

Frozen or restrained atoms:
     ibelly  =       0, ntr     =       1
     restraint_wt =  50.00000

Molecular dynamics:
     nstlim  =    500000, nscm    =         0, nrespa  =         1
     t       =   0.00000, dt      =   0.00200, vlimit  =  -1.00000

Langevin dynamics temperature regulation:
     ig      =  201850
     temp0   = 298.15000, tempi   = 298.15000, gamma_ln=   1.00000

Pressure regulation:
     ntp     =       1
     pres0   =   1.00000, comp    =  44.60000, taup    =   1.00000
     Monte-Carlo Barostat:
     mcbarint  =     100

SHAKE:
     ntc     =       2, jfastw  =       0
     tol     =   0.00001

NMR refinement options:
     iscale  =       0, noeskp  =       1, ipnlty  =       1, mxsub   =       1
     scalm   = 100.00000, pencut  =  -1.00000, tausw   =   0.10000

| Intermolecular bonds treatment:
|     no_intermolecular_bonds =       1

| Energy averages sample interval:
|     ene_avg_sampling =     500

Ewald parameters:
     verbose =       0, ew_type =       0, nbflag  =       1, use_pme =       1
     vdwmeth =       1, eedmeth =       1, netfrc  =       1
     Box X =   46.611   Box Y =   43.772   Box Z =   61.996
     Alpha =   90.000   Beta  =   90.000   Gamma =   90.000
     NFFT1 =   48       NFFT2 =   48       NFFT3 =   64
     Cutoff=    9.000   Tol   =0.100E-04
     Ewald Coefficient =  0.30768
     Interpolation order =    4

    LOADING THE CONSTRAINED ATOMS AS GROUPS


   5.  REFERENCE ATOM COORDINATES

  default_name                                                                    
     Mask @DUM; matches     3 atoms
| MONTE CARLO BAROSTAT IMPORTANT NOTE:
|   The Monte-Carlo barostat does not require the virial to adjust the system volume.
|   Since it is an expensive calculation, it is skipped for efficiency. A side-effect
|   is that the reported pressure is always 0 because it is not calculated.

--------------------------------------------------------------------------------
   3.  ATOMIC COORDINATES AND VELOCITIES
--------------------------------------------------------------------------------

default_name                                                                    
 begin time read from input coords =     0.000 ps



           Begin reading energy term weight changes/NMR restraints
 WEIGHT CHANGES:
                         ** No weight changes given **

 RESTRAINTS:
 Requested file redirections:
  DISANG    = disang.rest
  LISTOUT   = POUT
 Restraints will be read from file: disang.rest
Here are comments from the DISANG input file:

                       Number of restraints read =     9

                  Done reading weight changes/NMR restraints


 
 Number of triangulated 3-point waters found:     3000

     Sum of charges from parm topology file =   0.00000002
     Forcing neutrality...

| Dynamic Memory, Types Used:
| Reals              528921
| Integers           284277

| Nonbonded Pairs Initial Allocation:     2102844

| GPU memory information (estimate):
| KB of GPU memory in use:         0
| KB of CPU memory in use:         0

--------------------------------------------------------------------------------
   4.  RESULTS
--------------------------------------------------------------------------------


 NSTEP =        0   TIME(PS) =       0.000  TEMP(K) =   447.39  PRESS =     0.0
 Etot   =    -30481.7389  EKtot   =      8269.1185  EPtot      =    -38750.8574
 BOND   =        18.4077  ANGLE   =        56.6609  DIHED      =       106.3021
 1-4 NB =        68.6457  1-4 EEL =        58.2973  VDWAALS    =      6200.5775
 EELEC  =    -45260.2163  EHBOND  =         0.0000  RESTRAINT  =         0.4677
 EAMBER (non-restraint)  =    -38751.3251
 EKCMT  =         0.0000  VIRIAL  =         0.0000  VOLUME     =    126488.9084
                                                    Density    =         0.7476
 ------------------------------------------------------------------------------

 NMR restraints: Bond =    0.047   Angle =     0.389   Torsion =     0.014
===============================================================================

 NSTEP =      500   TIME(PS) =       1.000  TEMP(K) =   265.63  PRESS =     0.0
 Etot   =    -25767.9155  EKtot   =      4909.5688  EPtot      =    -30677.4844
 BOND   =        40.0765  ANGLE   =        91.4218  DIHED      =       121.8563
 1-4 NB =        76.3759  1-4 EEL =        61.9360  VDWAALS    =      4862.9027
 EELEC  =    -35935.9030  EHBOND  =         0.0000  RESTRAINT  =         3.8494
 EAMBER (non-restraint)  =    -30681.3338
 EKCMT  =         0.0000  VIRIAL  =         0.0000  VOLUME     =    123810.7966
                                                    Density    =         0.7638
 ------------------------------------------------------------------------------

 NMR restraints: Bond =    0.117   Angle =     1.180   Torsion =     0.875
===============================================================================

 NSTEP =     1000   TIME(PS) =       2.000  TEMP(K) =   286.08  PRESS =     0.0
 Etot   =    -24855.2341  EKtot   =      5287.5303  EPtot      =    -30142.7644
 BOND   =        45.8276  ANGLE   =       120.1680  DIHED      =       125.2223
 1-4 NB =        76.3043  1-4 EEL =        62.1885  VDWAALS    =      4385.6743
 EELEC  =    -34963.3103  EHBOND  =         0.0000  RESTRAINT  =         5.1607
 EAMBER (non-restraint)  =    -30147.9251
 EKCMT  =         0.0000  VIRIAL  =         0.0000  VOLUME     =    123313.7571
                                                    Density    =         0.7669
 ------------------------------------------------------------------------------

 NMR restraints: Bond =    0.460   Angle =     1.742   Torsion =     1.137
===============================================================================

 NSTEP =     1500   TIME(PS) =       3.000  TEMP(K) =   286.93  PRESS =     0.0
 Etot   =    -24732.9319  EKtot   =      5303.2476  EPtot      =    -30036.1794
 BOND   =        68.4310  ANGLE   =       102.4728  DIHED      =       132.8149
 1-4 NB =        75.1973  1-4 EEL =        59.3441  VDWAALS    =      4311.0085
 EELEC  =    -34792.3706  EHBOND  =         0.0000  RESTRAINT  =         6.9225
 EAMBER (non-restraint)  =    -30043.1020
 EKCMT  =         0.0000  VIRIAL  =         0.0000  VOLUME     =    120853.3761
                                                    Density    =         0.7825
 ------------------------------------------------------------------------------

 NMR restraints: Bond =    0.965   Angle =     1.935   Torsion =     1.119
===============================================================================

 NSTEP =     2000   TIME(PS) =       4.000  TEMP(K) =   298.04  PRESS =     0.0
 Etot   =    -24483.5597  EKtot   =      5508.5840  EPtot      =    -29992.1437
 BOND   =        59.8164  ANGLE   =        97.5652  DIHED      =       135.5722
 1-4 NB =        71.8627  1-4 EEL =        63.6117  VDWAALS    =      4321.9272
 EELEC  =    -34746.8321  EHBOND  =         0.0000  RESTRAINT  =         4.3329
 EAMBER (non-restraint)  =    -29996.4766
 EKCMT  =         0.0000  VIRIAL  =         0.0000  VOLUME     =    120615.8984
                                                    Density    =         0.7840
 ------------------------------------------------------------------------------

 NMR restraints: Bond =    0.871   Angle =     2.048   Torsion =     0.569
===============================================================================

 NSTEP =     2500   TIME(PS) =       5.000  TEMP(K) =   295.51  PRESS =     0.0
 Etot   =    -24470.8308  EKtot   =      5461.9253  EPtot      =    -29932.7561
 BOND   =        50.2831  ANGLE   =        96.8702  DIHED      =       128.6386
 1-4 NB =        81.7143  1-4 EEL =        63.2657  VDWAALS    =      4220.8635
 EELEC  =    -34578.5658  EHBOND  =         0.0000  RESTRAINT  =         4.1744
 EAMBER (non-restraint)  =    -29936.9305
 EKCMT  =         0.0000  VIRIAL  =         0.0000  VOLUME     =    120109.3792
                                                    Density    =         0.7873
 ------------------------------------------------------------------------------

 NMR restraints: Bond =    0.002   Angle =     0.649   Torsion =     1.909
===============================================================================

 NSTEP =     3000   TIME(PS) =       6.000  TEMP(K) =   301.24  PRESS =     0.0
 Etot   =    -24478.5350  EKtot   =      5567.8696  EPtot      =    -30046.4047
 BOND   =        60.2471  ANGLE   =       104.7917  DIHED      =       134.0483
 1-4 NB =        75.4180  1-4 EEL =        61.3982  VDWAALS    =      4312.2520
 EELEC  =    -34799.6783  EHBOND  =         0.0000  RESTRAINT  =         5.1184
 EAMBER (non-restraint)  =    -30051.5231
 EKCMT  =         0.0000  VIRIAL  =         0.0000  VOLUME     =    119514.8323
                                                    Density    =         0.7913
 ------------------------------------------------------------------------------

 NMR restraints: Bond =    0.847   Angle =     1.205   Torsion =     1.263
===============================================================================

 NSTEP =     3500   TIME(PS) =       7.000  TEMP(K) =   300.93  PRESS =     0.0
 Etot   =    -24434.2982  EKtot   =      5561.9702  EPtot      =    -29996.2684
 BOND   =        48.3128  ANGLE   =       111.9313  DIHED      =       125.9879
 1-4 NB =        81.7095  1-4 EEL =        62.5034  VDWAALS    =      4350.0523
 EELEC  =    -34781.5113  EHBOND  =         0.0000  RESTRAINT  =         4.7457
 EAMBER (non-restraint)  =    -30001.0141
 EKCMT  =         0.0000  VIRIAL  =         0.0000  VOLUME     =    119043.9210
                                                    Density    =         0.7944
 ------------------------------------------------------------------------------

 NMR restraints: Bond =    0.046   Angle =     1.613   Torsion =     0.787
===============================================================================

 NSTEP =     4000   TIME(PS) =       8.000  TEMP(K) =   304.57  PRESS =     0.0
 Etot   =    -24569.1765  EKtot   =      5629.2568  EPtot      =    -30198.4333
 BOND   =        55.3066  ANGLE   =       124.6025  DIHED      =       125.1696
 1-4 NB =        73.5650  1-4 EEL =        61.3433  VDWAALS    =      4281.8708
 EELEC  =    -34925.9547  EHBOND  =         0.0000  RESTRAINT  =         5.6636
 EAMBER (non-restraint)  =    -30204.0969
 EKCMT  =         0.0000  VIRIAL  =         0.0000  VOLUME     =    117238.3562
                                                    Density    =         0.8066
 ------------------------------------------------------------------------------

 NMR restraints: Bond =    1.227   Angle =     1.925   Torsion =     0.604
===============================================================================

 NSTEP =     4500   TIME(PS) =       9.000  TEMP(K) =   300.22  PRESS =     0.0
 Etot   =    -24776.9354  EKtot   =      5549.0176  EPtot      =    -30325.9530
 BOND   =        43.9165  ANGLE   =       105.5895  DIHED      =       132.3126
 1-4 NB =        79.9413  1-4 EEL =        64.2193  VDWAALS    =      4127.2808
 EELEC  =    -34883.6969  EHBOND  =         0.0000  RESTRAINT  =         4.4838
 EAMBER (non-restraint)  =    -30330.4368
 EKCMT  =         0.0000  VIRIAL  =         0.0000  VOLUME     =    114364.5852
                                                    Density    =         0.8269
 ------------------------------------------------------------------------------

 NMR restraints: Bond =    0.636   Angle =     1.322   Torsion =     0.318
===============================================================================

 NSTEP =     5000   TIME(PS) =      10.000  TEMP(K) =   298.34  PRESS =     0.0
 Etot   =    -24747.2576  EKtot   =      5514.1006  EPtot      =    -30261.3582
 BOND   =        55.3032  ANGLE   =       107.0274  DIHED      =       132.1582
 1-4 NB =        75.6449  1-4 EEL =        62.2702  VDWAALS    =      4396.7423
 EELEC  =    -35096.0957  EHBOND  =         0.0000  RESTRAINT  =         5.5915
 EAMBER (non-restraint)  =    -30266.9497
 EKCMT  =         0.0000  VIRIAL  =         0.0000  VOLUME     =    113494.3681
                                                    Density    =         0.8332
 ------------------------------------------------------------------------------

 NMR restraints: Bond =    0.364   Angle =     0.931   Torsion =     0.303
===============================================================================

 NSTEP =     5500   TIME(PS) =      11.000  TEMP(K) =   294.67  PRESS =     0.0
 Etot   =    -24935.9023  EKtot   =      5446.3911  EPtot      =    -30382.2934
 BOND   =        52.8063  ANGLE   =       116.9496  DIHED      =       129.3241
 1-4 NB =        74.7337  1-4 EEL =        59.6749  VDWAALS    =      4329.8676
 EELEC  =    -35151.5365  EHBOND  =         0.0000  RESTRAINT  =         5.8870
 EAMBER (non-restraint)  =    -30388.1803
 EKCMT  =         0.0000  VIRIAL  =         0.0000  VOLUME     =    112729.0268
                                                    Density    =         0.8389
 ------------------------------------------------------------------------------

 NMR restraints: Bond =    0.682   Angle =     1.316   Torsion =     0.855
===============================================================================

 NSTEP =     6000   TIME(PS) =      12.000  TEMP(K) =   297.20  PRESS =     0.0
 Etot   =    -24903.9137  EKtot   =      5493.0186  EPtot      =    -30396.9322
 BOND   =        58.2706  ANGLE   =       116.5575  DIHED      =       125.6483
 1-4 NB =        71.8948  1-4 EEL =        61.3934  VDWAALS    =      4250.8547
 EELEC  =    -35087.6440  EHBOND  =         0.0000  RESTRAINT  =         6.0925
 EAMBER (non-restraint)  =    -30403.0248
 EKCMT  =         0.0000  VIRIAL  =         0.0000  VOLUME     =    111693.1177
                                                    Density    =         0.8467
 ------------------------------------------------------------------------------

 NMR restraints: Bond =    0.418   Angle =     1.535   Torsion =     1.201
===============================================================================

 NSTEP =     6500   TIME(PS) =      13.000  TEMP(K) =   298.41  PRESS =     0.0
 Etot   =    -24975.3596  EKtot   =      5515.3975  EPtot      =    -30490.7571
 BOND   =        53.3737  ANGLE   =       100.9985  DIHED      =       132.5221
 1-4 NB =        78.6095  1-4 EEL =        60.6694  VDWAALS    =      4180.4399
 EELEC  =    -35102.8431  EHBOND  =         0.0000  RESTRAINT  =         5.4729
 EAMBER (non-restraint)  =    -30496.2300
 EKCMT  =         0.0000  VIRIAL  =         0.0000  VOLUME     =    110333.7840
                                                    Density    =         0.8571
 ------------------------------------------------------------------------------

 NMR restraints: Bond =    0.938   Angle =     1.283   Torsion =     0.398
===============================================================================

 NSTEP =     7000   TIME(PS) =      14.000  TEMP(K) =   298.43  PRESS =     0.0
 Etot   =    -24896.6526  EKtot   =      5515.8130  EPtot      =    -30412.4656
 BOND   =        50.7832  ANGLE   =       114.2513  DIHED      =       129.8627
 1-4 NB =        74.4442  1-4 EEL =        62.0662  VDWAALS    =      4125.9792
 EELEC  =    -34972.8230  EHBOND  =         0.0000  RESTRAINT  =         2.9705
 EAMBER (non-restraint)  =    -30415.4360
 EKCMT  =         0.0000  VIRIAL  =         0.0000  VOLUME     =    109935.3985
                                                    Density    =         0.8602
 ------------------------------------------------------------------------------

 NMR restraints: Bond =    0.152   Angle =     0.978   Torsion =     0.141
===============================================================================

 NSTEP =     7500   TIME(PS) =      15.000  TEMP(K) =   299.85  PRESS =     0.0
 Etot   =    -24926.2239  EKtot   =      5542.1064  EPtot      =    -30468.3303
 BOND   =        60.4213  ANGLE   =        97.3803  DIHED      =       132.5814
 1-4 NB =        80.0108  1-4 EEL =        62.6408  VDWAALS    =      4514.1246
 EELEC  =    -35420.6656  EHBOND  =         0.0000  RESTRAINT  =         5.1760
 EAMBER (non-restraint)  =    -30473.5064
 EKCMT  =         0.0000  VIRIAL  =         0.0000  VOLUME     =    108465.8038
                                                    Density    =         0.8719
 ------------------------------------------------------------------------------

 NMR restraints: Bond =    0.429   Angle =     1.441   Torsion =     0.256
===============================================================================

 NSTEP =     8000   TIME(PS) =      16.000  TEMP(K) =   301.15  PRESS =     0.0
 Etot   =    -24981.0734  EKtot   =      5566.1479  EPtot      =    -30547.2213
 BOND   =        57.0024  ANGLE   =       105.8908  DIHED      =       140.1264
 1-4 NB =        80.8307  1-4 EEL =        67.4007  VDWAALS    =      4269.2247
 EELEC  =    -35275.7479  EHBOND  =         0.0000  RESTRAINT  =         8.0508
 EAMBER (non-restraint)  =    -30555.2721
 EKCMT  =         0.0000  VIRIAL  =         0.0000  VOLUME     =    107105.7812
                                                    Density    =         0.8829
 ------------------------------------------------------------------------------

 NMR restraints: Bond =    0.193   Angle =     1.689   Torsion =     3.381
===============================================================================

 NSTEP =     8500   TIME(PS) =      17.000  TEMP(K) =   291.75  PRESS =     0.0
 Etot   =    -25082.9602  EKtot   =      5392.3931  EPtot      =    -30475.3533
 BOND   =        52.2978  ANGLE   =       112.9111  DIHED      =       141.0782
 1-4 NB =        78.9546  1-4 EEL =        67.0395  VDWAALS    =      4102.1610
 EELEC  =    -35034.1352  EHBOND  =         0.0000  RESTRAINT  =         4.3397
 EAMBER (non-restraint)  =    -30479.6930
 EKCMT  =         0.0000  VIRIAL  =         0.0000  VOLUME     =    106538.8831
                                                    Density    =         0.8876
 ------------------------------------------------------------------------------

 NMR restraints: Bond =    0.102   Angle =     1.233   Torsion =     0.385
===============================================================================

 NSTEP =     9000   TIME(PS) =      18.000  TEMP(K) =   298.60  PRESS =     0.0
 Etot   =    -24922.0611  EKtot   =      5518.8979  EPtot      =    -30440.9591
 BOND   =        61.9780  ANGLE   =       104.5971  DIHED      =       136.3837
 1-4 NB =        79.5309  1-4 EEL =        61.1200  VDWAALS    =      4238.8627
 EELEC  =    -35128.2583  EHBOND  =         0.0000  RESTRAINT  =         4.8269
 EAMBER (non-restraint)  =    -30445.7859
 EKCMT  =         0.0000  VIRIAL  =         0.0000  VOLUME     =    105535.9537
                                                    Density    =         0.8961
 ------------------------------------------------------------------------------

 NMR restraints: Bond =    0.858   Angle =     1.386   Torsion =     0.510
===============================================================================

 NSTEP =     9500   TIME(PS) =      19.000  TEMP(K) =   297.50  PRESS =     0.0
 Etot   =    -24985.5296  EKtot   =      5498.5625  EPtot      =    -30484.0921
 BOND   =        57.1947  ANGLE   =       108.6396  DIHED      =       142.8470
 1-4 NB =        73.8713  1-4 EEL =        59.3213  VDWAALS    =      4394.9404
 EELEC  =    -35326.6512  EHBOND  =         0.0000  RESTRAINT  =         5.7449
 EAMBER (non-restraint)  =    -30489.8369
 EKCMT  =         0.0000  VIRIAL  =         0.0000  VOLUME     =    104855.3965
                                                    Density    =         0.9019
 ------------------------------------------------------------------------------

 NMR restraints: Bond =    0.359   Angle =     0.543   Torsion =     2.141
===============================================================================

 NSTEP =    10000   TIME(PS) =      20.000  TEMP(K) =   298.11  PRESS =     0.0
 Etot   =    -25132.8946  EKtot   =      5510.0088  EPtot      =    -30642.9034
 BOND   =        57.0080  ANGLE   =       102.1275  DIHED      =       138.1023
 1-4 NB =        80.0707  1-4 EEL =        62.0695  VDWAALS    =      4144.2143
 EELEC  =    -35232.2356  EHBOND  =         0.0000  RESTRAINT  =         5.7400
 EAMBER (non-restraint)  =    -30648.6434
 EKCMT  =         0.0000  VIRIAL  =         0.0000  VOLUME     =    103644.6387
                                                    Density    =         0.9124
 ------------------------------------------------------------------------------

 NMR restraints: Bond =    0.093   Angle =     1.174   Torsion =     1.453
===============================================================================

 NSTEP =    10500   TIME(PS) =      21.000  TEMP(K) =   295.86  PRESS =     0.0
 Etot   =    -25199.1431  EKtot   =      5468.2822  EPtot      =    -30667.4254
 BOND   =        47.2271  ANGLE   =       116.4105  DIHED      =       132.3450
 1-4 NB =        78.4771  1-4 EEL =        65.4236  VDWAALS    =      4232.1119
 EELEC  =    -35346.8249  EHBOND  =         0.0000  RESTRAINT  =         7.4043
 EAMBER (non-restraint)  =    -30674.8297
 EKCMT  =         0.0000  VIRIAL  =         0.0000  VOLUME     =    102150.7287
                                                    Density    =         0.9258
 ------------------------------------------------------------------------------

 NMR restraints: Bond =    2.641   Angle =     2.557   Torsion =     0.982
===============================================================================

 NSTEP =    11000   TIME(PS) =      22.000  TEMP(K) =   307.52  PRESS =     0.0
 Etot   =    -25142.6628  EKtot   =      5683.8887  EPtot      =    -30826.5514
 BOND   =        63.0335  ANGLE   =       106.6965  DIHED      =       139.2807
 1-4 NB =        77.5519  1-4 EEL =        61.2982  VDWAALS    =      4127.5699
 EELEC  =    -35410.5397  EHBOND  =         0.0000  RESTRAINT  =         8.5576
 EAMBER (non-restraint)  =    -30835.1091
 EKCMT  =         0.0000  VIRIAL  =         0.0000  VOLUME     =    100945.9517
                                                    Density    =         0.9368
 ------------------------------------------------------------------------------

 NMR restraints: Bond =    1.031   Angle =     1.713   Torsion =     1.169
===============================================================================

 NSTEP =    11500   TIME(PS) =      23.000  TEMP(K) =   299.47  PRESS =     0.0
 Etot   =    -25300.2848  EKtot   =      5535.1333  EPtot      =    -30835.4181
 BOND   =        54.4507  ANGLE   =       104.2282  DIHED      =       135.1185
 1-4 NB =        74.1489  1-4 EEL =        65.0955  VDWAALS    =      4423.3766
 EELEC  =    -35699.4318  EHBOND  =         0.0000  RESTRAINT  =         7.5954
 EAMBER (non-restraint)  =    -30843.0135
 EKCMT  =         0.0000  VIRIAL  =         0.0000  VOLUME     =    100286.4279
                                                    Density    =         0.9430
 ------------------------------------------------------------------------------

 NMR restraints: Bond =    1.832   Angle =     1.693   Torsion =     1.422
===============================================================================

 NSTEP =    12000   TIME(PS) =      24.000  TEMP(K) =   297.85  PRESS =     0.0
 Etot   =    -25299.9277  EKtot   =      5505.0420  EPtot      =    -30804.9697
 BOND   =        55.9564  ANGLE   =       114.3612  DIHED      =       135.7988
 1-4 NB =        74.5505  1-4 EEL =        64.3795  VDWAALS    =      4192.3337
 EELEC  =    -35450.6556  EHBOND  =         0.0000  RESTRAINT  =         8.3057
 EAMBER (non-restraint)  =    -30813.2755
 EKCMT  =         0.0000  VIRIAL  =         0.0000  VOLUME     =     99126.0681
                                                    Density    =         0.9540
 ------------------------------------------------------------------------------

 NMR restraints: Bond =    0.360   Angle =     1.824   Torsion =     3.421
===============================================================================
