
          -------------------------------------------------------
          Amber 18 PMEMD                              2018
          -------------------------------------------------------

| PMEMD implementation of SANDER, Release 18

| Run on 05/02/2018 at 11:16:57

|   Executable path: pmemd.cuda
| Working directory: /oasis/tscc/scratch/davids4/SAMPLing-cut9/11499439.tscc-mgr.local
|          Hostname: tscc-gpu-9-6.sdsc.edu

  [-O]verwriting output

File Assignments:
|   MDIN: equil.000.in                                                          
|  MDOUT: equil.000.out                                                         
| INPCRD: minimize.rst7                                                         
|   PARM: solvate.prmtop                                                        
| RESTRT: equil.000.rst7                                                        
|   REFC: solvate.rst7                                                          
|  MDVEL: mdvel                                                                 
|   MDEN: equil.000.mden                                                        
|  MDCRD: equil.000.nc                                                          
| MDINFO: equil.000.mdinfo                                                      
|  MDFRC: mdfrc                                                                 


 Here is the input file:

PBC MD Simulation                                                              
 &cntrl                                                                        
  imin =          0,                                                           
  ntx =           1,                                                           
  irest =         0,                                                           
  maxcyc =        0,                                                           
  ncyc =          0,                                                           
  dt =            0.002,                                                       
  nstlim =        500000,                                                      
  ntpr =          500,                                                         
  ntwe =          500,                                                         
  ntwr =          250,                                                         
  ntwx =          250,                                                         
  ntxo =          1,                                                           
  ioutfm =        1,                                                           
  ntf =           2,                                                           
  ntc =           2,                                                           
  cut =           9.0,                                                         
  igb =           0,                                                           
  tempi =         298.15,                                                      
  temp0 =         298.15,                                                      
  ntt =           3,                                                           
  gamma_ln =      1.0,                                                         
  ig =            -1,                                                          
  ntp =           1,                                                           
  barostat =      2,                                                           
  ntr =           1,                                                           
  restraint_wt =  50.0,                                                        
  restraintmask = '@DUM',                                                      
  nmropt =        1,                                                           
  pencut =        -1,                                                          
  ntwprt =        204,                                                         
 /                                                                             
 &wt type = 'END', /                                                           
DISANG = disang.rest                                                           
LISTOUT = POUT                                                                 
                                                                               


Note: ig = -1. Setting random seed to   124616 based on wallclock time in 
      microseconds.
| irandom = 1, using AMBER's internal random number generator (default).
 
|--------------------- INFORMATION ----------------------
| GPU (CUDA) Version of PMEMD in use: NVIDIA GPU IN USE.
|                    Version 18.0.0
| 
|                      03/25/2018
| 
| Implementation by:
|                    Ross C. Walker     (SDSC)
|                    Scott Le Grand     (nVIDIA)
| 
| Version 18 performance extensions by:
|                    David Cerutti     (Rutgers)
| 
| Precision model in use:
|      [SPFP] - Single Precision Forces, 64-bit Fixed Point
|               Accumulation. (Default)
| 
|--------------------------------------------------------
 
|----------------- CITATION INFORMATION -----------------
|
|    When publishing work that utilized the CUDA version
|    of AMBER, please cite the following in addition to
|    the regular AMBER citations:
|
|  - Romelia Salomon-Ferrer; Andreas W. Goetz; Duncan
|    Poole; Scott Le Grand; Ross C. Walker "Routine
|    microsecond molecular dynamics simulations with
|    AMBER - Part II: Particle Mesh Ewald", J. Chem.
|    Theory Comput., 2013, 9 (9), pp3878-3888,
|    DOI: 10.1021/ct400314y.
|
|  - Andreas W. Goetz; Mark J. Williamson; Dong Xu;
|    Duncan Poole; Scott Le Grand; Ross C. Walker
|    "Routine microsecond molecular dynamics simulations
|    with AMBER - Part I: Generalized Born", J. Chem.
|    Theory Comput., 2012, 8 (5), pp1542-1555.
|
|  - Scott Le Grand; Andreas W. Goetz; Ross C. Walker
|    "SPFP: Speed without compromise - a mixed precision
|    model for GPU accelerated molecular dynamics
|    simulations.", Comp. Phys. Comm., 2013, 184
|    pp374-380, DOI: 10.1016/j.cpc.2012.09.022
|
|--------------------------------------------------------
 
|------------------- GPU DEVICE INFO --------------------
|
|            CUDA_VISIBLE_DEVICES: 6
|   CUDA Capable Devices Detected:      1
|           CUDA Device ID in use:      0
|                CUDA Device Name: GeForce GTX TITAN X
|     CUDA Device Global Mem Size:  12207 MB
| CUDA Device Num Multiprocessors:     24
|           CUDA Device Core Freq:   1.08 GHz
|
|--------------------------------------------------------
 
 
| Conditional Compilation Defines Used:
| PUBFFT
| BINTRAJ
| CUDA
| EMIL

| Largest sphere to fit in unit cell has radius =    21.059

| New format PARM file being parsed.
| Version =    1.000 Date = 04/23/18 Time = 20:25:56

| Note: 1-4 EEL scale factors are being read from the topology file.

| Note: 1-4 VDW scale factors are being read from the topology file.
| Duplicated    0 dihedrals

| Duplicated    0 dihedrals

--------------------------------------------------------------------------------
   1.  RESOURCE   USE: 
--------------------------------------------------------------------------------

 getting new box info from bottom of inpcrd
 NATOM  =    9221 NTYPES =      11 NBONH =    9065 MBONA  =     155
 NTHETH =     148 MTHETA =     231 NPHIH =     343 MPHIA  =     362
 NHPARM =       0 NPARM  =       0 NNB   =   13205 NRES   =    3022
 NBONA  =     155 NTHETA =     231 NPHIA =     362 NUMBND =      16
 NUMANG =      28 NPTRA  =      15 NATYP =      14 NPHB   =       0
 IFBOX  =       1 NMXRS  =     184 IFCAP =       0 NEXTRA =       0
 NCOPY  =       0

| Coordinate Index Table dimensions:     8    8   14
| Direct force subcell size =     5.4385    5.2647    5.0387

     BOX TYPE: RECTILINEAR

--------------------------------------------------------------------------------
   2.  CONTROL  DATA  FOR  THE  RUN
--------------------------------------------------------------------------------

default_name                                                                    

General flags:
     imin    =       0, nmropt  =       1

Nature and format of input:
     ntx     =       1, irest   =       0, ntrx    =       1

Nature and format of output:
     ntxo    =       1, ntpr    =     500, ntrx    =       1, ntwr    =     250
     iwrap   =       0, ntwx    =     250, ntwv    =       0, ntwe    =     500
     ioutfm  =       1, ntwprt  =     204, idecomp =       0, rbornstat=      0

Potential function:
     ntf     =       2, ntb     =       2, igb     =       0, nsnb    =      25
     ipol    =       0, gbsa    =       0, iesp    =       0
     dielc   =   1.00000, cut     =   9.00000, intdiel =   1.00000

Frozen or restrained atoms:
     ibelly  =       0, ntr     =       1
     restraint_wt =  50.00000

Molecular dynamics:
     nstlim  =    500000, nscm    =         0, nrespa  =         1
     t       =   0.00000, dt      =   0.00200, vlimit  =  -1.00000

Langevin dynamics temperature regulation:
     ig      =  124616
     temp0   = 298.15000, tempi   = 298.15000, gamma_ln=   1.00000

Pressure regulation:
     ntp     =       1
     pres0   =   1.00000, comp    =  44.60000, taup    =   1.00000
     Monte-Carlo Barostat:
     mcbarint  =     100

SHAKE:
     ntc     =       2, jfastw  =       0
     tol     =   0.00001

NMR refinement options:
     iscale  =       0, noeskp  =       1, ipnlty  =       1, mxsub   =       1
     scalm   = 100.00000, pencut  =  -1.00000, tausw   =   0.10000

| Intermolecular bonds treatment:
|     no_intermolecular_bonds =       1

| Energy averages sample interval:
|     ene_avg_sampling =     500

Ewald parameters:
     verbose =       0, ew_type =       0, nbflag  =       1, use_pme =       1
     vdwmeth =       1, eedmeth =       1, netfrc  =       1
     Box X =   43.508   Box Y =   42.118   Box Z =   70.541
     Alpha =   90.000   Beta  =   90.000   Gamma =   90.000
     NFFT1 =   48       NFFT2 =   48       NFFT3 =   72
     Cutoff=    9.000   Tol   =0.100E-04
     Ewald Coefficient =  0.30768
     Interpolation order =    4

    LOADING THE CONSTRAINED ATOMS AS GROUPS


   5.  REFERENCE ATOM COORDINATES

  default_name                                                                    
     Mask @DUM; matches     3 atoms
| MONTE CARLO BAROSTAT IMPORTANT NOTE:
|   The Monte-Carlo barostat does not require the virial to adjust the system volume.
|   Since it is an expensive calculation, it is skipped for efficiency. A side-effect
|   is that the reported pressure is always 0 because it is not calculated.

--------------------------------------------------------------------------------
   3.  ATOMIC COORDINATES AND VELOCITIES
--------------------------------------------------------------------------------

default_name                                                                    
 begin time read from input coords =     0.000 ps



           Begin reading energy term weight changes/NMR restraints
 WEIGHT CHANGES:
                         ** No weight changes given **

 RESTRAINTS:
 Requested file redirections:
  DISANG    = disang.rest
  LISTOUT   = POUT
 Restraints will be read from file: disang.rest
Here are comments from the DISANG input file:

                       Number of restraints read =     9

                  Done reading weight changes/NMR restraints


 
 Number of triangulated 3-point waters found:     3000

     Sum of charges from parm topology file =   0.00000002
     Forcing neutrality...

| Dynamic Memory, Types Used:
| Reals              528869
| Integers           283979

| Nonbonded Pairs Initial Allocation:     2102388

| GPU memory information (estimate):
| KB of GPU memory in use:         0
| KB of CPU memory in use:         0

--------------------------------------------------------------------------------
   4.  RESULTS
--------------------------------------------------------------------------------


 NSTEP =        0   TIME(PS) =       0.000  TEMP(K) =   442.88  PRESS =     0.0
 Etot   =    -30542.2241  EKtot   =      8183.8824  EPtot      =    -38726.1065
 BOND   =        12.4849  ANGLE   =        52.2762  DIHED      =       107.0123
 1-4 NB =        68.0421  1-4 EEL =        61.6072  VDWAALS    =      6252.1440
 EELEC  =    -45280.1973  EHBOND  =         0.0000  RESTRAINT  =         0.5241
 EAMBER (non-restraint)  =    -38726.6306
 EKCMT  =         0.0000  VIRIAL  =         0.0000  VOLUME     =    129264.7011
                                                    Density    =         0.7316
 ------------------------------------------------------------------------------

 NMR restraints: Bond =    0.400   Angle =     0.107   Torsion =     0.003
===============================================================================

 NSTEP =      500   TIME(PS) =       1.000  TEMP(K) =   269.46  PRESS =     0.0
 Etot   =    -25682.3773  EKtot   =      4979.2671  EPtot      =    -30661.6444
 BOND   =        61.4935  ANGLE   =       105.5981  DIHED      =       130.9194
 1-4 NB =        62.5118  1-4 EEL =        65.1509  VDWAALS    =      4857.7011
 EELEC  =    -35950.4426  EHBOND  =         0.0000  RESTRAINT  =         5.4234
 EAMBER (non-restraint)  =    -30667.0678
 EKCMT  =         0.0000  VIRIAL  =         0.0000  VOLUME     =    126857.2050
                                                    Density    =         0.7454
 ------------------------------------------------------------------------------

 NMR restraints: Bond =    0.736   Angle =     0.983   Torsion =     0.511
===============================================================================

 NSTEP =     1000   TIME(PS) =       2.000  TEMP(K) =   286.84  PRESS =     0.0
 Etot   =    -24968.8184  EKtot   =      5300.5376  EPtot      =    -30269.3560
 BOND   =        48.5637  ANGLE   =       101.8892  DIHED      =       123.3550
 1-4 NB =        77.4927  1-4 EEL =        62.9690  VDWAALS    =      4717.6343
 EELEC  =    -35406.3911  EHBOND  =         0.0000  RESTRAINT  =         5.1312
 EAMBER (non-restraint)  =    -30274.4872
 EKCMT  =         0.0000  VIRIAL  =         0.0000  VOLUME     =    124517.9398
                                                    Density    =         0.7594
 ------------------------------------------------------------------------------

 NMR restraints: Bond =    1.180   Angle =     0.899   Torsion =     1.526
===============================================================================

 NSTEP =     1500   TIME(PS) =       3.000  TEMP(K) =   291.67  PRESS =     0.0
 Etot   =    -24565.3134  EKtot   =      5389.6494  EPtot      =    -29954.9628
 BOND   =        65.7222  ANGLE   =       105.3031  DIHED      =       133.2550
 1-4 NB =        73.4065  1-4 EEL =        62.4453  VDWAALS    =      4181.1718
 EELEC  =    -34583.0541  EHBOND  =         0.0000  RESTRAINT  =         6.7873
 EAMBER (non-restraint)  =    -29961.7502
 EKCMT  =         0.0000  VIRIAL  =         0.0000  VOLUME     =    122899.1213
                                                    Density    =         0.7694
 ------------------------------------------------------------------------------

 NMR restraints: Bond =    1.290   Angle =     1.611   Torsion =     2.584
===============================================================================

 NSTEP =     2000   TIME(PS) =       4.000  TEMP(K) =   295.58  PRESS =     0.0
 Etot   =    -24484.7287  EKtot   =      5461.9858  EPtot      =    -29946.7145
 BOND   =        56.4828  ANGLE   =       105.5137  DIHED      =       138.6936
 1-4 NB =        73.4613  1-4 EEL =        67.5444  VDWAALS    =      4171.7951
 EELEC  =    -34570.5456  EHBOND  =         0.0000  RESTRAINT  =        10.3402
 EAMBER (non-restraint)  =    -29957.0548
 EKCMT  =         0.0000  VIRIAL  =         0.0000  VOLUME     =    122084.4058
                                                    Density    =         0.7746
 ------------------------------------------------------------------------------

 NMR restraints: Bond =    0.384   Angle =     1.446   Torsion =     6.342
===============================================================================

 NSTEP =     2500   TIME(PS) =       5.000  TEMP(K) =   296.46  PRESS =     0.0
 Etot   =    -24682.0318  EKtot   =      5478.2915  EPtot      =    -30160.3234
 BOND   =        65.6548  ANGLE   =        97.5672  DIHED      =       137.3950
 1-4 NB =        71.6515  1-4 EEL =        62.0948  VDWAALS    =      4133.5475
 EELEC  =    -34733.7830  EHBOND  =         0.0000  RESTRAINT  =         5.5488
 EAMBER (non-restraint)  =    -30165.8721
 EKCMT  =         0.0000  VIRIAL  =         0.0000  VOLUME     =    119741.9248
                                                    Density    =         0.7897
 ------------------------------------------------------------------------------

 NMR restraints: Bond =    0.026   Angle =     1.952   Torsion =     1.616
===============================================================================

 NSTEP =     3000   TIME(PS) =       6.000  TEMP(K) =   295.88  PRESS =     0.0
 Etot   =    -24588.6194  EKtot   =      5467.4819  EPtot      =    -30056.1014
 BOND   =        55.5998  ANGLE   =       118.7873  DIHED      =       136.9906
 1-4 NB =        78.5194  1-4 EEL =        64.7323  VDWAALS    =      4223.5930
 EELEC  =    -34738.5600  EHBOND  =         0.0000  RESTRAINT  =         4.2361
 EAMBER (non-restraint)  =    -30060.3375
 EKCMT  =         0.0000  VIRIAL  =         0.0000  VOLUME     =    119099.7940
                                                    Density    =         0.7940
 ------------------------------------------------------------------------------

 NMR restraints: Bond =    0.168   Angle =     1.499   Torsion =     1.374
===============================================================================

 NSTEP =     3500   TIME(PS) =       7.000  TEMP(K) =   300.94  PRESS =     0.0
 Etot   =    -24669.6579  EKtot   =      5561.0522  EPtot      =    -30230.7101
 BOND   =        43.3511  ANGLE   =       111.3337  DIHED      =       131.9687
 1-4 NB =        79.5965  1-4 EEL =        64.6309  VDWAALS    =      4228.0669
 EELEC  =    -34894.4428  EHBOND  =         0.0000  RESTRAINT  =         4.7849
 EAMBER (non-restraint)  =    -30235.4950
 EKCMT  =         0.0000  VIRIAL  =         0.0000  VOLUME     =    117365.4446
                                                    Density    =         0.8057
 ------------------------------------------------------------------------------

 NMR restraints: Bond =    1.375   Angle =     0.965   Torsion =     0.912
===============================================================================

 NSTEP =     4000   TIME(PS) =       8.000  TEMP(K) =   298.73  PRESS =     0.0
 Etot   =    -24733.8233  EKtot   =      5520.2705  EPtot      =    -30254.0938
 BOND   =        41.1233  ANGLE   =       111.4959  DIHED      =       128.6545
 1-4 NB =        74.0748  1-4 EEL =        63.2466  VDWAALS    =      4374.0140
 EELEC  =    -35052.4386  EHBOND  =         0.0000  RESTRAINT  =         5.7358
 EAMBER (non-restraint)  =    -30259.8295
 EKCMT  =         0.0000  VIRIAL  =         0.0000  VOLUME     =    115100.4903
                                                    Density    =         0.8216
 ------------------------------------------------------------------------------

 NMR restraints: Bond =    0.206   Angle =     1.622   Torsion =     0.512
===============================================================================

 NSTEP =     4500   TIME(PS) =       9.000  TEMP(K) =   295.59  PRESS =     0.0
 Etot   =    -24926.0679  EKtot   =      5462.1123  EPtot      =    -30388.1802
 BOND   =        51.1080  ANGLE   =       119.1892  DIHED      =       133.4868
 1-4 NB =        76.3868  1-4 EEL =        63.9691  VDWAALS    =      4275.4747
 EELEC  =    -35116.4754  EHBOND  =         0.0000  RESTRAINT  =         8.6806
 EAMBER (non-restraint)  =    -30396.8609
 EKCMT  =         0.0000  VIRIAL  =         0.0000  VOLUME     =    113665.0515
                                                    Density    =         0.8320
 ------------------------------------------------------------------------------

 NMR restraints: Bond =    0.667   Angle =     1.199   Torsion =     0.704
===============================================================================

 NSTEP =     5000   TIME(PS) =      10.000  TEMP(K) =   295.78  PRESS =     0.0
 Etot   =    -24952.3537  EKtot   =      5465.7437  EPtot      =    -30418.0973
 BOND   =        46.1796  ANGLE   =       135.1709  DIHED      =       137.5297
 1-4 NB =        79.4465  1-4 EEL =        58.5676  VDWAALS    =      4433.5707
 EELEC  =    -35317.7475  EHBOND  =         0.0000  RESTRAINT  =         9.1850
 EAMBER (non-restraint)  =    -30427.2824
 EKCMT  =         0.0000  VIRIAL  =         0.0000  VOLUME     =    111407.9353
                                                    Density    =         0.8488
 ------------------------------------------------------------------------------

 NMR restraints: Bond =    1.391   Angle =     1.843   Torsion =     0.741
===============================================================================

 NSTEP =     5500   TIME(PS) =      11.000  TEMP(K) =   298.49  PRESS =     0.0
 Etot   =    -25054.6279  EKtot   =      5515.7129  EPtot      =    -30570.3408
 BOND   =        58.4013  ANGLE   =       107.7244  DIHED      =       133.0976
 1-4 NB =        76.0363  1-4 EEL =        63.1376  VDWAALS    =      4143.2887
 EELEC  =    -35156.6140  EHBOND  =         0.0000  RESTRAINT  =         4.5872
 EAMBER (non-restraint)  =    -30574.9280
 EKCMT  =         0.0000  VIRIAL  =         0.0000  VOLUME     =    110927.6209
                                                    Density    =         0.8525
 ------------------------------------------------------------------------------

 NMR restraints: Bond =    0.670   Angle =     0.894   Torsion =     0.263
===============================================================================
