
          -------------------------------------------------------
          Amber 18 PMEMD                              2018
          -------------------------------------------------------

| PMEMD implementation of SANDER, Release 18

| Run on 05/02/2018 at 10:05:30

|   Executable path: pmemd.cuda
| Working directory: /oasis/tscc/scratch/davids4/SAMPLing-cut9/11499169.tscc-mgr.local
|          Hostname: tscc-gpu-8-8.sdsc.edu

  [-O]verwriting output

File Assignments:
|   MDIN: equil.000.in                                                          
|  MDOUT: equil.000.out                                                         
| INPCRD: minimize.rst7                                                         
|   PARM: solvate.prmtop                                                        
| RESTRT: equil.000.rst7                                                        
|   REFC: solvate.rst7                                                          
|  MDVEL: mdvel                                                                 
|   MDEN: equil.000.mden                                                        
|  MDCRD: equil.000.nc                                                          
| MDINFO: equil.000.mdinfo                                                      
|  MDFRC: mdfrc                                                                 


 Here is the input file:

PBC MD Simulation                                                              
 &cntrl                                                                        
  imin =          0,                                                           
  ntx =           1,                                                           
  irest =         0,                                                           
  maxcyc =        0,                                                           
  ncyc =          0,                                                           
  dt =            0.002,                                                       
  nstlim =        500000,                                                      
  ntpr =          500,                                                         
  ntwe =          500,                                                         
  ntwr =          250,                                                         
  ntwx =          250,                                                         
  ntxo =          1,                                                           
  ioutfm =        1,                                                           
  ntf =           2,                                                           
  ntc =           2,                                                           
  cut =           9.0,                                                         
  igb =           0,                                                           
  tempi =         298.15,                                                      
  temp0 =         298.15,                                                      
  ntt =           3,                                                           
  gamma_ln =      1.0,                                                         
  ig =            -1,                                                          
  ntp =           1,                                                           
  barostat =      2,                                                           
  ntr =           1,                                                           
  restraint_wt =  50.0,                                                        
  restraintmask = '@DUM',                                                      
  nmropt =        1,                                                           
  pencut =        -1,                                                          
  ntwprt =        206,                                                         
 /                                                                             
 &wt type = 'END', /                                                           
DISANG = disang.rest                                                           
LISTOUT = POUT                                                                 
                                                                               


Note: ig = -1. Setting random seed to   256446 based on wallclock time in 
      microseconds.
| irandom = 1, using AMBER's internal random number generator (default).
 
|--------------------- INFORMATION ----------------------
| GPU (CUDA) Version of PMEMD in use: NVIDIA GPU IN USE.
|                    Version 18.0.0
| 
|                      03/25/2018
| 
| Implementation by:
|                    Ross C. Walker     (SDSC)
|                    Scott Le Grand     (nVIDIA)
| 
| Version 18 performance extensions by:
|                    David Cerutti     (Rutgers)
| 
| Precision model in use:
|      [SPFP] - Single Precision Forces, 64-bit Fixed Point
|               Accumulation. (Default)
| 
|--------------------------------------------------------
 
|----------------- CITATION INFORMATION -----------------
|
|    When publishing work that utilized the CUDA version
|    of AMBER, please cite the following in addition to
|    the regular AMBER citations:
|
|  - Romelia Salomon-Ferrer; Andreas W. Goetz; Duncan
|    Poole; Scott Le Grand; Ross C. Walker "Routine
|    microsecond molecular dynamics simulations with
|    AMBER - Part II: Particle Mesh Ewald", J. Chem.
|    Theory Comput., 2013, 9 (9), pp3878-3888,
|    DOI: 10.1021/ct400314y.
|
|  - Andreas W. Goetz; Mark J. Williamson; Dong Xu;
|    Duncan Poole; Scott Le Grand; Ross C. Walker
|    "Routine microsecond molecular dynamics simulations
|    with AMBER - Part I: Generalized Born", J. Chem.
|    Theory Comput., 2012, 8 (5), pp1542-1555.
|
|  - Scott Le Grand; Andreas W. Goetz; Ross C. Walker
|    "SPFP: Speed without compromise - a mixed precision
|    model for GPU accelerated molecular dynamics
|    simulations.", Comp. Phys. Comm., 2013, 184
|    pp374-380, DOI: 10.1016/j.cpc.2012.09.022
|
|--------------------------------------------------------
 
|------------------- GPU DEVICE INFO --------------------
|
|            CUDA_VISIBLE_DEVICES: 2
|   CUDA Capable Devices Detected:      1
|           CUDA Device ID in use:      0
|                CUDA Device Name: GeForce GTX TITAN X
|     CUDA Device Global Mem Size:  12207 MB
| CUDA Device Num Multiprocessors:     24
|           CUDA Device Core Freq:   1.08 GHz
|
|--------------------------------------------------------
 
 
| Conditional Compilation Defines Used:
| PUBFFT
| BINTRAJ
| CUDA
| EMIL

| Largest sphere to fit in unit cell has radius =    20.773

| New format PARM file being parsed.
| Version =    1.000 Date = 04/23/18 Time = 20:10:14

| Note: 1-4 EEL scale factors are being read from the topology file.

| Note: 1-4 VDW scale factors are being read from the topology file.
| Duplicated    0 dihedrals

| Duplicated    0 dihedrals

--------------------------------------------------------------------------------
   1.  RESOURCE   USE: 
--------------------------------------------------------------------------------

 getting new box info from bottom of inpcrd
 NATOM  =    9223 NTYPES =      11 NBONH =    9067 MBONA  =     155
 NTHETH =     153 MTHETA =     232 NPHIH =     345 MPHIA  =     366
 NHPARM =       0 NPARM  =       0 NNB   =   13221 NRES   =    3022
 NBONA  =     155 NTHETA =     232 NPHIA =     366 NUMBND =      13
 NUMANG =      22 NPTRA  =      15 NATYP =      13 NPHB   =       0
 IFBOX  =       1 NMXRS  =     184 IFCAP =       0 NEXTRA =       0
 NCOPY  =       0

| Coordinate Index Table dimensions:     8    8   13
| Direct force subcell size =     5.1932    5.4715    5.2998

     BOX TYPE: RECTILINEAR

--------------------------------------------------------------------------------
   2.  CONTROL  DATA  FOR  THE  RUN
--------------------------------------------------------------------------------

default_name                                                                    

General flags:
     imin    =       0, nmropt  =       1

Nature and format of input:
     ntx     =       1, irest   =       0, ntrx    =       1

Nature and format of output:
     ntxo    =       1, ntpr    =     500, ntrx    =       1, ntwr    =     250
     iwrap   =       0, ntwx    =     250, ntwv    =       0, ntwe    =     500
     ioutfm  =       1, ntwprt  =     206, idecomp =       0, rbornstat=      0

Potential function:
     ntf     =       2, ntb     =       2, igb     =       0, nsnb    =      25
     ipol    =       0, gbsa    =       0, iesp    =       0
     dielc   =   1.00000, cut     =   9.00000, intdiel =   1.00000

Frozen or restrained atoms:
     ibelly  =       0, ntr     =       1
     restraint_wt =  50.00000

Molecular dynamics:
     nstlim  =    500000, nscm    =         0, nrespa  =         1
     t       =   0.00000, dt      =   0.00200, vlimit  =  -1.00000

Langevin dynamics temperature regulation:
     ig      =  256446
     temp0   = 298.15000, tempi   = 298.15000, gamma_ln=   1.00000

Pressure regulation:
     ntp     =       1
     pres0   =   1.00000, comp    =  44.60000, taup    =   1.00000
     Monte-Carlo Barostat:
     mcbarint  =     100

SHAKE:
     ntc     =       2, jfastw  =       0
     tol     =   0.00001

NMR refinement options:
     iscale  =       0, noeskp  =       1, ipnlty  =       1, mxsub   =       1
     scalm   = 100.00000, pencut  =  -1.00000, tausw   =   0.10000

| Intermolecular bonds treatment:
|     no_intermolecular_bonds =       1

| Energy averages sample interval:
|     ene_avg_sampling =     500

Ewald parameters:
     verbose =       0, ew_type =       0, nbflag  =       1, use_pme =       1
     vdwmeth =       1, eedmeth =       1, netfrc  =       1
     Box X =   41.545   Box Y =   43.772   Box Z =   68.898
     Alpha =   90.000   Beta  =   90.000   Gamma =   90.000
     NFFT1 =   48       NFFT2 =   48       NFFT3 =   72
     Cutoff=    9.000   Tol   =0.100E-04
     Ewald Coefficient =  0.30768
     Interpolation order =    4

    LOADING THE CONSTRAINED ATOMS AS GROUPS


   5.  REFERENCE ATOM COORDINATES

  default_name                                                                    
     Mask @DUM; matches     3 atoms
| MONTE CARLO BAROSTAT IMPORTANT NOTE:
|   The Monte-Carlo barostat does not require the virial to adjust the system volume.
|   Since it is an expensive calculation, it is skipped for efficiency. A side-effect
|   is that the reported pressure is always 0 because it is not calculated.

--------------------------------------------------------------------------------
   3.  ATOMIC COORDINATES AND VELOCITIES
--------------------------------------------------------------------------------

default_name                                                                    
 begin time read from input coords =     0.000 ps



           Begin reading energy term weight changes/NMR restraints
 WEIGHT CHANGES:
                         ** No weight changes given **

 RESTRAINTS:
 Requested file redirections:
  DISANG    = disang.rest
  LISTOUT   = POUT
 Restraints will be read from file: disang.rest
Here are comments from the DISANG input file:

                       Number of restraints read =     9

                  Done reading weight changes/NMR restraints


 
 Number of triangulated 3-point waters found:     3000

     Sum of charges from parm topology file =   0.00000002
     Forcing neutrality...

| Dynamic Memory, Types Used:
| Reals              528929
| Integers           284277

| Nonbonded Pairs Initial Allocation:     2102844

| GPU memory information (estimate):
| KB of GPU memory in use:         0
| KB of CPU memory in use:         0

--------------------------------------------------------------------------------
   4.  RESULTS
--------------------------------------------------------------------------------


 NSTEP =        0   TIME(PS) =       0.000  TEMP(K) =   443.70  PRESS =     0.0
 Etot   =    -30767.8094  EKtot   =      8200.8129  EPtot      =    -38968.6223
 BOND   =        20.7384  ANGLE   =        69.9178  DIHED      =       109.4261
 1-4 NB =        68.1432  1-4 EEL =        57.5951  VDWAALS    =      6225.2093
 EELEC  =    -45520.7783  EHBOND  =         0.0000  RESTRAINT  =         1.1262
 EAMBER (non-restraint)  =    -38969.7484
 EKCMT  =         0.0000  VIRIAL  =         0.0000  VOLUME     =    125291.8307
                                                    Density    =         0.7548
 ------------------------------------------------------------------------------

 NMR restraints: Bond =    0.040   Angle =     1.055   Torsion =     0.017
===============================================================================

 NSTEP =      500   TIME(PS) =       1.000  TEMP(K) =   261.75  PRESS =     0.0
 Etot   =    -25920.5956  EKtot   =      4837.9629  EPtot      =    -30758.5585
 BOND   =        46.7467  ANGLE   =       107.8981  DIHED      =       135.8255
 1-4 NB =        75.1017  1-4 EEL =        61.5166  VDWAALS    =      4778.5938
 EELEC  =    -35967.0233  EHBOND  =         0.0000  RESTRAINT  =         2.7824
 EAMBER (non-restraint)  =    -30761.3409
 EKCMT  =         0.0000  VIRIAL  =         0.0000  VOLUME     =    124064.4287
                                                    Density    =         0.7622
 ------------------------------------------------------------------------------

 NMR restraints: Bond =    0.618   Angle =     0.779   Torsion =     0.364
===============================================================================

 NSTEP =     1000   TIME(PS) =       2.000  TEMP(K) =   282.86  PRESS =     0.0
 Etot   =    -25132.2233  EKtot   =      5227.9780  EPtot      =    -30360.2013
 BOND   =        53.3464  ANGLE   =       118.9190  DIHED      =       127.5103
 1-4 NB =        70.1527  1-4 EEL =        60.4950  VDWAALS    =      4401.5056
 EELEC  =    -35199.5366  EHBOND  =         0.0000  RESTRAINT  =         7.4062
 EAMBER (non-restraint)  =    -30367.6075
 EKCMT  =         0.0000  VIRIAL  =         0.0000  VOLUME     =    122985.6535
                                                    Density    =         0.7689
 ------------------------------------------------------------------------------

 NMR restraints: Bond =    0.217   Angle =     2.017   Torsion =     2.760
===============================================================================

 NSTEP =     1500   TIME(PS) =       3.000  TEMP(K) =   281.36  PRESS =     0.0
 Etot   =    -24775.2593  EKtot   =      5200.3613  EPtot      =    -29975.6206
 BOND   =        47.0348  ANGLE   =       106.9924  DIHED      =       148.7115
 1-4 NB =        74.0857  1-4 EEL =        61.0031  VDWAALS    =      4229.1644
 EELEC  =    -34651.0490  EHBOND  =         0.0000  RESTRAINT  =         8.4364
 EAMBER (non-restraint)  =    -29984.0570
 EKCMT  =         0.0000  VIRIAL  =         0.0000  VOLUME     =    122263.0314
                                                    Density    =         0.7735
 ------------------------------------------------------------------------------

 NMR restraints: Bond =    0.326   Angle =     1.672   Torsion =     2.921
===============================================================================

 NSTEP =     2000   TIME(PS) =       4.000  TEMP(K) =   295.03  PRESS =     0.0
 Etot   =    -24461.9953  EKtot   =      5452.9995  EPtot      =    -29914.9948
 BOND   =        46.6950  ANGLE   =       117.5796  DIHED      =       134.9613
 1-4 NB =        77.1130  1-4 EEL =        60.8914  VDWAALS    =      4268.3590
 EELEC  =    -34628.2600  EHBOND  =         0.0000  RESTRAINT  =         7.6659
 EAMBER (non-restraint)  =    -29922.6607
 EKCMT  =         0.0000  VIRIAL  =         0.0000  VOLUME     =    121466.6835
                                                    Density    =         0.7786
 ------------------------------------------------------------------------------

 NMR restraints: Bond =    0.037   Angle =     0.922   Torsion =     2.566
===============================================================================

 NSTEP =     2500   TIME(PS) =       5.000  TEMP(K) =   299.67  PRESS =     0.0
 Etot   =    -24491.6139  EKtot   =      5538.8149  EPtot      =    -30030.4288
 BOND   =        49.5313  ANGLE   =       107.9683  DIHED      =       143.1467
 1-4 NB =        71.7345  1-4 EEL =        60.4910  VDWAALS    =      4318.8174
 EELEC  =    -34790.0296  EHBOND  =         0.0000  RESTRAINT  =         7.9115
 EAMBER (non-restraint)  =    -30038.3403
 EKCMT  =         0.0000  VIRIAL  =         0.0000  VOLUME     =    118635.1103
                                                    Density    =         0.7971
 ------------------------------------------------------------------------------

 NMR restraints: Bond =    0.387   Angle =     2.302   Torsion =     3.153
===============================================================================

 NSTEP =     3000   TIME(PS) =       6.000  TEMP(K) =   292.42  PRESS =     0.0
 Etot   =    -24521.7827  EKtot   =      5404.8354  EPtot      =    -29926.6182
 BOND   =        61.9361  ANGLE   =       113.3172  DIHED      =       141.4458
 1-4 NB =        75.3061  1-4 EEL =        58.7610  VDWAALS    =      4150.0514
 EELEC  =    -34536.6031  EHBOND  =         0.0000  RESTRAINT  =         9.1674
 EAMBER (non-restraint)  =    -29935.7855
 EKCMT  =         0.0000  VIRIAL  =         0.0000  VOLUME     =    116093.4568
                                                    Density    =         0.8146
 ------------------------------------------------------------------------------

 NMR restraints: Bond =    0.487   Angle =     5.134   Torsion =     2.120
===============================================================================

 NSTEP =     3500   TIME(PS) =       7.000  TEMP(K) =   299.14  PRESS =     0.0
 Etot   =    -24526.6366  EKtot   =      5528.9961  EPtot      =    -30055.6327
 BOND   =        58.4865  ANGLE   =        96.3306  DIHED      =       128.7870
 1-4 NB =        72.2929  1-4 EEL =        59.0249  VDWAALS    =      4155.4446
 EELEC  =    -34632.3801  EHBOND  =         0.0000  RESTRAINT  =         6.3809
 EAMBER (non-restraint)  =    -30062.0136
 EKCMT  =         0.0000  VIRIAL  =         0.0000  VOLUME     =    114411.3093
                                                    Density    =         0.8266
 ------------------------------------------------------------------------------

 NMR restraints: Bond =    0.289   Angle =     2.716   Torsion =     0.975
===============================================================================

 NSTEP =     4000   TIME(PS) =       8.000  TEMP(K) =   294.01  PRESS =     0.0
 Etot   =    -24667.9635  EKtot   =      5434.2275  EPtot      =    -30102.1911
 BOND   =        43.0816  ANGLE   =       103.3689  DIHED      =       134.0236
 1-4 NB =        77.4568  1-4 EEL =        58.9834  VDWAALS    =      4135.1169
 EELEC  =    -34661.4037  EHBOND  =         0.0000  RESTRAINT  =         7.1815
 EAMBER (non-restraint)  =    -30109.3725
 EKCMT  =         0.0000  VIRIAL  =         0.0000  VOLUME     =    113076.4222
                                                    Density    =         0.8363
 ------------------------------------------------------------------------------

 NMR restraints: Bond =    0.440   Angle =     2.745   Torsion =     0.737
===============================================================================

 NSTEP =     4500   TIME(PS) =       9.000  TEMP(K) =   299.11  PRESS =     0.0
 Etot   =    -24802.1366  EKtot   =      5528.4302  EPtot      =    -30330.5668
 BOND   =        55.5673  ANGLE   =       116.5850  DIHED      =       133.9065
 1-4 NB =        78.1383  1-4 EEL =        60.9005  VDWAALS    =      4310.4292
 EELEC  =    -35088.8637  EHBOND  =         0.0000  RESTRAINT  =         2.7700
 EAMBER (non-restraint)  =    -30333.3367
 EKCMT  =         0.0000  VIRIAL  =         0.0000  VOLUME     =    111888.3751
                                                    Density    =         0.8452
 ------------------------------------------------------------------------------

 NMR restraints: Bond =    0.109   Angle =     0.750   Torsion =     0.346
===============================================================================

 NSTEP =     5000   TIME(PS) =      10.000  TEMP(K) =   300.80  PRESS =     0.0
 Etot   =    -24871.7981  EKtot   =      5559.7305  EPtot      =    -30431.5286
 BOND   =        55.1864  ANGLE   =        98.6485  DIHED      =       136.3092
 1-4 NB =        75.5740  1-4 EEL =        59.2573  VDWAALS    =      4147.9521
 EELEC  =    -35008.1514  EHBOND  =         0.0000  RESTRAINT  =         3.6954
 EAMBER (non-restraint)  =    -30435.2240
 EKCMT  =         0.0000  VIRIAL  =         0.0000  VOLUME     =    110401.6846
                                                    Density    =         0.8566
 ------------------------------------------------------------------------------

 NMR restraints: Bond =    0.107   Angle =     1.383   Torsion =     0.148
===============================================================================

 NSTEP =     5500   TIME(PS) =      11.000  TEMP(K) =   294.05  PRESS =     0.0
 Etot   =    -25005.5882  EKtot   =      5434.8940  EPtot      =    -30440.4823
 BOND   =        49.1302  ANGLE   =       109.3125  DIHED      =       134.6129
 1-4 NB =        75.9619  1-4 EEL =        61.1777  VDWAALS    =      4242.2774
 EELEC  =    -35117.6598  EHBOND  =         0.0000  RESTRAINT  =         4.7050
 EAMBER (non-restraint)  =    -30445.1872
 EKCMT  =         0.0000  VIRIAL  =         0.0000  VOLUME     =    108794.7932
                                                    Density    =         0.8692
 ------------------------------------------------------------------------------

 NMR restraints: Bond =    0.361   Angle =     2.965   Torsion =     0.176
===============================================================================

 NSTEP =     6000   TIME(PS) =      12.000  TEMP(K) =   299.84  PRESS =     0.0
 Etot   =    -24845.9525  EKtot   =      5541.8799  EPtot      =    -30387.8324
 BOND   =        59.9780  ANGLE   =       109.1457  DIHED      =       127.1712
 1-4 NB =        77.5716  1-4 EEL =        60.8793  VDWAALS    =      4225.6305
 EELEC  =    -35055.4570  EHBOND  =         0.0000  RESTRAINT  =         7.2483
 EAMBER (non-restraint)  =    -30395.0807
 EKCMT  =         0.0000  VIRIAL  =         0.0000  VOLUME     =    106437.7825
                                                    Density    =         0.8885
 ------------------------------------------------------------------------------

 NMR restraints: Bond =    2.740   Angle =     1.715   Torsion =     1.408
===============================================================================

 NSTEP =     6500   TIME(PS) =      13.000  TEMP(K) =   298.74  PRESS =     0.0
 Etot   =    -24950.5112  EKtot   =      5521.6509  EPtot      =    -30472.1621
 BOND   =        55.3578  ANGLE   =       115.0386  DIHED      =       141.9139
 1-4 NB =        74.3328  1-4 EEL =        59.6586  VDWAALS    =      4447.0148
 EELEC  =    -35370.2826  EHBOND  =         0.0000  RESTRAINT  =         4.8040
 EAMBER (non-restraint)  =    -30476.9661
 EKCMT  =         0.0000  VIRIAL  =         0.0000  VOLUME     =    104899.8209
                                                    Density    =         0.9015
 ------------------------------------------------------------------------------

 NMR restraints: Bond =    0.675   Angle =     1.071   Torsion =     1.090
===============================================================================

 NSTEP =     7000   TIME(PS) =      14.000  TEMP(K) =   299.38  PRESS =     0.0
 Etot   =    -25103.8924  EKtot   =      5533.3740  EPtot      =    -30637.2664
 BOND   =        56.2713  ANGLE   =       120.5740  DIHED      =       137.9425
 1-4 NB =        78.4593  1-4 EEL =        64.9557  VDWAALS    =      4227.0998
 EELEC  =    -35327.7234  EHBOND  =         0.0000  RESTRAINT  =         5.1543
 EAMBER (non-restraint)  =    -30642.4207
 EKCMT  =         0.0000  VIRIAL  =         0.0000  VOLUME     =    104899.8209
                                                    Density    =         0.9015
 ------------------------------------------------------------------------------

 NMR restraints: Bond =    2.391   Angle =     0.306   Torsion =     0.605
===============================================================================

 NSTEP =     7500   TIME(PS) =      15.000  TEMP(K) =   294.96  PRESS =     0.0
 Etot   =    -25156.9492  EKtot   =      5451.7969  EPtot      =    -30608.7460
 BOND   =        58.7067  ANGLE   =       105.0237  DIHED      =       131.8111
 1-4 NB =        71.9030  1-4 EEL =        60.2675  VDWAALS    =      4296.4413
 EELEC  =    -35339.2125  EHBOND  =         0.0000  RESTRAINT  =         6.3132
 EAMBER (non-restraint)  =    -30615.0593
 EKCMT  =         0.0000  VIRIAL  =         0.0000  VOLUME     =    103080.3180
                                                    Density    =         0.9174
 ------------------------------------------------------------------------------

 NMR restraints: Bond =    1.687   Angle =     1.234   Torsion =     2.184
===============================================================================

 NSTEP =     8000   TIME(PS) =      16.000  TEMP(K) =   298.09  PRESS =     0.0
 Etot   =    -25174.1519  EKtot   =      5509.5737  EPtot      =    -30683.7256
 BOND   =        48.3142  ANGLE   =       114.4083  DIHED      =       132.3954
 1-4 NB =        75.9750  1-4 EEL =        64.4173  VDWAALS    =      4104.0125
 EELEC  =    -35227.2465  EHBOND  =         0.0000  RESTRAINT  =         3.9982
 EAMBER (non-restraint)  =    -30687.7238
 EKCMT  =         0.0000  VIRIAL  =         0.0000  VOLUME     =    102418.5987
                                                    Density    =         0.9233
 ------------------------------------------------------------------------------

 NMR restraints: Bond =    2.064   Angle =     0.508   Torsion =     0.043
===============================================================================

 NSTEP =     8500   TIME(PS) =      17.000  TEMP(K) =   301.92  PRESS =     0.0
 Etot   =    -25186.1613  EKtot   =      5580.4189  EPtot      =    -30766.5803
 BOND   =        52.8316  ANGLE   =       121.6610  DIHED      =       123.9063
 1-4 NB =        78.3750  1-4 EEL =        56.9082  VDWAALS    =      4327.2762
 EELEC  =    -35531.3576  EHBOND  =         0.0000  RESTRAINT  =         3.8190
 EAMBER (non-restraint)  =    -30770.3993
 EKCMT  =         0.0000  VIRIAL  =         0.0000  VOLUME     =    102485.8267
                                                    Density    =         0.9227
 ------------------------------------------------------------------------------

 NMR restraints: Bond =    0.618   Angle =     1.127   Torsion =     0.585
===============================================================================

 NSTEP =     9000   TIME(PS) =      18.000  TEMP(K) =   298.28  PRESS =     0.0
 Etot   =    -25153.3736  EKtot   =      5513.0059  EPtot      =    -30666.3795
 BOND   =        53.1362  ANGLE   =       114.1513  DIHED      =       133.8793
 1-4 NB =        73.4350  1-4 EEL =        62.7160  VDWAALS    =      4168.8633
 EELEC  =    -35277.0425  EHBOND  =         0.0000  RESTRAINT  =         4.4819
 EAMBER (non-restraint)  =    -30670.8614
 EKCMT  =         0.0000  VIRIAL  =         0.0000  VOLUME     =    101972.6500
                                                    Density    =         0.9274
 ------------------------------------------------------------------------------

 NMR restraints: Bond =    1.255   Angle =     0.522   Torsion =     1.528
===============================================================================

 NSTEP =     9500   TIME(PS) =      19.000  TEMP(K) =   295.88  PRESS =     0.0
 Etot   =    -25316.0209  EKtot   =      5468.7407  EPtot      =    -30784.7617
 BOND   =        44.6625  ANGLE   =        97.2764  DIHED      =       137.9659
 1-4 NB =        75.4491  1-4 EEL =        61.9741  VDWAALS    =      4389.5373
 EELEC  =    -35598.2604  EHBOND  =         0.0000  RESTRAINT  =         6.6334
 EAMBER (non-restraint)  =    -30791.3951
 EKCMT  =         0.0000  VIRIAL  =         0.0000  VOLUME     =    100661.3002
                                                    Density    =         0.9395
 ------------------------------------------------------------------------------

 NMR restraints: Bond =    0.540   Angle =     1.691   Torsion =     0.277
===============================================================================

 NSTEP =    10000   TIME(PS) =      20.000  TEMP(K) =   302.58  PRESS =     0.0
 Etot   =    -25322.2897  EKtot   =      5592.6040  EPtot      =    -30914.8937
 BOND   =        46.2181  ANGLE   =        99.9328  DIHED      =       136.6314
 1-4 NB =        73.7932  1-4 EEL =        60.8535  VDWAALS    =      4514.1550
 EELEC  =    -35854.5823  EHBOND  =         0.0000  RESTRAINT  =         8.1046
 EAMBER (non-restraint)  =    -30922.9982
 EKCMT  =         0.0000  VIRIAL  =         0.0000  VOLUME     =     98350.6660
                                                    Density    =         0.9615
 ------------------------------------------------------------------------------

 NMR restraints: Bond =    2.490   Angle =     0.796   Torsion =     0.206
===============================================================================

 NSTEP =    10500   TIME(PS) =      21.000  TEMP(K) =   294.64  PRESS =     0.0
 Etot   =    -25545.9350  EKtot   =      5445.8057  EPtot      =    -30991.7407
 BOND   =        42.2082  ANGLE   =       108.2421  DIHED      =       137.4693
 1-4 NB =        75.6082  1-4 EEL =        60.1432  VDWAALS    =      4380.8219
 EELEC  =    -35801.5262  EHBOND  =         0.0000  RESTRAINT  =         5.2926
 EAMBER (non-restraint)  =    -30997.0333
 EKCMT  =         0.0000  VIRIAL  =         0.0000  VOLUME     =     96369.8316
                                                    Density    =         0.9813
 ------------------------------------------------------------------------------

 NMR restraints: Bond =    0.817   Angle =     0.937   Torsion =     0.014
===============================================================================
