
          -------------------------------------------------------
          Amber 18 PMEMD                              2018
          -------------------------------------------------------

| PMEMD implementation of SANDER, Release 18

| Run on 05/02/2018 at 11:15:50

|   Executable path: pmemd.cuda
| Working directory: /oasis/tscc/scratch/davids4/SAMPLing-cut9/11499436.tscc-mgr.local
|          Hostname: tscc-gpu-5-9.sdsc.edu

  [-O]verwriting output

File Assignments:
|   MDIN: equil.000.in                                                          
|  MDOUT: equil.000.out                                                         
| INPCRD: minimize.rst7                                                         
|   PARM: solvate.prmtop                                                        
| RESTRT: equil.000.rst7                                                        
|   REFC: solvate.rst7                                                          
|  MDVEL: mdvel                                                                 
|   MDEN: equil.000.mden                                                        
|  MDCRD: equil.000.nc                                                          
| MDINFO: equil.000.mdinfo                                                      
|  MDFRC: mdfrc                                                                 


 Here is the input file:

PBC MD Simulation                                                              
 &cntrl                                                                        
  imin =          0,                                                           
  ntx =           1,                                                           
  irest =         0,                                                           
  maxcyc =        0,                                                           
  ncyc =          0,                                                           
  dt =            0.002,                                                       
  nstlim =        500000,                                                      
  ntpr =          500,                                                         
  ntwe =          500,                                                         
  ntwr =          250,                                                         
  ntwx =          250,                                                         
  ntxo =          1,                                                           
  ioutfm =        1,                                                           
  ntf =           2,                                                           
  ntc =           2,                                                           
  cut =           9.0,                                                         
  igb =           0,                                                           
  tempi =         298.15,                                                      
  temp0 =         298.15,                                                      
  ntt =           3,                                                           
  gamma_ln =      1.0,                                                         
  ig =            -1,                                                          
  ntp =           1,                                                           
  barostat =      2,                                                           
  ntr =           1,                                                           
  restraint_wt =  50.0,                                                        
  restraintmask = '@DUM',                                                      
  nmropt =        1,                                                           
  pencut =        -1,                                                          
  ntwprt =        204,                                                         
 /                                                                             
 &wt type = 'END', /                                                           
DISANG = disang.rest                                                           
LISTOUT = POUT                                                                 
                                                                               


Note: ig = -1. Setting random seed to   816225 based on wallclock time in 
      microseconds.
| irandom = 1, using AMBER's internal random number generator (default).
 
|--------------------- INFORMATION ----------------------
| GPU (CUDA) Version of PMEMD in use: NVIDIA GPU IN USE.
|                    Version 18.0.0
| 
|                      03/25/2018
| 
| Implementation by:
|                    Ross C. Walker     (SDSC)
|                    Scott Le Grand     (nVIDIA)
| 
| Version 18 performance extensions by:
|                    David Cerutti     (Rutgers)
| 
| Precision model in use:
|      [SPFP] - Single Precision Forces, 64-bit Fixed Point
|               Accumulation. (Default)
| 
|--------------------------------------------------------
 
|----------------- CITATION INFORMATION -----------------
|
|    When publishing work that utilized the CUDA version
|    of AMBER, please cite the following in addition to
|    the regular AMBER citations:
|
|  - Romelia Salomon-Ferrer; Andreas W. Goetz; Duncan
|    Poole; Scott Le Grand; Ross C. Walker "Routine
|    microsecond molecular dynamics simulations with
|    AMBER - Part II: Particle Mesh Ewald", J. Chem.
|    Theory Comput., 2013, 9 (9), pp3878-3888,
|    DOI: 10.1021/ct400314y.
|
|  - Andreas W. Goetz; Mark J. Williamson; Dong Xu;
|    Duncan Poole; Scott Le Grand; Ross C. Walker
|    "Routine microsecond molecular dynamics simulations
|    with AMBER - Part I: Generalized Born", J. Chem.
|    Theory Comput., 2012, 8 (5), pp1542-1555.
|
|  - Scott Le Grand; Andreas W. Goetz; Ross C. Walker
|    "SPFP: Speed without compromise - a mixed precision
|    model for GPU accelerated molecular dynamics
|    simulations.", Comp. Phys. Comm., 2013, 184
|    pp374-380, DOI: 10.1016/j.cpc.2012.09.022
|
|--------------------------------------------------------
 
|------------------- GPU DEVICE INFO --------------------
|
|            CUDA_VISIBLE_DEVICES: 5
|   CUDA Capable Devices Detected:      1
|           CUDA Device ID in use:      0
|                CUDA Device Name: GeForce GTX TITAN X
|     CUDA Device Global Mem Size:  12207 MB
| CUDA Device Num Multiprocessors:     24
|           CUDA Device Core Freq:   1.08 GHz
|
|--------------------------------------------------------
 
 
| Conditional Compilation Defines Used:
| PUBFFT
| BINTRAJ
| CUDA
| EMIL

| Largest sphere to fit in unit cell has radius =    21.059

| New format PARM file being parsed.
| Version =    1.000 Date = 04/23/18 Time = 20:24:50

| Note: 1-4 EEL scale factors are being read from the topology file.

| Note: 1-4 VDW scale factors are being read from the topology file.
| Duplicated    0 dihedrals

| Duplicated    0 dihedrals

--------------------------------------------------------------------------------
   1.  RESOURCE   USE: 
--------------------------------------------------------------------------------

 getting new box info from bottom of inpcrd
 NATOM  =    9221 NTYPES =      11 NBONH =    9065 MBONA  =     155
 NTHETH =     148 MTHETA =     231 NPHIH =     343 MPHIA  =     362
 NHPARM =       0 NPARM  =       0 NNB   =   13205 NRES   =    3022
 NBONA  =     155 NTHETA =     231 NPHIA =     362 NUMBND =      16
 NUMANG =      28 NPTRA  =      15 NATYP =      14 NPHB   =       0
 IFBOX  =       1 NMXRS  =     184 IFCAP =       0 NEXTRA =       0
 NCOPY  =       0

| Coordinate Index Table dimensions:     8    8   14
| Direct force subcell size =     5.4385    5.2647    5.0387

     BOX TYPE: RECTILINEAR

--------------------------------------------------------------------------------
   2.  CONTROL  DATA  FOR  THE  RUN
--------------------------------------------------------------------------------

default_name                                                                    

General flags:
     imin    =       0, nmropt  =       1

Nature and format of input:
     ntx     =       1, irest   =       0, ntrx    =       1

Nature and format of output:
     ntxo    =       1, ntpr    =     500, ntrx    =       1, ntwr    =     250
     iwrap   =       0, ntwx    =     250, ntwv    =       0, ntwe    =     500
     ioutfm  =       1, ntwprt  =     204, idecomp =       0, rbornstat=      0

Potential function:
     ntf     =       2, ntb     =       2, igb     =       0, nsnb    =      25
     ipol    =       0, gbsa    =       0, iesp    =       0
     dielc   =   1.00000, cut     =   9.00000, intdiel =   1.00000

Frozen or restrained atoms:
     ibelly  =       0, ntr     =       1
     restraint_wt =  50.00000

Molecular dynamics:
     nstlim  =    500000, nscm    =         0, nrespa  =         1
     t       =   0.00000, dt      =   0.00200, vlimit  =  -1.00000

Langevin dynamics temperature regulation:
     ig      =  816225
     temp0   = 298.15000, tempi   = 298.15000, gamma_ln=   1.00000

Pressure regulation:
     ntp     =       1
     pres0   =   1.00000, comp    =  44.60000, taup    =   1.00000
     Monte-Carlo Barostat:
     mcbarint  =     100

SHAKE:
     ntc     =       2, jfastw  =       0
     tol     =   0.00001

NMR refinement options:
     iscale  =       0, noeskp  =       1, ipnlty  =       1, mxsub   =       1
     scalm   = 100.00000, pencut  =  -1.00000, tausw   =   0.10000

| Intermolecular bonds treatment:
|     no_intermolecular_bonds =       1

| Energy averages sample interval:
|     ene_avg_sampling =     500

Ewald parameters:
     verbose =       0, ew_type =       0, nbflag  =       1, use_pme =       1
     vdwmeth =       1, eedmeth =       1, netfrc  =       1
     Box X =   43.508   Box Y =   42.118   Box Z =   70.541
     Alpha =   90.000   Beta  =   90.000   Gamma =   90.000
     NFFT1 =   48       NFFT2 =   48       NFFT3 =   72
     Cutoff=    9.000   Tol   =0.100E-04
     Ewald Coefficient =  0.30768
     Interpolation order =    4

    LOADING THE CONSTRAINED ATOMS AS GROUPS


   5.  REFERENCE ATOM COORDINATES

  default_name                                                                    
     Mask @DUM; matches     3 atoms
| MONTE CARLO BAROSTAT IMPORTANT NOTE:
|   The Monte-Carlo barostat does not require the virial to adjust the system volume.
|   Since it is an expensive calculation, it is skipped for efficiency. A side-effect
|   is that the reported pressure is always 0 because it is not calculated.

--------------------------------------------------------------------------------
   3.  ATOMIC COORDINATES AND VELOCITIES
--------------------------------------------------------------------------------

default_name                                                                    
 begin time read from input coords =     0.000 ps



           Begin reading energy term weight changes/NMR restraints
 WEIGHT CHANGES:
                         ** No weight changes given **

 RESTRAINTS:
 Requested file redirections:
  DISANG    = disang.rest
  LISTOUT   = POUT
 Restraints will be read from file: disang.rest
Here are comments from the DISANG input file:

                       Number of restraints read =     9

                  Done reading weight changes/NMR restraints


 
 Number of triangulated 3-point waters found:     3000

     Sum of charges from parm topology file =   0.00000002
     Forcing neutrality...

| Dynamic Memory, Types Used:
| Reals              528869
| Integers           283979

| Nonbonded Pairs Initial Allocation:     2102388

| GPU memory information (estimate):
| KB of GPU memory in use:         0
| KB of CPU memory in use:         0

--------------------------------------------------------------------------------
   4.  RESULTS
--------------------------------------------------------------------------------


 NSTEP =        0   TIME(PS) =       0.000  TEMP(K) =   446.33  PRESS =     0.0
 Etot   =    -30593.6102  EKtot   =      8247.7195  EPtot      =    -38841.3297
 BOND   =        10.8871  ANGLE   =        48.6030  DIHED      =       103.3673
 1-4 NB =        68.0157  1-4 EEL =        63.0954  VDWAALS    =      6312.9371
 EELEC  =    -45448.7191  EHBOND  =         0.0000  RESTRAINT  =         0.4838
 EAMBER (non-restraint)  =    -38841.8135
 EKCMT  =         0.0000  VIRIAL  =         0.0000  VOLUME     =    129264.7011
                                                    Density    =         0.7316
 ------------------------------------------------------------------------------

 NMR restraints: Bond =    0.378   Angle =     0.086   Torsion =     0.007
===============================================================================

 NSTEP =      500   TIME(PS) =       1.000  TEMP(K) =   263.01  PRESS =     0.0
 Etot   =    -25801.9533  EKtot   =      4860.1450  EPtot      =    -30662.0983
 BOND   =        37.0471  ANGLE   =       109.5960  DIHED      =       130.2311
 1-4 NB =        79.4972  1-4 EEL =        63.3606  VDWAALS    =      4786.5380
 EELEC  =    -35872.0057  EHBOND  =         0.0000  RESTRAINT  =         3.6374
 EAMBER (non-restraint)  =    -30665.7357
 EKCMT  =         0.0000  VIRIAL  =         0.0000  VOLUME     =    128414.5234
                                                    Density    =         0.7364
 ------------------------------------------------------------------------------

 NMR restraints: Bond =    0.733   Angle =     0.795   Torsion =     0.525
===============================================================================
| MC Barostat: Decreasing size of volume moves

 NSTEP =     1000   TIME(PS) =       2.000  TEMP(K) =   284.27  PRESS =     0.0
 Etot   =    -25074.8311  EKtot   =      5252.9746  EPtot      =    -30327.8057
 BOND   =        45.9912  ANGLE   =       102.8564  DIHED      =       144.8270
 1-4 NB =        79.8244  1-4 EEL =        63.3872  VDWAALS    =      4401.4976
 EELEC  =    -35173.0846  EHBOND  =         0.0000  RESTRAINT  =         6.8951
 EAMBER (non-restraint)  =    -30334.7008
 EKCMT  =         0.0000  VIRIAL  =         0.0000  VOLUME     =    127352.4105
                                                    Density    =         0.7425
 ------------------------------------------------------------------------------

 NMR restraints: Bond =    1.348   Angle =     1.525   Torsion =     0.726
===============================================================================

 NSTEP =     1500   TIME(PS) =       3.000  TEMP(K) =   286.66  PRESS =     0.0
 Etot   =    -24707.0815  EKtot   =      5297.2251  EPtot      =    -30004.3066
 BOND   =        42.8178  ANGLE   =        98.1303  DIHED      =       140.4584
 1-4 NB =        76.9953  1-4 EEL =        59.7559  VDWAALS    =      4520.3118
 EELEC  =    -34948.3848  EHBOND  =         0.0000  RESTRAINT  =         5.6088
 EAMBER (non-restraint)  =    -30009.9154
 EKCMT  =         0.0000  VIRIAL  =         0.0000  VOLUME     =    124921.2132
                                                    Density    =         0.7570
 ------------------------------------------------------------------------------

 NMR restraints: Bond =    1.167   Angle =     1.560   Torsion =     1.082
===============================================================================

 NSTEP =     2000   TIME(PS) =       4.000  TEMP(K) =   292.40  PRESS =     0.0
 Etot   =    -24434.5698  EKtot   =      5403.2817  EPtot      =    -29837.8515
 BOND   =        61.1076  ANGLE   =        97.3842  DIHED      =       139.9904
 1-4 NB =        78.0882  1-4 EEL =        59.7844  VDWAALS    =      4446.5172
 EELEC  =    -34725.2167  EHBOND  =         0.0000  RESTRAINT  =         4.4932
 EAMBER (non-restraint)  =    -29842.3448
 EKCMT  =         0.0000  VIRIAL  =         0.0000  VOLUME     =    124252.5152
                                                    Density    =         0.7611
 ------------------------------------------------------------------------------

 NMR restraints: Bond =    1.212   Angle =     1.542   Torsion =     0.645
===============================================================================

 NSTEP =     2500   TIME(PS) =       5.000  TEMP(K) =   296.56  PRESS =     0.0
 Etot   =    -24432.6253  EKtot   =      5480.0840  EPtot      =    -29912.7092
 BOND   =        72.9289  ANGLE   =       112.6631  DIHED      =       139.6350
 1-4 NB =        74.9291  1-4 EEL =        57.1514  VDWAALS    =      4179.6218
 EELEC  =    -34558.5037  EHBOND  =         0.0000  RESTRAINT  =         8.8653
 EAMBER (non-restraint)  =    -29921.5745
 EKCMT  =         0.0000  VIRIAL  =         0.0000  VOLUME     =    122657.6606
                                                    Density    =         0.7710
 ------------------------------------------------------------------------------

 NMR restraints: Bond =    0.891   Angle =     2.405   Torsion =     2.700
===============================================================================

 NSTEP =     3000   TIME(PS) =       6.000  TEMP(K) =   298.26  PRESS =     0.0
 Etot   =    -24389.4697  EKtot   =      5511.4976  EPtot      =    -29900.9673
 BOND   =        63.7552  ANGLE   =       107.0410  DIHED      =       138.7135
 1-4 NB =        74.9144  1-4 EEL =        63.9446  VDWAALS    =      4231.2803
 EELEC  =    -34588.2502  EHBOND  =         0.0000  RESTRAINT  =         7.6338
 EAMBER (non-restraint)  =    -29908.6011
 EKCMT  =         0.0000  VIRIAL  =         0.0000  VOLUME     =    122657.6606
                                                    Density    =         0.7710
 ------------------------------------------------------------------------------

 NMR restraints: Bond =    1.493   Angle =     2.033   Torsion =     1.279
===============================================================================

 NSTEP =     3500   TIME(PS) =       7.000  TEMP(K) =   295.02  PRESS =     0.0
 Etot   =    -24424.4576  EKtot   =      5451.6904  EPtot      =    -29876.1480
 BOND   =        53.9443  ANGLE   =       108.1617  DIHED      =       129.3526
 1-4 NB =        73.2694  1-4 EEL =        58.7182  VDWAALS    =      4224.8744
 EELEC  =    -34529.6902  EHBOND  =         0.0000  RESTRAINT  =         5.2216
 EAMBER (non-restraint)  =    -29881.3696
 EKCMT  =         0.0000  VIRIAL  =         0.0000  VOLUME     =    121469.5733
                                                    Density    =         0.7785
 ------------------------------------------------------------------------------

 NMR restraints: Bond =    0.314   Angle =     2.000   Torsion =     0.477
===============================================================================

 NSTEP =     4000   TIME(PS) =       8.000  TEMP(K) =   302.87  PRESS =     0.0
 Etot   =    -24447.3602  EKtot   =      5596.6450  EPtot      =    -30044.0052
 BOND   =        57.0577  ANGLE   =        93.7888  DIHED      =       136.9998
 1-4 NB =        75.3139  1-4 EEL =        64.0035  VDWAALS    =      4238.0160
 EELEC  =    -34714.0053  EHBOND  =         0.0000  RESTRAINT  =         4.8204
 EAMBER (non-restraint)  =    -30048.8256
 EKCMT  =         0.0000  VIRIAL  =         0.0000  VOLUME     =    119986.9338
                                                    Density    =         0.7881
 ------------------------------------------------------------------------------

 NMR restraints: Bond =    1.371   Angle =     1.521   Torsion =     0.445
===============================================================================

 NSTEP =     4500   TIME(PS) =       9.000  TEMP(K) =   299.83  PRESS =     0.0
 Etot   =    -24333.6302  EKtot   =      5540.6050  EPtot      =    -29874.2352
 BOND   =        60.4807  ANGLE   =       115.5515  DIHED      =       132.1433
 1-4 NB =        76.1211  1-4 EEL =        62.7073  VDWAALS    =      4115.4174
 EELEC  =    -34442.1580  EHBOND  =         0.0000  RESTRAINT  =         5.5015
 EAMBER (non-restraint)  =    -29879.7367
 EKCMT  =         0.0000  VIRIAL  =         0.0000  VOLUME     =    119874.9322
                                                    Density    =         0.7889
 ------------------------------------------------------------------------------

 NMR restraints: Bond =    0.739   Angle =     2.644   Torsion =     0.139
===============================================================================

 NSTEP =     5000   TIME(PS) =      10.000  TEMP(K) =   302.61  PRESS =     0.0
 Etot   =    -24466.4221  EKtot   =      5591.8218  EPtot      =    -30058.2439
 BOND   =        52.1763  ANGLE   =       103.0984  DIHED      =       143.4295
 1-4 NB =        72.8733  1-4 EEL =        64.3465  VDWAALS    =      4147.1461
 EELEC  =    -34648.7781  EHBOND  =         0.0000  RESTRAINT  =         7.4641
 EAMBER (non-restraint)  =    -30065.7079
 EKCMT  =         0.0000  VIRIAL  =         0.0000  VOLUME     =    118936.2065
                                                    Density    =         0.7951
 ------------------------------------------------------------------------------

 NMR restraints: Bond =    0.912   Angle =     2.063   Torsion =     0.282
===============================================================================

 NSTEP =     5500   TIME(PS) =      11.000  TEMP(K) =   306.13  PRESS =     0.0
 Etot   =    -24470.1438  EKtot   =      5656.9121  EPtot      =    -30127.0559
 BOND   =        51.7063  ANGLE   =       106.5748  DIHED      =       139.2790
 1-4 NB =        74.2468  1-4 EEL =        63.7600  VDWAALS    =      4483.7604
 EELEC  =    -35052.2946  EHBOND  =         0.0000  RESTRAINT  =         5.9114
 EAMBER (non-restraint)  =    -30132.9673
 EKCMT  =         0.0000  VIRIAL  =         0.0000  VOLUME     =    117335.3013
                                                    Density    =         0.8059
 ------------------------------------------------------------------------------

 NMR restraints: Bond =    1.479   Angle =     3.235   Torsion =     0.283
===============================================================================

 NSTEP =     6000   TIME(PS) =      12.000  TEMP(K) =   305.92  PRESS =     0.0
 Etot   =    -24663.3333  EKtot   =      5653.1475  EPtot      =    -30316.4808
 BOND   =        52.5507  ANGLE   =       110.4654  DIHED      =       127.9087
 1-4 NB =        75.7251  1-4 EEL =        57.1350  VDWAALS    =      4236.3568
 EELEC  =    -34983.1352  EHBOND  =         0.0000  RESTRAINT  =         6.5128
 EAMBER (non-restraint)  =    -30322.9936
 EKCMT  =         0.0000  VIRIAL  =         0.0000  VOLUME     =    115397.8381
                                                    Density    =         0.8195
 ------------------------------------------------------------------------------

 NMR restraints: Bond =    1.339   Angle =     1.674   Torsion =     0.176
===============================================================================

 NSTEP =     6500   TIME(PS) =      13.000  TEMP(K) =   297.39  PRESS =     0.0
 Etot   =    -24715.5601  EKtot   =      5495.5234  EPtot      =    -30211.0836
 BOND   =        52.5584  ANGLE   =       121.8482  DIHED      =       124.9502
 1-4 NB =        69.3635  1-4 EEL =        61.6795  VDWAALS    =      4164.1475
 EELEC  =    -34810.4763  EHBOND  =         0.0000  RESTRAINT  =         4.8455
 EAMBER (non-restraint)  =    -30215.9290
 EKCMT  =         0.0000  VIRIAL  =         0.0000  VOLUME     =    114753.5474
                                                    Density    =         0.8241
 ------------------------------------------------------------------------------

 NMR restraints: Bond =    0.940   Angle =     1.046   Torsion =     0.222
===============================================================================

 NSTEP =     7000   TIME(PS) =      14.000  TEMP(K) =   306.25  PRESS =     0.0
 Etot   =    -24661.5638  EKtot   =      5659.1665  EPtot      =    -30320.7303
 BOND   =        55.8494  ANGLE   =       108.9789  DIHED      =       126.9071
 1-4 NB =        73.2951  1-4 EEL =        61.8030  VDWAALS    =      4173.8288
 EELEC  =    -34928.7268  EHBOND  =         0.0000  RESTRAINT  =         7.3341
 EAMBER (non-restraint)  =    -30328.0644
 EKCMT  =         0.0000  VIRIAL  =         0.0000  VOLUME     =    114673.5319
                                                    Density    =         0.8246
 ------------------------------------------------------------------------------

 NMR restraints: Bond =    0.293   Angle =     3.394   Torsion =     0.703
===============================================================================

 NSTEP =     7500   TIME(PS) =      15.000  TEMP(K) =   293.22  PRESS =     0.0
 Etot   =    -24725.6161  EKtot   =      5418.4131  EPtot      =    -30144.0292
 BOND   =        63.0439  ANGLE   =       121.0049  DIHED      =       134.2932
 1-4 NB =        72.8956  1-4 EEL =        59.7622  VDWAALS    =      4149.9560
 EELEC  =    -34753.8102  EHBOND  =         0.0000  RESTRAINT  =         8.8251
 EAMBER (non-restraint)  =    -30152.8543
 EKCMT  =         0.0000  VIRIAL  =         0.0000  VOLUME     =    113788.1530
                                                    Density    =         0.8311
 ------------------------------------------------------------------------------

 NMR restraints: Bond =    0.312   Angle =     3.049   Torsion =     0.440
===============================================================================

 NSTEP =     8000   TIME(PS) =      16.000  TEMP(K) =   298.32  PRESS =     0.0
 Etot   =    -24817.5385  EKtot   =      5512.6040  EPtot      =    -30330.1425
 BOND   =        47.6780  ANGLE   =       102.8912  DIHED      =       131.0942
 1-4 NB =        76.7567  1-4 EEL =        65.7064  VDWAALS    =      4377.6170
 EELEC  =    -35136.4971  EHBOND  =         0.0000  RESTRAINT  =         4.6109
 EAMBER (non-restraint)  =    -30334.7535
 EKCMT  =         0.0000  VIRIAL  =         0.0000  VOLUME     =    112628.8268
                                                    Density    =         0.8396
 ------------------------------------------------------------------------------

 NMR restraints: Bond =    0.124   Angle =     1.830   Torsion =     0.979
===============================================================================

 NSTEP =     8500   TIME(PS) =      17.000  TEMP(K) =   301.48  PRESS =     0.0
 Etot   =    -24869.1693  EKtot   =      5571.0698  EPtot      =    -30440.2391
 BOND   =        54.8839  ANGLE   =       108.3769  DIHED      =       137.7669
 1-4 NB =        74.4681  1-4 EEL =        58.0072  VDWAALS    =      4144.0781
 EELEC  =    -35026.8732  EHBOND  =         0.0000  RESTRAINT  =         9.0532
 EAMBER (non-restraint)  =    -30449.2923
 EKCMT  =         0.0000  VIRIAL  =         0.0000  VOLUME     =    112628.8268
                                                    Density    =         0.8396
 ------------------------------------------------------------------------------

 NMR restraints: Bond =    0.297   Angle =     1.289   Torsion =     0.152
===============================================================================

 NSTEP =     9000   TIME(PS) =      18.000  TEMP(K) =   297.02  PRESS =     0.0
 Etot   =    -24892.4834  EKtot   =      5488.6826  EPtot      =    -30381.1660
 BOND   =        58.7243  ANGLE   =       115.6381  DIHED      =       141.8175
 1-4 NB =        76.8266  1-4 EEL =        63.2687  VDWAALS    =      4403.5524
 EELEC  =    -35245.9918  EHBOND  =         0.0000  RESTRAINT  =         4.9981
 EAMBER (non-restraint)  =    -30386.1642
 EKCMT  =         0.0000  VIRIAL  =         0.0000  VOLUME     =    110260.2478
                                                    Density    =         0.8576
 ------------------------------------------------------------------------------

 NMR restraints: Bond =    1.413   Angle =     1.307   Torsion =     0.243
===============================================================================

 NSTEP =     9500   TIME(PS) =      19.000  TEMP(K) =   298.91  PRESS =     0.0
 Etot   =    -25096.8091  EKtot   =      5523.4585  EPtot      =    -30620.2676
 BOND   =        52.2585  ANGLE   =       107.5033  DIHED      =       136.1262
 1-4 NB =        77.7548  1-4 EEL =        64.6741  VDWAALS    =      4395.8523
 EELEC  =    -35460.6619  EHBOND  =         0.0000  RESTRAINT  =         6.2252
 EAMBER (non-restraint)  =    -30626.4928
 EKCMT  =         0.0000  VIRIAL  =         0.0000  VOLUME     =    108429.8063
                                                    Density    =         0.8721
 ------------------------------------------------------------------------------

 NMR restraints: Bond =    1.207   Angle =     2.600   Torsion =     0.280
===============================================================================
