
          -------------------------------------------------------
          Amber 18 PMEMD                              2018
          -------------------------------------------------------

| PMEMD implementation of SANDER, Release 18

| Run on 05/02/2018 at 10:29:50

|   Executable path: pmemd.cuda
| Working directory: /oasis/tscc/scratch/davids4/SAMPLing-cut9/11499214.tscc-mgr.local
|          Hostname: tscc-gpu-8-3.sdsc.edu

  [-O]verwriting output

File Assignments:
|   MDIN: equil.000.in                                                          
|  MDOUT: equil.000.out                                                         
| INPCRD: minimize.rst7                                                         
|   PARM: solvate.prmtop                                                        
| RESTRT: equil.000.rst7                                                        
|   REFC: solvate.rst7                                                          
|  MDVEL: mdvel                                                                 
|   MDEN: equil.000.mden                                                        
|  MDCRD: equil.000.nc                                                          
| MDINFO: equil.000.mdinfo                                                      
|  MDFRC: mdfrc                                                                 


 Here is the input file:

PBC MD Simulation                                                              
 &cntrl                                                                        
  imin =          0,                                                           
  ntx =           1,                                                           
  irest =         0,                                                           
  maxcyc =        0,                                                           
  ncyc =          0,                                                           
  dt =            0.002,                                                       
  nstlim =        500000,                                                      
  ntpr =          500,                                                         
  ntwe =          500,                                                         
  ntwr =          250,                                                         
  ntwx =          250,                                                         
  ntxo =          1,                                                           
  ioutfm =        1,                                                           
  ntf =           2,                                                           
  ntc =           2,                                                           
  cut =           9.0,                                                         
  igb =           0,                                                           
  tempi =         298.15,                                                      
  temp0 =         298.15,                                                      
  ntt =           3,                                                           
  gamma_ln =      1.0,                                                         
  ig =            -1,                                                          
  ntp =           1,                                                           
  barostat =      2,                                                           
  ntr =           1,                                                           
  restraint_wt =  50.0,                                                        
  restraintmask = '@DUM',                                                      
  nmropt =        1,                                                           
  pencut =        -1,                                                          
  ntwprt =        206,                                                         
 /                                                                             
 &wt type = 'END', /                                                           
DISANG = disang.rest                                                           
LISTOUT = POUT                                                                 
                                                                               


Note: ig = -1. Setting random seed to   346576 based on wallclock time in 
      microseconds.
| irandom = 1, using AMBER's internal random number generator (default).
 
|--------------------- INFORMATION ----------------------
| GPU (CUDA) Version of PMEMD in use: NVIDIA GPU IN USE.
|                    Version 18.0.0
| 
|                      03/25/2018
| 
| Implementation by:
|                    Ross C. Walker     (SDSC)
|                    Scott Le Grand     (nVIDIA)
| 
| Version 18 performance extensions by:
|                    David Cerutti     (Rutgers)
| 
| Precision model in use:
|      [SPFP] - Single Precision Forces, 64-bit Fixed Point
|               Accumulation. (Default)
| 
|--------------------------------------------------------
 
|----------------- CITATION INFORMATION -----------------
|
|    When publishing work that utilized the CUDA version
|    of AMBER, please cite the following in addition to
|    the regular AMBER citations:
|
|  - Romelia Salomon-Ferrer; Andreas W. Goetz; Duncan
|    Poole; Scott Le Grand; Ross C. Walker "Routine
|    microsecond molecular dynamics simulations with
|    AMBER - Part II: Particle Mesh Ewald", J. Chem.
|    Theory Comput., 2013, 9 (9), pp3878-3888,
|    DOI: 10.1021/ct400314y.
|
|  - Andreas W. Goetz; Mark J. Williamson; Dong Xu;
|    Duncan Poole; Scott Le Grand; Ross C. Walker
|    "Routine microsecond molecular dynamics simulations
|    with AMBER - Part I: Generalized Born", J. Chem.
|    Theory Comput., 2012, 8 (5), pp1542-1555.
|
|  - Scott Le Grand; Andreas W. Goetz; Ross C. Walker
|    "SPFP: Speed without compromise - a mixed precision
|    model for GPU accelerated molecular dynamics
|    simulations.", Comp. Phys. Comm., 2013, 184
|    pp374-380, DOI: 10.1016/j.cpc.2012.09.022
|
|--------------------------------------------------------
 
|------------------- GPU DEVICE INFO --------------------
|
|            CUDA_VISIBLE_DEVICES: 6
|   CUDA Capable Devices Detected:      1
|           CUDA Device ID in use:      0
|                CUDA Device Name: GeForce GTX TITAN X
|     CUDA Device Global Mem Size:  12207 MB
| CUDA Device Num Multiprocessors:     24
|           CUDA Device Core Freq:   1.08 GHz
|
|--------------------------------------------------------
 
 
| Conditional Compilation Defines Used:
| PUBFFT
| BINTRAJ
| CUDA
| EMIL

| Largest sphere to fit in unit cell has radius =    20.773

| New format PARM file being parsed.
| Version =    1.000 Date = 04/23/18 Time = 20:08:39

| Note: 1-4 EEL scale factors are being read from the topology file.

| Note: 1-4 VDW scale factors are being read from the topology file.
| Duplicated    0 dihedrals

| Duplicated    0 dihedrals

--------------------------------------------------------------------------------
   1.  RESOURCE   USE: 
--------------------------------------------------------------------------------

 getting new box info from bottom of inpcrd
 NATOM  =    9223 NTYPES =      11 NBONH =    9067 MBONA  =     155
 NTHETH =     153 MTHETA =     232 NPHIH =     345 MPHIA  =     366
 NHPARM =       0 NPARM  =       0 NNB   =   13221 NRES   =    3022
 NBONA  =     155 NTHETA =     232 NPHIA =     366 NUMBND =      13
 NUMANG =      22 NPTRA  =      15 NATYP =      13 NPHB   =       0
 IFBOX  =       1 NMXRS  =     184 IFCAP =       0 NEXTRA =       0
 NCOPY  =       0

| Coordinate Index Table dimensions:     8    8   13
| Direct force subcell size =     5.1932    5.4715    5.2520

     BOX TYPE: RECTILINEAR

--------------------------------------------------------------------------------
   2.  CONTROL  DATA  FOR  THE  RUN
--------------------------------------------------------------------------------

default_name                                                                    

General flags:
     imin    =       0, nmropt  =       1

Nature and format of input:
     ntx     =       1, irest   =       0, ntrx    =       1

Nature and format of output:
     ntxo    =       1, ntpr    =     500, ntrx    =       1, ntwr    =     250
     iwrap   =       0, ntwx    =     250, ntwv    =       0, ntwe    =     500
     ioutfm  =       1, ntwprt  =     206, idecomp =       0, rbornstat=      0

Potential function:
     ntf     =       2, ntb     =       2, igb     =       0, nsnb    =      25
     ipol    =       0, gbsa    =       0, iesp    =       0
     dielc   =   1.00000, cut     =   9.00000, intdiel =   1.00000

Frozen or restrained atoms:
     ibelly  =       0, ntr     =       1
     restraint_wt =  50.00000

Molecular dynamics:
     nstlim  =    500000, nscm    =         0, nrespa  =         1
     t       =   0.00000, dt      =   0.00200, vlimit  =  -1.00000

Langevin dynamics temperature regulation:
     ig      =  346576
     temp0   = 298.15000, tempi   = 298.15000, gamma_ln=   1.00000

Pressure regulation:
     ntp     =       1
     pres0   =   1.00000, comp    =  44.60000, taup    =   1.00000
     Monte-Carlo Barostat:
     mcbarint  =     100

SHAKE:
     ntc     =       2, jfastw  =       0
     tol     =   0.00001

NMR refinement options:
     iscale  =       0, noeskp  =       1, ipnlty  =       1, mxsub   =       1
     scalm   = 100.00000, pencut  =  -1.00000, tausw   =   0.10000

| Intermolecular bonds treatment:
|     no_intermolecular_bonds =       1

| Energy averages sample interval:
|     ene_avg_sampling =     500

Ewald parameters:
     verbose =       0, ew_type =       0, nbflag  =       1, use_pme =       1
     vdwmeth =       1, eedmeth =       1, netfrc  =       1
     Box X =   41.545   Box Y =   43.772   Box Z =   68.277
     Alpha =   90.000   Beta  =   90.000   Gamma =   90.000
     NFFT1 =   48       NFFT2 =   48       NFFT3 =   72
     Cutoff=    9.000   Tol   =0.100E-04
     Ewald Coefficient =  0.30768
     Interpolation order =    4

    LOADING THE CONSTRAINED ATOMS AS GROUPS


   5.  REFERENCE ATOM COORDINATES

  default_name                                                                    
     Mask @DUM; matches     3 atoms
| MONTE CARLO BAROSTAT IMPORTANT NOTE:
|   The Monte-Carlo barostat does not require the virial to adjust the system volume.
|   Since it is an expensive calculation, it is skipped for efficiency. A side-effect
|   is that the reported pressure is always 0 because it is not calculated.

--------------------------------------------------------------------------------
   3.  ATOMIC COORDINATES AND VELOCITIES
--------------------------------------------------------------------------------

default_name                                                                    
 begin time read from input coords =     0.000 ps



           Begin reading energy term weight changes/NMR restraints
 WEIGHT CHANGES:
                         ** No weight changes given **

 RESTRAINTS:
 Requested file redirections:
  DISANG    = disang.rest
  LISTOUT   = POUT
 Restraints will be read from file: disang.rest
Here are comments from the DISANG input file:

                       Number of restraints read =     9

                  Done reading weight changes/NMR restraints


 
 Number of triangulated 3-point waters found:     3000

     Sum of charges from parm topology file =   0.00000002
     Forcing neutrality...

| Dynamic Memory, Types Used:
| Reals              528929
| Integers           284277

| Nonbonded Pairs Initial Allocation:     2102844

| GPU memory information (estimate):
| KB of GPU memory in use:         0
| KB of CPU memory in use:         0

--------------------------------------------------------------------------------
   4.  RESULTS
--------------------------------------------------------------------------------


 NSTEP =        0   TIME(PS) =       0.000  TEMP(K) =   446.58  PRESS =     0.0
 Etot   =    -30626.2398  EKtot   =      8254.0929  EPtot      =    -38880.3327
 BOND   =        15.5237  ANGLE   =        52.4315  DIHED      =        99.5425
 1-4 NB =        66.2633  1-4 EEL =        59.5523  VDWAALS    =      6070.6537
 EELEC  =    -45246.4908  EHBOND  =         0.0000  RESTRAINT  =         2.1912
 EAMBER (non-restraint)  =    -38882.5239
 EKCMT  =         0.0000  VIRIAL  =         0.0000  VOLUME     =    124161.7853
                                                    Density    =         0.7617
 ------------------------------------------------------------------------------

 NMR restraints: Bond =    0.533   Angle =     1.587   Torsion =     0.044
===============================================================================

 NSTEP =      500   TIME(PS) =       1.000  TEMP(K) =   263.50  PRESS =     0.0
 Etot   =    -25833.3915  EKtot   =      4870.1719  EPtot      =    -30703.5634
 BOND   =        52.0723  ANGLE   =       100.4749  DIHED      =       138.9081
 1-4 NB =        75.6515  1-4 EEL =        59.5673  VDWAALS    =      4537.2002
 EELEC  =    -35671.1705  EHBOND  =         0.0000  RESTRAINT  =         3.7329
 EAMBER (non-restraint)  =    -30707.2963
 EKCMT  =         0.0000  VIRIAL  =         0.0000  VOLUME     =    122844.7505
                                                    Density    =         0.7698
 ------------------------------------------------------------------------------

 NMR restraints: Bond =    0.595   Angle =     0.904   Torsion =     0.630
===============================================================================

 NSTEP =     1000   TIME(PS) =       2.000  TEMP(K) =   287.88  PRESS =     0.0
 Etot   =    -24990.4742  EKtot   =      5320.7803  EPtot      =    -30311.2545
 BOND   =        53.9128  ANGLE   =       111.4405  DIHED      =       133.6634
 1-4 NB =        76.9716  1-4 EEL =        59.3188  VDWAALS    =      4388.6945
 EELEC  =    -35137.7947  EHBOND  =         0.0000  RESTRAINT  =         2.5385
 EAMBER (non-restraint)  =    -30313.7930
 EKCMT  =         0.0000  VIRIAL  =         0.0000  VOLUME     =    121934.6777
                                                    Density    =         0.7756
 ------------------------------------------------------------------------------

 NMR restraints: Bond =    0.182   Angle =     0.590   Torsion =     1.119
===============================================================================

 NSTEP =     1500   TIME(PS) =       3.000  TEMP(K) =   291.94  PRESS =     0.0
 Etot   =    -24805.6023  EKtot   =      5395.8057  EPtot      =    -30201.4079
 BOND   =        50.4853  ANGLE   =       128.1407  DIHED      =       132.3024
 1-4 NB =        78.4147  1-4 EEL =        63.1937  VDWAALS    =      4327.0498
 EELEC  =    -34985.3354  EHBOND  =         0.0000  RESTRAINT  =         4.3410
 EAMBER (non-restraint)  =    -30205.7489
 EKCMT  =         0.0000  VIRIAL  =         0.0000  VOLUME     =    120397.3054
                                                    Density    =         0.7855
 ------------------------------------------------------------------------------

 NMR restraints: Bond =    1.242   Angle =     0.437   Torsion =     0.696
===============================================================================

 NSTEP =     2000   TIME(PS) =       4.000  TEMP(K) =   297.06  PRESS =     0.0
 Etot   =    -24701.8020  EKtot   =      5490.5742  EPtot      =    -30192.3762
 BOND   =        56.4802  ANGLE   =        93.5385  DIHED      =       133.1966
 1-4 NB =        74.4306  1-4 EEL =        68.4650  VDWAALS    =      4474.2089
 EELEC  =    -35100.8104  EHBOND  =         0.0000  RESTRAINT  =         8.1143
 EAMBER (non-restraint)  =    -30200.4906
 EKCMT  =         0.0000  VIRIAL  =         0.0000  VOLUME     =    118094.5681
                                                    Density    =         0.8008
 ------------------------------------------------------------------------------

 NMR restraints: Bond =    0.623   Angle =     2.309   Torsion =     1.163
===============================================================================

 NSTEP =     2500   TIME(PS) =       5.000  TEMP(K) =   306.88  PRESS =     0.0
 Etot   =    -24491.0723  EKtot   =      5671.9590  EPtot      =    -30163.0312
 BOND   =        46.8442  ANGLE   =       110.4322  DIHED      =       131.4974
 1-4 NB =        78.3648  1-4 EEL =        63.6599  VDWAALS    =      4542.6895
 EELEC  =    -35142.4275  EHBOND  =         0.0000  RESTRAINT  =         5.9084
 EAMBER (non-restraint)  =    -30168.9397
 EKCMT  =         0.0000  VIRIAL  =         0.0000  VOLUME     =    116565.2626
                                                    Density    =         0.8113
 ------------------------------------------------------------------------------

 NMR restraints: Bond =    1.094   Angle =     1.543   Torsion =     0.908
===============================================================================

 NSTEP =     3000   TIME(PS) =       6.000  TEMP(K) =   302.78  PRESS =     0.0
 Etot   =    -24481.1183  EKtot   =      5596.1997  EPtot      =    -30077.3180
 BOND   =        56.7948  ANGLE   =       106.8219  DIHED      =       141.4449
 1-4 NB =        77.0665  1-4 EEL =        65.5948  VDWAALS    =      4274.9765
 EELEC  =    -34804.5027  EHBOND  =         0.0000  RESTRAINT  =         4.4854
 EAMBER (non-restraint)  =    -30081.8034
 EKCMT  =         0.0000  VIRIAL  =         0.0000  VOLUME     =    115274.4435
                                                    Density    =         0.8204
 ------------------------------------------------------------------------------

 NMR restraints: Bond =    0.601   Angle =     0.949   Torsion =     0.271
===============================================================================

 NSTEP =     3500   TIME(PS) =       7.000  TEMP(K) =   302.23  PRESS =     0.0
 Etot   =    -24614.7467  EKtot   =      5586.0532  EPtot      =    -30200.7999
 BOND   =        53.7117  ANGLE   =       111.6870  DIHED      =       140.6386
 1-4 NB =        77.7785  1-4 EEL =        60.0916  VDWAALS    =      4290.2215
 EELEC  =    -34939.4858  EHBOND  =         0.0000  RESTRAINT  =         4.5569
 EAMBER (non-restraint)  =    -30205.3568
 EKCMT  =         0.0000  VIRIAL  =         0.0000  VOLUME     =    113878.5037
                                                    Density    =         0.8304
 ------------------------------------------------------------------------------

 NMR restraints: Bond =    1.189   Angle =     0.780   Torsion =     0.310
===============================================================================

 NSTEP =     4000   TIME(PS) =       8.000  TEMP(K) =   299.97  PRESS =     0.0
 Etot   =    -24694.0546  EKtot   =      5544.3628  EPtot      =    -30238.4174
 BOND   =        50.2261  ANGLE   =       116.2194  DIHED      =       131.0130
 1-4 NB =        76.7528  1-4 EEL =        59.3458  VDWAALS    =      4264.1889
 EELEC  =    -34939.7723  EHBOND  =         0.0000  RESTRAINT  =         3.6090
 EAMBER (non-restraint)  =    -30242.0264
 EKCMT  =         0.0000  VIRIAL  =         0.0000  VOLUME     =    112160.4898
                                                    Density    =         0.8431
 ------------------------------------------------------------------------------

 NMR restraints: Bond =    0.073   Angle =     1.515   Torsion =     0.371
===============================================================================

 NSTEP =     4500   TIME(PS) =       9.000  TEMP(K) =   300.76  PRESS =     0.0
 Etot   =    -24870.1522  EKtot   =      5558.9277  EPtot      =    -30429.0799
 BOND   =        54.6856  ANGLE   =       102.0741  DIHED      =       133.5023
 1-4 NB =        77.8167  1-4 EEL =        65.9118  VDWAALS    =      4149.0278
 EELEC  =    -35019.7018  EHBOND  =         0.0000  RESTRAINT  =         7.6035
 EAMBER (non-restraint)  =    -30436.6834
 EKCMT  =         0.0000  VIRIAL  =         0.0000  VOLUME     =    110895.5198
                                                    Density    =         0.8528
 ------------------------------------------------------------------------------

 NMR restraints: Bond =    0.378   Angle =     2.353   Torsion =     0.397
===============================================================================

 NSTEP =     5000   TIME(PS) =      10.000  TEMP(K) =   300.26  PRESS =     0.0
 Etot   =    -24925.2469  EKtot   =      5549.5767  EPtot      =    -30474.8236
 BOND   =        47.3551  ANGLE   =       105.5867  DIHED      =       123.7638
 1-4 NB =        80.2683  1-4 EEL =        62.2336  VDWAALS    =      4408.3033
 EELEC  =    -35307.2716  EHBOND  =         0.0000  RESTRAINT  =         4.9372
 EAMBER (non-restraint)  =    -30479.7608
 EKCMT  =         0.0000  VIRIAL  =         0.0000  VOLUME     =    109051.3393
                                                    Density    =         0.8672
 ------------------------------------------------------------------------------

 NMR restraints: Bond =    1.426   Angle =     1.704   Torsion =     0.422
===============================================================================

 NSTEP =     5500   TIME(PS) =      11.000  TEMP(K) =   304.07  PRESS =     0.0
 Etot   =    -24821.0958  EKtot   =      5620.1729  EPtot      =    -30441.2687
 BOND   =        46.2987  ANGLE   =       110.0852  DIHED      =       132.9544
 1-4 NB =        76.0489  1-4 EEL =        59.5159  VDWAALS    =      4223.7433
 EELEC  =    -35093.5087  EHBOND  =         0.0000  RESTRAINT  =         3.5936
 EAMBER (non-restraint)  =    -30444.8623
 EKCMT  =         0.0000  VIRIAL  =         0.0000  VOLUME     =    108084.0728
                                                    Density    =         0.8749
 ------------------------------------------------------------------------------

 NMR restraints: Bond =    0.006   Angle =     1.981   Torsion =     0.211
===============================================================================

 NSTEP =     6000   TIME(PS) =      12.000  TEMP(K) =   304.77  PRESS =     0.0
 Etot   =    -24781.1396  EKtot   =      5633.0552  EPtot      =    -30414.1948
 BOND   =        60.2807  ANGLE   =       117.5091  DIHED      =       131.8480
 1-4 NB =        76.1637  1-4 EEL =        57.5852  VDWAALS    =      4057.8494
 EELEC  =    -34921.9101  EHBOND  =         0.0000  RESTRAINT  =         6.4793
 EAMBER (non-restraint)  =    -30420.6741
 EKCMT  =         0.0000  VIRIAL  =         0.0000  VOLUME     =    106552.1963
                                                    Density    =         0.8875
 ------------------------------------------------------------------------------

 NMR restraints: Bond =    0.763   Angle =     1.679   Torsion =     2.029
===============================================================================

 NSTEP =     6500   TIME(PS) =      13.000  TEMP(K) =   296.70  PRESS =     0.0
 Etot   =    -24973.2792  EKtot   =      5483.7871  EPtot      =    -30457.0664
 BOND   =        50.7966  ANGLE   =       104.6009  DIHED      =       129.5369
 1-4 NB =        78.8241  1-4 EEL =        63.3834  VDWAALS    =      4305.4819
 EELEC  =    -35195.4134  EHBOND  =         0.0000  RESTRAINT  =         5.7232
 EAMBER (non-restraint)  =    -30462.7896
 EKCMT  =         0.0000  VIRIAL  =         0.0000  VOLUME     =    105927.6191
                                                    Density    =         0.8928
 ------------------------------------------------------------------------------

 NMR restraints: Bond =    0.484   Angle =     1.525   Torsion =     0.163
===============================================================================

 NSTEP =     7000   TIME(PS) =      14.000  TEMP(K) =   294.78  PRESS =     0.0
 Etot   =    -25113.5678  EKtot   =      5448.3618  EPtot      =    -30561.9297
 BOND   =        48.5496  ANGLE   =       107.7836  DIHED      =       135.6512
 1-4 NB =        78.7517  1-4 EEL =        61.1840  VDWAALS    =      4165.5517
 EELEC  =    -35164.4460  EHBOND  =         0.0000  RESTRAINT  =         5.0445
 EAMBER (non-restraint)  =    -30566.9742
 EKCMT  =         0.0000  VIRIAL  =         0.0000  VOLUME     =    105906.0690
                                                    Density    =         0.8929
 ------------------------------------------------------------------------------

 NMR restraints: Bond =    1.106   Angle =     1.534   Torsion =     0.217
===============================================================================

 NSTEP =     7500   TIME(PS) =      15.000  TEMP(K) =   298.72  PRESS =     0.0
 Etot   =    -25104.9745  EKtot   =      5521.1538  EPtot      =    -30626.1284
 BOND   =        60.9477  ANGLE   =       108.5140  DIHED      =       136.6664
 1-4 NB =        74.8304  1-4 EEL =        68.2387  VDWAALS    =      4326.9618
 EELEC  =    -35408.3711  EHBOND  =         0.0000  RESTRAINT  =         6.0838
 EAMBER (non-restraint)  =    -30632.2122
 EKCMT  =         0.0000  VIRIAL  =         0.0000  VOLUME     =    105645.0029
                                                    Density    =         0.8951
 ------------------------------------------------------------------------------

 NMR restraints: Bond =    0.954   Angle =     1.527   Torsion =     0.053
===============================================================================

 NSTEP =     8000   TIME(PS) =      16.000  TEMP(K) =   295.25  PRESS =     0.0
 Etot   =    -25188.1664  EKtot   =      5457.0825  EPtot      =    -30645.2489
 BOND   =        57.0982  ANGLE   =       106.8520  DIHED      =       134.6977
 1-4 NB =        78.5824  1-4 EEL =        63.6588  VDWAALS    =      4081.2970
 EELEC  =    -35173.1223  EHBOND  =         0.0000  RESTRAINT  =         5.6873
 EAMBER (non-restraint)  =    -30650.9362
 EKCMT  =         0.0000  VIRIAL  =         0.0000  VOLUME     =    103951.0611
                                                    Density    =         0.9097
 ------------------------------------------------------------------------------

 NMR restraints: Bond =    0.701   Angle =     2.800   Torsion =     0.253
===============================================================================

 NSTEP =     8500   TIME(PS) =      17.000  TEMP(K) =   296.99  PRESS =     0.0
 Etot   =    -25177.6553  EKtot   =      5489.2075  EPtot      =    -30666.8629
 BOND   =        58.4106  ANGLE   =       111.6344  DIHED      =       127.7990
 1-4 NB =        76.0598  1-4 EEL =        61.4958  VDWAALS    =      4252.5834
 EELEC  =    -35360.2535  EHBOND  =         0.0000  RESTRAINT  =         5.4078
 EAMBER (non-restraint)  =    -30672.2707
 EKCMT  =         0.0000  VIRIAL  =         0.0000  VOLUME     =    102727.2324
                                                    Density    =         0.9206
 ------------------------------------------------------------------------------

 NMR restraints: Bond =    1.001   Angle =     0.853   Torsion =     1.126
===============================================================================

 NSTEP =     9000   TIME(PS) =      18.000  TEMP(K) =   298.10  PRESS =     0.0
 Etot   =    -25256.0001  EKtot   =      5509.7822  EPtot      =    -30765.7824
 BOND   =        46.2537  ANGLE   =       104.2882  DIHED      =       137.2383
 1-4 NB =        74.3738  1-4 EEL =        60.7028  VDWAALS    =      4432.2724
 EELEC  =    -35628.0436  EHBOND  =         0.0000  RESTRAINT  =         7.1320
 EAMBER (non-restraint)  =    -30772.9143
 EKCMT  =         0.0000  VIRIAL  =         0.0000  VOLUME     =    100675.5112
                                                    Density    =         0.9393
 ------------------------------------------------------------------------------

 NMR restraints: Bond =    0.860   Angle =     1.931   Torsion =     1.841
===============================================================================

 NSTEP =     9500   TIME(PS) =      19.000  TEMP(K) =   299.96  PRESS =     0.0
 Etot   =    -25174.6032  EKtot   =      5544.0767  EPtot      =    -30718.6799
 BOND   =        60.2488  ANGLE   =       111.5334  DIHED      =       137.6798
 1-4 NB =        78.5554  1-4 EEL =        65.8197  VDWAALS    =      4276.8572
 EELEC  =    -35455.5249  EHBOND  =         0.0000  RESTRAINT  =         6.1506
 EAMBER (non-restraint)  =    -30724.8305
 EKCMT  =         0.0000  VIRIAL  =         0.0000  VOLUME     =     97999.5667
                                                    Density    =         0.9650
 ------------------------------------------------------------------------------

 NMR restraints: Bond =    0.454   Angle =     1.803   Torsion =     0.103
===============================================================================

 NSTEP =    10000   TIME(PS) =      20.000  TEMP(K) =   299.79  PRESS =     0.0
 Etot   =    -25284.1848  EKtot   =      5541.0088  EPtot      =    -30825.1936
 BOND   =        60.1676  ANGLE   =       109.6896  DIHED      =       127.1667
 1-4 NB =        78.0838  1-4 EEL =        58.1007  VDWAALS    =      4268.1987
 EELEC  =    -35536.6921  EHBOND  =         0.0000  RESTRAINT  =        10.0914
 EAMBER (non-restraint)  =    -30835.2850
 EKCMT  =         0.0000  VIRIAL  =         0.0000  VOLUME     =     97999.5667
                                                    Density    =         0.9650
 ------------------------------------------------------------------------------

 NMR restraints: Bond =    0.947   Angle =     5.066   Torsion =     0.834
===============================================================================

 NSTEP =    10500   TIME(PS) =      21.000  TEMP(K) =   297.77  PRESS =     0.0
 Etot   =    -25309.0664  EKtot   =      5503.5967  EPtot      =    -30812.6631
 BOND   =        59.8458  ANGLE   =       106.0879  DIHED      =       143.5684
 1-4 NB =        76.2987  1-4 EEL =        62.4149  VDWAALS    =      4248.9435
 EELEC  =    -35516.7986  EHBOND  =         0.0000  RESTRAINT  =         6.9763
 EAMBER (non-restraint)  =    -30819.6394
 EKCMT  =         0.0000  VIRIAL  =         0.0000  VOLUME     =     97675.0688
                                                    Density    =         0.9682
 ------------------------------------------------------------------------------

 NMR restraints: Bond =    0.276   Angle =     2.823   Torsion =     0.429
===============================================================================

 NSTEP =    11000   TIME(PS) =      22.000  TEMP(K) =   299.98  PRESS =     0.0
 Etot   =    -25447.9684  EKtot   =      5544.4595  EPtot      =    -30992.4279
 BOND   =        54.0690  ANGLE   =       115.7299  DIHED      =       128.9456
 1-4 NB =        77.8291  1-4 EEL =        59.8175  VDWAALS    =      4315.8326
 EELEC  =    -35751.7021  EHBOND  =         0.0000  RESTRAINT  =         7.0505
 EAMBER (non-restraint)  =    -30999.4784
 EKCMT  =         0.0000  VIRIAL  =         0.0000  VOLUME     =     95691.5341
                                                    Density    =         0.9883
 ------------------------------------------------------------------------------

 NMR restraints: Bond =    0.971   Angle =     4.031   Torsion =     0.523
===============================================================================

 NSTEP =    11500   TIME(PS) =      23.000  TEMP(K) =   299.58  PRESS =     0.0
 Etot   =    -25445.1226  EKtot   =      5537.1782  EPtot      =    -30982.3008
 BOND   =        59.6279  ANGLE   =        94.6211  DIHED      =       123.4265
 1-4 NB =        75.0743  1-4 EEL =        64.1200  VDWAALS    =      4184.6857
 EELEC  =    -35588.4786  EHBOND  =         0.0000  RESTRAINT  =         4.6223
 EAMBER (non-restraint)  =    -30986.9231
 EKCMT  =         0.0000  VIRIAL  =         0.0000  VOLUME     =     95555.5007
                                                    Density    =         0.9897
 ------------------------------------------------------------------------------

 NMR restraints: Bond =    0.705   Angle =     0.951   Torsion =     0.558
===============================================================================
