
          -------------------------------------------------------
          Amber 18 PMEMD                              2018
          -------------------------------------------------------

| PMEMD implementation of SANDER, Release 18

| Run on 05/02/2018 at 11:31:29

|   Executable path: pmemd.cuda
| Working directory: /oasis/tscc/scratch/davids4/SAMPLing-cut9/11499418.tscc-mgr.local
|          Hostname: tscc-gpu-8-4.sdsc.edu

  [-O]verwriting output

File Assignments:
|   MDIN: equil.000.in                                                          
|  MDOUT: equil.000.out                                                         
| INPCRD: minimize.rst7                                                         
|   PARM: solvate.prmtop                                                        
| RESTRT: equil.000.rst7                                                        
|   REFC: solvate.rst7                                                          
|  MDVEL: mdvel                                                                 
|   MDEN: equil.000.mden                                                        
|  MDCRD: equil.000.nc                                                          
| MDINFO: equil.000.mdinfo                                                      
|  MDFRC: mdfrc                                                                 


 Here is the input file:

PBC MD Simulation                                                              
 &cntrl                                                                        
  imin =          0,                                                           
  ntx =           1,                                                           
  irest =         0,                                                           
  maxcyc =        0,                                                           
  ncyc =          0,                                                           
  dt =            0.002,                                                       
  nstlim =        500000,                                                      
  ntpr =          500,                                                         
  ntwe =          500,                                                         
  ntwr =          250,                                                         
  ntwx =          250,                                                         
  ntxo =          1,                                                           
  ioutfm =        1,                                                           
  ntf =           2,                                                           
  ntc =           2,                                                           
  cut =           9.0,                                                         
  igb =           0,                                                           
  tempi =         298.15,                                                      
  temp0 =         298.15,                                                      
  ntt =           3,                                                           
  gamma_ln =      1.0,                                                         
  ig =            -1,                                                          
  ntp =           1,                                                           
  barostat =      2,                                                           
  ntr =           1,                                                           
  restraint_wt =  50.0,                                                        
  restraintmask = '@DUM',                                                      
  nmropt =        1,                                                           
  pencut =        -1,                                                          
  ntwprt =        204,                                                         
 /                                                                             
 &wt type = 'END', /                                                           
DISANG = disang.rest                                                           
LISTOUT = POUT                                                                 
                                                                               


Note: ig = -1. Setting random seed to   449477 based on wallclock time in 
      microseconds.
| irandom = 1, using AMBER's internal random number generator (default).
 
|--------------------- INFORMATION ----------------------
| GPU (CUDA) Version of PMEMD in use: NVIDIA GPU IN USE.
|                    Version 18.0.0
| 
|                      03/25/2018
| 
| Implementation by:
|                    Ross C. Walker     (SDSC)
|                    Scott Le Grand     (nVIDIA)
| 
| Version 18 performance extensions by:
|                    David Cerutti     (Rutgers)
| 
| Precision model in use:
|      [SPFP] - Single Precision Forces, 64-bit Fixed Point
|               Accumulation. (Default)
| 
|--------------------------------------------------------
 
|----------------- CITATION INFORMATION -----------------
|
|    When publishing work that utilized the CUDA version
|    of AMBER, please cite the following in addition to
|    the regular AMBER citations:
|
|  - Romelia Salomon-Ferrer; Andreas W. Goetz; Duncan
|    Poole; Scott Le Grand; Ross C. Walker "Routine
|    microsecond molecular dynamics simulations with
|    AMBER - Part II: Particle Mesh Ewald", J. Chem.
|    Theory Comput., 2013, 9 (9), pp3878-3888,
|    DOI: 10.1021/ct400314y.
|
|  - Andreas W. Goetz; Mark J. Williamson; Dong Xu;
|    Duncan Poole; Scott Le Grand; Ross C. Walker
|    "Routine microsecond molecular dynamics simulations
|    with AMBER - Part I: Generalized Born", J. Chem.
|    Theory Comput., 2012, 8 (5), pp1542-1555.
|
|  - Scott Le Grand; Andreas W. Goetz; Ross C. Walker
|    "SPFP: Speed without compromise - a mixed precision
|    model for GPU accelerated molecular dynamics
|    simulations.", Comp. Phys. Comm., 2013, 184
|    pp374-380, DOI: 10.1016/j.cpc.2012.09.022
|
|--------------------------------------------------------
 
|------------------- GPU DEVICE INFO --------------------
|
|            CUDA_VISIBLE_DEVICES: 7
|   CUDA Capable Devices Detected:      1
|           CUDA Device ID in use:      0
|                CUDA Device Name: GeForce GTX TITAN X
|     CUDA Device Global Mem Size:  12207 MB
| CUDA Device Num Multiprocessors:     24
|           CUDA Device Core Freq:   1.08 GHz
|
|--------------------------------------------------------
 
 
| Conditional Compilation Defines Used:
| PUBFFT
| BINTRAJ
| CUDA
| EMIL

| Largest sphere to fit in unit cell has radius =    21.059

| New format PARM file being parsed.
| Version =    1.000 Date = 04/23/18 Time = 20:23:21

| Note: 1-4 EEL scale factors are being read from the topology file.

| Note: 1-4 VDW scale factors are being read from the topology file.
| Duplicated    0 dihedrals

| Duplicated    0 dihedrals

--------------------------------------------------------------------------------
   1.  RESOURCE   USE: 
--------------------------------------------------------------------------------

 getting new box info from bottom of inpcrd
 NATOM  =    9221 NTYPES =      11 NBONH =    9065 MBONA  =     155
 NTHETH =     148 MTHETA =     231 NPHIH =     343 MPHIA  =     362
 NHPARM =       0 NPARM  =       0 NNB   =   13205 NRES   =    3022
 NBONA  =     155 NTHETA =     231 NPHIA =     362 NUMBND =      16
 NUMANG =      28 NPTRA  =      15 NATYP =      14 NPHB   =       0
 IFBOX  =       1 NMXRS  =     184 IFCAP =       0 NEXTRA =       0
 NCOPY  =       0

| Coordinate Index Table dimensions:     8    8   13
| Direct force subcell size =     5.4385    5.2647    5.3161

     BOX TYPE: RECTILINEAR

--------------------------------------------------------------------------------
   2.  CONTROL  DATA  FOR  THE  RUN
--------------------------------------------------------------------------------

default_name                                                                    

General flags:
     imin    =       0, nmropt  =       1

Nature and format of input:
     ntx     =       1, irest   =       0, ntrx    =       1

Nature and format of output:
     ntxo    =       1, ntpr    =     500, ntrx    =       1, ntwr    =     250
     iwrap   =       0, ntwx    =     250, ntwv    =       0, ntwe    =     500
     ioutfm  =       1, ntwprt  =     204, idecomp =       0, rbornstat=      0

Potential function:
     ntf     =       2, ntb     =       2, igb     =       0, nsnb    =      25
     ipol    =       0, gbsa    =       0, iesp    =       0
     dielc   =   1.00000, cut     =   9.00000, intdiel =   1.00000

Frozen or restrained atoms:
     ibelly  =       0, ntr     =       1
     restraint_wt =  50.00000

Molecular dynamics:
     nstlim  =    500000, nscm    =         0, nrespa  =         1
     t       =   0.00000, dt      =   0.00200, vlimit  =  -1.00000

Langevin dynamics temperature regulation:
     ig      =  449477
     temp0   = 298.15000, tempi   = 298.15000, gamma_ln=   1.00000

Pressure regulation:
     ntp     =       1
     pres0   =   1.00000, comp    =  44.60000, taup    =   1.00000
     Monte-Carlo Barostat:
     mcbarint  =     100

SHAKE:
     ntc     =       2, jfastw  =       0
     tol     =   0.00001

NMR refinement options:
     iscale  =       0, noeskp  =       1, ipnlty  =       1, mxsub   =       1
     scalm   = 100.00000, pencut  =  -1.00000, tausw   =   0.10000

| Intermolecular bonds treatment:
|     no_intermolecular_bonds =       1

| Energy averages sample interval:
|     ene_avg_sampling =     500

Ewald parameters:
     verbose =       0, ew_type =       0, nbflag  =       1, use_pme =       1
     vdwmeth =       1, eedmeth =       1, netfrc  =       1
     Box X =   43.508   Box Y =   42.118   Box Z =   69.110
     Alpha =   90.000   Beta  =   90.000   Gamma =   90.000
     NFFT1 =   48       NFFT2 =   48       NFFT3 =   72
     Cutoff=    9.000   Tol   =0.100E-04
     Ewald Coefficient =  0.30768
     Interpolation order =    4

    LOADING THE CONSTRAINED ATOMS AS GROUPS


   5.  REFERENCE ATOM COORDINATES

  default_name                                                                    
     Mask @DUM; matches     3 atoms
| MONTE CARLO BAROSTAT IMPORTANT NOTE:
|   The Monte-Carlo barostat does not require the virial to adjust the system volume.
|   Since it is an expensive calculation, it is skipped for efficiency. A side-effect
|   is that the reported pressure is always 0 because it is not calculated.

--------------------------------------------------------------------------------
   3.  ATOMIC COORDINATES AND VELOCITIES
--------------------------------------------------------------------------------

default_name                                                                    
 begin time read from input coords =     0.000 ps



           Begin reading energy term weight changes/NMR restraints
 WEIGHT CHANGES:
                         ** No weight changes given **

 RESTRAINTS:
 Requested file redirections:
  DISANG    = disang.rest
  LISTOUT   = POUT
 Restraints will be read from file: disang.rest
Here are comments from the DISANG input file:

                       Number of restraints read =     9

                  Done reading weight changes/NMR restraints


 
 Number of triangulated 3-point waters found:     3000

     Sum of charges from parm topology file =   0.00000002
     Forcing neutrality...

| Dynamic Memory, Types Used:
| Reals              528869
| Integers           283979

| Nonbonded Pairs Initial Allocation:     2102388

| GPU memory information (estimate):
| KB of GPU memory in use:         0
| KB of CPU memory in use:         0

--------------------------------------------------------------------------------
   4.  RESULTS
--------------------------------------------------------------------------------


 NSTEP =        0   TIME(PS) =       0.000  TEMP(K) =   429.11  PRESS =     0.0
 Etot   =    -31037.6573  EKtot   =      7929.4702  EPtot      =    -38967.1275
 BOND   =        14.6689  ANGLE   =        50.7482  DIHED      =       105.3234
 1-4 NB =        66.2319  1-4 EEL =        61.7748  VDWAALS    =      6226.0719
 EELEC  =    -45492.1752  EHBOND  =         0.0000  RESTRAINT  =         0.2286
 EAMBER (non-restraint)  =    -38967.3560
 EKCMT  =         0.0000  VIRIAL  =         0.0000  VOLUME     =    126640.7721
                                                    Density    =         0.7467
 ------------------------------------------------------------------------------

 NMR restraints: Bond =    0.172   Angle =     0.035   Torsion =     0.004
===============================================================================

 NSTEP =      500   TIME(PS) =       1.000  TEMP(K) =   269.97  PRESS =     0.0
 Etot   =    -25821.8065  EKtot   =      4988.8115  EPtot      =    -30810.6181
 BOND   =        51.8102  ANGLE   =        98.4825  DIHED      =       128.3144
 1-4 NB =        73.7494  1-4 EEL =        63.6207  VDWAALS    =      4625.2023
 EELEC  =    -35855.5285  EHBOND  =         0.0000  RESTRAINT  =         3.7310
 EAMBER (non-restraint)  =    -30814.3491
 EKCMT  =         0.0000  VIRIAL  =         0.0000  VOLUME     =    125206.9796
                                                    Density    =         0.7553
 ------------------------------------------------------------------------------

 NMR restraints: Bond =    0.250   Angle =     0.711   Torsion =     0.282
===============================================================================

 NSTEP =     1000   TIME(PS) =       2.000  TEMP(K) =   281.83  PRESS =     0.0
 Etot   =    -25117.0698  EKtot   =      5207.9800  EPtot      =    -30325.0498
 BOND   =        50.7253  ANGLE   =        96.2408  DIHED      =       137.6551
 1-4 NB =        74.6679  1-4 EEL =        67.9008  VDWAALS    =      4352.4514
 EELEC  =    -35108.9858  EHBOND  =         0.0000  RESTRAINT  =         4.2948
 EAMBER (non-restraint)  =    -30329.3446
 EKCMT  =         0.0000  VIRIAL  =         0.0000  VOLUME     =    124261.8599
                                                    Density    =         0.7610
 ------------------------------------------------------------------------------

 NMR restraints: Bond =    0.465   Angle =     0.224   Torsion =     0.910
===============================================================================

 NSTEP =     1500   TIME(PS) =       3.000  TEMP(K) =   293.00  PRESS =     0.0
 Etot   =    -24730.8322  EKtot   =      5414.2354  EPtot      =    -30145.0676
 BOND   =        43.7829  ANGLE   =        98.8068  DIHED      =       137.2570
 1-4 NB =        79.4174  1-4 EEL =        61.0134  VDWAALS    =      4319.3118
 EELEC  =    -34889.9318  EHBOND  =         0.0000  RESTRAINT  =         5.2749
 EAMBER (non-restraint)  =    -30150.3425
 EKCMT  =         0.0000  VIRIAL  =         0.0000  VOLUME     =    122887.0905
                                                    Density    =         0.7695
 ------------------------------------------------------------------------------

 NMR restraints: Bond =    0.066   Angle =     0.160   Torsion =     0.616
===============================================================================

 NSTEP =     2000   TIME(PS) =       4.000  TEMP(K) =   297.99  PRESS =     0.0
 Etot   =    -24738.8227  EKtot   =      5506.4941  EPtot      =    -30245.3168
 BOND   =        56.4359  ANGLE   =       104.7389  DIHED      =       126.7028
 1-4 NB =        75.6324  1-4 EEL =        63.1526  VDWAALS    =      4470.5488
 EELEC  =    -35147.7141  EHBOND  =         0.0000  RESTRAINT  =         5.1859
 EAMBER (non-restraint)  =    -30250.5027
 EKCMT  =         0.0000  VIRIAL  =         0.0000  VOLUME     =    121250.8096
                                                    Density    =         0.7799
 ------------------------------------------------------------------------------

 NMR restraints: Bond =    0.406   Angle =     0.420   Torsion =     2.642
===============================================================================

 NSTEP =     2500   TIME(PS) =       5.000  TEMP(K) =   294.66  PRESS =     0.0
 Etot   =    -24573.8164  EKtot   =      5444.9258  EPtot      =    -30018.7421
 BOND   =        45.2806  ANGLE   =       101.8196  DIHED      =       134.2791
 1-4 NB =        74.6927  1-4 EEL =        67.0731  VDWAALS    =      4314.8241
 EELEC  =    -34762.4965  EHBOND  =         0.0000  RESTRAINT  =         5.7850
 EAMBER (non-restraint)  =    -30024.5271
 EKCMT  =         0.0000  VIRIAL  =         0.0000  VOLUME     =    121114.0304
                                                    Density    =         0.7808
 ------------------------------------------------------------------------------

 NMR restraints: Bond =    0.002   Angle =     0.108   Torsion =     0.925
===============================================================================

 NSTEP =     3000   TIME(PS) =       6.000  TEMP(K) =   296.66  PRESS =     0.0
 Etot   =    -24656.4351  EKtot   =      5481.9170  EPtot      =    -30138.3521
 BOND   =        49.0277  ANGLE   =       111.6497  DIHED      =       132.3927
 1-4 NB =        72.9243  1-4 EEL =        61.0727  VDWAALS    =      4118.6375
 EELEC  =    -34687.8638  EHBOND  =         0.0000  RESTRAINT  =         3.8070
 EAMBER (non-restraint)  =    -30142.1592
 EKCMT  =         0.0000  VIRIAL  =         0.0000  VOLUME     =    118944.7426
                                                    Density    =         0.7950
 ------------------------------------------------------------------------------

 NMR restraints: Bond =    0.289   Angle =     0.115   Torsion =     0.804
===============================================================================

 NSTEP =     3500   TIME(PS) =       7.000  TEMP(K) =   296.21  PRESS =     0.0
 Etot   =    -24719.8710  EKtot   =      5473.6880  EPtot      =    -30193.5590
 BOND   =        59.4331  ANGLE   =        94.4770  DIHED      =       135.2808
 1-4 NB =        72.4093  1-4 EEL =        62.2399  VDWAALS    =      4462.4667
 EELEC  =    -35083.7056  EHBOND  =         0.0000  RESTRAINT  =         3.8397
 EAMBER (non-restraint)  =    -30197.3988
 EKCMT  =         0.0000  VIRIAL  =         0.0000  VOLUME     =    117067.1950
                                                    Density    =         0.8078
 ------------------------------------------------------------------------------

 NMR restraints: Bond =    0.193   Angle =     0.101   Torsion =     1.526
===============================================================================

 NSTEP =     4000   TIME(PS) =       8.000  TEMP(K) =   295.92  PRESS =     0.0
 Etot   =    -24831.7973  EKtot   =      5468.3364  EPtot      =    -30300.1337
 BOND   =        55.7685  ANGLE   =        93.6067  DIHED      =       131.4906
 1-4 NB =        73.5037  1-4 EEL =        67.9465  VDWAALS    =      4343.0365
 EELEC  =    -35068.7640  EHBOND  =         0.0000  RESTRAINT  =         3.2778
 EAMBER (non-restraint)  =    -30303.4115
 EKCMT  =         0.0000  VIRIAL  =         0.0000  VOLUME     =    114791.3287
                                                    Density    =         0.8238
 ------------------------------------------------------------------------------

 NMR restraints: Bond =    0.004   Angle =     0.314   Torsion =     1.109
===============================================================================

 NSTEP =     4500   TIME(PS) =       9.000  TEMP(K) =   300.20  PRESS =     0.0
 Etot   =    -24720.2392  EKtot   =      5547.3506  EPtot      =    -30267.5897
 BOND   =        61.6178  ANGLE   =       111.3755  DIHED      =       132.8401
 1-4 NB =        76.7827  1-4 EEL =        61.4070  VDWAALS    =      4157.2513
 EELEC  =    -34872.2369  EHBOND  =         0.0000  RESTRAINT  =         3.3728
 EAMBER (non-restraint)  =    -30270.9625
 EKCMT  =         0.0000  VIRIAL  =         0.0000  VOLUME     =    114791.3287
                                                    Density    =         0.8238
 ------------------------------------------------------------------------------

 NMR restraints: Bond =    0.524   Angle =     0.132   Torsion =     0.426
===============================================================================

 NSTEP =     5000   TIME(PS) =      10.000  TEMP(K) =   301.43  PRESS =     0.0
 Etot   =    -24776.4744  EKtot   =      5570.0762  EPtot      =    -30346.5505
 BOND   =        48.7239  ANGLE   =        92.6236  DIHED      =       134.6394
 1-4 NB =        76.6445  1-4 EEL =        64.7046  VDWAALS    =      4252.8127
 EELEC  =    -35022.0835  EHBOND  =         0.0000  RESTRAINT  =         5.3842
 EAMBER (non-restraint)  =    -30351.9348
 EKCMT  =         0.0000  VIRIAL  =         0.0000  VOLUME     =    112411.6173
                                                    Density    =         0.8412
 ------------------------------------------------------------------------------

 NMR restraints: Bond =    0.009   Angle =     0.335   Torsion =     2.356
===============================================================================

 NSTEP =     5500   TIME(PS) =      11.000  TEMP(K) =   298.07  PRESS =     0.0
 Etot   =    -24821.7679  EKtot   =      5507.9663  EPtot      =    -30329.7342
 BOND   =        50.3516  ANGLE   =       114.6786  DIHED      =       130.6603
 1-4 NB =        73.3298  1-4 EEL =        59.6655  VDWAALS    =      4284.3083
 EELEC  =    -35047.2364  EHBOND  =         0.0000  RESTRAINT  =         4.5081
 EAMBER (non-restraint)  =    -30334.2423
 EKCMT  =         0.0000  VIRIAL  =         0.0000  VOLUME     =    110875.1218
                                                    Density    =         0.8529
 ------------------------------------------------------------------------------

 NMR restraints: Bond =    0.960   Angle =     1.227   Torsion =     1.128
===============================================================================

 NSTEP =     6000   TIME(PS) =      12.000  TEMP(K) =   295.27  PRESS =     0.0
 Etot   =    -24956.8279  EKtot   =      5456.1992  EPtot      =    -30413.0271
 BOND   =        50.1536  ANGLE   =        99.8780  DIHED      =       137.1794
 1-4 NB =        76.8652  1-4 EEL =        66.5605  VDWAALS    =      4462.9085
 EELEC  =    -35313.4553  EHBOND  =         0.0000  RESTRAINT  =         6.8830
 EAMBER (non-restraint)  =    -30419.9100
 EKCMT  =         0.0000  VIRIAL  =         0.0000  VOLUME     =    109615.4807
                                                    Density    =         0.8627
 ------------------------------------------------------------------------------

 NMR restraints: Bond =    0.789   Angle =     0.879   Torsion =     0.778
===============================================================================

 NSTEP =     6500   TIME(PS) =      13.000  TEMP(K) =   292.98  PRESS =     0.0
 Etot   =    -24907.9422  EKtot   =      5413.9956  EPtot      =    -30321.9378
 BOND   =        41.9463  ANGLE   =       114.0505  DIHED      =       140.7745
 1-4 NB =        75.2551  1-4 EEL =        65.7509  VDWAALS    =      4126.4949
 EELEC  =    -34889.3062  EHBOND  =         0.0000  RESTRAINT  =         3.0963
 EAMBER (non-restraint)  =    -30325.0341
 EKCMT  =         0.0000  VIRIAL  =         0.0000  VOLUME     =    109251.0841
                                                    Density    =         0.8656
 ------------------------------------------------------------------------------

 NMR restraints: Bond =    0.015   Angle =     0.475   Torsion =     1.626
===============================================================================

 NSTEP =     7000   TIME(PS) =      14.000  TEMP(K) =   293.90  PRESS =     0.0
 Etot   =    -25008.4302  EKtot   =      5430.8618  EPtot      =    -30439.2920
 BOND   =        63.6941  ANGLE   =       110.0243  DIHED      =       133.2351
 1-4 NB =        74.7922  1-4 EEL =        62.7126  VDWAALS    =      4153.2388
 EELEC  =    -35040.1340  EHBOND  =         0.0000  RESTRAINT  =         3.1450
 EAMBER (non-restraint)  =    -30442.4370
 EKCMT  =         0.0000  VIRIAL  =         0.0000  VOLUME     =    106500.4752
                                                    Density    =         0.8879
 ------------------------------------------------------------------------------

 NMR restraints: Bond =    0.197   Angle =     0.227   Torsion =     0.252
===============================================================================

 NSTEP =     7500   TIME(PS) =      15.000  TEMP(K) =   302.68  PRESS =     0.0
 Etot   =    -24979.6809  EKtot   =      5593.1357  EPtot      =    -30572.8167
 BOND   =        52.5777  ANGLE   =       107.3741  DIHED      =       136.0746
 1-4 NB =        72.6151  1-4 EEL =        63.9414  VDWAALS    =      4329.2164
 EELEC  =    -35339.9337  EHBOND  =         0.0000  RESTRAINT  =         5.3176
 EAMBER (non-restraint)  =    -30578.1343
 EKCMT  =         0.0000  VIRIAL  =         0.0000  VOLUME     =    105738.6277
                                                    Density    =         0.8943
 ------------------------------------------------------------------------------

 NMR restraints: Bond =    0.007   Angle =     0.859   Torsion =     0.597
===============================================================================

 NSTEP =     8000   TIME(PS) =      16.000  TEMP(K) =   298.93  PRESS =     0.0
 Etot   =    -25058.4200  EKtot   =      5523.9834  EPtot      =    -30582.4034
 BOND   =        54.9384  ANGLE   =        97.2005  DIHED      =       131.2692
 1-4 NB =        75.1802  1-4 EEL =        63.6908  VDWAALS    =      4108.6309
 EELEC  =    -35117.2422  EHBOND  =         0.0000  RESTRAINT  =         3.9288
 EAMBER (non-restraint)  =    -30586.3323
 EKCMT  =         0.0000  VIRIAL  =         0.0000  VOLUME     =    103763.0221
                                                    Density    =         0.9114
 ------------------------------------------------------------------------------

 NMR restraints: Bond =    0.039   Angle =     1.611   Torsion =     0.374
===============================================================================

 NSTEP =     8500   TIME(PS) =      17.000  TEMP(K) =   297.04  PRESS =     0.0
 Etot   =    -25008.0800  EKtot   =      5488.8833  EPtot      =    -30496.9633
 BOND   =        60.4465  ANGLE   =       112.2904  DIHED      =       132.7599
 1-4 NB =        77.3821  1-4 EEL =        64.1845  VDWAALS    =      4090.6161
 EELEC  =    -35039.8863  EHBOND  =         0.0000  RESTRAINT  =         5.2434
 EAMBER (non-restraint)  =    -30502.2067
 EKCMT  =         0.0000  VIRIAL  =         0.0000  VOLUME     =    103114.8777
                                                    Density    =         0.9171
 ------------------------------------------------------------------------------

 NMR restraints: Bond =    1.226   Angle =     0.427   Torsion =     1.468
===============================================================================

 NSTEP =     9000   TIME(PS) =      18.000  TEMP(K) =   304.39  PRESS =     0.0
 Etot   =    -25117.9965  EKtot   =      5624.8755  EPtot      =    -30742.8720
 BOND   =        45.3504  ANGLE   =       106.0406  DIHED      =       141.9372
 1-4 NB =        80.3136  1-4 EEL =        60.0663  VDWAALS    =      4440.2730
 EELEC  =    -35618.5166  EHBOND  =         0.0000  RESTRAINT  =         1.6635
 EAMBER (non-restraint)  =    -30744.5355
 EKCMT  =         0.0000  VIRIAL  =         0.0000  VOLUME     =    100925.5190
                                                    Density    =         0.9370
 ------------------------------------------------------------------------------

 NMR restraints: Bond =    0.006   Angle =     0.161   Torsion =     0.419
===============================================================================

 NSTEP =     9500   TIME(PS) =      19.000  TEMP(K) =   297.35  PRESS =     0.0
 Etot   =    -25264.3462  EKtot   =      5494.7798  EPtot      =    -30759.1260
 BOND   =        59.8684  ANGLE   =       101.6466  DIHED      =       141.6818
 1-4 NB =        75.2392  1-4 EEL =        61.9245  VDWAALS    =      4009.4171
 EELEC  =    -35210.9424  EHBOND  =         0.0000  RESTRAINT  =         2.0388
 EAMBER (non-restraint)  =    -30761.1648
 EKCMT  =         0.0000  VIRIAL  =         0.0000  VOLUME     =     99877.0264
                                                    Density    =         0.9468
 ------------------------------------------------------------------------------

 NMR restraints: Bond =    0.083   Angle =     0.022   Torsion =     0.271
===============================================================================

 NSTEP =    10000   TIME(PS) =      20.000  TEMP(K) =   301.15  PRESS =     0.0
 Etot   =    -25342.7268  EKtot   =      5564.8911  EPtot      =    -30907.6179
 BOND   =        49.5835  ANGLE   =       108.3636  DIHED      =       144.6271
 1-4 NB =        77.0596  1-4 EEL =        62.6231  VDWAALS    =      4283.5075
 EELEC  =    -35636.1134  EHBOND  =         0.0000  RESTRAINT  =         2.7311
 EAMBER (non-restraint)  =    -30910.3490
 EKCMT  =         0.0000  VIRIAL  =         0.0000  VOLUME     =     98485.7520
                                                    Density    =         0.9602
 ------------------------------------------------------------------------------

 NMR restraints: Bond =    0.230   Angle =     0.628   Torsion =     0.295
===============================================================================

 NSTEP =    10500   TIME(PS) =      21.000  TEMP(K) =   296.12  PRESS =     0.0
 Etot   =    -25429.6579  EKtot   =      5471.9194  EPtot      =    -30901.5774
 BOND   =        57.6606  ANGLE   =       103.7337  DIHED      =       143.2795
 1-4 NB =        75.4618  1-4 EEL =        65.1025  VDWAALS    =      4259.5671
 EELEC  =    -35609.8060  EHBOND  =         0.0000  RESTRAINT  =         3.4235
 EAMBER (non-restraint)  =    -30905.0009
 EKCMT  =         0.0000  VIRIAL  =         0.0000  VOLUME     =     97457.6528
                                                    Density    =         0.9703
 ------------------------------------------------------------------------------

 NMR restraints: Bond =    0.114   Angle =     0.201   Torsion =     0.222
===============================================================================

 NSTEP =    11000   TIME(PS) =      22.000  TEMP(K) =   292.41  PRESS =     0.0
 Etot   =    -25501.3675  EKtot   =      5403.3457  EPtot      =    -30904.7132
 BOND   =        55.3034  ANGLE   =       101.5077  DIHED      =       131.4599
 1-4 NB =        74.5125  1-4 EEL =        61.2145  VDWAALS    =      4468.2003
 EELEC  =    -35802.1474  EHBOND  =         0.0000  RESTRAINT  =         5.2360
 EAMBER (non-restraint)  =    -30909.9491
 EKCMT  =         0.0000  VIRIAL  =         0.0000  VOLUME     =     96711.9576
                                                    Density    =         0.9778
 ------------------------------------------------------------------------------

 NMR restraints: Bond =    0.052   Angle =     0.182   Torsion =     3.538
===============================================================================

 NSTEP =    11500   TIME(PS) =      23.000  TEMP(K) =   297.25  PRESS =     0.0
 Etot   =    -25524.1731  EKtot   =      5492.7656  EPtot      =    -31016.9387
 BOND   =        49.9178  ANGLE   =       113.3590  DIHED      =       135.9569
 1-4 NB =        74.1746  1-4 EEL =        70.8673  VDWAALS    =      4183.0206
 EELEC  =    -35648.0894  EHBOND  =         0.0000  RESTRAINT  =         3.8544
 EAMBER (non-restraint)  =    -31020.7931
 EKCMT  =         0.0000  VIRIAL  =         0.0000  VOLUME     =     95140.2182
                                                    Density    =         0.9940
 ------------------------------------------------------------------------------

 NMR restraints: Bond =    0.364   Angle =     0.104   Torsion =     1.592
===============================================================================

 NSTEP =    12000   TIME(PS) =      24.000  TEMP(K) =   295.53  PRESS =     0.0
 Etot   =    -25657.2453  EKtot   =      5461.0684  EPtot      =    -31118.3137
 BOND   =        56.4844  ANGLE   =       107.4456  DIHED      =       129.3728
 1-4 NB =        79.9525  1-4 EEL =        63.8840  VDWAALS    =      4360.4371
 EELEC  =    -35919.5150  EHBOND  =         0.0000  RESTRAINT  =         3.6249
 EAMBER (non-restraint)  =    -31121.9386
 EKCMT  =         0.0000  VIRIAL  =         0.0000  VOLUME     =     94875.9638
                                                    Density    =         0.9967
 ------------------------------------------------------------------------------

 NMR restraints: Bond =    0.836   Angle =     0.142   Torsion =     1.323
===============================================================================

 NSTEP =    12500   TIME(PS) =      25.000  TEMP(K) =   301.22  PRESS =     0.0
 Etot   =    -25581.4327  EKtot   =      5566.2954  EPtot      =    -31147.7282
 BOND   =        56.3540  ANGLE   =        98.0173  DIHED      =       135.5971
 1-4 NB =        72.8405  1-4 EEL =        60.0153  VDWAALS    =      4302.6343
 EELEC  =    -35877.9455  EHBOND  =         0.0000  RESTRAINT  =         4.7588
 EAMBER (non-restraint)  =    -31152.4870
 EKCMT  =         0.0000  VIRIAL  =         0.0000  VOLUME     =     93834.5917
                                                    Density    =         1.0078
 ------------------------------------------------------------------------------

 NMR restraints: Bond =    0.173   Angle =     0.191   Torsion =     0.516
===============================================================================
