
          -------------------------------------------------------
          Amber 18 PMEMD                              2018
          -------------------------------------------------------

| PMEMD implementation of SANDER, Release 18

| Run on 05/02/2018 at 10:32:27

|   Executable path: pmemd.cuda
| Working directory: /oasis/tscc/scratch/davids4/SAMPLing-cut9/11499237.tscc-mgr.local
|          Hostname: tscc-gpu-5-10.sdsc.edu

  [-O]verwriting output

File Assignments:
|   MDIN: equil.000.in                                                          
|  MDOUT: equil.000.out                                                         
| INPCRD: minimize.rst7                                                         
|   PARM: solvate.prmtop                                                        
| RESTRT: equil.000.rst7                                                        
|   REFC: solvate.rst7                                                          
|  MDVEL: mdvel                                                                 
|   MDEN: equil.000.mden                                                        
|  MDCRD: equil.000.nc                                                          
| MDINFO: equil.000.mdinfo                                                      
|  MDFRC: mdfrc                                                                 


 Here is the input file:

PBC MD Simulation                                                              
 &cntrl                                                                        
  imin =          0,                                                           
  ntx =           1,                                                           
  irest =         0,                                                           
  maxcyc =        0,                                                           
  ncyc =          0,                                                           
  dt =            0.002,                                                       
  nstlim =        500000,                                                      
  ntpr =          500,                                                         
  ntwe =          500,                                                         
  ntwr =          250,                                                         
  ntwx =          250,                                                         
  ntxo =          1,                                                           
  ioutfm =        1,                                                           
  ntf =           2,                                                           
  ntc =           2,                                                           
  cut =           9.0,                                                         
  igb =           0,                                                           
  tempi =         298.15,                                                      
  temp0 =         298.15,                                                      
  ntt =           3,                                                           
  gamma_ln =      1.0,                                                         
  ig =            -1,                                                          
  ntp =           1,                                                           
  barostat =      2,                                                           
  ntr =           1,                                                           
  restraint_wt =  50.0,                                                        
  restraintmask = '@DUM',                                                      
  nmropt =        1,                                                           
  pencut =        -1,                                                          
  ntwprt =        204,                                                         
 /                                                                             
 &wt type = 'END', /                                                           
DISANG = disang.rest                                                           
LISTOUT = POUT                                                                 
                                                                               


Note: ig = -1. Setting random seed to   504009 based on wallclock time in 
      microseconds.
| irandom = 1, using AMBER's internal random number generator (default).
 
|--------------------- INFORMATION ----------------------
| GPU (CUDA) Version of PMEMD in use: NVIDIA GPU IN USE.
|                    Version 18.0.0
| 
|                      03/25/2018
| 
| Implementation by:
|                    Ross C. Walker     (SDSC)
|                    Scott Le Grand     (nVIDIA)
| 
| Version 18 performance extensions by:
|                    David Cerutti     (Rutgers)
| 
| Precision model in use:
|      [SPFP] - Single Precision Forces, 64-bit Fixed Point
|               Accumulation. (Default)
| 
|--------------------------------------------------------
 
|----------------- CITATION INFORMATION -----------------
|
|    When publishing work that utilized the CUDA version
|    of AMBER, please cite the following in addition to
|    the regular AMBER citations:
|
|  - Romelia Salomon-Ferrer; Andreas W. Goetz; Duncan
|    Poole; Scott Le Grand; Ross C. Walker "Routine
|    microsecond molecular dynamics simulations with
|    AMBER - Part II: Particle Mesh Ewald", J. Chem.
|    Theory Comput., 2013, 9 (9), pp3878-3888,
|    DOI: 10.1021/ct400314y.
|
|  - Andreas W. Goetz; Mark J. Williamson; Dong Xu;
|    Duncan Poole; Scott Le Grand; Ross C. Walker
|    "Routine microsecond molecular dynamics simulations
|    with AMBER - Part I: Generalized Born", J. Chem.
|    Theory Comput., 2012, 8 (5), pp1542-1555.
|
|  - Scott Le Grand; Andreas W. Goetz; Ross C. Walker
|    "SPFP: Speed without compromise - a mixed precision
|    model for GPU accelerated molecular dynamics
|    simulations.", Comp. Phys. Comm., 2013, 184
|    pp374-380, DOI: 10.1016/j.cpc.2012.09.022
|
|--------------------------------------------------------
 
|------------------- GPU DEVICE INFO --------------------
|
|            CUDA_VISIBLE_DEVICES: 5
|   CUDA Capable Devices Detected:      1
|           CUDA Device ID in use:      0
|                CUDA Device Name: GeForce GTX TITAN X
|     CUDA Device Global Mem Size:  12207 MB
| CUDA Device Num Multiprocessors:     24
|           CUDA Device Core Freq:   1.08 GHz
|
|--------------------------------------------------------
 
 
| Conditional Compilation Defines Used:
| PUBFFT
| BINTRAJ
| CUDA
| EMIL

| Largest sphere to fit in unit cell has radius =    21.056

| New format PARM file being parsed.
| Version =    1.000 Date = 04/23/18 Time = 19:55:39

| Note: 1-4 EEL scale factors are being read from the topology file.

| Note: 1-4 VDW scale factors are being read from the topology file.
| Duplicated    0 dihedrals

| Duplicated    0 dihedrals

--------------------------------------------------------------------------------
   1.  RESOURCE   USE: 
--------------------------------------------------------------------------------

 getting new box info from bottom of inpcrd
 NATOM  =    9221 NTYPES =      11 NBONH =    9065 MBONA  =     155
 NTHETH =     148 MTHETA =     231 NPHIH =     343 MPHIA  =     362
 NHPARM =       0 NPARM  =       0 NNB   =   13205 NRES   =    3022
 NBONA  =     155 NTHETA =     231 NPHIA =     362 NUMBND =      16
 NUMANG =      28 NPTRA  =      15 NATYP =      14 NPHB   =       0
 IFBOX  =       1 NMXRS  =     184 IFCAP =       0 NEXTRA =       0
 NCOPY  =       0

| Coordinate Index Table dimensions:     8    8   14
| Direct force subcell size =     5.2641    5.3276    5.0455

     BOX TYPE: RECTILINEAR

--------------------------------------------------------------------------------
   2.  CONTROL  DATA  FOR  THE  RUN
--------------------------------------------------------------------------------

default_name                                                                    

General flags:
     imin    =       0, nmropt  =       1

Nature and format of input:
     ntx     =       1, irest   =       0, ntrx    =       1

Nature and format of output:
     ntxo    =       1, ntpr    =     500, ntrx    =       1, ntwr    =     250
     iwrap   =       0, ntwx    =     250, ntwv    =       0, ntwe    =     500
     ioutfm  =       1, ntwprt  =     204, idecomp =       0, rbornstat=      0

Potential function:
     ntf     =       2, ntb     =       2, igb     =       0, nsnb    =      25
     ipol    =       0, gbsa    =       0, iesp    =       0
     dielc   =   1.00000, cut     =   9.00000, intdiel =   1.00000

Frozen or restrained atoms:
     ibelly  =       0, ntr     =       1
     restraint_wt =  50.00000

Molecular dynamics:
     nstlim  =    500000, nscm    =         0, nrespa  =         1
     t       =   0.00000, dt      =   0.00200, vlimit  =  -1.00000

Langevin dynamics temperature regulation:
     ig      =  504009
     temp0   = 298.15000, tempi   = 298.15000, gamma_ln=   1.00000

Pressure regulation:
     ntp     =       1
     pres0   =   1.00000, comp    =  44.60000, taup    =   1.00000
     Monte-Carlo Barostat:
     mcbarint  =     100

SHAKE:
     ntc     =       2, jfastw  =       0
     tol     =   0.00001

NMR refinement options:
     iscale  =       0, noeskp  =       1, ipnlty  =       1, mxsub   =       1
     scalm   = 100.00000, pencut  =  -1.00000, tausw   =   0.10000

| Intermolecular bonds treatment:
|     no_intermolecular_bonds =       1

| Energy averages sample interval:
|     ene_avg_sampling =     500

Ewald parameters:
     verbose =       0, ew_type =       0, nbflag  =       1, use_pme =       1
     vdwmeth =       1, eedmeth =       1, netfrc  =       1
     Box X =   42.113   Box Y =   42.620   Box Z =   70.636
     Alpha =   90.000   Beta  =   90.000   Gamma =   90.000
     NFFT1 =   48       NFFT2 =   48       NFFT3 =   72
     Cutoff=    9.000   Tol   =0.100E-04
     Ewald Coefficient =  0.30768
     Interpolation order =    4

    LOADING THE CONSTRAINED ATOMS AS GROUPS


   5.  REFERENCE ATOM COORDINATES

  default_name                                                                    
     Mask @DUM; matches     3 atoms
| MONTE CARLO BAROSTAT IMPORTANT NOTE:
|   The Monte-Carlo barostat does not require the virial to adjust the system volume.
|   Since it is an expensive calculation, it is skipped for efficiency. A side-effect
|   is that the reported pressure is always 0 because it is not calculated.

--------------------------------------------------------------------------------
   3.  ATOMIC COORDINATES AND VELOCITIES
--------------------------------------------------------------------------------

default_name                                                                    
 begin time read from input coords =     0.000 ps



           Begin reading energy term weight changes/NMR restraints
 WEIGHT CHANGES:
                         ** No weight changes given **

 RESTRAINTS:
 Requested file redirections:
  DISANG    = disang.rest
  LISTOUT   = POUT
 Restraints will be read from file: disang.rest
Here are comments from the DISANG input file:

                       Number of restraints read =     9

                  Done reading weight changes/NMR restraints


 
 Number of triangulated 3-point waters found:     3000

     Sum of charges from parm topology file =   0.00000002
     Forcing neutrality...

| Dynamic Memory, Types Used:
| Reals              528869
| Integers           283979

| Nonbonded Pairs Initial Allocation:     2102388

| GPU memory information (estimate):
| KB of GPU memory in use:         0
| KB of CPU memory in use:         0

--------------------------------------------------------------------------------
   4.  RESULTS
--------------------------------------------------------------------------------


 NSTEP =        0   TIME(PS) =       0.000  TEMP(K) =   447.51  PRESS =     0.0
 Etot   =    -30636.8046  EKtot   =      8269.4115  EPtot      =    -38906.2161
 BOND   =        19.1640  ANGLE   =        53.4343  DIHED      =       107.0559
 1-4 NB =        67.3987  1-4 EEL =        60.9777  VDWAALS    =      6246.0958
 EELEC  =    -45461.2296  EHBOND  =         0.0000  RESTRAINT  =         0.8869
 EAMBER (non-restraint)  =    -38907.1030
 EKCMT  =         0.0000  VIRIAL  =         0.0000  VOLUME     =    126782.4697
                                                    Density    =         0.7459
 ------------------------------------------------------------------------------

 NMR restraints: Bond =    0.241   Angle =     0.522   Torsion =     0.083
===============================================================================

 NSTEP =      500   TIME(PS) =       1.000  TEMP(K) =   261.90  PRESS =     0.0
 Etot   =    -25839.4781  EKtot   =      4839.6250  EPtot      =    -30679.1031
 BOND   =        44.3987  ANGLE   =       105.4427  DIHED      =       131.5144
 1-4 NB =        77.4396  1-4 EEL =        59.9086  VDWAALS    =      4563.8158
 EELEC  =    -35665.6261  EHBOND  =         0.0000  RESTRAINT  =         4.0031
 EAMBER (non-restraint)  =    -30683.1062
 EKCMT  =         0.0000  VIRIAL  =         0.0000  VOLUME     =    125835.3719
                                                    Density    =         0.7515
 ------------------------------------------------------------------------------

 NMR restraints: Bond =    1.094   Angle =     0.853   Torsion =     1.325
===============================================================================

 NSTEP =     1000   TIME(PS) =       2.000  TEMP(K) =   281.06  PRESS =     0.0
 Etot   =    -25129.2220  EKtot   =      5193.6655  EPtot      =    -30322.8875
 BOND   =        44.8129  ANGLE   =       105.4947  DIHED      =       138.2670
 1-4 NB =        75.4894  1-4 EEL =        63.2407  VDWAALS    =      4305.9979
 EELEC  =    -35059.9277  EHBOND  =         0.0000  RESTRAINT  =         3.7377
 EAMBER (non-restraint)  =    -30326.6252
 EKCMT  =         0.0000  VIRIAL  =         0.0000  VOLUME     =    123385.0364
                                                    Density    =         0.7664
 ------------------------------------------------------------------------------

 NMR restraints: Bond =    0.690   Angle =     0.274   Torsion =     0.627
===============================================================================

 NSTEP =     1500   TIME(PS) =       3.000  TEMP(K) =   290.72  PRESS =     0.0
 Etot   =    -24625.5272  EKtot   =      5372.2295  EPtot      =    -29997.7567
 BOND   =        46.3522  ANGLE   =       106.5152  DIHED      =       135.0006
 1-4 NB =        76.0761  1-4 EEL =        60.7306  VDWAALS    =      4190.3428
 EELEC  =    -34618.8636  EHBOND  =         0.0000  RESTRAINT  =         6.0894
 EAMBER (non-restraint)  =    -30003.8461
 EKCMT  =         0.0000  VIRIAL  =         0.0000  VOLUME     =    122169.5980
                                                    Density    =         0.7740
 ------------------------------------------------------------------------------

 NMR restraints: Bond =    0.253   Angle =     1.710   Torsion =     0.990
===============================================================================

 NSTEP =     2000   TIME(PS) =       4.000  TEMP(K) =   290.53  PRESS =     0.0
 Etot   =    -24576.3693  EKtot   =      5368.6836  EPtot      =    -29945.0528
 BOND   =        58.2259  ANGLE   =       112.0658  DIHED      =       132.9085
 1-4 NB =        77.5275  1-4 EEL =        58.4797  VDWAALS    =      4234.1881
 EELEC  =    -34623.6833  EHBOND  =         0.0000  RESTRAINT  =         5.2352
 EAMBER (non-restraint)  =    -29950.2880
 EKCMT  =         0.0000  VIRIAL  =         0.0000  VOLUME     =    121049.7762
                                                    Density    =         0.7812
 ------------------------------------------------------------------------------

 NMR restraints: Bond =    0.235   Angle =     0.921   Torsion =     1.306
===============================================================================

 NSTEP =     2500   TIME(PS) =       5.000  TEMP(K) =   295.45  PRESS =     0.0
 Etot   =    -24446.4954  EKtot   =      5459.5107  EPtot      =    -29906.0062
 BOND   =        50.3210  ANGLE   =       102.0840  DIHED      =       123.8126
 1-4 NB =        72.6267  1-4 EEL =        64.7992  VDWAALS    =      4091.8770
 EELEC  =    -34415.3121  EHBOND  =         0.0000  RESTRAINT  =         3.7855
 EAMBER (non-restraint)  =    -29909.7917
 EKCMT  =         0.0000  VIRIAL  =         0.0000  VOLUME     =    119916.8609
                                                    Density    =         0.7886
 ------------------------------------------------------------------------------

 NMR restraints: Bond =    0.069   Angle =     1.112   Torsion =     1.419
===============================================================================

 NSTEP =     3000   TIME(PS) =       6.000  TEMP(K) =   295.50  PRESS =     0.0
 Etot   =    -24700.2041  EKtot   =      5460.5854  EPtot      =    -30160.7895
 BOND   =        47.0107  ANGLE   =       103.2585  DIHED      =       133.7207
 1-4 NB =        73.5857  1-4 EEL =        65.8795  VDWAALS    =      4369.9040
 EELEC  =    -34957.0165  EHBOND  =         0.0000  RESTRAINT  =         2.8680
 EAMBER (non-restraint)  =    -30163.6575
 EKCMT  =         0.0000  VIRIAL  =         0.0000  VOLUME     =    118671.9884
                                                    Density    =         0.7969
 ------------------------------------------------------------------------------

 NMR restraints: Bond =    0.008   Angle =     0.247   Torsion =     2.108
===============================================================================

 NSTEP =     3500   TIME(PS) =       7.000  TEMP(K) =   296.71  PRESS =     0.0
 Etot   =    -24778.8049  EKtot   =      5482.8311  EPtot      =    -30261.6359
 BOND   =        49.6890  ANGLE   =       107.2008  DIHED      =       134.2988
 1-4 NB =        78.2673  1-4 EEL =        63.8411  VDWAALS    =      4338.6929
 EELEC  =    -35036.5355  EHBOND  =         0.0000  RESTRAINT  =         2.9097
 EAMBER (non-restraint)  =    -30264.5456
 EKCMT  =         0.0000  VIRIAL  =         0.0000  VOLUME     =    117238.7215
                                                    Density    =         0.8066
 ------------------------------------------------------------------------------

 NMR restraints: Bond =    0.362   Angle =     1.255   Torsion =     0.710
===============================================================================

 NSTEP =     4000   TIME(PS) =       8.000  TEMP(K) =   295.64  PRESS =     0.0
 Etot   =    -24757.2087  EKtot   =      5463.0435  EPtot      =    -30220.2522
 BOND   =        66.6395  ANGLE   =       102.9376  DIHED      =       142.4374
 1-4 NB =        70.3062  1-4 EEL =        64.2374  VDWAALS    =      4384.4071
 EELEC  =    -35054.3084  EHBOND  =         0.0000  RESTRAINT  =         3.0910
 EAMBER (non-restraint)  =    -30223.3432
 EKCMT  =         0.0000  VIRIAL  =         0.0000  VOLUME     =    116421.6668
                                                    Density    =         0.8123
 ------------------------------------------------------------------------------

 NMR restraints: Bond =    0.015   Angle =     0.476   Torsion =     0.318
===============================================================================

 NSTEP =     4500   TIME(PS) =       9.000  TEMP(K) =   300.37  PRESS =     0.0
 Etot   =    -24789.2736  EKtot   =      5550.4819  EPtot      =    -30339.7555
 BOND   =        59.4116  ANGLE   =       116.0803  DIHED      =       125.6239
 1-4 NB =        71.8129  1-4 EEL =        65.3086  VDWAALS    =      4263.1039
 EELEC  =    -35047.7027  EHBOND  =         0.0000  RESTRAINT  =         6.6060
 EAMBER (non-restraint)  =    -30346.3615
 EKCMT  =         0.0000  VIRIAL  =         0.0000  VOLUME     =    115518.3895
                                                    Density    =         0.8186
 ------------------------------------------------------------------------------

 NMR restraints: Bond =    0.075   Angle =     1.943   Torsion =     1.046
===============================================================================

 NSTEP =     5000   TIME(PS) =      10.000  TEMP(K) =   294.88  PRESS =     0.0
 Etot   =    -24784.0905  EKtot   =      5448.9810  EPtot      =    -30233.0715
 BOND   =        56.1984  ANGLE   =       122.0432  DIHED      =       131.1755
 1-4 NB =        78.7068  1-4 EEL =        57.9077  VDWAALS    =      4614.0425
 EELEC  =    -35300.3865  EHBOND  =         0.0000  RESTRAINT  =         7.2410
 EAMBER (non-restraint)  =    -30240.3125
 EKCMT  =         0.0000  VIRIAL  =         0.0000  VOLUME     =    112915.7625
                                                    Density    =         0.8375
 ------------------------------------------------------------------------------

 NMR restraints: Bond =    0.278   Angle =     3.081   Torsion =     1.437
===============================================================================

 NSTEP =     5500   TIME(PS) =      11.000  TEMP(K) =   295.43  PRESS =     0.0
 Etot   =    -24990.2985  EKtot   =      5459.1719  EPtot      =    -30449.4704
 BOND   =        47.9380  ANGLE   =       135.1044  DIHED      =       138.9528
 1-4 NB =        73.9861  1-4 EEL =        62.5278  VDWAALS    =      4156.0313
 EELEC  =    -35068.5078  EHBOND  =         0.0000  RESTRAINT  =         4.4971
 EAMBER (non-restraint)  =    -30453.9675
 EKCMT  =         0.0000  VIRIAL  =         0.0000  VOLUME     =    112370.9312
                                                    Density    =         0.8415
 ------------------------------------------------------------------------------

 NMR restraints: Bond =    0.098   Angle =     1.570   Torsion =     1.762
===============================================================================

 NSTEP =     6000   TIME(PS) =      12.000  TEMP(K) =   294.24  PRESS =     0.0
 Etot   =    -25071.3007  EKtot   =      5437.1382  EPtot      =    -30508.4388
 BOND   =        55.3262  ANGLE   =       115.5376  DIHED      =       134.9450
 1-4 NB =        73.6245  1-4 EEL =        54.2615  VDWAALS    =      4272.3298
 EELEC  =    -35220.9871  EHBOND  =         0.0000  RESTRAINT  =         6.5238
 EAMBER (non-restraint)  =    -30514.9626
 EKCMT  =         0.0000  VIRIAL  =         0.0000  VOLUME     =    111390.4388
                                                    Density    =         0.8489
 ------------------------------------------------------------------------------

 NMR restraints: Bond =    0.183   Angle =     1.193   Torsion =     0.663
===============================================================================

 NSTEP =     6500   TIME(PS) =      13.000  TEMP(K) =   298.64  PRESS =     0.0
 Etot   =    -24949.2288  EKtot   =      5518.5181  EPtot      =    -30467.7468
 BOND   =        48.5635  ANGLE   =       109.4668  DIHED      =       137.5516
 1-4 NB =        74.9881  1-4 EEL =        65.1239  VDWAALS    =      4325.0486
 EELEC  =    -35234.0543  EHBOND  =         0.0000  RESTRAINT  =         5.5650
 EAMBER (non-restraint)  =    -30473.3118
 EKCMT  =         0.0000  VIRIAL  =         0.0000  VOLUME     =    111128.7658
                                                    Density    =         0.8509
 ------------------------------------------------------------------------------

 NMR restraints: Bond =    0.097   Angle =     1.128   Torsion =     1.211
===============================================================================

 NSTEP =     7000   TIME(PS) =      14.000  TEMP(K) =   296.73  PRESS =     0.0
 Etot   =    -24949.3912  EKtot   =      5483.3140  EPtot      =    -30432.7051
 BOND   =        52.4630  ANGLE   =       112.9390  DIHED      =       135.5256
 1-4 NB =        73.2028  1-4 EEL =        56.6971  VDWAALS    =      4072.2664
 EELEC  =    -34941.3168  EHBOND  =         0.0000  RESTRAINT  =         5.5178
 EAMBER (non-restraint)  =    -30438.2230
 EKCMT  =         0.0000  VIRIAL  =         0.0000  VOLUME     =    109996.0740
                                                    Density    =         0.8597
 ------------------------------------------------------------------------------

 NMR restraints: Bond =    0.272   Angle =     0.327   Torsion =     1.088
===============================================================================

 NSTEP =     7500   TIME(PS) =      15.000  TEMP(K) =   300.31  PRESS =     0.0
 Etot   =    -24957.6254  EKtot   =      5549.4062  EPtot      =    -30507.0317
 BOND   =        60.1195  ANGLE   =        91.1785  DIHED      =       137.6288
 1-4 NB =        75.2918  1-4 EEL =        59.2918  VDWAALS    =      4298.5269
 EELEC  =    -35235.8494  EHBOND  =         0.0000  RESTRAINT  =         6.7805
 EAMBER (non-restraint)  =    -30513.8121
 EKCMT  =         0.0000  VIRIAL  =         0.0000  VOLUME     =    109070.5522
                                                    Density    =         0.8670
 ------------------------------------------------------------------------------

 NMR restraints: Bond =    0.005   Angle =     0.794   Torsion =     2.415
===============================================================================

 NSTEP =     8000   TIME(PS) =      16.000  TEMP(K) =   298.56  PRESS =     0.0
 Etot   =    -24955.0664  EKtot   =      5517.0195  EPtot      =    -30472.0859
 BOND   =        51.7508  ANGLE   =       117.0897  DIHED      =       134.6825
 1-4 NB =        80.2601  1-4 EEL =        66.4820  VDWAALS    =      4145.0423
 EELEC  =    -35073.3788  EHBOND  =         0.0000  RESTRAINT  =         5.9856
 EAMBER (non-restraint)  =    -30478.0716
 EKCMT  =         0.0000  VIRIAL  =         0.0000  VOLUME     =    109070.5522
                                                    Density    =         0.8670
 ------------------------------------------------------------------------------

 NMR restraints: Bond =    0.369   Angle =     1.399   Torsion =     0.355
===============================================================================

 NSTEP =     8500   TIME(PS) =      17.000  TEMP(K) =   301.13  PRESS =     0.0
 Etot   =    -24988.1019  EKtot   =      5564.4575  EPtot      =    -30552.5594
 BOND   =        43.1050  ANGLE   =       108.4800  DIHED      =       134.4078
 1-4 NB =        71.3247  1-4 EEL =        65.1246  VDWAALS    =      4172.8961
 EELEC  =    -35153.5473  EHBOND  =         0.0000  RESTRAINT  =         5.6497
 EAMBER (non-restraint)  =    -30558.2091
 EKCMT  =         0.0000  VIRIAL  =         0.0000  VOLUME     =    107711.5126
                                                    Density    =         0.8779
 ------------------------------------------------------------------------------

 NMR restraints: Bond =    0.536   Angle =     0.915   Torsion =     0.917
===============================================================================

 NSTEP =     9000   TIME(PS) =      18.000  TEMP(K) =   293.93  PRESS =     0.0
 Etot   =    -25210.5578  EKtot   =      5431.5596  EPtot      =    -30642.1173
 BOND   =        56.5797  ANGLE   =        99.3825  DIHED      =       129.6019
 1-4 NB =        72.8169  1-4 EEL =        63.4213  VDWAALS    =      4298.8313
 EELEC  =    -35366.5633  EHBOND  =         0.0000  RESTRAINT  =         3.8124
 EAMBER (non-restraint)  =    -30645.9297
 EKCMT  =         0.0000  VIRIAL  =         0.0000  VOLUME     =    107711.5126
                                                    Density    =         0.8779
 ------------------------------------------------------------------------------

 NMR restraints: Bond =    0.224   Angle =     0.233   Torsion =     0.960
===============================================================================

 NSTEP =     9500   TIME(PS) =      19.000  TEMP(K) =   296.66  PRESS =     0.0
 Etot   =    -25208.2175  EKtot   =      5481.9814  EPtot      =    -30690.1989
 BOND   =        51.7265  ANGLE   =       100.2772  DIHED      =       132.5309
 1-4 NB =        75.2241  1-4 EEL =        66.0592  VDWAALS    =      4297.0696
 EELEC  =    -35415.0939  EHBOND  =         0.0000  RESTRAINT  =         2.0075
 EAMBER (non-restraint)  =    -30692.2064
 EKCMT  =         0.0000  VIRIAL  =         0.0000  VOLUME     =    106652.1806
                                                    Density    =         0.8867
 ------------------------------------------------------------------------------

 NMR restraints: Bond =    0.190   Angle =     0.570   Torsion =     0.072
===============================================================================

 NSTEP =    10000   TIME(PS) =      20.000  TEMP(K) =   296.55  PRESS =     0.0
 Etot   =    -25257.6717  EKtot   =      5479.9507  EPtot      =    -30737.6223
 BOND   =        46.7966  ANGLE   =       101.5177  DIHED      =       139.5208
 1-4 NB =        76.3320  1-4 EEL =        62.9199  VDWAALS    =      4157.9123
 EELEC  =    -35326.2993  EHBOND  =         0.0000  RESTRAINT  =         3.6777
 EAMBER (non-restraint)  =    -30741.3000
 EKCMT  =         0.0000  VIRIAL  =         0.0000  VOLUME     =    105931.4044
                                                    Density    =         0.8927
 ------------------------------------------------------------------------------

 NMR restraints: Bond =    0.218   Angle =     0.247   Torsion =     0.797
===============================================================================
