
          -------------------------------------------------------
          Amber 18 PMEMD                              2018
          -------------------------------------------------------

| PMEMD implementation of SANDER, Release 18

| Run on 05/02/2018 at 11:05:32

|   Executable path: pmemd.cuda
| Working directory: /oasis/tscc/scratch/davids4/SAMPLing-cut9/11499393.tscc-mgr.local
|          Hostname: tscc-gpu-8-8.sdsc.edu

  [-O]verwriting output

File Assignments:
|   MDIN: equil.000.in                                                          
|  MDOUT: equil.000.out                                                         
| INPCRD: minimize.rst7                                                         
|   PARM: solvate.prmtop                                                        
| RESTRT: equil.000.rst7                                                        
|   REFC: solvate.rst7                                                          
|  MDVEL: mdvel                                                                 
|   MDEN: equil.000.mden                                                        
|  MDCRD: equil.000.nc                                                          
| MDINFO: equil.000.mdinfo                                                      
|  MDFRC: mdfrc                                                                 


 Here is the input file:

PBC MD Simulation                                                              
 &cntrl                                                                        
  imin =          0,                                                           
  ntx =           1,                                                           
  irest =         0,                                                           
  maxcyc =        0,                                                           
  ncyc =          0,                                                           
  dt =            0.002,                                                       
  nstlim =        500000,                                                      
  ntpr =          500,                                                         
  ntwe =          500,                                                         
  ntwr =          250,                                                         
  ntwx =          250,                                                         
  ntxo =          1,                                                           
  ioutfm =        1,                                                           
  ntf =           2,                                                           
  ntc =           2,                                                           
  cut =           9.0,                                                         
  igb =           0,                                                           
  tempi =         298.15,                                                      
  temp0 =         298.15,                                                      
  ntt =           3,                                                           
  gamma_ln =      1.0,                                                         
  ig =            -1,                                                          
  ntp =           1,                                                           
  barostat =      2,                                                           
  ntr =           1,                                                           
  restraint_wt =  50.0,                                                        
  restraintmask = '@DUM',                                                      
  nmropt =        1,                                                           
  pencut =        -1,                                                          
  ntwprt =        204,                                                         
 /                                                                             
 &wt type = 'END', /                                                           
DISANG = disang.rest                                                           
LISTOUT = POUT                                                                 
                                                                               


Note: ig = -1. Setting random seed to   450894 based on wallclock time in 
      microseconds.
| irandom = 1, using AMBER's internal random number generator (default).
 
|--------------------- INFORMATION ----------------------
| GPU (CUDA) Version of PMEMD in use: NVIDIA GPU IN USE.
|                    Version 18.0.0
| 
|                      03/25/2018
| 
| Implementation by:
|                    Ross C. Walker     (SDSC)
|                    Scott Le Grand     (nVIDIA)
| 
| Version 18 performance extensions by:
|                    David Cerutti     (Rutgers)
| 
| Precision model in use:
|      [SPFP] - Single Precision Forces, 64-bit Fixed Point
|               Accumulation. (Default)
| 
|--------------------------------------------------------
 
|----------------- CITATION INFORMATION -----------------
|
|    When publishing work that utilized the CUDA version
|    of AMBER, please cite the following in addition to
|    the regular AMBER citations:
|
|  - Romelia Salomon-Ferrer; Andreas W. Goetz; Duncan
|    Poole; Scott Le Grand; Ross C. Walker "Routine
|    microsecond molecular dynamics simulations with
|    AMBER - Part II: Particle Mesh Ewald", J. Chem.
|    Theory Comput., 2013, 9 (9), pp3878-3888,
|    DOI: 10.1021/ct400314y.
|
|  - Andreas W. Goetz; Mark J. Williamson; Dong Xu;
|    Duncan Poole; Scott Le Grand; Ross C. Walker
|    "Routine microsecond molecular dynamics simulations
|    with AMBER - Part I: Generalized Born", J. Chem.
|    Theory Comput., 2012, 8 (5), pp1542-1555.
|
|  - Scott Le Grand; Andreas W. Goetz; Ross C. Walker
|    "SPFP: Speed without compromise - a mixed precision
|    model for GPU accelerated molecular dynamics
|    simulations.", Comp. Phys. Comm., 2013, 184
|    pp374-380, DOI: 10.1016/j.cpc.2012.09.022
|
|--------------------------------------------------------
 
|------------------- GPU DEVICE INFO --------------------
|
|            CUDA_VISIBLE_DEVICES: 4
|   CUDA Capable Devices Detected:      1
|           CUDA Device ID in use:      0
|                CUDA Device Name: GeForce GTX TITAN X
|     CUDA Device Global Mem Size:  12207 MB
| CUDA Device Num Multiprocessors:     24
|           CUDA Device Core Freq:   1.08 GHz
|
|--------------------------------------------------------
 
 
| Conditional Compilation Defines Used:
| PUBFFT
| BINTRAJ
| CUDA
| EMIL

| Largest sphere to fit in unit cell has radius =    20.946

| New format PARM file being parsed.
| Version =    1.000 Date = 04/23/18 Time = 20:07:01

| Note: 1-4 EEL scale factors are being read from the topology file.

| Note: 1-4 VDW scale factors are being read from the topology file.
| Duplicated    0 dihedrals

| Duplicated    0 dihedrals

--------------------------------------------------------------------------------
   1.  RESOURCE   USE: 
--------------------------------------------------------------------------------

 getting new box info from bottom of inpcrd
 NATOM  =    9221 NTYPES =      11 NBONH =    9065 MBONA  =     155
 NTHETH =     148 MTHETA =     231 NPHIH =     343 MPHIA  =     362
 NHPARM =       0 NPARM  =       0 NNB   =   13205 NRES   =    3022
 NBONA  =     155 NTHETA =     231 NPHIA =     362 NUMBND =      16
 NUMANG =      28 NPTRA  =      15 NATYP =      14 NPHB   =       0
 IFBOX  =       1 NMXRS  =     184 IFCAP =       0 NEXTRA =       0
 NCOPY  =       0

| Coordinate Index Table dimensions:     8    8   14
| Direct force subcell size =     5.4385    5.2364    5.0387

     BOX TYPE: RECTILINEAR

--------------------------------------------------------------------------------
   2.  CONTROL  DATA  FOR  THE  RUN
--------------------------------------------------------------------------------

default_name                                                                    

General flags:
     imin    =       0, nmropt  =       1

Nature and format of input:
     ntx     =       1, irest   =       0, ntrx    =       1

Nature and format of output:
     ntxo    =       1, ntpr    =     500, ntrx    =       1, ntwr    =     250
     iwrap   =       0, ntwx    =     250, ntwv    =       0, ntwe    =     500
     ioutfm  =       1, ntwprt  =     204, idecomp =       0, rbornstat=      0

Potential function:
     ntf     =       2, ntb     =       2, igb     =       0, nsnb    =      25
     ipol    =       0, gbsa    =       0, iesp    =       0
     dielc   =   1.00000, cut     =   9.00000, intdiel =   1.00000

Frozen or restrained atoms:
     ibelly  =       0, ntr     =       1
     restraint_wt =  50.00000

Molecular dynamics:
     nstlim  =    500000, nscm    =         0, nrespa  =         1
     t       =   0.00000, dt      =   0.00200, vlimit  =  -1.00000

Langevin dynamics temperature regulation:
     ig      =  450894
     temp0   = 298.15000, tempi   = 298.15000, gamma_ln=   1.00000

Pressure regulation:
     ntp     =       1
     pres0   =   1.00000, comp    =  44.60000, taup    =   1.00000
     Monte-Carlo Barostat:
     mcbarint  =     100

SHAKE:
     ntc     =       2, jfastw  =       0
     tol     =   0.00001

NMR refinement options:
     iscale  =       0, noeskp  =       1, ipnlty  =       1, mxsub   =       1
     scalm   = 100.00000, pencut  =  -1.00000, tausw   =   0.10000

| Intermolecular bonds treatment:
|     no_intermolecular_bonds =       1

| Energy averages sample interval:
|     ene_avg_sampling =     500

Ewald parameters:
     verbose =       0, ew_type =       0, nbflag  =       1, use_pme =       1
     vdwmeth =       1, eedmeth =       1, netfrc  =       1
     Box X =   43.508   Box Y =   41.891   Box Z =   70.541
     Alpha =   90.000   Beta  =   90.000   Gamma =   90.000
     NFFT1 =   48       NFFT2 =   48       NFFT3 =   72
     Cutoff=    9.000   Tol   =0.100E-04
     Ewald Coefficient =  0.30768
     Interpolation order =    4

    LOADING THE CONSTRAINED ATOMS AS GROUPS


   5.  REFERENCE ATOM COORDINATES

  default_name                                                                    
     Mask @DUM; matches     3 atoms
| MONTE CARLO BAROSTAT IMPORTANT NOTE:
|   The Monte-Carlo barostat does not require the virial to adjust the system volume.
|   Since it is an expensive calculation, it is skipped for efficiency. A side-effect
|   is that the reported pressure is always 0 because it is not calculated.

--------------------------------------------------------------------------------
   3.  ATOMIC COORDINATES AND VELOCITIES
--------------------------------------------------------------------------------

default_name                                                                    
 begin time read from input coords =     0.000 ps



           Begin reading energy term weight changes/NMR restraints
 WEIGHT CHANGES:
                         ** No weight changes given **

 RESTRAINTS:
 Requested file redirections:
  DISANG    = disang.rest
  LISTOUT   = POUT
 Restraints will be read from file: disang.rest
Here are comments from the DISANG input file:

                       Number of restraints read =     9

                  Done reading weight changes/NMR restraints


 
 Number of triangulated 3-point waters found:     3000

     Sum of charges from parm topology file =   0.00000002
     Forcing neutrality...

| Dynamic Memory, Types Used:
| Reals              528869
| Integers           283979

| Nonbonded Pairs Initial Allocation:     2102388

| GPU memory information (estimate):
| KB of GPU memory in use:         0
| KB of CPU memory in use:         0

--------------------------------------------------------------------------------
   4.  RESULTS
--------------------------------------------------------------------------------


 NSTEP =        0   TIME(PS) =       0.000  TEMP(K) =   443.62  PRESS =     0.0
 Etot   =    -30671.2231  EKtot   =      8197.6129  EPtot      =    -38868.8360
 BOND   =        12.3238  ANGLE   =        51.0371  DIHED      =       107.0680
 1-4 NB =        67.3514  1-4 EEL =        61.8985  VDWAALS    =      6247.4281
 EELEC  =    -45416.6085  EHBOND  =         0.0000  RESTRAINT  =         0.6656
 EAMBER (non-restraint)  =    -38869.5016
 EKCMT  =         0.0000  VIRIAL  =         0.0000  VOLUME     =    128569.1850
                                                    Density    =         0.7355
 ------------------------------------------------------------------------------

 NMR restraints: Bond =    0.179   Angle =     0.255   Torsion =     0.184
===============================================================================

 NSTEP =      500   TIME(PS) =       1.000  TEMP(K) =   263.50  PRESS =     0.0
 Etot   =    -25837.0638  EKtot   =      4869.2280  EPtot      =    -30706.2918
 BOND   =        47.4171  ANGLE   =       109.4622  DIHED      =       135.1135
 1-4 NB =        72.7850  1-4 EEL =        60.4723  VDWAALS    =      4664.4010
 EELEC  =    -35800.8315  EHBOND  =         0.0000  RESTRAINT  =         4.8886
 EAMBER (non-restraint)  =    -30711.1804
 EKCMT  =         0.0000  VIRIAL  =         0.0000  VOLUME     =    128339.9347
                                                    Density    =         0.7368
 ------------------------------------------------------------------------------

 NMR restraints: Bond =    0.774   Angle =     0.960   Torsion =     0.071
===============================================================================

 NSTEP =     1000   TIME(PS) =       2.000  TEMP(K) =   280.11  PRESS =     0.0
 Etot   =    -25102.6382  EKtot   =      5176.1953  EPtot      =    -30278.8335
 BOND   =        42.8945  ANGLE   =       106.3096  DIHED      =       129.5572
 1-4 NB =        77.8561  1-4 EEL =        59.4985  VDWAALS    =      4399.8452
 EELEC  =    -35100.5126  EHBOND  =         0.0000  RESTRAINT  =         5.7179
 EAMBER (non-restraint)  =    -30284.5514
 EKCMT  =         0.0000  VIRIAL  =         0.0000  VOLUME     =    127099.0753
                                                    Density    =         0.7440
 ------------------------------------------------------------------------------

 NMR restraints: Bond =    0.179   Angle =     1.432   Torsion =     0.218
===============================================================================

 NSTEP =     1500   TIME(PS) =       3.000  TEMP(K) =   289.70  PRESS =     0.0
 Etot   =    -24682.2049  EKtot   =      5353.3848  EPtot      =    -30035.5896
 BOND   =        51.1392  ANGLE   =        95.9555  DIHED      =       136.9502
 1-4 NB =        79.7320  1-4 EEL =        63.6955  VDWAALS    =      4288.2313
 EELEC  =    -34758.4590  EHBOND  =         0.0000  RESTRAINT  =         7.1657
 EAMBER (non-restraint)  =    -30042.7553
 EKCMT  =         0.0000  VIRIAL  =         0.0000  VOLUME     =    126269.4969
                                                    Density    =         0.7489
 ------------------------------------------------------------------------------

 NMR restraints: Bond =    0.425   Angle =     1.363   Torsion =     0.102
===============================================================================

 NSTEP =     2000   TIME(PS) =       4.000  TEMP(K) =   292.58  PRESS =     0.0
 Etot   =    -24647.9782  EKtot   =      5406.5850  EPtot      =    -30054.5632
 BOND   =        45.2120  ANGLE   =       107.5150  DIHED      =       134.9621
 1-4 NB =        72.9228  1-4 EEL =        66.3137  VDWAALS    =      4251.6806
 EELEC  =    -34736.5522  EHBOND  =         0.0000  RESTRAINT  =         3.3828
 EAMBER (non-restraint)  =    -30057.9460
 EKCMT  =         0.0000  VIRIAL  =         0.0000  VOLUME     =    124872.6556
                                                    Density    =         0.7573
 ------------------------------------------------------------------------------

 NMR restraints: Bond =    0.007   Angle =     0.811   Torsion =     0.618
===============================================================================

 NSTEP =     2500   TIME(PS) =       5.000  TEMP(K) =   300.32  PRESS =     0.0
 Etot   =    -24510.2678  EKtot   =      5549.6064  EPtot      =    -30059.8743
 BOND   =        55.0690  ANGLE   =       113.3570  DIHED      =       131.4934
 1-4 NB =        71.6465  1-4 EEL =        62.5071  VDWAALS    =      4475.4341
 EELEC  =    -34973.0872  EHBOND  =         0.0000  RESTRAINT  =         3.7058
 EAMBER (non-restraint)  =    -30063.5801
 EKCMT  =         0.0000  VIRIAL  =         0.0000  VOLUME     =    123490.9739
                                                    Density    =         0.7658
 ------------------------------------------------------------------------------

 NMR restraints: Bond =    0.410   Angle =     0.971   Torsion =     0.552
===============================================================================

 NSTEP =     3000   TIME(PS) =       6.000  TEMP(K) =   296.36  PRESS =     0.0
 Etot   =    -24670.7290  EKtot   =      5476.3647  EPtot      =    -30147.0938
 BOND   =        51.0590  ANGLE   =        98.2679  DIHED      =       135.5296
 1-4 NB =        72.6123  1-4 EEL =        62.8245  VDWAALS    =      4413.1947
 EELEC  =    -34982.1518  EHBOND  =         0.0000  RESTRAINT  =         1.5699
 EAMBER (non-restraint)  =    -30148.6637
 EKCMT  =         0.0000  VIRIAL  =         0.0000  VOLUME     =    122329.3887
                                                    Density    =         0.7730
 ------------------------------------------------------------------------------

 NMR restraints: Bond =    0.240   Angle =     0.594   Torsion =     0.075
===============================================================================

 NSTEP =     3500   TIME(PS) =       7.000  TEMP(K) =   291.98  PRESS =     0.0
 Etot   =    -24831.7470  EKtot   =      5395.4058  EPtot      =    -30227.1527
 BOND   =        59.2315  ANGLE   =       103.0702  DIHED      =       140.8434
 1-4 NB =        76.4651  1-4 EEL =        65.3773  VDWAALS    =      4326.4958
 EELEC  =    -35002.6525  EHBOND  =         0.0000  RESTRAINT  =         4.0165
 EAMBER (non-restraint)  =    -30231.1692
 EKCMT  =         0.0000  VIRIAL  =         0.0000  VOLUME     =    121448.1174
                                                    Density    =         0.7786
 ------------------------------------------------------------------------------

 NMR restraints: Bond =    0.401   Angle =     0.551   Torsion =     0.971
===============================================================================

 NSTEP =     4000   TIME(PS) =       8.000  TEMP(K) =   295.50  PRESS =     0.0
 Etot   =    -24709.5631  EKtot   =      5460.5063  EPtot      =    -30170.0695
 BOND   =        63.3708  ANGLE   =       108.8767  DIHED      =       138.3659
 1-4 NB =        78.4147  1-4 EEL =        65.9636  VDWAALS    =      4102.8415
 EELEC  =    -34731.9135  EHBOND  =         0.0000  RESTRAINT  =         4.0108
 EAMBER (non-restraint)  =    -30174.0803
 EKCMT  =         0.0000  VIRIAL  =         0.0000  VOLUME     =    121149.7497
                                                    Density    =         0.7806
 ------------------------------------------------------------------------------

 NMR restraints: Bond =    0.091   Angle =     0.938   Torsion =     0.347
===============================================================================

 NSTEP =     4500   TIME(PS) =       9.000  TEMP(K) =   296.74  PRESS =     0.0
 Etot   =    -24721.7499  EKtot   =      5483.4023  EPtot      =    -30205.1523
 BOND   =        62.2862  ANGLE   =       109.1087  DIHED      =       128.7249
 1-4 NB =        74.1684  1-4 EEL =        59.1375  VDWAALS    =      4250.5551
 EELEC  =    -34892.1802  EHBOND  =         0.0000  RESTRAINT  =         3.0471
 EAMBER (non-restraint)  =    -30208.1994
 EKCMT  =         0.0000  VIRIAL  =         0.0000  VOLUME     =    121196.6498
                                                    Density    =         0.7803
 ------------------------------------------------------------------------------

 NMR restraints: Bond =    0.006   Angle =     0.359   Torsion =     0.554
===============================================================================

 NSTEP =     5000   TIME(PS) =      10.000  TEMP(K) =   297.84  PRESS =     0.0
 Etot   =    -24668.7435  EKtot   =      5503.7817  EPtot      =    -30172.5253
 BOND   =        64.8433  ANGLE   =       108.5503  DIHED      =       132.0028
 1-4 NB =        69.3757  1-4 EEL =        64.2717  VDWAALS    =      4136.9481
 EELEC  =    -34753.7303  EHBOND  =         0.0000  RESTRAINT  =         5.2132
 EAMBER (non-restraint)  =    -30177.7385
 EKCMT  =         0.0000  VIRIAL  =         0.0000  VOLUME     =    118743.4297
                                                    Density    =         0.7964
 ------------------------------------------------------------------------------

 NMR restraints: Bond =    0.180   Angle =     0.877   Torsion =     0.068
===============================================================================

 NSTEP =     5500   TIME(PS) =      11.000  TEMP(K) =   295.19  PRESS =     0.0
 Etot   =    -24768.3748  EKtot   =      5454.7344  EPtot      =    -30223.1092
 BOND   =        44.6620  ANGLE   =        97.3481  DIHED      =       135.2015
 1-4 NB =        79.6039  1-4 EEL =        62.2779  VDWAALS    =      4292.6610
 EELEC  =    -34938.8077  EHBOND  =         0.0000  RESTRAINT  =         3.9441
 EAMBER (non-restraint)  =    -30227.0533
 EKCMT  =         0.0000  VIRIAL  =         0.0000  VOLUME     =    117698.9452
                                                    Density    =         0.8034
 ------------------------------------------------------------------------------

 NMR restraints: Bond =    0.433   Angle =     1.118   Torsion =     0.185
===============================================================================

 NSTEP =     6000   TIME(PS) =      12.000  TEMP(K) =   300.79  PRESS =     0.0
 Etot   =    -24791.5470  EKtot   =      5558.3428  EPtot      =    -30349.8898
 BOND   =        51.1894  ANGLE   =       115.6813  DIHED      =       129.3129
 1-4 NB =        71.7865  1-4 EEL =        60.9075  VDWAALS    =      4383.2260
 EELEC  =    -35166.6679  EHBOND  =         0.0000  RESTRAINT  =         4.6744
 EAMBER (non-restraint)  =    -30354.5642
 EKCMT  =         0.0000  VIRIAL  =         0.0000  VOLUME     =    116892.5577
                                                    Density    =         0.8090
 ------------------------------------------------------------------------------

 NMR restraints: Bond =    0.088   Angle =     1.403   Torsion =     0.446
===============================================================================

 NSTEP =     6500   TIME(PS) =      13.000  TEMP(K) =   301.60  PRESS =     0.0
 Etot   =    -24711.8077  EKtot   =      5573.2061  EPtot      =    -30285.0138
 BOND   =        48.4677  ANGLE   =       108.2492  DIHED      =       149.9020
 1-4 NB =        71.3991  1-4 EEL =        60.3495  VDWAALS    =      4246.5979
 EELEC  =    -34974.2053  EHBOND  =         0.0000  RESTRAINT  =         4.2262
 EAMBER (non-restraint)  =    -30289.2399
 EKCMT  =         0.0000  VIRIAL  =         0.0000  VOLUME     =    116383.2990
                                                    Density    =         0.8125
 ------------------------------------------------------------------------------

 NMR restraints: Bond =    0.096   Angle =     1.807   Torsion =     0.114
===============================================================================

 NSTEP =     7000   TIME(PS) =      14.000  TEMP(K) =   298.72  PRESS =     0.0
 Etot   =    -24848.7210  EKtot   =      5520.0229  EPtot      =    -30368.7440
 BOND   =        53.6888  ANGLE   =       110.5182  DIHED      =       139.4298
 1-4 NB =        74.8921  1-4 EEL =        67.0501  VDWAALS    =      4361.8634
 EELEC  =    -35183.0224  EHBOND  =         0.0000  RESTRAINT  =         6.8360
 EAMBER (non-restraint)  =    -30375.5800
 EKCMT  =         0.0000  VIRIAL  =         0.0000  VOLUME     =    114563.6309
                                                    Density    =         0.8254
 ------------------------------------------------------------------------------

 NMR restraints: Bond =    0.327   Angle =     3.379   Torsion =     1.106
===============================================================================

 NSTEP =     7500   TIME(PS) =      15.000  TEMP(K) =   300.73  PRESS =     0.0
 Etot   =    -24960.7094  EKtot   =      5557.0967  EPtot      =    -30517.8061
 BOND   =        57.7099  ANGLE   =       100.0238  DIHED      =       132.6046
 1-4 NB =        76.4605  1-4 EEL =        66.5363  VDWAALS    =      4491.7545
 EELEC  =    -35450.5444  EHBOND  =         0.0000  RESTRAINT  =         7.6487
 EAMBER (non-restraint)  =    -30525.4549
 EKCMT  =         0.0000  VIRIAL  =         0.0000  VOLUME     =    113175.0815
                                                    Density    =         0.8356
 ------------------------------------------------------------------------------

 NMR restraints: Bond =    0.206   Angle =     1.724   Torsion =     0.518
===============================================================================

 NSTEP =     8000   TIME(PS) =      16.000  TEMP(K) =   289.84  PRESS =     0.0
 Etot   =    -25034.2219  EKtot   =      5355.8413  EPtot      =    -30390.0632
 BOND   =        52.8070  ANGLE   =       107.6439  DIHED      =       139.5861
 1-4 NB =        77.3038  1-4 EEL =        63.9600  VDWAALS    =      4372.9439
 EELEC  =    -35208.9710  EHBOND  =         0.0000  RESTRAINT  =         4.6631
 EAMBER (non-restraint)  =    -30394.7263
 EKCMT  =         0.0000  VIRIAL  =         0.0000  VOLUME     =    111102.1462
                                                    Density    =         0.8512
 ------------------------------------------------------------------------------

 NMR restraints: Bond =    0.467   Angle =     1.925   Torsion =     0.720
===============================================================================

 NSTEP =     8500   TIME(PS) =      17.000  TEMP(K) =   297.91  PRESS =     0.0
 Etot   =    -24963.0360  EKtot   =      5504.9722  EPtot      =    -30468.0081
 BOND   =        58.6700  ANGLE   =       119.3651  DIHED      =       147.0418
 1-4 NB =        72.8546  1-4 EEL =        64.5327  VDWAALS    =      4380.6912
 EELEC  =    -35316.6281  EHBOND  =         0.0000  RESTRAINT  =         5.4645
 EAMBER (non-restraint)  =    -30473.4726
 EKCMT  =         0.0000  VIRIAL  =         0.0000  VOLUME     =    110133.9542
                                                    Density    =         0.8586
 ------------------------------------------------------------------------------

 NMR restraints: Bond =    0.075   Angle =     1.281   Torsion =     1.308
===============================================================================

 NSTEP =     9000   TIME(PS) =      18.000  TEMP(K) =   298.62  PRESS =     0.0
 Etot   =    -25119.7098  EKtot   =      5518.2520  EPtot      =    -30637.9618
 BOND   =        52.8057  ANGLE   =       124.6671  DIHED      =       134.7093
 1-4 NB =        71.6234  1-4 EEL =        63.6094  VDWAALS    =      4160.6300
 EELEC  =    -35254.6644  EHBOND  =         0.0000  RESTRAINT  =         8.6576
 EAMBER (non-restraint)  =    -30646.6194
 EKCMT  =         0.0000  VIRIAL  =         0.0000  VOLUME     =    108086.1146
                                                    Density    =         0.8749
 ------------------------------------------------------------------------------

 NMR restraints: Bond =    0.648   Angle =     2.894   Torsion =     0.055
===============================================================================
