
          -------------------------------------------------------
          Amber 18 PMEMD                              2018
          -------------------------------------------------------

| PMEMD implementation of SANDER, Release 18

| Run on 05/02/2018 at 10:06:18

|   Executable path: pmemd.cuda
| Working directory: /oasis/tscc/scratch/davids4/SAMPLing-cut9/11499178.tscc-mgr.local
|          Hostname: tscc-gpu-8-4.sdsc.edu

  [-O]verwriting output

File Assignments:
|   MDIN: equil.000.in                                                          
|  MDOUT: equil.000.out                                                         
| INPCRD: minimize.rst7                                                         
|   PARM: solvate.prmtop                                                        
| RESTRT: equil.000.rst7                                                        
|   REFC: solvate.rst7                                                          
|  MDVEL: mdvel                                                                 
|   MDEN: equil.000.mden                                                        
|  MDCRD: equil.000.nc                                                          
| MDINFO: equil.000.mdinfo                                                      
|  MDFRC: mdfrc                                                                 


 Here is the input file:

PBC MD Simulation                                                              
 &cntrl                                                                        
  imin =          0,                                                           
  ntx =           1,                                                           
  irest =         0,                                                           
  maxcyc =        0,                                                           
  ncyc =          0,                                                           
  dt =            0.002,                                                       
  nstlim =        500000,                                                      
  ntpr =          500,                                                         
  ntwe =          500,                                                         
  ntwr =          250,                                                         
  ntwx =          250,                                                         
  ntxo =          1,                                                           
  ioutfm =        1,                                                           
  ntf =           2,                                                           
  ntc =           2,                                                           
  cut =           9.0,                                                         
  igb =           0,                                                           
  tempi =         298.15,                                                      
  temp0 =         298.15,                                                      
  ntt =           3,                                                           
  gamma_ln =      1.0,                                                         
  ig =            -1,                                                          
  ntp =           1,                                                           
  barostat =      2,                                                           
  ntr =           1,                                                           
  restraint_wt =  50.0,                                                        
  restraintmask = '@DUM',                                                      
  nmropt =        1,                                                           
  pencut =        -1,                                                          
  ntwprt =        206,                                                         
 /                                                                             
 &wt type = 'END', /                                                           
DISANG = disang.rest                                                           
LISTOUT = POUT                                                                 
                                                                               


Note: ig = -1. Setting random seed to   503959 based on wallclock time in 
      microseconds.
| irandom = 1, using AMBER's internal random number generator (default).
 
|--------------------- INFORMATION ----------------------
| GPU (CUDA) Version of PMEMD in use: NVIDIA GPU IN USE.
|                    Version 18.0.0
| 
|                      03/25/2018
| 
| Implementation by:
|                    Ross C. Walker     (SDSC)
|                    Scott Le Grand     (nVIDIA)
| 
| Version 18 performance extensions by:
|                    David Cerutti     (Rutgers)
| 
| Precision model in use:
|      [SPFP] - Single Precision Forces, 64-bit Fixed Point
|               Accumulation. (Default)
| 
|--------------------------------------------------------
 
|----------------- CITATION INFORMATION -----------------
|
|    When publishing work that utilized the CUDA version
|    of AMBER, please cite the following in addition to
|    the regular AMBER citations:
|
|  - Romelia Salomon-Ferrer; Andreas W. Goetz; Duncan
|    Poole; Scott Le Grand; Ross C. Walker "Routine
|    microsecond molecular dynamics simulations with
|    AMBER - Part II: Particle Mesh Ewald", J. Chem.
|    Theory Comput., 2013, 9 (9), pp3878-3888,
|    DOI: 10.1021/ct400314y.
|
|  - Andreas W. Goetz; Mark J. Williamson; Dong Xu;
|    Duncan Poole; Scott Le Grand; Ross C. Walker
|    "Routine microsecond molecular dynamics simulations
|    with AMBER - Part I: Generalized Born", J. Chem.
|    Theory Comput., 2012, 8 (5), pp1542-1555.
|
|  - Scott Le Grand; Andreas W. Goetz; Ross C. Walker
|    "SPFP: Speed without compromise - a mixed precision
|    model for GPU accelerated molecular dynamics
|    simulations.", Comp. Phys. Comm., 2013, 184
|    pp374-380, DOI: 10.1016/j.cpc.2012.09.022
|
|--------------------------------------------------------
 
|------------------- GPU DEVICE INFO --------------------
|
|            CUDA_VISIBLE_DEVICES: 5
|   CUDA Capable Devices Detected:      1
|           CUDA Device ID in use:      0
|                CUDA Device Name: GeForce GTX TITAN X
|     CUDA Device Global Mem Size:  12207 MB
| CUDA Device Num Multiprocessors:     24
|           CUDA Device Core Freq:   1.08 GHz
|
|--------------------------------------------------------
 
 
| Conditional Compilation Defines Used:
| PUBFFT
| BINTRAJ
| CUDA
| EMIL

| Largest sphere to fit in unit cell has radius =    20.773

| New format PARM file being parsed.
| Version =    1.000 Date = 04/23/18 Time = 20:07:26

| Note: 1-4 EEL scale factors are being read from the topology file.

| Note: 1-4 VDW scale factors are being read from the topology file.
| Duplicated    0 dihedrals

| Duplicated    0 dihedrals

--------------------------------------------------------------------------------
   1.  RESOURCE   USE: 
--------------------------------------------------------------------------------

 getting new box info from bottom of inpcrd
 NATOM  =    9223 NTYPES =      11 NBONH =    9067 MBONA  =     155
 NTHETH =     153 MTHETA =     232 NPHIH =     345 MPHIA  =     366
 NHPARM =       0 NPARM  =       0 NNB   =   13221 NRES   =    3022
 NBONA  =     155 NTHETA =     232 NPHIA =     366 NUMBND =      13
 NUMANG =      22 NPTRA  =      15 NATYP =      13 NPHB   =       0
 IFBOX  =       1 NMXRS  =     184 IFCAP =       0 NEXTRA =       0
 NCOPY  =       0

| Coordinate Index Table dimensions:     8    8   13
| Direct force subcell size =     5.1932    5.4715    5.2520

     BOX TYPE: RECTILINEAR

--------------------------------------------------------------------------------
   2.  CONTROL  DATA  FOR  THE  RUN
--------------------------------------------------------------------------------

default_name                                                                    

General flags:
     imin    =       0, nmropt  =       1

Nature and format of input:
     ntx     =       1, irest   =       0, ntrx    =       1

Nature and format of output:
     ntxo    =       1, ntpr    =     500, ntrx    =       1, ntwr    =     250
     iwrap   =       0, ntwx    =     250, ntwv    =       0, ntwe    =     500
     ioutfm  =       1, ntwprt  =     206, idecomp =       0, rbornstat=      0

Potential function:
     ntf     =       2, ntb     =       2, igb     =       0, nsnb    =      25
     ipol    =       0, gbsa    =       0, iesp    =       0
     dielc   =   1.00000, cut     =   9.00000, intdiel =   1.00000

Frozen or restrained atoms:
     ibelly  =       0, ntr     =       1
     restraint_wt =  50.00000

Molecular dynamics:
     nstlim  =    500000, nscm    =         0, nrespa  =         1
     t       =   0.00000, dt      =   0.00200, vlimit  =  -1.00000

Langevin dynamics temperature regulation:
     ig      =  503959
     temp0   = 298.15000, tempi   = 298.15000, gamma_ln=   1.00000

Pressure regulation:
     ntp     =       1
     pres0   =   1.00000, comp    =  44.60000, taup    =   1.00000
     Monte-Carlo Barostat:
     mcbarint  =     100

SHAKE:
     ntc     =       2, jfastw  =       0
     tol     =   0.00001

NMR refinement options:
     iscale  =       0, noeskp  =       1, ipnlty  =       1, mxsub   =       1
     scalm   = 100.00000, pencut  =  -1.00000, tausw   =   0.10000

| Intermolecular bonds treatment:
|     no_intermolecular_bonds =       1

| Energy averages sample interval:
|     ene_avg_sampling =     500

Ewald parameters:
     verbose =       0, ew_type =       0, nbflag  =       1, use_pme =       1
     vdwmeth =       1, eedmeth =       1, netfrc  =       1
     Box X =   41.545   Box Y =   43.772   Box Z =   68.277
     Alpha =   90.000   Beta  =   90.000   Gamma =   90.000
     NFFT1 =   48       NFFT2 =   48       NFFT3 =   72
     Cutoff=    9.000   Tol   =0.100E-04
     Ewald Coefficient =  0.30768
     Interpolation order =    4

    LOADING THE CONSTRAINED ATOMS AS GROUPS


   5.  REFERENCE ATOM COORDINATES

  default_name                                                                    
     Mask @DUM; matches     3 atoms
| MONTE CARLO BAROSTAT IMPORTANT NOTE:
|   The Monte-Carlo barostat does not require the virial to adjust the system volume.
|   Since it is an expensive calculation, it is skipped for efficiency. A side-effect
|   is that the reported pressure is always 0 because it is not calculated.

--------------------------------------------------------------------------------
   3.  ATOMIC COORDINATES AND VELOCITIES
--------------------------------------------------------------------------------

default_name                                                                    
 begin time read from input coords =     0.000 ps



           Begin reading energy term weight changes/NMR restraints
 WEIGHT CHANGES:
                         ** No weight changes given **

 RESTRAINTS:
 Requested file redirections:
  DISANG    = disang.rest
  LISTOUT   = POUT
 Restraints will be read from file: disang.rest
Here are comments from the DISANG input file:

                       Number of restraints read =     9

                  Done reading weight changes/NMR restraints


 
 Number of triangulated 3-point waters found:     3000

     Sum of charges from parm topology file =   0.00000002
     Forcing neutrality...

| Dynamic Memory, Types Used:
| Reals              528929
| Integers           284277

| Nonbonded Pairs Initial Allocation:     2102844

| GPU memory information (estimate):
| KB of GPU memory in use:         0
| KB of CPU memory in use:         0

--------------------------------------------------------------------------------
   4.  RESULTS
--------------------------------------------------------------------------------


 NSTEP =        0   TIME(PS) =       0.000  TEMP(K) =   443.59  PRESS =     0.0
 Etot   =    -30782.4002  EKtot   =      8198.7269  EPtot      =    -38981.1270
 BOND   =        16.6111  ANGLE   =        51.8607  DIHED      =       103.8791
 1-4 NB =        66.8424  1-4 EEL =        59.9600  VDWAALS    =      6024.5351
 EELEC  =    -45305.1105  EHBOND  =         0.0000  RESTRAINT  =         0.2951
 EAMBER (non-restraint)  =    -38981.4222
 EKCMT  =         0.0000  VIRIAL  =         0.0000  VOLUME     =    124161.7853
                                                    Density    =         0.7617
 ------------------------------------------------------------------------------

 NMR restraints: Bond =    0.134   Angle =     0.130   Torsion =     0.005
===============================================================================

 NSTEP =      500   TIME(PS) =       1.000  TEMP(K) =   260.20  PRESS =     0.0
 Etot   =    -25927.4490  EKtot   =      4809.2954  EPtot      =    -30736.7444
 BOND   =        49.0648  ANGLE   =        93.3598  DIHED      =       131.8054
 1-4 NB =        77.1254  1-4 EEL =        63.4567  VDWAALS    =      4575.4847
 EELEC  =    -35732.3216  EHBOND  =         0.0000  RESTRAINT  =         5.2803
 EAMBER (non-restraint)  =    -30742.0248
 EKCMT  =         0.0000  VIRIAL  =         0.0000  VOLUME     =    121830.0111
                                                    Density    =         0.7762
 ------------------------------------------------------------------------------

 NMR restraints: Bond =    0.007   Angle =     0.500   Torsion =     2.407
===============================================================================

 NSTEP =     1000   TIME(PS) =       2.000  TEMP(K) =   291.93  PRESS =     0.0
 Etot   =    -25031.9655  EKtot   =      5395.7798  EPtot      =    -30427.7453
 BOND   =        53.6061  ANGLE   =       111.9791  DIHED      =       132.4539
 1-4 NB =        78.2026  1-4 EEL =        62.5183  VDWAALS    =      4577.9623
 EELEC  =    -35448.4624  EHBOND  =         0.0000  RESTRAINT  =         3.9948
 EAMBER (non-restraint)  =    -30431.7400
 EKCMT  =         0.0000  VIRIAL  =         0.0000  VOLUME     =    120696.1230
                                                    Density    =         0.7835
 ------------------------------------------------------------------------------

 NMR restraints: Bond =    0.055   Angle =     0.457   Torsion =     1.059
===============================================================================

 NSTEP =     1500   TIME(PS) =       3.000  TEMP(K) =   293.40  PRESS =     0.0
 Etot   =    -24663.5509  EKtot   =      5422.8726  EPtot      =    -30086.4235
 BOND   =        53.8453  ANGLE   =       111.2200  DIHED      =       141.1345
 1-4 NB =        76.7715  1-4 EEL =        63.1290  VDWAALS    =      4177.4718
 EELEC  =    -34711.8865  EHBOND  =         0.0000  RESTRAINT  =         1.8908
 EAMBER (non-restraint)  =    -30088.3142
 EKCMT  =         0.0000  VIRIAL  =         0.0000  VOLUME     =    119069.6128
                                                    Density    =         0.7942
 ------------------------------------------------------------------------------

 NMR restraints: Bond =    0.030   Angle =     0.189   Torsion =     0.636
===============================================================================

 NSTEP =     2000   TIME(PS) =       4.000  TEMP(K) =   298.68  PRESS =     0.0
 Etot   =    -24423.0456  EKtot   =      5520.4678  EPtot      =    -29943.5134
 BOND   =        49.3912  ANGLE   =       132.9279  DIHED      =       138.1447
 1-4 NB =        74.2861  1-4 EEL =        61.2444  VDWAALS    =      4176.0578
 EELEC  =    -34577.8375  EHBOND  =         0.0000  RESTRAINT  =         2.2722
 EAMBER (non-restraint)  =    -29945.7856
 EKCMT  =         0.0000  VIRIAL  =         0.0000  VOLUME     =    118053.7553
                                                    Density    =         0.8011
 ------------------------------------------------------------------------------

 NMR restraints: Bond =    0.430   Angle =     0.440   Torsion =     0.224
===============================================================================

 NSTEP =     2500   TIME(PS) =       5.000  TEMP(K) =   298.81  PRESS =     0.0
 Etot   =    -24540.5393  EKtot   =      5522.7754  EPtot      =    -30063.3146
 BOND   =        58.2385  ANGLE   =       109.4056  DIHED      =       143.1795
 1-4 NB =        76.5151  1-4 EEL =        64.3023  VDWAALS    =      4564.2272
 EELEC  =    -35084.3965  EHBOND  =         0.0000  RESTRAINT  =         5.2138
 EAMBER (non-restraint)  =    -30068.5284
 EKCMT  =         0.0000  VIRIAL  =         0.0000  VOLUME     =    115916.4994
                                                    Density    =         0.8158
 ------------------------------------------------------------------------------

 NMR restraints: Bond =    2.971   Angle =     0.411   Torsion =     0.540
===============================================================================

 NSTEP =     3000   TIME(PS) =       6.000  TEMP(K) =   301.92  PRESS =     0.0
 Etot   =    -24735.7422  EKtot   =      5580.3179  EPtot      =    -30316.0600
 BOND   =        52.9077  ANGLE   =       111.9025  DIHED      =       138.8058
 1-4 NB =        80.0558  1-4 EEL =        63.6613  VDWAALS    =      4407.2139
 EELEC  =    -35175.1429  EHBOND  =         0.0000  RESTRAINT  =         4.5359
 EAMBER (non-restraint)  =    -30320.5960
 EKCMT  =         0.0000  VIRIAL  =         0.0000  VOLUME     =    114044.1078
                                                    Density    =         0.8292
 ------------------------------------------------------------------------------

 NMR restraints: Bond =    1.556   Angle =     0.425   Torsion =     0.062
===============================================================================

 NSTEP =     3500   TIME(PS) =       7.000  TEMP(K) =   298.46  PRESS =     0.0
 Etot   =    -24788.7674  EKtot   =      5516.4033  EPtot      =    -30305.1707
 BOND   =        61.1407  ANGLE   =       111.3042  DIHED      =       142.6873
 1-4 NB =        73.2942  1-4 EEL =        63.7257  VDWAALS    =      4054.4461
 EELEC  =    -34815.1707  EHBOND  =         0.0000  RESTRAINT  =         3.4018
 EAMBER (non-restraint)  =    -30308.5725
 EKCMT  =         0.0000  VIRIAL  =         0.0000  VOLUME     =    113501.1614
                                                    Density    =         0.8332
 ------------------------------------------------------------------------------

 NMR restraints: Bond =    0.643   Angle =     0.262   Torsion =     1.272
===============================================================================

 NSTEP =     4000   TIME(PS) =       8.000  TEMP(K) =   294.37  PRESS =     0.0
 Etot   =    -24876.8536  EKtot   =      5440.7549  EPtot      =    -30317.6085
 BOND   =        65.4614  ANGLE   =       109.4227  DIHED      =       135.4189
 1-4 NB =        72.0948  1-4 EEL =        61.7474  VDWAALS    =      4246.7402
 EELEC  =    -35013.4632  EHBOND  =         0.0000  RESTRAINT  =         4.9693
 EAMBER (non-restraint)  =    -30322.5778
 EKCMT  =         0.0000  VIRIAL  =         0.0000  VOLUME     =    112541.5967
                                                    Density    =         0.8403
 ------------------------------------------------------------------------------

 NMR restraints: Bond =    0.415   Angle =     1.647   Torsion =     0.518
===============================================================================

 NSTEP =     4500   TIME(PS) =       9.000  TEMP(K) =   296.85  PRESS =     0.0
 Etot   =    -24933.3343  EKtot   =      5486.6968  EPtot      =    -30420.0311
 BOND   =        56.9709  ANGLE   =       108.4164  DIHED      =       131.8775
 1-4 NB =        72.3724  1-4 EEL =        60.4184  VDWAALS    =      4210.8747
 EELEC  =    -35064.8271  EHBOND  =         0.0000  RESTRAINT  =         3.8656
 EAMBER (non-restraint)  =    -30423.8967
 EKCMT  =         0.0000  VIRIAL  =         0.0000  VOLUME     =    111649.5103
                                                    Density    =         0.8470
 ------------------------------------------------------------------------------

 NMR restraints: Bond =    0.192   Angle =     0.483   Torsion =     0.824
===============================================================================

 NSTEP =     5000   TIME(PS) =      10.000  TEMP(K) =   290.78  PRESS =     0.0
 Etot   =    -25073.4663  EKtot   =      5374.3652  EPtot      =    -30447.8315
 BOND   =        52.6698  ANGLE   =       105.0358  DIHED      =       138.1984
 1-4 NB =        74.3917  1-4 EEL =        60.9235  VDWAALS    =      4280.2275
 EELEC  =    -35165.1119  EHBOND  =         0.0000  RESTRAINT  =         5.8338
 EAMBER (non-restraint)  =    -30453.6653
 EKCMT  =         0.0000  VIRIAL  =         0.0000  VOLUME     =    110508.3010
                                                    Density    =         0.8558
 ------------------------------------------------------------------------------

 NMR restraints: Bond =    0.008   Angle =     0.198   Torsion =     0.082
===============================================================================

 NSTEP =     5500   TIME(PS) =      11.000  TEMP(K) =   297.64  PRESS =     0.0
 Etot   =    -24879.7364  EKtot   =      5501.2710  EPtot      =    -30381.0074
 BOND   =        59.8320  ANGLE   =       104.7745  DIHED      =       131.5050
 1-4 NB =        76.8430  1-4 EEL =        60.6029  VDWAALS    =      4140.3680
 EELEC  =    -34958.8480  EHBOND  =         0.0000  RESTRAINT  =         3.9153
 EAMBER (non-restraint)  =    -30384.9226
 EKCMT  =         0.0000  VIRIAL  =         0.0000  VOLUME     =    109814.0767
                                                    Density    =         0.8612
 ------------------------------------------------------------------------------

 NMR restraints: Bond =    0.047   Angle =     1.215   Torsion =     1.393
===============================================================================

 NSTEP =     6000   TIME(PS) =      12.000  TEMP(K) =   297.38  PRESS =     0.0
 Etot   =    -25039.0842  EKtot   =      5496.4634  EPtot      =    -30535.5475
 BOND   =        67.2390  ANGLE   =       108.1743  DIHED      =       133.6683
 1-4 NB =        72.8669  1-4 EEL =        65.0515  VDWAALS    =      4307.9455
 EELEC  =    -35298.7177  EHBOND  =         0.0000  RESTRAINT  =         8.2247
 EAMBER (non-restraint)  =    -30543.7723
 EKCMT  =         0.0000  VIRIAL  =         0.0000  VOLUME     =    107734.8693
                                                    Density    =         0.8778
 ------------------------------------------------------------------------------

 NMR restraints: Bond =    0.069   Angle =     1.594   Torsion =     1.518
===============================================================================

 NSTEP =     6500   TIME(PS) =      13.000  TEMP(K) =   296.48  PRESS =     0.0
 Etot   =    -25164.4787  EKtot   =      5479.7773  EPtot      =    -30644.2561
 BOND   =        53.3015  ANGLE   =       109.2797  DIHED      =       130.4822
 1-4 NB =        74.3553  1-4 EEL =        60.6975  VDWAALS    =      4298.9012
 EELEC  =    -35378.1791  EHBOND  =         0.0000  RESTRAINT  =         6.9057
 EAMBER (non-restraint)  =    -30651.1618
 EKCMT  =         0.0000  VIRIAL  =         0.0000  VOLUME     =    105780.7907
                                                    Density    =         0.8940
 ------------------------------------------------------------------------------

 NMR restraints: Bond =    0.512   Angle =     1.488   Torsion =     1.052
===============================================================================

 NSTEP =     7000   TIME(PS) =      14.000  TEMP(K) =   301.56  PRESS =     0.0
 Etot   =    -24993.2385  EKtot   =      5573.7017  EPtot      =    -30566.9401
 BOND   =        58.9100  ANGLE   =       122.4205  DIHED      =       122.0483
 1-4 NB =        72.3595  1-4 EEL =        62.5293  VDWAALS    =      4077.2361
 EELEC  =    -35087.2077  EHBOND  =         0.0000  RESTRAINT  =         4.7638
 EAMBER (non-restraint)  =    -30571.7039
 EKCMT  =         0.0000  VIRIAL  =         0.0000  VOLUME     =    105460.3688
                                                    Density    =         0.8967
 ------------------------------------------------------------------------------

 NMR restraints: Bond =    0.150   Angle =     0.828   Torsion =     0.634
===============================================================================

 NSTEP =     7500   TIME(PS) =      15.000  TEMP(K) =   299.01  PRESS =     0.0
 Etot   =    -25085.6103  EKtot   =      5526.5415  EPtot      =    -30612.1518
 BOND   =        67.5205  ANGLE   =       120.6388  DIHED      =       139.2980
 1-4 NB =        74.2988  1-4 EEL =        55.7499  VDWAALS    =      4135.2817
 EELEC  =    -35209.2920  EHBOND  =         0.0000  RESTRAINT  =         4.3525
 EAMBER (non-restraint)  =    -30616.5043
 EKCMT  =         0.0000  VIRIAL  =         0.0000  VOLUME     =    103449.5528
                                                    Density    =         0.9141
 ------------------------------------------------------------------------------

 NMR restraints: Bond =    0.000   Angle =     0.504   Torsion =     1.052
===============================================================================

 NSTEP =     8000   TIME(PS) =      16.000  TEMP(K) =   298.41  PRESS =     0.0
 Etot   =    -25161.0576  EKtot   =      5515.5625  EPtot      =    -30676.6201
 BOND   =        51.1716  ANGLE   =       114.6787  DIHED      =       130.3114
 1-4 NB =        74.8159  1-4 EEL =        63.8895  VDWAALS    =      4380.0372
 EELEC  =    -35497.3586  EHBOND  =         0.0000  RESTRAINT  =         5.8341
 EAMBER (non-restraint)  =    -30682.4542
 EKCMT  =         0.0000  VIRIAL  =         0.0000  VOLUME     =    101607.1468
                                                    Density    =         0.9307
 ------------------------------------------------------------------------------

 NMR restraints: Bond =    0.404   Angle =     0.710   Torsion =     2.499
===============================================================================

 NSTEP =     8500   TIME(PS) =      17.000  TEMP(K) =   294.39  PRESS =     0.0
 Etot   =    -25177.0177  EKtot   =      5441.2192  EPtot      =    -30618.2369
 BOND   =        64.1538  ANGLE   =       123.9807  DIHED      =       141.4525
 1-4 NB =        75.8375  1-4 EEL =        56.1560  VDWAALS    =      4319.4880
 EELEC  =    -35403.0041  EHBOND  =         0.0000  RESTRAINT  =         3.6988
 EAMBER (non-restraint)  =    -30621.9357
 EKCMT  =         0.0000  VIRIAL  =         0.0000  VOLUME     =    100400.4684
                                                    Density    =         0.9419
 ------------------------------------------------------------------------------

 NMR restraints: Bond =    0.003   Angle =     0.340   Torsion =     1.003
===============================================================================

 NSTEP =     9000   TIME(PS) =      18.000  TEMP(K) =   300.72  PRESS =     0.0
 Etot   =    -25142.2918  EKtot   =      5558.1973  EPtot      =    -30700.4890
 BOND   =        54.5687  ANGLE   =       120.3979  DIHED      =       125.4177
 1-4 NB =        73.8017  1-4 EEL =        59.7628  VDWAALS    =      4153.2074
 EELEC  =    -35292.7508  EHBOND  =         0.0000  RESTRAINT  =         5.1056
 EAMBER (non-restraint)  =    -30705.5946
 EKCMT  =         0.0000  VIRIAL  =         0.0000  VOLUME     =     99960.8657
                                                    Density    =         0.9461
 ------------------------------------------------------------------------------

 NMR restraints: Bond =    0.004   Angle =     0.289   Torsion =     2.403
===============================================================================

 NSTEP =     9500   TIME(PS) =      19.000  TEMP(K) =   301.18  PRESS =     0.0
 Etot   =    -25317.4273  EKtot   =      5566.6050  EPtot      =    -30884.0323
 BOND   =        51.0882  ANGLE   =       110.6412  DIHED      =       135.8457
 1-4 NB =        83.5764  1-4 EEL =        67.0146  VDWAALS    =      4491.4058
 EELEC  =    -35827.8100  EHBOND  =         0.0000  RESTRAINT  =         4.2059
 EAMBER (non-restraint)  =    -30888.2382
 EKCMT  =         0.0000  VIRIAL  =         0.0000  VOLUME     =     98100.1856
                                                    Density    =         0.9640
 ------------------------------------------------------------------------------

 NMR restraints: Bond =    0.210   Angle =     0.677   Torsion =     2.051
===============================================================================

 NSTEP =    10000   TIME(PS) =      20.000  TEMP(K) =   297.70  PRESS =     0.0
 Etot   =    -25356.9753  EKtot   =      5502.3154  EPtot      =    -30859.2907
 BOND   =        60.7839  ANGLE   =       119.3984  DIHED      =       128.7348
 1-4 NB =        77.6521  1-4 EEL =        63.1368  VDWAALS    =      4353.6459
 EELEC  =    -35667.7890  EHBOND  =         0.0000  RESTRAINT  =         5.1463
 EAMBER (non-restraint)  =    -30864.4370
 EKCMT  =         0.0000  VIRIAL  =         0.0000  VOLUME     =     98100.1856
                                                    Density    =         0.9640
 ------------------------------------------------------------------------------

 NMR restraints: Bond =    0.019   Angle =     0.080   Torsion =     1.259
===============================================================================

 NSTEP =    10500   TIME(PS) =      21.000  TEMP(K) =   294.05  PRESS =     0.0
 Etot   =    -25462.2929  EKtot   =      5434.8101  EPtot      =    -30897.1030
 BOND   =        52.0090  ANGLE   =       112.2861  DIHED      =       130.2529
 1-4 NB =        80.6507  1-4 EEL =        63.4499  VDWAALS    =      4294.9790
 EELEC  =    -35635.5354  EHBOND  =         0.0000  RESTRAINT  =         4.8049
 EAMBER (non-restraint)  =    -30901.9078
 EKCMT  =         0.0000  VIRIAL  =         0.0000  VOLUME     =     97874.6884
                                                    Density    =         0.9662
 ------------------------------------------------------------------------------

 NMR restraints: Bond =    0.153   Angle =     0.625   Torsion =     0.695
===============================================================================

 NSTEP =    11000   TIME(PS) =      22.000  TEMP(K) =   297.71  PRESS =     0.0
 Etot   =    -25677.1396  EKtot   =      5502.5093  EPtot      =    -31179.6489
 BOND   =        50.4380  ANGLE   =       101.9259  DIHED      =       142.3215
 1-4 NB =        73.7685  1-4 EEL =        61.0144  VDWAALS    =      4468.8916
 EELEC  =    -36083.0532  EHBOND  =         0.0000  RESTRAINT  =         5.0445
 EAMBER (non-restraint)  =    -31184.6933
 EKCMT  =         0.0000  VIRIAL  =         0.0000  VOLUME     =     95827.6107
                                                    Density    =         0.9869
 ------------------------------------------------------------------------------

 NMR restraints: Bond =    0.679   Angle =     0.348   Torsion =     1.450
===============================================================================
