
          -------------------------------------------------------
          Amber 18 PMEMD                              2018
          -------------------------------------------------------

| PMEMD implementation of SANDER, Release 18

| Run on 05/02/2018 at 10:04:01

|   Executable path: pmemd.cuda
| Working directory: /oasis/tscc/scratch/davids4/SAMPLing-cut9/11499152.tscc-mgr.local
|          Hostname: tscc-gpu-7-9.sdsc.edu

  [-O]verwriting output

File Assignments:
|   MDIN: minimize.in                                                           
|  MDOUT: minimize.out                                                          
| INPCRD: solvate.rst7                                                          
|   PARM: solvate.prmtop                                                        
| RESTRT: minimize.rst7                                                         
|   REFC: solvate.rst7                                                          
|  MDVEL: mdvel                                                                 
|   MDEN: mden                                                                  
|  MDCRD: mdcrd                                                                 
| MDINFO: minimize.mdinfo                                                       
|  MDFRC: mdfrc                                                                 


 Here is the input file:

PBC Minimization                                                               
 &cntrl                                                                        
  imin =          1,                                                           
  ntx =           1,                                                           
  irest =         0,                                                           
  maxcyc =        500,                                                         
  ncyc =          400,                                                         
  dt =            0.0,                                                         
  nstlim =        0,                                                           
  ntpr =          100,                                                         
  ntwe =          0,                                                           
  ntwr =          5000,                                                        
  ntwx =          0,                                                           
  ntxo =          1,                                                           
  ioutfm =        1,                                                           
  ntf =           1,                                                           
  ntc =           1,                                                           
  cut =           9.0,                                                         
  igb =           0,                                                           
  tempi =         298.15,                                                      
  temp0 =         298.15,                                                      
  ntt =           0,                                                           
  gamma_ln =      0.0,                                                         
  ig =            0,                                                           
  ntp =           0,                                                           
  barostat =      0,                                                           
  ntr =           1,                                                           
  restraint_wt =  50.0,                                                        
  restraintmask = '@DUM',                                                      
  nmropt =        1,                                                           
  pencut =        -1,                                                          
 /                                                                             
 &wt type = 'END', /                                                           
DISANG = disang.rest                                                           
LISTOUT = POUT                                                                 
                                                                               


| irandom = 1, using AMBER's internal random number generator (default).
 
|--------------------- INFORMATION ----------------------
| GPU (CUDA) Version of PMEMD in use: NVIDIA GPU IN USE.
|                    Version 18.0.0
| 
|                      03/25/2018
| 
| Implementation by:
|                    Ross C. Walker     (SDSC)
|                    Scott Le Grand     (nVIDIA)
| 
| Version 18 performance extensions by:
|                    David Cerutti     (Rutgers)
| 
| Precision model in use:
|      [SPFP] - Single Precision Forces, 64-bit Fixed Point
|               Accumulation. (Default)
| 
|--------------------------------------------------------
 
|----------------- CITATION INFORMATION -----------------
|
|    When publishing work that utilized the CUDA version
|    of AMBER, please cite the following in addition to
|    the regular AMBER citations:
|
|  - Romelia Salomon-Ferrer; Andreas W. Goetz; Duncan
|    Poole; Scott Le Grand; Ross C. Walker "Routine
|    microsecond molecular dynamics simulations with
|    AMBER - Part II: Particle Mesh Ewald", J. Chem.
|    Theory Comput., 2013, 9 (9), pp3878-3888,
|    DOI: 10.1021/ct400314y.
|
|  - Andreas W. Goetz; Mark J. Williamson; Dong Xu;
|    Duncan Poole; Scott Le Grand; Ross C. Walker
|    "Routine microsecond molecular dynamics simulations
|    with AMBER - Part I: Generalized Born", J. Chem.
|    Theory Comput., 2012, 8 (5), pp1542-1555.
|
|  - Scott Le Grand; Andreas W. Goetz; Ross C. Walker
|    "SPFP: Speed without compromise - a mixed precision
|    model for GPU accelerated molecular dynamics
|    simulations.", Comp. Phys. Comm., 2013, 184
|    pp374-380, DOI: 10.1016/j.cpc.2012.09.022
|
|--------------------------------------------------------
 
|------------------- GPU DEVICE INFO --------------------
|
|            CUDA_VISIBLE_DEVICES: 0
|   CUDA Capable Devices Detected:      1
|           CUDA Device ID in use:      0
|                CUDA Device Name: GeForce GTX TITAN X
|     CUDA Device Global Mem Size:  12207 MB
| CUDA Device Num Multiprocessors:     24
|           CUDA Device Core Freq:   1.08 GHz
|
|--------------------------------------------------------
 
 
| Conditional Compilation Defines Used:
| PUBFFT
| BINTRAJ
| CUDA
| EMIL

| Largest sphere to fit in unit cell has radius =    21.886

| New format PARM file being parsed.
| Version =    1.000 Date = 04/23/18 Time = 20:14:57

| Note: 1-4 EEL scale factors are being read from the topology file.

| Note: 1-4 VDW scale factors are being read from the topology file.
| Duplicated    0 dihedrals

| Duplicated    0 dihedrals

--------------------------------------------------------------------------------
   1.  RESOURCE   USE: 
--------------------------------------------------------------------------------

 getting new box info from bottom of inpcrd
 NATOM  =    9221 NTYPES =      11 NBONH =    9065 MBONA  =     155
 NTHETH =     148 MTHETA =     231 NPHIH =     343 MPHIA  =     362
 NHPARM =       0 NPARM  =       0 NNB   =   13205 NRES   =    3022
 NBONA  =     155 NTHETA =     231 NPHIA =     362 NUMBND =      16
 NUMANG =      28 NPTRA  =      15 NATYP =      14 NPHB   =       0
 IFBOX  =       1 NMXRS  =     184 IFCAP =       0 NEXTRA =       0
 NCOPY  =       0

| Coordinate Index Table dimensions:     9    8   12
| Direct force subcell size =     5.1070    5.4715    5.1664

     BOX TYPE: RECTILINEAR

--------------------------------------------------------------------------------
   2.  CONTROL  DATA  FOR  THE  RUN
--------------------------------------------------------------------------------

default_name                                                                    

General flags:
     imin    =       1, nmropt  =       1

Nature and format of input:
     ntx     =       1, irest   =       0, ntrx    =       1

Nature and format of output:
     ntxo    =       1, ntpr    =     100, ntrx    =       1, ntwr    =       1
     iwrap   =       0, ntwx    =       0, ntwv    =       0, ntwe    =       0
     ioutfm  =       1, ntwprt  =       0, idecomp =       0, rbornstat=      0

Potential function:
     ntf     =       1, ntb     =       1, igb     =       0, nsnb    =      25
     ipol    =       0, gbsa    =       0, iesp    =       0
     dielc   =   1.00000, cut     =   9.00000, intdiel =   1.00000

Frozen or restrained atoms:
     ibelly  =       0, ntr     =       1
     restraint_wt =  50.00000

Energy minimization:
     maxcyc  =     500, ncyc    =     400, ntmin   =       1
     dx0     =   0.01000, drms    =   0.00010

NMR refinement options:
     iscale  =       0, noeskp  =       1, ipnlty  =       1, mxsub   =       1
     scalm   = 100.00000, pencut  =  -1.00000, tausw   =   0.10000

| Intermolecular bonds treatment:
|     no_intermolecular_bonds =       1

| Energy averages sample interval:
|     ene_avg_sampling =       1

Ewald parameters:
     verbose =       0, ew_type =       0, nbflag  =       1, use_pme =       1
     vdwmeth =       1, eedmeth =       1, netfrc  =       0
     Box X =   45.963   Box Y =   43.772   Box Z =   61.996
     Alpha =   90.000   Beta  =   90.000   Gamma =   90.000
     NFFT1 =   48       NFFT2 =   48       NFFT3 =   64
     Cutoff=    9.000   Tol   =0.100E-04
     Ewald Coefficient =  0.30768
     Interpolation order =    4

    LOADING THE CONSTRAINED ATOMS AS GROUPS


   5.  REFERENCE ATOM COORDINATES

  default_name                                                                    
     Mask @DUM; matches     3 atoms

--------------------------------------------------------------------------------
   3.  ATOMIC COORDINATES AND VELOCITIES
--------------------------------------------------------------------------------

default_name                                                                    
 begin time read from input coords =     0.000 ps



           Begin reading energy term weight changes/NMR restraints
 WEIGHT CHANGES:
                         ** No weight changes given **

 RESTRAINTS:
 Requested file redirections:
  DISANG    = disang.rest
  LISTOUT   = POUT
 Restraints will be read from file: disang.rest
Here are comments from the DISANG input file:

                       Number of restraints read =     9

                  Done reading weight changes/NMR restraints


 
 Number of triangulated 3-point waters found:     3000

     Sum of charges from parm topology file =   0.00000002
     Forcing neutrality...

| Dynamic Memory, Types Used:
| Reals              372814
| Integers           259518

| Nonbonded Pairs Initial Allocation:     2102388

| GPU memory information (estimate):
| KB of GPU memory in use:         0
| KB of CPU memory in use:         0

--------------------------------------------------------------------------------
   4.  RESULTS
--------------------------------------------------------------------------------



   NSTEP       ENERGY          RMS            GMAX         NAME    NUMBER
      1      -2.4521E+04     1.3067E+01     1.0767E+02     C57        69

 BOND    =       44.8851  ANGLE   =      112.1634  DIHED      =      129.4071
 VDWAALS =     3085.9623  EEL     =   -28034.5632  HBOND      =        0.0000
 1-4 VDW =       74.8005  1-4 EEL =       59.9753  RESTRAINT  =        6.0183
 EAMBER  =   -24527.3695
 NMR restraints: Bond =    0.000   Angle =     6.018   Torsion =     0.000
===============================================================================


   NSTEP       ENERGY          RMS            GMAX         NAME    NUMBER
    100      -3.2407E+04     1.6651E+00     2.0708E+01     C57        69

 BOND    =     1784.5797  ANGLE   =       45.0391  DIHED      =      106.2296
 VDWAALS =     3469.5233  EEL     =   -37944.3654  HBOND      =        0.0000
 1-4 VDW =       68.2244  1-4 EEL =       61.0825  RESTRAINT  =        2.5380
 EAMBER  =   -32409.6869
 NMR restraints: Bond =    0.024   Angle =     2.445   Torsion =     0.009
===============================================================================


   NSTEP       ENERGY          RMS            GMAX         NAME    NUMBER
    200      -3.3708E+04     2.1229E+00     5.6546E+01     C57        69

 BOND    =     2178.5470  ANGLE   =       47.4791  DIHED      =      106.9701
 VDWAALS =     4027.6061  EEL     =   -40198.2508  HBOND      =        0.0000
 1-4 VDW =       67.5930  1-4 EEL =       60.2812  RESTRAINT  =        1.3890
 EAMBER  =   -33709.7743
 NMR restraints: Bond =    0.036   Angle =     1.312   Torsion =     0.005
===============================================================================


   NSTEP       ENERGY          RMS            GMAX         NAME    NUMBER
    300      -3.4477E+04     1.7770E+00     7.3776E+01     C58        70

 BOND    =     2159.7247  ANGLE   =       49.9587  DIHED      =      108.2277
 VDWAALS =     4499.3777  EEL     =   -41422.0183  HBOND      =        0.0000
 1-4 VDW =       67.2778  1-4 EEL =       60.0018  RESTRAINT  =        0.8469
 EAMBER  =   -34477.4498
 NMR restraints: Bond =    0.034   Angle =     0.784   Torsion =     0.003
===============================================================================


   NSTEP       ENERGY          RMS            GMAX         NAME    NUMBER
    400      -3.4999E+04     1.5122E+00     7.9426E+01     C90       116

 BOND    =     2244.9636  ANGLE   =       50.3890  DIHED      =      109.0837
 VDWAALS =     4882.6769  EEL     =   -42413.3728  HBOND      =        0.0000
 1-4 VDW =       66.8186  1-4 EEL =       59.9278  RESTRAINT  =        0.6507
 EAMBER  =   -34999.5132
 NMR restraints: Bond =    0.044   Angle =     0.579   Torsion =     0.007
===============================================================================


   NSTEP       ENERGY          RMS            GMAX         NAME    NUMBER
    500      -3.6491E+04     1.2523E+00     3.4677E+01     C58        70

 BOND    =     2542.8167  ANGLE   =       60.4159  DIHED      =      111.4040
 VDWAALS =     6303.2008  EEL     =   -45637.1093  HBOND      =        0.0000
 1-4 VDW =       67.8575  1-4 EEL =       59.6920  RESTRAINT  =        1.1262
 EAMBER  =   -36491.7224
 NMR restraints: Bond =    0.254   Angle =     0.794   Torsion =     0.048
===============================================================================


  Maximum number of minimization cycles reached.


                    FINAL RESULTS



   NSTEP       ENERGY          RMS            GMAX         NAME    NUMBER
    500      -3.6491E+04     1.2523E+00     3.4677E+01     C58        70

 BOND    =     2542.8167  ANGLE   =       60.4159  DIHED      =      111.4040
 VDWAALS =     6303.2008  EEL     =   -45637.1093  HBOND      =        0.0000
 1-4 VDW =       67.8575  1-4 EEL =       59.6920  RESTRAINT  =        1.1262
 EAMBER  =   -36491.7224
 NMR restraints: Bond =    0.254   Angle =     0.794   Torsion =     0.048
===============================================================================
 ------------------------------------------------------------------------------


 Final Restraint Analysis for coords: minimize.rst7                           


 Restraints, deviations, and energy contributions:    pencut =   -1.00

 ------------------------------------------------------------------------------
     First atom        Last atom    curr. value target deviation  penalty
 ------------------------------------------------------------------------------
  DUM  DM1    3 --  C26  HST    1:    7.933    8.144    0.211    0.222 d    0: 0
  DUM  DM2    4 --  C26  HST    1:  148.471  148.381    0.090    0.000 a
  DUM  DM2    4 --  DUM  DM1    3:  163.643  164.890    1.247    0.047 t
  DUM  DM1    3 --  C18  HST    1:   67.862   66.778    1.084    0.036 a
  DUM  DM1    3 --  C26  HST    1:  132.357  132.264    0.093    0.000 t
  C26  HST    1 --  C18  HST    1:   63.454   63.553    0.099    0.000 t
  DUM  DM1    3 --  C1   GST    2:    9.315    9.235    0.080    0.032 d    0: 0
  DUM  DM2    4 --  C1   GST    2:  178.254  180.000    1.746    0.093 a
  DUM  DM1    3 --  C3   GST    2:  175.327  180.000    4.673    0.665 a
                                       Total distance penalty:      0.254
                                       Total angle    penalty:      0.794
                                       Total torsion  penalty:      0.048
 ------------------------------------------------------------------------------
--------------------------------------------------------------------------------
   5.  TIMINGS
--------------------------------------------------------------------------------

|  NonSetup CPU Time in Major Routines:
|
|     Routine           Sec        %
|     ------------------------------
|     Nonbond           0.24   44.74
|     Bond              0.00    0.00
|     Angle             0.00    0.00
|     Dihedral          0.00    0.00
|     Shake             0.00    0.00
|     Other             0.29   55.26
|     ------------------------------
|     Total             0.53

|  PME Nonbond Pairlist CPU Time:
|
|     Routine              Sec        %
|     ---------------------------------
|     Set Up Cit           0.00    0.00
|     Build List           0.00    0.00
|     ---------------------------------
|     Total                0.00    0.00

|  PME Direct Force CPU Time:
|
|     Routine              Sec        %
|     ---------------------------------
|     NonBonded Calc       0.00    0.00
|     Exclude Masked       0.00    0.00
|     Other                0.00    0.00
|     ---------------------------------
|     Total                0.00    0.00

|  PME Reciprocal Force CPU Time:
|
|     Routine              Sec        %
|     ---------------------------------
|     1D bspline           0.00    0.00
|     Grid Charges         0.00    0.00
|     Scalar Sum           0.00    0.00
|     Gradient Sum         0.00    0.00
|     FFT                  0.00    0.00
|     ---------------------------------
|     Total                0.00    0.00

|  Setup CPU time:            2.65 seconds
|  NonSetup CPU time:         0.53 seconds
|  Total CPU time:            3.18 seconds     0.00 hours

|  Setup wall time:           3    seconds
|  NonSetup wall time:        1    seconds
|  Total wall time:           4    seconds     0.00 hours
