
          -------------------------------------------------------
          Amber 18 PMEMD                              2018
          -------------------------------------------------------

| PMEMD implementation of SANDER, Release 18

| Run on 05/02/2018 at 11:32:55

|   Executable path: pmemd.cuda
| Working directory: /oasis/tscc/scratch/davids4/SAMPLing-cut9/11499471.tscc-mgr.local
|          Hostname: tscc-gpu-5-9.sdsc.edu

  [-O]verwriting output

File Assignments:
|   MDIN: equil.000.in                                                          
|  MDOUT: equil.000.out                                                         
| INPCRD: minimize.rst7                                                         
|   PARM: solvate.prmtop                                                        
| RESTRT: equil.000.rst7                                                        
|   REFC: solvate.rst7                                                          
|  MDVEL: mdvel                                                                 
|   MDEN: equil.000.mden                                                        
|  MDCRD: equil.000.nc                                                          
| MDINFO: equil.000.mdinfo                                                      
|  MDFRC: mdfrc                                                                 


 Here is the input file:

PBC MD Simulation                                                              
 &cntrl                                                                        
  imin =          0,                                                           
  ntx =           1,                                                           
  irest =         0,                                                           
  maxcyc =        0,                                                           
  ncyc =          0,                                                           
  dt =            0.002,                                                       
  nstlim =        500000,                                                      
  ntpr =          500,                                                         
  ntwe =          500,                                                         
  ntwr =          250,                                                         
  ntwx =          250,                                                         
  ntxo =          1,                                                           
  ioutfm =        1,                                                           
  ntf =           2,                                                           
  ntc =           2,                                                           
  cut =           9.0,                                                         
  igb =           0,                                                           
  tempi =         298.15,                                                      
  temp0 =         298.15,                                                      
  ntt =           3,                                                           
  gamma_ln =      1.0,                                                         
  ig =            -1,                                                          
  ntp =           1,                                                           
  barostat =      2,                                                           
  ntr =           1,                                                           
  restraint_wt =  50.0,                                                        
  restraintmask = '@DUM',                                                      
  nmropt =        1,                                                           
  pencut =        -1,                                                          
  ntwprt =        206,                                                         
 /                                                                             
 &wt type = 'END', /                                                           
DISANG = disang.rest                                                           
LISTOUT = POUT                                                                 
                                                                               


Note: ig = -1. Setting random seed to    89237 based on wallclock time in 
      microseconds.
| irandom = 1, using AMBER's internal random number generator (default).
 
|--------------------- INFORMATION ----------------------
| GPU (CUDA) Version of PMEMD in use: NVIDIA GPU IN USE.
|                    Version 18.0.0
| 
|                      03/25/2018
| 
| Implementation by:
|                    Ross C. Walker     (SDSC)
|                    Scott Le Grand     (nVIDIA)
| 
| Version 18 performance extensions by:
|                    David Cerutti     (Rutgers)
| 
| Precision model in use:
|      [SPFP] - Single Precision Forces, 64-bit Fixed Point
|               Accumulation. (Default)
| 
|--------------------------------------------------------
 
|----------------- CITATION INFORMATION -----------------
|
|    When publishing work that utilized the CUDA version
|    of AMBER, please cite the following in addition to
|    the regular AMBER citations:
|
|  - Romelia Salomon-Ferrer; Andreas W. Goetz; Duncan
|    Poole; Scott Le Grand; Ross C. Walker "Routine
|    microsecond molecular dynamics simulations with
|    AMBER - Part II: Particle Mesh Ewald", J. Chem.
|    Theory Comput., 2013, 9 (9), pp3878-3888,
|    DOI: 10.1021/ct400314y.
|
|  - Andreas W. Goetz; Mark J. Williamson; Dong Xu;
|    Duncan Poole; Scott Le Grand; Ross C. Walker
|    "Routine microsecond molecular dynamics simulations
|    with AMBER - Part I: Generalized Born", J. Chem.
|    Theory Comput., 2012, 8 (5), pp1542-1555.
|
|  - Scott Le Grand; Andreas W. Goetz; Ross C. Walker
|    "SPFP: Speed without compromise - a mixed precision
|    model for GPU accelerated molecular dynamics
|    simulations.", Comp. Phys. Comm., 2013, 184
|    pp374-380, DOI: 10.1016/j.cpc.2012.09.022
|
|--------------------------------------------------------
 
|------------------- GPU DEVICE INFO --------------------
|
|            CUDA_VISIBLE_DEVICES: 1
|   CUDA Capable Devices Detected:      1
|           CUDA Device ID in use:      0
|                CUDA Device Name: GeForce GTX TITAN X
|     CUDA Device Global Mem Size:  12207 MB
| CUDA Device Num Multiprocessors:     24
|           CUDA Device Core Freq:   1.08 GHz
|
|--------------------------------------------------------
 
 
| Conditional Compilation Defines Used:
| PUBFFT
| BINTRAJ
| CUDA
| EMIL

| Largest sphere to fit in unit cell has radius =    22.338

| New format PARM file being parsed.
| Version =    1.000 Date = 04/23/18 Time = 20:17:38

| Note: 1-4 EEL scale factors are being read from the topology file.

| Note: 1-4 VDW scale factors are being read from the topology file.
| Duplicated    0 dihedrals

| Duplicated    0 dihedrals

--------------------------------------------------------------------------------
   1.  RESOURCE   USE: 
--------------------------------------------------------------------------------

 getting new box info from bottom of inpcrd
 NATOM  =    9223 NTYPES =      11 NBONH =    9067 MBONA  =     155
 NTHETH =     153 MTHETA =     232 NPHIH =     345 MPHIA  =     366
 NHPARM =       0 NPARM  =       0 NNB   =   13221 NRES   =    3022
 NBONA  =     155 NTHETA =     232 NPHIA =     366 NUMBND =      13
 NUMANG =      22 NPTRA  =      15 NATYP =      13 NPHB   =       0
 IFBOX  =       1 NMXRS  =     184 IFCAP =       0 NEXTRA =       0
 NCOPY  =       0

| Coordinate Index Table dimensions:     8    9   12
| Direct force subcell size =     5.5844    5.1077    5.0124

     BOX TYPE: RECTILINEAR

--------------------------------------------------------------------------------
   2.  CONTROL  DATA  FOR  THE  RUN
--------------------------------------------------------------------------------

default_name                                                                    

General flags:
     imin    =       0, nmropt  =       1

Nature and format of input:
     ntx     =       1, irest   =       0, ntrx    =       1

Nature and format of output:
     ntxo    =       1, ntpr    =     500, ntrx    =       1, ntwr    =     250
     iwrap   =       0, ntwx    =     250, ntwv    =       0, ntwe    =     500
     ioutfm  =       1, ntwprt  =     206, idecomp =       0, rbornstat=      0

Potential function:
     ntf     =       2, ntb     =       2, igb     =       0, nsnb    =      25
     ipol    =       0, gbsa    =       0, iesp    =       0
     dielc   =   1.00000, cut     =   9.00000, intdiel =   1.00000

Frozen or restrained atoms:
     ibelly  =       0, ntr     =       1
     restraint_wt =  50.00000

Molecular dynamics:
     nstlim  =    500000, nscm    =         0, nrespa  =         1
     t       =   0.00000, dt      =   0.00200, vlimit  =  -1.00000

Langevin dynamics temperature regulation:
     ig      =   89237
     temp0   = 298.15000, tempi   = 298.15000, gamma_ln=   1.00000

Pressure regulation:
     ntp     =       1
     pres0   =   1.00000, comp    =  44.60000, taup    =   1.00000
     Monte-Carlo Barostat:
     mcbarint  =     100

SHAKE:
     ntc     =       2, jfastw  =       0
     tol     =   0.00001

NMR refinement options:
     iscale  =       0, noeskp  =       1, ipnlty  =       1, mxsub   =       1
     scalm   = 100.00000, pencut  =  -1.00000, tausw   =   0.10000

| Intermolecular bonds treatment:
|     no_intermolecular_bonds =       1

| Energy averages sample interval:
|     ene_avg_sampling =     500

Ewald parameters:
     verbose =       0, ew_type =       0, nbflag  =       1, use_pme =       1
     vdwmeth =       1, eedmeth =       1, netfrc  =       1
     Box X =   44.675   Box Y =   45.969   Box Z =   60.149
     Alpha =   90.000   Beta  =   90.000   Gamma =   90.000
     NFFT1 =   48       NFFT2 =   48       NFFT3 =   64
     Cutoff=    9.000   Tol   =0.100E-04
     Ewald Coefficient =  0.30768
     Interpolation order =    4

    LOADING THE CONSTRAINED ATOMS AS GROUPS


   5.  REFERENCE ATOM COORDINATES

  default_name                                                                    
     Mask @DUM; matches     3 atoms
| MONTE CARLO BAROSTAT IMPORTANT NOTE:
|   The Monte-Carlo barostat does not require the virial to adjust the system volume.
|   Since it is an expensive calculation, it is skipped for efficiency. A side-effect
|   is that the reported pressure is always 0 because it is not calculated.

--------------------------------------------------------------------------------
   3.  ATOMIC COORDINATES AND VELOCITIES
--------------------------------------------------------------------------------

default_name                                                                    
 begin time read from input coords =     0.000 ps



           Begin reading energy term weight changes/NMR restraints
 WEIGHT CHANGES:
                         ** No weight changes given **

 RESTRAINTS:
 Requested file redirections:
  DISANG    = disang.rest
  LISTOUT   = POUT
 Restraints will be read from file: disang.rest
Here are comments from the DISANG input file:

                       Number of restraints read =     9

                  Done reading weight changes/NMR restraints


 
 Number of triangulated 3-point waters found:     3000

     Sum of charges from parm topology file =   0.00000002
     Forcing neutrality...

| Dynamic Memory, Types Used:
| Reals              528921
| Integers           284277

| Nonbonded Pairs Initial Allocation:     2102844

| GPU memory information (estimate):
| KB of GPU memory in use:         0
| KB of CPU memory in use:         0

--------------------------------------------------------------------------------
   4.  RESULTS
--------------------------------------------------------------------------------


 NSTEP =        0   TIME(PS) =       0.000  TEMP(K) =   445.03  PRESS =     0.0
 Etot   =    -30905.4688  EKtot   =      8225.4471  EPtot      =    -39130.9159
 BOND   =        12.1999  ANGLE   =        55.5286  DIHED      =       104.5094
 1-4 NB =        66.8698  1-4 EEL =        61.7114  VDWAALS    =      6373.0207
 EELEC  =    -45807.0373  EHBOND  =         0.0000  RESTRAINT  =         2.2814
 EAMBER (non-restraint)  =    -39133.1973
 EKCMT  =         0.0000  VIRIAL  =         0.0000  VOLUME     =    123527.0761
                                                    Density    =         0.7656
 ------------------------------------------------------------------------------

 NMR restraints: Bond =    0.260   Angle =     1.921   Torsion =     0.031
===============================================================================

 NSTEP =      500   TIME(PS) =       1.000  TEMP(K) =   265.07  PRESS =     0.0
 Etot   =    -25879.6714  EKtot   =      4899.3374  EPtot      =    -30779.0088
 BOND   =        40.5963  ANGLE   =        97.0096  DIHED      =       132.4249
 1-4 NB =        76.5303  1-4 EEL =        65.0126  VDWAALS    =      4705.7156
 EELEC  =    -35901.8547  EHBOND  =         0.0000  RESTRAINT  =         5.5565
 EAMBER (non-restraint)  =    -30784.5653
 EKCMT  =         0.0000  VIRIAL  =         0.0000  VOLUME     =    121340.0465
                                                    Density    =         0.7794
 ------------------------------------------------------------------------------

 NMR restraints: Bond =    1.039   Angle =     2.812   Torsion =     0.787
===============================================================================
| MC Barostat: Increasing size of volume moves

 NSTEP =     1000   TIME(PS) =       2.000  TEMP(K) =   282.07  PRESS =     0.0
 Etot   =    -25210.4902  EKtot   =      5213.5029  EPtot      =    -30423.9932
 BOND   =        49.4452  ANGLE   =       101.3111  DIHED      =       136.5855
 1-4 NB =        74.7185  1-4 EEL =        65.8964  VDWAALS    =      4590.6812
 EELEC  =    -35448.1689  EHBOND  =         0.0000  RESTRAINT  =         5.5379
 EAMBER (non-restraint)  =    -30429.5311
 EKCMT  =         0.0000  VIRIAL  =         0.0000  VOLUME     =    118430.9776
                                                    Density    =         0.7985
 ------------------------------------------------------------------------------

 NMR restraints: Bond =    0.064   Angle =     4.057   Torsion =     0.697
===============================================================================

 NSTEP =     1500   TIME(PS) =       3.000  TEMP(K) =   288.02  PRESS =     0.0
 Etot   =    -24868.5059  EKtot   =      5323.3901  EPtot      =    -30191.8960
 BOND   =        48.9855  ANGLE   =       107.2612  DIHED      =       135.2611
 1-4 NB =        78.4440  1-4 EEL =        60.3331  VDWAALS    =      4054.0503
 EELEC  =    -34686.5390  EHBOND  =         0.0000  RESTRAINT  =        10.3080
 EAMBER (non-restraint)  =    -30202.2040
 EKCMT  =         0.0000  VIRIAL  =         0.0000  VOLUME     =    117527.8907
                                                    Density    =         0.8046
 ------------------------------------------------------------------------------

 NMR restraints: Bond =    1.114   Angle =     3.444   Torsion =     0.046
===============================================================================

 NSTEP =     2000   TIME(PS) =       4.000  TEMP(K) =   297.77  PRESS =     0.0
 Etot   =    -24676.6544  EKtot   =      5503.6201  EPtot      =    -30180.2745
 BOND   =        50.4420  ANGLE   =       100.8628  DIHED      =       130.8705
 1-4 NB =        80.0944  1-4 EEL =        65.0437  VDWAALS    =      4504.0937
 EELEC  =    -35116.1881  EHBOND  =         0.0000  RESTRAINT  =         4.5064
 EAMBER (non-restraint)  =    -30184.7809
 EKCMT  =         0.0000  VIRIAL  =         0.0000  VOLUME     =    115242.6477
                                                    Density    =         0.8206
 ------------------------------------------------------------------------------

 NMR restraints: Bond =    1.737   Angle =     1.307   Torsion =     0.346
===============================================================================

 NSTEP =     2500   TIME(PS) =       5.000  TEMP(K) =   297.38  PRESS =     0.0
 Etot   =    -24736.6046  EKtot   =      5496.4604  EPtot      =    -30233.0650
 BOND   =        50.2240  ANGLE   =        98.1552  DIHED      =       129.3037
 1-4 NB =        80.2099  1-4 EEL =        64.5731  VDWAALS    =      4257.8761
 EELEC  =    -34919.6527  EHBOND  =         0.0000  RESTRAINT  =         6.2458
 EAMBER (non-restraint)  =    -30239.3108
 EKCMT  =         0.0000  VIRIAL  =         0.0000  VOLUME     =    113528.4407
                                                    Density    =         0.8330
 ------------------------------------------------------------------------------

 NMR restraints: Bond =    1.371   Angle =     1.126   Torsion =     0.287
===============================================================================

 NSTEP =     3000   TIME(PS) =       6.000  TEMP(K) =   295.84  PRESS =     0.0
 Etot   =    -24740.5415  EKtot   =      5468.0469  EPtot      =    -30208.5884
 BOND   =        46.8037  ANGLE   =       101.8807  DIHED      =       130.1205
 1-4 NB =        77.5913  1-4 EEL =        64.9736  VDWAALS    =      4482.4550
 EELEC  =    -35120.8227  EHBOND  =         0.0000  RESTRAINT  =         8.4095
 EAMBER (non-restraint)  =    -30216.9979
 EKCMT  =         0.0000  VIRIAL  =         0.0000  VOLUME     =    111689.3586
                                                    Density    =         0.8467
 ------------------------------------------------------------------------------

 NMR restraints: Bond =    2.698   Angle =     3.181   Torsion =     0.274
===============================================================================

 NSTEP =     3500   TIME(PS) =       7.000  TEMP(K) =   301.97  PRESS =     0.0
 Etot   =    -24623.0808  EKtot   =      5581.2251  EPtot      =    -30204.3059
 BOND   =        55.3132  ANGLE   =        94.6347  DIHED      =       135.6883
 1-4 NB =        76.1288  1-4 EEL =        66.7355  VDWAALS    =      4173.3923
 EELEC  =    -34812.3056  EHBOND  =         0.0000  RESTRAINT  =         6.1069
 EAMBER (non-restraint)  =    -30210.4128
 EKCMT  =         0.0000  VIRIAL  =         0.0000  VOLUME     =    111603.7034
                                                    Density    =         0.8474
 ------------------------------------------------------------------------------

 NMR restraints: Bond =    1.028   Angle =     1.912   Torsion =     0.281
===============================================================================

 NSTEP =     4000   TIME(PS) =       8.000  TEMP(K) =   298.81  PRESS =     0.0
 Etot   =    -24856.3888  EKtot   =      5522.9233  EPtot      =    -30379.3122
 BOND   =        52.8256  ANGLE   =       124.2369  DIHED      =       128.4974
 1-4 NB =        78.4795  1-4 EEL =        61.0420  VDWAALS    =      4189.9635
 EELEC  =    -35018.9866  EHBOND  =         0.0000  RESTRAINT  =         4.6295
 EAMBER (non-restraint)  =    -30383.9417
 EKCMT  =         0.0000  VIRIAL  =         0.0000  VOLUME     =    110915.4624
                                                    Density    =         0.8526
 ------------------------------------------------------------------------------

 NMR restraints: Bond =    1.018   Angle =     1.057   Torsion =     0.510
===============================================================================

 NSTEP =     4500   TIME(PS) =       9.000  TEMP(K) =   296.82  PRESS =     0.0
 Etot   =    -24967.0029  EKtot   =      5486.0562  EPtot      =    -30453.0591
 BOND   =        66.0188  ANGLE   =       127.7700  DIHED      =       127.6914
 1-4 NB =        72.1011  1-4 EEL =        63.7594  VDWAALS    =      4393.9737
 EELEC  =    -35311.9454  EHBOND  =         0.0000  RESTRAINT  =         7.5719
 EAMBER (non-restraint)  =    -30460.6309
 EKCMT  =         0.0000  VIRIAL  =         0.0000  VOLUME     =    109552.9463
                                                    Density    =         0.8632
 ------------------------------------------------------------------------------

 NMR restraints: Bond =    1.033   Angle =     2.134   Torsion =     0.490
===============================================================================

 NSTEP =     5000   TIME(PS) =      10.000  TEMP(K) =   295.19  PRESS =     0.0
 Etot   =    -25150.5780  EKtot   =      5456.0269  EPtot      =    -30606.6048
 BOND   =        60.0356  ANGLE   =       101.9702  DIHED      =       129.2629
 1-4 NB =        77.7312  1-4 EEL =        69.4717  VDWAALS    =      4221.9567
 EELEC  =    -35272.1806  EHBOND  =         0.0000  RESTRAINT  =         5.1474
 EAMBER (non-restraint)  =    -30611.7523
 EKCMT  =         0.0000  VIRIAL  =         0.0000  VOLUME     =    108628.7507
                                                    Density    =         0.8706
 ------------------------------------------------------------------------------

 NMR restraints: Bond =    0.947   Angle =     1.480   Torsion =     0.743
===============================================================================

 NSTEP =     5500   TIME(PS) =      11.000  TEMP(K) =   293.91  PRESS =     0.0
 Etot   =    -25151.9175  EKtot   =      5432.2085  EPtot      =    -30584.1260
 BOND   =        51.6805  ANGLE   =       108.2484  DIHED      =       128.4836
 1-4 NB =        77.2047  1-4 EEL =        61.8664  VDWAALS    =      4325.5824
 EELEC  =    -35343.2481  EHBOND  =         0.0000  RESTRAINT  =         6.0561
 EAMBER (non-restraint)  =    -30590.1822
 EKCMT  =         0.0000  VIRIAL  =         0.0000  VOLUME     =    106747.7729
                                                    Density    =         0.8859
 ------------------------------------------------------------------------------

 NMR restraints: Bond =    0.886   Angle =     1.990   Torsion =     0.215
===============================================================================

 NSTEP =     6000   TIME(PS) =      12.000  TEMP(K) =   297.88  PRESS =     0.0
 Etot   =    -25124.5436  EKtot   =      5505.5957  EPtot      =    -30630.1393
 BOND   =        48.6368  ANGLE   =       104.5485  DIHED      =       130.6091
 1-4 NB =        76.4123  1-4 EEL =        63.3092  VDWAALS    =      4270.1098
 EELEC  =    -35330.3596  EHBOND  =         0.0000  RESTRAINT  =         6.5946
 EAMBER (non-restraint)  =    -30636.7339
 EKCMT  =         0.0000  VIRIAL  =         0.0000  VOLUME     =    106914.9435
                                                    Density    =         0.8845
 ------------------------------------------------------------------------------

 NMR restraints: Bond =    0.279   Angle =     1.401   Torsion =     1.730
===============================================================================
