
          -------------------------------------------------------
          Amber 18 PMEMD                              2018
          -------------------------------------------------------

| PMEMD implementation of SANDER, Release 18

| Run on 05/02/2018 at 10:38:53

|   Executable path: pmemd.cuda
| Working directory: /oasis/tscc/scratch/davids4/SAMPLing-cut9/11499283.tscc-mgr.local
|          Hostname: tscc-gpu-9-0.sdsc.edu

  [-O]verwriting output

File Assignments:
|   MDIN: minimize.in                                                           
|  MDOUT: minimize.out                                                          
| INPCRD: solvate.rst7                                                          
|   PARM: solvate.prmtop                                                        
| RESTRT: minimize.rst7                                                         
|   REFC: solvate.rst7                                                          
|  MDVEL: mdvel                                                                 
|   MDEN: mden                                                                  
|  MDCRD: mdcrd                                                                 
| MDINFO: minimize.mdinfo                                                       
|  MDFRC: mdfrc                                                                 


 Here is the input file:

PBC Minimization                                                               
 &cntrl                                                                        
  imin =          1,                                                           
  ntx =           1,                                                           
  irest =         0,                                                           
  maxcyc =        500,                                                         
  ncyc =          400,                                                         
  dt =            0.0,                                                         
  nstlim =        0,                                                           
  ntpr =          100,                                                         
  ntwe =          0,                                                           
  ntwr =          5000,                                                        
  ntwx =          0,                                                           
  ntxo =          1,                                                           
  ioutfm =        1,                                                           
  ntf =           1,                                                           
  ntc =           1,                                                           
  cut =           9.0,                                                         
  igb =           0,                                                           
  tempi =         298.15,                                                      
  temp0 =         298.15,                                                      
  ntt =           0,                                                           
  gamma_ln =      0.0,                                                         
  ig =            0,                                                           
  ntp =           0,                                                           
  barostat =      0,                                                           
  ntr =           1,                                                           
  restraint_wt =  50.0,                                                        
  restraintmask = '@DUM',                                                      
  nmropt =        1,                                                           
  pencut =        -1,                                                          
 /                                                                             
 &wt type = 'END', /                                                           
DISANG = disang.rest                                                           
LISTOUT = POUT                                                                 
                                                                               


| irandom = 1, using AMBER's internal random number generator (default).
 
|--------------------- INFORMATION ----------------------
| GPU (CUDA) Version of PMEMD in use: NVIDIA GPU IN USE.
|                    Version 18.0.0
| 
|                      03/25/2018
| 
| Implementation by:
|                    Ross C. Walker     (SDSC)
|                    Scott Le Grand     (nVIDIA)
| 
| Version 18 performance extensions by:
|                    David Cerutti     (Rutgers)
| 
| Precision model in use:
|      [SPFP] - Single Precision Forces, 64-bit Fixed Point
|               Accumulation. (Default)
| 
|--------------------------------------------------------
 
|----------------- CITATION INFORMATION -----------------
|
|    When publishing work that utilized the CUDA version
|    of AMBER, please cite the following in addition to
|    the regular AMBER citations:
|
|  - Romelia Salomon-Ferrer; Andreas W. Goetz; Duncan
|    Poole; Scott Le Grand; Ross C. Walker "Routine
|    microsecond molecular dynamics simulations with
|    AMBER - Part II: Particle Mesh Ewald", J. Chem.
|    Theory Comput., 2013, 9 (9), pp3878-3888,
|    DOI: 10.1021/ct400314y.
|
|  - Andreas W. Goetz; Mark J. Williamson; Dong Xu;
|    Duncan Poole; Scott Le Grand; Ross C. Walker
|    "Routine microsecond molecular dynamics simulations
|    with AMBER - Part I: Generalized Born", J. Chem.
|    Theory Comput., 2012, 8 (5), pp1542-1555.
|
|  - Scott Le Grand; Andreas W. Goetz; Ross C. Walker
|    "SPFP: Speed without compromise - a mixed precision
|    model for GPU accelerated molecular dynamics
|    simulations.", Comp. Phys. Comm., 2013, 184
|    pp374-380, DOI: 10.1016/j.cpc.2012.09.022
|
|--------------------------------------------------------
 
|------------------- GPU DEVICE INFO --------------------
|
|            CUDA_VISIBLE_DEVICES: 4
|   CUDA Capable Devices Detected:      1
|           CUDA Device ID in use:      0
|                CUDA Device Name: GeForce GTX TITAN X
|     CUDA Device Global Mem Size:  12207 MB
| CUDA Device Num Multiprocessors:     24
|           CUDA Device Core Freq:   1.08 GHz
|
|--------------------------------------------------------
 
 
| Conditional Compilation Defines Used:
| PUBFFT
| BINTRAJ
| CUDA
| EMIL

| Largest sphere to fit in unit cell has radius =    21.886

| New format PARM file being parsed.
| Version =    1.000 Date = 04/23/18 Time = 20:21:23

| Note: 1-4 EEL scale factors are being read from the topology file.

| Note: 1-4 VDW scale factors are being read from the topology file.
| Duplicated    0 dihedrals

| Duplicated    0 dihedrals

--------------------------------------------------------------------------------
   1.  RESOURCE   USE: 
--------------------------------------------------------------------------------

 getting new box info from bottom of inpcrd
 NATOM  =    9223 NTYPES =      11 NBONH =    9067 MBONA  =     155
 NTHETH =     153 MTHETA =     232 NPHIH =     345 MPHIA  =     366
 NHPARM =       0 NPARM  =       0 NNB   =   13221 NRES   =    3022
 NBONA  =     155 NTHETA =     232 NPHIA =     366 NUMBND =      13
 NUMANG =      22 NPTRA  =      15 NATYP =      13 NPHB   =       0
 IFBOX  =       1 NMXRS  =     184 IFCAP =       0 NEXTRA =       0
 NCOPY  =       0

| Coordinate Index Table dimensions:     9    8   12
| Direct force subcell size =     5.1790    5.4715    5.1664

     BOX TYPE: RECTILINEAR

--------------------------------------------------------------------------------
   2.  CONTROL  DATA  FOR  THE  RUN
--------------------------------------------------------------------------------

default_name                                                                    

General flags:
     imin    =       1, nmropt  =       1

Nature and format of input:
     ntx     =       1, irest   =       0, ntrx    =       1

Nature and format of output:
     ntxo    =       1, ntpr    =     100, ntrx    =       1, ntwr    =       1
     iwrap   =       0, ntwx    =       0, ntwv    =       0, ntwe    =       0
     ioutfm  =       1, ntwprt  =       0, idecomp =       0, rbornstat=      0

Potential function:
     ntf     =       1, ntb     =       1, igb     =       0, nsnb    =      25
     ipol    =       0, gbsa    =       0, iesp    =       0
     dielc   =   1.00000, cut     =   9.00000, intdiel =   1.00000

Frozen or restrained atoms:
     ibelly  =       0, ntr     =       1
     restraint_wt =  50.00000

Energy minimization:
     maxcyc  =     500, ncyc    =     400, ntmin   =       1
     dx0     =   0.01000, drms    =   0.00010

NMR refinement options:
     iscale  =       0, noeskp  =       1, ipnlty  =       1, mxsub   =       1
     scalm   = 100.00000, pencut  =  -1.00000, tausw   =   0.10000

| Intermolecular bonds treatment:
|     no_intermolecular_bonds =       1

| Energy averages sample interval:
|     ene_avg_sampling =       1

Ewald parameters:
     verbose =       0, ew_type =       0, nbflag  =       1, use_pme =       1
     vdwmeth =       1, eedmeth =       1, netfrc  =       0
     Box X =   46.611   Box Y =   43.772   Box Z =   61.996
     Alpha =   90.000   Beta  =   90.000   Gamma =   90.000
     NFFT1 =   48       NFFT2 =   48       NFFT3 =   64
     Cutoff=    9.000   Tol   =0.100E-04
     Ewald Coefficient =  0.30768
     Interpolation order =    4

    LOADING THE CONSTRAINED ATOMS AS GROUPS


   5.  REFERENCE ATOM COORDINATES

  default_name                                                                    
     Mask @DUM; matches     3 atoms

--------------------------------------------------------------------------------
   3.  ATOMIC COORDINATES AND VELOCITIES
--------------------------------------------------------------------------------

default_name                                                                    
 begin time read from input coords =     0.000 ps



           Begin reading energy term weight changes/NMR restraints
 WEIGHT CHANGES:
                         ** No weight changes given **

 RESTRAINTS:
 Requested file redirections:
  DISANG    = disang.rest
  LISTOUT   = POUT
 Restraints will be read from file: disang.rest
Here are comments from the DISANG input file:

                       Number of restraints read =     9

                  Done reading weight changes/NMR restraints


 
 Number of triangulated 3-point waters found:     3000

     Sum of charges from parm topology file =   0.00000002
     Forcing neutrality...

| Dynamic Memory, Types Used:
| Reals              372848
| Integers           259810

| Nonbonded Pairs Initial Allocation:     2102844

| GPU memory information (estimate):
| KB of GPU memory in use:         0
| KB of CPU memory in use:         0

--------------------------------------------------------------------------------
   4.  RESULTS
--------------------------------------------------------------------------------



   NSTEP       ENERGY          RMS            GMAX         NAME    NUMBER
      1      -2.4455E+04     1.3096E+01     1.4445E+02     Cl-       221

 BOND    =       40.4304  ANGLE   =      108.6473  DIHED      =      137.5324
 VDWAALS =     3086.8342  EEL     =   -27987.7027  HBOND      =        0.0000
 1-4 VDW =       80.3698  1-4 EEL =       61.0684  RESTRAINT  =       18.0968
 EAMBER  =   -24472.8201
 NMR restraints: Bond =    0.000   Angle =    18.097   Torsion =     0.000
===============================================================================


   NSTEP       ENERGY          RMS            GMAX         NAME    NUMBER
    100      -3.2269E+04     1.6909E+00     1.8037E+01     C84       104

 BOND    =     1760.0631  ANGLE   =       42.5080  DIHED      =      107.1950
 VDWAALS =     3461.4810  EEL     =   -37783.2904  HBOND      =        0.0000
 1-4 VDW =       71.6480  1-4 EEL =       61.9046  RESTRAINT  =        9.7153
 EAMBER  =   -32278.4908
 NMR restraints: Bond =    0.004   Angle =     9.654   Torsion =     0.016
===============================================================================


   NSTEP       ENERGY          RMS            GMAX         NAME    NUMBER
    200      -3.3541E+04     2.0632E+00     6.0724E+01     C84       104

 BOND    =     2108.9455  ANGLE   =       47.4107  DIHED      =      105.5523
 VDWAALS =     4023.8677  EEL     =   -39964.2607  HBOND      =        0.0000
 1-4 VDW =       69.4342  1-4 EEL =       61.0103  RESTRAINT  =        6.9148
 EAMBER  =   -33548.0399
 NMR restraints: Bond =    0.004   Angle =     6.872   Torsion =     0.009
===============================================================================


   NSTEP       ENERGY          RMS            GMAX         NAME    NUMBER
    300      -3.4318E+04     1.7808E+00     7.1485E+01     C88       109

 BOND    =     2140.4305  ANGLE   =       49.1506  DIHED      =      105.4680
 VDWAALS =     4510.7824  EEL     =   -41258.2636  HBOND      =        0.0000
 1-4 VDW =       68.2861  1-4 EEL =       60.5032  RESTRAINT  =        5.7328
 EAMBER  =   -34323.6429
 NMR restraints: Bond =    0.016   Angle =     5.681   Torsion =     0.007
===============================================================================


   NSTEP       ENERGY          RMS            GMAX         NAME    NUMBER
    400      -3.4837E+04     1.5636E+00     1.3164E+02     C88       109

 BOND    =     2226.5019  ANGLE   =       49.9749  DIHED      =      105.3976
 VDWAALS =     4902.4686  EEL     =   -42254.4697  HBOND      =        0.0000
 1-4 VDW =       67.8184  1-4 EEL =       60.3811  RESTRAINT  =        4.9668
 EAMBER  =   -34841.9273
 NMR restraints: Bond =    0.049   Angle =     4.883   Torsion =     0.003
===============================================================================


   NSTEP       ENERGY          RMS            GMAX         NAME    NUMBER
    500      -3.6405E+04     1.5978E+00     6.9748E+01     C35        43

 BOND    =     2546.8933  ANGLE   =       58.9208  DIHED      =      110.2859
 VDWAALS =     6328.2419  EEL     =   -45578.2230  HBOND      =        0.0000
 1-4 VDW =       66.8275  1-4 EEL =       59.3154  RESTRAINT  =        2.7410
 EAMBER  =   -36407.7382
 NMR restraints: Bond =    0.575   Angle =     2.054   Torsion =     0.040
===============================================================================


  Maximum number of minimization cycles reached.


                    FINAL RESULTS



   NSTEP       ENERGY          RMS            GMAX         NAME    NUMBER
    500      -3.6405E+04     1.5978E+00     6.9748E+01     C35        43

 BOND    =     2546.8933  ANGLE   =       58.9208  DIHED      =      110.2859
 VDWAALS =     6328.2419  EEL     =   -45578.2230  HBOND      =        0.0000
 1-4 VDW =       66.8275  1-4 EEL =       59.3154  RESTRAINT  =        2.7410
 EAMBER  =   -36407.7382
 NMR restraints: Bond =    0.575   Angle =     2.054   Torsion =     0.040
===============================================================================
 ------------------------------------------------------------------------------


 Final Restraint Analysis for coords: minimize.rst7                           


 Restraints, deviations, and energy contributions:    pencut =   -1.00

 ------------------------------------------------------------------------------
     First atom        Last atom    curr. value target deviation  penalty
 ------------------------------------------------------------------------------
  DUM  DM1    3 --  C26  HST    1:    7.614    7.750    0.135    0.091 d    0: 0
  DUM  DM2    4 --  C26  HST    1:  148.126  147.987    0.139    0.001 a
  DUM  DM2    4 --  DUM  DM1    3:  149.443  149.371    0.072    0.000 t
  DUM  DM1    3 --  C18  HST    1:   63.540   62.345    1.195    0.044 a
  DUM  DM1    3 --  C26  HST    1:  136.406  136.885    0.479    0.007 t
  C26  HST    1 --  C18  HST    1:   70.399   71.445    1.045    0.033 t
  DUM  DM1    3 --  C6   GST    2:   12.409   12.098    0.311    0.484 d    0: 0
  DUM  DM2    4 --  C6   GST    2:  177.018  180.000    2.982    0.271 a
  DUM  DM1    3 --  C1   GST    2:  172.444  180.000    7.556    1.739 a
                                       Total distance penalty:      0.575
                                       Total angle    penalty:      2.054
                                       Total torsion  penalty:      0.040
 ------------------------------------------------------------------------------
--------------------------------------------------------------------------------
   5.  TIMINGS
--------------------------------------------------------------------------------

|  NonSetup CPU Time in Major Routines:
|
|     Routine           Sec        %
|     ------------------------------
|     Nonbond           0.27   46.58
|     Bond              0.00    0.00
|     Angle             0.00    0.00
|     Dihedral          0.00    0.00
|     Shake             0.00    0.00
|     Other             0.30   53.42
|     ------------------------------
|     Total             0.57

|  PME Nonbond Pairlist CPU Time:
|
|     Routine              Sec        %
|     ---------------------------------
|     Set Up Cit           0.00    0.00
|     Build List           0.00    0.00
|     ---------------------------------
|     Total                0.00    0.00

|  PME Direct Force CPU Time:
|
|     Routine              Sec        %
|     ---------------------------------
|     NonBonded Calc       0.00    0.00
|     Exclude Masked       0.00    0.00
|     Other                0.00    0.00
|     ---------------------------------
|     Total                0.00    0.00

|  PME Reciprocal Force CPU Time:
|
|     Routine              Sec        %
|     ---------------------------------
|     1D bspline           0.00    0.00
|     Grid Charges         0.00    0.00
|     Scalar Sum           0.00    0.00
|     Gradient Sum         0.00    0.00
|     FFT                  0.00    0.00
|     ---------------------------------
|     Total                0.00    0.00

|  Setup CPU time:            2.13 seconds
|  NonSetup CPU time:         0.57 seconds
|  Total CPU time:            2.71 seconds     0.00 hours

|  Setup wall time:           3    seconds
|  NonSetup wall time:        0    seconds
|  Total wall time:           3    seconds     0.00 hours
