2018-04-30 07:47:11 PM Started logging...
2018-04-30 07:47:11 PM 2018-04-27_16:08:13_-0700-3c20478-0.0.3
2018-04-30 07:47:11 PM Writing minimize.in
2018-04-30 07:47:11 PM Running Minimization at ./
2018-04-30 07:47:11 PM Exec line: pmemd.cuda -O -p solvate.prmtop -ref solvate.rst7 -c solvate.rst7 -i minimize.in -o minimize.out -r minimize.rst7 -inf minimize.mdinfo
2018-04-30 07:47:14 PM Minimization completed...
2018-04-30 07:47:14 PM Writing equil.000.in
2018-04-30 07:47:14 PM Running MD at ./
2018-04-30 07:47:14 PM Exec line: pmemd.cuda -O -p solvate.prmtop -ref solvate.rst7 -c minimize.rst7 -i equil.000.in -o equil.000.out -r equil.000.rst7 -x equil.000.nc -inf equil.000.mdinfo -e equil.000.mden
2018-04-30 07:47:22 PM STDOUT/STDERR received from AMBER execution
2018-04-30 07:47:22 PM b'ERROR: Calculation halted.  Periodic box dimensions have changed too much from their initial values.'
2018-04-30 07:47:22 PM b'  Your system density has likely changed by a large amount, probably from'
2018-04-30 07:47:22 PM b'  starting the simulation from a structure a long way from equilibrium.'
2018-04-30 07:47:22 PM b''
2018-04-30 07:47:22 PM b'  [Although this error can also occur if the simulation has blown up for some reason]'
2018-04-30 07:47:22 PM b''
2018-04-30 07:47:22 PM b'  The GPU code does not automatically reorganize grid cells and thus you'
2018-04-30 07:47:22 PM b'  will need to restart the calculation from the previous restart file.'
2018-04-30 07:47:22 PM b'  This will generate new grid cells and allow the calculation to continue.'
2018-04-30 07:47:22 PM b'  It may be necessary to repeat this restarting multiple times if your system'
2018-04-30 07:47:22 PM b'  is a long way from an equilibrated density.'
2018-04-30 07:47:22 PM b''
2018-04-30 07:47:22 PM b'  Alternatively you can run with the CPU code until the density has converged'
2018-04-30 07:47:22 PM b'  and then switch back to the GPU code.'
2018-04-30 07:47:22 PM b''
2018-04-30 07:47:22 PM Simulation did not complete when executing the following ....
2018-04-30 07:47:22 PM pmemd.cuda -O -p solvate.prmtop -ref solvate.rst7 -c minimize.rst7 -i equil.000.in -o equil.000.out -r equil.000.rst7 -x equil.000.nc -inf equil.000.mdinfo -e equil.000.mden
2018-04-30 07:47:22 PM Writing equil.001.in
2018-04-30 07:47:22 PM Running MD at ./
2018-04-30 07:47:22 PM Exec line: pmemd.cuda -O -p solvate.prmtop -ref equil.001.inpcrd -c equil.000.rst7 -i equil.001.in -o equil.001.out -r equil.001.rst7 -x equil.001.nc -inf equil.001.mdinfo -e equil.001.mden
2018-04-30 07:47:24 PM Simulation did not complete when executing the following ....
2018-04-30 07:47:24 PM pmemd.cuda -O -p solvate.prmtop -ref equil.001.inpcrd -c equil.000.rst7 -i equil.001.in -o equil.001.out -r equil.001.rst7 -x equil.001.nc -inf equil.001.mdinfo -e equil.001.mden
2018-04-30 07:47:24 PM Writing equil.002.in
2018-04-30 07:47:24 PM Running MD at ./
2018-04-30 07:47:24 PM Exec line: pmemd.cuda -O -p solvate.prmtop -ref equil.002.inpcrd -c equil.001.rst7 -i equil.002.in -o equil.002.out -r equil.002.rst7 -x equil.002.nc -inf equil.002.mdinfo -e equil.002.mden
2018-04-30 07:47:25 PM Simulation did not complete when executing the following ....
2018-04-30 07:47:25 PM pmemd.cuda -O -p solvate.prmtop -ref equil.002.inpcrd -c equil.001.rst7 -i equil.002.in -o equil.002.out -r equil.002.rst7 -x equil.002.nc -inf equil.002.mdinfo -e equil.002.mden
2018-04-30 07:47:25 PM Writing equil.003.in
2018-04-30 07:47:25 PM Running MD at ./
2018-04-30 07:47:25 PM Exec line: pmemd.cuda -O -p solvate.prmtop -ref equil.003.inpcrd -c equil.002.rst7 -i equil.003.in -o equil.003.out -r equil.003.rst7 -x equil.003.nc -inf equil.003.mdinfo -e equil.003.mden
2018-04-30 07:47:28 PM Simulation did not complete when executing the following ....
2018-04-30 07:47:28 PM pmemd.cuda -O -p solvate.prmtop -ref equil.003.inpcrd -c equil.002.rst7 -i equil.003.in -o equil.003.out -r equil.003.rst7 -x equil.003.nc -inf equil.003.mdinfo -e equil.003.mden
2018-04-30 07:47:28 PM Writing equil.004.in
2018-04-30 07:47:28 PM Running MD at ./
2018-04-30 07:47:28 PM Exec line: pmemd.cuda -O -p solvate.prmtop -ref equil.004.inpcrd -c equil.003.rst7 -i equil.004.in -o equil.004.out -r equil.004.rst7 -x equil.004.nc -inf equil.004.mdinfo -e equil.004.mden
2018-04-30 07:47:29 PM Simulation did not complete when executing the following ....
2018-04-30 07:47:29 PM pmemd.cuda -O -p solvate.prmtop -ref equil.004.inpcrd -c equil.003.rst7 -i equil.004.in -o equil.004.out -r equil.004.rst7 -x equil.004.nc -inf equil.004.mdinfo -e equil.004.mden
2018-04-30 07:47:29 PM Writing equil.005.in
2018-04-30 07:47:29 PM Running MD at ./
2018-04-30 07:47:29 PM Exec line: pmemd.cuda -O -p solvate.prmtop -ref equil.005.inpcrd -c equil.004.rst7 -i equil.005.in -o equil.005.out -r equil.005.rst7 -x equil.005.nc -inf equil.005.mdinfo -e equil.005.mden
2018-04-30 07:47:30 PM Simulation did not complete when executing the following ....
2018-04-30 07:47:30 PM pmemd.cuda -O -p solvate.prmtop -ref equil.005.inpcrd -c equil.004.rst7 -i equil.005.in -o equil.005.out -r equil.005.rst7 -x equil.005.nc -inf equil.005.mdinfo -e equil.005.mden
2018-04-30 07:47:30 PM Writing equil.006.in
2018-04-30 07:47:30 PM Running MD at ./
2018-04-30 07:47:30 PM Exec line: pmemd.cuda -O -p solvate.prmtop -ref equil.006.inpcrd -c equil.005.rst7 -i equil.006.in -o equil.006.out -r equil.006.rst7 -x equil.006.nc -inf equil.006.mdinfo -e equil.006.mden
2018-04-30 07:47:32 PM Simulation did not complete when executing the following ....
2018-04-30 07:47:32 PM pmemd.cuda -O -p solvate.prmtop -ref equil.006.inpcrd -c equil.005.rst7 -i equil.006.in -o equil.006.out -r equil.006.rst7 -x equil.006.nc -inf equil.006.mdinfo -e equil.006.mden
2018-04-30 07:47:32 PM Writing equil.007.in
2018-04-30 07:47:32 PM Running MD at ./
2018-04-30 07:47:32 PM Exec line: pmemd.cuda -O -p solvate.prmtop -ref equil.007.inpcrd -c equil.006.rst7 -i equil.007.in -o equil.007.out -r equil.007.rst7 -x equil.007.nc -inf equil.007.mdinfo -e equil.007.mden
2018-04-30 07:47:33 PM Simulation did not complete when executing the following ....
2018-04-30 07:47:33 PM pmemd.cuda -O -p solvate.prmtop -ref equil.007.inpcrd -c equil.006.rst7 -i equil.007.in -o equil.007.out -r equil.007.rst7 -x equil.007.nc -inf equil.007.mdinfo -e equil.007.mden
2018-04-30 07:47:33 PM Writing equil.008.in
2018-04-30 07:47:33 PM Running MD at ./
2018-04-30 07:47:33 PM Exec line: pmemd.cuda -O -p solvate.prmtop -ref equil.008.inpcrd -c equil.007.rst7 -i equil.008.in -o equil.008.out -r equil.008.rst7 -x equil.008.nc -inf equil.008.mdinfo -e equil.008.mden
2018-04-30 07:47:35 PM Simulation did not complete when executing the following ....
2018-04-30 07:47:35 PM pmemd.cuda -O -p solvate.prmtop -ref equil.008.inpcrd -c equil.007.rst7 -i equil.008.in -o equil.008.out -r equil.008.rst7 -x equil.008.nc -inf equil.008.mdinfo -e equil.008.mden
2018-04-30 07:47:35 PM Writing equil.009.in
2018-04-30 07:47:35 PM Running MD at ./
2018-04-30 07:47:35 PM Exec line: pmemd.cuda -O -p solvate.prmtop -ref equil.009.inpcrd -c equil.008.rst7 -i equil.009.in -o equil.009.out -r equil.009.rst7 -x equil.009.nc -inf equil.009.mdinfo -e equil.009.mden
2018-04-30 07:47:36 PM Simulation did not complete when executing the following ....
2018-04-30 07:47:36 PM pmemd.cuda -O -p solvate.prmtop -ref equil.009.inpcrd -c equil.008.rst7 -i equil.009.in -o equil.009.out -r equil.009.rst7 -x equil.009.nc -inf equil.009.mdinfo -e equil.009.mden
2018-04-30 07:47:36 PM Writing prod.000.in
2018-04-30 07:47:36 PM Running MD at ./
2018-04-30 07:47:36 PM Exec line: pmemd.cuda -O -p solvate.prmtop -ref solvate.rst7 -c equil.rst7 -i prod.000.in -o prod.000.out -r prod.000.rst7 -x prod.000.nc -inf prod.000.mdinfo -e prod.000.mden
2018-04-30 07:47:37 PM Simulation did not complete when executing the following ....
2018-04-30 07:47:37 PM pmemd.cuda -O -p solvate.prmtop -ref solvate.rst7 -c equil.rst7 -i prod.000.in -o prod.000.out -r prod.000.rst7 -x prod.000.nc -inf prod.000.mdinfo -e prod.000.mden
2018-04-30 10:15:35 PM Started logging...
2018-04-30 10:15:35 PM 2018-04-30_14:45:29_-0700-dff30ec-0.0.3
2018-04-30 10:15:35 PM Completed output detected ... Skipping. Use: run(overwrite=True) to overwrite
2018-04-30 10:15:35 PM Writing equil.000.in
2018-04-30 10:15:35 PM Running MD at ./
2018-04-30 10:15:35 PM Exec line: pmemd.cuda -O -p solvate.prmtop -ref solvate.rst7 -c minimize.rst7 -i equil.000.in -o equil.000.out -r equil.000.rst7 -x equil.000.nc -inf equil.000.mdinfo -e equil.000.mden
2018-04-30 10:15:44 PM STDOUT/STDERR received from AMBER execution
2018-04-30 10:15:44 PM b'ERROR: Calculation halted.  Periodic box dimensions have changed too much from their initial values.'
2018-04-30 10:15:44 PM b'  Your system density has likely changed by a large amount, probably from'
2018-04-30 10:15:44 PM b'  starting the simulation from a structure a long way from equilibrium.'
2018-04-30 10:15:44 PM b''
2018-04-30 10:15:44 PM b'  [Although this error can also occur if the simulation has blown up for some reason]'
2018-04-30 10:15:44 PM b''
2018-04-30 10:15:44 PM b'  The GPU code does not automatically reorganize grid cells and thus you'
2018-04-30 10:15:44 PM b'  will need to restart the calculation from the previous restart file.'
2018-04-30 10:15:44 PM b'  This will generate new grid cells and allow the calculation to continue.'
2018-04-30 10:15:44 PM b'  It may be necessary to repeat this restarting multiple times if your system'
2018-04-30 10:15:44 PM b'  is a long way from an equilibrated density.'
2018-04-30 10:15:44 PM b''
2018-04-30 10:15:44 PM b'  Alternatively you can run with the CPU code until the density has converged'
2018-04-30 10:15:44 PM b'  and then switch back to the GPU code.'
2018-04-30 10:15:44 PM b''
2018-04-30 10:15:44 PM Simulation did not complete when executing the following ....
2018-04-30 10:15:44 PM pmemd.cuda -O -p solvate.prmtop -ref solvate.rst7 -c minimize.rst7 -i equil.000.in -o equil.000.out -r equil.000.rst7 -x equil.000.nc -inf equil.000.mdinfo -e equil.000.mden
2018-04-30 10:15:44 PM Writing equil.001.in
2018-04-30 10:15:44 PM Running MD at ./
2018-04-30 10:15:44 PM Exec line: pmemd.cuda -O -p solvate.prmtop -ref solvate.rst7 -c equil.000.rst7 -i equil.001.in -o equil.001.out -r equil.001.rst7 -x equil.001.nc -inf equil.001.mdinfo -e equil.001.mden
2018-04-30 10:21:21 PM MD completed ...
2018-04-30 10:21:21 PM Writing prod.000.in
2018-04-30 10:21:21 PM Running MD at ./
2018-04-30 10:21:21 PM Exec line: pmemd.cuda -O -p solvate.prmtop -ref solvate.rst7 -c equil.rst7 -i prod.000.in -o prod.000.out -r prod.000.rst7 -x prod.000.nc -inf prod.000.mdinfo -e prod.000.mden
2018-04-30 10:25:34 PM MD completed ...
2018-04-30 10:25:34 PM Writing prod.001.in
2018-04-30 10:25:34 PM Running MD at ./
2018-04-30 10:25:34 PM Exec line: pmemd.cuda -O -p solvate.prmtop -ref solvate.rst7 -c prod.000.rst7 -i prod.001.in -o prod.001.out -r prod.001.rst7 -x prod.001.nc -inf prod.001.mdinfo -e prod.001.mden
2018-04-30 10:29:48 PM MD completed ...
2018-04-30 10:29:48 PM Writing prod.002.in
2018-04-30 10:29:48 PM Running MD at ./
2018-04-30 10:29:48 PM Exec line: pmemd.cuda -O -p solvate.prmtop -ref solvate.rst7 -c prod.001.rst7 -i prod.002.in -o prod.002.out -r prod.002.rst7 -x prod.002.nc -inf prod.002.mdinfo -e prod.002.mden
2018-04-30 10:34:00 PM MD completed ...
2018-04-30 10:34:00 PM Writing prod.003.in
2018-04-30 10:34:00 PM Running MD at ./
2018-04-30 10:34:00 PM Exec line: pmemd.cuda -O -p solvate.prmtop -ref solvate.rst7 -c prod.002.rst7 -i prod.003.in -o prod.003.out -r prod.003.rst7 -x prod.003.nc -inf prod.003.mdinfo -e prod.003.mden
2018-04-30 10:38:13 PM MD completed ...
2018-04-30 10:38:13 PM Writing prod.004.in
2018-04-30 10:38:13 PM Running MD at ./
2018-04-30 10:38:13 PM Exec line: pmemd.cuda -O -p solvate.prmtop -ref solvate.rst7 -c prod.003.rst7 -i prod.004.in -o prod.004.out -r prod.004.rst7 -x prod.004.nc -inf prod.004.mdinfo -e prod.004.mden
2018-04-30 10:42:27 PM MD completed ...
2018-05-01 07:48:11 AM Started logging...
2018-05-01 07:48:11 AM 2018-04-30_14:45:29_-0700-dff30ec-0.0.3
2018-05-01 07:48:11 AM Completed output detected ... Skipping. Use: run(overwrite=True) to overwrite
2018-05-01 07:48:11 AM Completed output detected ... Skipping. Use: run(overwrite=True) to overwrite
2018-05-01 07:48:11 AM Completed output detected ... Skipping. Use: run(overwrite=True) to overwrite
2018-05-01 07:48:11 AM Completed output detected ... Skipping. Use: run(overwrite=True) to overwrite
2018-05-01 07:48:11 AM Completed output detected ... Skipping. Use: run(overwrite=True) to overwrite
2018-05-01 07:48:11 AM Completed output detected ... Skipping. Use: run(overwrite=True) to overwrite
2018-05-02 12:43:56 PM Started logging...
2018-05-02 12:43:56 PM 2018-04-30_14:45:29_-0700-dff30ec-0.0.3
2018-05-02 12:43:56 PM Writing minimize.in
2018-05-02 12:43:56 PM Running Minimization at ./
2018-05-02 12:43:56 PM Exec line: pmemd.cuda -O -p solvate.prmtop -ref solvate.rst7 -c solvate.rst7 -i minimize.in -o minimize.out -r minimize.rst7 -inf minimize.mdinfo
2018-05-02 12:44:00 PM Minimization completed...
2018-05-02 12:44:00 PM Writing equil.000.in
2018-05-02 12:44:00 PM Running MD at ./
2018-05-02 12:44:00 PM Exec line: pmemd.cuda -O -p solvate.prmtop -ref solvate.rst7 -c minimize.rst7 -i equil.000.in -o equil.000.out -r equil.000.rst7 -x equil.000.nc -inf equil.000.mdinfo -e equil.000.mden
2018-05-02 12:50:15 PM MD completed ...
2018-05-02 12:50:15 PM Writing prod.000.in
2018-05-02 12:50:15 PM Running MD at ./
2018-05-02 12:50:15 PM Exec line: pmemd.cuda -O -p solvate.prmtop -ref solvate.rst7 -c equil.rst7 -i prod.000.in -o prod.000.out -r prod.000.rst7 -x prod.000.nc -inf prod.000.mdinfo -e prod.000.mden
2018-05-02 12:54:59 PM MD completed ...
2018-05-02 12:54:59 PM Writing prod.001.in
2018-05-02 12:54:59 PM Running MD at ./
2018-05-02 12:54:59 PM Exec line: pmemd.cuda -O -p solvate.prmtop -ref solvate.rst7 -c prod.000.rst7 -i prod.001.in -o prod.001.out -r prod.001.rst7 -x prod.001.nc -inf prod.001.mdinfo -e prod.001.mden
2018-05-02 12:59:48 PM MD completed ...
2018-05-02 12:59:48 PM Writing prod.002.in
2018-05-02 12:59:48 PM Running MD at ./
2018-05-02 12:59:48 PM Exec line: pmemd.cuda -O -p solvate.prmtop -ref solvate.rst7 -c prod.001.rst7 -i prod.002.in -o prod.002.out -r prod.002.rst7 -x prod.002.nc -inf prod.002.mdinfo -e prod.002.mden
2018-05-02 01:04:34 PM MD completed ...
2018-05-02 01:04:34 PM Writing prod.003.in
2018-05-02 01:04:34 PM Running MD at ./
2018-05-02 01:04:34 PM Exec line: pmemd.cuda -O -p solvate.prmtop -ref solvate.rst7 -c prod.002.rst7 -i prod.003.in -o prod.003.out -r prod.003.rst7 -x prod.003.nc -inf prod.003.mdinfo -e prod.003.mden
2018-05-02 01:09:22 PM MD completed ...
2018-05-02 01:09:22 PM Writing prod.004.in
2018-05-02 01:09:22 PM Running MD at ./
2018-05-02 01:09:22 PM Exec line: pmemd.cuda -O -p solvate.prmtop -ref solvate.rst7 -c prod.003.rst7 -i prod.004.in -o prod.004.out -r prod.004.rst7 -x prod.004.nc -inf prod.004.mdinfo -e prod.004.mden
2018-05-02 01:14:09 PM MD completed ...
2018-05-04 10:08:41 AM Started logging...
2018-05-04 10:08:41 AM 2018-04-30_14:45:29_-0700-dff30ec-0.0.3
2018-05-04 10:08:41 AM Completed output detected ... Skipping. Use: run(overwrite=True) to overwrite
2018-05-04 10:08:41 AM Completed output detected ... Skipping. Use: run(overwrite=True) to overwrite
2018-05-04 10:08:41 AM Completed output detected ... Skipping. Use: run(overwrite=True) to overwrite
2018-05-04 10:08:41 AM Completed output detected ... Skipping. Use: run(overwrite=True) to overwrite
2018-05-04 10:08:41 AM Completed output detected ... Skipping. Use: run(overwrite=True) to overwrite
2018-05-04 10:08:41 AM Completed output detected ... Skipping. Use: run(overwrite=True) to overwrite
2018-05-04 10:08:41 AM Writing prod.005.in
2018-05-04 10:08:41 AM Running MD at ./
2018-05-04 10:08:41 AM Exec line: pmemd.cuda -O -p solvate.prmtop -ref solvate.rst7 -c prod.004.rst7 -i prod.005.in -o prod.005.out -r prod.005.rst7 -x prod.005.nc -inf prod.005.mdinfo -e prod.005.mden
2018-05-04 10:13:23 AM MD completed ...
2018-05-04 10:13:23 AM Writing prod.006.in
2018-05-04 10:13:23 AM Running MD at ./
2018-05-04 10:13:23 AM Exec line: pmemd.cuda -O -p solvate.prmtop -ref solvate.rst7 -c prod.005.rst7 -i prod.006.in -o prod.006.out -r prod.006.rst7 -x prod.006.nc -inf prod.006.mdinfo -e prod.006.mden
2018-05-04 10:18:03 AM MD completed ...
2018-05-04 10:18:03 AM Writing prod.007.in
2018-05-04 10:18:03 AM Running MD at ./
2018-05-04 10:18:03 AM Exec line: pmemd.cuda -O -p solvate.prmtop -ref solvate.rst7 -c prod.006.rst7 -i prod.007.in -o prod.007.out -r prod.007.rst7 -x prod.007.nc -inf prod.007.mdinfo -e prod.007.mden
2018-05-04 10:22:43 AM MD completed ...
2018-05-04 10:22:43 AM Writing prod.008.in
2018-05-04 10:22:43 AM Running MD at ./
2018-05-04 10:22:43 AM Exec line: pmemd.cuda -O -p solvate.prmtop -ref solvate.rst7 -c prod.007.rst7 -i prod.008.in -o prod.008.out -r prod.008.rst7 -x prod.008.nc -inf prod.008.mdinfo -e prod.008.mden
2018-05-04 10:27:24 AM MD completed ...
2018-05-04 10:27:24 AM Writing prod.009.in
2018-05-04 10:27:24 AM Running MD at ./
2018-05-04 10:27:24 AM Exec line: pmemd.cuda -O -p solvate.prmtop -ref solvate.rst7 -c prod.008.rst7 -i prod.009.in -o prod.009.out -r prod.009.rst7 -x prod.009.nc -inf prod.009.mdinfo -e prod.009.mden
2018-05-04 10:32:05 AM MD completed ...
2018-05-04 10:32:05 AM Writing prod.010.in
2018-05-04 10:32:05 AM Running MD at ./
2018-05-04 10:32:05 AM Exec line: pmemd.cuda -O -p solvate.prmtop -ref solvate.rst7 -c prod.009.rst7 -i prod.010.in -o prod.010.out -r prod.010.rst7 -x prod.010.nc -inf prod.010.mdinfo -e prod.010.mden
2018-05-04 10:36:46 AM MD completed ...
2018-05-04 10:36:46 AM Writing prod.011.in
2018-05-04 10:36:46 AM Running MD at ./
2018-05-04 10:36:46 AM Exec line: pmemd.cuda -O -p solvate.prmtop -ref solvate.rst7 -c prod.010.rst7 -i prod.011.in -o prod.011.out -r prod.011.rst7 -x prod.011.nc -inf prod.011.mdinfo -e prod.011.mden
2018-05-04 10:41:29 AM MD completed ...
2018-05-04 10:41:29 AM Writing prod.012.in
2018-05-04 10:41:29 AM Running MD at ./
2018-05-04 10:41:29 AM Exec line: pmemd.cuda -O -p solvate.prmtop -ref solvate.rst7 -c prod.011.rst7 -i prod.012.in -o prod.012.out -r prod.012.rst7 -x prod.012.nc -inf prod.012.mdinfo -e prod.012.mden
2018-05-04 10:46:11 AM MD completed ...
2018-05-04 10:46:11 AM Writing prod.013.in
2018-05-04 10:46:11 AM Running MD at ./
2018-05-04 10:46:11 AM Exec line: pmemd.cuda -O -p solvate.prmtop -ref solvate.rst7 -c prod.012.rst7 -i prod.013.in -o prod.013.out -r prod.013.rst7 -x prod.013.nc -inf prod.013.mdinfo -e prod.013.mden
2018-05-04 10:50:52 AM MD completed ...
2018-05-04 10:50:52 AM Writing prod.014.in
2018-05-04 10:50:52 AM Running MD at ./
2018-05-04 10:50:52 AM Exec line: pmemd.cuda -O -p solvate.prmtop -ref solvate.rst7 -c prod.013.rst7 -i prod.014.in -o prod.014.out -r prod.014.rst7 -x prod.014.nc -inf prod.014.mdinfo -e prod.014.mden
2018-05-04 10:55:33 AM MD completed ...
